ARM GAS  /tmp/ccICfVnl.s 			page 1


   1              		.cpu cortex-m0
   2              		.eabi_attribute 23, 1
   3              		.eabi_attribute 24, 1
   4              		.eabi_attribute 25, 1
   5              		.eabi_attribute 26, 1
   6              		.eabi_attribute 30, 4
   7              		.eabi_attribute 34, 0
   8              		.eabi_attribute 18, 4
   9              		.file	"main.c"
  10              		.text
  11              		.section	.rodata.periodic_timer_cb.str1.1,"aMS",%progbits,1
  12              	.LC0:
  13 0000 70657269 		.ascii	"periodic_timer_cb\012\000"
  13      6F646963 
  13      5F74696D 
  13      65725F63 
  13      620A00
  14              		.section	.text.periodic_timer_cb,"ax",%progbits
  15              		.align	1
  16              		.arch armv6s-m
  17              		.syntax unified
  18              		.code	16
  19              		.thumb_func
  20              		.fpu softvfp
  22              	periodic_timer_cb:
  23              		@ args = 0, pretend = 0, frame = 0
  24              		@ frame_needed = 0, uses_anonymous_args = 0
  25 0000 10B5     		push	{r4, lr}
  26 0002 0548     		ldr	r0, .L2
  27 0004 FFF7FEFF 		bl	hal_trace_print_var
  28              		@ sp needed
  29 0008 0122     		movs	r2, #1
  30 000a 044B     		ldr	r3, .L2+4
  31 000c 0448     		ldr	r0, .L2+8
  32 000e 1A70     		strb	r2, [r3]
  33 0010 FFF7FEFF 		bl	TimerStart
  34 0014 10BD     		pop	{r4, pc}
  35              	.L3:
  36 0016 C046     		.align	2
  37              	.L2:
  38 0018 00000000 		.word	.LC0
  39 001c 00000000 		.word	.LANCHOR0
  40 0020 00000000 		.word	.LANCHOR1
  42              		.section	.rodata.get_event.str1.1,"aMS",%progbits,1
  43              	.LC4:
  44 0000 494E464F 		.ascii	"INFO: Event received: RESET\012\000"
  44      3A204576 
  44      656E7420 
  44      72656365 
  44      69766564 
  45              	.LC6:
  46 001d 00       		.ascii	"\000"
  47              	.LC11:
  48 001e 494E464F 		.ascii	"INFO: Event received: ALARM\012\000"
  48      3A204576 
  48      656E7420 
  48      72656365 
ARM GAS  /tmp/ccICfVnl.s 			page 2


  48      69766564 
  49              	.LC13:
  50 003b 494E464F 		.ascii	"INFO: Event received: JOINED\012\000"
  50      3A204576 
  50      656E7420 
  50      72656365 
  50      69766564 
  51              	.LC15:
  52 0059 494E464F 		.ascii	"INFO: Modem is now joined \012\000"
  52      3A204D6F 
  52      64656D20 
  52      6973206E 
  52      6F77206A 
  53              	.LC17:
  54 0075 494E464F 		.ascii	"INFO: Send hello_world message \012\000"
  54      3A205365 
  54      6E642068 
  54      656C6C6F 
  54      5F776F72 
  55              	.LC21:
  56 0096 494E464F 		.ascii	"INFO: Event received: TXDONE\012\000"
  56      3A204576 
  56      656E7420 
  56      72656365 
  56      69766564 
  57              	.LC23:
  58 00b4 494E464F 		.ascii	"INFO: Transmission done \012\000"
  58      3A205472 
  58      616E736D 
  58      69737369 
  58      6F6E2064 
  59              	.LC26:
  60 00ce 494E464F 		.ascii	"INFO: Event received: DOWNDATA\012\000"
  60      3A204576 
  60      656E7420 
  60      72656365 
  60      69766564 
  61              	.LC30:
  62 00ee 44617461 		.ascii	"Data received on port %u\012\000"
  62      20726563 
  62      65697665 
  62      64206F6E 
  62      20706F72 
  63              	.LC32:
  64 0108 52656365 		.ascii	"Received payload\000"
  64      69766564 
  64      20706179 
  64      6C6F6164 
  64      00
  65              	.LC34:
  66 0119 2573202D 		.ascii	"%s - (%lu bytes):\012\000"
  66      2028256C 
  66      75206279 
  66      74657329 
  66      3A0A00
  67              	.LC36:
  68 012c 0A00     		.ascii	"\012\000"
ARM GAS  /tmp/ccICfVnl.s 			page 3


  69              	.LC38:
  70 012e 20253032 		.ascii	" %02X\000"
  70      5800
  71              	.LC40:
  72 0134 494E464F 		.ascii	"INFO: Event received: UPLOADDONE\012\000"
  72      3A204576 
  72      656E7420 
  72      72656365 
  72      69766564 
  73              	.LC42:
  74 0156 494E464F 		.ascii	"INFO: Event received: SETCONF\012\000"
  74      3A204576 
  74      656E7420 
  74      72656365 
  74      69766564 
  75              	.LC44:
  76 0175 494E464F 		.ascii	"INFO: Event received: MUTE\012\000"
  76      3A204576 
  76      656E7420 
  76      72656365 
  76      69766564 
  77              	.LC46:
  78 0191 494E464F 		.ascii	"INFO: Event received: STREAMDONE\012\000"
  78      3A204576 
  78      656E7420 
  78      72656365 
  78      69766564 
  79              	.LC48:
  80 01b3 494E464F 		.ascii	"INFO: Event received: JOINFAIL\012\000"
  80      3A204576 
  80      656E7420 
  80      72656365 
  80      69766564 
  81              	.LC50:
  82 01d3 5741524E 		.ascii	"WARN: Join request failed \012\000"
  82      3A204A6F 
  82      696E2072 
  82      65717565 
  82      73742066 
  83              	.LC52:
  84 01ef 494E464F 		.ascii	"INFO: Event received: TIME\012\000"
  84      3A204576 
  84      656E7420 
  84      72656365 
  84      69766564 
  85              	.LC54:
  86 020b 494E464F 		.ascii	"INFO: Event received: TIMEOUT_ADR_CHANGED\012\000"
  86      3A204576 
  86      656E7420 
  86      72656365 
  86      69766564 
  87              	.LC56:
  88 0236 494E464F 		.ascii	"INFO: Event received: NEW_LINK_ADR\012\000"
  88      3A204576 
  88      656E7420 
  88      72656365 
  88      69766564 
ARM GAS  /tmp/ccICfVnl.s 			page 4


  89              	.LC58:
  90 025a 494E464F 		.ascii	"INFO: Event received: LINK_CHECK\012\000"
  90      3A204576 
  90      656E7420 
  90      72656365 
  90      69766564 
  91              	.LC60:
  92 027c 494E464F 		.ascii	"INFO: Link check successfull\012\000"
  92      3A204C69 
  92      6E6B2063 
  92      6865636B 
  92      20737563 
  93              	.LC63:
  94 029a 494E464F 		.ascii	"INFO: Link check failed\012\000"
  94      3A204C69 
  94      6E6B2063 
  94      6865636B 
  94      20666169 
  95              	.LC65:
  96 02b3 494E464F 		.ascii	"INFO: Link check failed %d times, rejoin network\012"
  96      3A204C69 
  96      6E6B2063 
  96      6865636B 
  96      20666169 
  97 02e4 00       		.ascii	"\000"
  98              	.LC68:
  99 02e5 494E464F 		.ascii	"INFO: Event received: ALMANAC_UPDATE\012\000"
  99      3A204576 
  99      656E7420 
  99      72656365 
  99      69766564 
 100              	.LC70:
 101 030b 494E464F 		.ascii	"INFO: Event received: USER_RADIO_ACCESS\012\000"
 101      3A204576 
 101      656E7420 
 101      72656365 
 101      69766564 
 102              	.LC72:
 103 0334 494E464F 		.ascii	"INFO: Event received: CLASS_B_PING_SLOT_INFO\012\000"
 103      3A204576 
 103      656E7420 
 103      72656365 
 103      69766564 
 104              	.LC74:
 105 0362 494E464F 		.ascii	"INFO: Event received: CLASS_B_STATUS\012\000"
 105      3A204576 
 105      656E7420 
 105      72656365 
 105      69766564 
 106              	.LC76:
 107 0388 4552524F 		.ascii	"ERROR: Unknown event %u\012\000"
 107      523A2055 
 107      6E6B6E6F 
 107      776E2065 
 107      76656E74 
 108              	.LC19:
 109 03a1 68656C6C 		.ascii	"hello_world\000"
ARM GAS  /tmp/ccICfVnl.s 			page 5


 109      6F5F776F 
 109      726C6400 
 110              		.section	.text.get_event,"ax",%progbits
 111              		.align	1
 112              		.syntax unified
 113              		.code	16
 114              		.thumb_func
 115              		.fpu softvfp
 117              	get_event:
 118              		@ args = 0, pretend = 0, frame = 280
 119              		@ frame_needed = 0, uses_anonymous_args = 0
 120 0000 F0B5     		push	{r4, r5, r6, r7, lr}
 121 0002 C9B0     		sub	sp, sp, #292
 122              	.L30:
 123 0004 0B26     		movs	r6, #11
 124 0006 06AC     		add	r4, sp, #24
 125 0008 6E44     		add	r6, r6, sp
 126 000a 3100     		movs	r1, r6
 127 000c 2000     		movs	r0, r4
 128 000e FFF7FEFF 		bl	smtc_modem_get_event
 129 0012 6178     		ldrb	r1, [r4, #1]
 130 0014 724D     		ldr	r5, .L39
 131 0016 1429     		cmp	r1, #20
 132 0018 00D9     		bls	.LCB42
 133 001a DDE0     		b	.L5	@long jump
 134              	.LCB42:
 135 001c 0800     		movs	r0, r1
 136 001e FFF7FEFF 		bl	__gnu_thumb1_case_uqi
 137              	.L7:
 138 0022 0B       		.byte	(.L24-.L7)/2
 139 0023 27       		.byte	(.L23-.L7)/2
 140 0024 2C       		.byte	(.L22-.L7)/2
 141 0025 50       		.byte	(.L21-.L7)/2
 142 0026 60       		.byte	(.L20-.L7)/2
 143 0027 90       		.byte	(.L19-.L7)/2
 144 0028 92       		.byte	(.L18-.L7)/2
 145 0029 94       		.byte	(.L17-.L7)/2
 146 002a 96       		.byte	(.L16-.L7)/2
 147 002b DB       		.byte	(.L5-.L7)/2
 148 002c 98       		.byte	(.L15-.L7)/2
 149 002d DB       		.byte	(.L5-.L7)/2
 150 002e DB       		.byte	(.L5-.L7)/2
 151 002f A0       		.byte	(.L14-.L7)/2
 152 0030 A2       		.byte	(.L13-.L7)/2
 153 0031 A4       		.byte	(.L12-.L7)/2
 154 0032 A6       		.byte	(.L11-.L7)/2
 155 0033 D3       		.byte	(.L10-.L7)/2
 156 0034 D5       		.byte	(.L9-.L7)/2
 157 0035 D7       		.byte	(.L8-.L7)/2
 158 0036 D9       		.byte	(.L6-.L7)/2
 159 0037 00       		.p2align 1
 160              	.L24:
 161 0038 6A48     		ldr	r0, .L39+4
 162 003a FFF7FEFF 		bl	hal_trace_print_var
 163 003e 2800     		movs	r0, r5
 164 0040 FFF7FEFF 		bl	hal_trace_print_var
 165 0044 684C     		ldr	r4, .L39+8
ARM GAS  /tmp/ccICfVnl.s 			page 6


 166 0046 0020     		movs	r0, #0
 167 0048 2100     		movs	r1, r4
 168 004a FFF7FEFF 		bl	smtc_modem_set_deveui
 169 004e 6749     		ldr	r1, .L39+12
 170 0050 0020     		movs	r0, #0
 171 0052 FFF7FEFF 		bl	smtc_modem_set_joineui
 172 0056 0134     		adds	r4, r4, #1
 173 0058 6549     		ldr	r1, .L39+16
 174 005a 0020     		movs	r0, #0
 175 005c FFF7FEFF 		bl	smtc_modem_set_nwkkey
 176 0060 0020     		movs	r0, #0
 177 0062 E17F     		ldrb	r1, [r4, #31]
 178 0064 FFF7FEFF 		bl	smtc_modem_set_region
 179              	.L35:
 180 0068 0020     		movs	r0, #0
 181 006a FFF7FEFF 		bl	smtc_modem_join_network
 182 006e 23E0     		b	.L25
 183              	.L23:
 184 0070 6048     		ldr	r0, .L39+20
 185              	.L38:
 186 0072 FFF7FEFF 		bl	hal_trace_print_var
 187              	.L36:
 188 0076 2800     		movs	r0, r5
 189 0078 52E0     		b	.L37
 190              	.L22:
 191 007a 5F48     		ldr	r0, .L39+24
 192 007c FFF7FEFF 		bl	hal_trace_print_var
 193 0080 2800     		movs	r0, r5
 194 0082 FFF7FEFF 		bl	hal_trace_print_var
 195 0086 5D48     		ldr	r0, .L39+28
 196 0088 FFF7FEFF 		bl	hal_trace_print_var
 197 008c 2800     		movs	r0, r5
 198 008e FFF7FEFF 		bl	hal_trace_print_var
 199 0092 5B48     		ldr	r0, .L39+32
 200 0094 FFF7FEFF 		bl	hal_trace_print_var
 201 0098 2800     		movs	r0, r5
 202 009a FFF7FEFF 		bl	hal_trace_print_var
 203 009e 0C22     		movs	r2, #12
 204 00a0 5849     		ldr	r1, .L39+36
 205 00a2 03A8     		add	r0, sp, #12
 206 00a4 FFF7FEFF 		bl	memcpy
 207 00a8 0C23     		movs	r3, #12
 208 00aa 0022     		movs	r2, #0
 209 00ac 0093     		str	r3, [sp]
 210 00ae 6621     		movs	r1, #102
 211 00b0 1000     		movs	r0, r2
 212 00b2 03AB     		add	r3, sp, #12
 213 00b4 FFF7FEFF 		bl	smtc_modem_request_uplink
 214              	.L25:
 215 00b8 3378     		ldrb	r3, [r6]
 216 00ba 002B     		cmp	r3, #0
 217 00bc A2D1     		bne	.L30
 218 00be 49B0     		add	sp, sp, #292
 219              		@ sp needed
 220 00c0 F0BD     		pop	{r4, r5, r6, r7, pc}
 221              	.L21:
 222 00c2 5148     		ldr	r0, .L39+40
ARM GAS  /tmp/ccICfVnl.s 			page 7


 223 00c4 FFF7FEFF 		bl	hal_trace_print_var
 224 00c8 2800     		movs	r0, r5
 225 00ca FFF7FEFF 		bl	hal_trace_print_var
 226 00ce 4F48     		ldr	r0, .L39+44
 227 00d0 FFF7FEFF 		bl	hal_trace_print_var
 228 00d4 2800     		movs	r0, r5
 229 00d6 FFF7FEFF 		bl	hal_trace_print_var
 230 00da 0022     		movs	r2, #0
 231 00dc 4C4B     		ldr	r3, .L39+48
 232 00de 1A60     		str	r2, [r3]
 233 00e0 EAE7     		b	.L25
 234              	.L20:
 235 00e2 4C48     		ldr	r0, .L39+52
 236 00e4 FFF7FEFF 		bl	hal_trace_print_var
 237 00e8 2800     		movs	r0, r5
 238 00ea FFF7FEFF 		bl	hal_trace_print_var
 239 00ee 8923     		movs	r3, #137
 240 00f0 5B00     		lsls	r3, r3, #1
 241 00f2 6B44     		add	r3, r3, sp
 242 00f4 484F     		ldr	r7, .L39+56
 243 00f6 1A78     		ldrb	r2, [r3]
 244 00f8 484D     		ldr	r5, .L39+60
 245 00fa 08A9     		add	r1, sp, #32
 246 00fc 3800     		movs	r0, r7
 247 00fe 2A70     		strb	r2, [r5]
 248 0100 FFF7FEFF 		bl	memcpy
 249 0104 E179     		ldrb	r1, [r4, #7]
 250 0106 4648     		ldr	r0, .L39+64
 251 0108 FFF7FEFF 		bl	hal_trace_print_var
 252 010c 2A78     		ldrb	r2, [r5]
 253 010e 4549     		ldr	r1, .L39+68
 254 0110 4548     		ldr	r0, .L39+72
 255 0112 FFF7FEFF 		bl	hal_trace_print_var
 256 0116 0024     		movs	r4, #0
 257              	.L26:
 258 0118 2B78     		ldrb	r3, [r5]
 259 011a A342     		cmp	r3, r4
 260 011c 03D8     		bhi	.L28
 261 011e 4348     		ldr	r0, .L39+76
 262              	.L37:
 263 0120 FFF7FEFF 		bl	hal_trace_print_var
 264 0124 C8E7     		b	.L25
 265              	.L28:
 266 0126 0F23     		movs	r3, #15
 267 0128 1C42     		tst	r4, r3
 268 012a 04D1     		bne	.L27
 269 012c 002C     		cmp	r4, #0
 270 012e 02D0     		beq	.L27
 271 0130 3E48     		ldr	r0, .L39+76
 272 0132 FFF7FEFF 		bl	hal_trace_print_var
 273              	.L27:
 274 0136 395D     		ldrb	r1, [r7, r4]
 275 0138 3D48     		ldr	r0, .L39+80
 276 013a FFF7FEFF 		bl	hal_trace_print_var
 277 013e 0134     		adds	r4, r4, #1
 278 0140 EAE7     		b	.L26
 279              	.L19:
ARM GAS  /tmp/ccICfVnl.s 			page 8


 280 0142 3C48     		ldr	r0, .L39+84
 281 0144 95E7     		b	.L38
 282              	.L18:
 283 0146 3C48     		ldr	r0, .L39+88
 284 0148 93E7     		b	.L38
 285              	.L17:
 286 014a 3C48     		ldr	r0, .L39+92
 287 014c 91E7     		b	.L38
 288              	.L16:
 289 014e 3C48     		ldr	r0, .L39+96
 290 0150 8FE7     		b	.L38
 291              	.L15:
 292 0152 3C48     		ldr	r0, .L39+100
 293 0154 FFF7FEFF 		bl	hal_trace_print_var
 294 0158 2800     		movs	r0, r5
 295 015a FFF7FEFF 		bl	hal_trace_print_var
 296 015e 3A48     		ldr	r0, .L39+104
 297 0160 87E7     		b	.L38
 298              	.L14:
 299 0162 3A48     		ldr	r0, .L39+108
 300 0164 85E7     		b	.L38
 301              	.L13:
 302 0166 3A48     		ldr	r0, .L39+112
 303 0168 83E7     		b	.L38
 304              	.L12:
 305 016a 3A48     		ldr	r0, .L39+116
 306 016c 81E7     		b	.L38
 307              	.L11:
 308 016e 3A48     		ldr	r0, .L39+120
 309 0170 FFF7FEFF 		bl	hal_trace_print_var
 310 0174 2800     		movs	r0, r5
 311 0176 FFF7FEFF 		bl	hal_trace_print_var
 312 017a 2379     		ldrb	r3, [r4, #4]
 313 017c 374C     		ldr	r4, .L39+124
 314 017e 012B     		cmp	r3, #1
 315 0180 08D1     		bne	.L29
 316 0182 3748     		ldr	r0, .L39+128
 317 0184 FFF7FEFF 		bl	hal_trace_print_var
 318 0188 2800     		movs	r0, r5
 319 018a FFF7FEFF 		bl	hal_trace_print_var
 320 018e 0023     		movs	r3, #0
 321 0190 2360     		str	r3, [r4]
 322 0192 91E7     		b	.L25
 323              	.L29:
 324 0194 3348     		ldr	r0, .L39+132
 325 0196 FFF7FEFF 		bl	hal_trace_print_var
 326 019a 2800     		movs	r0, r5
 327 019c FFF7FEFF 		bl	hal_trace_print_var
 328 01a0 2368     		ldr	r3, [r4]
 329 01a2 591C     		adds	r1, r3, #1
 330 01a4 2160     		str	r1, [r4]
 331 01a6 0929     		cmp	r1, #9
 332 01a8 00D8     		bhi	.LCB269
 333 01aa 85E7     		b	.L25	@long jump
 334              	.LCB269:
 335 01ac 2E48     		ldr	r0, .L39+136
 336 01ae FFF7FEFF 		bl	hal_trace_print_var
ARM GAS  /tmp/ccICfVnl.s 			page 9


 337 01b2 2800     		movs	r0, r5
 338 01b4 FFF7FEFF 		bl	hal_trace_print_var
 339 01b8 0020     		movs	r0, #0
 340 01ba FFF7FEFF 		bl	smtc_modem_leave_network
 341 01be 0121     		movs	r1, #1
 342 01c0 2A48     		ldr	r0, .L39+140
 343 01c2 FFF7FEFF 		bl	led_set
 344 01c6 4FE7     		b	.L35
 345              	.L10:
 346 01c8 2948     		ldr	r0, .L39+144
 347 01ca 52E7     		b	.L38
 348              	.L9:
 349 01cc 2948     		ldr	r0, .L39+148
 350 01ce 50E7     		b	.L38
 351              	.L8:
 352 01d0 2948     		ldr	r0, .L39+152
 353 01d2 4EE7     		b	.L38
 354              	.L6:
 355 01d4 2948     		ldr	r0, .L39+156
 356 01d6 4CE7     		b	.L38
 357              	.L5:
 358 01d8 2948     		ldr	r0, .L39+160
 359 01da FFF7FEFF 		bl	hal_trace_print_var
 360 01de 4AE7     		b	.L36
 361              	.L40:
 362              		.align	2
 363              	.L39:
 364 01e0 1D000000 		.word	.LC6
 365 01e4 00000000 		.word	.LC4
 366 01e8 00000000 		.word	settings
 367 01ec 08000000 		.word	settings+8
 368 01f0 10000000 		.word	settings+16
 369 01f4 1E000000 		.word	.LC11
 370 01f8 3B000000 		.word	.LC13
 371 01fc 59000000 		.word	.LC15
 372 0200 75000000 		.word	.LC17
 373 0204 A1030000 		.word	.LC19
 374 0208 96000000 		.word	.LC21
 375 020c B4000000 		.word	.LC23
 376 0210 00000000 		.word	.LANCHOR2
 377 0214 CE000000 		.word	.LC26
 378 0218 00000000 		.word	rx_payload
 379 021c 00000000 		.word	.LANCHOR3
 380 0220 EE000000 		.word	.LC30
 381 0224 08010000 		.word	.LC32
 382 0228 19010000 		.word	.LC34
 383 022c 2C010000 		.word	.LC36
 384 0230 2E010000 		.word	.LC38
 385 0234 34010000 		.word	.LC40
 386 0238 56010000 		.word	.LC42
 387 023c 75010000 		.word	.LC44
 388 0240 91010000 		.word	.LC46
 389 0244 B3010000 		.word	.LC48
 390 0248 D3010000 		.word	.LC50
 391 024c EF010000 		.word	.LC52
 392 0250 0B020000 		.word	.LC54
 393 0254 36020000 		.word	.LC56
ARM GAS  /tmp/ccICfVnl.s 			page 10


 394 0258 5A020000 		.word	.LC58
 395 025c 00000000 		.word	.LANCHOR4
 396 0260 7C020000 		.word	.LC60
 397 0264 9A020000 		.word	.LC63
 398 0268 B3020000 		.word	.LC65
 399 026c 00000000 		.word	.LANCHOR5
 400 0270 E5020000 		.word	.LC68
 401 0274 0B030000 		.word	.LC70
 402 0278 34030000 		.word	.LC72
 403 027c 62030000 		.word	.LC74
 404 0280 88030000 		.word	.LC76
 406              		.section	.rodata.user_button_callback.str1.1,"aMS",%progbits,1
 407              	.LC79:
 408 0000 494E464F 		.ascii	"INFO: Button pushed\012\000"
 408      3A204275 
 408      74746F6E 
 408      20707573 
 408      6865640A 
 409              		.section	.text.user_button_callback,"ax",%progbits
 410              		.align	1
 411              		.syntax unified
 412              		.code	16
 413              		.thumb_func
 414              		.fpu softvfp
 416              	user_button_callback:
 417              		@ args = 0, pretend = 0, frame = 0
 418              		@ frame_needed = 0, uses_anonymous_args = 0
 419 0000 10B5     		push	{r4, lr}
 420 0002 0948     		ldr	r0, .L42
 421 0004 FFF7FEFF 		bl	hal_trace_print_var
 422              		@ sp needed
 423 0008 0848     		ldr	r0, .L42+4
 424 000a FFF7FEFF 		bl	hal_trace_print_var
 425 000e 084C     		ldr	r4, .L42+8
 426 0010 0021     		movs	r1, #0
 427 0012 2000     		movs	r0, r4
 428 0014 FFF7FEFF 		bl	led_set
 429 0018 FA22     		movs	r2, #250
 430 001a 6421     		movs	r1, #100
 431 001c 2000     		movs	r0, r4
 432 001e 9200     		lsls	r2, r2, #2
 433 0020 FFF7FEFF 		bl	led_blink
 434 0024 10BD     		pop	{r4, pc}
 435              	.L43:
 436 0026 C046     		.align	2
 437              	.L42:
 438 0028 00000000 		.word	.LC79
 439 002c 1D000000 		.word	.LC6
 440 0030 00000000 		.word	.LANCHOR5
 442              		.section	.text.is_joined,"ax",%progbits
 443              		.align	1
 444              		.syntax unified
 445              		.code	16
 446              		.thumb_func
 447              		.fpu softvfp
 449              	is_joined:
 450              		@ args = 0, pretend = 0, frame = 8
ARM GAS  /tmp/ccICfVnl.s 			page 11


 451              		@ frame_needed = 0, uses_anonymous_args = 0
 452 0000 07B5     		push	{r0, r1, r2, lr}
 453 0002 0020     		movs	r0, #0
 454              		@ sp needed
 455 0004 01A9     		add	r1, sp, #4
 456 0006 0190     		str	r0, [sp, #4]
 457 0008 FFF7FEFF 		bl	smtc_modem_get_status
 458 000c 019B     		ldr	r3, [sp, #4]
 459 000e 1807     		lsls	r0, r3, #28
 460 0010 C00F     		lsrs	r0, r0, #31
 461 0012 0EBD     		pop	{r1, r2, r3, pc}
 463              		.section	.rodata.main.str1.1,"aMS",%progbits,1
 464              	.LC83:
 465 0000 5F5F5F5F 		.ascii	"___________________________________________________"
 465      5F5F5F5F 
 465      5F5F5F5F 
 465      5F5F5F5F 
 465      5F5F5F5F 
 466 0033 5F5F5F5F 		.ascii	"____________________________\012\000"
 466      5F5F5F5F 
 466      5F5F5F5F 
 466      5F5F5F5F 
 466      5F5F5F5F 
 467              	.LC85:
 468 0051 4D69726F 		.ascii	"Miromico EVK\012\012\000"
 468      6D69636F 
 468      2045564B 
 468      0A0A00
 469              	.LC87:
 470 0060 53583132 		.ascii	"SX126X\000"
 470      365800
 471              	.LC89:
 472 0067 52616469 		.ascii	"Radio:%s\012\000"
 472      6F3A2573 
 472      0A00
 473              	.LC92:
 474 0071 4170706C 		.ascii	"Application version: %s\012\000"
 474      69636174 
 474      696F6E20 
 474      76657273 
 474      696F6E3A 
 475              	.LC94:
 476 008a 47495420 		.ascii	"GIT commit: %s\012\000"
 476      636F6D6D 
 476      69743A20 
 476      25730A00 
 477              	.LC98:
 478 009a 494E464F 		.ascii	"INFO: Modem driver version: %d.%d.%d\012\000"
 478      3A204D6F 
 478      64656D20 
 478      64726976 
 478      65722076 
 479              	.LC101:
 480 00c0 55736572 		.ascii	"UserButtonState: %x\012\000"
 480      42757474 
 480      6F6E5374 
 480      6174653A 
ARM GAS  /tmp/ccICfVnl.s 			page 12


 480      2025780A 
 481              	.LC103:
 482 00d5 55736572 		.ascii	"UserButton pressed\012\000"
 482      42757474 
 482      6F6E2070 
 482      72657373 
 482      65640A00 
 483              	.LC111:
 484 00e9 53485420 		.ascii	"SHT sensor test\012\000"
 484      73656E73 
 484      6F722074 
 484      6573740A 
 484      00
 485              	.LC113:
 486 00fa 73687433 		.ascii	"sht3x init done\012\000"
 486      7820696E 
 486      69742064 
 486      6F6E650A 
 486      00
 487              	.LC115:
 488 010b 73687433 		.ascii	"sht3x init failed\012\000"
 488      7820696E 
 488      69742066 
 488      61696C65 
 488      640A00
 489              	.LC117:
 490 011e 6C697332 		.ascii	"lis2dw init done\012\000"
 490      64772069 
 490      6E697420 
 490      646F6E65 
 490      0A00
 491              	.LC119:
 492 0130 6C697332 		.ascii	"lis2dw init failed\012\000"
 492      64772069 
 492      6E697420 
 492      6661696C 
 492      65640A00 
 493              	.LC121:
 494 0144 494E464F 		.ascii	"INFO: LED Test\012\000"
 494      3A204C45 
 494      44205465 
 494      73740A00 
 495              	.LC126:
 496 0154 2D2D2D2D 		.ascii	"----- sensor_read -----\012\000"
 496      2D207365 
 496      6E736F72 
 496      5F726561 
 496      64202D2D 
 497              		.global	__aeabi_idiv
 498              		.global	__aeabi_idivmod
 499              	.LC130:
 500 016d 54656D70 		.ascii	"Temperature: %d.%d C, Humidity: %d.%d% \012\000"
 500      65726174 
 500      7572653A 
 500      2025642E 
 500      25642043 
 501              	.LC132:
ARM GAS  /tmp/ccICfVnl.s 			page 13


 502 0196 73687433 		.ascii	"sht31 read failed\012\000"
 502      31207265 
 502      61642066 
 502      61696C65 
 502      640A00
 503              	.LC135:
 504 01a9 583A2025 		.ascii	"X: %d, Y: %d, Z: %d \012\000"
 504      642C2059 
 504      3A202564 
 504      2C205A3A 
 504      20256420 
 505              	.LC137:
 506 01bf 6C697332 		.ascii	"lis2dw read failed\012\000"
 506      64772072 
 506      65616420 
 506      6661696C 
 506      65640A00 
 507              	.LC140:
 508 01d3 494E464F 		.ascii	"INFO: Send link check\012\000"
 508      3A205365 
 508      6E64206C 
 508      696E6B20 
 508      63686563 
 509              	.LC143:
 510 01ea 74785F70 		.ascii	"tx_pending, failed to send tx_measurement_data_keep"
 510      656E6469 
 510      6E672C20 
 510      6661696C 
 510      65642074 
 511 021d 5F616C69 		.ascii	"_alive\012\000"
 511      76650A00 
 512              	.LC145:
 513 0225 4D6F6465 		.ascii	"Modem not joined \012\000"
 513      6D206E6F 
 513      74206A6F 
 513      696E6564 
 513      200A00
 514              		.section	.text.startup.main,"ax",%progbits
 515              		.align	1
 516              		.global	main
 517              		.syntax unified
 518              		.code	16
 519              		.thumb_func
 520              		.fpu softvfp
 522              	main:
 523              		@ args = 0, pretend = 0, frame = 64
 524              		@ frame_needed = 0, uses_anonymous_args = 0
 525 0000 F0B5     		push	{r4, r5, r6, r7, lr}
 526 0002 93B0     		sub	sp, sp, #76
 527 0004 FFF7FEFF 		bl	hal_mcu_disable_irq
 528 0008 FFF7FEFF 		bl	hal_mcu_init
 529 000c B948     		ldr	r0, .L72
 530 000e FFF7FEFF 		bl	hal_trace_print_var
 531 0012 B948     		ldr	r0, .L72+4
 532 0014 FFF7FEFF 		bl	hal_trace_print_var
 533 0018 B849     		ldr	r1, .L72+8
 534 001a B948     		ldr	r0, .L72+12
ARM GAS  /tmp/ccICfVnl.s 			page 14


 535 001c FFF7FEFF 		bl	hal_trace_print_var
 536 0020 B849     		ldr	r1, .L72+16
 537 0022 B948     		ldr	r0, .L72+20
 538 0024 FFF7FEFF 		bl	hal_trace_print_var
 539 0028 B649     		ldr	r1, .L72+16
 540 002a B848     		ldr	r0, .L72+24
 541 002c FFF7FEFF 		bl	hal_trace_print_var
 542 0030 04AC     		add	r4, sp, #16
 543 0032 B749     		ldr	r1, .L72+28
 544 0034 B748     		ldr	r0, .L72+32
 545 0036 FFF7FEFF 		bl	smtc_modem_init
 546 003a 2000     		movs	r0, r4
 547 003c FFF7FEFF 		bl	smtc_modem_get_modem_version
 548 0040 A378     		ldrb	r3, [r4, #2]
 549 0042 6278     		ldrb	r2, [r4, #1]
 550 0044 2178     		ldrb	r1, [r4]
 551 0046 B448     		ldr	r0, .L72+36
 552 0048 FFF7FEFF 		bl	hal_trace_print_var
 553 004c AD48     		ldr	r0, .L72+16
 554 004e FFF7FEFF 		bl	hal_trace_print_var
 555 0052 FFF7FEFF 		bl	hal_mcu_enable_irq
 556 0056 0121     		movs	r1, #1
 557 0058 2120     		movs	r0, #33
 558 005a FFF7FEFF 		bl	hal_gpio_init_out
 559 005e 0023     		movs	r3, #0
 560 0060 0122     		movs	r2, #1
 561 0062 1800     		movs	r0, r3
 562 0064 1100     		movs	r1, r2
 563 0066 FFF7FEFF 		bl	hal_gpio_init_in
 564 006a 0020     		movs	r0, #0
 565 006c FFF7FEFF 		bl	hal_gpio_get_value
 566 0070 AA4C     		ldr	r4, .L72+40
 567 0072 0100     		movs	r1, r0
 568 0074 2060     		str	r0, [r4]
 569 0076 AA48     		ldr	r0, .L72+44
 570 0078 FFF7FEFF 		bl	hal_trace_print_var
 571 007c 2568     		ldr	r5, [r4]
 572 007e 002D     		cmp	r5, #0
 573 0080 0ED1     		bne	.L46
 574 0082 A848     		ldr	r0, .L72+48
 575 0084 FFF7FEFF 		bl	hal_trace_print_var
 576 0088 2900     		movs	r1, r5
 577 008a 2120     		movs	r0, #33
 578 008c FFF7FEFF 		bl	hal_gpio_set_value
 579              	.L47:
 580 0090 2568     		ldr	r5, [r4]
 581 0092 002D     		cmp	r5, #0
 582 0094 00D1     		bne	.LCB470
 583 0096 11E1     		b	.L48	@long jump
 584              	.LCB470:
 585 0098 0121     		movs	r1, #1
 586 009a 2120     		movs	r0, #33
 587 009c FFF7FEFF 		bl	hal_gpio_set_value
 588              	.L46:
 589 00a0 FFF7FEFF 		bl	settings_init
 590 00a4 FFF7FEFF 		bl	settings_print
 591 00a8 9F4F     		ldr	r7, .L72+52
ARM GAS  /tmp/ccICfVnl.s 			page 15


 592 00aa 0022     		movs	r2, #0
 593 00ac 1C21     		movs	r1, #28
 594 00ae 3800     		movs	r0, r7
 595 00b0 FFF7FEFF 		bl	led_init
 596 00b4 9D4E     		ldr	r6, .L72+56
 597 00b6 0022     		movs	r2, #0
 598 00b8 7021     		movs	r1, #112
 599 00ba 3000     		movs	r0, r6
 600 00bc FFF7FEFF 		bl	led_init
 601 00c0 9B4D     		ldr	r5, .L72+60
 602 00c2 0022     		movs	r2, #0
 603 00c4 7121     		movs	r1, #113
 604 00c6 2800     		movs	r0, r5
 605 00c8 FFF7FEFF 		bl	led_init
 606 00cc 994C     		ldr	r4, .L72+64
 607 00ce 0022     		movs	r2, #0
 608 00d0 2121     		movs	r1, #33
 609 00d2 2000     		movs	r0, r4
 610 00d4 FFF7FEFF 		bl	led_init
 611 00d8 0021     		movs	r1, #0
 612 00da 974B     		ldr	r3, .L72+68
 613 00dc 0A00     		movs	r2, r1
 614 00de 0091     		str	r1, [sp]
 615 00e0 9648     		ldr	r0, .L72+72
 616 00e2 FFF7FEFF 		bl	button_init
 617 00e6 9648     		ldr	r0, .L72+76
 618 00e8 FFF7FEFF 		bl	hal_trace_print_var
 619 00ec 8A21     		movs	r1, #138
 620 00ee 0120     		movs	r0, #1
 621 00f0 FFF7FEFF 		bl	sht3x_init
 622 00f4 0028     		cmp	r0, #0
 623 00f6 00D1     		bne	.LCB511
 624 00f8 E8E0     		b	.L49	@long jump
 625              	.LCB511:
 626 00fa 9248     		ldr	r0, .L72+80
 627              	.L69:
 628 00fc FFF7FEFF 		bl	hal_trace_print_var
 629 0100 0123     		movs	r3, #1
 630 0102 0022     		movs	r2, #0
 631 0104 3221     		movs	r1, #50
 632 0106 1800     		movs	r0, r3
 633 0108 FFF7FEFF 		bl	lis2dw_init
 634 010c 0028     		cmp	r0, #0
 635 010e 00D1     		bne	.LCB523
 636 0110 DEE0     		b	.L51	@long jump
 637              	.LCB523:
 638 0112 8D48     		ldr	r0, .L72+84
 639              	.L70:
 640 0114 FFF7FEFF 		bl	hal_trace_print_var
 641 0118 8C48     		ldr	r0, .L72+88
 642 011a FFF7FEFF 		bl	hal_trace_print_var
 643 011e 7948     		ldr	r0, .L72+16
 644 0120 FFF7FEFF 		bl	hal_trace_print_var
 645 0124 0121     		movs	r1, #1
 646 0126 3800     		movs	r0, r7
 647 0128 FFF7FEFF 		bl	led_set
 648 012c FA20     		movs	r0, #250
ARM GAS  /tmp/ccICfVnl.s 			page 16


 649 012e 4000     		lsls	r0, r0, #1
 650 0130 FFF7FEFF 		bl	hal_mcu_delay_ms
 651 0134 0021     		movs	r1, #0
 652 0136 3800     		movs	r0, r7
 653 0138 FFF7FEFF 		bl	led_set
 654 013c 0121     		movs	r1, #1
 655 013e 3000     		movs	r0, r6
 656 0140 FFF7FEFF 		bl	led_set
 657 0144 FA20     		movs	r0, #250
 658 0146 4000     		lsls	r0, r0, #1
 659 0148 FFF7FEFF 		bl	hal_mcu_delay_ms
 660 014c 0021     		movs	r1, #0
 661 014e 3000     		movs	r0, r6
 662 0150 FFF7FEFF 		bl	led_set
 663 0154 0121     		movs	r1, #1
 664 0156 2800     		movs	r0, r5
 665 0158 FFF7FEFF 		bl	led_set
 666 015c FA20     		movs	r0, #250
 667 015e 4000     		lsls	r0, r0, #1
 668 0160 FFF7FEFF 		bl	hal_mcu_delay_ms
 669 0164 0021     		movs	r1, #0
 670 0166 2800     		movs	r0, r5
 671 0168 FFF7FEFF 		bl	led_set
 672 016c 0121     		movs	r1, #1
 673 016e 2000     		movs	r0, r4
 674 0170 FFF7FEFF 		bl	led_set
 675 0174 FA20     		movs	r0, #250
 676 0176 4000     		lsls	r0, r0, #1
 677 0178 FFF7FEFF 		bl	hal_mcu_delay_ms
 678 017c 2000     		movs	r0, r4
 679 017e 0021     		movs	r1, #0
 680 0180 FFF7FEFF 		bl	led_set
 681 0184 724C     		ldr	r4, .L72+92
 682 0186 7349     		ldr	r1, .L72+96
 683 0188 2000     		movs	r0, r4
 684 018a FFF7FEFF 		bl	TimerInit
 685 018e 2000     		movs	r0, r4
 686 0190 7149     		ldr	r1, .L72+100
 687 0192 FFF7FEFF 		bl	TimerSetValue
 688 0196 2000     		movs	r0, r4
 689 0198 0021     		movs	r1, #0
 690 019a FFF7FEFF 		bl	TimerSetContext
 691 019e 2000     		movs	r0, r4
 692 01a0 FFF7FEFF 		bl	TimerStart
 693              	.L65:
 694 01a4 FFF7FEFF 		bl	hal_rtc_get_time_ms
 695 01a8 FFF7FEFF 		bl	smtc_modem_run_engine
 696 01ac 6B4B     		ldr	r3, .L72+104
 697 01ae 1A78     		ldrb	r2, [r3]
 698 01b0 002A     		cmp	r2, #0
 699 01b2 7ED0     		beq	.L54
 700 01b4 0022     		movs	r2, #0
 701 01b6 6A48     		ldr	r0, .L72+108
 702 01b8 1A70     		strb	r2, [r3]
 703 01ba FFF7FEFF 		bl	hal_trace_print_var
 704 01be 694F     		ldr	r7, .L72+112
 705 01c0 694D     		ldr	r5, .L72+116
ARM GAS  /tmp/ccICfVnl.s 			page 17


 706 01c2 3900     		movs	r1, r7
 707 01c4 2800     		movs	r0, r5
 708 01c6 FFF7FEFF 		bl	sht3x_read_temp
 709 01ca 0028     		cmp	r0, #0
 710 01cc 00D1     		bne	.LCB601
 711 01ce 81E0     		b	.L55	@long jump
 712              	.LCB601:
 713 01d0 FA21     		movs	r1, #250
 714 01d2 3E68     		ldr	r6, [r7]
 715 01d4 8900     		lsls	r1, r1, #2
 716 01d6 3000     		movs	r0, r6
 717 01d8 FFF7FEFF 		bl	__aeabi_idiv
 718 01dc FA21     		movs	r1, #250
 719 01de 2C68     		ldr	r4, [r5]
 720 01e0 0290     		str	r0, [sp, #8]
 721 01e2 8900     		lsls	r1, r1, #2
 722 01e4 2000     		movs	r0, r4
 723 01e6 FFF7FEFF 		bl	__aeabi_idivmod
 724 01ea 0391     		str	r1, [sp, #12]
 725 01ec FA21     		movs	r1, #250
 726 01ee 2000     		movs	r0, r4
 727 01f0 8900     		lsls	r1, r1, #2
 728 01f2 FFF7FEFF 		bl	__aeabi_idiv
 729 01f6 FA21     		movs	r1, #250
 730 01f8 0400     		movs	r4, r0
 731 01fa 8900     		lsls	r1, r1, #2
 732 01fc 3000     		movs	r0, r6
 733 01fe FFF7FEFF 		bl	__aeabi_idivmod
 734 0202 029B     		ldr	r3, [sp, #8]
 735 0204 0091     		str	r1, [sp]
 736 0206 039A     		ldr	r2, [sp, #12]
 737 0208 2100     		movs	r1, r4
 738 020a 5848     		ldr	r0, .L72+120
 739 020c FFF7FEFF 		bl	hal_trace_print_var
 740              	.L56:
 741 0210 574C     		ldr	r4, .L72+124
 742 0212 2000     		movs	r0, r4
 743 0214 FFF7FEFF 		bl	lis2dw_read
 744 0218 0028     		cmp	r0, #0
 745 021a 5FD0     		beq	.L57
 746 021c 0422     		movs	r2, #4
 747 021e A35E     		ldrsh	r3, [r4, r2]
 748 0220 0221     		movs	r1, #2
 749 0222 625E     		ldrsh	r2, [r4, r1]
 750 0224 0020     		movs	r0, #0
 751 0226 215E     		ldrsh	r1, [r4, r0]
 752 0228 5248     		ldr	r0, .L72+128
 753 022a FFF7FEFF 		bl	hal_trace_print_var
 754              	.L58:
 755 022e 524B     		ldr	r3, .L72+132
 756 0230 1A68     		ldr	r2, [r3]
 757 0232 312A     		cmp	r2, #49
 758 0234 0AD9     		bls	.L59
 759 0236 0024     		movs	r4, #0
 760 0238 5048     		ldr	r0, .L72+136
 761 023a 1C60     		str	r4, [r3]
 762 023c FFF7FEFF 		bl	hal_trace_print_var
ARM GAS  /tmp/ccICfVnl.s 			page 18


 763 0240 3048     		ldr	r0, .L72+16
 764 0242 FFF7FEFF 		bl	hal_trace_print_var
 765 0246 2000     		movs	r0, r4
 766 0248 FFF7FEFF 		bl	smtc_modem_lorawan_request_link_check
 767              	.L59:
 768 024c FFF7FEFF 		bl	is_joined
 769 0250 0028     		cmp	r0, #0
 770 0252 2ED0     		beq	.L54
 771 0254 4A4E     		ldr	r6, .L72+140
 772 0256 4B48     		ldr	r0, .L72+144
 773 0258 3368     		ldr	r3, [r6]
 774 025a 012B     		cmp	r3, #1
 775 025c 43D0     		beq	.L71
 776 025e 0123     		movs	r3, #1
 777 0260 05AC     		add	r4, sp, #20
 778 0262 6370     		strb	r3, [r4, #1]
 779 0264 2B68     		ldr	r3, [r5]
 780 0266 0C25     		movs	r5, #12
 781 0268 1A12     		asrs	r2, r3, #8
 782 026a E370     		strb	r3, [r4, #3]
 783 026c 3B68     		ldr	r3, [r7]
 784 026e A270     		strb	r2, [r4, #2]
 785 0270 6371     		strb	r3, [r4, #5]
 786 0272 1A12     		asrs	r2, r3, #8
 787 0274 3E4B     		ldr	r3, .L72+124
 788 0276 2271     		strb	r2, [r4, #4]
 789 0278 0021     		movs	r1, #0
 790 027a 5A5E     		ldrsh	r2, [r3, r1]
 791 027c 1112     		asrs	r1, r2, #8
 792 027e A171     		strb	r1, [r4, #6]
 793 0280 E271     		strb	r2, [r4, #7]
 794 0282 0221     		movs	r1, #2
 795 0284 5A5E     		ldrsh	r2, [r3, r1]
 796 0286 1112     		asrs	r1, r2, #8
 797 0288 6272     		strb	r2, [r4, #9]
 798 028a 2172     		strb	r1, [r4, #8]
 799 028c 0422     		movs	r2, #4
 800 028e 9B5E     		ldrsh	r3, [r3, r2]
 801 0290 2570     		strb	r5, [r4]
 802 0292 1A12     		asrs	r2, r3, #8
 803 0294 A272     		strb	r2, [r4, #10]
 804 0296 E372     		strb	r3, [r4, #11]
 805 0298 FFF7FEFF 		bl	is_joined
 806 029c 0028     		cmp	r0, #0
 807 029e 21D0     		beq	.L63
 808 02a0 0022     		movs	r2, #0
 809 02a2 2300     		movs	r3, r4
 810 02a4 0721     		movs	r1, #7
 811 02a6 1000     		movs	r0, r2
 812 02a8 0095     		str	r5, [sp]
 813 02aa FFF7FEFF 		bl	smtc_modem_request_uplink
 814 02ae 0028     		cmp	r0, #0
 815 02b0 1CD0     		beq	.L64
 816              	.L54:
 817 02b2 FFF7FEFF 		bl	smtc_modem_run_engine
 818 02b6 FFF7FEFF 		bl	hal_mcu_set_sleep_for_ms
 819 02ba 73E7     		b	.L65
ARM GAS  /tmp/ccICfVnl.s 			page 19


 820              	.L48:
 821 02bc 6420     		movs	r0, #100
 822 02be FFF7FEFF 		bl	hal_mcu_delay_ms
 823 02c2 2800     		movs	r0, r5
 824 02c4 FFF7FEFF 		bl	hal_gpio_get_value
 825 02c8 2060     		str	r0, [r4]
 826 02ca E1E6     		b	.L47
 827              	.L49:
 828 02cc 2E48     		ldr	r0, .L72+148
 829 02ce 15E7     		b	.L69
 830              	.L51:
 831 02d0 2E48     		ldr	r0, .L72+152
 832 02d2 1FE7     		b	.L70
 833              	.L55:
 834 02d4 2E48     		ldr	r0, .L72+156
 835 02d6 FFF7FEFF 		bl	hal_trace_print_var
 836 02da 99E7     		b	.L56
 837              	.L57:
 838 02dc 2D48     		ldr	r0, .L72+160
 839 02de FFF7FEFF 		bl	hal_trace_print_var
 840 02e2 A4E7     		b	.L58
 841              	.L63:
 842 02e4 2C48     		ldr	r0, .L72+164
 843              	.L71:
 844 02e6 FFF7FEFF 		bl	hal_trace_print_var
 845 02ea E2E7     		b	.L54
 846              	.L64:
 847 02ec 0123     		movs	r3, #1
 848 02ee 3360     		str	r3, [r6]
 849 02f0 DFE7     		b	.L54
 850              	.L73:
 851 02f2 C046     		.align	2
 852              	.L72:
 853 02f4 00000000 		.word	.LC83
 854 02f8 51000000 		.word	.LC85
 855 02fc 60000000 		.word	.LC87
 856 0300 67000000 		.word	.LC89
 857 0304 1D000000 		.word	.LC6
 858 0308 71000000 		.word	.LC92
 859 030c 8A000000 		.word	.LC94
 860 0310 00000000 		.word	get_event
 861 0314 00000000 		.word	modem_radio
 862 0318 9A000000 		.word	.LC98
 863 031c 00000000 		.word	.LANCHOR6
 864 0320 C0000000 		.word	.LC101
 865 0324 D5000000 		.word	.LC103
 866 0328 00000000 		.word	.LANCHOR7
 867 032c 00000000 		.word	.LANCHOR8
 868 0330 00000000 		.word	.LANCHOR9
 869 0334 00000000 		.word	.LANCHOR5
 870 0338 00000000 		.word	user_button_callback
 871 033c 00000000 		.word	.LANCHOR10
 872 0340 E9000000 		.word	.LC111
 873 0344 FA000000 		.word	.LC113
 874 0348 1E010000 		.word	.LC117
 875 034c 44010000 		.word	.LC121
 876 0350 00000000 		.word	.LANCHOR1
ARM GAS  /tmp/ccICfVnl.s 			page 20


 877 0354 00000000 		.word	periodic_timer_cb
 878 0358 204E0000 		.word	20000
 879 035c 00000000 		.word	.LANCHOR0
 880 0360 54010000 		.word	.LC126
 881 0364 00000000 		.word	.LANCHOR11
 882 0368 00000000 		.word	.LANCHOR12
 883 036c 6D010000 		.word	.LC130
 884 0370 00000000 		.word	.LANCHOR13
 885 0374 A9010000 		.word	.LC135
 886 0378 00000000 		.word	.LANCHOR14
 887 037c D3010000 		.word	.LC140
 888 0380 00000000 		.word	.LANCHOR2
 889 0384 EA010000 		.word	.LC143
 890 0388 0B010000 		.word	.LC115
 891 038c 30010000 		.word	.LC119
 892 0390 96010000 		.word	.LC132
 893 0394 BF010000 		.word	.LC137
 894 0398 25020000 		.word	.LC145
 896              		.global	link_check_attempts
 897              		.global	txdone_counter
 898              		.global	modem_radio
 899              		.section	.bss.acc_axes,"aw",%nobits
 900              		.align	2
 901              		.set	.LANCHOR13,. + 0
 904              	acc_axes:
 905 0000 00000000 		.space	6
 905      0000
 906              		.section	.bss.button_handle,"aw",%nobits
 907              		.align	2
 908              		.set	.LANCHOR10,. + 0
 911              	button_handle:
 912 0000 00000000 		.space	52
 912      00000000 
 912      00000000 
 912      00000000 
 912      00000000 
 913              		.section	.bss.led_b,"aw",%nobits
 914              		.align	2
 915              		.set	.LANCHOR5,. + 0
 918              	led_b:
 919 0000 00000000 		.space	36
 919      00000000 
 919      00000000 
 919      00000000 
 919      00000000 
 920              		.section	.bss.led_fmlr,"aw",%nobits
 921              		.align	2
 922              		.set	.LANCHOR7,. + 0
 925              	led_fmlr:
 926 0000 00000000 		.space	36
 926      00000000 
 926      00000000 
 926      00000000 
 926      00000000 
 927              		.section	.bss.led_g,"aw",%nobits
 928              		.align	2
 929              		.set	.LANCHOR9,. + 0
ARM GAS  /tmp/ccICfVnl.s 			page 21


 932              	led_g:
 933 0000 00000000 		.space	36
 933      00000000 
 933      00000000 
 933      00000000 
 933      00000000 
 934              		.section	.bss.led_r,"aw",%nobits
 935              		.align	2
 936              		.set	.LANCHOR8,. + 0
 939              	led_r:
 940 0000 00000000 		.space	36
 940      00000000 
 940      00000000 
 940      00000000 
 940      00000000 
 941              		.section	.bss.link_check_attempts,"aw",%nobits
 942              		.align	2
 943              		.set	.LANCHOR4,. + 0
 946              	link_check_attempts:
 947 0000 00000000 		.space	4
 948              		.section	.bss.periodic_message_flag,"aw",%nobits
 949              		.set	.LANCHOR0,. + 0
 952              	periodic_message_flag:
 953 0000 00       		.space	1
 954              		.section	.bss.periodic_timer,"aw",%nobits
 955              		.align	2
 956              		.set	.LANCHOR1,. + 0
 959              	periodic_timer:
 960 0000 00000000 		.space	24
 960      00000000 
 960      00000000 
 960      00000000 
 960      00000000 
 961              		.section	.bss.rh,"aw",%nobits
 962              		.align	2
 963              		.set	.LANCHOR11,. + 0
 966              	rh:
 967 0000 00000000 		.space	4
 968              		.section	.bss.rx_payload,"aw",%nobits
 969              		.align	2
 972              	rx_payload:
 973 0000 00000000 		.space	255
 973      00000000 
 973      00000000 
 973      00000000 
 973      00000000 
 974              		.section	.bss.rx_payload_size,"aw",%nobits
 975              		.set	.LANCHOR3,. + 0
 978              	rx_payload_size:
 979 0000 00       		.space	1
 980              		.section	.bss.temp,"aw",%nobits
 981              		.align	2
 982              		.set	.LANCHOR12,. + 0
 985              	temp:
 986 0000 00000000 		.space	4
 987              		.section	.bss.tx_pending,"aw",%nobits
 988              		.align	2
ARM GAS  /tmp/ccICfVnl.s 			page 22


 989              		.set	.LANCHOR2,. + 0
 992              	tx_pending:
 993 0000 00000000 		.space	4
 994              		.section	.bss.txdone_counter,"aw",%nobits
 995              		.align	2
 996              		.set	.LANCHOR14,. + 0
 999              	txdone_counter:
 1000 0000 00000000 		.space	4
 1001              		.section	.bss.user_button_is_press,"aw",%nobits
 1004              	user_button_is_press:
 1005 0000 00       		.space	1
 1006              		.section	.bss.user_button_state,"aw",%nobits
 1007              		.align	2
 1008              		.set	.LANCHOR6,. + 0
 1011              	user_button_state:
 1012 0000 00000000 		.space	4
 1013              		.section	.rodata.modem_radio,"a"
 1014              		.align	2
 1017              	modem_radio:
 1018 0000 00000000 		.word	0
 1019 0004 00000000 		.word	ral_sx126x_handles_part
 1020 0008 00000000 		.word	ral_sx126x_reset
 1021 000c 00000000 		.word	ral_sx126x_init
 1022 0010 00000000 		.word	ral_sx126x_wakeup
 1023 0014 00000000 		.word	ral_sx126x_set_sleep
 1024 0018 00000000 		.word	ral_sx126x_set_standby
 1025 001c 00000000 		.word	ral_sx126x_set_fs
 1026 0020 00000000 		.word	ral_sx126x_set_tx
 1027 0024 00000000 		.word	ral_sx126x_set_rx
 1028 0028 00000000 		.word	ral_sx126x_cfg_rx_boosted
 1029 002c 00000000 		.word	ral_sx126x_set_rx_tx_fallback_mode
 1030 0030 00000000 		.word	ral_sx126x_stop_timer_on_preamble
 1031 0034 00000000 		.word	ral_sx126x_set_rx_duty_cycle
 1032 0038 00000000 		.word	ral_sx126x_set_lora_cad
 1033 003c 00000000 		.word	ral_sx126x_set_tx_cw
 1034 0040 00000000 		.word	ral_sx126x_set_tx_infinite_preamble
 1035 0044 00000000 		.word	ral_sx126x_cal_img
 1036 0048 00000000 		.word	ral_sx126x_set_tx_cfg
 1037 004c 00000000 		.word	ral_sx126x_set_pkt_payload
 1038 0050 00000000 		.word	ral_sx126x_get_pkt_payload
 1039 0054 00000000 		.word	ral_sx126x_get_irq_status
 1040 0058 00000000 		.word	ral_sx126x_clear_irq_status
 1041 005c 00000000 		.word	ral_sx126x_get_and_clear_irq_status
 1042 0060 00000000 		.word	ral_sx126x_set_dio_irq_params
 1043 0064 00000000 		.word	ral_sx126x_set_rf_freq
 1044 0068 00000000 		.word	ral_sx126x_set_pkt_type
 1045 006c 00000000 		.word	ral_sx126x_get_pkt_type
 1046 0070 00000000 		.word	ral_sx126x_set_gfsk_mod_params
 1047 0074 00000000 		.word	ral_sx126x_set_gfsk_pkt_params
 1048 0078 00000000 		.word	ral_sx126x_set_lora_mod_params
 1049 007c 00000000 		.word	ral_sx126x_set_lora_pkt_params
 1050 0080 00000000 		.word	ral_sx126x_set_lora_cad_params
 1051 0084 00000000 		.word	ral_sx126x_set_lora_symb_nb_timeout
 1052 0088 00000000 		.word	ral_sx126x_set_flrc_mod_params
 1053 008c 00000000 		.word	ral_sx126x_set_flrc_pkt_params
 1054 0090 00000000 		.word	ral_sx126x_get_gfsk_rx_pkt_status
 1055 0094 00000000 		.word	ral_sx126x_get_lora_rx_pkt_status
ARM GAS  /tmp/ccICfVnl.s 			page 23


 1056 0098 00000000 		.word	ral_sx126x_get_flrc_rx_pkt_status
 1057 009c 00000000 		.word	ral_sx126x_get_rssi_inst
 1058 00a0 00000000 		.word	ral_sx126x_get_lora_time_on_air_in_ms
 1059 00a4 00000000 		.word	ral_sx126x_get_gfsk_time_on_air_in_ms
 1060 00a8 00000000 		.word	ral_sx126x_get_flrc_time_on_air_in_ms
 1061 00ac 00000000 		.word	ral_sx126x_set_gfsk_sync_word
 1062 00b0 00000000 		.word	ral_sx126x_set_lora_sync_word
 1063 00b4 00000000 		.word	ral_sx126x_set_flrc_sync_word
 1064 00b8 00000000 		.word	ral_sx126x_set_gfsk_crc_params
 1065 00bc 00000000 		.word	ral_sx126x_set_flrc_crc_params
 1066 00c0 00000000 		.word	ral_sx126x_set_gfsk_whitening_seed
 1067 00c4 00000000 		.word	ral_sx126x_lr_fhss_init
 1068 00c8 00000000 		.word	ral_sx126x_lr_fhss_build_frame
 1069 00cc 00000000 		.word	ral_sx126x_lr_fhss_handle_hop
 1070 00d0 00000000 		.word	ral_sx126x_lr_fhss_handle_tx_done
 1071 00d4 00000000 		.word	ral_sx126x_lr_fhss_get_time_on_air_in_ms
 1072 00d8 00000000 		.word	ral_sx126x_lr_fhss_get_hop_sequence_count
 1073 00dc 00000000 		.word	ral_sx126x_get_lora_rx_pkt_cr_crc
 1074 00e0 00000000 		.word	ral_sx126x_get_tx_consumption_in_ua
 1075 00e4 00000000 		.word	ral_sx126x_get_gfsk_rx_consumption_in_ua
 1076 00e8 00000000 		.word	ral_sx126x_get_lora_rx_consumption_in_ua
 1077 00ec 00000000 		.word	ral_sx126x_get_random_numbers
 1078 00f0 00000000 		.word	ralf_sx126x_setup_gfsk
 1079 00f4 00000000 		.word	ralf_sx126x_setup_lora
 1080 00f8 00000000 		.word	ralf_sx126x_setup_flrc
 1081              		.ident	"GCC: (15:10.3-2021.07-4) 10.3.1 20210621 (release)"
ARM GAS  /tmp/ccICfVnl.s 			page 24


DEFINED SYMBOLS
                            *ABS*:0000000000000000 main.c
     /tmp/ccICfVnl.s:15     .text.periodic_timer_cb:0000000000000000 $t
     /tmp/ccICfVnl.s:22     .text.periodic_timer_cb:0000000000000000 periodic_timer_cb
     /tmp/ccICfVnl.s:38     .text.periodic_timer_cb:0000000000000018 $d
     /tmp/ccICfVnl.s:111    .text.get_event:0000000000000000 $t
     /tmp/ccICfVnl.s:117    .text.get_event:0000000000000000 get_event
     /tmp/ccICfVnl.s:138    .text.get_event:0000000000000022 $d
     /tmp/ccICfVnl.s:364    .text.get_event:00000000000001e0 $d
     /tmp/ccICfVnl.s:972    .bss.rx_payload:0000000000000000 rx_payload
     /tmp/ccICfVnl.s:410    .text.user_button_callback:0000000000000000 $t
     /tmp/ccICfVnl.s:416    .text.user_button_callback:0000000000000000 user_button_callback
     /tmp/ccICfVnl.s:438    .text.user_button_callback:0000000000000028 $d
     /tmp/ccICfVnl.s:443    .text.is_joined:0000000000000000 $t
     /tmp/ccICfVnl.s:449    .text.is_joined:0000000000000000 is_joined
     /tmp/ccICfVnl.s:515    .text.startup.main:0000000000000000 $t
     /tmp/ccICfVnl.s:522    .text.startup.main:0000000000000000 main
     /tmp/ccICfVnl.s:853    .text.startup.main:00000000000002f4 $d
     /tmp/ccICfVnl.s:1017   .rodata.modem_radio:0000000000000000 modem_radio
     /tmp/ccICfVnl.s:946    .bss.link_check_attempts:0000000000000000 link_check_attempts
     /tmp/ccICfVnl.s:999    .bss.txdone_counter:0000000000000000 txdone_counter
     /tmp/ccICfVnl.s:900    .bss.acc_axes:0000000000000000 $d
     /tmp/ccICfVnl.s:904    .bss.acc_axes:0000000000000000 acc_axes
     /tmp/ccICfVnl.s:907    .bss.button_handle:0000000000000000 $d
     /tmp/ccICfVnl.s:911    .bss.button_handle:0000000000000000 button_handle
     /tmp/ccICfVnl.s:914    .bss.led_b:0000000000000000 $d
     /tmp/ccICfVnl.s:918    .bss.led_b:0000000000000000 led_b
     /tmp/ccICfVnl.s:921    .bss.led_fmlr:0000000000000000 $d
     /tmp/ccICfVnl.s:925    .bss.led_fmlr:0000000000000000 led_fmlr
     /tmp/ccICfVnl.s:928    .bss.led_g:0000000000000000 $d
     /tmp/ccICfVnl.s:932    .bss.led_g:0000000000000000 led_g
     /tmp/ccICfVnl.s:935    .bss.led_r:0000000000000000 $d
     /tmp/ccICfVnl.s:939    .bss.led_r:0000000000000000 led_r
     /tmp/ccICfVnl.s:942    .bss.link_check_attempts:0000000000000000 $d
     /tmp/ccICfVnl.s:952    .bss.periodic_message_flag:0000000000000000 periodic_message_flag
     /tmp/ccICfVnl.s:953    .bss.periodic_message_flag:0000000000000000 $d
     /tmp/ccICfVnl.s:955    .bss.periodic_timer:0000000000000000 $d
     /tmp/ccICfVnl.s:959    .bss.periodic_timer:0000000000000000 periodic_timer
     /tmp/ccICfVnl.s:962    .bss.rh:0000000000000000 $d
     /tmp/ccICfVnl.s:966    .bss.rh:0000000000000000 rh
     /tmp/ccICfVnl.s:969    .bss.rx_payload:0000000000000000 $d
     /tmp/ccICfVnl.s:978    .bss.rx_payload_size:0000000000000000 rx_payload_size
     /tmp/ccICfVnl.s:979    .bss.rx_payload_size:0000000000000000 $d
     /tmp/ccICfVnl.s:981    .bss.temp:0000000000000000 $d
     /tmp/ccICfVnl.s:985    .bss.temp:0000000000000000 temp
     /tmp/ccICfVnl.s:988    .bss.tx_pending:0000000000000000 $d
     /tmp/ccICfVnl.s:992    .bss.tx_pending:0000000000000000 tx_pending
     /tmp/ccICfVnl.s:995    .bss.txdone_counter:0000000000000000 $d
     /tmp/ccICfVnl.s:1004   .bss.user_button_is_press:0000000000000000 user_button_is_press
     /tmp/ccICfVnl.s:1005   .bss.user_button_is_press:0000000000000000 $d
     /tmp/ccICfVnl.s:1007   .bss.user_button_state:0000000000000000 $d
     /tmp/ccICfVnl.s:1011   .bss.user_button_state:0000000000000000 user_button_state
     /tmp/ccICfVnl.s:1014   .rodata.modem_radio:0000000000000000 $d
     /tmp/ccICfVnl.s:159    .text.get_event:0000000000000037 $d
     /tmp/ccICfVnl.s:159    .text.get_event:0000000000000038 $t

UNDEFINED SYMBOLS
ARM GAS  /tmp/ccICfVnl.s 			page 25


hal_trace_print_var
TimerStart
smtc_modem_get_event
__gnu_thumb1_case_uqi
smtc_modem_set_deveui
smtc_modem_set_joineui
smtc_modem_set_nwkkey
smtc_modem_set_region
smtc_modem_join_network
memcpy
smtc_modem_request_uplink
smtc_modem_leave_network
led_set
settings
led_blink
smtc_modem_get_status
__aeabi_idiv
__aeabi_idivmod
hal_mcu_disable_irq
hal_mcu_init
smtc_modem_init
smtc_modem_get_modem_version
hal_mcu_enable_irq
hal_gpio_init_out
hal_gpio_init_in
hal_gpio_get_value
hal_gpio_set_value
settings_init
settings_print
led_init
button_init
sht3x_init
lis2dw_init
hal_mcu_delay_ms
TimerInit
TimerSetValue
TimerSetContext
hal_rtc_get_time_ms
smtc_modem_run_engine
sht3x_read_temp
lis2dw_read
smtc_modem_lorawan_request_link_check
hal_mcu_set_sleep_for_ms
ral_sx126x_handles_part
ral_sx126x_reset
ral_sx126x_init
ral_sx126x_wakeup
ral_sx126x_set_sleep
ral_sx126x_set_standby
ral_sx126x_set_fs
ral_sx126x_set_tx
ral_sx126x_set_rx
ral_sx126x_cfg_rx_boosted
ral_sx126x_set_rx_tx_fallback_mode
ral_sx126x_stop_timer_on_preamble
ral_sx126x_set_rx_duty_cycle
ral_sx126x_set_lora_cad
ARM GAS  /tmp/ccICfVnl.s 			page 26


ral_sx126x_set_tx_cw
ral_sx126x_set_tx_infinite_preamble
ral_sx126x_cal_img
ral_sx126x_set_tx_cfg
ral_sx126x_set_pkt_payload
ral_sx126x_get_pkt_payload
ral_sx126x_get_irq_status
ral_sx126x_clear_irq_status
ral_sx126x_get_and_clear_irq_status
ral_sx126x_set_dio_irq_params
ral_sx126x_set_rf_freq
ral_sx126x_set_pkt_type
ral_sx126x_get_pkt_type
ral_sx126x_set_gfsk_mod_params
ral_sx126x_set_gfsk_pkt_params
ral_sx126x_set_lora_mod_params
ral_sx126x_set_lora_pkt_params
ral_sx126x_set_lora_cad_params
ral_sx126x_set_lora_symb_nb_timeout
ral_sx126x_set_flrc_mod_params
ral_sx126x_set_flrc_pkt_params
ral_sx126x_get_gfsk_rx_pkt_status
ral_sx126x_get_lora_rx_pkt_status
ral_sx126x_get_flrc_rx_pkt_status
ral_sx126x_get_rssi_inst
ral_sx126x_get_lora_time_on_air_in_ms
ral_sx126x_get_gfsk_time_on_air_in_ms
ral_sx126x_get_flrc_time_on_air_in_ms
ral_sx126x_set_gfsk_sync_word
ral_sx126x_set_lora_sync_word
ral_sx126x_set_flrc_sync_word
ral_sx126x_set_gfsk_crc_params
ral_sx126x_set_flrc_crc_params
ral_sx126x_set_gfsk_whitening_seed
ral_sx126x_lr_fhss_init
ral_sx126x_lr_fhss_build_frame
ral_sx126x_lr_fhss_handle_hop
ral_sx126x_lr_fhss_handle_tx_done
ral_sx126x_lr_fhss_get_time_on_air_in_ms
ral_sx126x_lr_fhss_get_hop_sequence_count
ral_sx126x_get_lora_rx_pkt_cr_crc
ral_sx126x_get_tx_consumption_in_ua
ral_sx126x_get_gfsk_rx_consumption_in_ua
ral_sx126x_get_lora_rx_consumption_in_ua
ral_sx126x_get_random_numbers
ralf_sx126x_setup_gfsk
ralf_sx126x_setup_lora
ralf_sx126x_setup_flrc
