ARM GAS  /tmp/ccDev1ca.s 			page 1


   1              		.cpu cortex-m0
   2              		.eabi_attribute 23, 1
   3              		.eabi_attribute 24, 1
   4              		.eabi_attribute 25, 1
   5              		.eabi_attribute 26, 1
   6              		.eabi_attribute 30, 4
   7              		.eabi_attribute 34, 0
   8              		.eabi_attribute 18, 4
   9              		.file	"smtc_hal_gpio.c"
  10              		.text
  11              		.section	.text.hal_gpio_irq_attach,"ax",%progbits
  12              		.align	1
  13              		.global	hal_gpio_irq_attach
  14              		.arch armv6s-m
  15              		.syntax unified
  16              		.code	16
  17              		.thumb_func
  18              		.fpu softvfp
  20              	hal_gpio_irq_attach:
  21              		@ args = 0, pretend = 0, frame = 0
  22              		@ frame_needed = 0, uses_anonymous_args = 0
  23              		@ link register save eliminated.
  24 0000 0028     		cmp	r0, #0
  25 0002 08D0     		beq	.L1
  26 0004 8368     		ldr	r3, [r0, #8]
  27 0006 002B     		cmp	r3, #0
  28 0008 05D0     		beq	.L1
  29 000a 0F22     		movs	r2, #15
  30 000c 0378     		ldrb	r3, [r0]
  31 000e 1340     		ands	r3, r2
  32 0010 014A     		ldr	r2, .L9
  33 0012 9B00     		lsls	r3, r3, #2
  34 0014 9850     		str	r0, [r3, r2]
  35              	.L1:
  36              		@ sp needed
  37 0016 7047     		bx	lr
  38              	.L10:
  39              		.align	2
  40              	.L9:
  41 0018 00000000 		.word	.LANCHOR0
  43              		.section	.text.gpio_init.constprop.0,"ax",%progbits
  44              		.align	1
  45              		.syntax unified
  46              		.code	16
  47              		.thumb_func
  48              		.fpu softvfp
  50              	gpio_init.constprop.0:
  51              		@ args = 0, pretend = 0, frame = 48
  52              		@ frame_needed = 0, uses_anonymous_args = 0
  53 0000 F0B5     		push	{r4, r5, r6, r7, lr}
  54 0002 1500     		movs	r5, r2
  55 0004 0022     		movs	r2, #0
  56 0006 F023     		movs	r3, #240
  57 0008 8256     		ldrsb	r2, [r0, r2]
  58 000a 0400     		movs	r4, r0
  59 000c 9B01     		lsls	r3, r3, #6
  60 000e 9001     		lsls	r0, r2, #6
ARM GAS  /tmp/ccDev1ca.s 			page 2


  61 0010 0340     		ands	r3, r0
  62 0012 A020     		movs	r0, #160
  63 0014 C005     		lsls	r0, r0, #23
  64 0016 0127     		movs	r7, #1
  65 0018 1E18     		adds	r6, r3, r0
  66 001a 0F20     		movs	r0, #15
  67 001c 0240     		ands	r2, r0
  68 001e 3800     		movs	r0, r7
  69 0020 9040     		lsls	r0, r0, r2
  70 0022 6268     		ldr	r2, [r4, #4]
  71 0024 8DB0     		sub	sp, sp, #52
  72 0026 0892     		str	r2, [sp, #32]
  73 0028 A268     		ldr	r2, [r4, #8]
  74 002a 0790     		str	r0, [sp, #28]
  75 002c 0992     		str	r2, [sp, #36]
  76 002e 0022     		movs	r2, #0
  77 0030 0A92     		str	r2, [sp, #40]
  78 0032 0B92     		str	r2, [sp, #44]
  79 0034 9342     		cmp	r3, r2
  80 0036 30D1     		bne	.L12
  81 0038 484B     		ldr	r3, .L25
  82 003a DA6A     		ldr	r2, [r3, #44]
  83 003c 3A43     		orrs	r2, r7
  84 003e DA62     		str	r2, [r3, #44]
  85 0040 DB6A     		ldr	r3, [r3, #44]
  86 0042 3B40     		ands	r3, r7
  87 0044 0193     		str	r3, [sp, #4]
  88 0046 019B     		ldr	r3, [sp, #4]
  89              	.L13:
  90 0048 CAB2     		uxtb	r2, r1
  91 004a 81B2     		uxth	r1, r0
  92 004c 3000     		movs	r0, r6
  93 004e FFF7FEFF 		bl	HAL_GPIO_WritePin
  94 0052 07A9     		add	r1, sp, #28
  95 0054 3000     		movs	r0, r6
  96 0056 FFF7FEFF 		bl	HAL_GPIO_Init
  97 005a 8821     		movs	r1, #136
  98 005c 6268     		ldr	r2, [r4, #4]
  99 005e 404B     		ldr	r3, .L25+4
 100 0060 4903     		lsls	r1, r1, #13
 101 0062 1340     		ands	r3, r2
 102 0064 8B42     		cmp	r3, r1
 103 0066 03D0     		beq	.L18
 104 0068 8423     		movs	r3, #132
 105 006a 9B03     		lsls	r3, r3, #14
 106 006c 9A42     		cmp	r2, r3
 107 006e 6BD1     		bne	.L11
 108              	.L18:
 109 0070 2800     		movs	r0, r5
 110 0072 FFF7FEFF 		bl	hal_gpio_irq_attach
 111 0076 2078     		ldrb	r0, [r4]
 112 0078 0F23     		movs	r3, #15
 113 007a 0E22     		movs	r2, #14
 114 007c 0100     		movs	r1, r0
 115 007e 0340     		ands	r3, r0
 116 0080 1140     		ands	r1, r2
 117 0082 1042     		tst	r0, r2
ARM GAS  /tmp/ccDev1ca.s 			page 3


 118 0084 59D0     		beq	.L20
 119 0086 023B     		subs	r3, r3, #2
 120 0088 012B     		cmp	r3, #1
 121 008a 5FD9     		bls	.L23
 122 008c 0022     		movs	r2, #0
 123 008e 0720     		movs	r0, #7
 124 0090 1100     		movs	r1, r2
 125 0092 FFF7FEFF 		bl	HAL_NVIC_SetPriority
 126 0096 0720     		movs	r0, #7
 127 0098 54E0     		b	.L24
 128              	.L12:
 129 009a 8022     		movs	r2, #128
 130 009c D200     		lsls	r2, r2, #3
 131 009e 9342     		cmp	r3, r2
 132 00a0 0BD1     		bne	.L14
 133 00a2 0223     		movs	r3, #2
 134 00a4 9C46     		mov	ip, r3
 135 00a6 2D4A     		ldr	r2, .L25
 136 00a8 D76A     		ldr	r7, [r2, #44]
 137 00aa 1F43     		orrs	r7, r3
 138 00ac D762     		str	r7, [r2, #44]
 139 00ae D36A     		ldr	r3, [r2, #44]
 140 00b0 6246     		mov	r2, ip
 141 00b2 1340     		ands	r3, r2
 142 00b4 0293     		str	r3, [sp, #8]
 143 00b6 029B     		ldr	r3, [sp, #8]
 144 00b8 C6E7     		b	.L13
 145              	.L14:
 146 00ba 8022     		movs	r2, #128
 147 00bc 1201     		lsls	r2, r2, #4
 148 00be 9342     		cmp	r3, r2
 149 00c0 0BD1     		bne	.L15
 150 00c2 0423     		movs	r3, #4
 151 00c4 9C46     		mov	ip, r3
 152 00c6 254A     		ldr	r2, .L25
 153 00c8 D76A     		ldr	r7, [r2, #44]
 154 00ca 1F43     		orrs	r7, r3
 155 00cc D762     		str	r7, [r2, #44]
 156 00ce D36A     		ldr	r3, [r2, #44]
 157 00d0 6246     		mov	r2, ip
 158 00d2 1340     		ands	r3, r2
 159 00d4 0393     		str	r3, [sp, #12]
 160 00d6 039B     		ldr	r3, [sp, #12]
 161 00d8 B6E7     		b	.L13
 162              	.L15:
 163 00da C022     		movs	r2, #192
 164 00dc 1201     		lsls	r2, r2, #4
 165 00de 9342     		cmp	r3, r2
 166 00e0 0BD1     		bne	.L16
 167 00e2 0823     		movs	r3, #8
 168 00e4 9C46     		mov	ip, r3
 169 00e6 1D4A     		ldr	r2, .L25
 170 00e8 D76A     		ldr	r7, [r2, #44]
 171 00ea 1F43     		orrs	r7, r3
 172 00ec D762     		str	r7, [r2, #44]
 173 00ee D36A     		ldr	r3, [r2, #44]
 174 00f0 6246     		mov	r2, ip
ARM GAS  /tmp/ccDev1ca.s 			page 4


 175 00f2 1340     		ands	r3, r2
 176 00f4 0493     		str	r3, [sp, #16]
 177 00f6 049B     		ldr	r3, [sp, #16]
 178 00f8 A6E7     		b	.L13
 179              	.L16:
 180 00fa 8022     		movs	r2, #128
 181 00fc 5201     		lsls	r2, r2, #5
 182 00fe 9342     		cmp	r3, r2
 183 0100 0BD1     		bne	.L17
 184 0102 1023     		movs	r3, #16
 185 0104 9C46     		mov	ip, r3
 186 0106 154A     		ldr	r2, .L25
 187 0108 D76A     		ldr	r7, [r2, #44]
 188 010a 1F43     		orrs	r7, r3
 189 010c D762     		str	r7, [r2, #44]
 190 010e D36A     		ldr	r3, [r2, #44]
 191 0110 6246     		mov	r2, ip
 192 0112 1340     		ands	r3, r2
 193 0114 0593     		str	r3, [sp, #20]
 194 0116 059B     		ldr	r3, [sp, #20]
 195 0118 96E7     		b	.L13
 196              	.L17:
 197 011a E022     		movs	r2, #224
 198 011c 5201     		lsls	r2, r2, #5
 199 011e 9342     		cmp	r3, r2
 200 0120 92D1     		bne	.L13
 201 0122 8023     		movs	r3, #128
 202 0124 9C46     		mov	ip, r3
 203 0126 0D4A     		ldr	r2, .L25
 204 0128 D76A     		ldr	r7, [r2, #44]
 205 012a 1F43     		orrs	r7, r3
 206 012c D762     		str	r7, [r2, #44]
 207 012e D36A     		ldr	r3, [r2, #44]
 208 0130 6246     		mov	r2, ip
 209 0132 1340     		ands	r3, r2
 210 0134 0693     		str	r3, [sp, #24]
 211 0136 069B     		ldr	r3, [sp, #24]
 212 0138 86E7     		b	.L13
 213              	.L20:
 214 013a 0520     		movs	r0, #5
 215 013c 0A00     		movs	r2, r1
 216 013e FFF7FEFF 		bl	HAL_NVIC_SetPriority
 217 0142 0520     		movs	r0, #5
 218              	.L24:
 219 0144 FFF7FEFF 		bl	HAL_NVIC_EnableIRQ
 220              	.L11:
 221 0148 0DB0     		add	sp, sp, #52
 222              		@ sp needed
 223 014a F0BD     		pop	{r4, r5, r6, r7, pc}
 224              	.L23:
 225 014c 0022     		movs	r2, #0
 226 014e 0620     		movs	r0, #6
 227 0150 1100     		movs	r1, r2
 228 0152 FFF7FEFF 		bl	HAL_NVIC_SetPriority
 229 0156 0620     		movs	r0, #6
 230 0158 F4E7     		b	.L24
 231              	.L26:
ARM GAS  /tmp/ccDev1ca.s 			page 5


 232 015a C046     		.align	2
 233              	.L25:
 234 015c 00100240 		.word	1073876992
 235 0160 FFFFDFFF 		.word	-2097153
 237              		.section	.text.hal_gpio_init_out,"ax",%progbits
 238              		.align	1
 239              		.global	hal_gpio_init_out
 240              		.syntax unified
 241              		.code	16
 242              		.thumb_func
 243              		.fpu softvfp
 245              	hal_gpio_init_out:
 246              		@ args = 0, pretend = 0, frame = 24
 247              		@ frame_needed = 0, uses_anonymous_args = 0
 248 0000 7FB5     		push	{r0, r1, r2, r3, r4, r5, r6, lr}
 249 0002 0122     		movs	r2, #1
 250 0004 0292     		str	r2, [sp, #8]
 251 0006 0022     		movs	r2, #0
 252 0008 01AB     		add	r3, sp, #4
 253 000a 1870     		strb	r0, [r3]
 254 000c 481E     		subs	r0, r1, #1
 255 000e 8141     		sbcs	r1, r1, r0
 256 0010 1800     		movs	r0, r3
 257 0012 0392     		str	r2, [sp, #12]
 258 0014 0492     		str	r2, [sp, #16]
 259 0016 0592     		str	r2, [sp, #20]
 260 0018 FFF7FEFF 		bl	gpio_init.constprop.0
 261 001c 07B0     		add	sp, sp, #28
 262              		@ sp needed
 263 001e 00BD     		pop	{pc}
 265              		.section	.text.hal_gpio_init_in,"ax",%progbits
 266              		.align	1
 267              		.global	hal_gpio_init_in
 268              		.syntax unified
 269              		.code	16
 270              		.thumb_func
 271              		.fpu softvfp
 273              	hal_gpio_init_in:
 274              		@ args = 0, pretend = 0, frame = 56
 275              		@ frame_needed = 0, uses_anonymous_args = 0
 276 0000 F0B5     		push	{r4, r5, r6, r7, lr}
 277 0002 8FB0     		sub	sp, sp, #60
 278 0004 0192     		str	r2, [sp, #4]
 279 0006 134A     		ldr	r2, .L33
 280 0008 05AF     		add	r7, sp, #20
 281 000a 9446     		mov	ip, r2
 282 000c 1500     		movs	r5, r2
 283 000e 0600     		movs	r6, r0
 284 0010 3800     		movs	r0, r7
 285 0012 0091     		str	r1, [sp]
 286 0014 16CD     		ldmia	r5!, {r1, r2, r4}
 287 0016 16C0     		stmia	r0!, {r1, r2, r4}
 288 0018 6446     		mov	r4, ip
 289 001a 2D68     		ldr	r5, [r5]
 290 001c 1034     		adds	r4, r4, #16
 291 001e 0560     		str	r5, [r0]
 292 0020 02A8     		add	r0, sp, #8
ARM GAS  /tmp/ccDev1ca.s 			page 6


 293 0022 26CC     		ldmia	r4!, {r1, r2, r5}
 294 0024 26C0     		stmia	r0!, {r1, r2, r5}
 295 0026 019A     		ldr	r2, [sp, #4]
 296 0028 09A8     		add	r0, sp, #36
 297 002a 9200     		lsls	r2, r2, #2
 298 002c D259     		ldr	r2, [r2, r7]
 299 002e 0670     		strb	r6, [r0]
 300 0030 4260     		str	r2, [r0, #4]
 301 0032 009A     		ldr	r2, [sp]
 302 0034 9100     		lsls	r1, r2, #2
 303 0036 02AA     		add	r2, sp, #8
 304 0038 8A58     		ldr	r2, [r1, r2]
 305 003a 8260     		str	r2, [r0, #8]
 306 003c 0022     		movs	r2, #0
 307 003e C260     		str	r2, [r0, #12]
 308 0040 0261     		str	r2, [r0, #16]
 309 0042 9342     		cmp	r3, r2
 310 0044 00D0     		beq	.L29
 311 0046 1E70     		strb	r6, [r3]
 312              	.L29:
 313 0048 1A00     		movs	r2, r3
 314 004a 0021     		movs	r1, #0
 315 004c FFF7FEFF 		bl	gpio_init.constprop.0
 316 0050 0FB0     		add	sp, sp, #60
 317              		@ sp needed
 318 0052 F0BD     		pop	{r4, r5, r6, r7, pc}
 319              	.L34:
 320              		.align	2
 321              	.L33:
 322 0054 00000000 		.word	.LANCHOR1
 324              		.section	.text.hal_gpio_irq_deatach,"ax",%progbits
 325              		.align	1
 326              		.global	hal_gpio_irq_deatach
 327              		.syntax unified
 328              		.code	16
 329              		.thumb_func
 330              		.fpu softvfp
 332              	hal_gpio_irq_deatach:
 333              		@ args = 0, pretend = 0, frame = 0
 334              		@ frame_needed = 0, uses_anonymous_args = 0
 335              		@ link register save eliminated.
 336 0000 0028     		cmp	r0, #0
 337 0002 06D0     		beq	.L35
 338 0004 0F22     		movs	r2, #15
 339 0006 0021     		movs	r1, #0
 340 0008 0378     		ldrb	r3, [r0]
 341 000a 1340     		ands	r3, r2
 342 000c 014A     		ldr	r2, .L40
 343 000e 9B00     		lsls	r3, r3, #2
 344 0010 9950     		str	r1, [r3, r2]
 345              	.L35:
 346              		@ sp needed
 347 0012 7047     		bx	lr
 348              	.L41:
 349              		.align	2
 350              	.L40:
 351 0014 00000000 		.word	.LANCHOR0
ARM GAS  /tmp/ccDev1ca.s 			page 7


 353              		.section	.text.hal_gpio_irq_enable,"ax",%progbits
 354              		.align	1
 355              		.global	hal_gpio_irq_enable
 356              		.syntax unified
 357              		.code	16
 358              		.thumb_func
 359              		.fpu softvfp
 361              	hal_gpio_irq_enable:
 362              		@ args = 0, pretend = 0, frame = 0
 363              		@ frame_needed = 0, uses_anonymous_args = 0
 364 0000 10B5     		push	{r4, lr}
 365 0002 0520     		movs	r0, #5
 366              		@ sp needed
 367 0004 FFF7FEFF 		bl	HAL_NVIC_EnableIRQ
 368 0008 0620     		movs	r0, #6
 369 000a FFF7FEFF 		bl	HAL_NVIC_EnableIRQ
 370 000e 0720     		movs	r0, #7
 371 0010 FFF7FEFF 		bl	HAL_NVIC_EnableIRQ
 372 0014 10BD     		pop	{r4, pc}
 374              		.section	.text.hal_gpio_irq_disable,"ax",%progbits
 375              		.align	1
 376              		.global	hal_gpio_irq_disable
 377              		.syntax unified
 378              		.code	16
 379              		.thumb_func
 380              		.fpu softvfp
 382              	hal_gpio_irq_disable:
 383              		@ args = 0, pretend = 0, frame = 0
 384              		@ frame_needed = 0, uses_anonymous_args = 0
 385 0000 10B5     		push	{r4, lr}
 386 0002 0520     		movs	r0, #5
 387              		@ sp needed
 388 0004 FFF7FEFF 		bl	HAL_NVIC_DisableIRQ
 389 0008 0620     		movs	r0, #6
 390 000a FFF7FEFF 		bl	HAL_NVIC_DisableIRQ
 391 000e 0720     		movs	r0, #7
 392 0010 FFF7FEFF 		bl	HAL_NVIC_DisableIRQ
 393 0014 10BD     		pop	{r4, pc}
 395              		.section	.text.hal_gpio_set_value,"ax",%progbits
 396              		.align	1
 397              		.global	hal_gpio_set_value
 398              		.syntax unified
 399              		.code	16
 400              		.thumb_func
 401              		.fpu softvfp
 403              	hal_gpio_set_value:
 404              		@ args = 0, pretend = 0, frame = 0
 405              		@ frame_needed = 0, uses_anonymous_args = 0
 406 0000 4B1E     		subs	r3, r1, #1
 407 0002 9941     		sbcs	r1, r1, r3
 408 0004 0F23     		movs	r3, #15
 409 0006 CAB2     		uxtb	r2, r1
 410 0008 0121     		movs	r1, #1
 411 000a 0340     		ands	r3, r0
 412 000c 9940     		lsls	r1, r1, r3
 413 000e F023     		movs	r3, #240
 414 0010 8001     		lsls	r0, r0, #6
ARM GAS  /tmp/ccDev1ca.s 			page 8


 415 0012 9B01     		lsls	r3, r3, #6
 416 0014 1840     		ands	r0, r3
 417 0016 A023     		movs	r3, #160
 418 0018 10B5     		push	{r4, lr}
 419 001a DB05     		lsls	r3, r3, #23
 420 001c 89B2     		uxth	r1, r1
 421 001e C018     		adds	r0, r0, r3
 422 0020 FFF7FEFF 		bl	HAL_GPIO_WritePin
 423              		@ sp needed
 424 0024 10BD     		pop	{r4, pc}
 426              		.section	.text.hal_gpio_get_value,"ax",%progbits
 427              		.align	1
 428              		.global	hal_gpio_get_value
 429              		.syntax unified
 430              		.code	16
 431              		.thumb_func
 432              		.fpu softvfp
 434              	hal_gpio_get_value:
 435              		@ args = 0, pretend = 0, frame = 0
 436              		@ frame_needed = 0, uses_anonymous_args = 0
 437 0000 0F23     		movs	r3, #15
 438 0002 0121     		movs	r1, #1
 439 0004 0340     		ands	r3, r0
 440 0006 9940     		lsls	r1, r1, r3
 441 0008 F023     		movs	r3, #240
 442 000a 8001     		lsls	r0, r0, #6
 443 000c 9B01     		lsls	r3, r3, #6
 444 000e 1840     		ands	r0, r3
 445 0010 A023     		movs	r3, #160
 446 0012 DB05     		lsls	r3, r3, #23
 447 0014 10B5     		push	{r4, lr}
 448 0016 C018     		adds	r0, r0, r3
 449 0018 89B2     		uxth	r1, r1
 450 001a FFF7FEFF 		bl	HAL_GPIO_ReadPin
 451              		@ sp needed
 452 001e 431E     		subs	r3, r0, #1
 453 0020 9841     		sbcs	r0, r0, r3
 454 0022 10BD     		pop	{r4, pc}
 456              		.section	.text.hal_gpio_clear_pending_irq,"ax",%progbits
 457              		.align	1
 458              		.global	hal_gpio_clear_pending_irq
 459              		.syntax unified
 460              		.code	16
 461              		.thumb_func
 462              		.fpu softvfp
 464              	hal_gpio_clear_pending_irq:
 465              		@ args = 0, pretend = 0, frame = 0
 466              		@ frame_needed = 0, uses_anonymous_args = 0
 467 0000 0F23     		movs	r3, #15
 468 0002 C022     		movs	r2, #192
 469 0004 10B5     		push	{r4, lr}
 470 0006 0E24     		movs	r4, #14
 471 0008 0749     		ldr	r1, .L53
 472 000a 0340     		ands	r3, r0
 473 000c 5200     		lsls	r2, r2, #1
 474 000e 2042     		tst	r0, r4
 475 0010 04D0     		beq	.L47
ARM GAS  /tmp/ccDev1ca.s 			page 9


 476 0012 023B     		subs	r3, r3, #2
 477 0014 012B     		cmp	r3, #1
 478 0016 04D9     		bls	.L51
 479 0018 8023     		movs	r3, #128
 480 001a 00E0     		b	.L52
 481              	.L47:
 482 001c 2023     		movs	r3, #32
 483              	.L52:
 484              		@ sp needed
 485 001e 8B50     		str	r3, [r1, r2]
 486 0020 10BD     		pop	{r4, pc}
 487              	.L51:
 488 0022 4023     		movs	r3, #64
 489 0024 FBE7     		b	.L52
 490              	.L54:
 491 0026 C046     		.align	2
 492              	.L53:
 493 0028 00E100E0 		.word	-536813312
 495              		.section	.text.EXTI0_1_IRQHandler,"ax",%progbits
 496              		.align	1
 497              		.global	EXTI0_1_IRQHandler
 498              		.syntax unified
 499              		.code	16
 500              		.thumb_func
 501              		.fpu softvfp
 503              	EXTI0_1_IRQHandler:
 504              		@ args = 0, pretend = 0, frame = 0
 505              		@ frame_needed = 0, uses_anonymous_args = 0
 506 0000 10B5     		push	{r4, lr}
 507 0002 0120     		movs	r0, #1
 508              		@ sp needed
 509 0004 FFF7FEFF 		bl	HAL_GPIO_EXTI_IRQHandler
 510 0008 0220     		movs	r0, #2
 511 000a FFF7FEFF 		bl	HAL_GPIO_EXTI_IRQHandler
 512 000e 10BD     		pop	{r4, pc}
 514              		.section	.text.EXTI2_3_IRQHandler,"ax",%progbits
 515              		.align	1
 516              		.global	EXTI2_3_IRQHandler
 517              		.syntax unified
 518              		.code	16
 519              		.thumb_func
 520              		.fpu softvfp
 522              	EXTI2_3_IRQHandler:
 523              		@ args = 0, pretend = 0, frame = 0
 524              		@ frame_needed = 0, uses_anonymous_args = 0
 525 0000 10B5     		push	{r4, lr}
 526 0002 0420     		movs	r0, #4
 527              		@ sp needed
 528 0004 FFF7FEFF 		bl	HAL_GPIO_EXTI_IRQHandler
 529 0008 0820     		movs	r0, #8
 530 000a FFF7FEFF 		bl	HAL_GPIO_EXTI_IRQHandler
 531 000e 10BD     		pop	{r4, pc}
 533              		.section	.text.EXTI4_15_IRQHandler,"ax",%progbits
 534              		.align	1
 535              		.global	EXTI4_15_IRQHandler
 536              		.syntax unified
 537              		.code	16
ARM GAS  /tmp/ccDev1ca.s 			page 10


 538              		.thumb_func
 539              		.fpu softvfp
 541              	EXTI4_15_IRQHandler:
 542              		@ args = 0, pretend = 0, frame = 0
 543              		@ frame_needed = 0, uses_anonymous_args = 0
 544 0000 10B5     		push	{r4, lr}
 545 0002 1020     		movs	r0, #16
 546              		@ sp needed
 547 0004 FFF7FEFF 		bl	HAL_GPIO_EXTI_IRQHandler
 548 0008 2020     		movs	r0, #32
 549 000a FFF7FEFF 		bl	HAL_GPIO_EXTI_IRQHandler
 550 000e 4020     		movs	r0, #64
 551 0010 FFF7FEFF 		bl	HAL_GPIO_EXTI_IRQHandler
 552 0014 8020     		movs	r0, #128
 553 0016 FFF7FEFF 		bl	HAL_GPIO_EXTI_IRQHandler
 554 001a 8020     		movs	r0, #128
 555 001c 4000     		lsls	r0, r0, #1
 556 001e FFF7FEFF 		bl	HAL_GPIO_EXTI_IRQHandler
 557 0022 8020     		movs	r0, #128
 558 0024 8000     		lsls	r0, r0, #2
 559 0026 FFF7FEFF 		bl	HAL_GPIO_EXTI_IRQHandler
 560 002a 8020     		movs	r0, #128
 561 002c C000     		lsls	r0, r0, #3
 562 002e FFF7FEFF 		bl	HAL_GPIO_EXTI_IRQHandler
 563 0032 8020     		movs	r0, #128
 564 0034 0001     		lsls	r0, r0, #4
 565 0036 FFF7FEFF 		bl	HAL_GPIO_EXTI_IRQHandler
 566 003a 8020     		movs	r0, #128
 567 003c 4001     		lsls	r0, r0, #5
 568 003e FFF7FEFF 		bl	HAL_GPIO_EXTI_IRQHandler
 569 0042 8020     		movs	r0, #128
 570 0044 8001     		lsls	r0, r0, #6
 571 0046 FFF7FEFF 		bl	HAL_GPIO_EXTI_IRQHandler
 572 004a 8020     		movs	r0, #128
 573 004c C001     		lsls	r0, r0, #7
 574 004e FFF7FEFF 		bl	HAL_GPIO_EXTI_IRQHandler
 575 0052 8020     		movs	r0, #128
 576 0054 0002     		lsls	r0, r0, #8
 577 0056 FFF7FEFF 		bl	HAL_GPIO_EXTI_IRQHandler
 578 005a 10BD     		pop	{r4, pc}
 580              		.section	.text.HAL_GPIO_EXTI_Callback,"ax",%progbits
 581              		.align	1
 582              		.global	HAL_GPIO_EXTI_Callback
 583              		.syntax unified
 584              		.code	16
 585              		.thumb_func
 586              		.fpu softvfp
 588              	HAL_GPIO_EXTI_Callback:
 589              		@ args = 0, pretend = 0, frame = 0
 590              		@ frame_needed = 0, uses_anonymous_args = 0
 591 0000 0300     		movs	r3, r0
 592 0002 10B5     		push	{r4, lr}
 593 0004 0028     		cmp	r0, #0
 594 0006 06D0     		beq	.L60
 595 0008 0023     		movs	r3, #0
 596 000a 02E0     		b	.L59
 597              	.L61:
ARM GAS  /tmp/ccDev1ca.s 			page 11


 598 000c 0133     		adds	r3, r3, #1
 599 000e 4008     		lsrs	r0, r0, #1
 600 0010 DBB2     		uxtb	r3, r3
 601              	.L59:
 602 0012 0128     		cmp	r0, #1
 603 0014 FAD1     		bne	.L61
 604              	.L60:
 605 0016 054A     		ldr	r2, .L70
 606 0018 9B00     		lsls	r3, r3, #2
 607 001a 9B58     		ldr	r3, [r3, r2]
 608 001c 002B     		cmp	r3, #0
 609 001e 04D0     		beq	.L58
 610 0020 9A68     		ldr	r2, [r3, #8]
 611 0022 002A     		cmp	r2, #0
 612 0024 01D0     		beq	.L58
 613 0026 5868     		ldr	r0, [r3, #4]
 614 0028 9047     		blx	r2
 615              	.L58:
 616              		@ sp needed
 617 002a 10BD     		pop	{r4, pc}
 618              	.L71:
 619              		.align	2
 620              	.L70:
 621 002c 00000000 		.word	.LANCHOR0
 623              		.section	.rodata
 624              		.align	2
 625              		.set	.LANCHOR1,. + 0
 626              	.LC0:
 627 0000 00000000 		.word	0
 628 0004 00001100 		.word	1114112
 629 0008 00002100 		.word	2162688
 630 000c 00003100 		.word	3211264
 631              	.LC1:
 632 0010 00000000 		.word	0
 633 0014 01000000 		.word	1
 634 0018 02000000 		.word	2
 635              		.section	.bss.gpio_irq,"aw",%nobits
 636              		.align	2
 637              		.set	.LANCHOR0,. + 0
 640              	gpio_irq:
 641 0000 00000000 		.space	64
 641      00000000 
 641      00000000 
 641      00000000 
 641      00000000 
 642              		.ident	"GCC: (15:10.3-2021.07-4) 10.3.1 20210621 (release)"
ARM GAS  /tmp/ccDev1ca.s 			page 12


DEFINED SYMBOLS
                            *ABS*:0000000000000000 smtc_hal_gpio.c
     /tmp/ccDev1ca.s:12     .text.hal_gpio_irq_attach:0000000000000000 $t
     /tmp/ccDev1ca.s:20     .text.hal_gpio_irq_attach:0000000000000000 hal_gpio_irq_attach
     /tmp/ccDev1ca.s:41     .text.hal_gpio_irq_attach:0000000000000018 $d
     /tmp/ccDev1ca.s:44     .text.gpio_init.constprop.0:0000000000000000 $t
     /tmp/ccDev1ca.s:50     .text.gpio_init.constprop.0:0000000000000000 gpio_init.constprop.0
     /tmp/ccDev1ca.s:234    .text.gpio_init.constprop.0:000000000000015c $d
     /tmp/ccDev1ca.s:238    .text.hal_gpio_init_out:0000000000000000 $t
     /tmp/ccDev1ca.s:245    .text.hal_gpio_init_out:0000000000000000 hal_gpio_init_out
     /tmp/ccDev1ca.s:266    .text.hal_gpio_init_in:0000000000000000 $t
     /tmp/ccDev1ca.s:273    .text.hal_gpio_init_in:0000000000000000 hal_gpio_init_in
     /tmp/ccDev1ca.s:322    .text.hal_gpio_init_in:0000000000000054 $d
     /tmp/ccDev1ca.s:325    .text.hal_gpio_irq_deatach:0000000000000000 $t
     /tmp/ccDev1ca.s:332    .text.hal_gpio_irq_deatach:0000000000000000 hal_gpio_irq_deatach
     /tmp/ccDev1ca.s:351    .text.hal_gpio_irq_deatach:0000000000000014 $d
     /tmp/ccDev1ca.s:354    .text.hal_gpio_irq_enable:0000000000000000 $t
     /tmp/ccDev1ca.s:361    .text.hal_gpio_irq_enable:0000000000000000 hal_gpio_irq_enable
     /tmp/ccDev1ca.s:375    .text.hal_gpio_irq_disable:0000000000000000 $t
     /tmp/ccDev1ca.s:382    .text.hal_gpio_irq_disable:0000000000000000 hal_gpio_irq_disable
     /tmp/ccDev1ca.s:396    .text.hal_gpio_set_value:0000000000000000 $t
     /tmp/ccDev1ca.s:403    .text.hal_gpio_set_value:0000000000000000 hal_gpio_set_value
     /tmp/ccDev1ca.s:427    .text.hal_gpio_get_value:0000000000000000 $t
     /tmp/ccDev1ca.s:434    .text.hal_gpio_get_value:0000000000000000 hal_gpio_get_value
     /tmp/ccDev1ca.s:457    .text.hal_gpio_clear_pending_irq:0000000000000000 $t
     /tmp/ccDev1ca.s:464    .text.hal_gpio_clear_pending_irq:0000000000000000 hal_gpio_clear_pending_irq
     /tmp/ccDev1ca.s:493    .text.hal_gpio_clear_pending_irq:0000000000000028 $d
     /tmp/ccDev1ca.s:496    .text.EXTI0_1_IRQHandler:0000000000000000 $t
     /tmp/ccDev1ca.s:503    .text.EXTI0_1_IRQHandler:0000000000000000 EXTI0_1_IRQHandler
     /tmp/ccDev1ca.s:515    .text.EXTI2_3_IRQHandler:0000000000000000 $t
     /tmp/ccDev1ca.s:522    .text.EXTI2_3_IRQHandler:0000000000000000 EXTI2_3_IRQHandler
     /tmp/ccDev1ca.s:534    .text.EXTI4_15_IRQHandler:0000000000000000 $t
     /tmp/ccDev1ca.s:541    .text.EXTI4_15_IRQHandler:0000000000000000 EXTI4_15_IRQHandler
     /tmp/ccDev1ca.s:581    .text.HAL_GPIO_EXTI_Callback:0000000000000000 $t
     /tmp/ccDev1ca.s:588    .text.HAL_GPIO_EXTI_Callback:0000000000000000 HAL_GPIO_EXTI_Callback
     /tmp/ccDev1ca.s:621    .text.HAL_GPIO_EXTI_Callback:000000000000002c $d
     /tmp/ccDev1ca.s:624    .rodata:0000000000000000 $d
     /tmp/ccDev1ca.s:636    .bss.gpio_irq:0000000000000000 $d
     /tmp/ccDev1ca.s:640    .bss.gpio_irq:0000000000000000 gpio_irq

UNDEFINED SYMBOLS
HAL_GPIO_WritePin
HAL_GPIO_Init
HAL_NVIC_SetPriority
HAL_NVIC_EnableIRQ
HAL_NVIC_DisableIRQ
HAL_GPIO_ReadPin
HAL_GPIO_EXTI_IRQHandler
