ARM GAS  /tmp/cc5xKRWp.s 			page 1


   1              		.cpu cortex-m0
   2              		.eabi_attribute 23, 1
   3              		.eabi_attribute 24, 1
   4              		.eabi_attribute 25, 1
   5              		.eabi_attribute 26, 1
   6              		.eabi_attribute 30, 4
   7              		.eabi_attribute 34, 0
   8              		.eabi_attribute 18, 4
   9              		.file	"stm32l0xx_hal_rtc.c"
  10              		.text
  11              		.section	.text.HAL_RTC_MspInit,"ax",%progbits
  12              		.align	1
  13              		.weak	HAL_RTC_MspInit
  14              		.arch armv6s-m
  15              		.syntax unified
  16              		.code	16
  17              		.thumb_func
  18              		.fpu softvfp
  20              	HAL_RTC_MspInit:
  21              		@ args = 0, pretend = 0, frame = 0
  22              		@ frame_needed = 0, uses_anonymous_args = 0
  23              		@ link register save eliminated.
  24              		@ sp needed
  25 0000 7047     		bx	lr
  27              		.section	.text.HAL_RTC_MspDeInit,"ax",%progbits
  28              		.align	1
  29              		.weak	HAL_RTC_MspDeInit
  30              		.syntax unified
  31              		.code	16
  32              		.thumb_func
  33              		.fpu softvfp
  35              	HAL_RTC_MspDeInit:
  36              		@ args = 0, pretend = 0, frame = 0
  37              		@ frame_needed = 0, uses_anonymous_args = 0
  38              		@ link register save eliminated.
  39              		@ sp needed
  40 0000 7047     		bx	lr
  42              		.section	.text.HAL_RTC_DST_Add1Hour,"ax",%progbits
  43              		.align	1
  44              		.global	HAL_RTC_DST_Add1Hour
  45              		.syntax unified
  46              		.code	16
  47              		.thumb_func
  48              		.fpu softvfp
  50              	HAL_RTC_DST_Add1Hour:
  51              		@ args = 0, pretend = 0, frame = 0
  52              		@ frame_needed = 0, uses_anonymous_args = 0
  53              		@ link register save eliminated.
  54 0000 CA22     		movs	r2, #202
  55              		@ sp needed
  56 0002 0368     		ldr	r3, [r0]
  57 0004 5A62     		str	r2, [r3, #36]
  58 0006 773A     		subs	r2, r2, #119
  59 0008 5A62     		str	r2, [r3, #36]
  60 000a 8022     		movs	r2, #128
  61 000c 9968     		ldr	r1, [r3, #8]
  62 000e 5202     		lsls	r2, r2, #9
ARM GAS  /tmp/cc5xKRWp.s 			page 2


  63 0010 0A43     		orrs	r2, r1
  64 0012 9A60     		str	r2, [r3, #8]
  65 0014 FF22     		movs	r2, #255
  66 0016 5A62     		str	r2, [r3, #36]
  67 0018 7047     		bx	lr
  69              		.section	.text.HAL_RTC_DST_Sub1Hour,"ax",%progbits
  70              		.align	1
  71              		.global	HAL_RTC_DST_Sub1Hour
  72              		.syntax unified
  73              		.code	16
  74              		.thumb_func
  75              		.fpu softvfp
  77              	HAL_RTC_DST_Sub1Hour:
  78              		@ args = 0, pretend = 0, frame = 0
  79              		@ frame_needed = 0, uses_anonymous_args = 0
  80              		@ link register save eliminated.
  81 0000 CA22     		movs	r2, #202
  82              		@ sp needed
  83 0002 0368     		ldr	r3, [r0]
  84 0004 5A62     		str	r2, [r3, #36]
  85 0006 773A     		subs	r2, r2, #119
  86 0008 5A62     		str	r2, [r3, #36]
  87 000a 8022     		movs	r2, #128
  88 000c 9968     		ldr	r1, [r3, #8]
  89 000e 9202     		lsls	r2, r2, #10
  90 0010 0A43     		orrs	r2, r1
  91 0012 9A60     		str	r2, [r3, #8]
  92 0014 FF22     		movs	r2, #255
  93 0016 5A62     		str	r2, [r3, #36]
  94 0018 7047     		bx	lr
  96              		.section	.text.HAL_RTC_DST_SetStoreOperation,"ax",%progbits
  97              		.align	1
  98              		.global	HAL_RTC_DST_SetStoreOperation
  99              		.syntax unified
 100              		.code	16
 101              		.thumb_func
 102              		.fpu softvfp
 104              	HAL_RTC_DST_SetStoreOperation:
 105              		@ args = 0, pretend = 0, frame = 0
 106              		@ frame_needed = 0, uses_anonymous_args = 0
 107              		@ link register save eliminated.
 108 0000 CA22     		movs	r2, #202
 109              		@ sp needed
 110 0002 0368     		ldr	r3, [r0]
 111 0004 5A62     		str	r2, [r3, #36]
 112 0006 773A     		subs	r2, r2, #119
 113 0008 5A62     		str	r2, [r3, #36]
 114 000a 8022     		movs	r2, #128
 115 000c 9968     		ldr	r1, [r3, #8]
 116 000e D202     		lsls	r2, r2, #11
 117 0010 0A43     		orrs	r2, r1
 118 0012 9A60     		str	r2, [r3, #8]
 119 0014 FF22     		movs	r2, #255
 120 0016 5A62     		str	r2, [r3, #36]
 121 0018 7047     		bx	lr
 123              		.section	.text.HAL_RTC_DST_ClearStoreOperation,"ax",%progbits
 124              		.align	1
ARM GAS  /tmp/cc5xKRWp.s 			page 3


 125              		.global	HAL_RTC_DST_ClearStoreOperation
 126              		.syntax unified
 127              		.code	16
 128              		.thumb_func
 129              		.fpu softvfp
 131              	HAL_RTC_DST_ClearStoreOperation:
 132              		@ args = 0, pretend = 0, frame = 0
 133              		@ frame_needed = 0, uses_anonymous_args = 0
 134              		@ link register save eliminated.
 135 0000 CA22     		movs	r2, #202
 136              		@ sp needed
 137 0002 0368     		ldr	r3, [r0]
 138 0004 0449     		ldr	r1, .L7
 139 0006 5A62     		str	r2, [r3, #36]
 140 0008 773A     		subs	r2, r2, #119
 141 000a 5A62     		str	r2, [r3, #36]
 142 000c 9A68     		ldr	r2, [r3, #8]
 143 000e 0A40     		ands	r2, r1
 144 0010 9A60     		str	r2, [r3, #8]
 145 0012 FF22     		movs	r2, #255
 146 0014 5A62     		str	r2, [r3, #36]
 147 0016 7047     		bx	lr
 148              	.L8:
 149              		.align	2
 150              	.L7:
 151 0018 FFFFFBFF 		.word	-262145
 153              		.section	.text.HAL_RTC_DST_ReadStoreOperation,"ax",%progbits
 154              		.align	1
 155              		.global	HAL_RTC_DST_ReadStoreOperation
 156              		.syntax unified
 157              		.code	16
 158              		.thumb_func
 159              		.fpu softvfp
 161              	HAL_RTC_DST_ReadStoreOperation:
 162              		@ args = 0, pretend = 0, frame = 0
 163              		@ frame_needed = 0, uses_anonymous_args = 0
 164              		@ link register save eliminated.
 165 0000 0368     		ldr	r3, [r0]
 166              		@ sp needed
 167 0002 9868     		ldr	r0, [r3, #8]
 168 0004 8023     		movs	r3, #128
 169 0006 DB02     		lsls	r3, r3, #11
 170 0008 1840     		ands	r0, r3
 171 000a 7047     		bx	lr
 173              		.section	.text.HAL_RTC_DeactivateAlarm,"ax",%progbits
 174              		.align	1
 175              		.global	HAL_RTC_DeactivateAlarm
 176              		.syntax unified
 177              		.code	16
 178              		.thumb_func
 179              		.fpu softvfp
 181              	HAL_RTC_DeactivateAlarm:
 182              		@ args = 0, pretend = 0, frame = 8
 183              		@ frame_needed = 0, uses_anonymous_args = 0
 184 0000 F7B5     		push	{r0, r1, r2, r4, r5, r6, r7, lr}
 185 0002 0227     		movs	r7, #2
 186 0004 451C     		adds	r5, r0, #1
ARM GAS  /tmp/cc5xKRWp.s 			page 4


 187 0006 EB7F     		ldrb	r3, [r5, #31]
 188 0008 0400     		movs	r4, r0
 189 000a 3800     		movs	r0, r7
 190 000c 012B     		cmp	r3, #1
 191 000e 27D0     		beq	.L11
 192 0010 0123     		movs	r3, #1
 193 0012 CA22     		movs	r2, #202
 194 0014 E619     		adds	r6, r4, r7
 195 0016 EB77     		strb	r3, [r5, #31]
 196 0018 F777     		strb	r7, [r6, #31]
 197 001a 2368     		ldr	r3, [r4]
 198 001c 5A62     		str	r2, [r3, #36]
 199 001e 773A     		subs	r2, r2, #119
 200 0020 5A62     		str	r2, [r3, #36]
 201 0022 AD32     		adds	r2, r2, #173
 202 0024 9142     		cmp	r1, r2
 203 0026 2AD1     		bne	.L12
 204 0028 9A68     		ldr	r2, [r3, #8]
 205 002a 2249     		ldr	r1, .L22
 206 002c FA27     		movs	r7, #250
 207 002e 0A40     		ands	r2, r1
 208 0030 9A60     		str	r2, [r3, #8]
 209 0032 9A68     		ldr	r2, [r3, #8]
 210 0034 2049     		ldr	r1, .L22+4
 211 0036 BF00     		lsls	r7, r7, #2
 212 0038 0A40     		ands	r2, r1
 213 003a 9A60     		str	r2, [r3, #8]
 214 003c FFF7FEFF 		bl	HAL_GetTick
 215 0040 0090     		str	r0, [sp]
 216              	.L13:
 217 0042 0122     		movs	r2, #1
 218 0044 2368     		ldr	r3, [r4]
 219 0046 DB68     		ldr	r3, [r3, #12]
 220 0048 1A40     		ands	r2, r3
 221 004a 0192     		str	r2, [sp, #4]
 222 004c 0122     		movs	r2, #1
 223 004e 1342     		tst	r3, r2
 224 0050 07D0     		beq	.L14
 225              	.L17:
 226 0052 FF22     		movs	r2, #255
 227 0054 2368     		ldr	r3, [r4]
 228 0056 0020     		movs	r0, #0
 229 0058 5A62     		str	r2, [r3, #36]
 230 005a 0123     		movs	r3, #1
 231 005c F377     		strb	r3, [r6, #31]
 232 005e E877     		strb	r0, [r5, #31]
 233              	.L11:
 234              		@ sp needed
 235 0060 FEBD     		pop	{r1, r2, r3, r4, r5, r6, r7, pc}
 236              	.L14:
 237 0062 FFF7FEFF 		bl	HAL_GetTick
 238 0066 009B     		ldr	r3, [sp]
 239 0068 C01A     		subs	r0, r0, r3
 240 006a B842     		cmp	r0, r7
 241 006c E9D9     		bls	.L13
 242              	.L21:
 243 006e FF22     		movs	r2, #255
ARM GAS  /tmp/cc5xKRWp.s 			page 5


 244 0070 0320     		movs	r0, #3
 245 0072 2368     		ldr	r3, [r4]
 246 0074 5A62     		str	r2, [r3, #36]
 247 0076 F077     		strb	r0, [r6, #31]
 248 0078 019B     		ldr	r3, [sp, #4]
 249 007a EB77     		strb	r3, [r5, #31]
 250 007c F0E7     		b	.L11
 251              	.L12:
 252 007e 9A68     		ldr	r2, [r3, #8]
 253 0080 0E49     		ldr	r1, .L22+8
 254 0082 0A40     		ands	r2, r1
 255 0084 9A60     		str	r2, [r3, #8]
 256 0086 9A68     		ldr	r2, [r3, #8]
 257 0088 0D49     		ldr	r1, .L22+12
 258 008a 0A40     		ands	r2, r1
 259 008c 9A60     		str	r2, [r3, #8]
 260 008e FFF7FEFF 		bl	HAL_GetTick
 261 0092 0090     		str	r0, [sp]
 262              	.L15:
 263 0094 2368     		ldr	r3, [r4]
 264 0096 DB68     		ldr	r3, [r3, #12]
 265 0098 1A00     		movs	r2, r3
 266 009a 3A40     		ands	r2, r7
 267 009c 0192     		str	r2, [sp, #4]
 268 009e 3B42     		tst	r3, r7
 269 00a0 D7D1     		bne	.L17
 270 00a2 FFF7FEFF 		bl	HAL_GetTick
 271 00a6 009B     		ldr	r3, [sp]
 272 00a8 C01A     		subs	r0, r0, r3
 273 00aa FA23     		movs	r3, #250
 274 00ac 9B00     		lsls	r3, r3, #2
 275 00ae 9842     		cmp	r0, r3
 276 00b0 F0D9     		bls	.L15
 277 00b2 DCE7     		b	.L21
 278              	.L23:
 279              		.align	2
 280              	.L22:
 281 00b4 FFFEFFFF 		.word	-257
 282 00b8 FFEFFFFF 		.word	-4097
 283 00bc FFFDFFFF 		.word	-513
 284 00c0 FFDFFFFF 		.word	-8193
 286              		.section	.text.HAL_RTC_AlarmAEventCallback,"ax",%progbits
 287              		.align	1
 288              		.weak	HAL_RTC_AlarmAEventCallback
 289              		.syntax unified
 290              		.code	16
 291              		.thumb_func
 292              		.fpu softvfp
 294              	HAL_RTC_AlarmAEventCallback:
 295              		@ args = 0, pretend = 0, frame = 0
 296              		@ frame_needed = 0, uses_anonymous_args = 0
 297              		@ link register save eliminated.
 298              		@ sp needed
 299 0000 7047     		bx	lr
 301              		.section	.text.HAL_RTC_AlarmIRQHandler,"ax",%progbits
 302              		.align	1
 303              		.global	HAL_RTC_AlarmIRQHandler
ARM GAS  /tmp/cc5xKRWp.s 			page 6


 304              		.syntax unified
 305              		.code	16
 306              		.thumb_func
 307              		.fpu softvfp
 309              	HAL_RTC_AlarmIRQHandler:
 310              		@ args = 0, pretend = 0, frame = 0
 311              		@ frame_needed = 0, uses_anonymous_args = 0
 312 0000 0368     		ldr	r3, [r0]
 313 0002 10B5     		push	{r4, lr}
 314 0004 9A68     		ldr	r2, [r3, #8]
 315 0006 0400     		movs	r4, r0
 316 0008 D204     		lsls	r2, r2, #19
 317 000a 0AD5     		bpl	.L26
 318 000c DB68     		ldr	r3, [r3, #12]
 319 000e DB05     		lsls	r3, r3, #23
 320 0010 07D5     		bpl	.L26
 321 0012 FFF7FEFF 		bl	HAL_RTC_AlarmAEventCallback
 322 0016 2168     		ldr	r1, [r4]
 323 0018 0E4B     		ldr	r3, .L40
 324 001a CA68     		ldr	r2, [r1, #12]
 325 001c D2B2     		uxtb	r2, r2
 326 001e 1343     		orrs	r3, r2
 327 0020 CB60     		str	r3, [r1, #12]
 328              	.L26:
 329 0022 2368     		ldr	r3, [r4]
 330 0024 9A68     		ldr	r2, [r3, #8]
 331 0026 9204     		lsls	r2, r2, #18
 332 0028 0BD5     		bpl	.L27
 333 002a DB68     		ldr	r3, [r3, #12]
 334 002c 9B05     		lsls	r3, r3, #22
 335 002e 08D5     		bpl	.L27
 336 0030 2000     		movs	r0, r4
 337 0032 FFF7FEFF 		bl	HAL_RTCEx_AlarmBEventCallback
 338 0036 2168     		ldr	r1, [r4]
 339 0038 074B     		ldr	r3, .L40+4
 340 003a CA68     		ldr	r2, [r1, #12]
 341 003c D2B2     		uxtb	r2, r2
 342 003e 1343     		orrs	r3, r2
 343 0040 CB60     		str	r3, [r1, #12]
 344              	.L27:
 345 0042 8022     		movs	r2, #128
 346              		@ sp needed
 347 0044 054B     		ldr	r3, .L40+8
 348 0046 9202     		lsls	r2, r2, #10
 349 0048 5A61     		str	r2, [r3, #20]
 350 004a 0123     		movs	r3, #1
 351 004c 0234     		adds	r4, r4, #2
 352 004e E377     		strb	r3, [r4, #31]
 353 0050 10BD     		pop	{r4, pc}
 354              	.L41:
 355 0052 C046     		.align	2
 356              	.L40:
 357 0054 7FFEFFFF 		.word	-385
 358 0058 7FFDFFFF 		.word	-641
 359 005c 00040140 		.word	1073808384
 361              		.section	.text.HAL_RTC_PollForAlarmAEvent,"ax",%progbits
 362              		.align	1
ARM GAS  /tmp/cc5xKRWp.s 			page 7


 363              		.global	HAL_RTC_PollForAlarmAEvent
 364              		.syntax unified
 365              		.code	16
 366              		.thumb_func
 367              		.fpu softvfp
 369              	HAL_RTC_PollForAlarmAEvent:
 370              		@ args = 0, pretend = 0, frame = 0
 371              		@ frame_needed = 0, uses_anonymous_args = 0
 372 0000 F8B5     		push	{r3, r4, r5, r6, r7, lr}
 373 0002 0400     		movs	r4, r0
 374 0004 0D00     		movs	r5, r1
 375 0006 FFF7FEFF 		bl	HAL_GetTick
 376 000a 8027     		movs	r7, #128
 377 000c 0600     		movs	r6, r0
 378 000e 7F00     		lsls	r7, r7, #1
 379              	.L43:
 380 0010 2368     		ldr	r3, [r4]
 381              	.L44:
 382 0012 DA68     		ldr	r2, [r3, #12]
 383 0014 3A42     		tst	r2, r7
 384 0016 09D0     		beq	.L47
 385 0018 D968     		ldr	r1, [r3, #12]
 386 001a 0B4A     		ldr	r2, .L51
 387 001c C9B2     		uxtb	r1, r1
 388 001e 0A43     		orrs	r2, r1
 389 0020 DA60     		str	r2, [r3, #12]
 390 0022 0123     		movs	r3, #1
 391 0024 0234     		adds	r4, r4, #2
 392 0026 0020     		movs	r0, #0
 393 0028 E377     		strb	r3, [r4, #31]
 394 002a 0BE0     		b	.L46
 395              	.L47:
 396 002c 6A1C     		adds	r2, r5, #1
 397 002e F0D0     		beq	.L44
 398 0030 FFF7FEFF 		bl	HAL_GetTick
 399 0034 801B     		subs	r0, r0, r6
 400 0036 A842     		cmp	r0, r5
 401 0038 01D8     		bhi	.L45
 402 003a 002D     		cmp	r5, #0
 403 003c E8D1     		bne	.L43
 404              	.L45:
 405 003e 0320     		movs	r0, #3
 406 0040 0234     		adds	r4, r4, #2
 407 0042 E077     		strb	r0, [r4, #31]
 408              	.L46:
 409              		@ sp needed
 410 0044 F8BD     		pop	{r3, r4, r5, r6, r7, pc}
 411              	.L52:
 412 0046 C046     		.align	2
 413              	.L51:
 414 0048 7FFEFFFF 		.word	-385
 416              		.section	.text.HAL_RTC_WaitForSynchro,"ax",%progbits
 417              		.align	1
 418              		.global	HAL_RTC_WaitForSynchro
 419              		.syntax unified
 420              		.code	16
 421              		.thumb_func
ARM GAS  /tmp/cc5xKRWp.s 			page 8


 422              		.fpu softvfp
 424              	HAL_RTC_WaitForSynchro:
 425              		@ args = 0, pretend = 0, frame = 0
 426              		@ frame_needed = 0, uses_anonymous_args = 0
 427 0000 A021     		movs	r1, #160
 428 0002 0268     		ldr	r2, [r0]
 429 0004 F8B5     		push	{r3, r4, r5, r6, r7, lr}
 430 0006 D368     		ldr	r3, [r2, #12]
 431 0008 0400     		movs	r4, r0
 432 000a 8B43     		bics	r3, r1
 433 000c D360     		str	r3, [r2, #12]
 434 000e FFF7FEFF 		bl	HAL_GetTick
 435 0012 FA27     		movs	r7, #250
 436 0014 0500     		movs	r5, r0
 437 0016 2026     		movs	r6, #32
 438 0018 BF00     		lsls	r7, r7, #2
 439              	.L54:
 440 001a 2368     		ldr	r3, [r4]
 441 001c DB68     		ldr	r3, [r3, #12]
 442 001e 3342     		tst	r3, r6
 443 0020 01D0     		beq	.L56
 444 0022 0020     		movs	r0, #0
 445              	.L55:
 446              		@ sp needed
 447 0024 F8BD     		pop	{r3, r4, r5, r6, r7, pc}
 448              	.L56:
 449 0026 FFF7FEFF 		bl	HAL_GetTick
 450 002a 401B     		subs	r0, r0, r5
 451 002c B842     		cmp	r0, r7
 452 002e F4D9     		bls	.L54
 453 0030 0320     		movs	r0, #3
 454 0032 F7E7     		b	.L55
 456              		.section	.text.HAL_RTC_GetState,"ax",%progbits
 457              		.align	1
 458              		.global	HAL_RTC_GetState
 459              		.syntax unified
 460              		.code	16
 461              		.thumb_func
 462              		.fpu softvfp
 464              	HAL_RTC_GetState:
 465              		@ args = 0, pretend = 0, frame = 0
 466              		@ frame_needed = 0, uses_anonymous_args = 0
 467              		@ link register save eliminated.
 468 0000 0230     		adds	r0, r0, #2
 469 0002 C07F     		ldrb	r0, [r0, #31]
 470              		@ sp needed
 471 0004 C0B2     		uxtb	r0, r0
 472 0006 7047     		bx	lr
 474              		.section	.text.RTC_EnterInitMode,"ax",%progbits
 475              		.align	1
 476              		.global	RTC_EnterInitMode
 477              		.syntax unified
 478              		.code	16
 479              		.thumb_func
 480              		.fpu softvfp
 482              	RTC_EnterInitMode:
 483              		@ args = 0, pretend = 0, frame = 0
ARM GAS  /tmp/cc5xKRWp.s 			page 9


 484              		@ frame_needed = 0, uses_anonymous_args = 0
 485 0000 F8B5     		push	{r3, r4, r5, r6, r7, lr}
 486 0002 4026     		movs	r6, #64
 487 0004 0368     		ldr	r3, [r0]
 488 0006 0400     		movs	r4, r0
 489 0008 DA68     		ldr	r2, [r3, #12]
 490 000a 3242     		tst	r2, r6
 491 000c 01D0     		beq	.L60
 492              	.L64:
 493 000e 0020     		movs	r0, #0
 494              	.L61:
 495              		@ sp needed
 496 0010 F8BD     		pop	{r3, r4, r5, r6, r7, pc}
 497              	.L60:
 498 0012 0122     		movs	r2, #1
 499 0014 5242     		rsbs	r2, r2, #0
 500 0016 DA60     		str	r2, [r3, #12]
 501 0018 FFF7FEFF 		bl	HAL_GetTick
 502 001c FA27     		movs	r7, #250
 503 001e 0500     		movs	r5, r0
 504 0020 BF00     		lsls	r7, r7, #2
 505              	.L62:
 506 0022 2368     		ldr	r3, [r4]
 507 0024 DB68     		ldr	r3, [r3, #12]
 508 0026 3342     		tst	r3, r6
 509 0028 F1D1     		bne	.L64
 510 002a FFF7FEFF 		bl	HAL_GetTick
 511 002e 401B     		subs	r0, r0, r5
 512 0030 B842     		cmp	r0, r7
 513 0032 F6D9     		bls	.L62
 514 0034 0320     		movs	r0, #3
 515 0036 EBE7     		b	.L61
 517              		.section	.text.HAL_RTC_Init,"ax",%progbits
 518              		.align	1
 519              		.global	HAL_RTC_Init
 520              		.syntax unified
 521              		.code	16
 522              		.thumb_func
 523              		.fpu softvfp
 525              	HAL_RTC_Init:
 526              		@ args = 0, pretend = 0, frame = 0
 527              		@ frame_needed = 0, uses_anonymous_args = 0
 528 0000 70B5     		push	{r4, r5, r6, lr}
 529 0002 0400     		movs	r4, r0
 530 0004 0125     		movs	r5, #1
 531 0006 0028     		cmp	r0, #0
 532 0008 1AD0     		beq	.L67
 533 000a 861C     		adds	r6, r0, #2
 534 000c F37F     		ldrb	r3, [r6, #31]
 535 000e DAB2     		uxtb	r2, r3
 536 0010 002B     		cmp	r3, #0
 537 0012 03D1     		bne	.L68
 538 0014 4319     		adds	r3, r0, r5
 539 0016 DA77     		strb	r2, [r3, #31]
 540 0018 FFF7FEFF 		bl	HAL_RTC_MspInit
 541              	.L68:
 542 001c 0223     		movs	r3, #2
ARM GAS  /tmp/cc5xKRWp.s 			page 10


 543 001e CA22     		movs	r2, #202
 544 0020 F377     		strb	r3, [r6, #31]
 545 0022 2368     		ldr	r3, [r4]
 546 0024 2000     		movs	r0, r4
 547 0026 5A62     		str	r2, [r3, #36]
 548 0028 773A     		subs	r2, r2, #119
 549 002a 5A62     		str	r2, [r3, #36]
 550 002c FFF7FEFF 		bl	RTC_EnterInitMode
 551 0030 2368     		ldr	r3, [r4]
 552 0032 051E     		subs	r5, r0, #0
 553 0034 06D0     		beq	.L69
 554 0036 FF22     		movs	r2, #255
 555 0038 5A62     		str	r2, [r3, #36]
 556 003a 0423     		movs	r3, #4
 557 003c F377     		strb	r3, [r6, #31]
 558              	.L75:
 559 003e 0125     		movs	r5, #1
 560              	.L67:
 561              		@ sp needed
 562 0040 2800     		movs	r0, r5
 563 0042 70BD     		pop	{r4, r5, r6, pc}
 564              	.L69:
 565 0044 9A68     		ldr	r2, [r3, #8]
 566 0046 1B49     		ldr	r1, .L76
 567 0048 2069     		ldr	r0, [r4, #16]
 568 004a 0A40     		ands	r2, r1
 569 004c 9A60     		str	r2, [r3, #8]
 570 004e 6268     		ldr	r2, [r4, #4]
 571 0050 9968     		ldr	r1, [r3, #8]
 572 0052 0243     		orrs	r2, r0
 573 0054 A069     		ldr	r0, [r4, #24]
 574 0056 0243     		orrs	r2, r0
 575 0058 0A43     		orrs	r2, r1
 576 005a 9A60     		str	r2, [r3, #8]
 577 005c E268     		ldr	r2, [r4, #12]
 578 005e 6069     		ldr	r0, [r4, #20]
 579 0060 1A61     		str	r2, [r3, #16]
 580 0062 A268     		ldr	r2, [r4, #8]
 581 0064 1969     		ldr	r1, [r3, #16]
 582 0066 1204     		lsls	r2, r2, #16
 583 0068 0A43     		orrs	r2, r1
 584 006a 8021     		movs	r1, #128
 585 006c 1A61     		str	r2, [r3, #16]
 586 006e DA68     		ldr	r2, [r3, #12]
 587 0070 8A43     		bics	r2, r1
 588 0072 DA60     		str	r2, [r3, #12]
 589 0074 DA6C     		ldr	r2, [r3, #76]
 590 0076 7D39     		subs	r1, r1, #125
 591 0078 8A43     		bics	r2, r1
 592 007a DA64     		str	r2, [r3, #76]
 593 007c E269     		ldr	r2, [r4, #28]
 594 007e D96C     		ldr	r1, [r3, #76]
 595 0080 0243     		orrs	r2, r0
 596 0082 0A43     		orrs	r2, r1
 597 0084 DA64     		str	r2, [r3, #76]
 598 0086 9B68     		ldr	r3, [r3, #8]
 599 0088 9B06     		lsls	r3, r3, #26
ARM GAS  /tmp/cc5xKRWp.s 			page 11


 600 008a 0CD4     		bmi	.L70
 601 008c 2000     		movs	r0, r4
 602 008e FFF7FEFF 		bl	HAL_RTC_WaitForSynchro
 603 0092 0028     		cmp	r0, #0
 604 0094 07D0     		beq	.L70
 605 0096 FF22     		movs	r2, #255
 606 0098 2368     		ldr	r3, [r4]
 607 009a 0134     		adds	r4, r4, #1
 608 009c 5A62     		str	r2, [r3, #36]
 609 009e 0423     		movs	r3, #4
 610 00a0 F377     		strb	r3, [r6, #31]
 611 00a2 E577     		strb	r5, [r4, #31]
 612 00a4 CBE7     		b	.L75
 613              	.L70:
 614 00a6 FF22     		movs	r2, #255
 615 00a8 2368     		ldr	r3, [r4]
 616 00aa 5A62     		str	r2, [r3, #36]
 617 00ac 0123     		movs	r3, #1
 618 00ae F377     		strb	r3, [r6, #31]
 619 00b0 C6E7     		b	.L67
 620              	.L77:
 621 00b2 C046     		.align	2
 622              	.L76:
 623 00b4 BFFF8FFF 		.word	-7340097
 625              		.section	.text.HAL_RTC_DeInit,"ax",%progbits
 626              		.align	1
 627              		.global	HAL_RTC_DeInit
 628              		.syntax unified
 629              		.code	16
 630              		.thumb_func
 631              		.fpu softvfp
 633              	HAL_RTC_DeInit:
 634              		@ args = 0, pretend = 0, frame = 8
 635              		@ frame_needed = 0, uses_anonymous_args = 0
 636 0000 0223     		movs	r3, #2
 637 0002 F7B5     		push	{r0, r1, r2, r4, r5, r6, r7, lr}
 638 0004 CA22     		movs	r2, #202
 639 0006 861C     		adds	r6, r0, #2
 640 0008 F377     		strb	r3, [r6, #31]
 641 000a 0368     		ldr	r3, [r0]
 642 000c 0400     		movs	r4, r0
 643 000e 5A62     		str	r2, [r3, #36]
 644 0010 773A     		subs	r2, r2, #119
 645 0012 5A62     		str	r2, [r3, #36]
 646 0014 FFF7FEFF 		bl	RTC_EnterInitMode
 647 0018 2368     		ldr	r3, [r4]
 648 001a 051E     		subs	r5, r0, #0
 649 001c 05D0     		beq	.L79
 650 001e FF22     		movs	r2, #255
 651 0020 5A62     		str	r2, [r3, #36]
 652 0022 0423     		movs	r3, #4
 653 0024 F377     		strb	r3, [r6, #31]
 654              	.L88:
 655 0026 0125     		movs	r5, #1
 656 0028 38E0     		b	.L80
 657              	.L79:
 658 002a 0721     		movs	r1, #7
ARM GAS  /tmp/cc5xKRWp.s 			page 12


 659 002c 224A     		ldr	r2, .L89
 660 002e 1860     		str	r0, [r3]
 661 0030 5A60     		str	r2, [r3, #4]
 662 0032 9A68     		ldr	r2, [r3, #8]
 663 0034 0427     		movs	r7, #4
 664 0036 0A40     		ands	r2, r1
 665 0038 9A60     		str	r2, [r3, #8]
 666 003a FFF7FEFF 		bl	HAL_GetTick
 667 003e 0190     		str	r0, [sp, #4]
 668              	.L81:
 669 0040 2368     		ldr	r3, [r4]
 670 0042 DA68     		ldr	r2, [r3, #12]
 671 0044 3A42     		tst	r2, r7
 672 0046 1CD0     		beq	.L82
 673 0048 9A68     		ldr	r2, [r3, #8]
 674 004a 0022     		movs	r2, #0
 675 004c 1B49     		ldr	r1, .L89+4
 676 004e 9A60     		str	r2, [r3, #8]
 677 0050 5961     		str	r1, [r3, #20]
 678 0052 1B49     		ldr	r1, .L89+8
 679 0054 1961     		str	r1, [r3, #16]
 680 0056 DA61     		str	r2, [r3, #28]
 681 0058 1A62     		str	r2, [r3, #32]
 682 005a DA62     		str	r2, [r3, #44]
 683 005c DA63     		str	r2, [r3, #60]
 684 005e 5A64     		str	r2, [r3, #68]
 685 0060 9A64     		str	r2, [r3, #72]
 686 0062 DA60     		str	r2, [r3, #12]
 687 0064 1A64     		str	r2, [r3, #64]
 688 0066 DA64     		str	r2, [r3, #76]
 689 0068 9B68     		ldr	r3, [r3, #8]
 690 006a 9B06     		lsls	r3, r3, #26
 691 006c 18D4     		bmi	.L83
 692 006e 2000     		movs	r0, r4
 693 0070 FFF7FEFF 		bl	HAL_RTC_WaitForSynchro
 694 0074 0028     		cmp	r0, #0
 695 0076 13D0     		beq	.L83
 696 0078 FF22     		movs	r2, #255
 697 007a 2368     		ldr	r3, [r4]
 698 007c 5A62     		str	r2, [r3, #36]
 699 007e F777     		strb	r7, [r6, #31]
 700 0080 D1E7     		b	.L88
 701              	.L82:
 702 0082 FFF7FEFF 		bl	HAL_GetTick
 703 0086 019B     		ldr	r3, [sp, #4]
 704 0088 C01A     		subs	r0, r0, r3
 705 008a FA23     		movs	r3, #250
 706 008c 9B00     		lsls	r3, r3, #2
 707 008e 9842     		cmp	r0, r3
 708 0090 D6D9     		bls	.L81
 709 0092 FF22     		movs	r2, #255
 710 0094 0325     		movs	r5, #3
 711 0096 2368     		ldr	r3, [r4]
 712 0098 5A62     		str	r2, [r3, #36]
 713 009a F577     		strb	r5, [r6, #31]
 714              	.L80:
 715 009c 2800     		movs	r0, r5
ARM GAS  /tmp/cc5xKRWp.s 			page 13


 716              		@ sp needed
 717 009e FEBD     		pop	{r1, r2, r3, r4, r5, r6, r7, pc}
 718              	.L83:
 719 00a0 FF22     		movs	r2, #255
 720 00a2 2368     		ldr	r3, [r4]
 721 00a4 2000     		movs	r0, r4
 722 00a6 5A62     		str	r2, [r3, #36]
 723 00a8 FFF7FEFF 		bl	HAL_RTC_MspDeInit
 724 00ac 0023     		movs	r3, #0
 725 00ae 0134     		adds	r4, r4, #1
 726 00b0 F377     		strb	r3, [r6, #31]
 727 00b2 E377     		strb	r3, [r4, #31]
 728 00b4 F2E7     		b	.L80
 729              	.L90:
 730 00b6 C046     		.align	2
 731              	.L89:
 732 00b8 01210000 		.word	8449
 733 00bc FFFF0000 		.word	65535
 734 00c0 FF007F00 		.word	8323327
 736              		.section	.text.RTC_ByteToBcd2,"ax",%progbits
 737              		.align	1
 738              		.global	RTC_ByteToBcd2
 739              		.syntax unified
 740              		.code	16
 741              		.thumb_func
 742              		.fpu softvfp
 744              	RTC_ByteToBcd2:
 745              		@ args = 0, pretend = 0, frame = 0
 746              		@ frame_needed = 0, uses_anonymous_args = 0
 747              		@ link register save eliminated.
 748 0000 0023     		movs	r3, #0
 749              	.L92:
 750 0002 0928     		cmp	r0, #9
 751 0004 03D8     		bhi	.L93
 752              		@ sp needed
 753 0006 1B01     		lsls	r3, r3, #4
 754 0008 1843     		orrs	r0, r3
 755 000a C0B2     		uxtb	r0, r0
 756 000c 7047     		bx	lr
 757              	.L93:
 758 000e 0A38     		subs	r0, r0, #10
 759 0010 0133     		adds	r3, r3, #1
 760 0012 C0B2     		uxtb	r0, r0
 761 0014 F5E7     		b	.L92
 763              		.section	.text.HAL_RTC_SetTime,"ax",%progbits
 764              		.align	1
 765              		.global	HAL_RTC_SetTime
 766              		.syntax unified
 767              		.code	16
 768              		.thumb_func
 769              		.fpu softvfp
 771              	HAL_RTC_SetTime:
 772              		@ args = 0, pretend = 0, frame = 16
 773              		@ frame_needed = 0, uses_anonymous_args = 0
 774 0000 F0B5     		push	{r4, r5, r6, r7, lr}
 775 0002 431C     		adds	r3, r0, #1
 776 0004 85B0     		sub	sp, sp, #20
ARM GAS  /tmp/cc5xKRWp.s 			page 14


 777 0006 0193     		str	r3, [sp, #4]
 778 0008 0C00     		movs	r4, r1
 779 000a D97F     		ldrb	r1, [r3, #31]
 780 000c 0223     		movs	r3, #2
 781 000e 0500     		movs	r5, r0
 782 0010 1F00     		movs	r7, r3
 783 0012 0129     		cmp	r1, #1
 784 0014 36D0     		beq	.L95
 785 0016 0121     		movs	r1, #1
 786 0018 4018     		adds	r0, r0, r1
 787 001a C177     		strb	r1, [r0, #31]
 788 001c E918     		adds	r1, r5, r3
 789 001e CB77     		strb	r3, [r1, #31]
 790 0020 2F68     		ldr	r7, [r5]
 791 0022 2078     		ldrb	r0, [r4]
 792 0024 6678     		ldrb	r6, [r4, #1]
 793 0026 0291     		str	r1, [sp, #8]
 794 0028 3E33     		adds	r3, r3, #62
 795 002a 002A     		cmp	r2, #0
 796 002c 2DD1     		bne	.L96
 797 002e BA68     		ldr	r2, [r7, #8]
 798 0030 1100     		movs	r1, r2
 799 0032 1940     		ands	r1, r3
 800 0034 1A42     		tst	r2, r3
 801 0036 00D1     		bne	.L97
 802 0038 E170     		strb	r1, [r4, #3]
 803              	.L97:
 804 003a FFF7FEFF 		bl	RTC_ByteToBcd2
 805 003e 0390     		str	r0, [sp, #12]
 806 0040 3000     		movs	r0, r6
 807 0042 FFF7FEFF 		bl	RTC_ByteToBcd2
 808 0046 0600     		movs	r6, r0
 809 0048 A078     		ldrb	r0, [r4, #2]
 810 004a FFF7FEFF 		bl	RTC_ByteToBcd2
 811 004e E378     		ldrb	r3, [r4, #3]
 812 0050 039A     		ldr	r2, [sp, #12]
 813 0052 1B04     		lsls	r3, r3, #16
 814 0054 0343     		orrs	r3, r0
 815 0056 1204     		lsls	r2, r2, #16
 816 0058 1343     		orrs	r3, r2
 817 005a 3602     		lsls	r6, r6, #8
 818              	.L106:
 819 005c 1E43     		orrs	r6, r3
 820 005e CA23     		movs	r3, #202
 821 0060 7B62     		str	r3, [r7, #36]
 822 0062 773B     		subs	r3, r3, #119
 823 0064 7B62     		str	r3, [r7, #36]
 824 0066 2800     		movs	r0, r5
 825 0068 FFF7FEFF 		bl	RTC_EnterInitMode
 826 006c 2B68     		ldr	r3, [r5]
 827 006e 071E     		subs	r7, r0, #0
 828 0070 19D0     		beq	.L100
 829 0072 FF22     		movs	r2, #255
 830 0074 5A62     		str	r2, [r3, #36]
 831 0076 0423     		movs	r3, #4
 832 0078 029A     		ldr	r2, [sp, #8]
 833 007a D377     		strb	r3, [r2, #31]
ARM GAS  /tmp/cc5xKRWp.s 			page 15


 834 007c 0023     		movs	r3, #0
 835 007e 019A     		ldr	r2, [sp, #4]
 836 0080 D377     		strb	r3, [r2, #31]
 837              	.L107:
 838 0082 0127     		movs	r7, #1
 839              	.L95:
 840 0084 3800     		movs	r0, r7
 841 0086 05B0     		add	sp, sp, #20
 842              		@ sp needed
 843 0088 F0BD     		pop	{r4, r5, r6, r7, pc}
 844              	.L96:
 845 008a BA68     		ldr	r2, [r7, #8]
 846 008c 1100     		movs	r1, r2
 847 008e 1940     		ands	r1, r3
 848 0090 1A42     		tst	r2, r3
 849 0092 00D1     		bne	.L99
 850 0094 E170     		strb	r1, [r4, #3]
 851              	.L99:
 852 0096 0004     		lsls	r0, r0, #16
 853 0098 3602     		lsls	r6, r6, #8
 854 009a 0643     		orrs	r6, r0
 855 009c E378     		ldrb	r3, [r4, #3]
 856 009e A078     		ldrb	r0, [r4, #2]
 857 00a0 1B04     		lsls	r3, r3, #16
 858 00a2 0643     		orrs	r6, r0
 859 00a4 DAE7     		b	.L106
 860              	.L100:
 861 00a6 1648     		ldr	r0, .L108
 862 00a8 1649     		ldr	r1, .L108+4
 863 00aa 0640     		ands	r6, r0
 864 00ac 1E60     		str	r6, [r3]
 865 00ae 9A68     		ldr	r2, [r3, #8]
 866 00b0 2069     		ldr	r0, [r4, #16]
 867 00b2 0A40     		ands	r2, r1
 868 00b4 9A60     		str	r2, [r3, #8]
 869 00b6 E268     		ldr	r2, [r4, #12]
 870 00b8 9968     		ldr	r1, [r3, #8]
 871 00ba 0243     		orrs	r2, r0
 872 00bc 0A43     		orrs	r2, r1
 873 00be 8021     		movs	r1, #128
 874 00c0 9A60     		str	r2, [r3, #8]
 875 00c2 DA68     		ldr	r2, [r3, #12]
 876 00c4 8A43     		bics	r2, r1
 877 00c6 DA60     		str	r2, [r3, #12]
 878 00c8 9B68     		ldr	r3, [r3, #8]
 879 00ca 9B06     		lsls	r3, r3, #26
 880 00cc 0DD4     		bmi	.L101
 881 00ce 2800     		movs	r0, r5
 882 00d0 FFF7FEFF 		bl	HAL_RTC_WaitForSynchro
 883 00d4 0028     		cmp	r0, #0
 884 00d6 08D0     		beq	.L101
 885 00d8 FF22     		movs	r2, #255
 886 00da 2B68     		ldr	r3, [r5]
 887 00dc 5A62     		str	r2, [r3, #36]
 888 00de 0423     		movs	r3, #4
 889 00e0 029A     		ldr	r2, [sp, #8]
 890 00e2 D377     		strb	r3, [r2, #31]
ARM GAS  /tmp/cc5xKRWp.s 			page 16


 891 00e4 019B     		ldr	r3, [sp, #4]
 892 00e6 DF77     		strb	r7, [r3, #31]
 893 00e8 CBE7     		b	.L107
 894              	.L101:
 895 00ea FF22     		movs	r2, #255
 896 00ec 2B68     		ldr	r3, [r5]
 897 00ee 5A62     		str	r2, [r3, #36]
 898 00f0 0123     		movs	r3, #1
 899 00f2 029A     		ldr	r2, [sp, #8]
 900 00f4 D377     		strb	r3, [r2, #31]
 901 00f6 0023     		movs	r3, #0
 902 00f8 019A     		ldr	r2, [sp, #4]
 903 00fa D377     		strb	r3, [r2, #31]
 904 00fc C2E7     		b	.L95
 905              	.L109:
 906 00fe C046     		.align	2
 907              	.L108:
 908 0100 7F7F7F00 		.word	8355711
 909 0104 FFFFFBFF 		.word	-262145
 911              		.section	.text.HAL_RTC_SetDate,"ax",%progbits
 912              		.align	1
 913              		.global	HAL_RTC_SetDate
 914              		.syntax unified
 915              		.code	16
 916              		.thumb_func
 917              		.fpu softvfp
 919              	HAL_RTC_SetDate:
 920              		@ args = 0, pretend = 0, frame = 16
 921              		@ frame_needed = 0, uses_anonymous_args = 0
 922 0000 0223     		movs	r3, #2
 923 0002 F0B5     		push	{r4, r5, r6, r7, lr}
 924 0004 471C     		adds	r7, r0, #1
 925 0006 0E00     		movs	r6, r1
 926 0008 F97F     		ldrb	r1, [r7, #31]
 927 000a 0400     		movs	r4, r0
 928 000c 1D00     		movs	r5, r3
 929 000e 85B0     		sub	sp, sp, #20
 930 0010 0129     		cmp	r1, #1
 931 0012 36D0     		beq	.L124
 932 0014 0121     		movs	r1, #1
 933 0016 F977     		strb	r1, [r7, #31]
 934 0018 C118     		adds	r1, r0, r3
 935 001a CB77     		strb	r3, [r1, #31]
 936 001c 0191     		str	r1, [sp, #4]
 937 001e 3178     		ldrb	r1, [r6]
 938 0020 F078     		ldrb	r0, [r6, #3]
 939 0022 4903     		lsls	r1, r1, #13
 940 0024 7378     		ldrb	r3, [r6, #1]
 941 0026 B578     		ldrb	r5, [r6, #2]
 942 0028 0291     		str	r1, [sp, #8]
 943 002a 002A     		cmp	r2, #0
 944 002c 4CD1     		bne	.L112
 945 002e 1032     		adds	r2, r2, #16
 946 0030 1342     		tst	r3, r2
 947 0032 02D0     		beq	.L113
 948 0034 9343     		bics	r3, r2
 949 0036 0A33     		adds	r3, r3, #10
ARM GAS  /tmp/cc5xKRWp.s 			page 17


 950 0038 7370     		strb	r3, [r6, #1]
 951              	.L113:
 952 003a FFF7FEFF 		bl	RTC_ByteToBcd2
 953 003e 0390     		str	r0, [sp, #12]
 954 0040 7078     		ldrb	r0, [r6, #1]
 955 0042 FFF7FEFF 		bl	RTC_ByteToBcd2
 956 0046 0600     		movs	r6, r0
 957 0048 2800     		movs	r0, r5
 958 004a FFF7FEFF 		bl	RTC_ByteToBcd2
 959 004e 039B     		ldr	r3, [sp, #12]
 960 0050 3602     		lsls	r6, r6, #8
 961 0052 1D04     		lsls	r5, r3, #16
 962 0054 029B     		ldr	r3, [sp, #8]
 963 0056 1843     		orrs	r0, r3
 964 0058 0543     		orrs	r5, r0
 965              	.L125:
 966 005a CA22     		movs	r2, #202
 967 005c 2368     		ldr	r3, [r4]
 968 005e 2000     		movs	r0, r4
 969 0060 5A62     		str	r2, [r3, #36]
 970 0062 773A     		subs	r2, r2, #119
 971 0064 5A62     		str	r2, [r3, #36]
 972 0066 FFF7FEFF 		bl	RTC_EnterInitMode
 973 006a 2E43     		orrs	r6, r5
 974 006c 2368     		ldr	r3, [r4]
 975 006e 051E     		subs	r5, r0, #0
 976 0070 0AD0     		beq	.L114
 977 0072 FF22     		movs	r2, #255
 978 0074 5A62     		str	r2, [r3, #36]
 979 0076 0423     		movs	r3, #4
 980 0078 019A     		ldr	r2, [sp, #4]
 981 007a D377     		strb	r3, [r2, #31]
 982 007c 0023     		movs	r3, #0
 983 007e FB77     		strb	r3, [r7, #31]
 984              	.L126:
 985 0080 0125     		movs	r5, #1
 986              	.L124:
 987 0082 2800     		movs	r0, r5
 988 0084 05B0     		add	sp, sp, #20
 989              		@ sp needed
 990 0086 F0BD     		pop	{r4, r5, r6, r7, pc}
 991              	.L114:
 992 0088 8021     		movs	r1, #128
 993 008a 1248     		ldr	r0, .L127
 994 008c 0640     		ands	r6, r0
 995 008e 5E60     		str	r6, [r3, #4]
 996 0090 DA68     		ldr	r2, [r3, #12]
 997 0092 8A43     		bics	r2, r1
 998 0094 DA60     		str	r2, [r3, #12]
 999 0096 9B68     		ldr	r3, [r3, #8]
 1000 0098 9B06     		lsls	r3, r3, #26
 1001 009a 0CD4     		bmi	.L115
 1002 009c 2000     		movs	r0, r4
 1003 009e FFF7FEFF 		bl	HAL_RTC_WaitForSynchro
 1004 00a2 0028     		cmp	r0, #0
 1005 00a4 07D0     		beq	.L115
 1006 00a6 FF22     		movs	r2, #255
ARM GAS  /tmp/cc5xKRWp.s 			page 18


 1007 00a8 2368     		ldr	r3, [r4]
 1008 00aa 5A62     		str	r2, [r3, #36]
 1009 00ac 0423     		movs	r3, #4
 1010 00ae 019A     		ldr	r2, [sp, #4]
 1011 00b0 D377     		strb	r3, [r2, #31]
 1012 00b2 FD77     		strb	r5, [r7, #31]
 1013 00b4 E4E7     		b	.L126
 1014              	.L115:
 1015 00b6 FF22     		movs	r2, #255
 1016 00b8 2368     		ldr	r3, [r4]
 1017 00ba 5A62     		str	r2, [r3, #36]
 1018 00bc 0123     		movs	r3, #1
 1019 00be 019A     		ldr	r2, [sp, #4]
 1020 00c0 D377     		strb	r3, [r2, #31]
 1021 00c2 0023     		movs	r3, #0
 1022 00c4 FB77     		strb	r3, [r7, #31]
 1023 00c6 DCE7     		b	.L124
 1024              	.L112:
 1025 00c8 029A     		ldr	r2, [sp, #8]
 1026 00ca 0604     		lsls	r6, r0, #16
 1027 00cc 1643     		orrs	r6, r2
 1028 00ce 3543     		orrs	r5, r6
 1029 00d0 1E02     		lsls	r6, r3, #8
 1030 00d2 C2E7     		b	.L125
 1031              	.L128:
 1032              		.align	2
 1033              	.L127:
 1034 00d4 3FFFFF00 		.word	16777023
 1036              		.section	.text.HAL_RTC_SetAlarm,"ax",%progbits
 1037              		.align	1
 1038              		.global	HAL_RTC_SetAlarm
 1039              		.syntax unified
 1040              		.code	16
 1041              		.thumb_func
 1042              		.fpu softvfp
 1044              	HAL_RTC_SetAlarm:
 1045              		@ args = 0, pretend = 0, frame = 16
 1046              		@ frame_needed = 0, uses_anonymous_args = 0
 1047 0000 0223     		movs	r3, #2
 1048 0002 F0B5     		push	{r4, r5, r6, r7, lr}
 1049 0004 0D00     		movs	r5, r1
 1050 0006 411C     		adds	r1, r0, #1
 1051 0008 CE7F     		ldrb	r6, [r1, #31]
 1052 000a 0400     		movs	r4, r0
 1053 000c 85B0     		sub	sp, sp, #20
 1054 000e 1800     		movs	r0, r3
 1055 0010 012E     		cmp	r6, #1
 1056 0012 00D1     		bne	.LCB1127
 1057 0014 86E0     		b	.L130	@long jump
 1058              	.LCB1127:
 1059 0016 0138     		subs	r0, r0, #1
 1060 0018 C877     		strb	r0, [r1, #31]
 1061 001a E118     		adds	r1, r4, r3
 1062 001c CB77     		strb	r3, [r1, #31]
 1063 001e 6978     		ldrb	r1, [r5, #1]
 1064 0020 2668     		ldr	r6, [r4]
 1065 0022 0191     		str	r1, [sp, #4]
ARM GAS  /tmp/cc5xKRWp.s 			page 19


 1066 0024 2878     		ldrb	r0, [r5]
 1067 0026 AF78     		ldrb	r7, [r5, #2]
 1068 0028 3E33     		adds	r3, r3, #62
 1069 002a 002A     		cmp	r2, #0
 1070 002c 56D1     		bne	.L131
 1071 002e B268     		ldr	r2, [r6, #8]
 1072 0030 1100     		movs	r1, r2
 1073 0032 1940     		ands	r1, r3
 1074 0034 1A42     		tst	r2, r3
 1075 0036 00D1     		bne	.L132
 1076 0038 E970     		strb	r1, [r5, #3]
 1077              	.L132:
 1078 003a FFF7FEFF 		bl	RTC_ByteToBcd2
 1079 003e 0290     		str	r0, [sp, #8]
 1080 0040 0198     		ldr	r0, [sp, #4]
 1081 0042 FFF7FEFF 		bl	RTC_ByteToBcd2
 1082 0046 0190     		str	r0, [sp, #4]
 1083 0048 3800     		movs	r0, r7
 1084 004a FFF7FEFF 		bl	RTC_ByteToBcd2
 1085 004e 0700     		movs	r7, r0
 1086 0050 6B1C     		adds	r3, r5, #1
 1087 0052 D87F     		ldrb	r0, [r3, #31]
 1088 0054 FFF7FEFF 		bl	RTC_ByteToBcd2
 1089 0058 6A69     		ldr	r2, [r5, #20]
 1090 005a EB69     		ldr	r3, [r5, #28]
 1091 005c 1343     		orrs	r3, r2
 1092 005e EA78     		ldrb	r2, [r5, #3]
 1093 0060 1204     		lsls	r2, r2, #16
 1094 0062 1343     		orrs	r3, r2
 1095 0064 1F43     		orrs	r7, r3
 1096 0066 029B     		ldr	r3, [sp, #8]
 1097 0068 1B04     		lsls	r3, r3, #16
 1098 006a 1F43     		orrs	r7, r3
 1099 006c 019B     		ldr	r3, [sp, #4]
 1100 006e 1B02     		lsls	r3, r3, #8
 1101 0070 1F43     		orrs	r7, r3
 1102              	.L144:
 1103 0072 AA69     		ldr	r2, [r5, #24]
 1104 0074 6B68     		ldr	r3, [r5, #4]
 1105 0076 0006     		lsls	r0, r0, #24
 1106 0078 1343     		orrs	r3, r2
 1107 007a 0193     		str	r3, [sp, #4]
 1108 007c CA23     		movs	r3, #202
 1109 007e 6A6A     		ldr	r2, [r5, #36]
 1110 0080 7362     		str	r3, [r6, #36]
 1111 0082 773B     		subs	r3, r3, #119
 1112 0084 7362     		str	r3, [r6, #36]
 1113 0086 AD33     		adds	r3, r3, #173
 1114 0088 0743     		orrs	r7, r0
 1115 008a 9A42     		cmp	r2, r3
 1116 008c 4CD1     		bne	.L135
 1117 008e B368     		ldr	r3, [r6, #8]
 1118 0090 374A     		ldr	r2, .L147
 1119 0092 0125     		movs	r5, #1
 1120 0094 1340     		ands	r3, r2
 1121 0096 B360     		str	r3, [r6, #8]
 1122 0098 B368     		ldr	r3, [r6, #8]
ARM GAS  /tmp/cc5xKRWp.s 			page 20


 1123 009a 364A     		ldr	r2, .L147+4
 1124 009c 1340     		ands	r3, r2
 1125 009e B360     		str	r3, [r6, #8]
 1126 00a0 FFF7FEFF 		bl	HAL_GetTick
 1127 00a4 FA26     		movs	r6, #250
 1128 00a6 0290     		str	r0, [sp, #8]
 1129 00a8 B600     		lsls	r6, r6, #2
 1130              	.L136:
 1131 00aa 2368     		ldr	r3, [r4]
 1132 00ac DA68     		ldr	r2, [r3, #12]
 1133 00ae 1100     		movs	r1, r2
 1134 00b0 2940     		ands	r1, r5
 1135 00b2 0391     		str	r1, [sp, #12]
 1136 00b4 2A42     		tst	r2, r5
 1137 00b6 26D0     		beq	.L137
 1138 00b8 019A     		ldr	r2, [sp, #4]
 1139 00ba DF61     		str	r7, [r3, #28]
 1140 00bc 5A64     		str	r2, [r3, #68]
 1141 00be 8022     		movs	r2, #128
 1142 00c0 9968     		ldr	r1, [r3, #8]
 1143 00c2 5200     		lsls	r2, r2, #1
 1144              	.L145:
 1145 00c4 0A43     		orrs	r2, r1
 1146 00c6 9A60     		str	r2, [r3, #8]
 1147 00c8 FF22     		movs	r2, #255
 1148 00ca 0020     		movs	r0, #0
 1149 00cc 2368     		ldr	r3, [r4]
 1150 00ce 5A62     		str	r2, [r3, #36]
 1151 00d0 FE3A     		subs	r2, r2, #254
 1152 00d2 A31C     		adds	r3, r4, #2
 1153 00d4 A418     		adds	r4, r4, r2
 1154 00d6 DA77     		strb	r2, [r3, #31]
 1155 00d8 E077     		strb	r0, [r4, #31]
 1156 00da 23E0     		b	.L130
 1157              	.L131:
 1158 00dc B268     		ldr	r2, [r6, #8]
 1159 00de 1100     		movs	r1, r2
 1160 00e0 1940     		ands	r1, r3
 1161 00e2 1A42     		tst	r2, r3
 1162 00e4 00D1     		bne	.L134
 1163 00e6 E970     		strb	r1, [r5, #3]
 1164              	.L134:
 1165 00e8 EB69     		ldr	r3, [r5, #28]
 1166 00ea 6A69     		ldr	r2, [r5, #20]
 1167 00ec 0004     		lsls	r0, r0, #16
 1168 00ee 1343     		orrs	r3, r2
 1169 00f0 1F43     		orrs	r7, r3
 1170 00f2 019B     		ldr	r3, [sp, #4]
 1171 00f4 0743     		orrs	r7, r0
 1172 00f6 1802     		lsls	r0, r3, #8
 1173 00f8 0743     		orrs	r7, r0
 1174 00fa E878     		ldrb	r0, [r5, #3]
 1175 00fc 6B1C     		adds	r3, r5, #1
 1176 00fe 0004     		lsls	r0, r0, #16
 1177 0100 0743     		orrs	r7, r0
 1178 0102 D87F     		ldrb	r0, [r3, #31]
 1179 0104 B5E7     		b	.L144
ARM GAS  /tmp/cc5xKRWp.s 			page 21


 1180              	.L137:
 1181 0106 FFF7FEFF 		bl	HAL_GetTick
 1182 010a 029B     		ldr	r3, [sp, #8]
 1183 010c C01A     		subs	r0, r0, r3
 1184 010e B042     		cmp	r0, r6
 1185 0110 CBD9     		bls	.L136
 1186              	.L146:
 1187 0112 FF22     		movs	r2, #255
 1188 0114 0320     		movs	r0, #3
 1189 0116 2368     		ldr	r3, [r4]
 1190 0118 5A62     		str	r2, [r3, #36]
 1191 011a A31C     		adds	r3, r4, #2
 1192 011c D877     		strb	r0, [r3, #31]
 1193 011e 039B     		ldr	r3, [sp, #12]
 1194 0120 0134     		adds	r4, r4, #1
 1195 0122 E377     		strb	r3, [r4, #31]
 1196              	.L130:
 1197 0124 05B0     		add	sp, sp, #20
 1198              		@ sp needed
 1199 0126 F0BD     		pop	{r4, r5, r6, r7, pc}
 1200              	.L135:
 1201 0128 B368     		ldr	r3, [r6, #8]
 1202 012a 134A     		ldr	r2, .L147+8
 1203 012c 0225     		movs	r5, #2
 1204 012e 1340     		ands	r3, r2
 1205 0130 B360     		str	r3, [r6, #8]
 1206 0132 B368     		ldr	r3, [r6, #8]
 1207 0134 114A     		ldr	r2, .L147+12
 1208 0136 1340     		ands	r3, r2
 1209 0138 B360     		str	r3, [r6, #8]
 1210 013a FFF7FEFF 		bl	HAL_GetTick
 1211 013e FA26     		movs	r6, #250
 1212 0140 0290     		str	r0, [sp, #8]
 1213 0142 B600     		lsls	r6, r6, #2
 1214              	.L139:
 1215 0144 2368     		ldr	r3, [r4]
 1216 0146 DA68     		ldr	r2, [r3, #12]
 1217 0148 1100     		movs	r1, r2
 1218 014a 2940     		ands	r1, r5
 1219 014c 0391     		str	r1, [sp, #12]
 1220 014e 2A42     		tst	r2, r5
 1221 0150 06D0     		beq	.L140
 1222 0152 019A     		ldr	r2, [sp, #4]
 1223 0154 1F62     		str	r7, [r3, #32]
 1224 0156 9A64     		str	r2, [r3, #72]
 1225 0158 8022     		movs	r2, #128
 1226 015a 9968     		ldr	r1, [r3, #8]
 1227 015c 9200     		lsls	r2, r2, #2
 1228 015e B1E7     		b	.L145
 1229              	.L140:
 1230 0160 FFF7FEFF 		bl	HAL_GetTick
 1231 0164 029B     		ldr	r3, [sp, #8]
 1232 0166 C01A     		subs	r0, r0, r3
 1233 0168 B042     		cmp	r0, r6
 1234 016a EBD9     		bls	.L139
 1235 016c D1E7     		b	.L146
 1236              	.L148:
ARM GAS  /tmp/cc5xKRWp.s 			page 22


 1237 016e C046     		.align	2
 1238              	.L147:
 1239 0170 FFFEFFFF 		.word	-257
 1240 0174 FFEFFFFF 		.word	-4097
 1241 0178 FFFDFFFF 		.word	-513
 1242 017c FFDFFFFF 		.word	-8193
 1244              		.section	.text.HAL_RTC_SetAlarm_IT,"ax",%progbits
 1245              		.align	1
 1246              		.global	HAL_RTC_SetAlarm_IT
 1247              		.syntax unified
 1248              		.code	16
 1249              		.thumb_func
 1250              		.fpu softvfp
 1252              	HAL_RTC_SetAlarm_IT:
 1253              		@ args = 0, pretend = 0, frame = 16
 1254              		@ frame_needed = 0, uses_anonymous_args = 0
 1255 0000 0223     		movs	r3, #2
 1256 0002 F0B5     		push	{r4, r5, r6, r7, lr}
 1257 0004 0D00     		movs	r5, r1
 1258 0006 411C     		adds	r1, r0, #1
 1259 0008 CE7F     		ldrb	r6, [r1, #31]
 1260 000a 0400     		movs	r4, r0
 1261 000c 85B0     		sub	sp, sp, #20
 1262 000e 1800     		movs	r0, r3
 1263 0010 012E     		cmp	r6, #1
 1264 0012 00D1     		bne	.LCB1360
 1265 0014 95E0     		b	.L150	@long jump
 1266              	.LCB1360:
 1267 0016 0138     		subs	r0, r0, #1
 1268 0018 C877     		strb	r0, [r1, #31]
 1269 001a E118     		adds	r1, r4, r3
 1270 001c CB77     		strb	r3, [r1, #31]
 1271 001e 6978     		ldrb	r1, [r5, #1]
 1272 0020 2668     		ldr	r6, [r4]
 1273 0022 0191     		str	r1, [sp, #4]
 1274 0024 2878     		ldrb	r0, [r5]
 1275 0026 AF78     		ldrb	r7, [r5, #2]
 1276 0028 3E33     		adds	r3, r3, #62
 1277 002a 002A     		cmp	r2, #0
 1278 002c 65D1     		bne	.L151
 1279 002e B268     		ldr	r2, [r6, #8]
 1280 0030 1100     		movs	r1, r2
 1281 0032 1940     		ands	r1, r3
 1282 0034 1A42     		tst	r2, r3
 1283 0036 00D1     		bne	.L152
 1284 0038 E970     		strb	r1, [r5, #3]
 1285              	.L152:
 1286 003a FFF7FEFF 		bl	RTC_ByteToBcd2
 1287 003e 0290     		str	r0, [sp, #8]
 1288 0040 0198     		ldr	r0, [sp, #4]
 1289 0042 FFF7FEFF 		bl	RTC_ByteToBcd2
 1290 0046 0190     		str	r0, [sp, #4]
 1291 0048 3800     		movs	r0, r7
 1292 004a FFF7FEFF 		bl	RTC_ByteToBcd2
 1293 004e 0700     		movs	r7, r0
 1294 0050 6B1C     		adds	r3, r5, #1
 1295 0052 D87F     		ldrb	r0, [r3, #31]
ARM GAS  /tmp/cc5xKRWp.s 			page 23


 1296 0054 FFF7FEFF 		bl	RTC_ByteToBcd2
 1297 0058 6A69     		ldr	r2, [r5, #20]
 1298 005a EB69     		ldr	r3, [r5, #28]
 1299 005c 1343     		orrs	r3, r2
 1300 005e EA78     		ldrb	r2, [r5, #3]
 1301 0060 1204     		lsls	r2, r2, #16
 1302 0062 1343     		orrs	r3, r2
 1303 0064 1F43     		orrs	r7, r3
 1304 0066 029B     		ldr	r3, [sp, #8]
 1305 0068 1B04     		lsls	r3, r3, #16
 1306 006a 1F43     		orrs	r7, r3
 1307 006c 019B     		ldr	r3, [sp, #4]
 1308 006e 1B02     		lsls	r3, r3, #8
 1309 0070 1F43     		orrs	r7, r3
 1310              	.L164:
 1311 0072 AA69     		ldr	r2, [r5, #24]
 1312 0074 6B68     		ldr	r3, [r5, #4]
 1313 0076 0006     		lsls	r0, r0, #24
 1314 0078 1343     		orrs	r3, r2
 1315 007a 0193     		str	r3, [sp, #4]
 1316 007c CA23     		movs	r3, #202
 1317 007e 6A6A     		ldr	r2, [r5, #36]
 1318 0080 7362     		str	r3, [r6, #36]
 1319 0082 773B     		subs	r3, r3, #119
 1320 0084 7362     		str	r3, [r6, #36]
 1321 0086 AD33     		adds	r3, r3, #173
 1322 0088 0743     		orrs	r7, r0
 1323 008a 9A42     		cmp	r2, r3
 1324 008c 5BD1     		bne	.L155
 1325 008e B368     		ldr	r3, [r6, #8]
 1326 0090 414A     		ldr	r2, .L167
 1327 0092 0125     		movs	r5, #1
 1328 0094 1340     		ands	r3, r2
 1329 0096 B360     		str	r3, [r6, #8]
 1330 0098 F268     		ldr	r2, [r6, #12]
 1331 009a 404B     		ldr	r3, .L167+4
 1332 009c D2B2     		uxtb	r2, r2
 1333 009e 1343     		orrs	r3, r2
 1334 00a0 F360     		str	r3, [r6, #12]
 1335 00a2 FFF7FEFF 		bl	HAL_GetTick
 1336 00a6 FA26     		movs	r6, #250
 1337 00a8 0290     		str	r0, [sp, #8]
 1338 00aa B600     		lsls	r6, r6, #2
 1339              	.L156:
 1340 00ac 2368     		ldr	r3, [r4]
 1341 00ae DA68     		ldr	r2, [r3, #12]
 1342 00b0 1100     		movs	r1, r2
 1343 00b2 2940     		ands	r1, r5
 1344 00b4 0391     		str	r1, [sp, #12]
 1345 00b6 2A42     		tst	r2, r5
 1346 00b8 34D0     		beq	.L157
 1347 00ba 019A     		ldr	r2, [sp, #4]
 1348 00bc DF61     		str	r7, [r3, #28]
 1349 00be 5A64     		str	r2, [r3, #68]
 1350 00c0 8022     		movs	r2, #128
 1351 00c2 9968     		ldr	r1, [r3, #8]
 1352 00c4 5200     		lsls	r2, r2, #1
ARM GAS  /tmp/cc5xKRWp.s 			page 24


 1353 00c6 0A43     		orrs	r2, r1
 1354 00c8 9A60     		str	r2, [r3, #8]
 1355 00ca 8022     		movs	r2, #128
 1356 00cc 9968     		ldr	r1, [r3, #8]
 1357 00ce 5201     		lsls	r2, r2, #5
 1358              	.L165:
 1359 00d0 0A43     		orrs	r2, r1
 1360 00d2 9A60     		str	r2, [r3, #8]
 1361 00d4 8022     		movs	r2, #128
 1362 00d6 324B     		ldr	r3, .L167+8
 1363 00d8 9202     		lsls	r2, r2, #10
 1364 00da 1968     		ldr	r1, [r3]
 1365 00dc 0020     		movs	r0, #0
 1366 00de 1143     		orrs	r1, r2
 1367 00e0 1960     		str	r1, [r3]
 1368 00e2 9968     		ldr	r1, [r3, #8]
 1369 00e4 0A43     		orrs	r2, r1
 1370 00e6 9A60     		str	r2, [r3, #8]
 1371 00e8 FF22     		movs	r2, #255
 1372 00ea 2368     		ldr	r3, [r4]
 1373 00ec 5A62     		str	r2, [r3, #36]
 1374 00ee FE3A     		subs	r2, r2, #254
 1375 00f0 A31C     		adds	r3, r4, #2
 1376 00f2 A418     		adds	r4, r4, r2
 1377 00f4 DA77     		strb	r2, [r3, #31]
 1378 00f6 E077     		strb	r0, [r4, #31]
 1379 00f8 23E0     		b	.L150
 1380              	.L151:
 1381 00fa B268     		ldr	r2, [r6, #8]
 1382 00fc 1100     		movs	r1, r2
 1383 00fe 1940     		ands	r1, r3
 1384 0100 1A42     		tst	r2, r3
 1385 0102 00D1     		bne	.L154
 1386 0104 E970     		strb	r1, [r5, #3]
 1387              	.L154:
 1388 0106 EB69     		ldr	r3, [r5, #28]
 1389 0108 6A69     		ldr	r2, [r5, #20]
 1390 010a 0004     		lsls	r0, r0, #16
 1391 010c 1343     		orrs	r3, r2
 1392 010e 1F43     		orrs	r7, r3
 1393 0110 019B     		ldr	r3, [sp, #4]
 1394 0112 0743     		orrs	r7, r0
 1395 0114 1802     		lsls	r0, r3, #8
 1396 0116 0743     		orrs	r7, r0
 1397 0118 E878     		ldrb	r0, [r5, #3]
 1398 011a 6B1C     		adds	r3, r5, #1
 1399 011c 0004     		lsls	r0, r0, #16
 1400 011e 0743     		orrs	r7, r0
 1401 0120 D87F     		ldrb	r0, [r3, #31]
 1402 0122 A6E7     		b	.L164
 1403              	.L157:
 1404 0124 FFF7FEFF 		bl	HAL_GetTick
 1405 0128 029B     		ldr	r3, [sp, #8]
 1406 012a C01A     		subs	r0, r0, r3
 1407 012c B042     		cmp	r0, r6
 1408 012e BDD9     		bls	.L156
 1409              	.L166:
ARM GAS  /tmp/cc5xKRWp.s 			page 25


 1410 0130 FF22     		movs	r2, #255
 1411 0132 0320     		movs	r0, #3
 1412 0134 2368     		ldr	r3, [r4]
 1413 0136 5A62     		str	r2, [r3, #36]
 1414 0138 A31C     		adds	r3, r4, #2
 1415 013a D877     		strb	r0, [r3, #31]
 1416 013c 039B     		ldr	r3, [sp, #12]
 1417 013e 0134     		adds	r4, r4, #1
 1418 0140 E377     		strb	r3, [r4, #31]
 1419              	.L150:
 1420 0142 05B0     		add	sp, sp, #20
 1421              		@ sp needed
 1422 0144 F0BD     		pop	{r4, r5, r6, r7, pc}
 1423              	.L155:
 1424 0146 B368     		ldr	r3, [r6, #8]
 1425 0148 164A     		ldr	r2, .L167+12
 1426 014a 0225     		movs	r5, #2
 1427 014c 1340     		ands	r3, r2
 1428 014e B360     		str	r3, [r6, #8]
 1429 0150 F268     		ldr	r2, [r6, #12]
 1430 0152 154B     		ldr	r3, .L167+16
 1431 0154 D2B2     		uxtb	r2, r2
 1432 0156 1343     		orrs	r3, r2
 1433 0158 F360     		str	r3, [r6, #12]
 1434 015a FFF7FEFF 		bl	HAL_GetTick
 1435 015e FA26     		movs	r6, #250
 1436 0160 0290     		str	r0, [sp, #8]
 1437 0162 B600     		lsls	r6, r6, #2
 1438              	.L159:
 1439 0164 2368     		ldr	r3, [r4]
 1440 0166 DA68     		ldr	r2, [r3, #12]
 1441 0168 1100     		movs	r1, r2
 1442 016a 2940     		ands	r1, r5
 1443 016c 0391     		str	r1, [sp, #12]
 1444 016e 2A42     		tst	r2, r5
 1445 0170 0BD0     		beq	.L160
 1446 0172 019A     		ldr	r2, [sp, #4]
 1447 0174 1F62     		str	r7, [r3, #32]
 1448 0176 9A64     		str	r2, [r3, #72]
 1449 0178 8022     		movs	r2, #128
 1450 017a 9968     		ldr	r1, [r3, #8]
 1451 017c 9200     		lsls	r2, r2, #2
 1452 017e 0A43     		orrs	r2, r1
 1453 0180 9A60     		str	r2, [r3, #8]
 1454 0182 8022     		movs	r2, #128
 1455 0184 9968     		ldr	r1, [r3, #8]
 1456 0186 9201     		lsls	r2, r2, #6
 1457 0188 A2E7     		b	.L165
 1458              	.L160:
 1459 018a FFF7FEFF 		bl	HAL_GetTick
 1460 018e 029B     		ldr	r3, [sp, #8]
 1461 0190 C01A     		subs	r0, r0, r3
 1462 0192 B042     		cmp	r0, r6
 1463 0194 E6D9     		bls	.L159
 1464 0196 CBE7     		b	.L166
 1465              	.L168:
 1466              		.align	2
ARM GAS  /tmp/cc5xKRWp.s 			page 26


 1467              	.L167:
 1468 0198 FFFEFFFF 		.word	-257
 1469 019c 7FFEFFFF 		.word	-385
 1470 01a0 00040140 		.word	1073808384
 1471 01a4 FFFDFFFF 		.word	-513
 1472 01a8 7FFDFFFF 		.word	-641
 1474              		.section	.text.RTC_Bcd2ToByte,"ax",%progbits
 1475              		.align	1
 1476              		.global	RTC_Bcd2ToByte
 1477              		.syntax unified
 1478              		.code	16
 1479              		.thumb_func
 1480              		.fpu softvfp
 1482              	RTC_Bcd2ToByte:
 1483              		@ args = 0, pretend = 0, frame = 0
 1484              		@ frame_needed = 0, uses_anonymous_args = 0
 1485              		@ link register save eliminated.
 1486 0000 0209     		lsrs	r2, r0, #4
 1487 0002 0300     		movs	r3, r0
 1488              		@ sp needed
 1489 0004 0A20     		movs	r0, #10
 1490 0006 5043     		muls	r0, r2
 1491 0008 0F22     		movs	r2, #15
 1492 000a 1340     		ands	r3, r2
 1493 000c C018     		adds	r0, r0, r3
 1494 000e C0B2     		uxtb	r0, r0
 1495 0010 7047     		bx	lr
 1497              		.section	.text.HAL_RTC_GetTime,"ax",%progbits
 1498              		.align	1
 1499              		.global	HAL_RTC_GetTime
 1500              		.syntax unified
 1501              		.code	16
 1502              		.thumb_func
 1503              		.fpu softvfp
 1505              	HAL_RTC_GetTime:
 1506              		@ args = 0, pretend = 0, frame = 0
 1507              		@ frame_needed = 0, uses_anonymous_args = 0
 1508 0000 70B5     		push	{r4, r5, r6, lr}
 1509 0002 0C00     		movs	r4, r1
 1510 0004 0168     		ldr	r1, [r0]
 1511 0006 3F20     		movs	r0, #63
 1512 0008 8B6A     		ldr	r3, [r1, #40]
 1513 000a 6360     		str	r3, [r4, #4]
 1514 000c 0B69     		ldr	r3, [r1, #16]
 1515 000e 5B04     		lsls	r3, r3, #17
 1516 0010 5B0C     		lsrs	r3, r3, #17
 1517 0012 A360     		str	r3, [r4, #8]
 1518 0014 0B68     		ldr	r3, [r1]
 1519 0016 0E49     		ldr	r1, .L172
 1520 0018 0B40     		ands	r3, r1
 1521 001a 190C     		lsrs	r1, r3, #16
 1522 001c 1E0A     		lsrs	r6, r3, #8
 1523 001e DDB2     		uxtb	r5, r3
 1524 0020 4023     		movs	r3, #64
 1525 0022 0840     		ands	r0, r1
 1526 0024 F6B2     		uxtb	r6, r6
 1527 0026 1940     		ands	r1, r3
ARM GAS  /tmp/cc5xKRWp.s 			page 27


 1528 0028 2070     		strb	r0, [r4]
 1529 002a 6670     		strb	r6, [r4, #1]
 1530 002c A570     		strb	r5, [r4, #2]
 1531 002e E170     		strb	r1, [r4, #3]
 1532 0030 002A     		cmp	r2, #0
 1533 0032 0AD1     		bne	.L171
 1534 0034 FFF7FEFF 		bl	RTC_Bcd2ToByte
 1535 0038 2070     		strb	r0, [r4]
 1536 003a 3000     		movs	r0, r6
 1537 003c FFF7FEFF 		bl	RTC_Bcd2ToByte
 1538 0040 6070     		strb	r0, [r4, #1]
 1539 0042 2800     		movs	r0, r5
 1540 0044 FFF7FEFF 		bl	RTC_Bcd2ToByte
 1541 0048 A070     		strb	r0, [r4, #2]
 1542              	.L171:
 1543 004a 0020     		movs	r0, #0
 1544              		@ sp needed
 1545 004c 70BD     		pop	{r4, r5, r6, pc}
 1546              	.L173:
 1547 004e C046     		.align	2
 1548              	.L172:
 1549 0050 7F7F7F00 		.word	8355711
 1551              		.section	.text.HAL_RTC_GetDate,"ax",%progbits
 1552              		.align	1
 1553              		.global	HAL_RTC_GetDate
 1554              		.syntax unified
 1555              		.code	16
 1556              		.thumb_func
 1557              		.fpu softvfp
 1559              	HAL_RTC_GetDate:
 1560              		@ args = 0, pretend = 0, frame = 0
 1561              		@ frame_needed = 0, uses_anonymous_args = 0
 1562 0000 70B5     		push	{r4, r5, r6, lr}
 1563 0002 0C00     		movs	r4, r1
 1564 0004 0368     		ldr	r3, [r0]
 1565 0006 0E49     		ldr	r1, .L176
 1566 0008 5B68     		ldr	r3, [r3, #4]
 1567 000a 0B40     		ands	r3, r1
 1568 000c 180C     		lsrs	r0, r3, #16
 1569 000e DD04     		lsls	r5, r3, #19
 1570 0010 DEB2     		uxtb	r6, r3
 1571 0012 1B04     		lsls	r3, r3, #16
 1572 0014 ED0E     		lsrs	r5, r5, #27
 1573 0016 5B0F     		lsrs	r3, r3, #29
 1574 0018 E070     		strb	r0, [r4, #3]
 1575 001a 6570     		strb	r5, [r4, #1]
 1576 001c A670     		strb	r6, [r4, #2]
 1577 001e 2370     		strb	r3, [r4]
 1578 0020 002A     		cmp	r2, #0
 1579 0022 0AD1     		bne	.L175
 1580 0024 FFF7FEFF 		bl	RTC_Bcd2ToByte
 1581 0028 E070     		strb	r0, [r4, #3]
 1582 002a 2800     		movs	r0, r5
 1583 002c FFF7FEFF 		bl	RTC_Bcd2ToByte
 1584 0030 6070     		strb	r0, [r4, #1]
 1585 0032 3000     		movs	r0, r6
 1586 0034 FFF7FEFF 		bl	RTC_Bcd2ToByte
ARM GAS  /tmp/cc5xKRWp.s 			page 28


 1587 0038 A070     		strb	r0, [r4, #2]
 1588              	.L175:
 1589 003a 0020     		movs	r0, #0
 1590              		@ sp needed
 1591 003c 70BD     		pop	{r4, r5, r6, pc}
 1592              	.L177:
 1593 003e C046     		.align	2
 1594              	.L176:
 1595 0040 3FFFFF00 		.word	16777023
 1597              		.section	.text.HAL_RTC_GetAlarm,"ax",%progbits
 1598              		.align	1
 1599              		.global	HAL_RTC_GetAlarm
 1600              		.syntax unified
 1601              		.code	16
 1602              		.thumb_func
 1603              		.fpu softvfp
 1605              	HAL_RTC_GetAlarm:
 1606              		@ args = 0, pretend = 0, frame = 8
 1607              		@ frame_needed = 0, uses_anonymous_args = 0
 1608 0000 F7B5     		push	{r0, r1, r2, r4, r5, r6, r7, lr}
 1609 0002 0C00     		movs	r4, r1
 1610 0004 0193     		str	r3, [sp, #4]
 1611 0006 8023     		movs	r3, #128
 1612 0008 0168     		ldr	r1, [r0]
 1613 000a 2C4F     		ldr	r7, .L182
 1614 000c 5B00     		lsls	r3, r3, #1
 1615 000e 651C     		adds	r5, r4, #1
 1616 0010 9A42     		cmp	r2, r3
 1617 0012 32D1     		bne	.L179
 1618 0014 3F20     		movs	r0, #63
 1619 0016 6262     		str	r2, [r4, #36]
 1620 0018 CA69     		ldr	r2, [r1, #28]
 1621 001a 8446     		mov	ip, r0
 1622 001c 130C     		lsrs	r3, r2, #16
 1623 001e 1840     		ands	r0, r3
 1624 0020 496C     		ldr	r1, [r1, #68]
 1625 0022 2070     		strb	r0, [r4]
 1626 0024 7F20     		movs	r0, #127
 1627 0026 160A     		lsrs	r6, r2, #8
 1628 0028 0640     		ands	r6, r0
 1629 002a 1040     		ands	r0, r2
 1630 002c A070     		strb	r0, [r4, #2]
 1631 002e 4904     		lsls	r1, r1, #17
 1632 0030 4020     		movs	r0, #64
 1633 0032 490C     		lsrs	r1, r1, #17
 1634 0034 6160     		str	r1, [r4, #4]
 1635 0036 6146     		mov	r1, ip
 1636 0038 0340     		ands	r3, r0
 1637 003a E370     		strb	r3, [r4, #3]
 1638 003c 130E     		lsrs	r3, r2, #24
 1639 003e 0B40     		ands	r3, r1
 1640 0040 6670     		strb	r6, [r4, #1]
 1641 0042 EB77     		strb	r3, [r5, #31]
 1642 0044 8023     		movs	r3, #128
 1643 0046 DB05     		lsls	r3, r3, #23
 1644 0048 1340     		ands	r3, r2
 1645 004a 3A40     		ands	r2, r7
ARM GAS  /tmp/cc5xKRWp.s 			page 29


 1646 004c E361     		str	r3, [r4, #28]
 1647 004e 6261     		str	r2, [r4, #20]
 1648              	.L180:
 1649 0050 019B     		ldr	r3, [sp, #4]
 1650 0052 002B     		cmp	r3, #0
 1651 0054 0FD1     		bne	.L181
 1652 0056 2078     		ldrb	r0, [r4]
 1653 0058 FFF7FEFF 		bl	RTC_Bcd2ToByte
 1654 005c 2070     		strb	r0, [r4]
 1655 005e 6078     		ldrb	r0, [r4, #1]
 1656 0060 FFF7FEFF 		bl	RTC_Bcd2ToByte
 1657 0064 6070     		strb	r0, [r4, #1]
 1658 0066 A078     		ldrb	r0, [r4, #2]
 1659 0068 FFF7FEFF 		bl	RTC_Bcd2ToByte
 1660 006c A070     		strb	r0, [r4, #2]
 1661 006e E87F     		ldrb	r0, [r5, #31]
 1662 0070 FFF7FEFF 		bl	RTC_Bcd2ToByte
 1663 0074 E877     		strb	r0, [r5, #31]
 1664              	.L181:
 1665 0076 0020     		movs	r0, #0
 1666              		@ sp needed
 1667 0078 FEBD     		pop	{r1, r2, r3, r4, r5, r6, r7, pc}
 1668              	.L179:
 1669 007a 3F22     		movs	r2, #63
 1670 007c 8023     		movs	r3, #128
 1671 007e 7F26     		movs	r6, #127
 1672 0080 9446     		mov	ip, r2
 1673 0082 9B00     		lsls	r3, r3, #2
 1674 0084 6362     		str	r3, [r4, #36]
 1675 0086 0B6A     		ldr	r3, [r1, #32]
 1676 0088 896C     		ldr	r1, [r1, #72]
 1677 008a 180C     		lsrs	r0, r3, #16
 1678 008c 0240     		ands	r2, r0
 1679 008e 2270     		strb	r2, [r4]
 1680 0090 1A0A     		lsrs	r2, r3, #8
 1681 0092 3240     		ands	r2, r6
 1682 0094 4904     		lsls	r1, r1, #17
 1683 0096 6270     		strb	r2, [r4, #1]
 1684 0098 490C     		lsrs	r1, r1, #17
 1685 009a 4022     		movs	r2, #64
 1686 009c 6160     		str	r1, [r4, #4]
 1687 009e 6146     		mov	r1, ip
 1688 00a0 1040     		ands	r0, r2
 1689 00a2 1A0E     		lsrs	r2, r3, #24
 1690 00a4 1E40     		ands	r6, r3
 1691 00a6 0A40     		ands	r2, r1
 1692 00a8 A670     		strb	r6, [r4, #2]
 1693 00aa E070     		strb	r0, [r4, #3]
 1694 00ac EA77     		strb	r2, [r5, #31]
 1695 00ae 8022     		movs	r2, #128
 1696 00b0 D205     		lsls	r2, r2, #23
 1697 00b2 1A40     		ands	r2, r3
 1698 00b4 3B40     		ands	r3, r7
 1699 00b6 E261     		str	r2, [r4, #28]
 1700 00b8 6361     		str	r3, [r4, #20]
 1701 00ba C9E7     		b	.L180
 1702              	.L183:
ARM GAS  /tmp/cc5xKRWp.s 			page 30


 1703              		.align	2
 1704              	.L182:
 1705 00bc 80808080 		.word	-2139062144
 1707              		.ident	"GCC: (15:10.3-2021.07-4) 10.3.1 20210621 (release)"
ARM GAS  /tmp/cc5xKRWp.s 			page 31


DEFINED SYMBOLS
                            *ABS*:0000000000000000 stm32l0xx_hal_rtc.c
     /tmp/cc5xKRWp.s:12     .text.HAL_RTC_MspInit:0000000000000000 $t
     /tmp/cc5xKRWp.s:20     .text.HAL_RTC_MspInit:0000000000000000 HAL_RTC_MspInit
     /tmp/cc5xKRWp.s:28     .text.HAL_RTC_MspDeInit:0000000000000000 $t
     /tmp/cc5xKRWp.s:35     .text.HAL_RTC_MspDeInit:0000000000000000 HAL_RTC_MspDeInit
     /tmp/cc5xKRWp.s:43     .text.HAL_RTC_DST_Add1Hour:0000000000000000 $t
     /tmp/cc5xKRWp.s:50     .text.HAL_RTC_DST_Add1Hour:0000000000000000 HAL_RTC_DST_Add1Hour
     /tmp/cc5xKRWp.s:70     .text.HAL_RTC_DST_Sub1Hour:0000000000000000 $t
     /tmp/cc5xKRWp.s:77     .text.HAL_RTC_DST_Sub1Hour:0000000000000000 HAL_RTC_DST_Sub1Hour
     /tmp/cc5xKRWp.s:97     .text.HAL_RTC_DST_SetStoreOperation:0000000000000000 $t
     /tmp/cc5xKRWp.s:104    .text.HAL_RTC_DST_SetStoreOperation:0000000000000000 HAL_RTC_DST_SetStoreOperation
     /tmp/cc5xKRWp.s:124    .text.HAL_RTC_DST_ClearStoreOperation:0000000000000000 $t
     /tmp/cc5xKRWp.s:131    .text.HAL_RTC_DST_ClearStoreOperation:0000000000000000 HAL_RTC_DST_ClearStoreOperation
     /tmp/cc5xKRWp.s:151    .text.HAL_RTC_DST_ClearStoreOperation:0000000000000018 $d
     /tmp/cc5xKRWp.s:154    .text.HAL_RTC_DST_ReadStoreOperation:0000000000000000 $t
     /tmp/cc5xKRWp.s:161    .text.HAL_RTC_DST_ReadStoreOperation:0000000000000000 HAL_RTC_DST_ReadStoreOperation
     /tmp/cc5xKRWp.s:174    .text.HAL_RTC_DeactivateAlarm:0000000000000000 $t
     /tmp/cc5xKRWp.s:181    .text.HAL_RTC_DeactivateAlarm:0000000000000000 HAL_RTC_DeactivateAlarm
     /tmp/cc5xKRWp.s:281    .text.HAL_RTC_DeactivateAlarm:00000000000000b4 $d
     /tmp/cc5xKRWp.s:287    .text.HAL_RTC_AlarmAEventCallback:0000000000000000 $t
     /tmp/cc5xKRWp.s:294    .text.HAL_RTC_AlarmAEventCallback:0000000000000000 HAL_RTC_AlarmAEventCallback
     /tmp/cc5xKRWp.s:302    .text.HAL_RTC_AlarmIRQHandler:0000000000000000 $t
     /tmp/cc5xKRWp.s:309    .text.HAL_RTC_AlarmIRQHandler:0000000000000000 HAL_RTC_AlarmIRQHandler
     /tmp/cc5xKRWp.s:357    .text.HAL_RTC_AlarmIRQHandler:0000000000000054 $d
     /tmp/cc5xKRWp.s:362    .text.HAL_RTC_PollForAlarmAEvent:0000000000000000 $t
     /tmp/cc5xKRWp.s:369    .text.HAL_RTC_PollForAlarmAEvent:0000000000000000 HAL_RTC_PollForAlarmAEvent
     /tmp/cc5xKRWp.s:414    .text.HAL_RTC_PollForAlarmAEvent:0000000000000048 $d
     /tmp/cc5xKRWp.s:417    .text.HAL_RTC_WaitForSynchro:0000000000000000 $t
     /tmp/cc5xKRWp.s:424    .text.HAL_RTC_WaitForSynchro:0000000000000000 HAL_RTC_WaitForSynchro
     /tmp/cc5xKRWp.s:457    .text.HAL_RTC_GetState:0000000000000000 $t
     /tmp/cc5xKRWp.s:464    .text.HAL_RTC_GetState:0000000000000000 HAL_RTC_GetState
     /tmp/cc5xKRWp.s:475    .text.RTC_EnterInitMode:0000000000000000 $t
     /tmp/cc5xKRWp.s:482    .text.RTC_EnterInitMode:0000000000000000 RTC_EnterInitMode
     /tmp/cc5xKRWp.s:518    .text.HAL_RTC_Init:0000000000000000 $t
     /tmp/cc5xKRWp.s:525    .text.HAL_RTC_Init:0000000000000000 HAL_RTC_Init
     /tmp/cc5xKRWp.s:623    .text.HAL_RTC_Init:00000000000000b4 $d
     /tmp/cc5xKRWp.s:626    .text.HAL_RTC_DeInit:0000000000000000 $t
     /tmp/cc5xKRWp.s:633    .text.HAL_RTC_DeInit:0000000000000000 HAL_RTC_DeInit
     /tmp/cc5xKRWp.s:732    .text.HAL_RTC_DeInit:00000000000000b8 $d
     /tmp/cc5xKRWp.s:737    .text.RTC_ByteToBcd2:0000000000000000 $t
     /tmp/cc5xKRWp.s:744    .text.RTC_ByteToBcd2:0000000000000000 RTC_ByteToBcd2
     /tmp/cc5xKRWp.s:764    .text.HAL_RTC_SetTime:0000000000000000 $t
     /tmp/cc5xKRWp.s:771    .text.HAL_RTC_SetTime:0000000000000000 HAL_RTC_SetTime
     /tmp/cc5xKRWp.s:908    .text.HAL_RTC_SetTime:0000000000000100 $d
     /tmp/cc5xKRWp.s:912    .text.HAL_RTC_SetDate:0000000000000000 $t
     /tmp/cc5xKRWp.s:919    .text.HAL_RTC_SetDate:0000000000000000 HAL_RTC_SetDate
     /tmp/cc5xKRWp.s:1034   .text.HAL_RTC_SetDate:00000000000000d4 $d
     /tmp/cc5xKRWp.s:1037   .text.HAL_RTC_SetAlarm:0000000000000000 $t
     /tmp/cc5xKRWp.s:1044   .text.HAL_RTC_SetAlarm:0000000000000000 HAL_RTC_SetAlarm
     /tmp/cc5xKRWp.s:1239   .text.HAL_RTC_SetAlarm:0000000000000170 $d
     /tmp/cc5xKRWp.s:1245   .text.HAL_RTC_SetAlarm_IT:0000000000000000 $t
     /tmp/cc5xKRWp.s:1252   .text.HAL_RTC_SetAlarm_IT:0000000000000000 HAL_RTC_SetAlarm_IT
     /tmp/cc5xKRWp.s:1468   .text.HAL_RTC_SetAlarm_IT:0000000000000198 $d
     /tmp/cc5xKRWp.s:1475   .text.RTC_Bcd2ToByte:0000000000000000 $t
     /tmp/cc5xKRWp.s:1482   .text.RTC_Bcd2ToByte:0000000000000000 RTC_Bcd2ToByte
     /tmp/cc5xKRWp.s:1498   .text.HAL_RTC_GetTime:0000000000000000 $t
ARM GAS  /tmp/cc5xKRWp.s 			page 32


     /tmp/cc5xKRWp.s:1505   .text.HAL_RTC_GetTime:0000000000000000 HAL_RTC_GetTime
     /tmp/cc5xKRWp.s:1549   .text.HAL_RTC_GetTime:0000000000000050 $d
     /tmp/cc5xKRWp.s:1552   .text.HAL_RTC_GetDate:0000000000000000 $t
     /tmp/cc5xKRWp.s:1559   .text.HAL_RTC_GetDate:0000000000000000 HAL_RTC_GetDate
     /tmp/cc5xKRWp.s:1595   .text.HAL_RTC_GetDate:0000000000000040 $d
     /tmp/cc5xKRWp.s:1598   .text.HAL_RTC_GetAlarm:0000000000000000 $t
     /tmp/cc5xKRWp.s:1605   .text.HAL_RTC_GetAlarm:0000000000000000 HAL_RTC_GetAlarm
     /tmp/cc5xKRWp.s:1705   .text.HAL_RTC_GetAlarm:00000000000000bc $d

UNDEFINED SYMBOLS
HAL_GetTick
HAL_RTCEx_AlarmBEventCallback
