ARM GAS  /tmp/cckznZMT.s 			page 1


   1              		.cpu cortex-m0
   2              		.eabi_attribute 23, 1
   3              		.eabi_attribute 24, 1
   4              		.eabi_attribute 25, 1
   5              		.eabi_attribute 26, 1
   6              		.eabi_attribute 30, 4
   7              		.eabi_attribute 34, 0
   8              		.eabi_attribute 18, 4
   9              		.file	"stm32l0xx_hal_uart_ex.c"
  10              		.text
  11              		.section	.text.HAL_RS485Ex_Init,"ax",%progbits
  12              		.align	1
  13              		.global	HAL_RS485Ex_Init
  14              		.arch armv6s-m
  15              		.syntax unified
  16              		.code	16
  17              		.thumb_func
  18              		.fpu softvfp
  20              	HAL_RS485Ex_Init:
  21              		@ args = 0, pretend = 0, frame = 0
  22              		@ frame_needed = 0, uses_anonymous_args = 0
  23 0000 F8B5     		push	{r3, r4, r5, r6, r7, lr}
  24 0002 0400     		movs	r4, r0
  25 0004 0F00     		movs	r7, r1
  26 0006 1600     		movs	r6, r2
  27 0008 1D00     		movs	r5, r3
  28 000a 0028     		cmp	r0, #0
  29 000c 01D1     		bne	.L2
  30              	.L5:
  31 000e 0120     		movs	r0, #1
  32              	.L3:
  33              		@ sp needed
  34 0010 F8BD     		pop	{r3, r4, r5, r6, r7, pc}
  35              	.L2:
  36 0012 836F     		ldr	r3, [r0, #120]
  37 0014 002B     		cmp	r3, #0
  38 0016 04D1     		bne	.L4
  39 0018 0200     		movs	r2, r0
  40 001a 7432     		adds	r2, r2, #116
  41 001c 1370     		strb	r3, [r2]
  42 001e FFF7FEFF 		bl	HAL_UART_MspInit
  43              	.L4:
  44 0022 2423     		movs	r3, #36
  45 0024 0121     		movs	r1, #1
  46 0026 2268     		ldr	r2, [r4]
  47 0028 A367     		str	r3, [r4, #120]
  48 002a 1368     		ldr	r3, [r2]
  49 002c 2000     		movs	r0, r4
  50 002e 8B43     		bics	r3, r1
  51 0030 1360     		str	r3, [r2]
  52 0032 FFF7FEFF 		bl	UART_SetConfig
  53 0036 0128     		cmp	r0, #1
  54 0038 E9D0     		beq	.L5
  55 003a 636A     		ldr	r3, [r4, #36]
  56 003c 002B     		cmp	r3, #0
  57 003e 02D0     		beq	.L6
  58 0040 2000     		movs	r0, r4
ARM GAS  /tmp/cckznZMT.s 			page 2


  59 0042 FFF7FEFF 		bl	UART_AdvFeatureConfig
  60              	.L6:
  61 0046 8023     		movs	r3, #128
  62 0048 2068     		ldr	r0, [r4]
  63 004a DB01     		lsls	r3, r3, #7
  64 004c 8268     		ldr	r2, [r0, #8]
  65 004e 2D04     		lsls	r5, r5, #16
  66 0050 1343     		orrs	r3, r2
  67 0052 8360     		str	r3, [r0, #8]
  68 0054 8168     		ldr	r1, [r0, #8]
  69 0056 094B     		ldr	r3, .L13
  70 0058 7205     		lsls	r2, r6, #21
  71 005a 1940     		ands	r1, r3
  72 005c 0F43     		orrs	r7, r1
  73 005e 8760     		str	r7, [r0, #8]
  74 0060 0668     		ldr	r6, [r0]
  75 0062 074B     		ldr	r3, .L13+4
  76 0064 1543     		orrs	r5, r2
  77 0066 1E40     		ands	r6, r3
  78 0068 0123     		movs	r3, #1
  79 006a 3543     		orrs	r5, r6
  80 006c 0560     		str	r5, [r0]
  81 006e 0268     		ldr	r2, [r0]
  82 0070 1343     		orrs	r3, r2
  83 0072 0360     		str	r3, [r0]
  84 0074 2000     		movs	r0, r4
  85 0076 FFF7FEFF 		bl	UART_CheckIdleState
  86 007a C9E7     		b	.L3
  87              	.L14:
  88              		.align	2
  89              	.L13:
  90 007c FF7FFFFF 		.word	-32769
  91 0080 FFFF00FC 		.word	-67043329
  93              		.section	.text.HAL_UARTEx_WakeupCallback,"ax",%progbits
  94              		.align	1
  95              		.weak	HAL_UARTEx_WakeupCallback
  96              		.syntax unified
  97              		.code	16
  98              		.thumb_func
  99              		.fpu softvfp
 101              	HAL_UARTEx_WakeupCallback:
 102              		@ args = 0, pretend = 0, frame = 0
 103              		@ frame_needed = 0, uses_anonymous_args = 0
 104              		@ link register save eliminated.
 105              		@ sp needed
 106 0000 7047     		bx	lr
 108              		.section	.text.HAL_UARTEx_EnableClockStopMode,"ax",%progbits
 109              		.align	1
 110              		.global	HAL_UARTEx_EnableClockStopMode
 111              		.syntax unified
 112              		.code	16
 113              		.thumb_func
 114              		.fpu softvfp
 116              	HAL_UARTEx_EnableClockStopMode:
 117              		@ args = 0, pretend = 0, frame = 0
 118              		@ frame_needed = 0, uses_anonymous_args = 0
 119 0000 0200     		movs	r2, r0
ARM GAS  /tmp/cckznZMT.s 			page 3


 120 0002 10B5     		push	{r4, lr}
 121 0004 7432     		adds	r2, r2, #116
 122 0006 1178     		ldrb	r1, [r2]
 123 0008 0300     		movs	r3, r0
 124 000a 0220     		movs	r0, #2
 125 000c 0129     		cmp	r1, #1
 126 000e 0FD0     		beq	.L17
 127 0010 0121     		movs	r1, #1
 128 0012 1170     		strb	r1, [r2]
 129              		.syntax divided
 130              	@ 453 "bsp_l0/mcu_drivers/cmsis/Core/Include/cmsis_gcc.h" 1
 131 0014 EFF31080 		MRS r0, primask
 132              	@ 0 "" 2
 133              	@ 481 "bsp_l0/mcu_drivers/cmsis/Core/Include/cmsis_gcc.h" 1
 134 0018 81F31088 		MSR primask, r1
 135              	@ 0 "" 2
 136              		.thumb
 137              		.syntax unified
 138 001c 1968     		ldr	r1, [r3]
 139 001e 8023     		movs	r3, #128
 140 0020 8C68     		ldr	r4, [r1, #8]
 141 0022 1B04     		lsls	r3, r3, #16
 142 0024 2343     		orrs	r3, r4
 143 0026 8B60     		str	r3, [r1, #8]
 144              		.syntax divided
 145              	@ 481 "bsp_l0/mcu_drivers/cmsis/Core/Include/cmsis_gcc.h" 1
 146 0028 80F31088 		MSR primask, r0
 147              	@ 0 "" 2
 148              		.thumb
 149              		.syntax unified
 150 002c 0020     		movs	r0, #0
 151 002e 1070     		strb	r0, [r2]
 152              	.L17:
 153              		@ sp needed
 154 0030 10BD     		pop	{r4, pc}
 156              		.section	.text.HAL_UARTEx_DisableClockStopMode,"ax",%progbits
 157              		.align	1
 158              		.global	HAL_UARTEx_DisableClockStopMode
 159              		.syntax unified
 160              		.code	16
 161              		.thumb_func
 162              		.fpu softvfp
 164              	HAL_UARTEx_DisableClockStopMode:
 165              		@ args = 0, pretend = 0, frame = 0
 166              		@ frame_needed = 0, uses_anonymous_args = 0
 167 0000 0200     		movs	r2, r0
 168 0002 10B5     		push	{r4, lr}
 169 0004 7432     		adds	r2, r2, #116
 170 0006 1178     		ldrb	r1, [r2]
 171 0008 0300     		movs	r3, r0
 172 000a 0220     		movs	r0, #2
 173 000c 0129     		cmp	r1, #1
 174 000e 0ED0     		beq	.L20
 175 0010 0121     		movs	r1, #1
 176 0012 1170     		strb	r1, [r2]
 177              		.syntax divided
 178              	@ 453 "bsp_l0/mcu_drivers/cmsis/Core/Include/cmsis_gcc.h" 1
ARM GAS  /tmp/cckznZMT.s 			page 4


 179 0014 EFF31080 		MRS r0, primask
 180              	@ 0 "" 2
 181              	@ 481 "bsp_l0/mcu_drivers/cmsis/Core/Include/cmsis_gcc.h" 1
 182 0018 81F31088 		MSR primask, r1
 183              	@ 0 "" 2
 184              		.thumb
 185              		.syntax unified
 186 001c 1968     		ldr	r1, [r3]
 187 001e 044C     		ldr	r4, .L22
 188 0020 8B68     		ldr	r3, [r1, #8]
 189 0022 2340     		ands	r3, r4
 190 0024 8B60     		str	r3, [r1, #8]
 191              		.syntax divided
 192              	@ 481 "bsp_l0/mcu_drivers/cmsis/Core/Include/cmsis_gcc.h" 1
 193 0026 80F31088 		MSR primask, r0
 194              	@ 0 "" 2
 195              		.thumb
 196              		.syntax unified
 197 002a 0020     		movs	r0, #0
 198 002c 1070     		strb	r0, [r2]
 199              	.L20:
 200              		@ sp needed
 201 002e 10BD     		pop	{r4, pc}
 202              	.L23:
 203              		.align	2
 204              	.L22:
 205 0030 FFFF7FFF 		.word	-8388609
 207              		.section	.text.HAL_MultiProcessorEx_AddressLength_Set,"ax",%progbits
 208              		.align	1
 209              		.global	HAL_MultiProcessorEx_AddressLength_Set
 210              		.syntax unified
 211              		.code	16
 212              		.thumb_func
 213              		.fpu softvfp
 215              	HAL_MultiProcessorEx_AddressLength_Set:
 216              		@ args = 0, pretend = 0, frame = 0
 217              		@ frame_needed = 0, uses_anonymous_args = 0
 218 0000 70B5     		push	{r4, r5, r6, lr}
 219 0002 0123     		movs	r3, #1
 220 0004 0C00     		movs	r4, r1
 221 0006 0028     		cmp	r0, #0
 222 0008 11D0     		beq	.L25
 223 000a 0122     		movs	r2, #1
 224 000c 1025     		movs	r5, #16
 225 000e 2333     		adds	r3, r3, #35
 226 0010 8367     		str	r3, [r0, #120]
 227 0012 0368     		ldr	r3, [r0]
 228 0014 1968     		ldr	r1, [r3]
 229 0016 9143     		bics	r1, r2
 230 0018 1960     		str	r1, [r3]
 231 001a 5968     		ldr	r1, [r3, #4]
 232 001c A943     		bics	r1, r5
 233 001e 2143     		orrs	r1, r4
 234 0020 5960     		str	r1, [r3, #4]
 235 0022 1968     		ldr	r1, [r3]
 236 0024 0A43     		orrs	r2, r1
 237 0026 1A60     		str	r2, [r3]
ARM GAS  /tmp/cckznZMT.s 			page 5


 238 0028 FFF7FEFF 		bl	UART_CheckIdleState
 239 002c 0300     		movs	r3, r0
 240              	.L25:
 241              		@ sp needed
 242 002e 1800     		movs	r0, r3
 243 0030 70BD     		pop	{r4, r5, r6, pc}
 245              		.section	.text.HAL_UARTEx_StopModeWakeUpSourceConfig,"ax",%progbits
 246              		.align	1
 247              		.global	HAL_UARTEx_StopModeWakeUpSourceConfig
 248              		.syntax unified
 249              		.code	16
 250              		.thumb_func
 251              		.fpu softvfp
 253              	HAL_UARTEx_StopModeWakeUpSourceConfig:
 254              		@ args = 0, pretend = 0, frame = 8
 255              		@ frame_needed = 0, uses_anonymous_args = 0
 256 0000 F0B5     		push	{r4, r5, r6, r7, lr}
 257 0002 0500     		movs	r5, r0
 258 0004 85B0     		sub	sp, sp, #20
 259 0006 0392     		str	r2, [sp, #12]
 260 0008 0291     		str	r1, [sp, #8]
 261 000a 7435     		adds	r5, r5, #116
 262 000c 2B78     		ldrb	r3, [r5]
 263 000e 0400     		movs	r4, r0
 264 0010 0F00     		movs	r7, r1
 265 0012 0A00     		movs	r2, r1
 266 0014 0220     		movs	r0, #2
 267 0016 02AE     		add	r6, sp, #8
 268 0018 012B     		cmp	r3, #1
 269 001a 30D0     		beq	.L28
 270 001c 2423     		movs	r3, #36
 271 001e 0138     		subs	r0, r0, #1
 272 0020 2870     		strb	r0, [r5]
 273 0022 A367     		str	r3, [r4, #120]
 274 0024 2368     		ldr	r3, [r4]
 275 0026 1968     		ldr	r1, [r3]
 276 0028 8143     		bics	r1, r0
 277 002a 1960     		str	r1, [r3]
 278 002c 9968     		ldr	r1, [r3, #8]
 279 002e 1648     		ldr	r0, .L33
 280 0030 0140     		ands	r1, r0
 281 0032 3943     		orrs	r1, r7
 282 0034 9960     		str	r1, [r3, #8]
 283 0036 002F     		cmp	r7, #0
 284 0038 0CD1     		bne	.L29
 285 003a 5968     		ldr	r1, [r3, #4]
 286 003c 1032     		adds	r2, r2, #16
 287 003e 9143     		bics	r1, r2
 288 0040 B288     		ldrh	r2, [r6, #4]
 289 0042 B079     		ldrb	r0, [r6, #6]
 290 0044 1143     		orrs	r1, r2
 291 0046 5960     		str	r1, [r3, #4]
 292 0048 5A68     		ldr	r2, [r3, #4]
 293 004a 0006     		lsls	r0, r0, #24
 294 004c 1202     		lsls	r2, r2, #8
 295 004e 120A     		lsrs	r2, r2, #8
 296 0050 0243     		orrs	r2, r0
ARM GAS  /tmp/cckznZMT.s 			page 6


 297 0052 5A60     		str	r2, [r3, #4]
 298              	.L29:
 299 0054 0122     		movs	r2, #1
 300 0056 1968     		ldr	r1, [r3]
 301 0058 0A43     		orrs	r2, r1
 302 005a 1A60     		str	r2, [r3]
 303 005c FFF7FEFF 		bl	HAL_GetTick
 304 0060 8021     		movs	r1, #128
 305 0062 0A4A     		ldr	r2, .L33+4
 306 0064 0300     		movs	r3, r0
 307 0066 0092     		str	r2, [sp]
 308 0068 2000     		movs	r0, r4
 309 006a 0022     		movs	r2, #0
 310 006c C903     		lsls	r1, r1, #15
 311 006e FFF7FEFF 		bl	UART_WaitOnFlagUntilTimeout
 312 0072 0028     		cmp	r0, #0
 313 0074 05D1     		bne	.L32
 314 0076 2023     		movs	r3, #32
 315 0078 A367     		str	r3, [r4, #120]
 316              	.L30:
 317 007a 0023     		movs	r3, #0
 318 007c 2B70     		strb	r3, [r5]
 319              	.L28:
 320 007e 05B0     		add	sp, sp, #20
 321              		@ sp needed
 322 0080 F0BD     		pop	{r4, r5, r6, r7, pc}
 323              	.L32:
 324 0082 0320     		movs	r0, #3
 325 0084 F9E7     		b	.L30
 326              	.L34:
 327 0086 C046     		.align	2
 328              	.L33:
 329 0088 FFFFCFFF 		.word	-3145729
 330 008c FFFFFF01 		.word	33554431
 332              		.section	.text.HAL_UARTEx_EnableStopMode,"ax",%progbits
 333              		.align	1
 334              		.global	HAL_UARTEx_EnableStopMode
 335              		.syntax unified
 336              		.code	16
 337              		.thumb_func
 338              		.fpu softvfp
 340              	HAL_UARTEx_EnableStopMode:
 341              		@ args = 0, pretend = 0, frame = 0
 342              		@ frame_needed = 0, uses_anonymous_args = 0
 343 0000 0200     		movs	r2, r0
 344 0002 10B5     		push	{r4, lr}
 345 0004 7432     		adds	r2, r2, #116
 346 0006 1178     		ldrb	r1, [r2]
 347 0008 0300     		movs	r3, r0
 348 000a 0220     		movs	r0, #2
 349 000c 0129     		cmp	r1, #1
 350 000e 0ED0     		beq	.L36
 351 0010 0121     		movs	r1, #1
 352 0012 1170     		strb	r1, [r2]
 353              		.syntax divided
 354              	@ 453 "bsp_l0/mcu_drivers/cmsis/Core/Include/cmsis_gcc.h" 1
 355 0014 EFF31080 		MRS r0, primask
ARM GAS  /tmp/cckznZMT.s 			page 7


 356              	@ 0 "" 2
 357              	@ 481 "bsp_l0/mcu_drivers/cmsis/Core/Include/cmsis_gcc.h" 1
 358 0018 81F31088 		MSR primask, r1
 359              	@ 0 "" 2
 360              		.thumb
 361              		.syntax unified
 362 001c 1968     		ldr	r1, [r3]
 363 001e 0223     		movs	r3, #2
 364 0020 0C68     		ldr	r4, [r1]
 365 0022 2343     		orrs	r3, r4
 366 0024 0B60     		str	r3, [r1]
 367              		.syntax divided
 368              	@ 481 "bsp_l0/mcu_drivers/cmsis/Core/Include/cmsis_gcc.h" 1
 369 0026 80F31088 		MSR primask, r0
 370              	@ 0 "" 2
 371              		.thumb
 372              		.syntax unified
 373 002a 0020     		movs	r0, #0
 374 002c 1070     		strb	r0, [r2]
 375              	.L36:
 376              		@ sp needed
 377 002e 10BD     		pop	{r4, pc}
 379              		.section	.text.HAL_UARTEx_DisableStopMode,"ax",%progbits
 380              		.align	1
 381              		.global	HAL_UARTEx_DisableStopMode
 382              		.syntax unified
 383              		.code	16
 384              		.thumb_func
 385              		.fpu softvfp
 387              	HAL_UARTEx_DisableStopMode:
 388              		@ args = 0, pretend = 0, frame = 0
 389              		@ frame_needed = 0, uses_anonymous_args = 0
 390 0000 0200     		movs	r2, r0
 391 0002 10B5     		push	{r4, lr}
 392 0004 7432     		adds	r2, r2, #116
 393 0006 1178     		ldrb	r1, [r2]
 394 0008 0300     		movs	r3, r0
 395 000a 0220     		movs	r0, #2
 396 000c 0129     		cmp	r1, #1
 397 000e 0ED0     		beq	.L39
 398 0010 0121     		movs	r1, #1
 399 0012 1170     		strb	r1, [r2]
 400              		.syntax divided
 401              	@ 453 "bsp_l0/mcu_drivers/cmsis/Core/Include/cmsis_gcc.h" 1
 402 0014 EFF31080 		MRS r0, primask
 403              	@ 0 "" 2
 404              	@ 481 "bsp_l0/mcu_drivers/cmsis/Core/Include/cmsis_gcc.h" 1
 405 0018 81F31088 		MSR primask, r1
 406              	@ 0 "" 2
 407              		.thumb
 408              		.syntax unified
 409 001c 0224     		movs	r4, #2
 410 001e 1968     		ldr	r1, [r3]
 411 0020 0B68     		ldr	r3, [r1]
 412 0022 A343     		bics	r3, r4
 413 0024 0B60     		str	r3, [r1]
 414              		.syntax divided
ARM GAS  /tmp/cckznZMT.s 			page 8


 415              	@ 481 "bsp_l0/mcu_drivers/cmsis/Core/Include/cmsis_gcc.h" 1
 416 0026 80F31088 		MSR primask, r0
 417              	@ 0 "" 2
 418              		.thumb
 419              		.syntax unified
 420 002a 0020     		movs	r0, #0
 421 002c 1070     		strb	r0, [r2]
 422              	.L39:
 423              		@ sp needed
 424 002e 10BD     		pop	{r4, pc}
 426              		.section	.text.HAL_UARTEx_ReceiveToIdle,"ax",%progbits
 427              		.align	1
 428              		.global	HAL_UARTEx_ReceiveToIdle
 429              		.syntax unified
 430              		.code	16
 431              		.thumb_func
 432              		.fpu softvfp
 434              	HAL_UARTEx_ReceiveToIdle:
 435              		@ args = 4, pretend = 0, frame = 16
 436              		@ frame_needed = 0, uses_anonymous_args = 0
 437 0000 F0B5     		push	{r4, r5, r6, r7, lr}
 438 0002 85B0     		sub	sp, sp, #20
 439 0004 0193     		str	r3, [sp, #4]
 440 0006 C36F     		ldr	r3, [r0, #124]
 441 0008 0400     		movs	r4, r0
 442 000a 0F00     		movs	r7, r1
 443 000c 1500     		movs	r5, r2
 444 000e 0220     		movs	r0, #2
 445 0010 202B     		cmp	r3, #32
 446 0012 70D1     		bne	.L42
 447 0014 0138     		subs	r0, r0, #1
 448 0016 0029     		cmp	r1, #0
 449 0018 6DD0     		beq	.L42
 450 001a 002A     		cmp	r2, #0
 451 001c 6BD0     		beq	.L42
 452 001e 8023     		movs	r3, #128
 453 0020 A268     		ldr	r2, [r4, #8]
 454 0022 5B01     		lsls	r3, r3, #5
 455 0024 9A42     		cmp	r2, r3
 456 0026 04D1     		bne	.L43
 457 0028 2369     		ldr	r3, [r4, #16]
 458 002a 002B     		cmp	r3, #0
 459 002c 01D1     		bne	.L43
 460 002e 0142     		tst	r1, r0
 461 0030 61D1     		bne	.L42
 462              	.L43:
 463 0032 2600     		movs	r6, r4
 464 0034 7436     		adds	r6, r6, #116
 465 0036 3378     		ldrb	r3, [r6]
 466 0038 0220     		movs	r0, #2
 467 003a 012B     		cmp	r3, #1
 468 003c 5BD0     		beq	.L42
 469 003e 0122     		movs	r2, #1
 470 0040 0021     		movs	r1, #0
 471 0042 231D     		adds	r3, r4, #4
 472 0044 3270     		strb	r2, [r6]
 473 0046 D967     		str	r1, [r3, #124]
ARM GAS  /tmp/cckznZMT.s 			page 9


 474 0048 2223     		movs	r3, #34
 475 004a E367     		str	r3, [r4, #124]
 476 004c 2266     		str	r2, [r4, #96]
 477 004e FFF7FEFF 		bl	HAL_GetTick
 478 0052 2300     		movs	r3, r4
 479 0054 8021     		movs	r1, #128
 480 0056 A268     		ldr	r2, [r4, #8]
 481 0058 5833     		adds	r3, r3, #88
 482 005a 1D80     		strh	r5, [r3]
 483 005c 5D80     		strh	r5, [r3, #2]
 484 005e 0390     		str	r0, [sp, #12]
 485 0060 4901     		lsls	r1, r1, #5
 486 0062 0433     		adds	r3, r3, #4
 487 0064 8A42     		cmp	r2, r1
 488 0066 28D1     		bne	.L44
 489 0068 2169     		ldr	r1, [r4, #16]
 490 006a 0029     		cmp	r1, #0
 491 006c 23D1     		bne	.L45
 492 006e 3749     		ldr	r1, .L85
 493              	.L84:
 494 0070 1980     		strh	r1, [r3]
 495 0072 2300     		movs	r3, r4
 496 0074 5C33     		adds	r3, r3, #92
 497 0076 1B88     		ldrh	r3, [r3]
 498 0078 0025     		movs	r5, #0
 499 007a 0293     		str	r3, [sp, #8]
 500 007c 8023     		movs	r3, #128
 501 007e 5B01     		lsls	r3, r3, #5
 502 0080 9A42     		cmp	r2, r3
 503 0082 04D1     		bne	.L50
 504 0084 2369     		ldr	r3, [r4, #16]
 505 0086 AB42     		cmp	r3, r5
 506 0088 01D1     		bne	.L50
 507 008a 3D00     		movs	r5, r7
 508 008c 1F00     		movs	r7, r3
 509              	.L50:
 510 008e 0023     		movs	r3, #0
 511 0090 3370     		strb	r3, [r6]
 512 0092 1026     		movs	r6, #16
 513 0094 019A     		ldr	r2, [sp, #4]
 514 0096 1380     		strh	r3, [r2]
 515              	.L51:
 516 0098 2300     		movs	r3, r4
 517 009a 5A33     		adds	r3, r3, #90
 518 009c 1A88     		ldrh	r2, [r3]
 519 009e 90B2     		uxth	r0, r2
 520 00a0 002A     		cmp	r2, #0
 521 00a2 1CD1     		bne	.L58
 522 00a4 1A88     		ldrh	r2, [r3]
 523 00a6 023B     		subs	r3, r3, #2
 524 00a8 1B88     		ldrh	r3, [r3]
 525 00aa 9B1A     		subs	r3, r3, r2
 526 00ac 019A     		ldr	r2, [sp, #4]
 527 00ae 1380     		strh	r3, [r2]
 528 00b0 2023     		movs	r3, #32
 529 00b2 E367     		str	r3, [r4, #124]
 530 00b4 1FE0     		b	.L42
ARM GAS  /tmp/cckznZMT.s 			page 10


 531              	.L45:
 532 00b6 FF21     		movs	r1, #255
 533 00b8 DAE7     		b	.L84
 534              	.L44:
 535 00ba 002A     		cmp	r2, #0
 536 00bc 04D1     		bne	.L47
 537 00be 2169     		ldr	r1, [r4, #16]
 538 00c0 0029     		cmp	r1, #0
 539 00c2 F8D0     		beq	.L45
 540              	.L49:
 541 00c4 7F21     		movs	r1, #127
 542 00c6 D3E7     		b	.L84
 543              	.L47:
 544 00c8 8021     		movs	r1, #128
 545 00ca 4905     		lsls	r1, r1, #21
 546 00cc 8A42     		cmp	r2, r1
 547 00ce 04D1     		bne	.L48
 548 00d0 2169     		ldr	r1, [r4, #16]
 549 00d2 0029     		cmp	r1, #0
 550 00d4 F6D0     		beq	.L49
 551 00d6 3F21     		movs	r1, #63
 552 00d8 CAE7     		b	.L84
 553              	.L48:
 554 00da 0021     		movs	r1, #0
 555 00dc C8E7     		b	.L84
 556              	.L58:
 557 00de 2368     		ldr	r3, [r4]
 558 00e0 DA69     		ldr	r2, [r3, #28]
 559 00e2 3242     		tst	r2, r6
 560 00e4 09D0     		beq	.L52
 561 00e6 019A     		ldr	r2, [sp, #4]
 562 00e8 1E62     		str	r6, [r3, #32]
 563 00ea 1288     		ldrh	r2, [r2]
 564 00ec 002A     		cmp	r2, #0
 565 00ee 04D0     		beq	.L52
 566 00f0 2023     		movs	r3, #32
 567 00f2 0020     		movs	r0, #0
 568 00f4 E367     		str	r3, [r4, #124]
 569              	.L42:
 570 00f6 05B0     		add	sp, sp, #20
 571              		@ sp needed
 572 00f8 F0BD     		pop	{r4, r5, r6, r7, pc}
 573              	.L52:
 574 00fa 2021     		movs	r1, #32
 575 00fc DA69     		ldr	r2, [r3, #28]
 576 00fe 0A42     		tst	r2, r1
 577 0100 11D0     		beq	.L53
 578 0102 5B6A     		ldr	r3, [r3, #36]
 579 0104 029A     		ldr	r2, [sp, #8]
 580 0106 1340     		ands	r3, r2
 581 0108 002F     		cmp	r7, #0
 582 010a 1CD1     		bne	.L54
 583 010c 2B80     		strh	r3, [r5]
 584 010e 0235     		adds	r5, r5, #2
 585              	.L55:
 586 0110 019B     		ldr	r3, [sp, #4]
 587 0112 019A     		ldr	r2, [sp, #4]
ARM GAS  /tmp/cckznZMT.s 			page 11


 588 0114 1B88     		ldrh	r3, [r3]
 589 0116 0133     		adds	r3, r3, #1
 590 0118 1380     		strh	r3, [r2]
 591 011a 2200     		movs	r2, r4
 592 011c 5A32     		adds	r2, r2, #90
 593 011e 1388     		ldrh	r3, [r2]
 594 0120 013B     		subs	r3, r3, #1
 595 0122 9BB2     		uxth	r3, r3
 596 0124 1380     		strh	r3, [r2]
 597              	.L53:
 598 0126 0A9B     		ldr	r3, [sp, #40]
 599 0128 0133     		adds	r3, r3, #1
 600 012a B5D0     		beq	.L51
 601 012c FFF7FEFF 		bl	HAL_GetTick
 602 0130 039B     		ldr	r3, [sp, #12]
 603 0132 C01A     		subs	r0, r0, r3
 604 0134 0A9B     		ldr	r3, [sp, #40]
 605 0136 9842     		cmp	r0, r3
 606 0138 01D8     		bhi	.L57
 607 013a 002B     		cmp	r3, #0
 608 013c ACD1     		bne	.L51
 609              	.L57:
 610 013e 2023     		movs	r3, #32
 611 0140 0320     		movs	r0, #3
 612 0142 E367     		str	r3, [r4, #124]
 613 0144 D7E7     		b	.L42
 614              	.L54:
 615 0146 3B70     		strb	r3, [r7]
 616 0148 0137     		adds	r7, r7, #1
 617 014a E1E7     		b	.L55
 618              	.L86:
 619              		.align	2
 620              	.L85:
 621 014c FF010000 		.word	511
 623              		.section	.text.HAL_UARTEx_ReceiveToIdle_IT,"ax",%progbits
 624              		.align	1
 625              		.global	HAL_UARTEx_ReceiveToIdle_IT
 626              		.syntax unified
 627              		.code	16
 628              		.thumb_func
 629              		.fpu softvfp
 631              	HAL_UARTEx_ReceiveToIdle_IT:
 632              		@ args = 0, pretend = 0, frame = 0
 633              		@ frame_needed = 0, uses_anonymous_args = 0
 634 0000 C36F     		ldr	r3, [r0, #124]
 635 0002 70B5     		push	{r4, r5, r6, lr}
 636 0004 0400     		movs	r4, r0
 637 0006 0220     		movs	r0, #2
 638 0008 202B     		cmp	r3, #32
 639 000a 02D1     		bne	.L88
 640 000c 0029     		cmp	r1, #0
 641 000e 01D1     		bne	.L89
 642              	.L90:
 643 0010 0120     		movs	r0, #1
 644              	.L88:
 645              		@ sp needed
 646 0012 70BD     		pop	{r4, r5, r6, pc}
ARM GAS  /tmp/cckznZMT.s 			page 12


 647              	.L89:
 648 0014 002A     		cmp	r2, #0
 649 0016 FBD0     		beq	.L90
 650 0018 8023     		movs	r3, #128
 651 001a A068     		ldr	r0, [r4, #8]
 652 001c 5B01     		lsls	r3, r3, #5
 653 001e 9842     		cmp	r0, r3
 654 0020 04D1     		bne	.L91
 655 0022 2369     		ldr	r3, [r4, #16]
 656 0024 002B     		cmp	r3, #0
 657 0026 01D1     		bne	.L91
 658 0028 CB07     		lsls	r3, r1, #31
 659 002a F1D4     		bmi	.L90
 660              	.L91:
 661 002c 2500     		movs	r5, r4
 662 002e 7435     		adds	r5, r5, #116
 663 0030 2B78     		ldrb	r3, [r5]
 664 0032 0220     		movs	r0, #2
 665 0034 012B     		cmp	r3, #1
 666 0036 ECD0     		beq	.L88
 667 0038 0123     		movs	r3, #1
 668 003a 2000     		movs	r0, r4
 669 003c 2B70     		strb	r3, [r5]
 670 003e 2366     		str	r3, [r4, #96]
 671 0040 FFF7FEFF 		bl	UART_Start_Receive_IT
 672 0044 0028     		cmp	r0, #0
 673 0046 E4D1     		bne	.L88
 674 0048 226E     		ldr	r2, [r4, #96]
 675 004a 012A     		cmp	r2, #1
 676 004c E0D1     		bne	.L90
 677 004e 1023     		movs	r3, #16
 678 0050 2168     		ldr	r1, [r4]
 679 0052 0B62     		str	r3, [r1, #32]
 680              		.syntax divided
 681              	@ 453 "bsp_l0/mcu_drivers/cmsis/Core/Include/cmsis_gcc.h" 1
 682 0054 EFF31081 		MRS r1, primask
 683              	@ 0 "" 2
 684              	@ 481 "bsp_l0/mcu_drivers/cmsis/Core/Include/cmsis_gcc.h" 1
 685 0058 82F31088 		MSR primask, r2
 686              	@ 0 "" 2
 687              		.thumb
 688              		.syntax unified
 689 005c 2268     		ldr	r2, [r4]
 690 005e 1468     		ldr	r4, [r2]
 691 0060 2343     		orrs	r3, r4
 692 0062 1360     		str	r3, [r2]
 693              		.syntax divided
 694              	@ 481 "bsp_l0/mcu_drivers/cmsis/Core/Include/cmsis_gcc.h" 1
 695 0064 81F31088 		MSR primask, r1
 696              	@ 0 "" 2
 697              		.thumb
 698              		.syntax unified
 699 0068 D3E7     		b	.L88
 701              		.section	.text.HAL_UARTEx_ReceiveToIdle_DMA,"ax",%progbits
 702              		.align	1
 703              		.global	HAL_UARTEx_ReceiveToIdle_DMA
 704              		.syntax unified
ARM GAS  /tmp/cckznZMT.s 			page 13


 705              		.code	16
 706              		.thumb_func
 707              		.fpu softvfp
 709              	HAL_UARTEx_ReceiveToIdle_DMA:
 710              		@ args = 0, pretend = 0, frame = 0
 711              		@ frame_needed = 0, uses_anonymous_args = 0
 712 0000 C36F     		ldr	r3, [r0, #124]
 713 0002 70B5     		push	{r4, r5, r6, lr}
 714 0004 0400     		movs	r4, r0
 715 0006 0220     		movs	r0, #2
 716 0008 202B     		cmp	r3, #32
 717 000a 02D1     		bne	.L98
 718 000c 0029     		cmp	r1, #0
 719 000e 01D1     		bne	.L99
 720              	.L100:
 721 0010 0120     		movs	r0, #1
 722              	.L98:
 723              		@ sp needed
 724 0012 70BD     		pop	{r4, r5, r6, pc}
 725              	.L99:
 726 0014 002A     		cmp	r2, #0
 727 0016 FBD0     		beq	.L100
 728 0018 8023     		movs	r3, #128
 729 001a A068     		ldr	r0, [r4, #8]
 730 001c 5B01     		lsls	r3, r3, #5
 731 001e 9842     		cmp	r0, r3
 732 0020 04D1     		bne	.L101
 733 0022 2369     		ldr	r3, [r4, #16]
 734 0024 002B     		cmp	r3, #0
 735 0026 01D1     		bne	.L101
 736 0028 CB07     		lsls	r3, r1, #31
 737 002a F1D4     		bmi	.L100
 738              	.L101:
 739 002c 2500     		movs	r5, r4
 740 002e 7435     		adds	r5, r5, #116
 741 0030 2B78     		ldrb	r3, [r5]
 742 0032 0220     		movs	r0, #2
 743 0034 012B     		cmp	r3, #1
 744 0036 ECD0     		beq	.L98
 745 0038 0123     		movs	r3, #1
 746 003a 2000     		movs	r0, r4
 747 003c 2B70     		strb	r3, [r5]
 748 003e 2366     		str	r3, [r4, #96]
 749 0040 FFF7FEFF 		bl	UART_Start_Receive_DMA
 750 0044 0028     		cmp	r0, #0
 751 0046 E4D1     		bne	.L98
 752 0048 226E     		ldr	r2, [r4, #96]
 753 004a 012A     		cmp	r2, #1
 754 004c E0D1     		bne	.L100
 755 004e 1023     		movs	r3, #16
 756 0050 2168     		ldr	r1, [r4]
 757 0052 0B62     		str	r3, [r1, #32]
 758              		.syntax divided
 759              	@ 453 "bsp_l0/mcu_drivers/cmsis/Core/Include/cmsis_gcc.h" 1
 760 0054 EFF31081 		MRS r1, primask
 761              	@ 0 "" 2
 762              	@ 481 "bsp_l0/mcu_drivers/cmsis/Core/Include/cmsis_gcc.h" 1
ARM GAS  /tmp/cckznZMT.s 			page 14


 763 0058 82F31088 		MSR primask, r2
 764              	@ 0 "" 2
 765              		.thumb
 766              		.syntax unified
 767 005c 2268     		ldr	r2, [r4]
 768 005e 1468     		ldr	r4, [r2]
 769 0060 2343     		orrs	r3, r4
 770 0062 1360     		str	r3, [r2]
 771              		.syntax divided
 772              	@ 481 "bsp_l0/mcu_drivers/cmsis/Core/Include/cmsis_gcc.h" 1
 773 0064 81F31088 		MSR primask, r1
 774              	@ 0 "" 2
 775              		.thumb
 776              		.syntax unified
 777 0068 D3E7     		b	.L98
 779              		.ident	"GCC: (15:10.3-2021.07-4) 10.3.1 20210621 (release)"
ARM GAS  /tmp/cckznZMT.s 			page 15


DEFINED SYMBOLS
                            *ABS*:0000000000000000 stm32l0xx_hal_uart_ex.c
     /tmp/cckznZMT.s:12     .text.HAL_RS485Ex_Init:0000000000000000 $t
     /tmp/cckznZMT.s:20     .text.HAL_RS485Ex_Init:0000000000000000 HAL_RS485Ex_Init
     /tmp/cckznZMT.s:90     .text.HAL_RS485Ex_Init:000000000000007c $d
     /tmp/cckznZMT.s:94     .text.HAL_UARTEx_WakeupCallback:0000000000000000 $t
     /tmp/cckznZMT.s:101    .text.HAL_UARTEx_WakeupCallback:0000000000000000 HAL_UARTEx_WakeupCallback
     /tmp/cckznZMT.s:109    .text.HAL_UARTEx_EnableClockStopMode:0000000000000000 $t
     /tmp/cckznZMT.s:116    .text.HAL_UARTEx_EnableClockStopMode:0000000000000000 HAL_UARTEx_EnableClockStopMode
     /tmp/cckznZMT.s:157    .text.HAL_UARTEx_DisableClockStopMode:0000000000000000 $t
     /tmp/cckznZMT.s:164    .text.HAL_UARTEx_DisableClockStopMode:0000000000000000 HAL_UARTEx_DisableClockStopMode
     /tmp/cckznZMT.s:205    .text.HAL_UARTEx_DisableClockStopMode:0000000000000030 $d
     /tmp/cckznZMT.s:208    .text.HAL_MultiProcessorEx_AddressLength_Set:0000000000000000 $t
     /tmp/cckznZMT.s:215    .text.HAL_MultiProcessorEx_AddressLength_Set:0000000000000000 HAL_MultiProcessorEx_AddressLength_Set
     /tmp/cckznZMT.s:246    .text.HAL_UARTEx_StopModeWakeUpSourceConfig:0000000000000000 $t
     /tmp/cckznZMT.s:253    .text.HAL_UARTEx_StopModeWakeUpSourceConfig:0000000000000000 HAL_UARTEx_StopModeWakeUpSourceConfig
     /tmp/cckznZMT.s:329    .text.HAL_UARTEx_StopModeWakeUpSourceConfig:0000000000000088 $d
     /tmp/cckznZMT.s:333    .text.HAL_UARTEx_EnableStopMode:0000000000000000 $t
     /tmp/cckznZMT.s:340    .text.HAL_UARTEx_EnableStopMode:0000000000000000 HAL_UARTEx_EnableStopMode
     /tmp/cckznZMT.s:380    .text.HAL_UARTEx_DisableStopMode:0000000000000000 $t
     /tmp/cckznZMT.s:387    .text.HAL_UARTEx_DisableStopMode:0000000000000000 HAL_UARTEx_DisableStopMode
     /tmp/cckznZMT.s:427    .text.HAL_UARTEx_ReceiveToIdle:0000000000000000 $t
     /tmp/cckznZMT.s:434    .text.HAL_UARTEx_ReceiveToIdle:0000000000000000 HAL_UARTEx_ReceiveToIdle
     /tmp/cckznZMT.s:621    .text.HAL_UARTEx_ReceiveToIdle:000000000000014c $d
     /tmp/cckznZMT.s:624    .text.HAL_UARTEx_ReceiveToIdle_IT:0000000000000000 $t
     /tmp/cckznZMT.s:631    .text.HAL_UARTEx_ReceiveToIdle_IT:0000000000000000 HAL_UARTEx_ReceiveToIdle_IT
     /tmp/cckznZMT.s:702    .text.HAL_UARTEx_ReceiveToIdle_DMA:0000000000000000 $t
     /tmp/cckznZMT.s:709    .text.HAL_UARTEx_ReceiveToIdle_DMA:0000000000000000 HAL_UARTEx_ReceiveToIdle_DMA

UNDEFINED SYMBOLS
HAL_UART_MspInit
UART_SetConfig
UART_AdvFeatureConfig
UART_CheckIdleState
HAL_GetTick
UART_WaitOnFlagUntilTimeout
UART_Start_Receive_IT
UART_Start_Receive_DMA
