ARM GAS  /tmp/ccAgZxJm.s 			page 1


   1              		.cpu cortex-m0
   2              		.eabi_attribute 23, 1
   3              		.eabi_attribute 24, 1
   4              		.eabi_attribute 25, 1
   5              		.eabi_attribute 26, 1
   6              		.eabi_attribute 30, 4
   7              		.eabi_attribute 34, 0
   8              		.eabi_attribute 18, 4
   9              		.file	"stm32l0xx_hal_rcc_ex.c"
  10              		.text
  11              		.section	.text.HAL_RCCEx_PeriphCLKConfig,"ax",%progbits
  12              		.align	1
  13              		.global	HAL_RCCEx_PeriphCLKConfig
  14              		.arch armv6s-m
  15              		.syntax unified
  16              		.code	16
  17              		.thumb_func
  18              		.fpu softvfp
  20              	HAL_RCCEx_PeriphCLKConfig:
  21              		@ args = 0, pretend = 0, frame = 8
  22              		@ frame_needed = 0, uses_anonymous_args = 0
  23 0000 0368     		ldr	r3, [r0]
  24 0002 F7B5     		push	{r0, r1, r2, r4, r5, r6, r7, lr}
  25 0004 0500     		movs	r5, r0
  26 0006 9B06     		lsls	r3, r3, #26
  27 0008 3CD5     		bpl	.L3
  28 000a 8023     		movs	r3, #128
  29 000c 0021     		movs	r1, #0
  30 000e 5A4C     		ldr	r4, .L51
  31 0010 5B05     		lsls	r3, r3, #21
  32 0012 A26B     		ldr	r2, [r4, #56]
  33 0014 0091     		str	r1, [sp]
  34 0016 1A42     		tst	r2, r3
  35 0018 04D1     		bne	.L4
  36 001a A26B     		ldr	r2, [r4, #56]
  37 001c 1343     		orrs	r3, r2
  38 001e A363     		str	r3, [r4, #56]
  39 0020 0123     		movs	r3, #1
  40 0022 0093     		str	r3, [sp]
  41              	.L4:
  42 0024 8027     		movs	r7, #128
  43 0026 554E     		ldr	r6, .L51+4
  44 0028 7F00     		lsls	r7, r7, #1
  45 002a 3368     		ldr	r3, [r6]
  46 002c 3B42     		tst	r3, r7
  47 002e 62D0     		beq	.L5
  48              	.L11:
  49 0030 6A68     		ldr	r2, [r5, #4]
  50 0032 C023     		movs	r3, #192
  51 0034 C020     		movs	r0, #192
  52 0036 1600     		movs	r6, r2
  53 0038 2168     		ldr	r1, [r4]
  54 003a 8003     		lsls	r0, r0, #14
  55 003c 9B02     		lsls	r3, r3, #10
  56 003e 1E40     		ands	r6, r3
  57 0040 0240     		ands	r2, r0
  58 0042 0140     		ands	r1, r0
ARM GAS  /tmp/ccAgZxJm.s 			page 2


  59 0044 8A42     		cmp	r2, r1
  60 0046 67D1     		bne	.L6
  61              	.L7:
  62 0048 226D     		ldr	r2, [r4, #80]
  63 004a 1100     		movs	r1, r2
  64 004c 1940     		ands	r1, r3
  65 004e 1A42     		tst	r2, r3
  66 0050 6AD1     		bne	.L12
  67              	.L15:
  68 0052 6968     		ldr	r1, [r5, #4]
  69 0054 C023     		movs	r3, #192
  70 0056 0A00     		movs	r2, r1
  71 0058 9B02     		lsls	r3, r3, #10
  72 005a 1A40     		ands	r2, r3
  73 005c 9A42     		cmp	r2, r3
  74 005e 07D1     		bne	.L14
  75 0060 2368     		ldr	r3, [r4]
  76 0062 4748     		ldr	r0, .L51+8
  77 0064 0340     		ands	r3, r0
  78 0066 C020     		movs	r0, #192
  79 0068 8003     		lsls	r0, r0, #14
  80 006a 0140     		ands	r1, r0
  81 006c 0B43     		orrs	r3, r1
  82 006e 2360     		str	r3, [r4]
  83              	.L14:
  84 0070 236D     		ldr	r3, [r4, #80]
  85 0072 1A43     		orrs	r2, r3
  86 0074 009B     		ldr	r3, [sp]
  87 0076 2265     		str	r2, [r4, #80]
  88 0078 012B     		cmp	r3, #1
  89 007a 03D1     		bne	.L3
  90 007c A36B     		ldr	r3, [r4, #56]
  91 007e 414A     		ldr	r2, .L51+12
  92 0080 1340     		ands	r3, r2
  93 0082 A363     		str	r3, [r4, #56]
  94              	.L3:
  95 0084 2B68     		ldr	r3, [r5]
  96 0086 DA07     		lsls	r2, r3, #31
  97 0088 06D5     		bpl	.L20
  98 008a 0320     		movs	r0, #3
  99 008c 3A49     		ldr	r1, .L51
 100 008e CA6C     		ldr	r2, [r1, #76]
 101 0090 8243     		bics	r2, r0
 102 0092 A868     		ldr	r0, [r5, #8]
 103 0094 0243     		orrs	r2, r0
 104 0096 CA64     		str	r2, [r1, #76]
 105              	.L20:
 106 0098 9A07     		lsls	r2, r3, #30
 107 009a 06D5     		bpl	.L21
 108 009c 0C20     		movs	r0, #12
 109 009e 3649     		ldr	r1, .L51
 110 00a0 CA6C     		ldr	r2, [r1, #76]
 111 00a2 8243     		bics	r2, r0
 112 00a4 E868     		ldr	r0, [r5, #12]
 113 00a6 0243     		orrs	r2, r0
 114 00a8 CA64     		str	r2, [r1, #76]
 115              	.L21:
ARM GAS  /tmp/ccAgZxJm.s 			page 3


 116 00aa 5A07     		lsls	r2, r3, #29
 117 00ac 06D5     		bpl	.L22
 118 00ae 3249     		ldr	r1, .L51
 119 00b0 3548     		ldr	r0, .L51+16
 120 00b2 CA6C     		ldr	r2, [r1, #76]
 121 00b4 0240     		ands	r2, r0
 122 00b6 2869     		ldr	r0, [r5, #16]
 123 00b8 0243     		orrs	r2, r0
 124 00ba CA64     		str	r2, [r1, #76]
 125              	.L22:
 126 00bc 1A07     		lsls	r2, r3, #28
 127 00be 06D5     		bpl	.L23
 128 00c0 2D49     		ldr	r1, .L51
 129 00c2 3248     		ldr	r0, .L51+20
 130 00c4 CA6C     		ldr	r2, [r1, #76]
 131 00c6 0240     		ands	r2, r0
 132 00c8 6869     		ldr	r0, [r5, #20]
 133 00ca 0243     		orrs	r2, r0
 134 00cc CA64     		str	r2, [r1, #76]
 135              	.L23:
 136 00ce DA05     		lsls	r2, r3, #23
 137 00d0 06D5     		bpl	.L24
 138 00d2 2949     		ldr	r1, .L51
 139 00d4 2E48     		ldr	r0, .L51+24
 140 00d6 CA6C     		ldr	r2, [r1, #76]
 141 00d8 0240     		ands	r2, r0
 142 00da A869     		ldr	r0, [r5, #24]
 143 00dc 0243     		orrs	r2, r0
 144 00de CA64     		str	r2, [r1, #76]
 145              	.L24:
 146 00e0 0020     		movs	r0, #0
 147 00e2 1B06     		lsls	r3, r3, #24
 148 00e4 17D5     		bpl	.L9
 149 00e6 244A     		ldr	r2, .L51
 150 00e8 2A49     		ldr	r1, .L51+28
 151 00ea D36C     		ldr	r3, [r2, #76]
 152 00ec 0B40     		ands	r3, r1
 153 00ee E969     		ldr	r1, [r5, #28]
 154 00f0 0B43     		orrs	r3, r1
 155 00f2 D364     		str	r3, [r2, #76]
 156 00f4 0FE0     		b	.L9
 157              	.L5:
 158 00f6 3368     		ldr	r3, [r6]
 159 00f8 3B43     		orrs	r3, r7
 160 00fa 3360     		str	r3, [r6]
 161 00fc FFF7FEFF 		bl	HAL_GetTick
 162 0100 0190     		str	r0, [sp, #4]
 163              	.L8:
 164 0102 3368     		ldr	r3, [r6]
 165 0104 3B42     		tst	r3, r7
 166 0106 93D1     		bne	.L11
 167 0108 FFF7FEFF 		bl	HAL_GetTick
 168 010c 019B     		ldr	r3, [sp, #4]
 169 010e C01A     		subs	r0, r0, r3
 170 0110 6428     		cmp	r0, #100
 171 0112 F6D9     		bls	.L8
 172              	.L17:
ARM GAS  /tmp/ccAgZxJm.s 			page 4


 173 0114 0320     		movs	r0, #3
 174              	.L9:
 175              		@ sp needed
 176 0116 FEBD     		pop	{r1, r2, r3, r4, r5, r6, r7, pc}
 177              	.L6:
 178 0118 9E42     		cmp	r6, r3
 179 011a 95D1     		bne	.L7
 180 011c 2268     		ldr	r2, [r4]
 181 011e 0120     		movs	r0, #1
 182 0120 9203     		lsls	r2, r2, #14
 183 0122 00D4     		bmi	.LCB210
 184 0124 90E7     		b	.L7	@long jump
 185              	.LCB210:
 186 0126 F6E7     		b	.L9
 187              	.L12:
 188 0128 B142     		cmp	r1, r6
 189 012a 00D1     		bne	.LCB216
 190 012c 91E7     		b	.L15	@long jump
 191              	.LCB216:
 192 012e 2B68     		ldr	r3, [r5]
 193 0130 9B06     		lsls	r3, r3, #26
 194 0132 00D4     		bmi	.LCB222
 195 0134 8DE7     		b	.L15	@long jump
 196              	.LCB222:
 197 0136 8022     		movs	r2, #128
 198 0138 216D     		ldr	r1, [r4, #80]
 199 013a 206D     		ldr	r0, [r4, #80]
 200 013c 1203     		lsls	r2, r2, #12
 201 013e 0243     		orrs	r2, r0
 202 0140 2265     		str	r2, [r4, #80]
 203 0142 226D     		ldr	r2, [r4, #80]
 204 0144 124B     		ldr	r3, .L51+24
 205 0146 1448     		ldr	r0, .L51+32
 206 0148 0B40     		ands	r3, r1
 207 014a 0240     		ands	r2, r0
 208 014c 2265     		str	r2, [r4, #80]
 209 014e 2365     		str	r3, [r4, #80]
 210 0150 CB05     		lsls	r3, r1, #23
 211 0152 00D4     		bmi	.LCB239
 212 0154 7DE7     		b	.L15	@long jump
 213              	.LCB239:
 214 0156 FFF7FEFF 		bl	HAL_GetTick
 215 015a 8027     		movs	r7, #128
 216 015c 0600     		movs	r6, r0
 217 015e BF00     		lsls	r7, r7, #2
 218              	.L16:
 219 0160 236D     		ldr	r3, [r4, #80]
 220 0162 3B42     		tst	r3, r7
 221 0164 00D0     		beq	.LCB249
 222 0166 74E7     		b	.L15	@long jump
 223              	.LCB249:
 224 0168 FFF7FEFF 		bl	HAL_GetTick
 225 016c 0B4B     		ldr	r3, .L51+36
 226 016e 801B     		subs	r0, r0, r6
 227 0170 9842     		cmp	r0, r3
 228 0172 F5D9     		bls	.L16
 229 0174 CEE7     		b	.L17
ARM GAS  /tmp/ccAgZxJm.s 			page 5


 230              	.L52:
 231 0176 C046     		.align	2
 232              	.L51:
 233 0178 00100240 		.word	1073876992
 234 017c 00700040 		.word	1073770496
 235 0180 FFFFCFFF 		.word	-3145729
 236 0184 FFFFFFEF 		.word	-268435457
 237 0188 FFF3FFFF 		.word	-3073
 238 018c FFCFFFFF 		.word	-12289
 239 0190 FFFFFCFF 		.word	-196609
 240 0194 FFFFF3FF 		.word	-786433
 241 0198 FFFFF7FF 		.word	-524289
 242 019c 88130000 		.word	5000
 244              		.section	.text.HAL_RCCEx_GetPeriphCLKConfig,"ax",%progbits
 245              		.align	1
 246              		.global	HAL_RCCEx_GetPeriphCLKConfig
 247              		.syntax unified
 248              		.code	16
 249              		.thumb_func
 250              		.fpu softvfp
 252              	HAL_RCCEx_GetPeriphCLKConfig:
 253              		@ args = 0, pretend = 0, frame = 0
 254              		@ frame_needed = 0, uses_anonymous_args = 0
 255 0000 B023     		movs	r3, #176
 256 0002 C021     		movs	r1, #192
 257 0004 FF33     		adds	r3, r3, #255
 258 0006 0360     		str	r3, [r0]
 259 0008 134B     		ldr	r3, .L55
 260 000a 8902     		lsls	r1, r1, #10
 261 000c 1A6D     		ldr	r2, [r3, #80]
 262 000e 10B5     		push	{r4, lr}
 263 0010 0A40     		ands	r2, r1
 264 0012 8A42     		cmp	r2, r1
 265 0014 00D1     		bne	.L54
 266 0016 1A68     		ldr	r2, [r3]
 267              	.L54:
 268 0018 0321     		movs	r1, #3
 269              		@ sp needed
 270 001a DA6C     		ldr	r2, [r3, #76]
 271 001c C024     		movs	r4, #192
 272 001e 0A40     		ands	r2, r1
 273 0020 8260     		str	r2, [r0, #8]
 274 0022 DA6C     		ldr	r2, [r3, #76]
 275 0024 0931     		adds	r1, r1, #9
 276 0026 0A40     		ands	r2, r1
 277 0028 C021     		movs	r1, #192
 278 002a C260     		str	r2, [r0, #12]
 279 002c DA6C     		ldr	r2, [r3, #76]
 280 002e 0901     		lsls	r1, r1, #4
 281 0030 0A40     		ands	r2, r1
 282 0032 C021     		movs	r1, #192
 283 0034 0261     		str	r2, [r0, #16]
 284 0036 DA6C     		ldr	r2, [r3, #76]
 285 0038 8901     		lsls	r1, r1, #6
 286 003a 0A40     		ands	r2, r1
 287 003c C021     		movs	r1, #192
 288 003e 4261     		str	r2, [r0, #20]
ARM GAS  /tmp/ccAgZxJm.s 			page 6


 289 0040 DA6C     		ldr	r2, [r3, #76]
 290 0042 8902     		lsls	r1, r1, #10
 291 0044 0A40     		ands	r2, r1
 292 0046 8261     		str	r2, [r0, #24]
 293 0048 DA6C     		ldr	r2, [r3, #76]
 294 004a 2403     		lsls	r4, r4, #12
 295 004c 2240     		ands	r2, r4
 296 004e C261     		str	r2, [r0, #28]
 297 0050 1B6D     		ldr	r3, [r3, #80]
 298 0052 0B40     		ands	r3, r1
 299 0054 4360     		str	r3, [r0, #4]
 300 0056 10BD     		pop	{r4, pc}
 301              	.L56:
 302              		.align	2
 303              	.L55:
 304 0058 00100240 		.word	1073876992
 306              		.section	.text.HAL_RCCEx_GetPeriphCLKFreq,"ax",%progbits
 307              		.align	1
 308              		.global	HAL_RCCEx_GetPeriphCLKFreq
 309              		.syntax unified
 310              		.code	16
 311              		.thumb_func
 312              		.fpu softvfp
 314              	HAL_RCCEx_GetPeriphCLKFreq:
 315              		@ args = 0, pretend = 0, frame = 0
 316              		@ frame_needed = 0, uses_anonymous_args = 0
 317 0000 70B5     		push	{r4, r5, r6, lr}
 318 0002 0828     		cmp	r0, #8
 319 0004 0AD8     		bhi	.L58
 320 0006 0028     		cmp	r0, #0
 321 0008 31D0     		beq	.L59
 322 000a 0138     		subs	r0, r0, #1
 323 000c 0728     		cmp	r0, #7
 324 000e 0FD8     		bhi	.L80
 325 0010 FFF7FEFF 		bl	__gnu_thumb1_case_uqi
 326              	.L61:
 327 0014 4B       		.byte	(.L64-.L61)/2
 328 0015 77       		.byte	(.L63-.L61)/2
 329 0016 0E       		.byte	(.L80-.L61)/2
 330 0017 89       		.byte	(.L62-.L61)/2
 331 0018 0E       		.byte	(.L80-.L61)/2
 332 0019 0E       		.byte	(.L80-.L61)/2
 333 001a 0E       		.byte	(.L80-.L61)/2
 334 001b 9E       		.byte	(.L60-.L61)/2
 335              		.p2align 1
 336              	.L58:
 337 001c 2028     		cmp	r0, #32
 338 001e 09D0     		beq	.L65
 339 0020 8023     		movs	r3, #128
 340 0022 5B00     		lsls	r3, r3, #1
 341 0024 9842     		cmp	r0, r3
 342 0026 00D1     		bne	.LCB359
 343 0028 AEE0     		b	.L66	@long jump
 344              	.LCB359:
 345 002a 1028     		cmp	r0, #16
 346 002c 00D1     		bne	.LCB361
 347 002e A1E0     		b	.L67	@long jump
ARM GAS  /tmp/ccAgZxJm.s 			page 7


 348              	.LCB361:
 349              	.L80:
 350 0030 0020     		movs	r0, #0
 351 0032 1CE0     		b	.L59
 352              	.L65:
 353 0034 C025     		movs	r5, #192
 354 0036 8020     		movs	r0, #128
 355 0038 5D4A     		ldr	r2, .L155
 356 003a AD02     		lsls	r5, r5, #10
 357 003c 116D     		ldr	r1, [r2, #80]
 358 003e 136D     		ldr	r3, [r2, #80]
 359 0040 4002     		lsls	r0, r0, #9
 360 0042 2B40     		ands	r3, r5
 361 0044 8342     		cmp	r3, r0
 362 0046 08D1     		bne	.L68
 363 0048 8023     		movs	r3, #128
 364 004a 0800     		movs	r0, r1
 365 004c 9B00     		lsls	r3, r3, #2
 366 004e 1840     		ands	r0, r3
 367 0050 1942     		tst	r1, r3
 368 0052 0CD0     		beq	.L59
 369              	.L143:
 370 0054 8020     		movs	r0, #128
 371 0056 0002     		lsls	r0, r0, #8
 372 0058 09E0     		b	.L59
 373              	.L68:
 374 005a 8024     		movs	r4, #128
 375 005c A402     		lsls	r4, r4, #10
 376 005e A342     		cmp	r3, r4
 377 0060 06D1     		bne	.L69
 378 0062 0223     		movs	r3, #2
 379 0064 0800     		movs	r0, r1
 380 0066 1840     		ands	r0, r3
 381 0068 1942     		tst	r1, r3
 382 006a 00D0     		beq	.L59
 383 006c 5148     		ldr	r0, .L155+4
 384              	.L59:
 385              		@ sp needed
 386 006e 70BD     		pop	{r4, r5, r6, pc}
 387              	.L69:
 388 0070 0020     		movs	r0, #0
 389 0072 AB42     		cmp	r3, r5
 390 0074 FBD1     		bne	.L59
 391 0076 1368     		ldr	r3, [r2]
 392 0078 1800     		movs	r0, r3
 393 007a 2040     		ands	r0, r4
 394 007c 2342     		tst	r3, r4
 395 007e F6D0     		beq	.L59
 396 0080 C023     		movs	r3, #192
 397 0082 1068     		ldr	r0, [r2]
 398 0084 8022     		movs	r2, #128
 399 0086 9B03     		lsls	r3, r3, #14
 400 0088 1840     		ands	r0, r3
 401 008a 9203     		lsls	r2, r2, #14
 402 008c 9042     		cmp	r0, r2
 403 008e 00D1     		bne	.LCB427
 404 0090 89E0     		b	.L82	@long jump
ARM GAS  /tmp/ccAgZxJm.s 			page 8


 405              	.LCB427:
 406 0092 9842     		cmp	r0, r3
 407 0094 00D1     		bne	.LCB429
 408 0096 88E0     		b	.L83	@long jump
 409              	.LCB429:
 410 0098 474B     		ldr	r3, .L155+8
 411 009a C018     		adds	r0, r0, r3
 412 009c 431E     		subs	r3, r0, #1
 413 009e 9841     		sbcs	r0, r0, r3
 414 00a0 464B     		ldr	r3, .L155+12
 415 00a2 4042     		rsbs	r0, r0, #0
 416 00a4 1840     		ands	r0, r3
 417              	.L142:
 418 00a6 C018     		adds	r0, r0, r3
 419 00a8 E1E7     		b	.L59
 420              	.L64:
 421 00aa 414B     		ldr	r3, .L155
 422 00ac 0321     		movs	r1, #3
 423 00ae D86C     		ldr	r0, [r3, #76]
 424 00b0 0200     		movs	r2, r0
 425 00b2 0A40     		ands	r2, r1
 426 00b4 0842     		tst	r0, r1
 427 00b6 02D1     		bne	.L70
 428 00b8 FFF7FEFF 		bl	HAL_RCC_GetPCLK2Freq
 429 00bc D7E7     		b	.L59
 430              	.L70:
 431 00be 022A     		cmp	r2, #2
 432 00c0 0FD1     		bne	.L71
 433              	.L149:
 434 00c2 1968     		ldr	r1, [r3]
 435 00c4 0422     		movs	r2, #4
 436 00c6 0800     		movs	r0, r1
 437 00c8 1040     		ands	r0, r2
 438 00ca 1142     		tst	r1, r2
 439 00cc CFD0     		beq	.L59
 440 00ce 1868     		ldr	r0, [r3]
 441 00d0 1023     		movs	r3, #16
 442 00d2 1840     		ands	r0, r3
 443 00d4 4342     		rsbs	r3, r0, #0
 444 00d6 5841     		adcs	r0, r0, r3
 445 00d8 394B     		ldr	r3, .L155+16
 446 00da 4042     		rsbs	r0, r0, #0
 447 00dc 1840     		ands	r0, r3
 448 00de 394B     		ldr	r3, .L155+20
 449 00e0 E1E7     		b	.L142
 450              	.L71:
 451 00e2 012A     		cmp	r2, #1
 452 00e4 02D1     		bne	.L72
 453              	.L75:
 454 00e6 FFF7FEFF 		bl	HAL_RCC_GetSysClockFreq
 455 00ea C0E7     		b	.L59
 456              	.L72:
 457 00ec 0020     		movs	r0, #0
 458 00ee 032A     		cmp	r2, #3
 459 00f0 BDD1     		bne	.L59
 460              	.L146:
 461 00f2 1A6D     		ldr	r2, [r3, #80]
ARM GAS  /tmp/ccAgZxJm.s 			page 9


 462 00f4 8023     		movs	r3, #128
 463 00f6 1000     		movs	r0, r2
 464 00f8 9B00     		lsls	r3, r3, #2
 465 00fa 1840     		ands	r0, r3
 466 00fc 1A42     		tst	r2, r3
 467 00fe B6D0     		beq	.L59
 468 0100 A8E7     		b	.L143
 469              	.L63:
 470 0102 2B4B     		ldr	r3, .L155
 471 0104 0C21     		movs	r1, #12
 472 0106 D86C     		ldr	r0, [r3, #76]
 473 0108 0200     		movs	r2, r0
 474 010a 0A40     		ands	r2, r1
 475 010c 0842     		tst	r0, r1
 476 010e 02D1     		bne	.L73
 477              	.L76:
 478 0110 FFF7FEFF 		bl	HAL_RCC_GetPCLK1Freq
 479 0114 ABE7     		b	.L59
 480              	.L73:
 481 0116 082A     		cmp	r2, #8
 482 0118 D3D0     		beq	.L149
 483 011a 042A     		cmp	r2, #4
 484 011c E3D0     		beq	.L75
 485 011e 0020     		movs	r0, #0
 486 0120 0C2A     		cmp	r2, #12
 487 0122 A4D1     		bne	.L59
 488 0124 E5E7     		b	.L146
 489              	.L62:
 490 0126 224B     		ldr	r3, .L155
 491 0128 C022     		movs	r2, #192
 492 012a D86C     		ldr	r0, [r3, #76]
 493 012c 1201     		lsls	r2, r2, #4
 494 012e 0100     		movs	r1, r0
 495 0130 1140     		ands	r1, r2
 496 0132 1042     		tst	r0, r2
 497 0134 ECD0     		beq	.L76
 498 0136 8020     		movs	r0, #128
 499 0138 0001     		lsls	r0, r0, #4
 500 013a 8142     		cmp	r1, r0
 501 013c C1D0     		beq	.L149
 502 013e 8020     		movs	r0, #128
 503 0140 C000     		lsls	r0, r0, #3
 504 0142 8142     		cmp	r1, r0
 505 0144 CFD0     		beq	.L75
 506 0146 0020     		movs	r0, #0
 507 0148 9142     		cmp	r1, r2
 508 014a 00D0     		beq	.LCB541
 509 014c 8FE7     		b	.L59	@long jump
 510              	.LCB541:
 511 014e D0E7     		b	.L146
 512              	.L60:
 513 0150 174B     		ldr	r3, .L155
 514 0152 C021     		movs	r1, #192
 515 0154 D86C     		ldr	r0, [r3, #76]
 516 0156 8901     		lsls	r1, r1, #6
 517 0158 0200     		movs	r2, r0
 518 015a 0A40     		ands	r2, r1
ARM GAS  /tmp/ccAgZxJm.s 			page 10


 519 015c 0842     		tst	r0, r1
 520 015e D7D0     		beq	.L76
 521 0160 8021     		movs	r1, #128
 522 0162 8901     		lsls	r1, r1, #6
 523 0164 8A42     		cmp	r2, r1
 524 0166 ACD0     		beq	.L149
 525 0168 8023     		movs	r3, #128
 526 016a 5B01     		lsls	r3, r3, #5
 527              	.L154:
 528 016c 9A42     		cmp	r2, r3
 529 016e 00D0     		beq	.LCB563
 530 0170 5EE7     		b	.L80	@long jump
 531              	.LCB563:
 532 0172 B8E7     		b	.L75
 533              	.L67:
 534 0174 0E4B     		ldr	r3, .L155
 535 0176 9A6B     		ldr	r2, [r3, #56]
 536 0178 8023     		movs	r3, #128
 537 017a 1000     		movs	r0, r2
 538 017c DB03     		lsls	r3, r3, #15
 539 017e 1840     		ands	r0, r3
 540 0180 1A42     		tst	r2, r3
 541 0182 00D1     		bne	.LCB575
 542 0184 73E7     		b	.L59	@long jump
 543              	.LCB575:
 544 0186 C3E7     		b	.L76
 545              	.L66:
 546 0188 094B     		ldr	r3, .L155
 547 018a C021     		movs	r1, #192
 548 018c D86C     		ldr	r0, [r3, #76]
 549 018e 8902     		lsls	r1, r1, #10
 550 0190 0200     		movs	r2, r0
 551 0192 0A40     		ands	r2, r1
 552 0194 0842     		tst	r0, r1
 553 0196 BBD0     		beq	.L76
 554 0198 8021     		movs	r1, #128
 555 019a 8902     		lsls	r1, r1, #10
 556 019c 8A42     		cmp	r2, r1
 557 019e 90D0     		beq	.L149
 558 01a0 8023     		movs	r3, #128
 559 01a2 5B02     		lsls	r3, r3, #9
 560 01a4 E2E7     		b	.L154
 561              	.L82:
 562 01a6 0848     		ldr	r0, .L155+24
 563 01a8 61E7     		b	.L59
 564              	.L83:
 565 01aa 0848     		ldr	r0, .L155+28
 566 01ac 5FE7     		b	.L59
 567              	.L156:
 568 01ae C046     		.align	2
 569              	.L155:
 570 01b0 00100240 		.word	1073876992
 571 01b4 88900000 		.word	37000
 572 01b8 0000F0FF 		.word	-1048576
 573 01bc 80841E00 		.word	2000000
 574 01c0 001BB700 		.word	12000000
 575 01c4 00093D00 		.word	4000000
ARM GAS  /tmp/ccAgZxJm.s 			page 11


 576 01c8 40420F00 		.word	1000000
 577 01cc 20A10700 		.word	500000
 579              		.section	.text.HAL_RCCEx_EnableLSECSS,"ax",%progbits
 580              		.align	1
 581              		.global	HAL_RCCEx_EnableLSECSS
 582              		.syntax unified
 583              		.code	16
 584              		.thumb_func
 585              		.fpu softvfp
 587              	HAL_RCCEx_EnableLSECSS:
 588              		@ args = 0, pretend = 0, frame = 0
 589              		@ frame_needed = 0, uses_anonymous_args = 0
 590              		@ link register save eliminated.
 591 0000 8023     		movs	r3, #128
 592              		@ sp needed
 593 0002 034A     		ldr	r2, .L158
 594 0004 9B01     		lsls	r3, r3, #6
 595 0006 116D     		ldr	r1, [r2, #80]
 596 0008 0B43     		orrs	r3, r1
 597 000a 1365     		str	r3, [r2, #80]
 598 000c 7047     		bx	lr
 599              	.L159:
 600 000e C046     		.align	2
 601              	.L158:
 602 0010 00100240 		.word	1073876992
 604              		.section	.text.HAL_RCCEx_DisableLSECSS,"ax",%progbits
 605              		.align	1
 606              		.global	HAL_RCCEx_DisableLSECSS
 607              		.syntax unified
 608              		.code	16
 609              		.thumb_func
 610              		.fpu softvfp
 612              	HAL_RCCEx_DisableLSECSS:
 613              		@ args = 0, pretend = 0, frame = 0
 614              		@ frame_needed = 0, uses_anonymous_args = 0
 615              		@ link register save eliminated.
 616 0000 044B     		ldr	r3, .L161
 617 0002 0549     		ldr	r1, .L161+4
 618 0004 1A6D     		ldr	r2, [r3, #80]
 619              		@ sp needed
 620 0006 0A40     		ands	r2, r1
 621 0008 8021     		movs	r1, #128
 622 000a 1A65     		str	r2, [r3, #80]
 623 000c 1A69     		ldr	r2, [r3, #16]
 624 000e 8A43     		bics	r2, r1
 625 0010 1A61     		str	r2, [r3, #16]
 626 0012 7047     		bx	lr
 627              	.L162:
 628              		.align	2
 629              	.L161:
 630 0014 00100240 		.word	1073876992
 631 0018 FFDFFFFF 		.word	-8193
 633              		.section	.text.HAL_RCCEx_EnableLSECSS_IT,"ax",%progbits
 634              		.align	1
 635              		.global	HAL_RCCEx_EnableLSECSS_IT
 636              		.syntax unified
 637              		.code	16
ARM GAS  /tmp/ccAgZxJm.s 			page 12


 638              		.thumb_func
 639              		.fpu softvfp
 641              	HAL_RCCEx_EnableLSECSS_IT:
 642              		@ args = 0, pretend = 0, frame = 0
 643              		@ frame_needed = 0, uses_anonymous_args = 0
 644              		@ link register save eliminated.
 645 0000 8022     		movs	r2, #128
 646              		@ sp needed
 647 0002 094B     		ldr	r3, .L164
 648 0004 9201     		lsls	r2, r2, #6
 649 0006 196D     		ldr	r1, [r3, #80]
 650 0008 0A43     		orrs	r2, r1
 651 000a 1A65     		str	r2, [r3, #80]
 652 000c 8022     		movs	r2, #128
 653 000e 1969     		ldr	r1, [r3, #16]
 654 0010 0A43     		orrs	r2, r1
 655 0012 1A61     		str	r2, [r3, #16]
 656 0014 8022     		movs	r2, #128
 657 0016 054B     		ldr	r3, .L164+4
 658 0018 1203     		lsls	r2, r2, #12
 659 001a 1968     		ldr	r1, [r3]
 660 001c 1143     		orrs	r1, r2
 661 001e 1960     		str	r1, [r3]
 662 0020 9968     		ldr	r1, [r3, #8]
 663 0022 0A43     		orrs	r2, r1
 664 0024 9A60     		str	r2, [r3, #8]
 665 0026 7047     		bx	lr
 666              	.L165:
 667              		.align	2
 668              	.L164:
 669 0028 00100240 		.word	1073876992
 670 002c 00040140 		.word	1073808384
 672              		.section	.text.HAL_RCCEx_LSECSS_Callback,"ax",%progbits
 673              		.align	1
 674              		.weak	HAL_RCCEx_LSECSS_Callback
 675              		.syntax unified
 676              		.code	16
 677              		.thumb_func
 678              		.fpu softvfp
 680              	HAL_RCCEx_LSECSS_Callback:
 681              		@ args = 0, pretend = 0, frame = 0
 682              		@ frame_needed = 0, uses_anonymous_args = 0
 683              		@ link register save eliminated.
 684              		@ sp needed
 685 0000 7047     		bx	lr
 687              		.section	.text.HAL_RCCEx_LSECSS_IRQHandler,"ax",%progbits
 688              		.align	1
 689              		.global	HAL_RCCEx_LSECSS_IRQHandler
 690              		.syntax unified
 691              		.code	16
 692              		.thumb_func
 693              		.fpu softvfp
 695              	HAL_RCCEx_LSECSS_IRQHandler:
 696              		@ args = 0, pretend = 0, frame = 0
 697              		@ frame_needed = 0, uses_anonymous_args = 0
 698 0000 70B5     		push	{r4, r5, r6, lr}
 699 0002 8025     		movs	r5, #128
ARM GAS  /tmp/ccAgZxJm.s 			page 13


 700 0004 034C     		ldr	r4, .L172
 701 0006 6369     		ldr	r3, [r4, #20]
 702 0008 2B42     		tst	r3, r5
 703 000a 02D0     		beq	.L167
 704 000c FFF7FEFF 		bl	HAL_RCCEx_LSECSS_Callback
 705 0010 A561     		str	r5, [r4, #24]
 706              	.L167:
 707              		@ sp needed
 708 0012 70BD     		pop	{r4, r5, r6, pc}
 709              	.L173:
 710              		.align	2
 711              	.L172:
 712 0014 00100240 		.word	1073876992
 714              		.ident	"GCC: (15:10.3-2021.07-4) 10.3.1 20210621 (release)"
ARM GAS  /tmp/ccAgZxJm.s 			page 14


DEFINED SYMBOLS
                            *ABS*:0000000000000000 stm32l0xx_hal_rcc_ex.c
     /tmp/ccAgZxJm.s:12     .text.HAL_RCCEx_PeriphCLKConfig:0000000000000000 $t
     /tmp/ccAgZxJm.s:20     .text.HAL_RCCEx_PeriphCLKConfig:0000000000000000 HAL_RCCEx_PeriphCLKConfig
     /tmp/ccAgZxJm.s:233    .text.HAL_RCCEx_PeriphCLKConfig:0000000000000178 $d
     /tmp/ccAgZxJm.s:245    .text.HAL_RCCEx_GetPeriphCLKConfig:0000000000000000 $t
     /tmp/ccAgZxJm.s:252    .text.HAL_RCCEx_GetPeriphCLKConfig:0000000000000000 HAL_RCCEx_GetPeriphCLKConfig
     /tmp/ccAgZxJm.s:304    .text.HAL_RCCEx_GetPeriphCLKConfig:0000000000000058 $d
     /tmp/ccAgZxJm.s:307    .text.HAL_RCCEx_GetPeriphCLKFreq:0000000000000000 $t
     /tmp/ccAgZxJm.s:314    .text.HAL_RCCEx_GetPeriphCLKFreq:0000000000000000 HAL_RCCEx_GetPeriphCLKFreq
     /tmp/ccAgZxJm.s:327    .text.HAL_RCCEx_GetPeriphCLKFreq:0000000000000014 $d
     /tmp/ccAgZxJm.s:335    .text.HAL_RCCEx_GetPeriphCLKFreq:000000000000001c $t
     /tmp/ccAgZxJm.s:570    .text.HAL_RCCEx_GetPeriphCLKFreq:00000000000001b0 $d
     /tmp/ccAgZxJm.s:580    .text.HAL_RCCEx_EnableLSECSS:0000000000000000 $t
     /tmp/ccAgZxJm.s:587    .text.HAL_RCCEx_EnableLSECSS:0000000000000000 HAL_RCCEx_EnableLSECSS
     /tmp/ccAgZxJm.s:602    .text.HAL_RCCEx_EnableLSECSS:0000000000000010 $d
     /tmp/ccAgZxJm.s:605    .text.HAL_RCCEx_DisableLSECSS:0000000000000000 $t
     /tmp/ccAgZxJm.s:612    .text.HAL_RCCEx_DisableLSECSS:0000000000000000 HAL_RCCEx_DisableLSECSS
     /tmp/ccAgZxJm.s:630    .text.HAL_RCCEx_DisableLSECSS:0000000000000014 $d
     /tmp/ccAgZxJm.s:634    .text.HAL_RCCEx_EnableLSECSS_IT:0000000000000000 $t
     /tmp/ccAgZxJm.s:641    .text.HAL_RCCEx_EnableLSECSS_IT:0000000000000000 HAL_RCCEx_EnableLSECSS_IT
     /tmp/ccAgZxJm.s:669    .text.HAL_RCCEx_EnableLSECSS_IT:0000000000000028 $d
     /tmp/ccAgZxJm.s:673    .text.HAL_RCCEx_LSECSS_Callback:0000000000000000 $t
     /tmp/ccAgZxJm.s:680    .text.HAL_RCCEx_LSECSS_Callback:0000000000000000 HAL_RCCEx_LSECSS_Callback
     /tmp/ccAgZxJm.s:688    .text.HAL_RCCEx_LSECSS_IRQHandler:0000000000000000 $t
     /tmp/ccAgZxJm.s:695    .text.HAL_RCCEx_LSECSS_IRQHandler:0000000000000000 HAL_RCCEx_LSECSS_IRQHandler
     /tmp/ccAgZxJm.s:712    .text.HAL_RCCEx_LSECSS_IRQHandler:0000000000000014 $d

UNDEFINED SYMBOLS
HAL_GetTick
__gnu_thumb1_case_uqi
HAL_RCC_GetPCLK2Freq
HAL_RCC_GetSysClockFreq
HAL_RCC_GetPCLK1Freq
