ARM GAS  /tmp/ccrRUQX8.s 			page 1


   1              		.cpu cortex-m0
   2              		.eabi_attribute 23, 1
   3              		.eabi_attribute 24, 1
   4              		.eabi_attribute 25, 1
   5              		.eabi_attribute 26, 1
   6              		.eabi_attribute 30, 4
   7              		.eabi_attribute 34, 0
   8              		.eabi_attribute 18, 4
   9              		.file	"file_upload.c"
  10              		.text
  11              		.section	.text.sha256_do,"ax",%progbits
  12              		.align	1
  13              		.arch armv6s-m
  14              		.syntax unified
  15              		.code	16
  16              		.thumb_func
  17              		.fpu softvfp
  19              	sha256_do:
  20              		@ args = 0, pretend = 0, frame = 304
  21              		@ frame_needed = 0, uses_anonymous_args = 0
  22 0000 F0B5     		push	{r4, r5, r6, r7, lr}
  23 0002 CDB0     		sub	sp, sp, #308
  24 0004 0D00     		movs	r5, r1
  25 0006 0CAA     		add	r2, sp, #48
  26 0008 1400     		movs	r4, r2
  27 000a 4035     		adds	r5, r5, #64
  28              	.L2:
  29 000c 0B78     		ldrb	r3, [r1]
  30 000e 4E78     		ldrb	r6, [r1, #1]
  31 0010 1B06     		lsls	r3, r3, #24
  32 0012 3604     		lsls	r6, r6, #16
  33 0014 3343     		orrs	r3, r6
  34 0016 CE78     		ldrb	r6, [r1, #3]
  35 0018 3343     		orrs	r3, r6
  36 001a 8E78     		ldrb	r6, [r1, #2]
  37 001c 0431     		adds	r1, r1, #4
  38 001e 3602     		lsls	r6, r6, #8
  39 0020 3343     		orrs	r3, r6
  40 0022 08C4     		stmia	r4!, {r3}
  41 0024 8D42     		cmp	r5, r1
  42 0026 F1D1     		bne	.L2
  43 0028 1025     		movs	r5, #16
  44 002a 1127     		movs	r7, #17
  45              	.L3:
  46 002c 936B     		ldr	r3, [r2, #56]
  47 002e 1326     		movs	r6, #19
  48 0030 1900     		movs	r1, r3
  49 0032 F941     		rors	r1, r1, r7
  50 0034 8C46     		mov	ip, r1
  51 0036 1900     		movs	r1, r3
  52 0038 F141     		rors	r1, r1, r6
  53 003a 6646     		mov	r6, ip
  54 003c 9B0A     		lsrs	r3, r3, #10
  55 003e 7140     		eors	r1, r6
  56 0040 4B40     		eors	r3, r1
  57 0042 1668     		ldr	r6, [r2]
  58 0044 516A     		ldr	r1, [r2, #36]
ARM GAS  /tmp/ccrRUQX8.s 			page 2


  59 0046 5468     		ldr	r4, [r2, #4]
  60 0048 8919     		adds	r1, r1, r6
  61 004a 5B18     		adds	r3, r3, r1
  62 004c 0726     		movs	r6, #7
  63 004e 2100     		movs	r1, r4
  64 0050 F141     		rors	r1, r1, r6
  65 0052 8C46     		mov	ip, r1
  66 0054 2100     		movs	r1, r4
  67 0056 0B36     		adds	r6, r6, #11
  68 0058 F141     		rors	r1, r1, r6
  69 005a 6646     		mov	r6, ip
  70 005c E408     		lsrs	r4, r4, #3
  71 005e 7140     		eors	r1, r6
  72 0060 6140     		eors	r1, r4
  73 0062 5B18     		adds	r3, r3, r1
  74 0064 0135     		adds	r5, r5, #1
  75 0066 1364     		str	r3, [r2, #64]
  76 0068 0432     		adds	r2, r2, #4
  77 006a 402D     		cmp	r5, #64
  78 006c DED1     		bne	.L3
  79 006e 0368     		ldr	r3, [r0]
  80 0070 0027     		movs	r7, #0
  81 0072 0293     		str	r3, [sp, #8]
  82 0074 4368     		ldr	r3, [r0, #4]
  83 0076 029C     		ldr	r4, [sp, #8]
  84 0078 0393     		str	r3, [sp, #12]
  85 007a 8368     		ldr	r3, [r0, #8]
  86 007c 039E     		ldr	r6, [sp, #12]
  87 007e 0493     		str	r3, [sp, #16]
  88 0080 C368     		ldr	r3, [r0, #12]
  89 0082 0593     		str	r3, [sp, #20]
  90 0084 0369     		ldr	r3, [r0, #16]
  91 0086 0693     		str	r3, [sp, #24]
  92 0088 4369     		ldr	r3, [r0, #20]
  93 008a 0699     		ldr	r1, [sp, #24]
  94 008c 0793     		str	r3, [sp, #28]
  95 008e 8369     		ldr	r3, [r0, #24]
  96 0090 0893     		str	r3, [sp, #32]
  97 0092 C369     		ldr	r3, [r0, #28]
  98 0094 0993     		str	r3, [sp, #36]
  99 0096 0A93     		str	r3, [sp, #40]
 100 0098 089B     		ldr	r3, [sp, #32]
 101 009a 0193     		str	r3, [sp, #4]
 102 009c 079B     		ldr	r3, [sp, #28]
 103 009e 0093     		str	r3, [sp]
 104 00a0 059B     		ldr	r3, [sp, #20]
 105 00a2 0B93     		str	r3, [sp, #44]
 106 00a4 049B     		ldr	r3, [sp, #16]
 107 00a6 9C46     		mov	ip, r3
 108              	.L4:
 109 00a8 0B23     		movs	r3, #11
 110 00aa 0D00     		movs	r5, r1
 111 00ac 0A00     		movs	r2, r1
 112 00ae DD41     		rors	r5, r5, r3
 113 00b0 053B     		subs	r3, r3, #5
 114 00b2 DA41     		rors	r2, r2, r3
 115 00b4 6A40     		eors	r2, r5
ARM GAS  /tmp/ccrRUQX8.s 			page 3


 116 00b6 0D00     		movs	r5, r1
 117 00b8 1333     		adds	r3, r3, #19
 118 00ba DD41     		rors	r5, r5, r3
 119 00bc 2A4B     		ldr	r3, .L8
 120 00be 5540     		eors	r5, r2
 121 00c0 0CAA     		add	r2, sp, #48
 122 00c2 DB59     		ldr	r3, [r3, r7]
 123 00c4 BA58     		ldr	r2, [r7, r2]
 124 00c6 0437     		adds	r7, r7, #4
 125 00c8 9A18     		adds	r2, r3, r2
 126 00ca AA18     		adds	r2, r5, r2
 127 00cc 019B     		ldr	r3, [sp, #4]
 128 00ce 009D     		ldr	r5, [sp]
 129 00d0 8B43     		bics	r3, r1
 130 00d2 0D40     		ands	r5, r1
 131 00d4 6B40     		eors	r3, r5
 132 00d6 D218     		adds	r2, r2, r3
 133 00d8 0A9B     		ldr	r3, [sp, #40]
 134 00da 2500     		movs	r5, r4
 135 00dc D318     		adds	r3, r2, r3
 136 00de 0A93     		str	r3, [sp, #40]
 137 00e0 0D23     		movs	r3, #13
 138 00e2 DD41     		rors	r5, r5, r3
 139 00e4 0222     		movs	r2, #2
 140 00e6 2B00     		movs	r3, r5
 141 00e8 2500     		movs	r5, r4
 142 00ea D541     		rors	r5, r5, r2
 143 00ec 2200     		movs	r2, r4
 144 00ee 5D40     		eors	r5, r3
 145 00f0 1623     		movs	r3, #22
 146 00f2 DA41     		rors	r2, r2, r3
 147 00f4 6346     		mov	r3, ip
 148 00f6 5540     		eors	r5, r2
 149 00f8 6246     		mov	r2, ip
 150 00fa 7340     		eors	r3, r6
 151 00fc 3240     		ands	r2, r6
 152 00fe 2340     		ands	r3, r4
 153 0100 5340     		eors	r3, r2
 154 0102 ED18     		adds	r5, r5, r3
 155 0104 0A9A     		ldr	r2, [sp, #40]
 156 0106 0B9B     		ldr	r3, [sp, #44]
 157 0108 D318     		adds	r3, r2, r3
 158 010a 5219     		adds	r2, r2, r5
 159 010c 6546     		mov	r5, ip
 160 010e 0B95     		str	r5, [sp, #44]
 161 0110 019D     		ldr	r5, [sp, #4]
 162 0112 0A95     		str	r5, [sp, #40]
 163 0114 8025     		movs	r5, #128
 164 0116 6D00     		lsls	r5, r5, #1
 165 0118 AF42     		cmp	r7, r5
 166 011a 1DD1     		bne	.L5
 167 011c 029D     		ldr	r5, [sp, #8]
 168 011e AA18     		adds	r2, r5, r2
 169 0120 0260     		str	r2, [r0]
 170 0122 039A     		ldr	r2, [sp, #12]
 171 0124 1419     		adds	r4, r2, r4
 172 0126 049A     		ldr	r2, [sp, #16]
ARM GAS  /tmp/ccrRUQX8.s 			page 4


 173 0128 4460     		str	r4, [r0, #4]
 174 012a 9619     		adds	r6, r2, r6
 175 012c 059A     		ldr	r2, [sp, #20]
 176 012e 8660     		str	r6, [r0, #8]
 177 0130 6244     		add	r2, r2, ip
 178 0132 C260     		str	r2, [r0, #12]
 179 0134 069A     		ldr	r2, [sp, #24]
 180 0136 D318     		adds	r3, r2, r3
 181 0138 009A     		ldr	r2, [sp]
 182 013a 0361     		str	r3, [r0, #16]
 183 013c 9446     		mov	ip, r2
 184 013e 079B     		ldr	r3, [sp, #28]
 185 0140 019A     		ldr	r2, [sp, #4]
 186 0142 5918     		adds	r1, r3, r1
 187 0144 089B     		ldr	r3, [sp, #32]
 188 0146 4161     		str	r1, [r0, #20]
 189 0148 6344     		add	r3, r3, ip
 190 014a 9446     		mov	ip, r2
 191 014c 8361     		str	r3, [r0, #24]
 192 014e 099B     		ldr	r3, [sp, #36]
 193 0150 6344     		add	r3, r3, ip
 194 0152 C361     		str	r3, [r0, #28]
 195 0154 4DB0     		add	sp, sp, #308
 196              		@ sp needed
 197 0156 F0BD     		pop	{r4, r5, r6, r7, pc}
 198              	.L5:
 199 0158 009D     		ldr	r5, [sp]
 200 015a B446     		mov	ip, r6
 201 015c 0091     		str	r1, [sp]
 202 015e 2600     		movs	r6, r4
 203 0160 1900     		movs	r1, r3
 204 0162 1400     		movs	r4, r2
 205 0164 0195     		str	r5, [sp, #4]
 206 0166 9FE7     		b	.L4
 207              	.L9:
 208              		.align	2
 209              	.L8:
 210 0168 00000000 		.word	K.0
 212              		.section	.text.sha256,"ax",%progbits
 213              		.align	1
 214              		.syntax unified
 215              		.code	16
 216              		.thumb_func
 217              		.fpu softvfp
 219              	sha256:
 220              		@ args = 0, pretend = 0, frame = 104
 221              		@ frame_needed = 0, uses_anonymous_args = 0
 222 0000 F0B5     		push	{r4, r5, r6, r7, lr}
 223 0002 9BB0     		sub	sp, sp, #108
 224 0004 02AC     		add	r4, sp, #8
 225 0006 1600     		movs	r6, r2
 226 0008 2200     		movs	r2, r4
 227 000a 214B     		ldr	r3, .L19
 228 000c 0190     		str	r0, [sp, #4]
 229 000e 0F00     		movs	r7, r1
 230 0010 23CB     		ldmia	r3!, {r0, r1, r5}
 231 0012 23C2     		stmia	r2!, {r0, r1, r5}
ARM GAS  /tmp/ccrRUQX8.s 			page 5


 232 0014 23CB     		ldmia	r3!, {r0, r1, r5}
 233 0016 23C2     		stmia	r2!, {r0, r1, r5}
 234 0018 3500     		movs	r5, r6
 235 001a 03CB     		ldmia	r3!, {r0, r1}
 236 001c 03C2     		stmia	r2!, {r0, r1}
 237 001e F300     		lsls	r3, r6, #3
 238 0020 0093     		str	r3, [sp]
 239              	.L16:
 240 0022 B919     		adds	r1, r7, r6
 241 0024 491B     		subs	r1, r1, r5
 242 0026 3F2D     		cmp	r5, #63
 243 0028 2DD8     		bhi	.L11
 244 002a B509     		lsrs	r5, r6, #6
 245 002c AD01     		lsls	r5, r5, #6
 246 002e 7F19     		adds	r7, r7, r5
 247 0030 751B     		subs	r5, r6, r5
 248 0032 0AAE     		add	r6, sp, #40
 249 0034 4022     		movs	r2, #64
 250 0036 0021     		movs	r1, #0
 251 0038 3000     		movs	r0, r6
 252 003a FFF7FEFF 		bl	memset
 253 003e 2A00     		movs	r2, r5
 254 0040 3900     		movs	r1, r7
 255 0042 3000     		movs	r0, r6
 256 0044 FFF7FEFF 		bl	memcpy
 257 0048 8023     		movs	r3, #128
 258 004a 7355     		strb	r3, [r6, r5]
 259 004c 372D     		cmp	r5, #55
 260 004e 10D8     		bhi	.L12
 261              	.L13:
 262 0050 009B     		ldr	r3, [sp]
 263 0052 3100     		movs	r1, r6
 264 0054 1BBA     		rev	r3, r3
 265 0056 F363     		str	r3, [r6, #60]
 266 0058 2000     		movs	r0, r4
 267 005a FFF7FEFF 		bl	sha256_do
 268 005e 0023     		movs	r3, #0
 269              	.L14:
 270 0060 E258     		ldr	r2, [r4, r3]
 271 0062 0199     		ldr	r1, [sp, #4]
 272 0064 12BA     		rev	r2, r2
 273 0066 CA50     		str	r2, [r1, r3]
 274 0068 0433     		adds	r3, r3, #4
 275 006a 202B     		cmp	r3, #32
 276 006c F8D1     		bne	.L14
 277 006e 1BB0     		add	sp, sp, #108
 278              		@ sp needed
 279 0070 F0BD     		pop	{r4, r5, r6, r7, pc}
 280              	.L12:
 281 0072 3100     		movs	r1, r6
 282 0074 2000     		movs	r0, r4
 283 0076 FFF7FEFF 		bl	sha256_do
 284 007a 4022     		movs	r2, #64
 285 007c 0021     		movs	r1, #0
 286 007e 3000     		movs	r0, r6
 287 0080 FFF7FEFF 		bl	memset
 288 0084 E4E7     		b	.L13
ARM GAS  /tmp/ccrRUQX8.s 			page 6


 289              	.L11:
 290 0086 2000     		movs	r0, r4
 291 0088 FFF7FEFF 		bl	sha256_do
 292 008c 403D     		subs	r5, r5, #64
 293 008e C8E7     		b	.L16
 294              	.L20:
 295              		.align	2
 296              	.L19:
 297 0090 00000000 		.word	.LANCHOR0
 299              		.section	.text.function_xor.constprop.0,"ax",%progbits
 300              		.align	1
 301              		.syntax unified
 302              		.code	16
 303              		.thumb_func
 304              		.fpu softvfp
 306              	function_xor.constprop.0:
 307              		@ args = 0, pretend = 0, frame = 0
 308              		@ frame_needed = 0, uses_anonymous_args = 0
 309              		@ link register save eliminated.
 310 0000 0A68     		ldr	r2, [r1]
 311 0002 0368     		ldr	r3, [r0]
 312              		@ sp needed
 313 0004 5340     		eors	r3, r2
 314 0006 0360     		str	r3, [r0]
 315 0008 4B68     		ldr	r3, [r1, #4]
 316 000a 4268     		ldr	r2, [r0, #4]
 317 000c 5340     		eors	r3, r2
 318 000e 4360     		str	r3, [r0, #4]
 319 0010 7047     		bx	lr
 321              		.section	.rodata.file_upload_init.str1.1,"aMS",%progbits,1
 322              	.LC3:
 323 0000 6C626D2F 		.ascii	"lbm/smtc_modem_core/smtc_modem_services/src/file_up"
 323      736D7463 
 323      5F6D6F64 
 323      656D5F63 
 323      6F72652F 
 324 0033 6C6F6164 		.ascii	"load/file_upload.c\000"
 324      2F66696C 
 324      655F7570 
 324      6C6F6164 
 324      2E6300
 325              	.LC5:
 326 0046 4552524F 		.ascii	"ERROR\000"
 326      5200
 327              	.LC7:
 328 004c 25732028 		.ascii	"%s (%s:%d) \000"
 328      25733A25 
 328      64292000 
 329              	.LC9:
 330 0058 46696C65 		.ascii	"FileUpload is too large (%d > %d )\012\000"
 330      55706C6F 
 330      61642069 
 330      7320746F 
 330      6F206C61 
 331              		.section	.text.file_upload_init,"ax",%progbits
 332              		.align	1
 333              		.global	file_upload_init
ARM GAS  /tmp/ccrRUQX8.s 			page 7


 334              		.syntax unified
 335              		.code	16
 336              		.thumb_func
 337              		.fpu softvfp
 339              	file_upload_init:
 340              		@ args = 12, pretend = 0, frame = 0
 341              		@ frame_needed = 0, uses_anonymous_args = 0
 342 0000 F8B5     		push	{r3, r4, r5, r6, r7, lr}
 343 0002 1400     		movs	r4, r2
 344 0004 06AA     		add	r2, sp, #24
 345 0006 1678     		ldrb	r6, [r2]
 346 0008 1E4F     		ldr	r7, .L28
 347 000a 07AA     		add	r2, sp, #28
 348 000c 1578     		ldrb	r5, [r2]
 349 000e 08AA     		add	r2, sp, #32
 350 0010 1278     		ldrb	r2, [r2]
 351 0012 BC42     		cmp	r4, r7
 352 0014 18D9     		bls	.L23
 353 0016 1C4D     		ldr	r5, .L28+4
 354 0018 2F21     		movs	r1, #47
 355 001a 2800     		movs	r0, r5
 356 001c FFF7FEFF 		bl	strrchr
 357 0020 2A00     		movs	r2, r5
 358 0022 0028     		cmp	r0, #0
 359 0024 04D0     		beq	.L24
 360 0026 2F21     		movs	r1, #47
 361 0028 2800     		movs	r0, r5
 362 002a FFF7FEFF 		bl	strrchr
 363 002e 421C     		adds	r2, r0, #1
 364              	.L24:
 365 0030 8723     		movs	r3, #135
 366 0032 1649     		ldr	r1, .L28+8
 367 0034 1648     		ldr	r0, .L28+12
 368 0036 FFF7FEFF 		bl	smtc_modem_hal_print_trace
 369 003a 1648     		ldr	r0, .L28+16
 370 003c 2100     		movs	r1, r4
 371 003e 114A     		ldr	r2, .L28
 372 0040 FFF7FEFF 		bl	smtc_modem_hal_print_trace
 373 0044 0120     		movs	r0, #1
 374              	.L25:
 375              		@ sp needed
 376 0046 F8BD     		pop	{r3, r4, r5, r6, r7, pc}
 377              	.L23:
 378 0048 4380     		strh	r3, [r0, #2]
 379 004a 2300     		movs	r3, r4
 380 004c 0327     		movs	r7, #3
 381 004e 1333     		adds	r3, r3, #19
 382 0050 9BB2     		uxth	r3, r3
 383 0052 3B41     		asrs	r3, r3, r7
 384 0054 3940     		ands	r1, r7
 385 0056 0170     		strb	r1, [r0]
 386 0058 8383     		strh	r3, [r0, #28]
 387 005a FF21     		movs	r1, #255
 388 005c 0023     		movs	r3, #0
 389 005e 8271     		strb	r2, [r0, #6]
 390 0060 421C     		adds	r2, r0, #1
 391 0062 4571     		strb	r5, [r0, #5]
ARM GAS  /tmp/ccrRUQX8.s 			page 8


 392 0064 0671     		strb	r6, [r0, #4]
 393 0066 C460     		str	r4, [r0, #12]
 394 0068 C383     		strh	r3, [r0, #30]
 395 006a 0904     		lsls	r1, r1, #16
 396 006c D377     		strb	r3, [r2, #31]
 397 006e 2204     		lsls	r2, r4, #16
 398 0070 240A     		lsrs	r4, r4, #8
 399 0072 0A40     		ands	r2, r1
 400 0074 2406     		lsls	r4, r4, #24
 401 0076 2D02     		lsls	r5, r5, #8
 402 0078 1419     		adds	r4, r2, r4
 403 007a AE19     		adds	r6, r5, r6
 404 007c A419     		adds	r4, r4, r6
 405 007e 0461     		str	r4, [r0, #16]
 406 0080 1800     		movs	r0, r3
 407 0082 E0E7     		b	.L25
 408              	.L29:
 409              		.align	2
 410              	.L28:
 411 0084 F41F0000 		.word	8180
 412 0088 00000000 		.word	.LC3
 413 008c 46000000 		.word	.LC5
 414 0090 4C000000 		.word	.LC7
 415 0094 58000000 		.word	.LC9
 417              		.section	.text.file_upload_attach_file_buffer,"ax",%progbits
 418              		.align	1
 419              		.global	file_upload_attach_file_buffer
 420              		.syntax unified
 421              		.code	16
 422              		.thumb_func
 423              		.fpu softvfp
 425              	file_upload_attach_file_buffer:
 426              		@ args = 0, pretend = 0, frame = 0
 427              		@ frame_needed = 0, uses_anonymous_args = 0
 428              		@ link register save eliminated.
 429 0000 8160     		str	r1, [r0, #8]
 430              		@ sp needed
 431 0002 7047     		bx	lr
 433              		.section	.text.file_upload_prepare_upload,"ax",%progbits
 434              		.align	1
 435              		.global	file_upload_prepare_upload
 436              		.syntax unified
 437              		.code	16
 438              		.thumb_func
 439              		.fpu softvfp
 441              	file_upload_prepare_upload:
 442              		@ args = 0, pretend = 0, frame = 56
 443              		@ frame_needed = 0, uses_anonymous_args = 0
 444 0000 70B5     		push	{r4, r5, r6, lr}
 445 0002 0400     		movs	r4, r0
 446 0004 8EB0     		sub	sp, sp, #56
 447 0006 C268     		ldr	r2, [r0, #12]
 448 0008 8168     		ldr	r1, [r0, #8]
 449 000a 06A8     		add	r0, sp, #24
 450 000c FFF7FEFF 		bl	sha256
 451 0010 079B     		ldr	r3, [sp, #28]
 452 0012 069D     		ldr	r5, [sp, #24]
ARM GAS  /tmp/ccrRUQX8.s 			page 9


 453 0014 6679     		ldrb	r6, [r4, #5]
 454 0016 6561     		str	r5, [r4, #20]
 455 0018 0193     		str	r3, [sp, #4]
 456 001a A361     		str	r3, [r4, #24]
 457 001c 012E     		cmp	r6, #1
 458 001e 27D1     		bne	.L32
 459 0020 0021     		movs	r1, #0
 460 0022 0A22     		movs	r2, #10
 461 0024 03A8     		add	r0, sp, #12
 462 0026 0291     		str	r1, [sp, #8]
 463 0028 FFF7FEFF 		bl	memset
 464 002c 02AB     		add	r3, sp, #8
 465 002e 1E70     		strb	r6, [r3]
 466 0030 4023     		movs	r3, #64
 467 0032 E168     		ldr	r1, [r4, #12]
 468 0034 02AA     		add	r2, sp, #8
 469 0036 5371     		strb	r3, [r2, #5]
 470 0038 0B0A     		lsrs	r3, r1, #8
 471 003a D371     		strb	r3, [r2, #7]
 472 003c 0B0C     		lsrs	r3, r1, #16
 473 003e 1372     		strb	r3, [r2, #8]
 474 0040 0B0E     		lsrs	r3, r1, #24
 475 0042 5372     		strb	r3, [r2, #9]
 476 0044 2B0A     		lsrs	r3, r5, #8
 477 0046 D372     		strb	r3, [r2, #11]
 478 0048 2B0C     		lsrs	r3, r5, #16
 479 004a 1373     		strb	r3, [r2, #12]
 480 004c A368     		ldr	r3, [r4, #8]
 481 004e 9572     		strb	r5, [r2, #10]
 482 0050 2D0E     		lsrs	r5, r5, #24
 483 0052 1800     		movs	r0, r3
 484 0054 9171     		strb	r1, [r2, #6]
 485 0056 5573     		strb	r5, [r2, #13]
 486 0058 89B2     		uxth	r1, r1
 487 005a FFF7FEFF 		bl	smtc_modem_services_aes_encrypt
 488 005e E268     		ldr	r2, [r4, #12]
 489 0060 A168     		ldr	r1, [r4, #8]
 490 0062 06A8     		add	r0, sp, #24
 491 0064 FFF7FEFF 		bl	sha256
 492 0068 6369     		ldr	r3, [r4, #20]
 493 006a A361     		str	r3, [r4, #24]
 494 006c 069B     		ldr	r3, [sp, #24]
 495 006e 6361     		str	r3, [r4, #20]
 496              	.L32:
 497 0070 0020     		movs	r0, #0
 498 0072 0EB0     		add	sp, sp, #56
 499              		@ sp needed
 500 0074 70BD     		pop	{r4, r5, r6, pc}
 502              		.section	.text.file_upload_get_fragment,"ax",%progbits
 503              		.align	1
 504              		.global	file_upload_get_fragment
 505              		.syntax unified
 506              		.code	16
 507              		.thumb_func
 508              		.fpu softvfp
 510              	file_upload_get_fragment:
 511              		@ args = 0, pretend = 0, frame = 48
ARM GAS  /tmp/ccrRUQX8.s 			page 10


 512              		@ frame_needed = 0, uses_anonymous_args = 0
 513 0000 F0B5     		push	{r4, r5, r6, r7, lr}
 514 0002 8DB0     		sub	sp, sp, #52
 515 0004 0400     		movs	r4, r0
 516 0006 0291     		str	r1, [sp, #8]
 517 0008 0020     		movs	r0, #0
 518 000a 0392     		str	r2, [sp, #12]
 519 000c 0A2A     		cmp	r2, #10
 520 000e 57DD     		ble	.L33
 521 0010 F021     		movs	r1, #240
 522 0012 033A     		subs	r2, r2, #3
 523 0014 0192     		str	r2, [sp, #4]
 524 0016 2278     		ldrb	r2, [r4]
 525 0018 8901     		lsls	r1, r1, #6
 526 001a 9207     		lsls	r2, r2, #30
 527 001c 100C     		lsrs	r0, r2, #16
 528 001e A279     		ldrb	r2, [r4, #6]
 529 0020 9202     		lsls	r2, r2, #10
 530 0022 0A40     		ands	r2, r1
 531 0024 A18B     		ldrh	r1, [r4, #28]
 532 0026 0243     		orrs	r2, r0
 533 0028 0139     		subs	r1, r1, #1
 534 002a 8905     		lsls	r1, r1, #22
 535 002c 890D     		lsrs	r1, r1, #22
 536 002e 0A43     		orrs	r2, r1
 537 0030 0E21     		movs	r1, #14
 538 0032 0298     		ldr	r0, [sp, #8]
 539 0034 4270     		strb	r2, [r0, #1]
 540 0036 120A     		lsrs	r2, r2, #8
 541 0038 0170     		strb	r1, [r0]
 542 003a 8270     		strb	r2, [r0, #2]
 543 003c 3749     		ldr	r1, .L56
 544 003e 1A0C     		lsrs	r2, r3, #16
 545 0040 5A40     		eors	r2, r3
 546 0042 4A43     		muls	r2, r1
 547 0044 130C     		lsrs	r3, r2, #16
 548 0046 5340     		eors	r3, r2
 549 0048 4B43     		muls	r3, r1
 550 004a 1A0C     		lsrs	r2, r3, #16
 551 004c 5340     		eors	r3, r2
 552 004e A768     		ldr	r7, [r4, #8]
 553 0050 0493     		str	r3, [sp, #16]
 554              	.L42:
 555 0052 0026     		movs	r6, #0
 556 0054 A38B     		ldrh	r3, [r4, #28]
 557 0056 0822     		movs	r2, #8
 558 0058 0021     		movs	r1, #0
 559 005a 08A8     		add	r0, sp, #32
 560 005c 049D     		ldr	r5, [sp, #16]
 561 005e 0693     		str	r3, [sp, #24]
 562 0060 FFF7FEFF 		bl	memset
 563 0064 069B     		ldr	r3, [sp, #24]
 564 0066 1F33     		adds	r3, r3, #31
 565 0068 5B09     		lsrs	r3, r3, #5
 566 006a 5D43     		muls	r5, r3
 567 006c 049B     		ldr	r3, [sp, #16]
 568 006e 0795     		str	r5, [sp, #28]
ARM GAS  /tmp/ccrRUQX8.s 			page 11


 569 0070 0133     		adds	r3, r3, #1
 570 0072 0493     		str	r3, [sp, #16]
 571 0074 3B00     		movs	r3, r7
 572 0076 3500     		movs	r5, r6
 573 0078 0C3B     		subs	r3, r3, #12
 574 007a 0593     		str	r3, [sp, #20]
 575              	.L35:
 576 007c 069B     		ldr	r3, [sp, #24]
 577 007e B342     		cmp	r3, r6
 578 0080 20D8     		bhi	.L41
 579 0082 029B     		ldr	r3, [sp, #8]
 580 0084 039A     		ldr	r2, [sp, #12]
 581 0086 08A9     		add	r1, sp, #32
 582 0088 9818     		adds	r0, r3, r2
 583 008a 019B     		ldr	r3, [sp, #4]
 584 008c 0822     		movs	r2, #8
 585 008e C01A     		subs	r0, r0, r3
 586 0090 FFF7FEFF 		bl	memcpy
 587 0094 019B     		ldr	r3, [sp, #4]
 588 0096 083B     		subs	r3, r3, #8
 589 0098 0193     		str	r3, [sp, #4]
 590 009a 072B     		cmp	r3, #7
 591 009c D9DC     		bgt	.L42
 592 009e 039A     		ldr	r2, [sp, #12]
 593 00a0 E38B     		ldrh	r3, [r4, #30]
 594 00a2 0B3A     		subs	r2, r2, #11
 595 00a4 D208     		lsrs	r2, r2, #3
 596 00a6 D200     		lsls	r2, r2, #3
 597 00a8 1000     		movs	r0, r2
 598 00aa 0832     		adds	r2, r2, #8
 599 00ac D210     		asrs	r2, r2, #3
 600 00ae D218     		adds	r2, r2, r3
 601 00b0 E283     		strh	r2, [r4, #30]
 602 00b2 0134     		adds	r4, r4, #1
 603 00b4 E37F     		ldrb	r3, [r4, #31]
 604 00b6 0B30     		adds	r0, r0, #11
 605 00b8 FF2B     		cmp	r3, #255
 606 00ba 01D0     		beq	.L33
 607 00bc 0133     		adds	r3, r3, #1
 608 00be E377     		strb	r3, [r4, #31]
 609              	.L33:
 610 00c0 0DB0     		add	sp, sp, #52
 611              		@ sp needed
 612 00c2 F0BD     		pop	{r4, r5, r6, r7, pc}
 613              	.L41:
 614 00c4 1F23     		movs	r3, #31
 615 00c6 1E42     		tst	r6, r3
 616 00c8 0BD1     		bne	.L36
 617 00ca 079A     		ldr	r2, [sp, #28]
 618 00cc 7309     		lsrs	r3, r6, #5
 619 00ce 9B18     		adds	r3, r3, r2
 620 00d0 1D0C     		lsrs	r5, r3, #16
 621 00d2 124A     		ldr	r2, .L56
 622 00d4 6B40     		eors	r3, r5
 623 00d6 5343     		muls	r3, r2
 624 00d8 1D0C     		lsrs	r5, r3, #16
 625 00da 5D40     		eors	r5, r3
ARM GAS  /tmp/ccrRUQX8.s 			page 12


 626 00dc 5543     		muls	r5, r2
 627 00de 2B0C     		lsrs	r3, r5, #16
 628 00e0 5D40     		eors	r5, r3
 629              	.L36:
 630 00e2 002D     		cmp	r5, #0
 631 00e4 0DD0     		beq	.L37
 632 00e6 0123     		movs	r3, #1
 633 00e8 1D42     		tst	r5, r3
 634 00ea 09D0     		beq	.L38
 635 00ec 002E     		cmp	r6, #0
 636 00ee 0DD1     		bne	.L39
 637 00f0 2369     		ldr	r3, [r4, #16]
 638 00f2 0A93     		str	r3, [sp, #40]
 639 00f4 6369     		ldr	r3, [r4, #20]
 640              	.L55:
 641 00f6 0B93     		str	r3, [sp, #44]
 642 00f8 0AA9     		add	r1, sp, #40
 643              	.L54:
 644 00fa 08A8     		add	r0, sp, #32
 645 00fc FFF7FEFF 		bl	function_xor.constprop.0
 646              	.L38:
 647 0100 6D08     		lsrs	r5, r5, #1
 648              	.L37:
 649 0102 059B     		ldr	r3, [sp, #20]
 650 0104 0136     		adds	r6, r6, #1
 651 0106 0833     		adds	r3, r3, #8
 652 0108 0593     		str	r3, [sp, #20]
 653 010a B7E7     		b	.L35
 654              	.L39:
 655 010c 0599     		ldr	r1, [sp, #20]
 656 010e 012E     		cmp	r6, #1
 657 0110 F3D1     		bne	.L54
 658 0112 A369     		ldr	r3, [r4, #24]
 659 0114 0A93     		str	r3, [sp, #40]
 660 0116 3B68     		ldr	r3, [r7]
 661 0118 EDE7     		b	.L55
 662              	.L57:
 663 011a C046     		.align	2
 664              	.L56:
 665 011c 3B9F5D04 		.word	73244475
 667              		.section	.text.file_upload_is_data_remaining,"ax",%progbits
 668              		.align	1
 669              		.global	file_upload_is_data_remaining
 670              		.syntax unified
 671              		.code	16
 672              		.thumb_func
 673              		.fpu softvfp
 675              	file_upload_is_data_remaining:
 676              		@ args = 0, pretend = 0, frame = 0
 677              		@ frame_needed = 0, uses_anonymous_args = 0
 678              		@ link register save eliminated.
 679 0000 431C     		adds	r3, r0, #1
 680 0002 DA7F     		ldrb	r2, [r3, #31]
 681 0004 0123     		movs	r3, #1
 682 0006 022A     		cmp	r2, #2
 683 0008 05D9     		bls	.L59
 684 000a 828B     		ldrh	r2, [r0, #28]
ARM GAS  /tmp/ccrRUQX8.s 			page 13


 685 000c C18B     		ldrh	r1, [r0, #30]
 686 000e 9A40     		lsls	r2, r2, r3
 687 0010 9142     		cmp	r1, r2
 688 0012 00DB     		blt	.L59
 689 0014 0023     		movs	r3, #0
 690              	.L59:
 691              		@ sp needed
 692 0016 0120     		movs	r0, #1
 693 0018 1840     		ands	r0, r3
 694 001a 7047     		bx	lr
 696              		.section	.text.file_upload_process_file_done_frame,"ax",%progbits
 697              		.align	1
 698              		.global	file_upload_process_file_done_frame
 699              		.syntax unified
 700              		.code	16
 701              		.thumb_func
 702              		.fpu softvfp
 704              	file_upload_process_file_done_frame:
 705              		@ args = 0, pretend = 0, frame = 0
 706              		@ frame_needed = 0, uses_anonymous_args = 0
 707              		@ link register save eliminated.
 708 0000 0300     		movs	r3, r0
 709 0002 0120     		movs	r0, #1
 710 0004 8242     		cmp	r2, r0
 711 0006 07D1     		bne	.L63
 712 0008 0F22     		movs	r2, #15
 713 000a 0878     		ldrb	r0, [r1]
 714 000c 9B79     		ldrb	r3, [r3, #6]
 715 000e 1040     		ands	r0, r2
 716 0010 181A     		subs	r0, r3, r0
 717 0012 431E     		subs	r3, r0, #1
 718 0014 9841     		sbcs	r0, r0, r3
 719 0016 C0B2     		uxtb	r0, r0
 720              	.L63:
 721              		@ sp needed
 722 0018 7047     		bx	lr
 724              		.section	.text.file_upload_get_average_delay_in_s,"ax",%progbits
 725              		.align	1
 726              		.global	file_upload_get_average_delay_in_s
 727              		.syntax unified
 728              		.code	16
 729              		.thumb_func
 730              		.fpu softvfp
 732              	file_upload_get_average_delay_in_s:
 733              		@ args = 0, pretend = 0, frame = 0
 734              		@ frame_needed = 0, uses_anonymous_args = 0
 735              		@ link register save eliminated.
 736 0000 4088     		ldrh	r0, [r0, #2]
 737              		@ sp needed
 738 0002 7047     		bx	lr
 740              		.section	.rodata
 741              		.align	2
 742              		.set	.LANCHOR0,. + 0
 743              	.LC0:
 744 0000 67E6096A 		.word	1779033703
 745 0004 85AE67BB 		.word	-1150833019
 746 0008 72F36E3C 		.word	1013904242
ARM GAS  /tmp/ccrRUQX8.s 			page 14


 747 000c 3AF54FA5 		.word	-1521486534
 748 0010 7F520E51 		.word	1359893119
 749 0014 8C68059B 		.word	-1694144372
 750 0018 ABD9831F 		.word	528734635
 751 001c 19CDE05B 		.word	1541459225
 752              		.section	.rodata.K.0,"a"
 753              		.align	2
 756              	K.0:
 757 0000 982F8A42 		.word	1116352408
 758 0004 91443771 		.word	1899447441
 759 0008 CFFBC0B5 		.word	-1245643825
 760 000c A5DBB5E9 		.word	-373957723
 761 0010 5BC25639 		.word	961987163
 762 0014 F111F159 		.word	1508970993
 763 0018 A4823F92 		.word	-1841331548
 764 001c D55E1CAB 		.word	-1424204075
 765 0020 98AA07D8 		.word	-670586216
 766 0024 015B8312 		.word	310598401
 767 0028 BE853124 		.word	607225278
 768 002c C37D0C55 		.word	1426881987
 769 0030 745DBE72 		.word	1925078388
 770 0034 FEB1DE80 		.word	-2132889090
 771 0038 A706DC9B 		.word	-1680079193
 772 003c 74F19BC1 		.word	-1046744716
 773 0040 C1699BE4 		.word	-459576895
 774 0044 8647BEEF 		.word	-272742522
 775 0048 C69DC10F 		.word	264347078
 776 004c CCA10C24 		.word	604807628
 777 0050 6F2CE92D 		.word	770255983
 778 0054 AA84744A 		.word	1249150122
 779 0058 DCA9B05C 		.word	1555081692
 780 005c DA88F976 		.word	1996064986
 781 0060 52513E98 		.word	-1740746414
 782 0064 6DC631A8 		.word	-1473132947
 783 0068 C82703B0 		.word	-1341970488
 784 006c C77F59BF 		.word	-1084653625
 785 0070 F30BE0C6 		.word	-958395405
 786 0074 4791A7D5 		.word	-710438585
 787 0078 5163CA06 		.word	113926993
 788 007c 67292914 		.word	338241895
 789 0080 850AB727 		.word	666307205
 790 0084 38211B2E 		.word	773529912
 791 0088 FC6D2C4D 		.word	1294757372
 792 008c 130D3853 		.word	1396182291
 793 0090 54730A65 		.word	1695183700
 794 0094 BB0A6A76 		.word	1986661051
 795 0098 2EC9C281 		.word	-2117940946
 796 009c 852C7292 		.word	-1838011259
 797 00a0 A1E8BFA2 		.word	-1564481375
 798 00a4 4B661AA8 		.word	-1474664885
 799 00a8 708B4BC2 		.word	-1035236496
 800 00ac A3516CC7 		.word	-949202525
 801 00b0 19E892D1 		.word	-778901479
 802 00b4 240699D6 		.word	-694614492
 803 00b8 85350EF4 		.word	-200395387
 804 00bc 70A06A10 		.word	275423344
 805 00c0 16C1A419 		.word	430227734
ARM GAS  /tmp/ccrRUQX8.s 			page 15


 806 00c4 086C371E 		.word	506948616
 807 00c8 4C774827 		.word	659060556
 808 00cc B5BCB034 		.word	883997877
 809 00d0 B30C1C39 		.word	958139571
 810 00d4 4AAAD84E 		.word	1322822218
 811 00d8 4FCA9C5B 		.word	1537002063
 812 00dc F36F2E68 		.word	1747873779
 813 00e0 EE828F74 		.word	1955562222
 814 00e4 6F63A578 		.word	2024104815
 815 00e8 1478C884 		.word	-2067236844
 816 00ec 0802C78C 		.word	-1933114872
 817 00f0 FAFFBE90 		.word	-1866530822
 818 00f4 EB6C50A4 		.word	-1538233109
 819 00f8 F7A3F9BE 		.word	-1090935817
 820 00fc F27871C6 		.word	-965641998
 821              		.ident	"GCC: (15:10.3-2021.07-4) 10.3.1 20210621 (release)"
ARM GAS  /tmp/ccrRUQX8.s 			page 16


DEFINED SYMBOLS
                            *ABS*:0000000000000000 file_upload.c
     /tmp/ccrRUQX8.s:12     .text.sha256_do:0000000000000000 $t
     /tmp/ccrRUQX8.s:19     .text.sha256_do:0000000000000000 sha256_do
     /tmp/ccrRUQX8.s:210    .text.sha256_do:0000000000000168 $d
     /tmp/ccrRUQX8.s:756    .rodata.K.0:0000000000000000 K.0
     /tmp/ccrRUQX8.s:213    .text.sha256:0000000000000000 $t
     /tmp/ccrRUQX8.s:219    .text.sha256:0000000000000000 sha256
     /tmp/ccrRUQX8.s:297    .text.sha256:0000000000000090 $d
     /tmp/ccrRUQX8.s:300    .text.function_xor.constprop.0:0000000000000000 $t
     /tmp/ccrRUQX8.s:306    .text.function_xor.constprop.0:0000000000000000 function_xor.constprop.0
     /tmp/ccrRUQX8.s:332    .text.file_upload_init:0000000000000000 $t
     /tmp/ccrRUQX8.s:339    .text.file_upload_init:0000000000000000 file_upload_init
     /tmp/ccrRUQX8.s:411    .text.file_upload_init:0000000000000084 $d
     /tmp/ccrRUQX8.s:418    .text.file_upload_attach_file_buffer:0000000000000000 $t
     /tmp/ccrRUQX8.s:425    .text.file_upload_attach_file_buffer:0000000000000000 file_upload_attach_file_buffer
     /tmp/ccrRUQX8.s:434    .text.file_upload_prepare_upload:0000000000000000 $t
     /tmp/ccrRUQX8.s:441    .text.file_upload_prepare_upload:0000000000000000 file_upload_prepare_upload
     /tmp/ccrRUQX8.s:503    .text.file_upload_get_fragment:0000000000000000 $t
     /tmp/ccrRUQX8.s:510    .text.file_upload_get_fragment:0000000000000000 file_upload_get_fragment
     /tmp/ccrRUQX8.s:665    .text.file_upload_get_fragment:000000000000011c $d
     /tmp/ccrRUQX8.s:668    .text.file_upload_is_data_remaining:0000000000000000 $t
     /tmp/ccrRUQX8.s:675    .text.file_upload_is_data_remaining:0000000000000000 file_upload_is_data_remaining
     /tmp/ccrRUQX8.s:697    .text.file_upload_process_file_done_frame:0000000000000000 $t
     /tmp/ccrRUQX8.s:704    .text.file_upload_process_file_done_frame:0000000000000000 file_upload_process_file_done_frame
     /tmp/ccrRUQX8.s:725    .text.file_upload_get_average_delay_in_s:0000000000000000 $t
     /tmp/ccrRUQX8.s:732    .text.file_upload_get_average_delay_in_s:0000000000000000 file_upload_get_average_delay_in_s
     /tmp/ccrRUQX8.s:741    .rodata:0000000000000000 $d
     /tmp/ccrRUQX8.s:753    .rodata.K.0:0000000000000000 $d

UNDEFINED SYMBOLS
memset
memcpy
strrchr
smtc_modem_hal_print_trace
smtc_modem_services_aes_encrypt
