ARM GAS  /tmp/ccDdgNAZ.s 			page 1


   1              		.cpu cortex-m0
   2              		.eabi_attribute 23, 1
   3              		.eabi_attribute 24, 1
   4              		.eabi_attribute 25, 1
   5              		.eabi_attribute 26, 1
   6              		.eabi_attribute 30, 4
   7              		.eabi_attribute 34, 0
   8              		.eabi_attribute 18, 4
   9              		.file	"lr_fhss_mac.c"
  10              		.text
  11              		.section	.text.lr_fhss_extract_bit_in_byte_vector,"ax",%progbits
  12              		.align	1
  13              		.arch armv6s-m
  14              		.syntax unified
  15              		.code	16
  16              		.thumb_func
  17              		.fpu softvfp
  19              	lr_fhss_extract_bit_in_byte_vector:
  20              		@ args = 0, pretend = 0, frame = 0
  21              		@ frame_needed = 0, uses_anonymous_args = 0
  22              		@ link register save eliminated.
  23 0000 CB08     		lsrs	r3, r1, #3
  24 0002 C05C     		ldrb	r0, [r0, r3]
  25 0004 0723     		movs	r3, #7
  26              		@ sp needed
  27 0006 8B43     		bics	r3, r1
  28 0008 1841     		asrs	r0, r0, r3
  29 000a 0123     		movs	r3, #1
  30 000c 1840     		ands	r0, r3
  31 000e 7047     		bx	lr
  33              		.section	.text.lr_fhss_set_bit_in_byte_vector,"ax",%progbits
  34              		.align	1
  35              		.syntax unified
  36              		.code	16
  37              		.thumb_func
  38              		.fpu softvfp
  40              	lr_fhss_set_bit_in_byte_vector:
  41              		@ args = 0, pretend = 0, frame = 0
  42              		@ frame_needed = 0, uses_anonymous_args = 0
  43 0000 30B5     		push	{r4, r5, lr}
  44 0002 CD08     		lsrs	r5, r1, #3
  45 0004 0C00     		movs	r4, r1
  46              		@ sp needed
  47 0006 0721     		movs	r1, #7
  48 0008 A143     		bics	r1, r4
  49 000a 0124     		movs	r4, #1
  50 000c 8C40     		lsls	r4, r4, r1
  51 000e 8A40     		lsls	r2, r2, r1
  52 0010 435D     		ldrb	r3, [r0, r5]
  53 0012 A343     		bics	r3, r4
  54 0014 1343     		orrs	r3, r2
  55 0016 4355     		strb	r3, [r0, r5]
  56 0018 30BD     		pop	{r4, r5, pc}
  58              		.section	.text.lr_fhss_convolution_encode_viterbi_1_2_base.constprop.0.isra.0,"ax",%progbits
  59              		.align	1
  60              		.syntax unified
  61              		.code	16
ARM GAS  /tmp/ccDdgNAZ.s 			page 2


  62              		.thumb_func
  63              		.fpu softvfp
  65              	lr_fhss_convolution_encode_viterbi_1_2_base.constprop.0.isra.0:
  66              		@ args = 0, pretend = 0, frame = 8
  67              		@ frame_needed = 0, uses_anonymous_args = 0
  68 0000 F7B5     		push	{r0, r1, r2, r4, r5, r6, r7, lr}
  69 0002 0024     		movs	r4, #0
  70 0004 0700     		movs	r7, r0
  71 0006 1600     		movs	r6, r2
  72 0008 2500     		movs	r5, r4
  73 000a 0191     		str	r1, [sp, #4]
  74              	.L5:
  75 000c 2100     		movs	r1, r4
  76 000e 0198     		ldr	r0, [sp, #4]
  77 0010 FFF7FEFF 		bl	lr_fhss_extract_bit_in_byte_vector
  78 0014 3B78     		ldrb	r3, [r7]
  79 0016 0F21     		movs	r1, #15
  80 0018 0E4A     		ldr	r2, .L7
  81 001a 5B00     		lsls	r3, r3, #1
  82 001c D218     		adds	r2, r2, r3
  83 001e 125C     		ldrb	r2, [r2, r0]
  84 0020 1B18     		adds	r3, r3, r0
  85 0022 0E20     		movs	r0, #14
  86 0024 0B40     		ands	r3, r1
  87 0026 611C     		adds	r1, r4, #1
  88 0028 3B70     		strb	r3, [r7]
  89 002a 4B00     		lsls	r3, r1, #1
  90 002c 5B42     		rsbs	r3, r3, #0
  91 002e 0340     		ands	r3, r0
  92 0030 9A40     		lsls	r2, r2, r3
  93 0032 1543     		orrs	r5, r2
  94 0034 0722     		movs	r2, #7
  95 0036 2BB2     		sxth	r3, r5
  96 0038 1440     		ands	r4, r2
  97 003a ADB2     		uxth	r5, r5
  98 003c 9442     		cmp	r4, r2
  99 003e 04D1     		bne	.L4
 100 0040 2D0A     		lsrs	r5, r5, #8
 101 0042 3570     		strb	r5, [r6]
 102 0044 0025     		movs	r5, #0
 103 0046 7370     		strb	r3, [r6, #1]
 104 0048 0236     		adds	r6, r6, #2
 105              	.L4:
 106 004a 0C00     		movs	r4, r1
 107 004c 2829     		cmp	r1, #40
 108 004e DDD1     		bne	.L5
 109              		@ sp needed
 110 0050 F7BD     		pop	{r0, r1, r2, r4, r5, r6, r7, pc}
 111              	.L8:
 112 0052 C046     		.align	2
 113              	.L7:
 114 0054 00000000 		.word	.LANCHOR0
 116              		.section	.text.lr_fhss_get_hop_sequence_count,"ax",%progbits
 117              		.align	1
 118              		.global	lr_fhss_get_hop_sequence_count
 119              		.syntax unified
 120              		.code	16
ARM GAS  /tmp/ccDdgNAZ.s 			page 3


 121              		.thumb_func
 122              		.fpu softvfp
 124              	lr_fhss_get_hop_sequence_count:
 125              		@ args = 0, pretend = 0, frame = 0
 126              		@ frame_needed = 0, uses_anonymous_args = 0
 127              		@ link register save eliminated.
 128 0000 8379     		ldrb	r3, [r0, #6]
 129 0002 002B     		cmp	r3, #0
 130 0004 04D0     		beq	.L11
 131 0006 012B     		cmp	r3, #1
 132 0008 05D1     		bne	.L13
 133 000a C379     		ldrb	r3, [r0, #7]
 134 000c 032B     		cmp	r3, #3
 135 000e 02D8     		bhi	.L13
 136              	.L11:
 137 0010 C020     		movs	r0, #192
 138 0012 4000     		lsls	r0, r0, #1
 139              	.L9:
 140              		@ sp needed
 141 0014 7047     		bx	lr
 142              	.L13:
 143 0016 8020     		movs	r0, #128
 144 0018 8000     		lsls	r0, r0, #2
 145 001a FBE7     		b	.L9
 147              		.global	__aeabi_uidiv
 148              		.global	__aeabi_idiv
 149              		.global	__aeabi_uidivmod
 150              		.section	.text.lr_fhss_process_parameters,"ax",%progbits
 151              		.align	1
 152              		.global	lr_fhss_process_parameters
 153              		.syntax unified
 154              		.code	16
 155              		.thumb_func
 156              		.fpu softvfp
 158              	lr_fhss_process_parameters:
 159              		@ args = 0, pretend = 0, frame = 0
 160              		@ frame_needed = 0, uses_anonymous_args = 0
 161 0000 F8B5     		push	{r3, r4, r5, r6, r7, lr}
 162 0002 C900     		lsls	r1, r1, #3
 163 0004 0700     		movs	r7, r0
 164 0006 4079     		ldrb	r0, [r0, #5]
 165 0008 1631     		adds	r1, r1, #22
 166 000a 1600     		movs	r6, r2
 167 000c 8CB2     		uxth	r4, r1
 168 000e 0328     		cmp	r0, #3
 169 0010 0AD8     		bhi	.L15
 170 0012 FFF7FEFF 		bl	__gnu_thumb1_case_uqi
 171              	.L17:
 172 0016 02       		.byte	(.L20-.L17)/2
 173 0017 31       		.byte	(.L19-.L17)/2
 174 0018 36       		.byte	(.L18-.L17)/2
 175 0019 38       		.byte	(.L16-.L17)/2
 176              		.p2align 1
 177              	.L20:
 178 001a 0620     		movs	r0, #6
 179 001c 6043     		muls	r0, r4
 180 001e 0521     		movs	r1, #5
ARM GAS  /tmp/ccDdgNAZ.s 			page 4


 181 0020 0430     		adds	r0, r0, #4
 182 0022 FFF7FEFF 		bl	__aeabi_idiv
 183 0026 84B2     		uxth	r4, r0
 184              	.L15:
 185 0028 2000     		movs	r0, r4
 186 002a 3021     		movs	r1, #48
 187 002c 2F30     		adds	r0, r0, #47
 188 002e FFF7FEFF 		bl	__aeabi_idiv
 189 0032 7B7A     		ldrb	r3, [r7, #9]
 190 0034 3021     		movs	r1, #48
 191 0036 C018     		adds	r0, r0, r3
 192 0038 3071     		strb	r0, [r6, #4]
 193 003a 2000     		movs	r0, r4
 194 003c FFF7FEFF 		bl	__aeabi_uidiv
 195 0040 3225     		movs	r5, #50
 196 0042 3021     		movs	r1, #48
 197 0044 4543     		muls	r5, r0
 198 0046 2000     		movs	r0, r4
 199 0048 FFF7FEFF 		bl	__aeabi_uidivmod
 200 004c 89B2     		uxth	r1, r1
 201 004e ADB2     		uxth	r5, r5
 202 0050 0029     		cmp	r1, #0
 203 0052 02D0     		beq	.L21
 204 0054 0231     		adds	r1, r1, #2
 205 0056 6D18     		adds	r5, r5, r1
 206 0058 ADB2     		uxth	r5, r5
 207              	.L21:
 208 005a 7223     		movs	r3, #114
 209 005c 787A     		ldrb	r0, [r7, #9]
 210 005e 5843     		muls	r0, r3
 211 0060 2D18     		adds	r5, r5, r0
 212 0062 ADB2     		uxth	r5, r5
 213 0064 7580     		strh	r5, [r6, #2]
 214 0066 0735     		adds	r5, r5, #7
 215 0068 ED10     		asrs	r5, r5, #3
 216 006a 3580     		strh	r5, [r6]
 217 006c 3B7A     		ldrb	r3, [r7, #8]
 218 006e 002B     		cmp	r3, #0
 219 0070 01D1     		bne	.L14
 220 0072 0133     		adds	r3, r3, #1
 221 0074 3371     		strb	r3, [r6, #4]
 222              	.L14:
 223              		@ sp needed
 224 0076 F8BD     		pop	{r3, r4, r5, r6, r7, pc}
 225              	.L19:
 226 0078 0320     		movs	r0, #3
 227 007a 4443     		muls	r4, r0
 228 007c 6410     		asrs	r4, r4, #1
 229              	.L26:
 230 007e A4B2     		uxth	r4, r4
 231 0080 D2E7     		b	.L15
 232              	.L18:
 233 0082 6400     		lsls	r4, r4, #1
 234 0084 FBE7     		b	.L26
 235              	.L16:
 236 0086 0320     		movs	r0, #3
 237 0088 4443     		muls	r4, r0
ARM GAS  /tmp/ccDdgNAZ.s 			page 5


 238 008a F8E7     		b	.L26
 240              		.section	.text.lr_fhss_get_hop_params,"ax",%progbits
 241              		.align	1
 242              		.global	lr_fhss_get_hop_params
 243              		.syntax unified
 244              		.code	16
 245              		.thumb_func
 246              		.fpu softvfp
 248              	lr_fhss_get_hop_params:
 249              		@ args = 0, pretend = 0, frame = 0
 250              		@ frame_needed = 0, uses_anonymous_args = 0
 251 0000 F8B5     		push	{r3, r4, r5, r6, r7, lr}
 252 0002 0400     		movs	r4, r0
 253 0004 1E00     		movs	r6, r3
 254 0006 C379     		ldrb	r3, [r0, #7]
 255 0008 1700     		movs	r7, r2
 256 000a 2F4A     		ldr	r2, .L72
 257 000c 5B00     		lsls	r3, r3, #1
 258 000e 985A     		ldrh	r0, [r3, r2]
 259 0010 A379     		ldrb	r3, [r4, #6]
 260 0012 0D00     		movs	r5, r1
 261 0014 C408     		lsrs	r4, r0, #3
 262 0016 012B     		cmp	r3, #1
 263 0018 03D0     		beq	.L29
 264 001a 3421     		movs	r1, #52
 265 001c FFF7FEFF 		bl	__aeabi_uidiv
 266 0020 84B2     		uxth	r4, r0
 267              	.L29:
 268 0022 2C80     		strh	r4, [r5]
 269 0024 632C     		cmp	r4, #99
 270 0026 27D0     		beq	.L30
 271 0028 30D8     		bhi	.L31
 272 002a 3C2C     		cmp	r4, #60
 273 002c 4AD0     		beq	.L32
 274 002e 1FD8     		bhi	.L33
 275 0030 1E2C     		cmp	r4, #30
 276 0032 17D8     		bhi	.L34
 277 0034 0320     		movs	r0, #3
 278 0036 092C     		cmp	r4, #9
 279 0038 19D9     		bls	.L35
 280 003a 0123     		movs	r3, #1
 281 003c A340     		lsls	r3, r3, r4
 282 003e 234A     		ldr	r2, .L72+4
 283 0040 1342     		tst	r3, r2
 284 0042 14D0     		beq	.L35
 285              	.L36:
 286 0044 0623     		movs	r3, #6
 287              	.L69:
 288 0046 224A     		ldr	r2, .L72+8
 289 0048 3B80     		strh	r3, [r7]
 290 004a B309     		lsrs	r3, r6, #6
 291 004c D35C     		ldrb	r3, [r2, r3]
 292 004e 6B80     		strh	r3, [r5, #2]
 293 0050 3F23     		movs	r3, #63
 294 0052 3340     		ands	r3, r6
 295 0054 AB80     		strh	r3, [r5, #4]
 296 0056 C023     		movs	r3, #192
ARM GAS  /tmp/ccDdgNAZ.s 			page 6


 297 0058 5B00     		lsls	r3, r3, #1
 298 005a 9E42     		cmp	r6, r3
 299 005c 06D2     		bcs	.L40
 300              	.L41:
 301 005e 0020     		movs	r0, #0
 302 0060 EE80     		strh	r6, [r5, #6]
 303 0062 04E0     		b	.L35
 304              	.L34:
 305 0064 232C     		cmp	r4, #35
 306 0066 EDD0     		beq	.L36
 307 0068 2F2C     		cmp	r4, #47
 308 006a EBD0     		beq	.L36
 309              	.L40:
 310 006c 0320     		movs	r0, #3
 311              	.L35:
 312              		@ sp needed
 313 006e F8BD     		pop	{r3, r4, r5, r6, r7, pc}
 314              	.L33:
 315 0070 3E2C     		cmp	r4, #62
 316 0072 27D0     		beq	.L32
 317 0074 562C     		cmp	r4, #86
 318 0076 F9D1     		bne	.L40
 319              	.L30:
 320 0078 0623     		movs	r3, #6
 321 007a 164A     		ldr	r2, .L72+12
 322 007c 3B80     		strh	r3, [r7]
 323 007e F309     		lsrs	r3, r6, #7
 324 0080 D35C     		ldrb	r3, [r2, r3]
 325 0082 6B80     		strh	r3, [r5, #2]
 326 0084 7F23     		movs	r3, #127
 327 0086 3340     		ands	r3, r6
 328              	.L70:
 329 0088 AB80     		strh	r3, [r5, #4]
 330 008a E8E7     		b	.L41
 331              	.L31:
 332 008c C323     		movs	r3, #195
 333 008e 5B00     		lsls	r3, r3, #1
 334 0090 9C42     		cmp	r4, r3
 335 0092 10D0     		beq	.L37
 336 0094 0BD8     		bhi	.L38
 337 0096 B92C     		cmp	r4, #185
 338 0098 01D0     		beq	.L39
 339 009a C62C     		cmp	r4, #198
 340 009c E6D1     		bne	.L40
 341              	.L39:
 342 009e 0623     		movs	r3, #6
 343 00a0 0D4A     		ldr	r2, .L72+16
 344 00a2 3B80     		strh	r3, [r7]
 345 00a4 330A     		lsrs	r3, r6, #8
 346 00a6 D35C     		ldrb	r3, [r2, r3]
 347 00a8 6B80     		strh	r3, [r5, #2]
 348 00aa F3B2     		uxtb	r3, r6
 349 00ac ECE7     		b	.L70
 350              	.L38:
 351 00ae 9423     		movs	r3, #148
 352 00b0 FF33     		adds	r3, r3, #255
 353 00b2 9C42     		cmp	r4, r3
ARM GAS  /tmp/ccDdgNAZ.s 			page 7


 354 00b4 DAD1     		bne	.L40
 355              	.L37:
 356 00b6 0623     		movs	r3, #6
 357 00b8 3B80     		strh	r3, [r7]
 358 00ba 0333     		adds	r3, r3, #3
 359 00bc FF33     		adds	r3, r3, #255
 360 00be 6B80     		strh	r3, [r5, #2]
 361 00c0 AE80     		strh	r6, [r5, #4]
 362 00c2 CCE7     		b	.L41
 363              	.L32:
 364 00c4 3823     		movs	r3, #56
 365 00c6 BEE7     		b	.L69
 366              	.L73:
 367              		.align	2
 368              	.L72:
 369 00c8 00000000 		.word	.LANCHOR1
 370 00cc 00044050 		.word	1346372608
 371 00d0 00000000 		.word	.LANCHOR2
 372 00d4 00000000 		.word	.LANCHOR3
 373 00d8 00000000 		.word	.LANCHOR4
 375              		.section	.text.lr_fhss_get_next_state,"ax",%progbits
 376              		.align	1
 377              		.global	lr_fhss_get_next_state
 378              		.syntax unified
 379              		.code	16
 380              		.thumb_func
 381              		.fpu softvfp
 383              	lr_fhss_get_next_state:
 384              		@ args = 0, pretend = 0, frame = 0
 385              		@ frame_needed = 0, uses_anonymous_args = 0
 386 0000 10B5     		push	{r4, lr}
 387 0002 0124     		movs	r4, #1
 388              	.L77:
 389 0004 0288     		ldrh	r2, [r0]
 390 0006 5308     		lsrs	r3, r2, #1
 391 0008 0380     		strh	r3, [r0]
 392 000a 2242     		tst	r2, r4
 393 000c 02D0     		beq	.L75
 394 000e 4A88     		ldrh	r2, [r1, #2]
 395 0010 5340     		eors	r3, r2
 396 0012 0380     		strh	r3, [r0]
 397              	.L75:
 398 0014 8B88     		ldrh	r3, [r1, #4]
 399 0016 0288     		ldrh	r2, [r0]
 400 0018 9342     		cmp	r3, r2
 401 001a 00D0     		beq	.L76
 402 001c 5340     		eors	r3, r2
 403              	.L76:
 404 001e 0A88     		ldrh	r2, [r1]
 405 0020 9A42     		cmp	r2, r3
 406 0022 EFD3     		bcc	.L77
 407              		@ sp needed
 408 0024 013B     		subs	r3, r3, #1
 409 0026 98B2     		uxth	r0, r3
 410 0028 10BD     		pop	{r4, pc}
 412              		.section	.text.lr_fhss_get_next_freq_in_grid,"ax",%progbits
 413              		.align	1
ARM GAS  /tmp/ccDdgNAZ.s 			page 8


 414              		.global	lr_fhss_get_next_freq_in_grid
 415              		.syntax unified
 416              		.code	16
 417              		.thumb_func
 418              		.fpu softvfp
 420              	lr_fhss_get_next_freq_in_grid:
 421              		@ args = 0, pretend = 0, frame = 0
 422              		@ frame_needed = 0, uses_anonymous_args = 0
 423 0000 10B5     		push	{r4, lr}
 424 0002 137A     		ldrb	r3, [r2, #8]
 425 0004 0C00     		movs	r4, r1
 426 0006 002B     		cmp	r3, #0
 427 0008 07D0     		beq	.L83
 428 000a FFF7FEFF 		bl	lr_fhss_get_next_state
 429              	.L84:
 430 000e 2188     		ldrh	r1, [r4]
 431 0010 4B08     		lsrs	r3, r1, #1
 432 0012 8342     		cmp	r3, r0
 433 0014 07D9     		bls	.L85
 434              	.L87:
 435              		@ sp needed
 436 0016 00B2     		sxth	r0, r0
 437 0018 10BD     		pop	{r4, pc}
 438              	.L83:
 439 001a C888     		ldrh	r0, [r1, #6]
 440 001c 0988     		ldrh	r1, [r1]
 441 001e FFF7FEFF 		bl	__aeabi_uidivmod
 442 0022 88B2     		uxth	r0, r1
 443 0024 F3E7     		b	.L84
 444              	.L85:
 445 0026 401A     		subs	r0, r0, r1
 446 0028 F5E7     		b	.L87
 448              		.section	.text.lr_fhss_build_frame,"ax",%progbits
 449              		.align	1
 450              		.global	lr_fhss_build_frame
 451              		.syntax unified
 452              		.code	16
 453              		.thumb_func
 454              		.fpu softvfp
 456              	lr_fhss_build_frame:
 457              		@ args = 4, pretend = 0, frame = 688
 458              		@ frame_needed = 0, uses_anonymous_args = 0
 459 0000 F0B5     		push	{r4, r5, r6, r7, lr}
 460 0002 AC4C     		ldr	r4, .L135
 461 0004 1500     		movs	r5, r2
 462 0006 A544     		add	sp, sp, r4
 463 0008 9722     		movs	r2, #151
 464 000a 0024     		movs	r4, #0
 465 000c 0090     		str	r0, [sp]
 466 000e 0991     		str	r1, [sp, #36]
 467 0010 9200     		lsls	r2, r2, #2
 468 0012 2100     		movs	r1, r4
 469 0014 15A8     		add	r0, sp, #84
 470 0016 B29F     		ldr	r7, [sp, #712]
 471 0018 0193     		str	r3, [sp, #4]
 472 001a 1494     		str	r4, [sp, #80]
 473 001c FFF7FEFF 		bl	memset
ARM GAS  /tmp/ccDdgNAZ.s 			page 9


 474 0020 FF21     		movs	r1, #255
 475 0022 0122     		movs	r2, #1
 476              	.L89:
 477 0024 019B     		ldr	r3, [sp, #4]
 478 0026 A342     		cmp	r3, r4
 479 0028 00D9     		bls	.LCB523
 480 002a C9E0     		b	.L90	@long jump
 481              	.LCB523:
 482 002c 0021     		movs	r1, #0
 483 002e A24B     		ldr	r3, .L135+4
 484 0030 A248     		ldr	r0, .L135+8
 485              	.L91:
 486 0032 019D     		ldr	r5, [sp, #4]
 487 0034 8AB2     		uxth	r2, r1
 488 0036 1C0A     		lsrs	r4, r3, #8
 489 0038 9542     		cmp	r5, r2
 490 003a 00D9     		bls	.LCB534
 491 003c D4E0     		b	.L92	@long jump
 492              	.LCB534:
 493 003e 7C55     		strb	r4, [r7, r5]
 494 0040 0024     		movs	r4, #0
 495 0042 7A19     		adds	r2, r7, r5
 496 0044 5370     		strb	r3, [r2, #1]
 497 0046 2B00     		movs	r3, r5
 498 0048 2500     		movs	r5, r4
 499 004a 0233     		adds	r3, r3, #2
 500 004c 9BB2     		uxth	r3, r3
 501 004e 0293     		str	r3, [sp, #8]
 502 0050 DB00     		lsls	r3, r3, #3
 503 0052 0633     		adds	r3, r3, #6
 504 0054 9BB2     		uxth	r3, r3
 505 0056 9470     		strb	r4, [r2, #2]
 506 0058 0393     		str	r3, [sp, #12]
 507 005a 0494     		str	r4, [sp, #16]
 508 005c 14AE     		add	r6, sp, #80
 509              	.L94:
 510 005e 2100     		movs	r1, r4
 511 0060 3800     		movs	r0, r7
 512 0062 FFF7FEFF 		bl	lr_fhss_extract_bit_in_byte_vector
 513 0066 3F21     		movs	r1, #63
 514 0068 049B     		ldr	r3, [sp, #16]
 515 006a 5B00     		lsls	r3, r3, #1
 516 006c 1A18     		adds	r2, r3, r0
 517 006e 1140     		ands	r1, r2
 518 0070 934A     		ldr	r2, .L135+12
 519 0072 0491     		str	r1, [sp, #16]
 520 0074 D318     		adds	r3, r2, r3
 521 0076 0722     		movs	r2, #7
 522 0078 0321     		movs	r1, #3
 523 007a A243     		bics	r2, r4
 524 007c 4A43     		muls	r2, r1
 525 007e 1B5C     		ldrb	r3, [r3, r0]
 526 0080 9340     		lsls	r3, r3, r2
 527 0082 1D43     		orrs	r5, r3
 528 0084 0723     		movs	r3, #7
 529 0086 2340     		ands	r3, r4
 530 0088 072B     		cmp	r3, #7
ARM GAS  /tmp/ccDdgNAZ.s 			page 10


 531 008a 06D1     		bne	.L93
 532 008c 2B0C     		lsrs	r3, r5, #16
 533 008e 3370     		strb	r3, [r6]
 534 0090 B570     		strb	r5, [r6, #2]
 535 0092 2B0A     		lsrs	r3, r5, #8
 536 0094 0025     		movs	r5, #0
 537 0096 7370     		strb	r3, [r6, #1]
 538 0098 7618     		adds	r6, r6, r1
 539              	.L93:
 540 009a 0134     		adds	r4, r4, #1
 541 009c 039A     		ldr	r2, [sp, #12]
 542 009e A3B2     		uxth	r3, r4
 543 00a0 9A42     		cmp	r2, r3
 544 00a2 DCD8     		bhi	.L94
 545 00a4 1823     		movs	r3, #24
 546 00a6 029A     		ldr	r2, [sp, #8]
 547 00a8 5343     		muls	r3, r2
 548 00aa 1233     		adds	r3, r3, #18
 549 00ac 9BB2     		uxth	r3, r3
 550 00ae 0293     		str	r3, [sp, #8]
 551 00b0 0723     		movs	r3, #7
 552 00b2 039A     		ldr	r2, [sp, #12]
 553 00b4 1A42     		tst	r2, r3
 554 00b6 04D0     		beq	.L95
 555 00b8 2B0C     		lsrs	r3, r5, #16
 556 00ba 3370     		strb	r3, [r6]
 557 00bc 2B0A     		lsrs	r3, r5, #8
 558 00be 7370     		strb	r3, [r6, #1]
 559 00c0 B570     		strb	r5, [r6, #2]
 560              	.L95:
 561 00c2 FF22     		movs	r2, #255
 562 00c4 0021     		movs	r1, #0
 563 00c6 3800     		movs	r0, r7
 564 00c8 FFF7FEFF 		bl	memset
 565 00cc 009B     		ldr	r3, [sp]
 566 00ce 5C79     		ldrb	r4, [r3, #5]
 567 00d0 032C     		cmp	r4, #3
 568 00d2 1BD0     		beq	.L96
 569 00d4 0F22     		movs	r2, #15
 570 00d6 7B49     		ldr	r1, .L135+16
 571 00d8 10A8     		add	r0, sp, #64
 572 00da FFF7FEFF 		bl	memcpy
 573 00de 0023     		movs	r3, #0
 574 00e0 0393     		str	r3, [sp, #12]
 575 00e2 022C     		cmp	r4, #2
 576 00e4 02D8     		bhi	.L97
 577 00e6 784B     		ldr	r3, .L135+20
 578 00e8 1B5D     		ldrb	r3, [r3, r4]
 579 00ea 0393     		str	r3, [sp, #12]
 580              	.L97:
 581 00ec 0025     		movs	r5, #0
 582 00ee 2C00     		movs	r4, r5
 583 00f0 2E00     		movs	r6, r5
 584              	.L98:
 585 00f2 029B     		ldr	r3, [sp, #8]
 586 00f4 AB42     		cmp	r3, r5
 587 00f6 00D9     		bls	.LCB644
ARM GAS  /tmp/ccDdgNAZ.s 			page 11


 588 00f8 7FE0     		b	.L101	@long jump
 589              	.LCB644:
 590 00fa A3B2     		uxth	r3, r4
 591 00fc 1A00     		movs	r2, r3
 592 00fe 0732     		adds	r2, r2, #7
 593 0100 3900     		movs	r1, r7
 594 0102 D210     		asrs	r2, r2, #3
 595 0104 14A8     		add	r0, sp, #80
 596 0106 0293     		str	r3, [sp, #8]
 597 0108 FFF7FEFF 		bl	memcpy
 598              	.L96:
 599 010c 7222     		movs	r2, #114
 600 010e 009B     		ldr	r3, [sp]
 601 0110 5B7A     		ldrb	r3, [r3, #9]
 602 0112 5A43     		muls	r2, r3
 603 0114 0023     		movs	r3, #0
 604              	.L102:
 605 0116 1900     		movs	r1, r3
 606 0118 5943     		muls	r1, r3
 607 011a 0298     		ldr	r0, [sp, #8]
 608 011c 8142     		cmp	r1, r0
 609 011e 00DA     		bge	.LCB667
 610 0120 82E0     		b	.L103	@long jump
 611              	.LCB667:
 612 0122 5908     		lsrs	r1, r3, #1
 613 0124 5B00     		lsls	r3, r3, #1
 614 0126 9BB2     		uxth	r3, r3
 615 0128 0693     		str	r3, [sp, #24]
 616 012a 6B46     		mov	r3, sp
 617 012c 0026     		movs	r6, #0
 618 012e 0A91     		str	r1, [sp, #40]
 619 0130 0821     		movs	r1, #8
 620 0132 5B5E     		ldrsh	r3, [r3, r1]
 621 0134 3400     		movs	r4, r6
 622 0136 0393     		str	r3, [sp, #12]
 623 0138 93B2     		uxth	r3, r2
 624 013a 1D00     		movs	r5, r3
 625 013c 0793     		str	r3, [sp, #28]
 626 013e 0596     		str	r6, [sp, #20]
 627              	.L104:
 628 0140 039B     		ldr	r3, [sp, #12]
 629 0142 002B     		cmp	r3, #0
 630 0144 00DD     		ble	.LCB688
 631 0146 72E0     		b	.L108	@long jump
 632              	.LCB688:
 633 0148 079B     		ldr	r3, [sp, #28]
 634 014a 0EAA     		add	r2, sp, #56
 635 014c ED1A     		subs	r5, r5, r3
 636 014e ABB2     		uxth	r3, r5
 637 0150 0393     		str	r3, [sp, #12]
 638 0152 019B     		ldr	r3, [sp, #4]
 639 0154 0099     		ldr	r1, [sp]
 640 0156 1370     		strb	r3, [r2]
 641 0158 009B     		ldr	r3, [sp]
 642 015a 4979     		ldrb	r1, [r1, #5]
 643 015c 1B79     		ldrb	r3, [r3, #4]
 644 015e C900     		lsls	r1, r1, #3
ARM GAS  /tmp/ccDdgNAZ.s 			page 12


 645 0160 5B01     		lsls	r3, r3, #5
 646 0162 5B18     		adds	r3, r3, r1
 647 0164 0099     		ldr	r1, [sp]
 648 0166 8979     		ldrb	r1, [r1, #6]
 649 0168 8900     		lsls	r1, r1, #2
 650 016a 5B18     		adds	r3, r3, r1
 651 016c 0099     		ldr	r1, [sp]
 652 016e DBB2     		uxtb	r3, r3
 653 0170 097A     		ldrb	r1, [r1, #8]
 654 0172 481E     		subs	r0, r1, #1
 655 0174 8141     		sbcs	r1, r1, r0
 656 0176 0098     		ldr	r0, [sp]
 657 0178 4900     		lsls	r1, r1, #1
 658 017a C079     		ldrb	r0, [r0, #7]
 659 017c C408     		lsrs	r4, r0, #3
 660 017e 1B19     		adds	r3, r3, r4
 661 0180 C918     		adds	r1, r1, r3
 662 0182 5170     		strb	r1, [r2, #1]
 663 0184 0999     		ldr	r1, [sp, #36]
 664 0186 4301     		lsls	r3, r0, #5
 665 0188 0909     		lsrs	r1, r1, #4
 666 018a CB18     		adds	r3, r1, r3
 667 018c 9370     		strb	r3, [r2, #2]
 668 018e 099B     		ldr	r3, [sp, #36]
 669 0190 1901     		lsls	r1, r3, #4
 670 0192 0023     		movs	r3, #0
 671 0194 D170     		strb	r1, [r2, #3]
 672              	.L134:
 673 0196 0293     		str	r3, [sp, #8]
 674 0198 7223     		movs	r3, #114
 675 019a 029A     		ldr	r2, [sp, #8]
 676 019c 5343     		muls	r3, r2
 677 019e 9BB2     		uxth	r3, r3
 678 01a0 0193     		str	r3, [sp, #4]
 679 01a2 009B     		ldr	r3, [sp]
 680 01a4 5B7A     		ldrb	r3, [r3, #9]
 681 01a6 9342     		cmp	r3, r2
 682 01a8 00D9     		bls	.LCB738
 683 01aa 8FE0     		b	.L115	@long jump
 684              	.LCB738:
 685 01ac 039B     		ldr	r3, [sp, #12]
 686 01ae 019F     		ldr	r7, [sp, #4]
 687 01b0 9C46     		mov	ip, r3
 688 01b2 6744     		add	r7, r7, ip
 689 01b4 0737     		adds	r7, r7, #7
 690 01b6 F808     		lsrs	r0, r7, #3
 691 01b8 AD23     		movs	r3, #173
 692 01ba 9B00     		lsls	r3, r3, #2
 693 01bc 9D44     		add	sp, sp, r3
 694              		@ sp needed
 695 01be F0BD     		pop	{r4, r5, r6, r7, pc}
 696              	.L90:
 697 01c0 2B5D     		ldrb	r3, [r5, r4]
 698 01c2 4B40     		eors	r3, r1
 699 01c4 1801     		lsls	r0, r3, #4
 700 01c6 1B09     		lsrs	r3, r3, #4
 701 01c8 0343     		orrs	r3, r0
ARM GAS  /tmp/ccDdgNAZ.s 			page 13


 702 01ca 3B55     		strb	r3, [r7, r4]
 703 01cc 0811     		asrs	r0, r1, #4
 704 01ce 4B11     		asrs	r3, r1, #5
 705 01d0 4340     		eors	r3, r0
 706 01d2 C810     		asrs	r0, r1, #3
 707 01d4 4340     		eors	r3, r0
 708 01d6 1340     		ands	r3, r2
 709 01d8 C809     		lsrs	r0, r1, #7
 710 01da 4340     		eors	r3, r0
 711 01dc 4900     		lsls	r1, r1, #1
 712 01de 1943     		orrs	r1, r3
 713 01e0 0134     		adds	r4, r4, #1
 714 01e2 C9B2     		uxtb	r1, r1
 715 01e4 E4B2     		uxtb	r4, r4
 716 01e6 1DE7     		b	.L89
 717              	.L92:
 718 01e8 7A5C     		ldrb	r2, [r7, r1]
 719 01ea 0131     		adds	r1, r1, #1
 720 01ec 6240     		eors	r2, r4
 721 01ee 5200     		lsls	r2, r2, #1
 722 01f0 1C02     		lsls	r4, r3, #8
 723 01f2 135A     		ldrh	r3, [r2, r0]
 724 01f4 6340     		eors	r3, r4
 725 01f6 9BB2     		uxth	r3, r3
 726 01f8 1BE7     		b	.L91
 727              	.L101:
 728 01fa 10AB     		add	r3, sp, #64
 729 01fc 9B5D     		ldrb	r3, [r3, r6]
 730 01fe 002B     		cmp	r3, #0
 731 0200 0BD0     		beq	.L99
 732 0202 631C     		adds	r3, r4, #1
 733 0204 2900     		movs	r1, r5
 734 0206 14A8     		add	r0, sp, #80
 735 0208 0493     		str	r3, [sp, #16]
 736 020a FFF7FEFF 		bl	lr_fhss_extract_bit_in_byte_vector
 737 020e 2100     		movs	r1, r4
 738 0210 0200     		movs	r2, r0
 739 0212 3800     		movs	r0, r7
 740 0214 FFF7FEFF 		bl	lr_fhss_set_bit_in_byte_vector
 741 0218 049C     		ldr	r4, [sp, #16]
 742              	.L99:
 743 021a 039B     		ldr	r3, [sp, #12]
 744 021c 0136     		adds	r6, r6, #1
 745 021e B342     		cmp	r3, r6
 746 0220 00D1     		bne	.L100
 747 0222 0026     		movs	r6, #0
 748              	.L100:
 749 0224 0135     		adds	r5, r5, #1
 750 0226 64E7     		b	.L98
 751              	.L103:
 752 0228 0133     		adds	r3, r3, #1
 753 022a 9BB2     		uxth	r3, r3
 754 022c 73E7     		b	.L102
 755              	.L108:
 756 022e 6B46     		mov	r3, sp
 757 0230 039A     		ldr	r2, [sp, #12]
 758 0232 9B89     		ldrh	r3, [r3, #12]
ARM GAS  /tmp/ccDdgNAZ.s 			page 14


 759 0234 302A     		cmp	r2, #48
 760 0236 00DD     		ble	.L105
 761 0238 3023     		movs	r3, #48
 762              	.L105:
 763 023a 1BB2     		sxth	r3, r3
 764 023c 0022     		movs	r2, #0
 765 023e 2900     		movs	r1, r5
 766 0240 3800     		movs	r0, r7
 767 0242 0893     		str	r3, [sp, #32]
 768 0244 FFF7FEFF 		bl	lr_fhss_set_bit_in_byte_vector
 769 0248 0022     		movs	r2, #0
 770 024a 3800     		movs	r0, r7
 771 024c 691C     		adds	r1, r5, #1
 772 024e FFF7FEFF 		bl	lr_fhss_set_bit_in_byte_vector
 773 0252 0023     		movs	r3, #0
 774 0254 0493     		str	r3, [sp, #16]
 775              	.L107:
 776 0256 049A     		ldr	r2, [sp, #16]
 777 0258 AB1C     		adds	r3, r5, #2
 778 025a 9B18     		adds	r3, r3, r2
 779 025c 2100     		movs	r1, r4
 780 025e 14A8     		add	r0, sp, #80
 781 0260 0B93     		str	r3, [sp, #44]
 782 0262 FFF7FEFF 		bl	lr_fhss_extract_bit_in_byte_vector
 783 0266 0B99     		ldr	r1, [sp, #44]
 784 0268 0200     		movs	r2, r0
 785 026a 3800     		movs	r0, r7
 786 026c FFF7FEFF 		bl	lr_fhss_set_bit_in_byte_vector
 787 0270 069B     		ldr	r3, [sp, #24]
 788 0272 E418     		adds	r4, r4, r3
 789 0274 029B     		ldr	r3, [sp, #8]
 790 0276 A4B2     		uxth	r4, r4
 791 0278 A342     		cmp	r3, r4
 792 027a 0CD8     		bhi	.L106
 793 027c 0A9B     		ldr	r3, [sp, #40]
 794 027e 059C     		ldr	r4, [sp, #20]
 795 0280 9C46     		mov	ip, r3
 796 0282 069B     		ldr	r3, [sp, #24]
 797 0284 6444     		add	r4, r4, ip
 798 0286 A4B2     		uxth	r4, r4
 799 0288 0594     		str	r4, [sp, #20]
 800 028a A342     		cmp	r3, r4
 801 028c 03D8     		bhi	.L106
 802 028e 0136     		adds	r6, r6, #1
 803 0290 B6B2     		uxth	r6, r6
 804 0292 3400     		movs	r4, r6
 805 0294 0596     		str	r6, [sp, #20]
 806              	.L106:
 807 0296 049B     		ldr	r3, [sp, #16]
 808 0298 089A     		ldr	r2, [sp, #32]
 809 029a 0133     		adds	r3, r3, #1
 810 029c 0493     		str	r3, [sp, #16]
 811 029e 9342     		cmp	r3, r2
 812 02a0 D9DB     		blt	.L107
 813 02a2 039B     		ldr	r3, [sp, #12]
 814 02a4 303B     		subs	r3, r3, #48
 815 02a6 1BB2     		sxth	r3, r3
ARM GAS  /tmp/ccDdgNAZ.s 			page 15


 816 02a8 0393     		str	r3, [sp, #12]
 817 02aa 1300     		movs	r3, r2
 818 02ac 0233     		adds	r3, r3, #2
 819 02ae ED18     		adds	r5, r5, r3
 820 02b0 ADB2     		uxth	r5, r5
 821 02b2 45E7     		b	.L104
 822              	.L136:
 823              		.align	2
 824              	.L135:
 825 02b4 4CFDFFFF 		.word	-692
 826 02b8 FFFF0000 		.word	65535
 827 02bc 00000000 		.word	lr_fhss_payload_crc16_lut
 828 02c0 00000000 		.word	lr_fhss_viterbi_1_3_table
 829 02c4 00000000 		.word	.LANCHOR5
 830 02c8 00000000 		.word	.LANCHOR6
 831              	.L115:
 832 02cc 0C20     		movs	r0, #12
 833 02ce 0299     		ldr	r1, [sp, #8]
 834 02d0 0EAA     		add	r2, sp, #56
 835 02d2 013B     		subs	r3, r3, #1
 836 02d4 5B1A     		subs	r3, r3, r1
 837 02d6 D178     		ldrb	r1, [r2, #3]
 838 02d8 DBB2     		uxtb	r3, r3
 839 02da 8143     		bics	r1, r0
 840 02dc 9B00     		lsls	r3, r3, #2
 841 02de 0B43     		orrs	r3, r1
 842 02e0 D370     		strb	r3, [r2, #3]
 843 02e2 0021     		movs	r1, #0
 844 02e4 FF23     		movs	r3, #255
 845 02e6 1600     		movs	r6, r2
 846 02e8 2D48     		ldr	r0, .L137
 847              	.L111:
 848 02ea 8C5D     		ldrb	r4, [r1, r6]
 849 02ec 0131     		adds	r1, r1, #1
 850 02ee 6340     		eors	r3, r4
 851 02f0 C35C     		ldrb	r3, [r0, r3]
 852 02f2 0429     		cmp	r1, #4
 853 02f4 F9D1     		bne	.L111
 854 02f6 0024     		movs	r4, #0
 855 02f8 1371     		strb	r3, [r2, #4]
 856 02fa 2100     		movs	r1, r4
 857 02fc 0622     		movs	r2, #6
 858 02fe 11A8     		add	r0, sp, #68
 859 0300 1094     		str	r4, [sp, #64]
 860 0302 FFF7FEFF 		bl	memset
 861 0306 0CAB     		add	r3, sp, #48
 862 0308 DD1D     		adds	r5, r3, #7
 863 030a 3100     		movs	r1, r6
 864 030c 2800     		movs	r0, r5
 865 030e 10AA     		add	r2, sp, #64
 866 0310 DC71     		strb	r4, [r3, #7]
 867 0312 FFF7FEFF 		bl	lr_fhss_convolution_encode_viterbi_1_2_base.constprop.0.isra.0
 868 0316 3100     		movs	r1, r6
 869 0318 2800     		movs	r0, r5
 870 031a 10AA     		add	r2, sp, #64
 871 031c FFF7FEFF 		bl	lr_fhss_convolution_encode_viterbi_1_2_base.constprop.0.isra.0
 872 0320 2200     		movs	r2, r4
ARM GAS  /tmp/ccDdgNAZ.s 			page 16


 873 0322 3800     		movs	r0, r7
 874 0324 0199     		ldr	r1, [sp, #4]
 875 0326 FFF7FEFF 		bl	lr_fhss_set_bit_in_byte_vector
 876 032a 019B     		ldr	r3, [sp, #4]
 877 032c 2200     		movs	r2, r4
 878 032e 3800     		movs	r0, r7
 879 0330 591C     		adds	r1, r3, #1
 880 0332 FFF7FEFF 		bl	lr_fhss_set_bit_in_byte_vector
 881              	.L112:
 882 0336 1B4D     		ldr	r5, .L137+4
 883 0338 019B     		ldr	r3, [sp, #4]
 884 033a 615D     		ldrb	r1, [r4, r5]
 885 033c 10A8     		add	r0, sp, #64
 886 033e 9E1C     		adds	r6, r3, #2
 887 0340 FFF7FEFF 		bl	lr_fhss_extract_bit_in_byte_vector
 888 0344 3619     		adds	r6, r6, r4
 889 0346 0200     		movs	r2, r0
 890 0348 3100     		movs	r1, r6
 891 034a 3800     		movs	r0, r7
 892 034c 0134     		adds	r4, r4, #1
 893 034e FFF7FEFF 		bl	lr_fhss_set_bit_in_byte_vector
 894 0352 282C     		cmp	r4, #40
 895 0354 EFD1     		bne	.L112
 896 0356 0024     		movs	r4, #0
 897 0358 2835     		adds	r5, r5, #40
 898              	.L113:
 899 035a 295D     		ldrb	r1, [r5, r4]
 900 035c 10A8     		add	r0, sp, #64
 901 035e FFF7FEFF 		bl	lr_fhss_extract_bit_in_byte_vector
 902 0362 019E     		ldr	r6, [sp, #4]
 903 0364 0200     		movs	r2, r0
 904 0366 4A36     		adds	r6, r6, #74
 905 0368 3619     		adds	r6, r6, r4
 906 036a 3100     		movs	r1, r6
 907 036c 3800     		movs	r0, r7
 908 036e 0134     		adds	r4, r4, #1
 909 0370 FFF7FEFF 		bl	lr_fhss_set_bit_in_byte_vector
 910 0374 282C     		cmp	r4, #40
 911 0376 F0D1     		bne	.L113
 912 0378 0024     		movs	r4, #0
 913              	.L114:
 914 037a 009B     		ldr	r3, [sp]
 915 037c 2100     		movs	r1, r4
 916 037e 1868     		ldr	r0, [r3]
 917 0380 FFF7FEFF 		bl	lr_fhss_extract_bit_in_byte_vector
 918 0384 019D     		ldr	r5, [sp, #4]
 919 0386 0200     		movs	r2, r0
 920 0388 2A35     		adds	r5, r5, #42
 921 038a 2D19     		adds	r5, r5, r4
 922 038c 2900     		movs	r1, r5
 923 038e 3800     		movs	r0, r7
 924 0390 0134     		adds	r4, r4, #1
 925 0392 FFF7FEFF 		bl	lr_fhss_set_bit_in_byte_vector
 926 0396 202C     		cmp	r4, #32
 927 0398 EFD1     		bne	.L114
 928 039a 029B     		ldr	r3, [sp, #8]
 929 039c 0133     		adds	r3, r3, #1
ARM GAS  /tmp/ccDdgNAZ.s 			page 17


 930 039e FAE6     		b	.L134
 931              	.L138:
 932              		.align	2
 933              	.L137:
 934 03a0 00000000 		.word	lr_fhss_header_crc8_lut
 935 03a4 00000000 		.word	.LANCHOR7
 937              		.section	.text.lr_fhss_get_time_on_air_in_ms,"ax",%progbits
 938              		.align	1
 939              		.global	lr_fhss_get_time_on_air_in_ms
 940              		.syntax unified
 941              		.code	16
 942              		.thumb_func
 943              		.fpu softvfp
 945              	lr_fhss_get_time_on_air_in_ms:
 946              		@ args = 0, pretend = 0, frame = 8
 947              		@ frame_needed = 0, uses_anonymous_args = 0
 948 0000 07B5     		push	{r0, r1, r2, lr}
 949 0002 6A46     		mov	r2, sp
 950              		@ sp needed
 951 0004 FFF7FEFF 		bl	lr_fhss_process_parameters
 952 0008 6B46     		mov	r3, sp
 953 000a 5888     		ldrh	r0, [r3, #2]
 954 000c 7D21     		movs	r1, #125
 955 000e 0002     		lsls	r0, r0, #8
 956 0010 7C30     		adds	r0, r0, #124
 957 0012 FFF7FEFF 		bl	__aeabi_uidiv
 958 0016 0EBD     		pop	{r1, r2, r3, pc}
 960              		.global	lr_fhss_payload_crc16_lut
 961              		.global	lr_fhss_header_crc8_lut
 962              		.section	.rodata
 963              		.set	.LANCHOR5,. + 0
 964              	.LC7:
 965 0000 01010000 		.ascii	"\001\001\000\000\001\000\001\000\000\000\001\000\001"
 965      01000100 
 965      00000100 
 965      01
 966 000d 0000     		.ascii	"\000\000"
 967              		.section	.rodata.CSWTCH.42,"a"
 968              		.set	.LANCHOR6,. + 0
 971              	CSWTCH.42:
 972 0000 0F       		.byte	15
 973 0001 06       		.byte	6
 974 0002 03       		.byte	3
 975              		.section	.rodata.lr_fhss_channel_count,"a"
 976              		.align	2
 977              		.set	.LANCHOR1,. + 0
 980              	lr_fhss_channel_count:
 981 0000 5000     		.short	80
 982 0002 B000     		.short	176
 983 0004 1801     		.short	280
 984 0006 7801     		.short	376
 985 0008 B002     		.short	688
 986 000a 1803     		.short	792
 987 000c C805     		.short	1480
 988 000e 3006     		.short	1584
 989 0010 300C     		.short	3120
 990 0012 980C     		.short	3224
ARM GAS  /tmp/ccDdgNAZ.s 			page 18


 991              		.section	.rodata.lr_fhss_header_crc8_lut,"a"
 992              		.align	2
 995              	lr_fhss_header_crc8_lut:
 996 0000 002F5E71 		.ascii	"\000/^q\274\223\342\315Wx\011&\353\304\265\232\256\201"
 996      BC93E2CD 
 996      57780926 
 996      EBC4B59A 
 996      AE81
 997 0012 F0DF123D 		.ascii	"\360\337\022=Lc\371\326\247\210Ej\0334s\\-\002\317\340"
 997      4C63F9D6 
 997      A788456A 
 997      1B34735C 
 997      2D02CFE0 
 998 0026 91BE240B 		.ascii	"\221\276$\013zU\230\267\306\351\335\362\203\254aN?\020"
 998      7A5598B7 
 998      C6E9DDF2 
 998      83AC614E 
 998      3F10
 999 0038 8AA5D4FB 		.ascii	"\212\245\324\3736\031hG\346\311\270\227Zu\004+\261\236"
 999      36196847 
 999      E6C9B897 
 999      5A75042B 
 999      B19E
 1000 004a EFC00D22 		.ascii	"\357\300\015\"S|Hg\0269\364\333\252\205\0370An\243\214"
 1000      537C4867 
 1000      1639F4DB 
 1000      AA851F30 
 1000      416EA38C 
 1001 005e FDD295BA 		.ascii	"\375\322\225\272\313\344)\006wX\302\355\234\263~Q \017"
 1001      CBE42906 
 1001      7758C2ED 
 1001      9CB37E51 
 1001      200F
 1002 0070 3B14654A 		.ascii	";\024eJ\207\250\331\366lC2\035\320\377\216\241\343\314"
 1002      87A8D9F6 
 1002      6C43321D 
 1002      D0FF8EA1 
 1002      E3CC
 1003 0082 BD925F70 		.ascii	"\275\222_p\001.\264\233\352\305\010'VyMb\023<\361\336"
 1003      012EB49B 
 1003      EAC50827 
 1003      56794D62 
 1003      133CF1DE 
 1004 0096 AF801A35 		.ascii	"\257\200\0325Dk\246\211\370\327\220\277\316\341,\003"
 1004      446BA689 
 1004      F8D790BF 
 1004      CEE12C03 
 1005 00a6 725DC7E8 		.ascii	"r]\307\350\231\266{T%\012>\021`O\202\255\334\363iF7"
 1005      99B67B54 
 1005      250A3E11 
 1005      604F82AD 
 1005      DCF36946 
 1006 00bb 18D5FA8B 		.ascii	"\030\325\372\213\244\005*[t\271\226\347\310R}\014#\356"
 1006      A4052A5B 
 1006      74B996E7 
 1006      C8527D0C 
 1006      23EE
ARM GAS  /tmp/ccDdgNAZ.s 			page 19


 1007 00cd C1B09FAB 		.ascii	"\301\260\237\253\204\365\332\0278If\374\323\242\215"
 1007      84F5DA17 
 1007      384966FC 
 1007      D3A28D
 1008 00dc 406F1E31 		.ascii	"@o\0361vY(\007\312\345\224\273!\016\177P\235\262\303"
 1008      76592807 
 1008      CAE594BB 
 1008      210E7F50 
 1008      9DB2C3
 1009 00ef ECD8F786 		.ascii	"\354\330\367\206\251dK:\025\217\240\321\3763\034mB"
 1009      A9644B3A 
 1009      158FA0D1 
 1009      FE331C6D 
 1009      42
 1010              		.section	.rodata.lr_fhss_header_interleaver_minus_one,"a"
 1011              		.align	2
 1012              		.set	.LANCHOR7,. + 0
 1015              	lr_fhss_header_interleaver_minus_one:
 1016 0000 00122436 		.ascii	"\000\022$6H\004\026(:L\010\032,>\014\0360B\020\"4F\001"
 1016      48041628 
 1016      3A4C081A 
 1016      2C3E0C1E 
 1016      30421022 
 1017 0017 13253749 		.ascii	"\023%7I\005\027);M\011\033-?\015\0371C\021#5G\002\024"
 1017      0517293B 
 1017      4D091B2D 
 1017      3F0D1F31 
 1017      43112335 
 1018 002e 26384A06 		.ascii	"&8J\006\030*<N\012\034.@\016 2D\003\025'9K\007\031+"
 1018      182A3C4E 
 1018      0A1C2E40 
 1018      0E203244 
 1018      03152739 
 1019 0046 3D4F0B1D 		.ascii	"=O\013\035/A\017!3E"
 1019      2F410F21 
 1019      3345
 1020              		.section	.rodata.lr_fhss_lfsr_poly1,"a"
 1021              		.align	2
 1022              		.set	.LANCHOR2,. + 0
 1025              	lr_fhss_lfsr_poly1:
 1026 0000 212D3033 		.ascii	"!-0369"
 1026      3639
 1027              		.section	.rodata.lr_fhss_lfsr_poly2,"a"
 1028              		.align	2
 1029              		.set	.LANCHOR3,. + 0
 1032              	lr_fhss_lfsr_poly2:
 1033 0000 41444748 		.ascii	"ADGH"
 1034              		.section	.rodata.lr_fhss_lfsr_poly3,"a"
 1035              		.set	.LANCHOR4,. + 0
 1038              	lr_fhss_lfsr_poly3:
 1039 0000 8E95     		.ascii	"\216\225"
 1040              		.section	.rodata.lr_fhss_payload_crc16_lut,"a"
 1041              		.align	2
 1044              	lr_fhss_payload_crc16_lut:
 1045 0000 0000     		.short	0
 1046 0002 5B75     		.short	30043
 1047 0004 B6EA     		.short	-5450
ARM GAS  /tmp/ccDdgNAZ.s 			page 20


 1048 0006 ED9F     		.short	-24595
 1049 0008 37A0     		.short	-24521
 1050 000a 6CD5     		.short	-10900
 1051 000c 814A     		.short	19073
 1052 000e DA3F     		.short	16346
 1053 0010 3535     		.short	13621
 1054 0012 6E40     		.short	16494
 1055 0014 83DF     		.short	-8317
 1056 0016 D8AA     		.short	-21800
 1057 0018 0295     		.short	-27390
 1058 001a 59E0     		.short	-8103
 1059 001c B47F     		.short	32692
 1060 001e EF0A     		.short	2799
 1061 0020 6A6A     		.short	27242
 1062 0022 311F     		.short	7985
 1063 0024 DC80     		.short	-32548
 1064 0026 87F5     		.short	-2681
 1065 0028 5DCA     		.short	-13731
 1066 002a 06BF     		.short	-16634
 1067 002c EB20     		.short	8427
 1068 002e B055     		.short	21936
 1069 0030 5F5F     		.short	24415
 1070 0032 042A     		.short	10756
 1071 0034 E9B5     		.short	-18967
 1072 0036 B2C0     		.short	-16206
 1073 0038 68FF     		.short	-152
 1074 003a 338A     		.short	-30157
 1075 003c DE15     		.short	5598
 1076 003e 8560     		.short	24709
 1077 0040 D4D4     		.short	-11052
 1078 0042 8FA1     		.short	-24177
 1079 0044 623E     		.short	15970
 1080 0046 394B     		.short	19257
 1081 0048 E374     		.short	29923
 1082 004a B801     		.short	440
 1083 004c 559E     		.short	-25003
 1084 004e 0EEB     		.short	-5362
 1085 0050 E1E1     		.short	-7711
 1086 0052 BA94     		.short	-27462
 1087 0054 570B     		.short	2903
 1088 0056 0C7E     		.short	32268
 1089 0058 D641     		.short	16854
 1090 005a 8D34     		.short	13453
 1091 005c 60AB     		.short	-21664
 1092 005e 3BDE     		.short	-8645
 1093 0060 BEBE     		.short	-16706
 1094 0062 E5CB     		.short	-13339
 1095 0064 0854     		.short	21512
 1096 0066 5321     		.short	8531
 1097 0068 891E     		.short	7817
 1098 006a D26B     		.short	27602
 1099 006c 3FF4     		.short	-3009
 1100 006e 6481     		.short	-32412
 1101 0070 8B8B     		.short	-29813
 1102 0072 D0FE     		.short	-304
 1103 0074 3D61     		.short	24893
 1104 0076 6614     		.short	5222
ARM GAS  /tmp/ccDdgNAZ.s 			page 21


 1105 0078 BC2B     		.short	11196
 1106 007a E75E     		.short	24295
 1107 007c 0AC1     		.short	-16118
 1108 007e 51B4     		.short	-19375
 1109 0080 F3DC     		.short	-8973
 1110 0082 A8A9     		.short	-22104
 1111 0084 4536     		.short	13893
 1112 0086 1E43     		.short	17182
 1113 0088 C47C     		.short	31940
 1114 008a 9F09     		.short	2463
 1115 008c 7296     		.short	-27022
 1116 008e 29E3     		.short	-7383
 1117 0090 C6E9     		.short	-5690
 1118 0092 9D9C     		.short	-25443
 1119 0094 7003     		.short	880
 1120 0096 2B76     		.short	30251
 1121 0098 F149     		.short	18929
 1122 009a AA3C     		.short	15530
 1123 009c 47A3     		.short	-23737
 1124 009e 1CD6     		.short	-10724
 1125 00a0 99B6     		.short	-18791
 1126 00a2 C2C3     		.short	-15422
 1127 00a4 2F5C     		.short	23599
 1128 00a6 7429     		.short	10612
 1129 00a8 AE16     		.short	5806
 1130 00aa F563     		.short	25589
 1131 00ac 18FC     		.short	-1000
 1132 00ae 4389     		.short	-30397
 1133 00b0 AC83     		.short	-31828
 1134 00b2 F7F6     		.short	-2313
 1135 00b4 1A69     		.short	26906
 1136 00b6 411C     		.short	7233
 1137 00b8 9B23     		.short	9115
 1138 00ba C056     		.short	22208
 1139 00bc 2DC9     		.short	-14035
 1140 00be 76BC     		.short	-17290
 1141 00c0 2708     		.short	2087
 1142 00c2 7C7D     		.short	32124
 1143 00c4 91E2     		.short	-7535
 1144 00c6 CA97     		.short	-26678
 1145 00c8 10A8     		.short	-22512
 1146 00ca 4BDD     		.short	-8885
 1147 00cc A642     		.short	17062
 1148 00ce FD37     		.short	14333
 1149 00d0 123D     		.short	15634
 1150 00d2 4948     		.short	18505
 1151 00d4 A4D7     		.short	-10332
 1152 00d6 FFA2     		.short	-23809
 1153 00d8 259D     		.short	-25307
 1154 00da 7EE8     		.short	-6018
 1155 00dc 9377     		.short	30611
 1156 00de C802     		.short	712
 1157 00e0 4D62     		.short	25165
 1158 00e2 1617     		.short	5910
 1159 00e4 FB88     		.short	-30469
 1160 00e6 A0FD     		.short	-608
 1161 00e8 7AC2     		.short	-15750
ARM GAS  /tmp/ccDdgNAZ.s 			page 22


 1162 00ea 21B7     		.short	-18655
 1163 00ec CC28     		.short	10444
 1164 00ee 975D     		.short	23959
 1165 00f0 7857     		.short	22392
 1166 00f2 2322     		.short	8739
 1167 00f4 CEBD     		.short	-16946
 1168 00f6 95C8     		.short	-14187
 1169 00f8 4FF7     		.short	-2225
 1170 00fa 1482     		.short	-32236
 1171 00fc F91D     		.short	7673
 1172 00fe A268     		.short	26786
 1173 0100 BDCC     		.short	-13123
 1174 0102 E6B9     		.short	-17946
 1175 0104 0B26     		.short	9739
 1176 0106 5053     		.short	21328
 1177 0108 8A6C     		.short	27786
 1178 010a D119     		.short	6609
 1179 010c 3C86     		.short	-31172
 1180 010e 67F3     		.short	-3225
 1181 0110 88F9     		.short	-1656
 1182 0112 D38C     		.short	-29485
 1183 0114 3E13     		.short	4926
 1184 0116 6566     		.short	26213
 1185 0118 BF59     		.short	22975
 1186 011a E42C     		.short	11492
 1187 011c 09B3     		.short	-19703
 1188 011e 52C6     		.short	-14766
 1189 0120 D7A6     		.short	-22825
 1190 0122 8CD3     		.short	-11380
 1191 0124 614C     		.short	19553
 1192 0126 3A39     		.short	14650
 1193 0128 E006     		.short	1760
 1194 012a BB73     		.short	29627
 1195 012c 56EC     		.short	-5034
 1196 012e 0D99     		.short	-26355
 1197 0130 E293     		.short	-27678
 1198 0132 B9E6     		.short	-6471
 1199 0134 5479     		.short	31060
 1200 0136 0F0C     		.short	3087
 1201 0138 D533     		.short	13269
 1202 013a 8E46     		.short	18062
 1203 013c 63D9     		.short	-9885
 1204 013e 38AC     		.short	-21448
 1205 0140 6918     		.short	6249
 1206 0142 326D     		.short	27954
 1207 0144 DFF2     		.short	-3361
 1208 0146 8487     		.short	-30844
 1209 0148 5EB8     		.short	-18338
 1210 014a 05CD     		.short	-13051
 1211 014c E852     		.short	21224
 1212 014e B327     		.short	10163
 1213 0150 5C2D     		.short	11612
 1214 0152 0758     		.short	22535
 1215 0154 EAC7     		.short	-14358
 1216 0156 B1B2     		.short	-19791
 1217 0158 6B8D     		.short	-29333
 1218 015a 30F8     		.short	-2000
ARM GAS  /tmp/ccDdgNAZ.s 			page 23


 1219 015c DD67     		.short	26589
 1220 015e 8612     		.short	4742
 1221 0160 0372     		.short	29187
 1222 0162 5807     		.short	1880
 1223 0164 B598     		.short	-26443
 1224 0166 EEED     		.short	-4626
 1225 0168 34D2     		.short	-11724
 1226 016a 6FA7     		.short	-22673
 1227 016c 8238     		.short	14466
 1228 016e D94D     		.short	19929
 1229 0170 3647     		.short	18230
 1230 0172 6D32     		.short	12909
 1231 0174 80AD     		.short	-21120
 1232 0176 DBD8     		.short	-10021
 1233 0178 01E7     		.short	-6399
 1234 017a 5A92     		.short	-28070
 1235 017c B70D     		.short	3511
 1236 017e EC78     		.short	30956
 1237 0180 4E10     		.short	4174
 1238 0182 1565     		.short	25877
 1239 0184 F8FA     		.short	-1288
 1240 0186 A38F     		.short	-28765
 1241 0188 79B0     		.short	-20359
 1242 018a 22C5     		.short	-15070
 1243 018c CF5A     		.short	23247
 1244 018e 942F     		.short	12180
 1245 0190 7B25     		.short	9595
 1246 0192 2050     		.short	20512
 1247 0194 CDCF     		.short	-12339
 1248 0196 96BA     		.short	-17770
 1249 0198 4C85     		.short	-31412
 1250 019a 17F0     		.short	-4073
 1251 019c FA6F     		.short	28666
 1252 019e A11A     		.short	6817
 1253 01a0 247A     		.short	31268
 1254 01a2 7F0F     		.short	3967
 1255 01a4 9290     		.short	-28526
 1256 01a6 C9E5     		.short	-6711
 1257 01a8 13DA     		.short	-9709
 1258 01aa 48AF     		.short	-20664
 1259 01ac A530     		.short	12453
 1260 01ae FE45     		.short	17918
 1261 01b0 114F     		.short	20241
 1262 01b2 4A3A     		.short	14922
 1263 01b4 A7A5     		.short	-23129
 1264 01b6 FCD0     		.short	-12036
 1265 01b8 26EF     		.short	-4314
 1266 01ba 7D9A     		.short	-25987
 1267 01bc 9005     		.short	1424
 1268 01be CB70     		.short	28875
 1269 01c0 9AC4     		.short	-15206
 1270 01c2 C1B1     		.short	-20031
 1271 01c4 2C2E     		.short	11820
 1272 01c6 775B     		.short	23415
 1273 01c8 AD64     		.short	25773
 1274 01ca F611     		.short	4598
 1275 01cc 1B8E     		.short	-29157
ARM GAS  /tmp/ccDdgNAZ.s 			page 24


 1276 01ce 40FB     		.short	-1216
 1277 01d0 AFF1     		.short	-3665
 1278 01d2 F484     		.short	-31500
 1279 01d4 191B     		.short	6937
 1280 01d6 426E     		.short	28226
 1281 01d8 9851     		.short	20888
 1282 01da C324     		.short	9411
 1283 01dc 2EBB     		.short	-17618
 1284 01de 75CE     		.short	-12683
 1285 01e0 F0AE     		.short	-20752
 1286 01e2 ABDB     		.short	-9301
 1287 01e4 4644     		.short	17478
 1288 01e6 1D31     		.short	12573
 1289 01e8 C70E     		.short	3783
 1290 01ea 9C7B     		.short	31644
 1291 01ec 71E4     		.short	-7055
 1292 01ee 2A91     		.short	-28374
 1293 01f0 C59B     		.short	-25659
 1294 01f2 9EEE     		.short	-4450
 1295 01f4 7371     		.short	29043
 1296 01f6 2804     		.short	1064
 1297 01f8 F23B     		.short	15346
 1298 01fa A94E     		.short	20137
 1299 01fc 44D1     		.short	-11964
 1300 01fe 1FA4     		.short	-23521
 1301              		.section	.rodata.lr_fhss_viterbi_1_2_table,"a"
 1302              		.align	2
 1303              		.set	.LANCHOR0,. + 0
 1306              	lr_fhss_viterbi_1_2_table:
 1307 0000 0003     		.ascii	"\000\003"
 1308 0002 0102     		.ascii	"\001\002"
 1309 0004 0201     		.ascii	"\002\001"
 1310 0006 0300     		.ascii	"\003\000"
 1311 0008 0201     		.ascii	"\002\001"
 1312 000a 0300     		.ascii	"\003\000"
 1313 000c 0003     		.ascii	"\000\003"
 1314 000e 0102     		.ascii	"\001\002"
 1315 0010 0300     		.ascii	"\003\000"
 1316 0012 0201     		.ascii	"\002\001"
 1317 0014 0102     		.ascii	"\001\002"
 1318 0016 0003     		.ascii	"\000\003"
 1319 0018 0102     		.ascii	"\001\002"
 1320 001a 0003     		.ascii	"\000\003"
 1321 001c 0300     		.ascii	"\003\000"
 1322 001e 0201     		.ascii	"\002\001"
 1323              		.section	.rodata.lr_fhss_viterbi_1_3_table,"a"
 1324              		.align	2
 1327              	lr_fhss_viterbi_1_3_table:
 1328 0000 0007     		.ascii	"\000\007"
 1329 0002 0304     		.ascii	"\003\004"
 1330 0004 0700     		.ascii	"\007\000"
 1331 0006 0403     		.ascii	"\004\003"
 1332 0008 0601     		.ascii	"\006\001"
 1333 000a 0502     		.ascii	"\005\002"
 1334 000c 0106     		.ascii	"\001\006"
 1335 000e 0205     		.ascii	"\002\005"
 1336 0010 0106     		.ascii	"\001\006"
ARM GAS  /tmp/ccDdgNAZ.s 			page 25


 1337 0012 0205     		.ascii	"\002\005"
 1338 0014 0601     		.ascii	"\006\001"
 1339 0016 0502     		.ascii	"\005\002"
 1340 0018 0700     		.ascii	"\007\000"
 1341 001a 0403     		.ascii	"\004\003"
 1342 001c 0007     		.ascii	"\000\007"
 1343 001e 0304     		.ascii	"\003\004"
 1344 0020 0403     		.ascii	"\004\003"
 1345 0022 0700     		.ascii	"\007\000"
 1346 0024 0304     		.ascii	"\003\004"
 1347 0026 0007     		.ascii	"\000\007"
 1348 0028 0205     		.ascii	"\002\005"
 1349 002a 0106     		.ascii	"\001\006"
 1350 002c 0502     		.ascii	"\005\002"
 1351 002e 0601     		.ascii	"\006\001"
 1352 0030 0502     		.ascii	"\005\002"
 1353 0032 0601     		.ascii	"\006\001"
 1354 0034 0205     		.ascii	"\002\005"
 1355 0036 0106     		.ascii	"\001\006"
 1356 0038 0304     		.ascii	"\003\004"
 1357 003a 0007     		.ascii	"\000\007"
 1358 003c 0403     		.ascii	"\004\003"
 1359 003e 0700     		.ascii	"\007\000"
 1360 0040 0700     		.ascii	"\007\000"
 1361 0042 0403     		.ascii	"\004\003"
 1362 0044 0007     		.ascii	"\000\007"
 1363 0046 0304     		.ascii	"\003\004"
 1364 0048 0106     		.ascii	"\001\006"
 1365 004a 0205     		.ascii	"\002\005"
 1366 004c 0601     		.ascii	"\006\001"
 1367 004e 0502     		.ascii	"\005\002"
 1368 0050 0601     		.ascii	"\006\001"
 1369 0052 0502     		.ascii	"\005\002"
 1370 0054 0106     		.ascii	"\001\006"
 1371 0056 0205     		.ascii	"\002\005"
 1372 0058 0007     		.ascii	"\000\007"
 1373 005a 0304     		.ascii	"\003\004"
 1374 005c 0700     		.ascii	"\007\000"
 1375 005e 0403     		.ascii	"\004\003"
 1376 0060 0304     		.ascii	"\003\004"
 1377 0062 0007     		.ascii	"\000\007"
 1378 0064 0403     		.ascii	"\004\003"
 1379 0066 0700     		.ascii	"\007\000"
 1380 0068 0502     		.ascii	"\005\002"
 1381 006a 0601     		.ascii	"\006\001"
 1382 006c 0205     		.ascii	"\002\005"
 1383 006e 0106     		.ascii	"\001\006"
 1384 0070 0205     		.ascii	"\002\005"
 1385 0072 0106     		.ascii	"\001\006"
 1386 0074 0502     		.ascii	"\005\002"
 1387 0076 0601     		.ascii	"\006\001"
 1388 0078 0403     		.ascii	"\004\003"
 1389 007a 0700     		.ascii	"\007\000"
 1390 007c 0304     		.ascii	"\003\004"
 1391 007e 0007     		.ascii	"\000\007"
 1392              		.ident	"GCC: (15:10.3-2021.07-4) 10.3.1 20210621 (release)"
ARM GAS  /tmp/ccDdgNAZ.s 			page 26


DEFINED SYMBOLS
                            *ABS*:0000000000000000 lr_fhss_mac.c
     /tmp/ccDdgNAZ.s:12     .text.lr_fhss_extract_bit_in_byte_vector:0000000000000000 $t
     /tmp/ccDdgNAZ.s:19     .text.lr_fhss_extract_bit_in_byte_vector:0000000000000000 lr_fhss_extract_bit_in_byte_vector
     /tmp/ccDdgNAZ.s:34     .text.lr_fhss_set_bit_in_byte_vector:0000000000000000 $t
     /tmp/ccDdgNAZ.s:40     .text.lr_fhss_set_bit_in_byte_vector:0000000000000000 lr_fhss_set_bit_in_byte_vector
     /tmp/ccDdgNAZ.s:59     .text.lr_fhss_convolution_encode_viterbi_1_2_base.constprop.0.isra.0:0000000000000000 $t
     /tmp/ccDdgNAZ.s:65     .text.lr_fhss_convolution_encode_viterbi_1_2_base.constprop.0.isra.0:0000000000000000 lr_fhss_convolution_encode_viterbi_1_2_base.constprop.0.isra.0
     /tmp/ccDdgNAZ.s:114    .text.lr_fhss_convolution_encode_viterbi_1_2_base.constprop.0.isra.0:0000000000000054 $d
     /tmp/ccDdgNAZ.s:117    .text.lr_fhss_get_hop_sequence_count:0000000000000000 $t
     /tmp/ccDdgNAZ.s:124    .text.lr_fhss_get_hop_sequence_count:0000000000000000 lr_fhss_get_hop_sequence_count
     /tmp/ccDdgNAZ.s:151    .text.lr_fhss_process_parameters:0000000000000000 $t
     /tmp/ccDdgNAZ.s:158    .text.lr_fhss_process_parameters:0000000000000000 lr_fhss_process_parameters
     /tmp/ccDdgNAZ.s:172    .text.lr_fhss_process_parameters:0000000000000016 $d
     /tmp/ccDdgNAZ.s:176    .text.lr_fhss_process_parameters:000000000000001a $t
     /tmp/ccDdgNAZ.s:241    .text.lr_fhss_get_hop_params:0000000000000000 $t
     /tmp/ccDdgNAZ.s:248    .text.lr_fhss_get_hop_params:0000000000000000 lr_fhss_get_hop_params
     /tmp/ccDdgNAZ.s:369    .text.lr_fhss_get_hop_params:00000000000000c8 $d
     /tmp/ccDdgNAZ.s:376    .text.lr_fhss_get_next_state:0000000000000000 $t
     /tmp/ccDdgNAZ.s:383    .text.lr_fhss_get_next_state:0000000000000000 lr_fhss_get_next_state
     /tmp/ccDdgNAZ.s:413    .text.lr_fhss_get_next_freq_in_grid:0000000000000000 $t
     /tmp/ccDdgNAZ.s:420    .text.lr_fhss_get_next_freq_in_grid:0000000000000000 lr_fhss_get_next_freq_in_grid
     /tmp/ccDdgNAZ.s:449    .text.lr_fhss_build_frame:0000000000000000 $t
     /tmp/ccDdgNAZ.s:456    .text.lr_fhss_build_frame:0000000000000000 lr_fhss_build_frame
     /tmp/ccDdgNAZ.s:825    .text.lr_fhss_build_frame:00000000000002b4 $d
     /tmp/ccDdgNAZ.s:1044   .rodata.lr_fhss_payload_crc16_lut:0000000000000000 lr_fhss_payload_crc16_lut
     /tmp/ccDdgNAZ.s:1327   .rodata.lr_fhss_viterbi_1_3_table:0000000000000000 lr_fhss_viterbi_1_3_table
     /tmp/ccDdgNAZ.s:832    .text.lr_fhss_build_frame:00000000000002cc $t
     /tmp/ccDdgNAZ.s:934    .text.lr_fhss_build_frame:00000000000003a0 $d
     /tmp/ccDdgNAZ.s:995    .rodata.lr_fhss_header_crc8_lut:0000000000000000 lr_fhss_header_crc8_lut
     /tmp/ccDdgNAZ.s:938    .text.lr_fhss_get_time_on_air_in_ms:0000000000000000 $t
     /tmp/ccDdgNAZ.s:945    .text.lr_fhss_get_time_on_air_in_ms:0000000000000000 lr_fhss_get_time_on_air_in_ms
     /tmp/ccDdgNAZ.s:971    .rodata.CSWTCH.42:0000000000000000 CSWTCH.42
     /tmp/ccDdgNAZ.s:976    .rodata.lr_fhss_channel_count:0000000000000000 $d
     /tmp/ccDdgNAZ.s:980    .rodata.lr_fhss_channel_count:0000000000000000 lr_fhss_channel_count
     /tmp/ccDdgNAZ.s:992    .rodata.lr_fhss_header_crc8_lut:0000000000000000 $d
     /tmp/ccDdgNAZ.s:1011   .rodata.lr_fhss_header_interleaver_minus_one:0000000000000000 $d
     /tmp/ccDdgNAZ.s:1015   .rodata.lr_fhss_header_interleaver_minus_one:0000000000000000 lr_fhss_header_interleaver_minus_one
     /tmp/ccDdgNAZ.s:1021   .rodata.lr_fhss_lfsr_poly1:0000000000000000 $d
     /tmp/ccDdgNAZ.s:1025   .rodata.lr_fhss_lfsr_poly1:0000000000000000 lr_fhss_lfsr_poly1
     /tmp/ccDdgNAZ.s:1028   .rodata.lr_fhss_lfsr_poly2:0000000000000000 $d
     /tmp/ccDdgNAZ.s:1032   .rodata.lr_fhss_lfsr_poly2:0000000000000000 lr_fhss_lfsr_poly2
     /tmp/ccDdgNAZ.s:1038   .rodata.lr_fhss_lfsr_poly3:0000000000000000 lr_fhss_lfsr_poly3
     /tmp/ccDdgNAZ.s:1041   .rodata.lr_fhss_payload_crc16_lut:0000000000000000 $d
     /tmp/ccDdgNAZ.s:1302   .rodata.lr_fhss_viterbi_1_2_table:0000000000000000 $d
     /tmp/ccDdgNAZ.s:1306   .rodata.lr_fhss_viterbi_1_2_table:0000000000000000 lr_fhss_viterbi_1_2_table
     /tmp/ccDdgNAZ.s:1324   .rodata.lr_fhss_viterbi_1_3_table:0000000000000000 $d

UNDEFINED SYMBOLS
__aeabi_uidiv
__aeabi_idiv
__aeabi_uidivmod
__gnu_thumb1_case_uqi
memset
memcpy
