ARM GAS  /tmp/ccFVidHz.s 			page 1


   1              		.cpu cortex-m0
   2              		.eabi_attribute 23, 1
   3              		.eabi_attribute 24, 1
   4              		.eabi_attribute 25, 1
   5              		.eabi_attribute 26, 1
   6              		.eabi_attribute 30, 4
   7              		.eabi_attribute 34, 0
   8              		.eabi_attribute 18, 4
   9              		.file	"radio_planner_hal.c"
  10              		.text
  11              		.section	.text.rp_hal_critical_section_begin,"ax",%progbits
  12              		.align	1
  13              		.global	rp_hal_critical_section_begin
  14              		.arch armv6s-m
  15              		.syntax unified
  16              		.code	16
  17              		.thumb_func
  18              		.fpu softvfp
  20              	rp_hal_critical_section_begin:
  21              		@ args = 0, pretend = 0, frame = 0
  22              		@ frame_needed = 0, uses_anonymous_args = 0
  23 0000 10B5     		push	{r4, lr}
  24 0002 FFF7FEFF 		bl	smtc_modem_hal_disable_modem_irq
  25              		@ sp needed
  26 0006 10BD     		pop	{r4, pc}
  28              		.section	.text.rp_hal_critical_section_end,"ax",%progbits
  29              		.align	1
  30              		.global	rp_hal_critical_section_end
  31              		.syntax unified
  32              		.code	16
  33              		.thumb_func
  34              		.fpu softvfp
  36              	rp_hal_critical_section_end:
  37              		@ args = 0, pretend = 0, frame = 0
  38              		@ frame_needed = 0, uses_anonymous_args = 0
  39 0000 10B5     		push	{r4, lr}
  40 0002 FFF7FEFF 		bl	smtc_modem_hal_enable_modem_irq
  41              		@ sp needed
  42 0006 10BD     		pop	{r4, pc}
  44              		.section	.text.rp_hal_timer_stop,"ax",%progbits
  45              		.align	1
  46              		.global	rp_hal_timer_stop
  47              		.syntax unified
  48              		.code	16
  49              		.thumb_func
  50              		.fpu softvfp
  52              	rp_hal_timer_stop:
  53              		@ args = 0, pretend = 0, frame = 0
  54              		@ frame_needed = 0, uses_anonymous_args = 0
  55 0000 10B5     		push	{r4, lr}
  56 0002 FFF7FEFF 		bl	smtc_modem_hal_stop_timer
  57              		@ sp needed
  58 0006 10BD     		pop	{r4, pc}
  60              		.section	.text.rp_hal_timer_start,"ax",%progbits
  61              		.align	1
  62              		.global	rp_hal_timer_start
  63              		.syntax unified
ARM GAS  /tmp/ccFVidHz.s 			page 2


  64              		.code	16
  65              		.thumb_func
  66              		.fpu softvfp
  68              	rp_hal_timer_start:
  69              		@ args = 0, pretend = 0, frame = 0
  70              		@ frame_needed = 0, uses_anonymous_args = 0
  71 0000 0300     		movs	r3, r0
  72 0002 10B5     		push	{r4, lr}
  73 0004 0800     		movs	r0, r1
  74              		@ sp needed
  75 0006 1100     		movs	r1, r2
  76 0008 1A00     		movs	r2, r3
  77 000a FFF7FEFF 		bl	smtc_modem_hal_start_timer
  78 000e 10BD     		pop	{r4, pc}
  80              		.section	.text.rp_hal_get_time_in_ms,"ax",%progbits
  81              		.align	1
  82              		.global	rp_hal_get_time_in_ms
  83              		.syntax unified
  84              		.code	16
  85              		.thumb_func
  86              		.fpu softvfp
  88              	rp_hal_get_time_in_ms:
  89              		@ args = 0, pretend = 0, frame = 0
  90              		@ frame_needed = 0, uses_anonymous_args = 0
  91 0000 10B5     		push	{r4, lr}
  92 0002 FFF7FEFF 		bl	smtc_modem_hal_get_time_in_ms
  93              		@ sp needed
  94 0006 10BD     		pop	{r4, pc}
  96              		.section	.text.rp_hal_get_radio_irq_timestamp_in_100us,"ax",%progbits
  97              		.align	1
  98              		.global	rp_hal_get_radio_irq_timestamp_in_100us
  99              		.syntax unified
 100              		.code	16
 101              		.thumb_func
 102              		.fpu softvfp
 104              	rp_hal_get_radio_irq_timestamp_in_100us:
 105              		@ args = 0, pretend = 0, frame = 0
 106              		@ frame_needed = 0, uses_anonymous_args = 0
 107 0000 10B5     		push	{r4, lr}
 108 0002 FFF7FEFF 		bl	smtc_modem_hal_get_radio_irq_timestamp_in_100us
 109              		@ sp needed
 110 0006 10BD     		pop	{r4, pc}
 112              		.section	.text.rp_hal_irq_clear_pending,"ax",%progbits
 113              		.align	1
 114              		.global	rp_hal_irq_clear_pending
 115              		.syntax unified
 116              		.code	16
 117              		.thumb_func
 118              		.fpu softvfp
 120              	rp_hal_irq_clear_pending:
 121              		@ args = 0, pretend = 0, frame = 0
 122              		@ frame_needed = 0, uses_anonymous_args = 0
 123 0000 10B5     		push	{r4, lr}
 124 0002 FFF7FEFF 		bl	smtc_modem_hal_radio_irq_clear_pending
 125              		@ sp needed
 126 0006 10BD     		pop	{r4, pc}
 128              		.ident	"GCC: (15:10.3-2021.07-4) 10.3.1 20210621 (release)"
ARM GAS  /tmp/ccFVidHz.s 			page 3


ARM GAS  /tmp/ccFVidHz.s 			page 4


DEFINED SYMBOLS
                            *ABS*:0000000000000000 radio_planner_hal.c
     /tmp/ccFVidHz.s:12     .text.rp_hal_critical_section_begin:0000000000000000 $t
     /tmp/ccFVidHz.s:20     .text.rp_hal_critical_section_begin:0000000000000000 rp_hal_critical_section_begin
     /tmp/ccFVidHz.s:29     .text.rp_hal_critical_section_end:0000000000000000 $t
     /tmp/ccFVidHz.s:36     .text.rp_hal_critical_section_end:0000000000000000 rp_hal_critical_section_end
     /tmp/ccFVidHz.s:45     .text.rp_hal_timer_stop:0000000000000000 $t
     /tmp/ccFVidHz.s:52     .text.rp_hal_timer_stop:0000000000000000 rp_hal_timer_stop
     /tmp/ccFVidHz.s:61     .text.rp_hal_timer_start:0000000000000000 $t
     /tmp/ccFVidHz.s:68     .text.rp_hal_timer_start:0000000000000000 rp_hal_timer_start
     /tmp/ccFVidHz.s:81     .text.rp_hal_get_time_in_ms:0000000000000000 $t
     /tmp/ccFVidHz.s:88     .text.rp_hal_get_time_in_ms:0000000000000000 rp_hal_get_time_in_ms
     /tmp/ccFVidHz.s:97     .text.rp_hal_get_radio_irq_timestamp_in_100us:0000000000000000 $t
     /tmp/ccFVidHz.s:104    .text.rp_hal_get_radio_irq_timestamp_in_100us:0000000000000000 rp_hal_get_radio_irq_timestamp_in_100us
     /tmp/ccFVidHz.s:113    .text.rp_hal_irq_clear_pending:0000000000000000 $t
     /tmp/ccFVidHz.s:120    .text.rp_hal_irq_clear_pending:0000000000000000 rp_hal_irq_clear_pending

UNDEFINED SYMBOLS
smtc_modem_hal_disable_modem_irq
smtc_modem_hal_enable_modem_irq
smtc_modem_hal_stop_timer
smtc_modem_hal_start_timer
smtc_modem_hal_get_time_in_ms
smtc_modem_hal_get_radio_irq_timestamp_in_100us
smtc_modem_hal_radio_irq_clear_pending
