ARM GAS  /tmp/ccdnQWTk.s 			page 1


   1              		.cpu cortex-m0
   2              		.eabi_attribute 23, 1
   3              		.eabi_attribute 24, 1
   4              		.eabi_attribute 25, 1
   5              		.eabi_attribute 26, 1
   6              		.eabi_attribute 30, 4
   7              		.eabi_attribute 34, 0
   8              		.eabi_attribute 18, 4
   9              		.file	"ralf_sx126x.c"
  10              		.text
  11              		.section	.text.ralf_sx126x_setup_gfsk,"ax",%progbits
  12              		.align	1
  13              		.global	ralf_sx126x_setup_gfsk
  14              		.arch armv6s-m
  15              		.syntax unified
  16              		.code	16
  17              		.thumb_func
  18              		.fpu softvfp
  20              	ralf_sx126x_setup_gfsk:
  21              		@ args = 0, pretend = 0, frame = 0
  22              		@ frame_needed = 0, uses_anonymous_args = 0
  23 0000 70B5     		push	{r4, r5, r6, lr}
  24 0002 0400     		movs	r4, r0
  25 0004 0D00     		movs	r5, r1
  26 0006 0068     		ldr	r0, [r0]
  27 0008 0021     		movs	r1, #0
  28 000a 236B     		ldr	r3, [r4, #48]
  29 000c 9847     		blx	r3
  30 000e 0028     		cmp	r0, #0
  31 0010 2ED1     		bne	.L2
  32 0012 0100     		movs	r1, r0
  33 0014 A36E     		ldr	r3, [r4, #104]
  34 0016 2068     		ldr	r0, [r4]
  35 0018 9847     		blx	r3
  36 001a 0028     		cmp	r0, #0
  37 001c 28D1     		bne	.L2
  38 001e 296A     		ldr	r1, [r5, #32]
  39 0020 2068     		ldr	r0, [r4]
  40 0022 636E     		ldr	r3, [r4, #100]
  41 0024 9847     		blx	r3
  42 0026 0028     		cmp	r0, #0
  43 0028 22D1     		bne	.L2
  44 002a 2B21     		movs	r1, #43
  45 002c 2A6A     		ldr	r2, [r5, #32]
  46 002e 6956     		ldrsb	r1, [r5, r1]
  47 0030 2068     		ldr	r0, [r4]
  48 0032 A36C     		ldr	r3, [r4, #72]
  49 0034 9847     		blx	r3
  50 0036 0028     		cmp	r0, #0
  51 0038 1AD1     		bne	.L2
  52 003a 2900     		movs	r1, r5
  53 003c 2068     		ldr	r0, [r4]
  54 003e 236F     		ldr	r3, [r4, #112]
  55 0040 9847     		blx	r3
  56 0042 0028     		cmp	r0, #0
  57 0044 14D1     		bne	.L2
  58 0046 2900     		movs	r1, r5
ARM GAS  /tmp/ccdnQWTk.s 			page 2


  59 0048 2068     		ldr	r0, [r4]
  60 004a 636F     		ldr	r3, [r4, #116]
  61 004c 1031     		adds	r1, r1, #16
  62 004e 9847     		blx	r3
  63 0050 0028     		cmp	r0, #0
  64 0052 0DD1     		bne	.L2
  65 0054 EB7D     		ldrb	r3, [r5, #23]
  66 0056 002B     		cmp	r3, #0
  67 0058 0BD1     		bne	.L3
  68              	.L5:
  69 005a 2300     		movs	r3, r4
  70 005c EA7C     		ldrb	r2, [r5, #19]
  71 005e AC33     		adds	r3, r3, #172
  72 0060 0732     		adds	r2, r2, #7
  73 0062 1B68     		ldr	r3, [r3]
  74 0064 E969     		ldr	r1, [r5, #28]
  75 0066 2068     		ldr	r0, [r4]
  76 0068 D208     		lsrs	r2, r2, #3
  77 006a 9847     		blx	r3
  78 006c 0028     		cmp	r0, #0
  79 006e 0AD0     		beq	.L9
  80              	.L2:
  81              		@ sp needed
  82 0070 70BD     		pop	{r4, r5, r6, pc}
  83              	.L3:
  84 0072 2300     		movs	r3, r4
  85 0074 B833     		adds	r3, r3, #184
  86 0076 EA8C     		ldrh	r2, [r5, #38]
  87 0078 A98C     		ldrh	r1, [r5, #36]
  88 007a 1B68     		ldr	r3, [r3]
  89 007c 2068     		ldr	r0, [r4]
  90 007e 9847     		blx	r3
  91 0080 0028     		cmp	r0, #0
  92 0082 EAD0     		beq	.L5
  93 0084 F4E7     		b	.L2
  94              	.L9:
  95 0086 2B00     		movs	r3, r5
  96 0088 2A33     		adds	r3, r3, #42
  97 008a 1B78     		ldrb	r3, [r3]
  98 008c 002B     		cmp	r3, #0
  99 008e EFD0     		beq	.L2
 100 0090 2300     		movs	r3, r4
 101 0092 C033     		adds	r3, r3, #192
 102 0094 298D     		ldrh	r1, [r5, #40]
 103 0096 1B68     		ldr	r3, [r3]
 104 0098 2068     		ldr	r0, [r4]
 105 009a 9847     		blx	r3
 106 009c E8E7     		b	.L2
 108              		.section	.text.ralf_sx126x_setup_lora,"ax",%progbits
 109              		.align	1
 110              		.global	ralf_sx126x_setup_lora
 111              		.syntax unified
 112              		.code	16
 113              		.thumb_func
 114              		.fpu softvfp
 116              	ralf_sx126x_setup_lora:
 117              		@ args = 0, pretend = 0, frame = 0
ARM GAS  /tmp/ccdnQWTk.s 			page 3


 118              		@ frame_needed = 0, uses_anonymous_args = 0
 119 0000 70B5     		push	{r4, r5, r6, lr}
 120 0002 0400     		movs	r4, r0
 121 0004 0D00     		movs	r5, r1
 122 0006 0068     		ldr	r0, [r0]
 123 0008 0021     		movs	r1, #0
 124 000a 236B     		ldr	r3, [r4, #48]
 125 000c 9847     		blx	r3
 126 000e 0028     		cmp	r0, #0
 127 0010 2DD1     		bne	.L11
 128 0012 2300     		movs	r3, r4
 129 0014 0833     		adds	r3, r3, #8
 130 0016 A97C     		ldrb	r1, [r5, #18]
 131 0018 DB6F     		ldr	r3, [r3, #124]
 132 001a 2068     		ldr	r0, [r4]
 133 001c 9847     		blx	r3
 134 001e 0028     		cmp	r0, #0
 135 0020 25D1     		bne	.L11
 136 0022 0121     		movs	r1, #1
 137 0024 2068     		ldr	r0, [r4]
 138 0026 A36E     		ldr	r3, [r4, #104]
 139 0028 9847     		blx	r3
 140 002a 0028     		cmp	r0, #0
 141 002c 1FD1     		bne	.L11
 142 002e E968     		ldr	r1, [r5, #12]
 143 0030 2068     		ldr	r0, [r4]
 144 0032 636E     		ldr	r3, [r4, #100]
 145 0034 9847     		blx	r3
 146 0036 0028     		cmp	r0, #0
 147 0038 19D1     		bne	.L11
 148 003a 1021     		movs	r1, #16
 149 003c EA68     		ldr	r2, [r5, #12]
 150 003e 6956     		ldrsb	r1, [r5, r1]
 151 0040 2068     		ldr	r0, [r4]
 152 0042 A36C     		ldr	r3, [r4, #72]
 153 0044 9847     		blx	r3
 154 0046 0028     		cmp	r0, #0
 155 0048 11D1     		bne	.L11
 156 004a 2900     		movs	r1, r5
 157 004c 2068     		ldr	r0, [r4]
 158 004e A36F     		ldr	r3, [r4, #120]
 159 0050 9847     		blx	r3
 160 0052 0028     		cmp	r0, #0
 161 0054 0BD1     		bne	.L11
 162 0056 2068     		ldr	r0, [r4]
 163 0058 E36F     		ldr	r3, [r4, #124]
 164 005a 291D     		adds	r1, r5, #4
 165 005c 9847     		blx	r3
 166 005e 0028     		cmp	r0, #0
 167 0060 05D1     		bne	.L11
 168 0062 2300     		movs	r3, r4
 169 0064 B033     		adds	r3, r3, #176
 170 0066 697C     		ldrb	r1, [r5, #17]
 171 0068 1B68     		ldr	r3, [r3]
 172 006a 2068     		ldr	r0, [r4]
 173 006c 9847     		blx	r3
 174              	.L11:
ARM GAS  /tmp/ccdnQWTk.s 			page 4


 175              		@ sp needed
 176 006e 70BD     		pop	{r4, r5, r6, pc}
 178              		.section	.text.ralf_sx126x_setup_flrc,"ax",%progbits
 179              		.align	1
 180              		.global	ralf_sx126x_setup_flrc
 181              		.syntax unified
 182              		.code	16
 183              		.thumb_func
 184              		.fpu softvfp
 186              	ralf_sx126x_setup_flrc:
 187              		@ args = 0, pretend = 0, frame = 0
 188              		@ frame_needed = 0, uses_anonymous_args = 0
 189              		@ link register save eliminated.
 190 0000 0120     		movs	r0, #1
 191              		@ sp needed
 192 0002 7047     		bx	lr
 194              		.ident	"GCC: (15:10.3-2021.07-4) 10.3.1 20210621 (release)"
ARM GAS  /tmp/ccdnQWTk.s 			page 5


DEFINED SYMBOLS
                            *ABS*:0000000000000000 ralf_sx126x.c
     /tmp/ccdnQWTk.s:12     .text.ralf_sx126x_setup_gfsk:0000000000000000 $t
     /tmp/ccdnQWTk.s:20     .text.ralf_sx126x_setup_gfsk:0000000000000000 ralf_sx126x_setup_gfsk
     /tmp/ccdnQWTk.s:109    .text.ralf_sx126x_setup_lora:0000000000000000 $t
     /tmp/ccdnQWTk.s:116    .text.ralf_sx126x_setup_lora:0000000000000000 ralf_sx126x_setup_lora
     /tmp/ccdnQWTk.s:179    .text.ralf_sx126x_setup_flrc:0000000000000000 $t
     /tmp/ccdnQWTk.s:186    .text.ralf_sx126x_setup_flrc:0000000000000000 ralf_sx126x_setup_flrc

NO UNDEFINED SYMBOLS
