ARM GAS  /tmp/ccPo1eoz.s 			page 1


   1              		.cpu cortex-m0
   2              		.eabi_attribute 23, 1
   3              		.eabi_attribute 24, 1
   4              		.eabi_attribute 25, 1
   5              		.eabi_attribute 26, 1
   6              		.eabi_attribute 30, 4
   7              		.eabi_attribute 34, 0
   8              		.eabi_attribute 18, 4
   9              		.file	"smtc_modem_services_hal.c"
  10              		.text
  11              		.section	.rodata.smtc_modem_services_aes_encrypt.str1.1,"aMS",%progbits,1
  12              	.LC1:
  13 0000 1B5B303B 		.ascii	"\033[0;31mERROR: crash log :%s\012\000"
  13      33316D45 
  13      52524F52 
  13      3A206372 
  13      61736820 
  14              	.LC3:
  15 001d 1B5B306D 		.ascii	"\033[0m\000"
  15      00
  16              	.LC5:
  17 0022 1B5B303B 		.ascii	"\033[0;31mERROR: -> Encryption of lfu failed\012\000"
  17      33316D45 
  17      52524F52 
  17      3A202D3E 
  17      20456E63 
  18              		.section	.text.smtc_modem_services_aes_encrypt,"ax",%progbits
  19              		.align	1
  20              		.global	smtc_modem_services_aes_encrypt
  21              		.arch armv6s-m
  22              		.syntax unified
  23              		.code	16
  24              		.thumb_func
  25              		.fpu softvfp
  27              	smtc_modem_services_aes_encrypt:
  28              		@ args = 0, pretend = 0, frame = 0
  29              		@ frame_needed = 0, uses_anonymous_args = 0
  30 0000 10B5     		push	{r4, lr}
  31 0002 FFF7FEFF 		bl	smtc_modem_crypto_service_encrypt
  32 0006 0028     		cmp	r0, #0
  33 0008 16D0     		beq	.L1
  34 000a 0C4C     		ldr	r4, .L6
  35 000c 2000     		movs	r0, r4
  36 000e FFF7FEFF 		bl	smtc_modem_hal_store_crashlog
  37 0012 0120     		movs	r0, #1
  38 0014 FFF7FEFF 		bl	smtc_modem_hal_set_crashlog_status
  39 0018 2100     		movs	r1, r4
  40 001a 0948     		ldr	r0, .L6+4
  41 001c FFF7FEFF 		bl	smtc_modem_hal_print_trace
  42 0020 084C     		ldr	r4, .L6+8
  43 0022 2000     		movs	r0, r4
  44 0024 FFF7FEFF 		bl	smtc_modem_hal_print_trace
  45 0028 0748     		ldr	r0, .L6+12
  46 002a FFF7FEFF 		bl	smtc_modem_hal_print_trace
  47 002e 2000     		movs	r0, r4
  48 0030 FFF7FEFF 		bl	smtc_modem_hal_print_trace
  49 0034 FFF7FEFF 		bl	smtc_modem_hal_reset_mcu
ARM GAS  /tmp/ccPo1eoz.s 			page 2


  50              	.L1:
  51              		@ sp needed
  52 0038 10BD     		pop	{r4, pc}
  53              	.L7:
  54 003a C046     		.align	2
  55              	.L6:
  56 003c 00000000 		.word	.LANCHOR0
  57 0040 00000000 		.word	.LC1
  58 0044 1D000000 		.word	.LC3
  59 0048 22000000 		.word	.LC5
  61              		.section	.text.smtc_modem_services_get_time_s,"ax",%progbits
  62              		.align	1
  63              		.global	smtc_modem_services_get_time_s
  64              		.syntax unified
  65              		.code	16
  66              		.thumb_func
  67              		.fpu softvfp
  69              	smtc_modem_services_get_time_s:
  70              		@ args = 0, pretend = 0, frame = 0
  71              		@ frame_needed = 0, uses_anonymous_args = 0
  72 0000 10B5     		push	{r4, lr}
  73 0002 FFF7FEFF 		bl	smtc_modem_hal_get_compensated_time_in_s
  74              		@ sp needed
  75 0006 10BD     		pop	{r4, pc}
  77              		.section	.rodata.__func__.0,"a"
  78              		.set	.LANCHOR0,. + 0
  81              	__func__.0:
  82 0000 736D7463 		.ascii	"smtc_modem_services_aes_encrypt\000"
  82      5F6D6F64 
  82      656D5F73 
  82      65727669 
  82      6365735F 
  83              		.ident	"GCC: (15:10.3-2021.07-4) 10.3.1 20210621 (release)"
ARM GAS  /tmp/ccPo1eoz.s 			page 3


DEFINED SYMBOLS
                            *ABS*:0000000000000000 smtc_modem_services_hal.c
     /tmp/ccPo1eoz.s:19     .text.smtc_modem_services_aes_encrypt:0000000000000000 $t
     /tmp/ccPo1eoz.s:27     .text.smtc_modem_services_aes_encrypt:0000000000000000 smtc_modem_services_aes_encrypt
     /tmp/ccPo1eoz.s:56     .text.smtc_modem_services_aes_encrypt:000000000000003c $d
     /tmp/ccPo1eoz.s:62     .text.smtc_modem_services_get_time_s:0000000000000000 $t
     /tmp/ccPo1eoz.s:69     .text.smtc_modem_services_get_time_s:0000000000000000 smtc_modem_services_get_time_s
     /tmp/ccPo1eoz.s:81     .rodata.__func__.0:0000000000000000 __func__.0

UNDEFINED SYMBOLS
smtc_modem_crypto_service_encrypt
smtc_modem_hal_store_crashlog
smtc_modem_hal_set_crashlog_status
smtc_modem_hal_print_trace
smtc_modem_hal_reset_mcu
smtc_modem_hal_get_compensated_time_in_s
