ARM GAS  /tmp/cc0t5lqE.s 			page 1


   1              		.cpu cortex-m0
   2              		.eabi_attribute 23, 1
   3              		.eabi_attribute 24, 1
   4              		.eabi_attribute 25, 1
   5              		.eabi_attribute 26, 1
   6              		.eabi_attribute 30, 4
   7              		.eabi_attribute 34, 0
   8              		.eabi_attribute 18, 4
   9              		.file	"smtc_duty_cycle.c"
  10              		.text
  11              		.section	.text.smtc_duty_cycle_get_band,"ax",%progbits
  12              		.align	1
  13              		.arch armv6s-m
  14              		.syntax unified
  15              		.code	16
  16              		.thumb_func
  17              		.fpu softvfp
  19              	smtc_duty_cycle_get_band:
  20              		@ args = 0, pretend = 0, frame = 0
  21              		@ frame_needed = 0, uses_anonymous_args = 0
  22 0000 10B5     		push	{r4, lr}
  23 0002 031D     		adds	r3, r0, #4
  24 0004 4278     		ldrb	r2, [r0, #1]
  25 0006 0020     		movs	r0, #0
  26              	.L2:
  27 0008 8242     		cmp	r2, r0
  28 000a 01D1     		bne	.L5
  29 000c 0020     		movs	r0, #0
  30              	.L4:
  31              		@ sp needed
  32 000e 10BD     		pop	{r4, pc}
  33              	.L5:
  34 0010 1C68     		ldr	r4, [r3]
  35 0012 8C42     		cmp	r4, r1
  36 0014 02D8     		bhi	.L3
  37 0016 5C68     		ldr	r4, [r3, #4]
  38 0018 8C42     		cmp	r4, r1
  39 001a F8D8     		bhi	.L4
  40              	.L3:
  41 001c 0130     		adds	r0, r0, #1
  42 001e C0B2     		uxtb	r0, r0
  43 0020 5033     		adds	r3, r3, #80
  44 0022 F1E7     		b	.L2
  46              		.section	.text.smtc_duty_cycle_init,"ax",%progbits
  47              		.align	1
  48              		.global	smtc_duty_cycle_init
  49              		.syntax unified
  50              		.code	16
  51              		.thumb_func
  52              		.fpu softvfp
  54              	smtc_duty_cycle_init:
  55              		@ args = 0, pretend = 0, frame = 0
  56              		@ frame_needed = 0, uses_anonymous_args = 0
  57 0000 F222     		movs	r2, #242
  58 0002 10B5     		push	{r4, lr}
  59 0004 0021     		movs	r1, #0
  60              		@ sp needed
ARM GAS  /tmp/cc0t5lqE.s 			page 2


  61 0006 5200     		lsls	r2, r2, #1
  62 0008 FFF7FEFF 		bl	memset
  63 000c 10BD     		pop	{r4, pc}
  65              		.section	.rodata.smtc_duty_cycle_config.str1.1,"aMS",%progbits,1
  66              	.LC1:
  67 0000 1B5B303B 		.ascii	"\033[0;31mERROR: crash log :%s\012\000"
  67      33316D45 
  67      52524F52 
  67      3A206372 
  67      61736820 
  68              	.LC3:
  69 001d 1B5B306D 		.ascii	"\033[0m\000"
  69      00
  70              	.LC5:
  71 0022 1B5B303B 		.ascii	"\033[0;31mERROR: -> \000"
  71      33316D45 
  71      52524F52 
  71      3A202D3E 
  71      2000
  72              		.section	.text.smtc_duty_cycle_config,"ax",%progbits
  73              		.align	1
  74              		.global	smtc_duty_cycle_config
  75              		.syntax unified
  76              		.code	16
  77              		.thumb_func
  78              		.fpu softvfp
  80              	smtc_duty_cycle_config:
  81              		@ args = 8, pretend = 0, frame = 8
  82              		@ frame_needed = 0, uses_anonymous_args = 0
  83 0000 F7B5     		push	{r0, r1, r2, r4, r5, r6, r7, lr}
  84 0002 0400     		movs	r4, r0
  85 0004 0D00     		movs	r5, r1
  86 0006 1600     		movs	r6, r2
  87 0008 0193     		str	r3, [sp, #4]
  88 000a 0629     		cmp	r1, #6
  89 000c 16D9     		bls	.L8
  90 000e 1D4F     		ldr	r7, .L10
  91 0010 3800     		movs	r0, r7
  92 0012 FFF7FEFF 		bl	smtc_modem_hal_store_crashlog
  93 0016 0120     		movs	r0, #1
  94 0018 FFF7FEFF 		bl	smtc_modem_hal_set_crashlog_status
  95 001c 3900     		movs	r1, r7
  96 001e 1A48     		ldr	r0, .L10+4
  97 0020 FFF7FEFF 		bl	smtc_modem_hal_print_trace
  98 0024 194F     		ldr	r7, .L10+8
  99 0026 3800     		movs	r0, r7
 100 0028 FFF7FEFF 		bl	smtc_modem_hal_print_trace
 101 002c 1848     		ldr	r0, .L10+12
 102 002e FFF7FEFF 		bl	smtc_modem_hal_print_trace
 103 0032 3800     		movs	r0, r7
 104 0034 FFF7FEFF 		bl	smtc_modem_hal_print_trace
 105 0038 FFF7FEFF 		bl	smtc_modem_hal_reset_mcu
 106              	.L8:
 107 003c 6570     		strb	r5, [r4, #1]
 108 003e B542     		cmp	r5, r6
 109 0040 16D8     		bhi	.L9
 110 0042 104D     		ldr	r5, .L10
ARM GAS  /tmp/cc0t5lqE.s 			page 3


 111 0044 2800     		movs	r0, r5
 112 0046 FFF7FEFF 		bl	smtc_modem_hal_store_crashlog
 113 004a 0120     		movs	r0, #1
 114 004c FFF7FEFF 		bl	smtc_modem_hal_set_crashlog_status
 115 0050 2900     		movs	r1, r5
 116 0052 0D48     		ldr	r0, .L10+4
 117 0054 FFF7FEFF 		bl	smtc_modem_hal_print_trace
 118 0058 0C4D     		ldr	r5, .L10+8
 119 005a 2800     		movs	r0, r5
 120 005c FFF7FEFF 		bl	smtc_modem_hal_print_trace
 121 0060 0B48     		ldr	r0, .L10+12
 122 0062 FFF7FEFF 		bl	smtc_modem_hal_print_trace
 123 0066 2800     		movs	r0, r5
 124 0068 FFF7FEFF 		bl	smtc_modem_hal_print_trace
 125 006c FFF7FEFF 		bl	smtc_modem_hal_reset_mcu
 126              	.L9:
 127              		@ sp needed
 128 0070 5022     		movs	r2, #80
 129 0072 5643     		muls	r6, r2
 130 0074 019B     		ldr	r3, [sp, #4]
 131 0076 A419     		adds	r4, r4, r6
 132 0078 A381     		strh	r3, [r4, #12]
 133 007a 089B     		ldr	r3, [sp, #32]
 134 007c 6360     		str	r3, [r4, #4]
 135 007e 099B     		ldr	r3, [sp, #36]
 136 0080 A360     		str	r3, [r4, #8]
 137 0082 F7BD     		pop	{r0, r1, r2, r4, r5, r6, r7, pc}
 138              	.L11:
 139              		.align	2
 140              	.L10:
 141 0084 00000000 		.word	.LANCHOR0
 142 0088 00000000 		.word	.LC1
 143 008c 1D000000 		.word	.LC3
 144 0090 22000000 		.word	.LC5
 146              		.section	.text.smtc_duty_cycle_enable_set,"ax",%progbits
 147              		.align	1
 148              		.global	smtc_duty_cycle_enable_set
 149              		.syntax unified
 150              		.code	16
 151              		.thumb_func
 152              		.fpu softvfp
 154              	smtc_duty_cycle_enable_set:
 155              		@ args = 0, pretend = 0, frame = 0
 156              		@ frame_needed = 0, uses_anonymous_args = 0
 157              		@ link register save eliminated.
 158 0000 0300     		movs	r3, r0
 159 0002 4078     		ldrb	r0, [r0, #1]
 160 0004 0028     		cmp	r0, #0
 161 0006 01D0     		beq	.L13
 162 0008 0120     		movs	r0, #1
 163 000a 1970     		strb	r1, [r3]
 164              	.L13:
 165              		@ sp needed
 166 000c 7047     		bx	lr
 168              		.section	.text.smtc_duty_cycle_enable_get,"ax",%progbits
 169              		.align	1
 170              		.global	smtc_duty_cycle_enable_get
ARM GAS  /tmp/cc0t5lqE.s 			page 4


 171              		.syntax unified
 172              		.code	16
 173              		.thumb_func
 174              		.fpu softvfp
 176              	smtc_duty_cycle_enable_get:
 177              		@ args = 0, pretend = 0, frame = 0
 178              		@ frame_needed = 0, uses_anonymous_args = 0
 179              		@ link register save eliminated.
 180 0000 0078     		ldrb	r0, [r0]
 181              		@ sp needed
 182 0002 7047     		bx	lr
 184              		.global	__aeabi_uidivmod
 185              		.global	__aeabi_uidiv
 186              		.global	__aeabi_idivmod
 187              		.section	.text.smtc_duty_cycle_sum,"ax",%progbits
 188              		.align	1
 189              		.global	smtc_duty_cycle_sum
 190              		.syntax unified
 191              		.code	16
 192              		.thumb_func
 193              		.fpu softvfp
 195              	smtc_duty_cycle_sum:
 196              		@ args = 0, pretend = 0, frame = 16
 197              		@ frame_needed = 0, uses_anonymous_args = 0
 198 0000 F0B5     		push	{r4, r5, r6, r7, lr}
 199 0002 85B0     		sub	sp, sp, #20
 200 0004 0392     		str	r2, [sp, #12]
 201 0006 4378     		ldrb	r3, [r0, #1]
 202 0008 0400     		movs	r4, r0
 203 000a 0D00     		movs	r5, r1
 204 000c 002B     		cmp	r3, #0
 205 000e 47D0     		beq	.L18
 206 0010 0378     		ldrb	r3, [r0]
 207 0012 022B     		cmp	r3, #2
 208 0014 44D0     		beq	.L18
 209 0016 FFF7FEFF 		bl	smtc_modem_hal_get_time_in_ms
 210 001a 2900     		movs	r1, r5
 211 001c 0290     		str	r0, [sp, #8]
 212 001e 2000     		movs	r0, r4
 213 0020 FFF7FEFF 		bl	smtc_duty_cycle_get_band
 214 0024 5023     		movs	r3, #80
 215 0026 4343     		muls	r3, r0
 216 0028 E318     		adds	r3, r4, r3
 217 002a 1F69     		ldr	r7, [r3, #16]
 218 002c 0600     		movs	r6, r0
 219 002e 2E49     		ldr	r1, .L36
 220 0030 3800     		movs	r0, r7
 221 0032 1D7D     		ldrb	r5, [r3, #20]
 222 0034 FFF7FEFF 		bl	__aeabi_uidivmod
 223 0038 029B     		ldr	r3, [sp, #8]
 224 003a C91B     		subs	r1, r1, r7
 225 003c CB18     		adds	r3, r1, r3
 226 003e 1800     		movs	r0, r3
 227 0040 2A49     		ldr	r1, .L36+4
 228 0042 0193     		str	r3, [sp, #4]
 229 0044 FFF7FEFF 		bl	__aeabi_uidiv
 230 0048 3E21     		movs	r1, #62
ARM GAS  /tmp/cc0t5lqE.s 			page 5


 231 004a FFF7FEFF 		bl	__aeabi_uidivmod
 232 004e 4808     		lsrs	r0, r1, #1
 233 0050 4019     		adds	r0, r0, r5
 234 0052 1E21     		movs	r1, #30
 235 0054 C0B2     		uxtb	r0, r0
 236 0056 FFF7FEFF 		bl	__aeabi_uidivmod
 237 005a 0123     		movs	r3, #1
 238 005c 0093     		str	r3, [sp]
 239 005e 039B     		ldr	r3, [sp, #12]
 240 0060 CFB2     		uxtb	r7, r1
 241 0062 012B     		cmp	r3, #1
 242 0064 02D9     		bls	.L20
 243 0066 5A08     		lsrs	r2, r3, #1
 244 0068 531C     		adds	r3, r2, #1
 245 006a 0093     		str	r3, [sp]
 246              	.L20:
 247 006c 204B     		ldr	r3, .L36+8
 248 006e 019A     		ldr	r2, [sp, #4]
 249 0070 9A42     		cmp	r2, r3
 250 0072 17D9     		bls	.L21
 251 0074 5020     		movs	r0, #80
 252 0076 7043     		muls	r0, r6
 253 0078 1630     		adds	r0, r0, #22
 254 007a 3C22     		movs	r2, #60
 255 007c 0021     		movs	r1, #0
 256 007e 2018     		adds	r0, r4, r0
 257 0080 FFF7FEFF 		bl	memset
 258              	.L22:
 259 0084 2823     		movs	r3, #40
 260 0086 5020     		movs	r0, #80
 261 0088 7343     		muls	r3, r6
 262 008a DB19     		adds	r3, r3, r7
 263 008c 4643     		muls	r6, r0
 264 008e 0833     		adds	r3, r3, #8
 265 0090 009A     		ldr	r2, [sp]
 266 0092 5B00     		lsls	r3, r3, #1
 267 0094 E318     		adds	r3, r4, r3
 268 0096 DA80     		strh	r2, [r3, #6]
 269 0098 029B     		ldr	r3, [sp, #8]
 270 009a A419     		adds	r4, r4, r6
 271 009c 2361     		str	r3, [r4, #16]
 272 009e 2775     		strb	r7, [r4, #20]
 273              	.L18:
 274 00a0 05B0     		add	sp, sp, #20
 275              		@ sp needed
 276 00a2 F0BD     		pop	{r4, r5, r6, r7, pc}
 277              	.L21:
 278 00a4 BD42     		cmp	r5, r7
 279 00a6 0FD0     		beq	.L35
 280 00a8 2822     		movs	r2, #40
 281 00aa 0021     		movs	r1, #0
 282 00ac 7243     		muls	r2, r6
 283              	.L23:
 284 00ae 0135     		adds	r5, r5, #1
 285 00b0 EDB2     		uxtb	r5, r5
 286 00b2 1D2D     		cmp	r5, #29
 287 00b4 00D9     		bls	.L24
ARM GAS  /tmp/cc0t5lqE.s 			page 6


 288 00b6 0025     		movs	r5, #0
 289              	.L24:
 290 00b8 5319     		adds	r3, r2, r5
 291 00ba 0833     		adds	r3, r3, #8
 292 00bc 5B00     		lsls	r3, r3, #1
 293 00be E318     		adds	r3, r4, r3
 294 00c0 D980     		strh	r1, [r3, #6]
 295 00c2 AF42     		cmp	r7, r5
 296 00c4 F3D1     		bne	.L23
 297 00c6 DDE7     		b	.L22
 298              	.L35:
 299 00c8 0A4B     		ldr	r3, .L36+12
 300 00ca 019A     		ldr	r2, [sp, #4]
 301 00cc 9A42     		cmp	r2, r3
 302 00ce D9D8     		bhi	.L22
 303 00d0 2823     		movs	r3, #40
 304 00d2 7343     		muls	r3, r6
 305 00d4 DB19     		adds	r3, r3, r7
 306 00d6 0833     		adds	r3, r3, #8
 307 00d8 5B00     		lsls	r3, r3, #1
 308 00da E318     		adds	r3, r4, r3
 309 00dc 009A     		ldr	r2, [sp]
 310 00de DB88     		ldrh	r3, [r3, #6]
 311 00e0 D318     		adds	r3, r2, r3
 312 00e2 0093     		str	r3, [sp]
 313 00e4 CEE7     		b	.L22
 314              	.L37:
 315 00e6 C046     		.align	2
 316              	.L36:
 317 00e8 C0D40100 		.word	120000
 318 00ec 60EA0000 		.word	60000
 319 00f0 7FEE3600 		.word	3599999
 320 00f4 BFD40100 		.word	119999
 322              		.section	.text.smtc_duty_cycle_update,"ax",%progbits
 323              		.align	1
 324              		.global	smtc_duty_cycle_update
 325              		.syntax unified
 326              		.code	16
 327              		.thumb_func
 328              		.fpu softvfp
 330              	smtc_duty_cycle_update:
 331              		@ args = 0, pretend = 0, frame = 16
 332              		@ frame_needed = 0, uses_anonymous_args = 0
 333 0000 F0B5     		push	{r4, r5, r6, r7, lr}
 334 0002 4378     		ldrb	r3, [r0, #1]
 335 0004 0500     		movs	r5, r0
 336 0006 85B0     		sub	sp, sp, #20
 337 0008 002B     		cmp	r3, #0
 338 000a 08D0     		beq	.L38
 339 000c FFF7FEFF 		bl	smtc_modem_hal_get_time_in_ms
 340 0010 0023     		movs	r3, #0
 341 0012 0290     		str	r0, [sp, #8]
 342              	.L52:
 343 0014 0093     		str	r3, [sp]
 344 0016 009A     		ldr	r2, [sp]
 345 0018 6B78     		ldrb	r3, [r5, #1]
 346 001a 9342     		cmp	r3, r2
ARM GAS  /tmp/cc0t5lqE.s 			page 7


 347 001c 01D8     		bhi	.L47
 348              	.L38:
 349 001e 05B0     		add	sp, sp, #20
 350              		@ sp needed
 351 0020 F0BD     		pop	{r4, r5, r6, r7, pc}
 352              	.L47:
 353 0022 5020     		movs	r0, #80
 354 0024 009B     		ldr	r3, [sp]
 355 0026 2249     		ldr	r1, .L53
 356 0028 4343     		muls	r3, r0
 357 002a EF18     		adds	r7, r5, r3
 358 002c 3E69     		ldr	r6, [r7, #16]
 359 002e 0393     		str	r3, [sp, #12]
 360 0030 3000     		movs	r0, r6
 361 0032 FFF7FEFF 		bl	__aeabi_uidivmod
 362 0036 029B     		ldr	r3, [sp, #8]
 363 0038 8E1B     		subs	r6, r1, r6
 364 003a F618     		adds	r6, r6, r3
 365 003c 1D49     		ldr	r1, .L53+4
 366 003e 3000     		movs	r0, r6
 367 0040 FFF7FEFF 		bl	__aeabi_uidiv
 368 0044 3E21     		movs	r1, #62
 369 0046 FFF7FEFF 		bl	__aeabi_uidivmod
 370 004a 3C7D     		ldrb	r4, [r7, #20]
 371 004c 4808     		lsrs	r0, r1, #1
 372 004e 0019     		adds	r0, r0, r4
 373 0050 1E21     		movs	r1, #30
 374 0052 C0B2     		uxtb	r0, r0
 375 0054 FFF7FEFF 		bl	__aeabi_uidivmod
 376 0058 CBB2     		uxtb	r3, r1
 377 005a 0193     		str	r3, [sp, #4]
 378 005c 164B     		ldr	r3, .L53+8
 379 005e 9E42     		cmp	r6, r3
 380 0060 17D8     		bhi	.L51
 381 0062 2822     		movs	r2, #40
 382 0064 0021     		movs	r1, #0
 383 0066 009B     		ldr	r3, [sp]
 384 0068 1448     		ldr	r0, .L53+12
 385 006a 5A43     		muls	r2, r3
 386              	.L41:
 387 006c 019B     		ldr	r3, [sp, #4]
 388 006e 9C42     		cmp	r4, r3
 389 0070 1AD0     		beq	.L42
 390 0072 0134     		adds	r4, r4, #1
 391 0074 E4B2     		uxtb	r4, r4
 392 0076 1D2C     		cmp	r4, #29
 393 0078 00D9     		bls	.L43
 394 007a 0024     		movs	r4, #0
 395              	.L43:
 396 007c 019B     		ldr	r3, [sp, #4]
 397 007e 9C42     		cmp	r4, r3
 398 0080 01D1     		bne	.L44
 399 0082 8642     		cmp	r6, r0
 400 0084 F2D9     		bls	.L41
 401              	.L44:
 402 0086 1319     		adds	r3, r2, r4
 403 0088 0833     		adds	r3, r3, #8
ARM GAS  /tmp/cc0t5lqE.s 			page 8


 404 008a 5B00     		lsls	r3, r3, #1
 405 008c EB18     		adds	r3, r5, r3
 406 008e D980     		strh	r1, [r3, #6]
 407 0090 ECE7     		b	.L41
 408              	.L51:
 409 0092 0398     		ldr	r0, [sp, #12]
 410 0094 3C22     		movs	r2, #60
 411 0096 1630     		adds	r0, r0, #22
 412 0098 0021     		movs	r1, #0
 413 009a 2818     		adds	r0, r5, r0
 414 009c FFF7FEFF 		bl	memset
 415 00a0 029B     		ldr	r3, [sp, #8]
 416 00a2 3B61     		str	r3, [r7, #16]
 417 00a4 019B     		ldr	r3, [sp, #4]
 418 00a6 3B75     		strb	r3, [r7, #20]
 419              	.L42:
 420 00a8 009B     		ldr	r3, [sp]
 421 00aa 0133     		adds	r3, r3, #1
 422 00ac DBB2     		uxtb	r3, r3
 423 00ae B1E7     		b	.L52
 424              	.L54:
 425              		.align	2
 426              	.L53:
 427 00b0 C0D40100 		.word	120000
 428 00b4 60EA0000 		.word	60000
 429 00b8 7FEE3600 		.word	3599999
 430 00bc BFD40100 		.word	119999
 432              		.global	__aeabi_idiv
 433              		.section	.text.smtc_duty_cycle_is_toa_accepted,"ax",%progbits
 434              		.align	1
 435              		.global	smtc_duty_cycle_is_toa_accepted
 436              		.syntax unified
 437              		.code	16
 438              		.thumb_func
 439              		.fpu softvfp
 441              	smtc_duty_cycle_is_toa_accepted:
 442              		@ args = 0, pretend = 0, frame = 0
 443              		@ frame_needed = 0, uses_anonymous_args = 0
 444 0000 70B5     		push	{r4, r5, r6, lr}
 445 0002 0378     		ldrb	r3, [r0]
 446 0004 0400     		movs	r4, r0
 447 0006 0120     		movs	r0, #1
 448 0008 1500     		movs	r5, r2
 449 000a 8342     		cmp	r3, r0
 450 000c 21D1     		bne	.L56
 451 000e 6378     		ldrb	r3, [r4, #1]
 452 0010 002B     		cmp	r3, #0
 453 0012 1ED0     		beq	.L56
 454 0014 2000     		movs	r0, r4
 455 0016 FFF7FEFF 		bl	smtc_duty_cycle_get_band
 456 001a 5022     		movs	r2, #80
 457 001c 2100     		movs	r1, r4
 458 001e 0026     		movs	r6, #0
 459 0020 4243     		muls	r2, r0
 460 0022 3C31     		adds	r1, r1, #60
 461 0024 A318     		adds	r3, r4, r2
 462 0026 8A18     		adds	r2, r1, r2
ARM GAS  /tmp/cc0t5lqE.s 			page 9


 463              	.L57:
 464 0028 D98A     		ldrh	r1, [r3, #22]
 465 002a 0233     		adds	r3, r3, #2
 466 002c 7618     		adds	r6, r6, r1
 467 002e 9342     		cmp	r3, r2
 468 0030 FAD1     		bne	.L57
 469 0032 5023     		movs	r3, #80
 470 0034 5843     		muls	r0, r3
 471 0036 2418     		adds	r4, r4, r0
 472 0038 A189     		ldrh	r1, [r4, #12]
 473 003a 0648     		ldr	r0, .L63
 474 003c FFF7FEFF 		bl	__aeabi_uidiv
 475 0040 0023     		movs	r3, #0
 476 0042 7600     		lsls	r6, r6, #1
 477 0044 861B     		subs	r6, r0, r6
 478 0046 1800     		movs	r0, r3
 479 0048 9E42     		cmp	r6, r3
 480 004a 02DB     		blt	.L56
 481 004c AE42     		cmp	r6, r5
 482 004e 5B41     		adcs	r3, r3, r3
 483 0050 D8B2     		uxtb	r0, r3
 484              	.L56:
 485              		@ sp needed
 486 0052 70BD     		pop	{r4, r5, r6, pc}
 487              	.L64:
 488              		.align	2
 489              	.L63:
 490 0054 80EE3600 		.word	3600000
 492              		.section	.text.smtc_duty_cycle_band_get_available_toa_ms,"ax",%progbits
 493              		.align	1
 494              		.global	smtc_duty_cycle_band_get_available_toa_ms
 495              		.syntax unified
 496              		.code	16
 497              		.thumb_func
 498              		.fpu softvfp
 500              	smtc_duty_cycle_band_get_available_toa_ms:
 501              		@ args = 0, pretend = 0, frame = 0
 502              		@ frame_needed = 0, uses_anonymous_args = 0
 503 0000 0200     		movs	r2, r0
 504 0002 0378     		ldrb	r3, [r0]
 505 0004 0120     		movs	r0, #1
 506 0006 70B5     		push	{r4, r5, r6, lr}
 507 0008 8342     		cmp	r3, r0
 508 000a 16D1     		bne	.L65
 509 000c 5378     		ldrb	r3, [r2, #1]
 510 000e 002B     		cmp	r3, #0
 511 0010 13D0     		beq	.L65
 512 0012 5023     		movs	r3, #80
 513 0014 4B43     		muls	r3, r1
 514 0016 D318     		adds	r3, r2, r3
 515 0018 1800     		movs	r0, r3
 516 001a 0024     		movs	r4, #0
 517 001c 3C30     		adds	r0, r0, #60
 518              	.L67:
 519 001e DD8A     		ldrh	r5, [r3, #22]
 520 0020 0233     		adds	r3, r3, #2
 521 0022 6419     		adds	r4, r4, r5
ARM GAS  /tmp/cc0t5lqE.s 			page 10


 522 0024 8342     		cmp	r3, r0
 523 0026 FAD1     		bne	.L67
 524 0028 5020     		movs	r0, #80
 525 002a 4143     		muls	r1, r0
 526 002c 5218     		adds	r2, r2, r1
 527 002e 9189     		ldrh	r1, [r2, #12]
 528 0030 0248     		ldr	r0, .L71
 529 0032 FFF7FEFF 		bl	__aeabi_uidiv
 530 0036 6400     		lsls	r4, r4, #1
 531 0038 001B     		subs	r0, r0, r4
 532              	.L65:
 533              		@ sp needed
 534 003a 70BD     		pop	{r4, r5, r6, pc}
 535              	.L72:
 536              		.align	2
 537              	.L71:
 538 003c 80EE3600 		.word	3600000
 540              		.section	.text.smtc_duty_cycle_is_channel_free,"ax",%progbits
 541              		.align	1
 542              		.global	smtc_duty_cycle_is_channel_free
 543              		.syntax unified
 544              		.code	16
 545              		.thumb_func
 546              		.fpu softvfp
 548              	smtc_duty_cycle_is_channel_free:
 549              		@ args = 0, pretend = 0, frame = 0
 550              		@ frame_needed = 0, uses_anonymous_args = 0
 551 0000 10B5     		push	{r4, lr}
 552 0002 0378     		ldrb	r3, [r0]
 553 0004 0400     		movs	r4, r0
 554 0006 0120     		movs	r0, #1
 555 0008 8342     		cmp	r3, r0
 556 000a 0CD1     		bne	.L74
 557 000c 6378     		ldrb	r3, [r4, #1]
 558 000e 002B     		cmp	r3, #0
 559 0010 09D0     		beq	.L74
 560 0012 2000     		movs	r0, r4
 561 0014 FFF7FEFF 		bl	smtc_duty_cycle_get_band
 562 0018 0100     		movs	r1, r0
 563 001a 2000     		movs	r0, r4
 564 001c FFF7FEFF 		bl	smtc_duty_cycle_band_get_available_toa_ms
 565 0020 C317     		asrs	r3, r0, #31
 566 0022 181A     		subs	r0, r3, r0
 567 0024 C00F     		lsrs	r0, r0, #31
 568              	.L74:
 569              		@ sp needed
 570 0026 10BD     		pop	{r4, pc}
 572              		.section	.text.smtc_duty_cycle_is_band_free,"ax",%progbits
 573              		.align	1
 574              		.global	smtc_duty_cycle_is_band_free
 575              		.syntax unified
 576              		.code	16
 577              		.thumb_func
 578              		.fpu softvfp
 580              	smtc_duty_cycle_is_band_free:
 581              		@ args = 0, pretend = 0, frame = 0
 582              		@ frame_needed = 0, uses_anonymous_args = 0
ARM GAS  /tmp/cc0t5lqE.s 			page 11


 583 0000 0123     		movs	r3, #1
 584 0002 0278     		ldrb	r2, [r0]
 585 0004 10B5     		push	{r4, lr}
 586 0006 9A42     		cmp	r2, r3
 587 0008 07D1     		bne	.L79
 588 000a 4278     		ldrb	r2, [r0, #1]
 589 000c 002A     		cmp	r2, #0
 590 000e 04D0     		beq	.L79
 591 0010 FFF7FEFF 		bl	smtc_duty_cycle_band_get_available_toa_ms
 592 0014 C317     		asrs	r3, r0, #31
 593 0016 1B1A     		subs	r3, r3, r0
 594 0018 DB0F     		lsrs	r3, r3, #31
 595              	.L79:
 596 001a 1800     		movs	r0, r3
 597              		@ sp needed
 598 001c 10BD     		pop	{r4, pc}
 600              		.section	.rodata.smtc_duty_cycle_get_next_free_time_ms.str1.1,"aMS",%progbits,1
 601              	.LC10:
 602 0000 1B5B303B 		.ascii	"\033[0;31mERROR: -> Empty frequency list\012\000"
 602      33316D45 
 602      52524F52 
 602      3A202D3E 
 602      20456D70 
 603              		.section	.text.smtc_duty_cycle_get_next_free_time_ms,"ax",%progbits
 604              		.align	1
 605              		.global	smtc_duty_cycle_get_next_free_time_ms
 606              		.syntax unified
 607              		.code	16
 608              		.thumb_func
 609              		.fpu softvfp
 611              	smtc_duty_cycle_get_next_free_time_ms:
 612              		@ args = 0, pretend = 0, frame = 48
 613              		@ frame_needed = 0, uses_anonymous_args = 0
 614 0000 F0B5     		push	{r4, r5, r6, r7, lr}
 615 0002 0378     		ldrb	r3, [r0]
 616 0004 0700     		movs	r7, r0
 617 0006 0E00     		movs	r6, r1
 618 0008 1500     		movs	r5, r2
 619 000a 0024     		movs	r4, #0
 620 000c 8DB0     		sub	sp, sp, #52
 621 000e 012B     		cmp	r3, #1
 622 0010 00D0     		beq	.LCB623
 623 0012 8DE0     		b	.L82	@long jump
 624              	.LCB623:
 625 0014 4378     		ldrb	r3, [r0, #1]
 626 0016 A342     		cmp	r3, r4
 627 0018 00D1     		bne	.LCB626
 628 001a 89E0     		b	.L82	@long jump
 629              	.LCB626:
 630 001c 0622     		movs	r2, #6
 631 001e FF21     		movs	r1, #255
 632 0020 08A8     		add	r0, sp, #32
 633 0022 FFF7FEFF 		bl	memset
 634 0026 0622     		movs	r2, #6
 635 0028 FF21     		movs	r1, #255
 636 002a 0AA8     		add	r0, sp, #40
 637 002c FFF7FEFF 		bl	memset
ARM GAS  /tmp/cc0t5lqE.s 			page 12


 638 0030 B600     		lsls	r6, r6, #2
 639 0032 3800     		movs	r0, r7
 640 0034 FFF7FEFF 		bl	smtc_duty_cycle_update
 641 0038 AB19     		adds	r3, r5, r6
 642 003a 0393     		str	r3, [sp, #12]
 643 003c FF23     		movs	r3, #255
 644 003e 2600     		movs	r6, r4
 645 0040 0194     		str	r4, [sp, #4]
 646 0042 0293     		str	r3, [sp, #8]
 647              	.L84:
 648 0044 039B     		ldr	r3, [sp, #12]
 649 0046 AB42     		cmp	r3, r5
 650 0048 31D1     		bne	.L92
 651 004a 019B     		ldr	r3, [sp, #4]
 652 004c 002B     		cmp	r3, #0
 653 004e 61D1     		bne	.L93
 654 0050 1D00     		movs	r5, r3
 655 0052 1C00     		movs	r4, r3
 656 0054 002E     		cmp	r6, #0
 657 0056 61D1     		bne	.L111
 658 0058 664C     		ldr	r4, .L117
 659 005a 2000     		movs	r0, r4
 660 005c FFF7FEFF 		bl	smtc_modem_hal_store_crashlog
 661 0060 0120     		movs	r0, #1
 662 0062 FFF7FEFF 		bl	smtc_modem_hal_set_crashlog_status
 663 0066 2100     		movs	r1, r4
 664 0068 6348     		ldr	r0, .L117+4
 665 006a FFF7FEFF 		bl	smtc_modem_hal_print_trace
 666 006e 634C     		ldr	r4, .L117+8
 667 0070 2000     		movs	r0, r4
 668 0072 FFF7FEFF 		bl	smtc_modem_hal_print_trace
 669 0076 6248     		ldr	r0, .L117+12
 670 0078 FFF7FEFF 		bl	smtc_modem_hal_print_trace
 671 007c 2000     		movs	r0, r4
 672 007e FFF7FEFF 		bl	smtc_modem_hal_print_trace
 673 0082 FFF7FEFF 		bl	smtc_modem_hal_reset_mcu
 674              	.L95:
 675 0086 FFF7FEFF 		bl	smtc_modem_hal_get_time_in_ms
 676 008a 5E49     		ldr	r1, .L117+16
 677 008c 0590     		str	r0, [sp, #20]
 678 008e FFF7FEFF 		bl	__aeabi_uidivmod
 679 0092 5C4B     		ldr	r3, .L117+16
 680 0094 5B1A     		subs	r3, r3, r1
 681 0096 0693     		str	r3, [sp, #24]
 682 0098 0023     		movs	r3, #0
 683 009a 0293     		str	r3, [sp, #8]
 684 009c 013B     		subs	r3, r3, #1
 685 009e 0393     		str	r3, [sp, #12]
 686              	.L96:
 687 00a0 6B46     		mov	r3, sp
 688 00a2 019A     		ldr	r2, [sp, #4]
 689 00a4 1B7A     		ldrb	r3, [r3, #8]
 690 00a6 9342     		cmp	r3, r2
 691 00a8 45D3     		bcc	.L103
 692 00aa 039C     		ldr	r4, [sp, #12]
 693 00ac 40E0     		b	.L82
 694              	.L92:
ARM GAS  /tmp/cc0t5lqE.s 			page 13


 695 00ae 3800     		movs	r0, r7
 696 00b0 2968     		ldr	r1, [r5]
 697 00b2 FFF7FEFF 		bl	smtc_duty_cycle_get_band
 698 00b6 029B     		ldr	r3, [sp, #8]
 699 00b8 0400     		movs	r4, r0
 700 00ba 8342     		cmp	r3, r0
 701 00bc 17D0     		beq	.L85
 702 00be 0100     		movs	r1, r0
 703 00c0 3800     		movs	r0, r7
 704 00c2 FFF7FEFF 		bl	smtc_duty_cycle_is_band_free
 705 00c6 7A78     		ldrb	r2, [r7, #1]
 706 00c8 0028     		cmp	r0, #0
 707 00ca 13D1     		bne	.L107
 708              	.L87:
 709 00cc C3B2     		uxtb	r3, r0
 710 00ce 9342     		cmp	r3, r2
 711 00d0 19D3     		bcc	.L90
 712 00d2 019A     		ldr	r2, [sp, #4]
 713 00d4 0AAB     		add	r3, sp, #40
 714 00d6 9C54     		strb	r4, [r3, r2]
 715 00d8 1300     		movs	r3, r2
 716 00da 0133     		adds	r3, r3, #1
 717 00dc DBB2     		uxtb	r3, r3
 718 00de 0193     		str	r3, [sp, #4]
 719 00e0 05E0     		b	.L85
 720              	.L88:
 721 00e2 08A9     		add	r1, sp, #32
 722 00e4 0133     		adds	r3, r3, #1
 723 00e6 0139     		subs	r1, r1, #1
 724 00e8 C95C     		ldrb	r1, [r1, r3]
 725 00ea A142     		cmp	r1, r4
 726 00ec 03D1     		bne	.L86
 727              	.L85:
 728 00ee 0435     		adds	r5, r5, #4
 729 00f0 0294     		str	r4, [sp, #8]
 730 00f2 A7E7     		b	.L84
 731              	.L107:
 732 00f4 0023     		movs	r3, #0
 733              	.L86:
 734 00f6 D9B2     		uxtb	r1, r3
 735 00f8 9142     		cmp	r1, r2
 736 00fa F2D3     		bcc	.L88
 737 00fc 08AB     		add	r3, sp, #32
 738 00fe 9C55     		strb	r4, [r3, r6]
 739 0100 0136     		adds	r6, r6, #1
 740 0102 F6B2     		uxtb	r6, r6
 741 0104 F3E7     		b	.L85
 742              	.L90:
 743 0106 08AB     		add	r3, sp, #32
 744 0108 0130     		adds	r0, r0, #1
 745 010a 0733     		adds	r3, r3, #7
 746 010c 1B5C     		ldrb	r3, [r3, r0]
 747 010e A342     		cmp	r3, r4
 748 0110 DCD1     		bne	.L87
 749 0112 ECE7     		b	.L85
 750              	.L93:
 751 0114 002E     		cmp	r6, #0
ARM GAS  /tmp/cc0t5lqE.s 			page 14


 752 0116 B6D0     		beq	.L95
 753 0118 0025     		movs	r5, #0
 754 011a 2C00     		movs	r4, r5
 755              	.L111:
 756 011c 08AB     		add	r3, sp, #32
 757 011e 595D     		ldrb	r1, [r3, r5]
 758 0120 3800     		movs	r0, r7
 759 0122 FFF7FEFF 		bl	smtc_duty_cycle_band_get_available_toa_ms
 760 0126 0135     		adds	r5, r5, #1
 761 0128 EBB2     		uxtb	r3, r5
 762 012a 241A     		subs	r4, r4, r0
 763 012c B342     		cmp	r3, r6
 764 012e F5D3     		bcc	.L111
 765              	.L82:
 766 0130 2000     		movs	r0, r4
 767 0132 0DB0     		add	sp, sp, #52
 768              		@ sp needed
 769 0134 F0BD     		pop	{r4, r5, r6, r7, pc}
 770              	.L103:
 771 0136 029A     		ldr	r2, [sp, #8]
 772 0138 0AAB     		add	r3, sp, #40
 773 013a D65C     		ldrb	r6, [r2, r3]
 774 013c 5023     		movs	r3, #80
 775 013e 7343     		muls	r3, r6
 776 0140 FB18     		adds	r3, r7, r3
 777 0142 1C69     		ldr	r4, [r3, #16]
 778 0144 1A7D     		ldrb	r2, [r3, #20]
 779 0146 2000     		movs	r0, r4
 780 0148 2E49     		ldr	r1, .L117+16
 781 014a 0492     		str	r2, [sp, #16]
 782 014c FFF7FEFF 		bl	__aeabi_uidivmod
 783 0150 059B     		ldr	r3, [sp, #20]
 784 0152 081B     		subs	r0, r1, r4
 785 0154 C018     		adds	r0, r0, r3
 786 0156 2C49     		ldr	r1, .L117+20
 787 0158 FFF7FEFF 		bl	__aeabi_uidiv
 788 015c 3E21     		movs	r1, #62
 789 015e FFF7FEFF 		bl	__aeabi_uidivmod
 790 0162 049B     		ldr	r3, [sp, #16]
 791 0164 4808     		lsrs	r0, r1, #1
 792 0166 C018     		adds	r0, r0, r3
 793 0168 1E21     		movs	r1, #30
 794 016a C0B2     		uxtb	r0, r0
 795 016c FFF7FEFF 		bl	__aeabi_uidivmod
 796 0170 2823     		movs	r3, #40
 797 0172 0024     		movs	r4, #0
 798 0174 7343     		muls	r3, r6
 799 0176 CDB2     		uxtb	r5, r1
 800 0178 0793     		str	r3, [sp, #28]
 801              	.L101:
 802 017a 0135     		adds	r5, r5, #1
 803 017c EDB2     		uxtb	r5, r5
 804 017e 1E2D     		cmp	r5, #30
 805 0180 00D1     		bne	.L97
 806 0182 0025     		movs	r5, #0
 807              	.L97:
 808 0184 079B     		ldr	r3, [sp, #28]
ARM GAS  /tmp/cc0t5lqE.s 			page 15


 809 0186 5B19     		adds	r3, r3, r5
 810 0188 0833     		adds	r3, r3, #8
 811 018a 5B00     		lsls	r3, r3, #1
 812 018c FB18     		adds	r3, r7, r3
 813 018e DB88     		ldrh	r3, [r3, #6]
 814 0190 002B     		cmp	r3, #0
 815 0192 20D1     		bne	.L98
 816 0194 049B     		ldr	r3, [sp, #16]
 817 0196 9D42     		cmp	r5, r3
 818 0198 29D0     		beq	.L99
 819 019a 0134     		adds	r4, r4, #1
 820 019c E4B2     		uxtb	r4, r4
 821 019e 1E2C     		cmp	r4, #30
 822 01a0 EBD9     		bls	.L101
 823              	.L104:
 824 01a2 144E     		ldr	r6, .L117
 825 01a4 3000     		movs	r0, r6
 826 01a6 FFF7FEFF 		bl	smtc_modem_hal_store_crashlog
 827 01aa 0120     		movs	r0, #1
 828 01ac FFF7FEFF 		bl	smtc_modem_hal_set_crashlog_status
 829 01b0 3100     		movs	r1, r6
 830 01b2 1148     		ldr	r0, .L117+4
 831 01b4 FFF7FEFF 		bl	smtc_modem_hal_print_trace
 832 01b8 104E     		ldr	r6, .L117+8
 833 01ba 3000     		movs	r0, r6
 834 01bc FFF7FEFF 		bl	smtc_modem_hal_print_trace
 835 01c0 1248     		ldr	r0, .L117+24
 836 01c2 FFF7FEFF 		bl	smtc_modem_hal_print_trace
 837 01c6 3000     		movs	r0, r6
 838 01c8 FFF7FEFF 		bl	smtc_modem_hal_print_trace
 839 01cc FFF7FEFF 		bl	smtc_modem_hal_reset_mcu
 840 01d0 049B     		ldr	r3, [sp, #16]
 841 01d2 9D42     		cmp	r5, r3
 842 01d4 D1D1     		bne	.L101
 843              	.L98:
 844 01d6 0B4B     		ldr	r3, .L117+16
 845 01d8 5C43     		muls	r4, r3
 846 01da 069B     		ldr	r3, [sp, #24]
 847 01dc E418     		adds	r4, r4, r3
 848 01de 039B     		ldr	r3, [sp, #12]
 849 01e0 A342     		cmp	r3, r4
 850 01e2 00D9     		bls	.L102
 851 01e4 0394     		str	r4, [sp, #12]
 852              	.L102:
 853 01e6 029B     		ldr	r3, [sp, #8]
 854 01e8 0133     		adds	r3, r3, #1
 855 01ea 0293     		str	r3, [sp, #8]
 856 01ec 58E7     		b	.L96
 857              	.L99:
 858 01ee 1E2C     		cmp	r4, #30
 859 01f0 D7D8     		bhi	.L104
 860 01f2 F0E7     		b	.L98
 861              	.L118:
 862              		.align	2
 863              	.L117:
 864 01f4 00000000 		.word	.LANCHOR1
 865 01f8 00000000 		.word	.LC1
ARM GAS  /tmp/cc0t5lqE.s 			page 16


 866 01fc 1D000000 		.word	.LC3
 867 0200 00000000 		.word	.LC10
 868 0204 C0D40100 		.word	120000
 869 0208 60EA0000 		.word	60000
 870 020c 22000000 		.word	.LC5
 872              		.section	.rodata.__func__.0,"a"
 873              		.set	.LANCHOR1,. + 0
 876              	__func__.0:
 877 0000 736D7463 		.ascii	"smtc_duty_cycle_get_next_free_time_ms\000"
 877      5F647574 
 877      795F6379 
 877      636C655F 
 877      6765745F 
 878              		.section	.rodata.__func__.1,"a"
 879              		.set	.LANCHOR0,. + 0
 882              	__func__.1:
 883 0000 736D7463 		.ascii	"smtc_duty_cycle_config\000"
 883      5F647574 
 883      795F6379 
 883      636C655F 
 883      636F6E66 
 884              		.ident	"GCC: (15:10.3-2021.07-4) 10.3.1 20210621 (release)"
ARM GAS  /tmp/cc0t5lqE.s 			page 17


DEFINED SYMBOLS
                            *ABS*:0000000000000000 smtc_duty_cycle.c
     /tmp/cc0t5lqE.s:12     .text.smtc_duty_cycle_get_band:0000000000000000 $t
     /tmp/cc0t5lqE.s:19     .text.smtc_duty_cycle_get_band:0000000000000000 smtc_duty_cycle_get_band
     /tmp/cc0t5lqE.s:47     .text.smtc_duty_cycle_init:0000000000000000 $t
     /tmp/cc0t5lqE.s:54     .text.smtc_duty_cycle_init:0000000000000000 smtc_duty_cycle_init
     /tmp/cc0t5lqE.s:73     .text.smtc_duty_cycle_config:0000000000000000 $t
     /tmp/cc0t5lqE.s:80     .text.smtc_duty_cycle_config:0000000000000000 smtc_duty_cycle_config
     /tmp/cc0t5lqE.s:141    .text.smtc_duty_cycle_config:0000000000000084 $d
     /tmp/cc0t5lqE.s:147    .text.smtc_duty_cycle_enable_set:0000000000000000 $t
     /tmp/cc0t5lqE.s:154    .text.smtc_duty_cycle_enable_set:0000000000000000 smtc_duty_cycle_enable_set
     /tmp/cc0t5lqE.s:169    .text.smtc_duty_cycle_enable_get:0000000000000000 $t
     /tmp/cc0t5lqE.s:176    .text.smtc_duty_cycle_enable_get:0000000000000000 smtc_duty_cycle_enable_get
     /tmp/cc0t5lqE.s:188    .text.smtc_duty_cycle_sum:0000000000000000 $t
     /tmp/cc0t5lqE.s:195    .text.smtc_duty_cycle_sum:0000000000000000 smtc_duty_cycle_sum
     /tmp/cc0t5lqE.s:317    .text.smtc_duty_cycle_sum:00000000000000e8 $d
     /tmp/cc0t5lqE.s:323    .text.smtc_duty_cycle_update:0000000000000000 $t
     /tmp/cc0t5lqE.s:330    .text.smtc_duty_cycle_update:0000000000000000 smtc_duty_cycle_update
     /tmp/cc0t5lqE.s:427    .text.smtc_duty_cycle_update:00000000000000b0 $d
     /tmp/cc0t5lqE.s:434    .text.smtc_duty_cycle_is_toa_accepted:0000000000000000 $t
     /tmp/cc0t5lqE.s:441    .text.smtc_duty_cycle_is_toa_accepted:0000000000000000 smtc_duty_cycle_is_toa_accepted
     /tmp/cc0t5lqE.s:490    .text.smtc_duty_cycle_is_toa_accepted:0000000000000054 $d
     /tmp/cc0t5lqE.s:493    .text.smtc_duty_cycle_band_get_available_toa_ms:0000000000000000 $t
     /tmp/cc0t5lqE.s:500    .text.smtc_duty_cycle_band_get_available_toa_ms:0000000000000000 smtc_duty_cycle_band_get_available_toa_ms
     /tmp/cc0t5lqE.s:538    .text.smtc_duty_cycle_band_get_available_toa_ms:000000000000003c $d
     /tmp/cc0t5lqE.s:541    .text.smtc_duty_cycle_is_channel_free:0000000000000000 $t
     /tmp/cc0t5lqE.s:548    .text.smtc_duty_cycle_is_channel_free:0000000000000000 smtc_duty_cycle_is_channel_free
     /tmp/cc0t5lqE.s:573    .text.smtc_duty_cycle_is_band_free:0000000000000000 $t
     /tmp/cc0t5lqE.s:580    .text.smtc_duty_cycle_is_band_free:0000000000000000 smtc_duty_cycle_is_band_free
     /tmp/cc0t5lqE.s:604    .text.smtc_duty_cycle_get_next_free_time_ms:0000000000000000 $t
     /tmp/cc0t5lqE.s:611    .text.smtc_duty_cycle_get_next_free_time_ms:0000000000000000 smtc_duty_cycle_get_next_free_time_ms
     /tmp/cc0t5lqE.s:864    .text.smtc_duty_cycle_get_next_free_time_ms:00000000000001f4 $d
     /tmp/cc0t5lqE.s:876    .rodata.__func__.0:0000000000000000 __func__.0
     /tmp/cc0t5lqE.s:882    .rodata.__func__.1:0000000000000000 __func__.1

UNDEFINED SYMBOLS
memset
smtc_modem_hal_store_crashlog
smtc_modem_hal_set_crashlog_status
smtc_modem_hal_print_trace
smtc_modem_hal_reset_mcu
__aeabi_uidivmod
__aeabi_uidiv
__aeabi_idivmod
smtc_modem_hal_get_time_in_ms
__aeabi_idiv
