ARM GAS  /tmp/cc7XVKmr.s 			page 1


   1              		.cpu cortex-m0
   2              		.eabi_attribute 23, 1
   3              		.eabi_attribute 24, 1
   4              		.eabi_attribute 25, 1
   5              		.eabi_attribute 26, 1
   6              		.eabi_attribute 30, 4
   7              		.eabi_attribute 34, 0
   8              		.eabi_attribute 18, 4
   9              		.file	"main.c"
  10              		.text
  11              		.section	.rodata.main.str1.1,"aMS",%progbits,1
  12              	.LC0:
  13 0000 5F5F5F5F 		.ascii	"___________________________________________________"
  13      5F5F5F5F 
  13      5F5F5F5F 
  13      5F5F5F5F 
  13      5F5F5F5F 
  14 0033 5F5F5F5F 		.ascii	"____________________________\015\012\000"
  14      5F5F5F5F 
  14      5F5F5F5F 
  14      5F5F5F5F 
  14      5F5F5F5F 
  15              	.LC2:
  16 0052 0D0A2D2D 		.ascii	"\015\012-----------------WIFI Scan-----------------"
  16      2D2D2D2D 
  16      2D2D2D2D 
  16      2D2D2D2D 
  16      2D2D2D57 
  17 007f 0D0A00   		.ascii	"\015\012\000"
  18              	.LC4:
  19 0082 57494649 		.ascii	"WIFI scan error\015\012\000"
  19      20736361 
  19      6E206572 
  19      726F720D 
  19      0A00
  20              	.LC6:
  21 0094 4C697374 		.ascii	"Listing WIFI networks: %d\015\012\000"
  21      696E6720 
  21      57494649 
  21      206E6574 
  21      776F726B 
  22              	.LC8:
  23 00b0 4E6F2057 		.ascii	"No WIFI networks found: %d\015\012\000"
  23      49464920 
  23      6E657477 
  23      6F726B73 
  23      20666F75 
  24              	.LC10:
  25 00cd 77696669 		.ascii	"wifi %d: SSID: %s, \000"
  25      2025643A 
  25      20535349 
  25      443A2025 
  25      732C2000 
  26              	.LC12:
  27 00e1 6D61633A 		.ascii	"mac: %02x:%02x:%02x:%02x:%02x:%02x, rssi: %d\015\012"
  27      20253032 
  27      783A2530 
ARM GAS  /tmp/cc7XVKmr.s 			page 2


  27      32783A25 
  27      3032783A 
  28 010f 00       		.ascii	"\000"
  29              	.LC14:
  30 0110 4C523131 		.ascii	"LR1110 ERROR \015\012\000"
  30      31302045 
  30      52524F52 
  30      200D0A00 
  31              		.section	.text.startup.main,"ax",%progbits
  32              		.align	1
  33              		.global	main
  34              		.arch armv6s-m
  35              		.syntax unified
  36              		.code	16
  37              		.thumb_func
  38              		.fpu softvfp
  40              	main:
  41              		@ Volatile: function does not return.
  42              		@ args = 0, pretend = 0, frame = 96
  43              		@ frame_needed = 0, uses_anonymous_args = 0
  44 0000 F0B5     		push	{r4, r5, r6, r7, lr}
  45 0002 9DB0     		sub	sp, sp, #116
  46 0004 FFF7FEFF 		bl	hal_mcu_init
  47 0008 2C48     		ldr	r0, .L16
  48 000a FFF7FEFF 		bl	hal_trace_print_var
  49 000e 0127     		movs	r7, #1
  50              	.L8:
  51 0010 2B48     		ldr	r0, .L16+4
  52 0012 FFF7FEFF 		bl	hal_trace_print_var
  53 0016 0323     		movs	r3, #3
  54 0018 6E25     		movs	r5, #110
  55 001a 0193     		str	r3, [sp, #4]
  56 001c 0933     		adds	r3, r3, #9
  57 001e 0093     		str	r3, [sp]
  58 0020 0421     		movs	r1, #4
  59 0022 0020     		movs	r0, #0
  60 0024 274A     		ldr	r2, .L16+8
  61 0026 0397     		str	r7, [sp, #12]
  62 0028 0295     		str	r5, [sp, #8]
  63 002a 073B     		subs	r3, r3, #7
  64 002c FFF7FEFF 		bl	lr11xx_wifi_scan
  65 0030 0400     		movs	r4, r0
  66 0032 2800     		movs	r0, r5
  67 0034 FFF7FEFF 		bl	hal_mcu_delay_ms
  68 0038 002C     		cmp	r4, #0
  69 003a 02D0     		beq	.L2
  70 003c 2248     		ldr	r0, .L16+12
  71 003e FFF7FEFF 		bl	hal_trace_print_var
  72              	.L2:
  73 0042 1723     		movs	r3, #23
  74 0044 6B44     		add	r3, r3, sp
  75 0046 1900     		movs	r1, r3
  76 0048 0020     		movs	r0, #0
  77 004a FFF7FEFF 		bl	lr11xx_wifi_get_nb_results
  78 004e 6B46     		mov	r3, sp
  79 0050 D97D     		ldrb	r1, [r3, #23]
  80 0052 0500     		movs	r5, r0
ARM GAS  /tmp/cc7XVKmr.s 			page 3


  81 0054 1D48     		ldr	r0, .L16+16
  82 0056 0029     		cmp	r1, #0
  83 0058 00D1     		bne	.L15
  84 005a 1D48     		ldr	r0, .L16+20
  85              	.L15:
  86 005c FFF7FEFF 		bl	hal_trace_print_var
  87 0060 0026     		movs	r6, #0
  88              	.L5:
  89 0062 6B46     		mov	r3, sp
  90 0064 DB7D     		ldrb	r3, [r3, #23]
  91 0066 9E42     		cmp	r6, r3
  92 0068 09DB     		blt	.L6
  93 006a 002D     		cmp	r5, #0
  94 006c 02D0     		beq	.L7
  95 006e 1948     		ldr	r0, .L16+24
  96 0070 FFF7FEFF 		bl	hal_trace_print_var
  97              	.L7:
  98 0074 FA20     		movs	r0, #250
  99 0076 C000     		lsls	r0, r0, #3
 100 0078 FFF7FEFF 		bl	hal_mcu_delay_ms
 101 007c C8E7     		b	.L8
 102              	.L6:
 103 007e 06AC     		add	r4, sp, #24
 104 0080 2300     		movs	r3, r4
 105 0082 F1B2     		uxtb	r1, r6
 106 0084 3A00     		movs	r2, r7
 107 0086 0020     		movs	r0, #0
 108 0088 FFF7FEFF 		bl	lr11xx_wifi_read_extended_full_results
 109 008c 3100     		movs	r1, r6
 110 008e 11AA     		add	r2, sp, #68
 111 0090 0500     		movs	r5, r0
 112 0092 1148     		ldr	r0, .L16+28
 113 0094 FFF7FEFF 		bl	hal_trace_print_var
 114 0098 0220     		movs	r0, #2
 115 009a 2056     		ldrsb	r0, [r4, r0]
 116 009c 237E     		ldrb	r3, [r4, #24]
 117 009e E27D     		ldrb	r2, [r4, #23]
 118 00a0 A17D     		ldrb	r1, [r4, #22]
 119 00a2 0390     		str	r0, [sp, #12]
 120 00a4 E07E     		ldrb	r0, [r4, #27]
 121 00a6 0136     		adds	r6, r6, #1
 122 00a8 0290     		str	r0, [sp, #8]
 123 00aa A07E     		ldrb	r0, [r4, #26]
 124 00ac 0190     		str	r0, [sp, #4]
 125 00ae 607E     		ldrb	r0, [r4, #25]
 126 00b0 0090     		str	r0, [sp]
 127 00b2 0A48     		ldr	r0, .L16+32
 128 00b4 FFF7FEFF 		bl	hal_trace_print_var
 129 00b8 D3E7     		b	.L5
 130              	.L17:
 131 00ba C046     		.align	2
 132              	.L16:
 133 00bc 00000000 		.word	.LC0
 134 00c0 52000000 		.word	.LC2
 135 00c4 FF3F0000 		.word	16383
 136 00c8 82000000 		.word	.LC4
 137 00cc 94000000 		.word	.LC6
ARM GAS  /tmp/cc7XVKmr.s 			page 4


 138 00d0 B0000000 		.word	.LC8
 139 00d4 10010000 		.word	.LC14
 140 00d8 CD000000 		.word	.LC10
 141 00dc E1000000 		.word	.LC12
 143              		.global	modem_radio
 144              		.section	.rodata.modem_radio,"a"
 145              		.align	2
 148              	modem_radio:
 149 0000 00000000 		.word	0
 150 0004 00000000 		.word	ral_lr11xx_handles_part
 151 0008 00000000 		.word	ral_lr11xx_reset
 152 000c 00000000 		.word	ral_lr11xx_init
 153 0010 00000000 		.word	ral_lr11xx_wakeup
 154 0014 00000000 		.word	ral_lr11xx_set_sleep
 155 0018 00000000 		.word	ral_lr11xx_set_standby
 156 001c 00000000 		.word	ral_lr11xx_set_fs
 157 0020 00000000 		.word	ral_lr11xx_set_tx
 158 0024 00000000 		.word	ral_lr11xx_set_rx
 159 0028 00000000 		.word	ral_lr11xx_cfg_rx_boosted
 160 002c 00000000 		.word	ral_lr11xx_set_rx_tx_fallback_mode
 161 0030 00000000 		.word	ral_lr11xx_stop_timer_on_preamble
 162 0034 00000000 		.word	ral_lr11xx_set_rx_duty_cycle
 163 0038 00000000 		.word	ral_lr11xx_set_lora_cad
 164 003c 00000000 		.word	ral_lr11xx_set_tx_cw
 165 0040 00000000 		.word	ral_lr11xx_set_tx_infinite_preamble
 166 0044 00000000 		.word	ral_lr11xx_cal_img
 167 0048 00000000 		.word	ral_lr11xx_set_tx_cfg
 168 004c 00000000 		.word	ral_lr11xx_set_pkt_payload
 169 0050 00000000 		.word	ral_lr11xx_get_pkt_payload
 170 0054 00000000 		.word	ral_lr11xx_get_irq_status
 171 0058 00000000 		.word	ral_lr11xx_clear_irq_status
 172 005c 00000000 		.word	ral_lr11xx_get_and_clear_irq_status
 173 0060 00000000 		.word	ral_lr11xx_set_dio_irq_params
 174 0064 00000000 		.word	ral_lr11xx_set_rf_freq
 175 0068 00000000 		.word	ral_lr11xx_set_pkt_type
 176 006c 00000000 		.word	ral_lr11xx_get_pkt_type
 177 0070 00000000 		.word	ral_lr11xx_set_gfsk_mod_params
 178 0074 00000000 		.word	ral_lr11xx_set_gfsk_pkt_params
 179 0078 00000000 		.word	ral_lr11xx_set_lora_mod_params
 180 007c 00000000 		.word	ral_lr11xx_set_lora_pkt_params
 181 0080 00000000 		.word	ral_lr11xx_set_lora_cad_params
 182 0084 00000000 		.word	ral_lr11xx_set_lora_symb_nb_timeout
 183 0088 00000000 		.word	ral_lr11xx_set_flrc_mod_params
 184 008c 00000000 		.word	ral_lr11xx_set_flrc_pkt_params
 185 0090 00000000 		.word	ral_lr11xx_get_gfsk_rx_pkt_status
 186 0094 00000000 		.word	ral_lr11xx_get_lora_rx_pkt_status
 187 0098 00000000 		.word	ral_lr11xx_get_flrc_rx_pkt_status
 188 009c 00000000 		.word	ral_lr11xx_get_rssi_inst
 189 00a0 00000000 		.word	ral_lr11xx_get_lora_time_on_air_in_ms
 190 00a4 00000000 		.word	ral_lr11xx_get_gfsk_time_on_air_in_ms
 191 00a8 00000000 		.word	ral_lr11xx_get_flrc_time_on_air_in_ms
 192 00ac 00000000 		.word	ral_lr11xx_set_gfsk_sync_word
 193 00b0 00000000 		.word	ral_lr11xx_set_lora_sync_word
 194 00b4 00000000 		.word	ral_lr11xx_set_flrc_sync_word
 195 00b8 00000000 		.word	ral_lr11xx_set_gfsk_crc_params
 196 00bc 00000000 		.word	ral_lr11xx_set_flrc_crc_params
 197 00c0 00000000 		.word	ral_lr11xx_set_gfsk_whitening_seed
ARM GAS  /tmp/cc7XVKmr.s 			page 5


 198 00c4 00000000 		.word	ral_lr11xx_lr_fhss_init
 199 00c8 00000000 		.word	ral_lr11xx_lr_fhss_build_frame
 200 00cc 00000000 		.word	ral_lr11xx_lr_fhss_handle_hop
 201 00d0 00000000 		.word	ral_lr11xx_lr_fhss_handle_tx_done
 202 00d4 00000000 		.word	ral_lr11xx_lr_fhss_get_time_on_air_in_ms
 203 00d8 00000000 		.word	ral_lr11xx_lr_fhss_get_hop_sequence_count
 204 00dc 00000000 		.word	ral_lr11xx_get_lora_rx_pkt_cr_crc
 205 00e0 00000000 		.word	ral_lr11xx_get_tx_consumption_in_ua
 206 00e4 00000000 		.word	ral_lr11xx_get_gfsk_rx_consumption_in_ua
 207 00e8 00000000 		.word	ral_lr11xx_get_lora_rx_consumption_in_ua
 208 00ec 00000000 		.word	ral_lr11xx_get_random_numbers
 209 00f0 00000000 		.word	ralf_lr11xx_setup_gfsk
 210 00f4 00000000 		.word	ralf_lr11xx_setup_lora
 211 00f8 00000000 		.word	ralf_lr11xx_setup_flrc
 212              		.ident	"GCC: (15:10.3-2021.07-4) 10.3.1 20210621 (release)"
ARM GAS  /tmp/cc7XVKmr.s 			page 6


DEFINED SYMBOLS
                            *ABS*:0000000000000000 main.c
     /tmp/cc7XVKmr.s:32     .text.startup.main:0000000000000000 $t
     /tmp/cc7XVKmr.s:40     .text.startup.main:0000000000000000 main
     /tmp/cc7XVKmr.s:133    .text.startup.main:00000000000000bc $d
     /tmp/cc7XVKmr.s:148    .rodata.modem_radio:0000000000000000 modem_radio
     /tmp/cc7XVKmr.s:145    .rodata.modem_radio:0000000000000000 $d

UNDEFINED SYMBOLS
hal_mcu_init
hal_trace_print_var
lr11xx_wifi_scan
hal_mcu_delay_ms
lr11xx_wifi_get_nb_results
lr11xx_wifi_read_extended_full_results
ral_lr11xx_handles_part
ral_lr11xx_reset
ral_lr11xx_init
ral_lr11xx_wakeup
ral_lr11xx_set_sleep
ral_lr11xx_set_standby
ral_lr11xx_set_fs
ral_lr11xx_set_tx
ral_lr11xx_set_rx
ral_lr11xx_cfg_rx_boosted
ral_lr11xx_set_rx_tx_fallback_mode
ral_lr11xx_stop_timer_on_preamble
ral_lr11xx_set_rx_duty_cycle
ral_lr11xx_set_lora_cad
ral_lr11xx_set_tx_cw
ral_lr11xx_set_tx_infinite_preamble
ral_lr11xx_cal_img
ral_lr11xx_set_tx_cfg
ral_lr11xx_set_pkt_payload
ral_lr11xx_get_pkt_payload
ral_lr11xx_get_irq_status
ral_lr11xx_clear_irq_status
ral_lr11xx_get_and_clear_irq_status
ral_lr11xx_set_dio_irq_params
ral_lr11xx_set_rf_freq
ral_lr11xx_set_pkt_type
ral_lr11xx_get_pkt_type
ral_lr11xx_set_gfsk_mod_params
ral_lr11xx_set_gfsk_pkt_params
ral_lr11xx_set_lora_mod_params
ral_lr11xx_set_lora_pkt_params
ral_lr11xx_set_lora_cad_params
ral_lr11xx_set_lora_symb_nb_timeout
ral_lr11xx_set_flrc_mod_params
ral_lr11xx_set_flrc_pkt_params
ral_lr11xx_get_gfsk_rx_pkt_status
ral_lr11xx_get_lora_rx_pkt_status
ral_lr11xx_get_flrc_rx_pkt_status
ral_lr11xx_get_rssi_inst
ral_lr11xx_get_lora_time_on_air_in_ms
ral_lr11xx_get_gfsk_time_on_air_in_ms
ral_lr11xx_get_flrc_time_on_air_in_ms
ARM GAS  /tmp/cc7XVKmr.s 			page 7


ral_lr11xx_set_gfsk_sync_word
ral_lr11xx_set_lora_sync_word
ral_lr11xx_set_flrc_sync_word
ral_lr11xx_set_gfsk_crc_params
ral_lr11xx_set_flrc_crc_params
ral_lr11xx_set_gfsk_whitening_seed
ral_lr11xx_lr_fhss_init
ral_lr11xx_lr_fhss_build_frame
ral_lr11xx_lr_fhss_handle_hop
ral_lr11xx_lr_fhss_handle_tx_done
ral_lr11xx_lr_fhss_get_time_on_air_in_ms
ral_lr11xx_lr_fhss_get_hop_sequence_count
ral_lr11xx_get_lora_rx_pkt_cr_crc
ral_lr11xx_get_tx_consumption_in_ua
ral_lr11xx_get_gfsk_rx_consumption_in_ua
ral_lr11xx_get_lora_rx_consumption_in_ua
ral_lr11xx_get_random_numbers
ralf_lr11xx_setup_gfsk
ralf_lr11xx_setup_lora
ralf_lr11xx_setup_flrc
