ARM GAS  /tmp/ccwMQfK4.s 			page 1


   1              		.cpu cortex-m0
   2              		.eabi_attribute 23, 1
   3              		.eabi_attribute 24, 1
   4              		.eabi_attribute 25, 1
   5              		.eabi_attribute 26, 1
   6              		.eabi_attribute 30, 4
   7              		.eabi_attribute 34, 0
   8              		.eabi_attribute 18, 4
   9              		.file	"smtc_hal_mcu.c"
  10              		.text
  11              		.global	__aeabi_idiv
  12              		.section	.text.hal_mcu_wait_us,"ax",%progbits
  13              		.align	1
  14              		.p2align 2,,3
  15              		.global	hal_mcu_wait_us
  16              		.arch armv6s-m
  17              		.syntax unified
  18              		.code	16
  19              		.thumb_func
  20              		.fpu softvfp
  22              	hal_mcu_wait_us:
  23              		@ args = 0, pretend = 0, frame = 16
  24              		@ frame_needed = 1, uses_anonymous_args = 0
  25 0000 80B5     		push	{r7, lr}
  26 0002 84B0     		sub	sp, sp, #16
  27 0004 00AF     		add	r7, sp, #0
  28 0006 7860     		str	r0, [r7, #4]
  29 0008 7A68     		ldr	r2, [r7, #4]
  30 000a 1300     		movs	r3, r2
  31 000c 5B01     		lsls	r3, r3, #5
  32 000e 9B1A     		subs	r3, r3, r2
  33 0010 9B00     		lsls	r3, r3, #2
  34 0012 9B18     		adds	r3, r3, r2
  35 0014 DB00     		lsls	r3, r3, #3
  36 0016 8921     		movs	r1, #137
  37 0018 1800     		movs	r0, r3
  38 001a FFF7FEFF 		bl	__aeabi_idiv
  39 001e 0300     		movs	r3, r0
  40 0020 BB60     		str	r3, [r7, #8]
  41 0022 0023     		movs	r3, #0
  42 0024 FB60     		str	r3, [r7, #12]
  43 0026 03E0     		b	.L2
  44              	.L3:
  45              		.syntax divided
  46              	@ 149 "bsp_l0/smtc_hal/smtc_hal_mcu.c" 1
  47 0028 C046     		nop
  48              	@ 0 "" 2
  49              		.thumb
  50              		.syntax unified
  51 002a FB68     		ldr	r3, [r7, #12]
  52 002c 0133     		adds	r3, r3, #1
  53 002e FB60     		str	r3, [r7, #12]
  54              	.L2:
  55 0030 FA68     		ldr	r2, [r7, #12]
  56 0032 BB68     		ldr	r3, [r7, #8]
  57 0034 9A42     		cmp	r2, r3
  58 0036 F7D3     		bcc	.L3
ARM GAS  /tmp/ccwMQfK4.s 			page 2


  59 0038 C046     		nop
  60 003a C046     		nop
  61 003c BD46     		mov	sp, r7
  62 003e 04B0     		add	sp, sp, #16
  63              		@ sp needed
  64 0040 80BD     		pop	{r7, pc}
  66 0042 C046     		.section	.text.hal_mcu_reset,"ax",%progbits
  67              		.align	1
  68              		.global	hal_mcu_reset
  69              		.syntax unified
  70              		.code	16
  71              		.thumb_func
  72              		.fpu softvfp
  74              	hal_mcu_reset:
  75              		@ Volatile: function does not return.
  76              		@ args = 0, pretend = 0, frame = 0
  77              		@ frame_needed = 0, uses_anonymous_args = 0
  78              		@ link register save eliminated.
  79              		.syntax divided
  80              	@ 209 "bsp_l0/mcu_drivers/cmsis/Core/Include/cmsis_gcc.h" 1
  81 0000 72B6     		cpsid i
  82              	@ 0 "" 2
  83              	@ 946 "bsp_l0/mcu_drivers/cmsis/Core/Include/cmsis_gcc.h" 1
  84 0002 BFF34F8F 		dsb 0xF
  85              	@ 0 "" 2
  86              		.thumb
  87              		.syntax unified
  88 0006 034B     		ldr	r3, .L6
  89 0008 034A     		ldr	r2, .L6+4
  90 000a DA60     		str	r2, [r3, #12]
  91              		.syntax divided
  92              	@ 946 "bsp_l0/mcu_drivers/cmsis/Core/Include/cmsis_gcc.h" 1
  93 000c BFF34F8F 		dsb 0xF
  94              	@ 0 "" 2
  95              		.thumb
  96              		.syntax unified
  97              	.L5:
  98              		.syntax divided
  99              	@ 995 "bsp_l0/mcu_drivers/cmsis/Core/Include/core_cm0plus.h" 1
 100 0010 C046     		nop
 101              	@ 0 "" 2
 102              		.thumb
 103              		.syntax unified
 104 0012 FDE7     		b	.L5
 105              	.L7:
 106              		.align	2
 107              	.L6:
 108 0014 00ED00E0 		.word	-536810240
 109 0018 0400FA05 		.word	100270084
 111              		.section	.text.hal_mcu_init,"ax",%progbits
 112              		.align	1
 113              		.global	hal_mcu_init
 114              		.syntax unified
 115              		.code	16
 116              		.thumb_func
 117              		.fpu softvfp
 119              	hal_mcu_init:
ARM GAS  /tmp/ccwMQfK4.s 			page 3


 120              		@ args = 0, pretend = 0, frame = 112
 121              		@ frame_needed = 0, uses_anonymous_args = 0
 122 0000 70B5     		push	{r4, r5, r6, lr}
 123 0002 9CB0     		sub	sp, sp, #112
 124 0004 FFF7FEFF 		bl	HAL_Init
 125 0008 3422     		movs	r2, #52
 126 000a 0021     		movs	r1, #0
 127 000c 0EA8     		add	r0, sp, #56
 128 000e FFF7FEFF 		bl	memset
 129 0012 434C     		ldr	r4, .L11
 130 0014 1422     		movs	r2, #20
 131 0016 0021     		movs	r1, #0
 132 0018 6846     		mov	r0, sp
 133 001a FFF7FEFF 		bl	memset
 134 001e 2022     		movs	r2, #32
 135 0020 0021     		movs	r1, #0
 136 0022 06A8     		add	r0, sp, #24
 137 0024 FFF7FEFF 		bl	memset
 138 0028 FFF7FEFF 		bl	HAL_PWR_EnableBkUpAccess
 139 002c 236D     		ldr	r3, [r4, #80]
 140 002e 3D4A     		ldr	r2, .L11+4
 141 0030 0EA8     		add	r0, sp, #56
 142 0032 1340     		ands	r3, r2
 143 0034 2365     		str	r3, [r4, #80]
 144 0036 0E23     		movs	r3, #14
 145 0038 8022     		movs	r2, #128
 146 003a 0E93     		str	r3, [sp, #56]
 147 003c 0123     		movs	r3, #1
 148 003e 5200     		lsls	r2, r2, #1
 149 0040 1092     		str	r2, [sp, #64]
 150 0042 1193     		str	r3, [sp, #68]
 151 0044 0123     		movs	r3, #1
 152 0046 1022     		movs	r2, #16
 153 0048 1292     		str	r2, [sp, #72]
 154 004a 1393     		str	r3, [sp, #76]
 155 004c 0223     		movs	r3, #2
 156 004e 1793     		str	r3, [sp, #92]
 157 0050 0023     		movs	r3, #0
 158 0052 1893     		str	r3, [sp, #96]
 159 0054 8023     		movs	r3, #128
 160 0056 1B03     		lsls	r3, r3, #12
 161 0058 1993     		str	r3, [sp, #100]
 162 005a 8023     		movs	r3, #128
 163 005c 1B04     		lsls	r3, r3, #16
 164 005e 1A93     		str	r3, [sp, #104]
 165 0060 FFF7FEFF 		bl	HAL_RCC_OscConfig
 166 0064 0028     		cmp	r0, #0
 167 0066 12D0     		beq	.L9
 168              	.L10:
 169 0068 2F4C     		ldr	r4, .L11+8
 170 006a 3049     		ldr	r1, .L11+12
 171 006c 2500     		movs	r5, r4
 172 006e 2000     		movs	r0, r4
 173 0070 1535     		adds	r5, r5, #21
 174 0072 FFF7FEFF 		bl	hal_trace_print_var
 175 0076 2800     		movs	r0, r5
 176 0078 FFF7FEFF 		bl	hal_trace_print_var
ARM GAS  /tmp/ccwMQfK4.s 			page 4


 177 007c 2000     		movs	r0, r4
 178 007e 1630     		adds	r0, r0, #22
 179 0080 FFF7FEFF 		bl	hal_trace_print_var
 180 0084 2800     		movs	r0, r5
 181 0086 FFF7FEFF 		bl	hal_trace_print_var
 182 008a FFF7FEFF 		bl	hal_mcu_reset
 183              	.L9:
 184 008e 0F22     		movs	r2, #15
 185 0090 0323     		movs	r3, #3
 186 0092 0025     		movs	r5, #0
 187 0094 0026     		movs	r6, #0
 188 0096 0490     		str	r0, [sp, #16]
 189 0098 0121     		movs	r1, #1
 190 009a 6846     		mov	r0, sp
 191 009c 0092     		str	r2, [sp]
 192 009e 0193     		str	r3, [sp, #4]
 193 00a0 0295     		str	r5, [sp, #8]
 194 00a2 0396     		str	r6, [sp, #12]
 195 00a4 FFF7FEFF 		bl	HAL_RCC_ClockConfig
 196 00a8 0028     		cmp	r0, #0
 197 00aa DDD1     		bne	.L10
 198 00ac C023     		movs	r3, #192
 199 00ae 1B03     		lsls	r3, r3, #12
 200 00b0 0D93     		str	r3, [sp, #52]
 201 00b2 8023     		movs	r3, #128
 202 00b4 AB22     		movs	r2, #171
 203 00b6 5B02     		lsls	r3, r3, #9
 204 00b8 0B90     		str	r0, [sp, #44]
 205 00ba 06A8     		add	r0, sp, #24
 206 00bc 0895     		str	r5, [sp, #32]
 207 00be 0996     		str	r6, [sp, #36]
 208 00c0 0692     		str	r2, [sp, #24]
 209 00c2 0793     		str	r3, [sp, #28]
 210 00c4 FFF7FEFF 		bl	HAL_RCCEx_PeriphCLKConfig
 211 00c8 061E     		subs	r6, r0, #0
 212 00ca CDD1     		bne	.L10
 213 00cc 8023     		movs	r3, #128
 214 00ce A26B     		ldr	r2, [r4, #56]
 215 00d0 5B05     		lsls	r3, r3, #21
 216 00d2 1343     		orrs	r3, r2
 217 00d4 A363     		str	r3, [r4, #56]
 218 00d6 8023     		movs	r3, #128
 219 00d8 E268     		ldr	r2, [r4, #12]
 220 00da 1B02     		lsls	r3, r3, #8
 221 00dc 1343     		orrs	r3, r2
 222 00de E360     		str	r3, [r4, #12]
 223 00e0 0121     		movs	r1, #1
 224 00e2 0420     		movs	r0, #4
 225 00e4 FFF7FEFF 		bl	hal_gpio_init_out
 226 00e8 3300     		movs	r3, r6
 227 00ea 3200     		movs	r2, r6
 228 00ec 3100     		movs	r1, r6
 229 00ee 0720     		movs	r0, #7
 230 00f0 FFF7FEFF 		bl	hal_gpio_init_in
 231 00f4 0122     		movs	r2, #1
 232 00f6 3300     		movs	r3, r6
 233 00f8 1000     		movs	r0, r2
ARM GAS  /tmp/ccwMQfK4.s 			page 5


 234 00fa 0221     		movs	r1, #2
 235 00fc FFF7FEFF 		bl	hal_gpio_init_in
 236 0100 0121     		movs	r1, #1
 237 0102 2220     		movs	r0, #34
 238 0104 FFF7FEFF 		bl	hal_gpio_init_out
 239 0108 FFF7FEFF 		bl	uart1_init
 240 010c 1A23     		movs	r3, #26
 241 010e 1E22     		movs	r2, #30
 242 0110 1F21     		movs	r1, #31
 243 0112 0220     		movs	r0, #2
 244 0114 FFF7FEFF 		bl	hal_spi_init
 245 0118 FFF7FEFF 		bl	hal_rtc_init
 246 011c 1CB0     		add	sp, sp, #112
 247              		@ sp needed
 248 011e 70BD     		pop	{r4, r5, r6, pc}
 249              	.L12:
 250              		.align	2
 251              	.L11:
 252 0120 00100240 		.word	1073876992
 253 0124 FFE7FFFF 		.word	-6145
 254 0128 00000000 		.word	.LANCHOR1
 255 012c 00000000 		.word	.LANCHOR0
 257              		.section	.text.SysTick_Handler,"ax",%progbits
 258              		.align	1
 259              		.global	SysTick_Handler
 260              		.syntax unified
 261              		.code	16
 262              		.thumb_func
 263              		.fpu softvfp
 265              	SysTick_Handler:
 266              		@ args = 0, pretend = 0, frame = 0
 267              		@ frame_needed = 0, uses_anonymous_args = 0
 268 0000 10B5     		push	{r4, lr}
 269 0002 FFF7FEFF 		bl	HAL_IncTick
 270              		@ sp needed
 271 0006 FFF7FEFF 		bl	HAL_SYSTICK_IRQHandler
 272 000a 10BD     		pop	{r4, pc}
 274              		.section	.text.HAL_MspInit,"ax",%progbits
 275              		.align	1
 276              		.global	HAL_MspInit
 277              		.syntax unified
 278              		.code	16
 279              		.thumb_func
 280              		.fpu softvfp
 282              	HAL_MspInit:
 283              		@ args = 0, pretend = 0, frame = 0
 284              		@ frame_needed = 0, uses_anonymous_args = 0
 285 0000 0022     		movs	r2, #0
 286 0002 0120     		movs	r0, #1
 287 0004 10B5     		push	{r4, lr}
 288 0006 1100     		movs	r1, r2
 289              		@ sp needed
 290 0008 4042     		rsbs	r0, r0, #0
 291 000a FFF7FEFF 		bl	HAL_NVIC_SetPriority
 292 000e 10BD     		pop	{r4, pc}
 294              		.section	.text.hal_mcu_delay_ms,"ax",%progbits
 295              		.align	1
ARM GAS  /tmp/ccwMQfK4.s 			page 6


 296              		.global	hal_mcu_delay_ms
 297              		.syntax unified
 298              		.code	16
 299              		.thumb_func
 300              		.fpu softvfp
 302              	hal_mcu_delay_ms:
 303              		@ args = 0, pretend = 0, frame = 0
 304              		@ frame_needed = 0, uses_anonymous_args = 0
 305 0000 10B5     		push	{r4, lr}
 306 0002 FFF7FEFF 		bl	HAL_Delay
 307              		@ sp needed
 308 0006 10BD     		pop	{r4, pc}
 310              		.section	.text.HardFault_Handler,"ax",%progbits
 311              		.align	1
 312              		.global	HardFault_Handler
 313              		.syntax unified
 314              		.code	16
 315              		.thumb_func
 316              		.fpu softvfp
 318              	HardFault_Handler:
 319              		@ Volatile: function does not return.
 320              		@ args = 0, pretend = 0, frame = 0
 321              		@ frame_needed = 0, uses_anonymous_args = 0
 322 0000 70B5     		push	{r4, r5, r6, lr}
 323 0002 0C4C     		ldr	r4, .L18
 324 0004 2000     		movs	r0, r4
 325 0006 2500     		movs	r5, r4
 326 0008 2130     		adds	r0, r0, #33
 327 000a 1535     		adds	r5, r5, #21
 328 000c FFF7FEFF 		bl	hal_trace_print_var
 329 0010 2800     		movs	r0, r5
 330 0012 FFF7FEFF 		bl	hal_trace_print_var
 331 0016 2000     		movs	r0, r4
 332 0018 3030     		adds	r0, r0, #48
 333 001a FFF7FEFF 		bl	hal_trace_print_var
 334 001e 2800     		movs	r0, r5
 335 0020 FFF7FEFF 		bl	hal_trace_print_var
 336 0024 2000     		movs	r0, r4
 337 0026 4A30     		adds	r0, r0, #74
 338 0028 FFF7FEFF 		bl	hal_trace_print_var
 339 002c 2800     		movs	r0, r5
 340 002e FFF7FEFF 		bl	hal_trace_print_var
 341              	.L17:
 342 0032 FEE7     		b	.L17
 343              	.L19:
 344              		.align	2
 345              	.L18:
 346 0034 00000000 		.word	.LANCHOR1
 348              		.section	.rodata
 349              		.set	.LANCHOR1,. + 0
 350              	.LC1:
 351 0000 4552524F 		.ascii	"ERROR: mcu_panic:%s\012\000"
 351      523A206D 
 351      63755F70 
 351      616E6963 
 351      3A25730A 
 352              	.LC3:
ARM GAS  /tmp/ccwMQfK4.s 			page 7


 353 0015 00       		.ascii	"\000"
 354              	.LC4:
 355 0016 4552524F 		.ascii	"ERROR: -> \000"
 355      523A202D 
 355      3E2000
 356              	.LC7:
 357 0021 4552524F 		.ascii	"ERROR: \033[0;31m\000"
 357      523A201B 
 357      5B303B33 
 357      316D00
 358              	.LC9:
 359 0030 4552524F 		.ascii	"ERROR: HARDFAULT_Handler\012\000"
 359      523A2048 
 359      41524446 
 359      41554C54 
 359      5F48616E 
 360              	.LC10:
 361 004a 4552524F 		.ascii	"ERROR: \033[0m\000"
 361      523A201B 
 361      5B306D00 
 362              		.section	.bss.exit_wait,"aw",%nobits
 365              	exit_wait:
 366 0000 00       		.space	1
 367              		.section	.bss.lp_current_mode,"aw",%nobits
 370              	lp_current_mode:
 371 0000 00       		.space	1
 372              		.section	.bss.wut_flag,"aw",%nobits
 375              	wut_flag:
 376 0000 00       		.space	1
 377              		.section	.rodata.__func__.0,"a"
 378              		.set	.LANCHOR0,. + 0
 381              	__func__.0:
 382 0000 73797374 		.ascii	"system_clock_config\000"
 382      656D5F63 
 382      6C6F636B 
 382      5F636F6E 
 382      66696700 
 383              		.ident	"GCC: (15:10.3-2021.07-4) 10.3.1 20210621 (release)"
ARM GAS  /tmp/ccwMQfK4.s 			page 8


DEFINED SYMBOLS
                            *ABS*:0000000000000000 smtc_hal_mcu.c
     /tmp/ccwMQfK4.s:13     .text.hal_mcu_wait_us:0000000000000000 $t
     /tmp/ccwMQfK4.s:22     .text.hal_mcu_wait_us:0000000000000000 hal_mcu_wait_us
     /tmp/ccwMQfK4.s:67     .text.hal_mcu_reset:0000000000000000 $t
     /tmp/ccwMQfK4.s:74     .text.hal_mcu_reset:0000000000000000 hal_mcu_reset
     /tmp/ccwMQfK4.s:108    .text.hal_mcu_reset:0000000000000014 $d
     /tmp/ccwMQfK4.s:112    .text.hal_mcu_init:0000000000000000 $t
     /tmp/ccwMQfK4.s:119    .text.hal_mcu_init:0000000000000000 hal_mcu_init
     /tmp/ccwMQfK4.s:252    .text.hal_mcu_init:0000000000000120 $d
     /tmp/ccwMQfK4.s:258    .text.SysTick_Handler:0000000000000000 $t
     /tmp/ccwMQfK4.s:265    .text.SysTick_Handler:0000000000000000 SysTick_Handler
     /tmp/ccwMQfK4.s:275    .text.HAL_MspInit:0000000000000000 $t
     /tmp/ccwMQfK4.s:282    .text.HAL_MspInit:0000000000000000 HAL_MspInit
     /tmp/ccwMQfK4.s:295    .text.hal_mcu_delay_ms:0000000000000000 $t
     /tmp/ccwMQfK4.s:302    .text.hal_mcu_delay_ms:0000000000000000 hal_mcu_delay_ms
     /tmp/ccwMQfK4.s:311    .text.HardFault_Handler:0000000000000000 $t
     /tmp/ccwMQfK4.s:318    .text.HardFault_Handler:0000000000000000 HardFault_Handler
     /tmp/ccwMQfK4.s:346    .text.HardFault_Handler:0000000000000034 $d
     /tmp/ccwMQfK4.s:365    .bss.exit_wait:0000000000000000 exit_wait
     /tmp/ccwMQfK4.s:366    .bss.exit_wait:0000000000000000 $d
     /tmp/ccwMQfK4.s:370    .bss.lp_current_mode:0000000000000000 lp_current_mode
     /tmp/ccwMQfK4.s:371    .bss.lp_current_mode:0000000000000000 $d
     /tmp/ccwMQfK4.s:375    .bss.wut_flag:0000000000000000 wut_flag
     /tmp/ccwMQfK4.s:376    .bss.wut_flag:0000000000000000 $d
     /tmp/ccwMQfK4.s:381    .rodata.__func__.0:0000000000000000 __func__.0

UNDEFINED SYMBOLS
__aeabi_idiv
HAL_Init
memset
HAL_PWR_EnableBkUpAccess
HAL_RCC_OscConfig
hal_trace_print_var
HAL_RCC_ClockConfig
HAL_RCCEx_PeriphCLKConfig
hal_gpio_init_out
hal_gpio_init_in
uart1_init
hal_spi_init
hal_rtc_init
HAL_IncTick
HAL_SYSTICK_IRQHandler
HAL_NVIC_SetPriority
HAL_Delay
