ARM GAS  /tmp/cc6C9eJA.s 			page 1


   1              		.cpu cortex-m0
   2              		.eabi_attribute 23, 1
   3              		.eabi_attribute 24, 1
   4              		.eabi_attribute 25, 1
   5              		.eabi_attribute 26, 1
   6              		.eabi_attribute 30, 4
   7              		.eabi_attribute 34, 0
   8              		.eabi_attribute 18, 4
   9              		.file	"smtc_hal_i2c.c"
  10              		.text
  11              		.section	.rodata.hal_i2c_init.str1.1,"aMS",%progbits,1
  12              	.LC2:
  13 0000 4552524F 		.ascii	"ERROR: mcu_panic:%s\012\000"
  13      523A206D 
  13      63755F70 
  13      616E6963 
  13      3A25730A 
  14              	.LC4:
  15 0015 00       		.ascii	"\000"
  16              	.LC6:
  17 0016 4552524F 		.ascii	"ERROR: -> \000"
  17      523A202D 
  17      3E2000
  18              		.section	.text.hal_i2c_init,"ax",%progbits
  19              		.align	1
  20              		.global	hal_i2c_init
  21              		.arch armv6s-m
  22              		.syntax unified
  23              		.code	16
  24              		.thumb_func
  25              		.fpu softvfp
  27              	hal_i2c_init:
  28              		@ args = 0, pretend = 0, frame = 0
  29              		@ frame_needed = 0, uses_anonymous_args = 0
  30 0000 70B5     		push	{r4, r5, r6, lr}
  31 0002 5424     		movs	r4, #84
  32 0004 0138     		subs	r0, r0, #1
  33 0006 6043     		muls	r0, r4
  34 0008 2B4E     		ldr	r6, .L14
  35 000a 0025     		movs	r5, #0
  36 000c 8459     		ldr	r4, [r0, r6]
  37 000e 3318     		adds	r3, r6, r0
  38 0010 5C60     		str	r4, [r3, #4]
  39 0012 2A4C     		ldr	r4, .L14+4
  40 0014 DD60     		str	r5, [r3, #12]
  41 0016 9C60     		str	r4, [r3, #8]
  42 0018 0124     		movs	r4, #1
  43 001a 1C61     		str	r4, [r3, #16]
  44 001c 1C00     		movs	r4, r3
  45 001e 5034     		adds	r4, r4, #80
  46 0020 2170     		strb	r1, [r4]
  47 0022 041D     		adds	r4, r0, #4
  48 0024 5D61     		str	r5, [r3, #20]
  49 0026 9D61     		str	r5, [r3, #24]
  50 0028 DD61     		str	r5, [r3, #28]
  51 002a 1D62     		str	r5, [r3, #32]
  52 002c 5D62     		str	r5, [r3, #36]
ARM GAS  /tmp/cc6C9eJA.s 			page 2


  53 002e A419     		adds	r4, r4, r6
  54 0030 5133     		adds	r3, r3, #81
  55 0032 2000     		movs	r0, r4
  56 0034 1A70     		strb	r2, [r3]
  57 0036 FFF7FEFF 		bl	HAL_I2C_Init
  58 003a A842     		cmp	r0, r5
  59 003c 0FD0     		beq	.L2
  60 003e 2049     		ldr	r1, .L14+8
  61 0040 2048     		ldr	r0, .L14+12
  62 0042 FFF7FEFF 		bl	hal_trace_print_var
  63 0046 204D     		ldr	r5, .L14+16
  64 0048 2800     		movs	r0, r5
  65 004a FFF7FEFF 		bl	hal_trace_print_var
  66 004e 1F48     		ldr	r0, .L14+20
  67 0050 FFF7FEFF 		bl	hal_trace_print_var
  68 0054 2800     		movs	r0, r5
  69 0056 FFF7FEFF 		bl	hal_trace_print_var
  70 005a FFF7FEFF 		bl	hal_mcu_reset
  71              	.L2:
  72 005e 0021     		movs	r1, #0
  73 0060 2000     		movs	r0, r4
  74 0062 FFF7FEFF 		bl	HAL_I2CEx_ConfigAnalogFilter
  75 0066 0028     		cmp	r0, #0
  76 0068 0FD0     		beq	.L3
  77 006a 1549     		ldr	r1, .L14+8
  78 006c 1548     		ldr	r0, .L14+12
  79 006e FFF7FEFF 		bl	hal_trace_print_var
  80 0072 154D     		ldr	r5, .L14+16
  81 0074 2800     		movs	r0, r5
  82 0076 FFF7FEFF 		bl	hal_trace_print_var
  83 007a 1448     		ldr	r0, .L14+20
  84 007c FFF7FEFF 		bl	hal_trace_print_var
  85 0080 2800     		movs	r0, r5
  86 0082 FFF7FEFF 		bl	hal_trace_print_var
  87 0086 FFF7FEFF 		bl	hal_mcu_reset
  88              	.L3:
  89 008a 0021     		movs	r1, #0
  90 008c 2000     		movs	r0, r4
  91 008e FFF7FEFF 		bl	HAL_I2CEx_ConfigDigitalFilter
  92 0092 0028     		cmp	r0, #0
  93 0094 0FD0     		beq	.L1
  94 0096 0A49     		ldr	r1, .L14+8
  95 0098 0A48     		ldr	r0, .L14+12
  96 009a FFF7FEFF 		bl	hal_trace_print_var
  97 009e 0A4C     		ldr	r4, .L14+16
  98 00a0 2000     		movs	r0, r4
  99 00a2 FFF7FEFF 		bl	hal_trace_print_var
 100 00a6 0948     		ldr	r0, .L14+20
 101 00a8 FFF7FEFF 		bl	hal_trace_print_var
 102 00ac 2000     		movs	r0, r4
 103 00ae FFF7FEFF 		bl	hal_trace_print_var
 104 00b2 FFF7FEFF 		bl	hal_mcu_reset
 105              	.L1:
 106              		@ sp needed
 107 00b6 70BD     		pop	{r4, r5, r6, pc}
 108              	.L15:
 109              		.align	2
ARM GAS  /tmp/cc6C9eJA.s 			page 3


 110              	.L14:
 111 00b8 00000000 		.word	hal_i2c
 112 00bc BB7C7000 		.word	7371963
 113 00c0 00000000 		.word	.LANCHOR0
 114 00c4 00000000 		.word	.LC2
 115 00c8 15000000 		.word	.LC4
 116 00cc 16000000 		.word	.LC6
 118              		.section	.text.hal_i2c_deinit,"ax",%progbits
 119              		.align	1
 120              		.global	hal_i2c_deinit
 121              		.syntax unified
 122              		.code	16
 123              		.thumb_func
 124              		.fpu softvfp
 126              	hal_i2c_deinit:
 127              		@ args = 0, pretend = 0, frame = 0
 128              		@ frame_needed = 0, uses_anonymous_args = 0
 129 0000 431E     		subs	r3, r0, #1
 130 0002 5420     		movs	r0, #84
 131 0004 5843     		muls	r0, r3
 132 0006 10B5     		push	{r4, lr}
 133 0008 024B     		ldr	r3, .L17
 134 000a 0430     		adds	r0, r0, #4
 135 000c C018     		adds	r0, r0, r3
 136 000e FFF7FEFF 		bl	HAL_I2C_DeInit
 137              		@ sp needed
 138 0012 10BD     		pop	{r4, pc}
 139              	.L18:
 140              		.align	2
 141              	.L17:
 142 0014 00000000 		.word	hal_i2c
 144              		.section	.text.HAL_I2C_MspInit,"ax",%progbits
 145              		.align	1
 146              		.global	HAL_I2C_MspInit
 147              		.syntax unified
 148              		.code	16
 149              		.thumb_func
 150              		.fpu softvfp
 152              	HAL_I2C_MspInit:
 153              		@ args = 0, pretend = 0, frame = 24
 154              		@ frame_needed = 0, uses_anonymous_args = 0
 155 0000 F0B5     		push	{r4, r5, r6, r7, lr}
 156 0002 424C     		ldr	r4, .L28
 157 0004 0368     		ldr	r3, [r0]
 158 0006 2268     		ldr	r2, [r4]
 159 0008 87B0     		sub	sp, sp, #28
 160 000a 9342     		cmp	r3, r2
 161 000c 3AD1     		bne	.L20
 162 000e 2300     		movs	r3, r4
 163 0010 F022     		movs	r2, #240
 164 0012 5033     		adds	r3, r3, #80
 165 0014 1B78     		ldrb	r3, [r3]
 166 0016 9201     		lsls	r2, r2, #6
 167 0018 5BB2     		sxtb	r3, r3
 168 001a 9D01     		lsls	r5, r3, #6
 169 001c 1540     		ands	r5, r2
 170 001e A022     		movs	r2, #160
ARM GAS  /tmp/cc6C9eJA.s 			page 4


 171 0020 D205     		lsls	r2, r2, #23
 172 0022 AD18     		adds	r5, r5, r2
 173 0024 0022     		movs	r2, #0
 174 0026 0392     		str	r2, [sp, #12]
 175 0028 1232     		adds	r2, r2, #18
 176 002a 0292     		str	r2, [sp, #8]
 177 002c 0F3A     		subs	r2, r2, #15
 178 002e 0F21     		movs	r1, #15
 179 0030 0492     		str	r2, [sp, #16]
 180 0032 023A     		subs	r2, r2, #2
 181 0034 1000     		movs	r0, r2
 182 0036 1940     		ands	r1, r3
 183 0038 8840     		lsls	r0, r0, r1
 184 003a 083B     		subs	r3, r3, #8
 185 003c 0190     		str	r0, [sp, #4]
 186 003e 192B     		cmp	r3, #25
 187 0040 01D8     		bhi	.L21
 188 0042 334A     		ldr	r2, .L28+4
 189 0044 D25C     		ldrb	r2, [r2, r3]
 190              	.L21:
 191 0046 2800     		movs	r0, r5
 192 0048 01A9     		add	r1, sp, #4
 193 004a 0592     		str	r2, [sp, #20]
 194 004c FFF7FEFF 		bl	HAL_GPIO_Init
 195 0050 0123     		movs	r3, #1
 196 0052 5122     		movs	r2, #81
 197 0054 0F21     		movs	r1, #15
 198 0056 1800     		movs	r0, r3
 199 0058 A256     		ldrsb	r2, [r4, r2]
 200 005a 1140     		ands	r1, r2
 201 005c 8840     		lsls	r0, r0, r1
 202 005e 083A     		subs	r2, r2, #8
 203 0060 0190     		str	r0, [sp, #4]
 204 0062 192A     		cmp	r2, #25
 205 0064 01D8     		bhi	.L22
 206 0066 2A4B     		ldr	r3, .L28+4
 207 0068 9B5C     		ldrb	r3, [r3, r2]
 208              	.L22:
 209 006a 01A9     		add	r1, sp, #4
 210 006c 2800     		movs	r0, r5
 211 006e 0593     		str	r3, [sp, #20]
 212 0070 FFF7FEFF 		bl	HAL_GPIO_Init
 213 0074 8023     		movs	r3, #128
 214 0076 274A     		ldr	r2, .L28+8
 215 0078 9B03     		lsls	r3, r3, #14
 216 007a 916B     		ldr	r1, [r2, #56]
 217              	.L27:
 218 007c 0B43     		orrs	r3, r1
 219 007e 9363     		str	r3, [r2, #56]
 220              	.L19:
 221 0080 07B0     		add	sp, sp, #28
 222              		@ sp needed
 223 0082 F0BD     		pop	{r4, r5, r6, r7, pc}
 224              	.L20:
 225 0084 2200     		movs	r2, r4
 226 0086 A832     		adds	r2, r2, #168
 227 0088 1268     		ldr	r2, [r2]
ARM GAS  /tmp/cc6C9eJA.s 			page 5


 228 008a 9342     		cmp	r3, r2
 229 008c 2CD1     		bne	.L24
 230 008e 0023     		movs	r3, #0
 231 0090 F920     		movs	r0, #249
 232 0092 0125     		movs	r5, #1
 233 0094 2056     		ldrsb	r0, [r4, r0]
 234 0096 0393     		str	r3, [sp, #12]
 235 0098 1233     		adds	r3, r3, #18
 236 009a 0293     		str	r3, [sp, #8]
 237 009c 0F3B     		subs	r3, r3, #15
 238 009e 0493     		str	r3, [sp, #16]
 239 00a0 0433     		adds	r3, r3, #4
 240 00a2 0F26     		movs	r6, #15
 241 00a4 0593     		str	r3, [sp, #20]
 242 00a6 0300     		movs	r3, r0
 243 00a8 2A00     		movs	r2, r5
 244 00aa 3340     		ands	r3, r6
 245 00ac F027     		movs	r7, #240
 246 00ae 9A40     		lsls	r2, r2, r3
 247 00b0 A023     		movs	r3, #160
 248 00b2 BF01     		lsls	r7, r7, #6
 249 00b4 8001     		lsls	r0, r0, #6
 250 00b6 DB05     		lsls	r3, r3, #23
 251 00b8 3840     		ands	r0, r7
 252 00ba C018     		adds	r0, r0, r3
 253 00bc 01A9     		add	r1, sp, #4
 254 00be 0192     		str	r2, [sp, #4]
 255 00c0 FFF7FEFF 		bl	HAL_GPIO_Init
 256 00c4 F820     		movs	r0, #248
 257 00c6 2056     		ldrsb	r0, [r4, r0]
 258 00c8 A023     		movs	r3, #160
 259 00ca 0640     		ands	r6, r0
 260 00cc B540     		lsls	r5, r5, r6
 261 00ce 8001     		lsls	r0, r0, #6
 262 00d0 DB05     		lsls	r3, r3, #23
 263 00d2 3840     		ands	r0, r7
 264 00d4 C018     		adds	r0, r0, r3
 265 00d6 01A9     		add	r1, sp, #4
 266 00d8 0195     		str	r5, [sp, #4]
 267 00da FFF7FEFF 		bl	HAL_GPIO_Init
 268 00de 8023     		movs	r3, #128
 269 00e0 0C4A     		ldr	r2, .L28+8
 270 00e2 DB05     		lsls	r3, r3, #23
 271 00e4 916B     		ldr	r1, [r2, #56]
 272 00e6 C9E7     		b	.L27
 273              	.L24:
 274 00e8 0B49     		ldr	r1, .L28+12
 275 00ea 0C48     		ldr	r0, .L28+16
 276 00ec FFF7FEFF 		bl	hal_trace_print_var
 277 00f0 0B4C     		ldr	r4, .L28+20
 278 00f2 2000     		movs	r0, r4
 279 00f4 FFF7FEFF 		bl	hal_trace_print_var
 280 00f8 0A48     		ldr	r0, .L28+24
 281 00fa FFF7FEFF 		bl	hal_trace_print_var
 282 00fe 2000     		movs	r0, r4
 283 0100 FFF7FEFF 		bl	hal_trace_print_var
 284 0104 FFF7FEFF 		bl	hal_mcu_reset
ARM GAS  /tmp/cc6C9eJA.s 			page 6


 285 0108 BAE7     		b	.L19
 286              	.L29:
 287 010a C046     		.align	2
 288              	.L28:
 289 010c 00000000 		.word	hal_i2c
 290 0110 00000000 		.word	.LANCHOR1
 291 0114 00100240 		.word	1073876992
 292 0118 00000000 		.word	.LANCHOR2
 293 011c 00000000 		.word	.LC2
 294 0120 15000000 		.word	.LC4
 295 0124 16000000 		.word	.LC6
 297              		.section	.text.HAL_I2C_MspDeInit,"ax",%progbits
 298              		.align	1
 299              		.global	HAL_I2C_MspDeInit
 300              		.syntax unified
 301              		.code	16
 302              		.thumb_func
 303              		.fpu softvfp
 305              	HAL_I2C_MspDeInit:
 306              		@ args = 0, pretend = 0, frame = 0
 307              		@ frame_needed = 0, uses_anonymous_args = 0
 308 0000 70B5     		push	{r4, r5, r6, lr}
 309 0002 294C     		ldr	r4, .L35
 310 0004 0368     		ldr	r3, [r0]
 311 0006 2268     		ldr	r2, [r4]
 312 0008 9342     		cmp	r3, r2
 313 000a 0ED1     		bne	.L31
 314 000c 8022     		movs	r2, #128
 315 000e 274B     		ldr	r3, .L35+4
 316 0010 9203     		lsls	r2, r2, #14
 317 0012 996A     		ldr	r1, [r3, #40]
 318 0014 2648     		ldr	r0, .L35+8
 319 0016 0A43     		orrs	r2, r1
 320 0018 9A62     		str	r2, [r3, #40]
 321 001a 996A     		ldr	r1, [r3, #40]
 322 001c 0140     		ands	r1, r0
 323 001e 9962     		str	r1, [r3, #40]
 324 0020 9A6B     		ldr	r2, [r3, #56]
 325 0022 0240     		ands	r2, r0
 326 0024 9A63     		str	r2, [r3, #56]
 327              	.L34:
 328 0026 0022     		movs	r2, #0
 329 0028 12E0     		b	.L32
 330              	.L31:
 331 002a 2200     		movs	r2, r4
 332 002c A832     		adds	r2, r2, #168
 333 002e 1268     		ldr	r2, [r2]
 334 0030 9342     		cmp	r3, r2
 335 0032 27D1     		bne	.L33
 336 0034 8022     		movs	r2, #128
 337 0036 1D4B     		ldr	r3, .L35+4
 338 0038 D205     		lsls	r2, r2, #23
 339 003a 996A     		ldr	r1, [r3, #40]
 340 003c 1D48     		ldr	r0, .L35+12
 341 003e 0A43     		orrs	r2, r1
 342 0040 9A62     		str	r2, [r3, #40]
 343 0042 996A     		ldr	r1, [r3, #40]
ARM GAS  /tmp/cc6C9eJA.s 			page 7


 344 0044 0140     		ands	r1, r0
 345 0046 9962     		str	r1, [r3, #40]
 346 0048 9A6B     		ldr	r2, [r3, #56]
 347 004a 0240     		ands	r2, r0
 348 004c 9A63     		str	r2, [r3, #56]
 349 004e 0222     		movs	r2, #2
 350              	.L32:
 351              		@ sp needed
 352 0050 5423     		movs	r3, #84
 353 0052 5343     		muls	r3, r2
 354 0054 5020     		movs	r0, #80
 355 0056 E418     		adds	r4, r4, r3
 356 0058 0123     		movs	r3, #1
 357 005a 2056     		ldrsb	r0, [r4, r0]
 358 005c 0F22     		movs	r2, #15
 359 005e 5134     		adds	r4, r4, #81
 360 0060 2178     		ldrb	r1, [r4]
 361 0062 1C00     		movs	r4, r3
 362 0064 1140     		ands	r1, r2
 363 0066 8C40     		lsls	r4, r4, r1
 364 0068 0240     		ands	r2, r0
 365 006a 9340     		lsls	r3, r3, r2
 366 006c 2100     		movs	r1, r4
 367 006e 1943     		orrs	r1, r3
 368 0070 F023     		movs	r3, #240
 369 0072 8001     		lsls	r0, r0, #6
 370 0074 9B01     		lsls	r3, r3, #6
 371 0076 1840     		ands	r0, r3
 372 0078 A023     		movs	r3, #160
 373 007a DB05     		lsls	r3, r3, #23
 374 007c C018     		adds	r0, r0, r3
 375 007e FFF7FEFF 		bl	HAL_GPIO_DeInit
 376 0082 70BD     		pop	{r4, r5, r6, pc}
 377              	.L33:
 378 0084 0C49     		ldr	r1, .L35+16
 379 0086 0D48     		ldr	r0, .L35+20
 380 0088 FFF7FEFF 		bl	hal_trace_print_var
 381 008c 0C4D     		ldr	r5, .L35+24
 382 008e 2800     		movs	r0, r5
 383 0090 FFF7FEFF 		bl	hal_trace_print_var
 384 0094 0B48     		ldr	r0, .L35+28
 385 0096 FFF7FEFF 		bl	hal_trace_print_var
 386 009a 2800     		movs	r0, r5
 387 009c FFF7FEFF 		bl	hal_trace_print_var
 388 00a0 FFF7FEFF 		bl	hal_mcu_reset
 389 00a4 BFE7     		b	.L34
 390              	.L36:
 391 00a6 C046     		.align	2
 392              	.L35:
 393 00a8 00000000 		.word	hal_i2c
 394 00ac 00100240 		.word	1073876992
 395 00b0 FFFFDFFF 		.word	-2097153
 396 00b4 FFFFFFBF 		.word	-1073741825
 397 00b8 00000000 		.word	.LANCHOR3
 398 00bc 00000000 		.word	.LC2
 399 00c0 15000000 		.word	.LC4
 400 00c4 16000000 		.word	.LC6
ARM GAS  /tmp/cc6C9eJA.s 			page 8


 402              		.section	.text.hal_i2c_write,"ax",%progbits
 403              		.align	1
 404              		.global	hal_i2c_write
 405              		.syntax unified
 406              		.code	16
 407              		.thumb_func
 408              		.fpu softvfp
 410              	hal_i2c_write:
 411              		@ args = 0, pretend = 0, frame = 8
 412              		@ frame_needed = 0, uses_anonymous_args = 0
 413 0000 30B5     		push	{r4, r5, lr}
 414 0002 1724     		movs	r4, #23
 415 0004 87B0     		sub	sp, sp, #28
 416 0006 6C44     		add	r4, r4, sp
 417 0008 2370     		strb	r3, [r4]
 418 000a 0A4B     		ldr	r3, .L40
 419 000c 451E     		subs	r5, r0, #1
 420 000e 1B78     		ldrb	r3, [r3]
 421 0010 0094     		str	r4, [sp]
 422 0012 581E     		subs	r0, r3, #1
 423 0014 8341     		sbcs	r3, r3, r0
 424 0016 5420     		movs	r0, #84
 425 0018 6843     		muls	r0, r5
 426 001a 074D     		ldr	r5, .L40+4
 427 001c 0430     		adds	r0, r0, #4
 428 001e 4019     		adds	r0, r0, r5
 429 0020 FA25     		movs	r5, #250
 430 0022 ED00     		lsls	r5, r5, #3
 431 0024 0295     		str	r5, [sp, #8]
 432 0026 0125     		movs	r5, #1
 433 0028 0133     		adds	r3, r3, #1
 434 002a 0195     		str	r5, [sp, #4]
 435 002c FFF7FEFF 		bl	HAL_I2C_Mem_Write
 436 0030 07B0     		add	sp, sp, #28
 437              		@ sp needed
 438 0032 30BD     		pop	{r4, r5, pc}
 439              	.L41:
 440              		.align	2
 441              	.L40:
 442 0034 00000000 		.word	.LANCHOR4
 443 0038 00000000 		.word	hal_i2c
 445              		.section	.text.hal_i2c_write_buffer,"ax",%progbits
 446              		.align	1
 447              		.global	hal_i2c_write_buffer
 448              		.syntax unified
 449              		.code	16
 450              		.thumb_func
 451              		.fpu softvfp
 453              	hal_i2c_write_buffer:
 454              		@ args = 4, pretend = 0, frame = 0
 455              		@ frame_needed = 0, uses_anonymous_args = 0
 456 0000 7FB5     		push	{r0, r1, r2, r3, r4, r5, r6, lr}
 457 0002 1C00     		movs	r4, r3
 458 0004 08AB     		add	r3, sp, #32
 459 0006 1D88     		ldrh	r5, [r3]
 460 0008 094B     		ldr	r3, .L45
 461 000a 461E     		subs	r6, r0, #1
ARM GAS  /tmp/cc6C9eJA.s 			page 9


 462 000c 1B78     		ldrb	r3, [r3]
 463 000e 0195     		str	r5, [sp, #4]
 464 0010 581E     		subs	r0, r3, #1
 465 0012 8341     		sbcs	r3, r3, r0
 466 0014 5420     		movs	r0, #84
 467 0016 7043     		muls	r0, r6
 468 0018 064E     		ldr	r6, .L45+4
 469 001a 0430     		adds	r0, r0, #4
 470 001c 8019     		adds	r0, r0, r6
 471 001e FA26     		movs	r6, #250
 472 0020 F600     		lsls	r6, r6, #3
 473 0022 0133     		adds	r3, r3, #1
 474 0024 0296     		str	r6, [sp, #8]
 475 0026 0094     		str	r4, [sp]
 476 0028 FFF7FEFF 		bl	HAL_I2C_Mem_Write
 477 002c 04B0     		add	sp, sp, #16
 478              		@ sp needed
 479 002e 70BD     		pop	{r4, r5, r6, pc}
 480              	.L46:
 481              		.align	2
 482              	.L45:
 483 0030 00000000 		.word	.LANCHOR4
 484 0034 00000000 		.word	hal_i2c
 486              		.section	.text.hal_i2c_read,"ax",%progbits
 487              		.align	1
 488              		.global	hal_i2c_read
 489              		.syntax unified
 490              		.code	16
 491              		.thumb_func
 492              		.fpu softvfp
 494              	hal_i2c_read:
 495              		@ args = 0, pretend = 0, frame = 0
 496              		@ frame_needed = 0, uses_anonymous_args = 0
 497 0000 30B5     		push	{r4, r5, lr}
 498 0002 1D00     		movs	r5, r3
 499 0004 0A4B     		ldr	r3, .L50
 500 0006 441E     		subs	r4, r0, #1
 501 0008 1B78     		ldrb	r3, [r3]
 502 000a 85B0     		sub	sp, sp, #20
 503 000c 581E     		subs	r0, r3, #1
 504 000e 8341     		sbcs	r3, r3, r0
 505 0010 5420     		movs	r0, #84
 506 0012 6043     		muls	r0, r4
 507 0014 074C     		ldr	r4, .L50+4
 508 0016 0430     		adds	r0, r0, #4
 509 0018 0019     		adds	r0, r0, r4
 510 001a FA24     		movs	r4, #250
 511 001c E400     		lsls	r4, r4, #3
 512 001e 0294     		str	r4, [sp, #8]
 513 0020 0124     		movs	r4, #1
 514 0022 0133     		adds	r3, r3, #1
 515 0024 0194     		str	r4, [sp, #4]
 516 0026 0095     		str	r5, [sp]
 517 0028 FFF7FEFF 		bl	HAL_I2C_Mem_Read
 518 002c 05B0     		add	sp, sp, #20
 519              		@ sp needed
 520 002e 30BD     		pop	{r4, r5, pc}
ARM GAS  /tmp/cc6C9eJA.s 			page 10


 521              	.L51:
 522              		.align	2
 523              	.L50:
 524 0030 00000000 		.word	.LANCHOR4
 525 0034 00000000 		.word	hal_i2c
 527              		.section	.text.hal_i2c_read_buffer,"ax",%progbits
 528              		.align	1
 529              		.global	hal_i2c_read_buffer
 530              		.syntax unified
 531              		.code	16
 532              		.thumb_func
 533              		.fpu softvfp
 535              	hal_i2c_read_buffer:
 536              		@ args = 4, pretend = 0, frame = 0
 537              		@ frame_needed = 0, uses_anonymous_args = 0
 538 0000 7FB5     		push	{r0, r1, r2, r3, r4, r5, r6, lr}
 539 0002 1C00     		movs	r4, r3
 540 0004 08AB     		add	r3, sp, #32
 541 0006 1D88     		ldrh	r5, [r3]
 542 0008 094B     		ldr	r3, .L55
 543 000a 461E     		subs	r6, r0, #1
 544 000c 1B78     		ldrb	r3, [r3]
 545 000e 0195     		str	r5, [sp, #4]
 546 0010 581E     		subs	r0, r3, #1
 547 0012 8341     		sbcs	r3, r3, r0
 548 0014 5420     		movs	r0, #84
 549 0016 7043     		muls	r0, r6
 550 0018 064E     		ldr	r6, .L55+4
 551 001a 0430     		adds	r0, r0, #4
 552 001c 8019     		adds	r0, r0, r6
 553 001e FA26     		movs	r6, #250
 554 0020 F600     		lsls	r6, r6, #3
 555 0022 0133     		adds	r3, r3, #1
 556 0024 0296     		str	r6, [sp, #8]
 557 0026 0094     		str	r4, [sp]
 558 0028 FFF7FEFF 		bl	HAL_I2C_Mem_Read
 559 002c 04B0     		add	sp, sp, #16
 560              		@ sp needed
 561 002e 70BD     		pop	{r4, r5, r6, pc}
 562              	.L56:
 563              		.align	2
 564              	.L55:
 565 0030 00000000 		.word	.LANCHOR4
 566 0034 00000000 		.word	hal_i2c
 568              		.section	.text.hal_i2c_set_addr_size,"ax",%progbits
 569              		.align	1
 570              		.global	hal_i2c_set_addr_size
 571              		.syntax unified
 572              		.code	16
 573              		.thumb_func
 574              		.fpu softvfp
 576              	hal_i2c_set_addr_size:
 577              		@ args = 0, pretend = 0, frame = 0
 578              		@ frame_needed = 0, uses_anonymous_args = 0
 579              		@ link register save eliminated.
 580 0000 014B     		ldr	r3, .L58
 581              		@ sp needed
ARM GAS  /tmp/cc6C9eJA.s 			page 11


 582 0002 1870     		strb	r0, [r3]
 583 0004 7047     		bx	lr
 584              	.L59:
 585 0006 C046     		.align	2
 586              	.L58:
 587 0008 00000000 		.word	.LANCHOR4
 589              		.section	.bss.i2c_internal_addr_size,"aw",%nobits
 590              		.set	.LANCHOR4,. + 0
 593              	i2c_internal_addr_size:
 594 0000 00       		.space	1
 595              		.section	.data.hal_i2c,"aw"
 596              		.align	2
 599              	hal_i2c:
 600 0000 00540040 		.word	1073763328
 601 0004 00000000 		.word	0
 602 0008 00000000 		.space	72
 602      00000000 
 602      00000000 
 602      00000000 
 602      00000000 
 603 0050 FF       		.byte	-1
 604 0051 FF       		.byte	-1
 605 0052 0000     		.space	2
 606 0054 00000000 		.space	84
 606      00000000 
 606      00000000 
 606      00000000 
 606      00000000 
 607 00a8 00780040 		.word	1073772544
 608 00ac 00000000 		.word	0
 609 00b0 00000000 		.space	72
 609      00000000 
 609      00000000 
 609      00000000 
 609      00000000 
 610 00f8 FF       		.byte	-1
 611 00f9 FF       		.byte	-1
 612 00fa 0000     		.space	2
 613              		.section	.rodata.CSWTCH.3,"a"
 614              		.set	.LANCHOR1,. + 0
 617              	CSWTCH.3:
 618 0000 07       		.byte	7
 619 0001 01       		.byte	1
 620 0002 01       		.byte	1
 621 0003 01       		.byte	1
 622 0004 01       		.byte	1
 623 0005 01       		.byte	1
 624 0006 01       		.byte	1
 625 0007 01       		.byte	1
 626 0008 01       		.byte	1
 627 0009 01       		.byte	1
 628 000a 01       		.byte	1
 629 000b 01       		.byte	1
 630 000c 01       		.byte	1
 631 000d 01       		.byte	1
 632 000e 01       		.byte	1
 633 000f 01       		.byte	1
ARM GAS  /tmp/cc6C9eJA.s 			page 12


 634 0010 01       		.byte	1
 635 0011 04       		.byte	4
 636 0012 01       		.byte	1
 637 0013 01       		.byte	1
 638 0014 01       		.byte	1
 639 0015 01       		.byte	1
 640 0016 01       		.byte	1
 641 0017 01       		.byte	1
 642 0018 01       		.byte	1
 643 0019 07       		.byte	7
 644              		.section	.rodata.__func__.0,"a"
 645              		.set	.LANCHOR3,. + 0
 648              	__func__.0:
 649 0000 48414C5F 		.ascii	"HAL_I2C_MspDeInit\000"
 649      4932435F 
 649      4D737044 
 649      65496E69 
 649      7400
 650              		.section	.rodata.__func__.1,"a"
 651              		.set	.LANCHOR2,. + 0
 654              	__func__.1:
 655 0000 48414C5F 		.ascii	"HAL_I2C_MspInit\000"
 655      4932435F 
 655      4D737049 
 655      6E697400 
 656              		.section	.rodata.__func__.2,"a"
 657              		.set	.LANCHOR0,. + 0
 660              	__func__.2:
 661 0000 68616C5F 		.ascii	"hal_i2c_init\000"
 661      6932635F 
 661      696E6974 
 661      00
 662              		.ident	"GCC: (15:10.3-2021.07-4) 10.3.1 20210621 (release)"
ARM GAS  /tmp/cc6C9eJA.s 			page 13


DEFINED SYMBOLS
                            *ABS*:0000000000000000 smtc_hal_i2c.c
     /tmp/cc6C9eJA.s:19     .text.hal_i2c_init:0000000000000000 $t
     /tmp/cc6C9eJA.s:27     .text.hal_i2c_init:0000000000000000 hal_i2c_init
     /tmp/cc6C9eJA.s:111    .text.hal_i2c_init:00000000000000b8 $d
     /tmp/cc6C9eJA.s:599    .data.hal_i2c:0000000000000000 hal_i2c
     /tmp/cc6C9eJA.s:119    .text.hal_i2c_deinit:0000000000000000 $t
     /tmp/cc6C9eJA.s:126    .text.hal_i2c_deinit:0000000000000000 hal_i2c_deinit
     /tmp/cc6C9eJA.s:142    .text.hal_i2c_deinit:0000000000000014 $d
     /tmp/cc6C9eJA.s:145    .text.HAL_I2C_MspInit:0000000000000000 $t
     /tmp/cc6C9eJA.s:152    .text.HAL_I2C_MspInit:0000000000000000 HAL_I2C_MspInit
     /tmp/cc6C9eJA.s:289    .text.HAL_I2C_MspInit:000000000000010c $d
     /tmp/cc6C9eJA.s:298    .text.HAL_I2C_MspDeInit:0000000000000000 $t
     /tmp/cc6C9eJA.s:305    .text.HAL_I2C_MspDeInit:0000000000000000 HAL_I2C_MspDeInit
     /tmp/cc6C9eJA.s:393    .text.HAL_I2C_MspDeInit:00000000000000a8 $d
     /tmp/cc6C9eJA.s:403    .text.hal_i2c_write:0000000000000000 $t
     /tmp/cc6C9eJA.s:410    .text.hal_i2c_write:0000000000000000 hal_i2c_write
     /tmp/cc6C9eJA.s:442    .text.hal_i2c_write:0000000000000034 $d
     /tmp/cc6C9eJA.s:446    .text.hal_i2c_write_buffer:0000000000000000 $t
     /tmp/cc6C9eJA.s:453    .text.hal_i2c_write_buffer:0000000000000000 hal_i2c_write_buffer
     /tmp/cc6C9eJA.s:483    .text.hal_i2c_write_buffer:0000000000000030 $d
     /tmp/cc6C9eJA.s:487    .text.hal_i2c_read:0000000000000000 $t
     /tmp/cc6C9eJA.s:494    .text.hal_i2c_read:0000000000000000 hal_i2c_read
     /tmp/cc6C9eJA.s:524    .text.hal_i2c_read:0000000000000030 $d
     /tmp/cc6C9eJA.s:528    .text.hal_i2c_read_buffer:0000000000000000 $t
     /tmp/cc6C9eJA.s:535    .text.hal_i2c_read_buffer:0000000000000000 hal_i2c_read_buffer
     /tmp/cc6C9eJA.s:565    .text.hal_i2c_read_buffer:0000000000000030 $d
     /tmp/cc6C9eJA.s:569    .text.hal_i2c_set_addr_size:0000000000000000 $t
     /tmp/cc6C9eJA.s:576    .text.hal_i2c_set_addr_size:0000000000000000 hal_i2c_set_addr_size
     /tmp/cc6C9eJA.s:587    .text.hal_i2c_set_addr_size:0000000000000008 $d
     /tmp/cc6C9eJA.s:593    .bss.i2c_internal_addr_size:0000000000000000 i2c_internal_addr_size
     /tmp/cc6C9eJA.s:594    .bss.i2c_internal_addr_size:0000000000000000 $d
     /tmp/cc6C9eJA.s:596    .data.hal_i2c:0000000000000000 $d
     /tmp/cc6C9eJA.s:617    .rodata.CSWTCH.3:0000000000000000 CSWTCH.3
     /tmp/cc6C9eJA.s:648    .rodata.__func__.0:0000000000000000 __func__.0
     /tmp/cc6C9eJA.s:654    .rodata.__func__.1:0000000000000000 __func__.1
     /tmp/cc6C9eJA.s:660    .rodata.__func__.2:0000000000000000 __func__.2

UNDEFINED SYMBOLS
HAL_I2C_Init
hal_trace_print_var
hal_mcu_reset
HAL_I2CEx_ConfigAnalogFilter
HAL_I2CEx_ConfigDigitalFilter
HAL_I2C_DeInit
HAL_GPIO_Init
HAL_GPIO_DeInit
HAL_I2C_Mem_Write
HAL_I2C_Mem_Read
