ARM GAS  /tmp/ccdS3B0Y.s 			page 1


   1              		.cpu cortex-m0
   2              		.eabi_attribute 23, 1
   3              		.eabi_attribute 24, 1
   4              		.eabi_attribute 25, 1
   5              		.eabi_attribute 26, 1
   6              		.eabi_attribute 30, 4
   7              		.eabi_attribute 34, 0
   8              		.eabi_attribute 18, 4
   9              		.file	"stm32l0xx_hal_iwdg.c"
  10              		.text
  11              		.section	.text.HAL_IWDG_Init,"ax",%progbits
  12              		.align	1
  13              		.global	HAL_IWDG_Init
  14              		.arch armv6s-m
  15              		.syntax unified
  16              		.code	16
  17              		.thumb_func
  18              		.fpu softvfp
  20              	HAL_IWDG_Init:
  21              		@ args = 0, pretend = 0, frame = 0
  22              		@ frame_needed = 0, uses_anonymous_args = 0
  23 0000 70B5     		push	{r4, r5, r6, lr}
  24 0002 0400     		movs	r4, r0
  25 0004 0120     		movs	r0, #1
  26 0006 002C     		cmp	r4, #0
  27 0008 17D0     		beq	.L2
  28 000a 2368     		ldr	r3, [r4]
  29 000c 124A     		ldr	r2, .L9
  30 000e 0725     		movs	r5, #7
  31 0010 1A60     		str	r2, [r3]
  32 0012 124A     		ldr	r2, .L9+4
  33 0014 1A60     		str	r2, [r3]
  34 0016 6268     		ldr	r2, [r4, #4]
  35 0018 5A60     		str	r2, [r3, #4]
  36 001a A268     		ldr	r2, [r4, #8]
  37 001c 9A60     		str	r2, [r3, #8]
  38 001e FFF7FEFF 		bl	HAL_GetTick
  39 0022 0600     		movs	r6, r0
  40              	.L8:
  41 0024 2368     		ldr	r3, [r4]
  42 0026 DA68     		ldr	r2, [r3, #12]
  43 0028 1000     		movs	r0, r2
  44 002a 2840     		ands	r0, r5
  45 002c 2A42     		tst	r2, r5
  46 002e 05D1     		bne	.L4
  47 0030 1969     		ldr	r1, [r3, #16]
  48 0032 E268     		ldr	r2, [r4, #12]
  49 0034 9142     		cmp	r1, r2
  50 0036 0CD0     		beq	.L5
  51 0038 1A61     		str	r2, [r3, #16]
  52              	.L2:
  53              		@ sp needed
  54 003a 70BD     		pop	{r4, r5, r6, pc}
  55              	.L4:
  56 003c FFF7FEFF 		bl	HAL_GetTick
  57 0040 801B     		subs	r0, r0, r6
  58 0042 2A28     		cmp	r0, #42
ARM GAS  /tmp/ccdS3B0Y.s 			page 2


  59 0044 EED9     		bls	.L8
  60 0046 2368     		ldr	r3, [r4]
  61 0048 DB68     		ldr	r3, [r3, #12]
  62 004a 2B42     		tst	r3, r5
  63 004c EAD0     		beq	.L8
  64 004e 0320     		movs	r0, #3
  65 0050 F3E7     		b	.L2
  66              	.L5:
  67 0052 034A     		ldr	r2, .L9+8
  68 0054 1A60     		str	r2, [r3]
  69 0056 F0E7     		b	.L2
  70              	.L10:
  71              		.align	2
  72              	.L9:
  73 0058 CCCC0000 		.word	52428
  74 005c 55550000 		.word	21845
  75 0060 AAAA0000 		.word	43690
  77              		.section	.text.HAL_IWDG_Refresh,"ax",%progbits
  78              		.align	1
  79              		.global	HAL_IWDG_Refresh
  80              		.syntax unified
  81              		.code	16
  82              		.thumb_func
  83              		.fpu softvfp
  85              	HAL_IWDG_Refresh:
  86              		@ args = 0, pretend = 0, frame = 0
  87              		@ frame_needed = 0, uses_anonymous_args = 0
  88              		@ link register save eliminated.
  89 0000 0368     		ldr	r3, [r0]
  90 0002 024A     		ldr	r2, .L12
  91 0004 0020     		movs	r0, #0
  92              		@ sp needed
  93 0006 1A60     		str	r2, [r3]
  94 0008 7047     		bx	lr
  95              	.L13:
  96 000a C046     		.align	2
  97              	.L12:
  98 000c AAAA0000 		.word	43690
 100              		.ident	"GCC: (15:10.3-2021.07-4) 10.3.1 20210621 (release)"
ARM GAS  /tmp/ccdS3B0Y.s 			page 3


DEFINED SYMBOLS
                            *ABS*:0000000000000000 stm32l0xx_hal_iwdg.c
     /tmp/ccdS3B0Y.s:12     .text.HAL_IWDG_Init:0000000000000000 $t
     /tmp/ccdS3B0Y.s:20     .text.HAL_IWDG_Init:0000000000000000 HAL_IWDG_Init
     /tmp/ccdS3B0Y.s:73     .text.HAL_IWDG_Init:0000000000000058 $d
     /tmp/ccdS3B0Y.s:78     .text.HAL_IWDG_Refresh:0000000000000000 $t
     /tmp/ccdS3B0Y.s:85     .text.HAL_IWDG_Refresh:0000000000000000 HAL_IWDG_Refresh
     /tmp/ccdS3B0Y.s:98     .text.HAL_IWDG_Refresh:000000000000000c $d

UNDEFINED SYMBOLS
HAL_GetTick
