ARM GAS  /tmp/ccnrKtV4.s 			page 1


   1              		.cpu cortex-m0
   2              		.eabi_attribute 23, 1
   3              		.eabi_attribute 24, 1
   4              		.eabi_attribute 25, 1
   5              		.eabi_attribute 26, 1
   6              		.eabi_attribute 30, 4
   7              		.eabi_attribute 34, 0
   8              		.eabi_attribute 18, 4
   9              		.file	"stm32l0xx_hal_gpio.c"
  10              		.text
  11              		.section	.text.HAL_GPIO_Init,"ax",%progbits
  12              		.align	1
  13              		.global	HAL_GPIO_Init
  14              		.arch armv6s-m
  15              		.syntax unified
  16              		.code	16
  17              		.thumb_func
  18              		.fpu softvfp
  20              	HAL_GPIO_Init:
  21              		@ args = 0, pretend = 0, frame = 24
  22              		@ frame_needed = 0, uses_anonymous_args = 0
  23 0000 5A4A     		ldr	r2, .L29
  24 0002 F0B5     		push	{r4, r5, r6, r7, lr}
  25 0004 8218     		adds	r2, r0, r2
  26 0006 541E     		subs	r4, r2, #1
  27 0008 A241     		sbcs	r2, r2, r4
  28 000a 0023     		movs	r3, #0
  29 000c 87B0     		sub	sp, sp, #28
  30 000e 0532     		adds	r2, r2, #5
  31 0010 0391     		str	r1, [sp, #12]
  32 0012 0592     		str	r2, [sp, #20]
  33              	.L2:
  34 0014 039A     		ldr	r2, [sp, #12]
  35 0016 1268     		ldr	r2, [r2]
  36 0018 1400     		movs	r4, r2
  37 001a DC40     		lsrs	r4, r4, r3
  38 001c 01D1     		bne	.L19
  39 001e 07B0     		add	sp, sp, #28
  40              		@ sp needed
  41 0020 F0BD     		pop	{r4, r5, r6, r7, pc}
  42              	.L19:
  43 0022 0121     		movs	r1, #1
  44 0024 0D00     		movs	r5, r1
  45 0026 1400     		movs	r4, r2
  46 0028 9D40     		lsls	r5, r5, r3
  47 002a 2C40     		ands	r4, r5
  48 002c 8C46     		mov	ip, r1
  49 002e 0294     		str	r4, [sp, #8]
  50 0030 2A42     		tst	r2, r5
  51 0032 00D1     		bne	.LCB42
  52 0034 98E0     		b	.L4	@long jump
  53              	.LCB42:
  54 0036 0324     		movs	r4, #3
  55 0038 039A     		ldr	r2, [sp, #12]
  56 003a 5E00     		lsls	r6, r3, #1
  57 003c 5268     		ldr	r2, [r2, #4]
  58 003e 0192     		str	r2, [sp, #4]
ARM GAS  /tmp/ccnrKtV4.s 			page 2


  59 0040 2240     		ands	r2, r4
  60 0042 B440     		lsls	r4, r4, r6
  61 0044 E143     		mvns	r1, r4
  62 0046 541E     		subs	r4, r2, #1
  63 0048 0491     		str	r1, [sp, #16]
  64 004a 6445     		cmp	r4, ip
  65 004c 2AD8     		bhi	.L5
  66 004e 8768     		ldr	r7, [r0, #8]
  67 0050 0F40     		ands	r7, r1
  68 0052 0399     		ldr	r1, [sp, #12]
  69 0054 CC68     		ldr	r4, [r1, #12]
  70 0056 0199     		ldr	r1, [sp, #4]
  71 0058 B440     		lsls	r4, r4, r6
  72 005a 3C43     		orrs	r4, r7
  73 005c 8460     		str	r4, [r0, #8]
  74 005e 4468     		ldr	r4, [r0, #4]
  75 0060 AC43     		bics	r4, r5
  76 0062 2500     		movs	r5, r4
  77 0064 0C09     		lsrs	r4, r1, #4
  78 0066 6146     		mov	r1, ip
  79 0068 0C40     		ands	r4, r1
  80 006a 9C40     		lsls	r4, r4, r3
  81 006c 2C43     		orrs	r4, r5
  82 006e 4460     		str	r4, [r0, #4]
  83              	.L6:
  84 0070 C568     		ldr	r5, [r0, #12]
  85 0072 0499     		ldr	r1, [sp, #16]
  86 0074 0D40     		ands	r5, r1
  87 0076 0399     		ldr	r1, [sp, #12]
  88 0078 8C68     		ldr	r4, [r1, #8]
  89 007a B440     		lsls	r4, r4, r6
  90 007c 2C43     		orrs	r4, r5
  91 007e C460     		str	r4, [r0, #12]
  92 0080 022A     		cmp	r2, #2
  93 0082 11D1     		bne	.L7
  94 0084 0725     		movs	r5, #7
  95 0086 0F21     		movs	r1, #15
  96 0088 1D40     		ands	r5, r3
  97 008a AD00     		lsls	r5, r5, #2
  98 008c A940     		lsls	r1, r1, r5
  99 008e DC08     		lsrs	r4, r3, #3
 100 0090 A400     		lsls	r4, r4, #2
 101 0092 0419     		adds	r4, r0, r4
 102 0094 276A     		ldr	r7, [r4, #32]
 103 0096 8F43     		bics	r7, r1
 104 0098 0399     		ldr	r1, [sp, #12]
 105 009a 0969     		ldr	r1, [r1, #16]
 106 009c A940     		lsls	r1, r1, r5
 107 009e 0F43     		orrs	r7, r1
 108 00a0 2762     		str	r7, [r4, #32]
 109 00a2 01E0     		b	.L7
 110              	.L5:
 111 00a4 032A     		cmp	r2, #3
 112 00a6 E3D1     		bne	.L6
 113              	.L7:
 114 00a8 B240     		lsls	r2, r2, r6
 115 00aa 0468     		ldr	r4, [r0]
ARM GAS  /tmp/ccnrKtV4.s 			page 3


 116 00ac 0499     		ldr	r1, [sp, #16]
 117 00ae 2140     		ands	r1, r4
 118 00b0 0A43     		orrs	r2, r1
 119 00b2 0260     		str	r2, [r0]
 120 00b4 C022     		movs	r2, #192
 121 00b6 0199     		ldr	r1, [sp, #4]
 122 00b8 9202     		lsls	r2, r2, #10
 123 00ba 1142     		tst	r1, r2
 124 00bc 54D0     		beq	.L4
 125 00be 0127     		movs	r7, #1
 126 00c0 2B4C     		ldr	r4, .L29+4
 127 00c2 0326     		movs	r6, #3
 128 00c4 626B     		ldr	r2, [r4, #52]
 129 00c6 1D00     		movs	r5, r3
 130 00c8 3A43     		orrs	r2, r7
 131 00ca 6263     		str	r2, [r4, #52]
 132 00cc 294A     		ldr	r2, .L29+8
 133 00ce 9C08     		lsrs	r4, r3, #2
 134 00d0 A400     		lsls	r4, r4, #2
 135 00d2 A418     		adds	r4, r4, r2
 136 00d4 A268     		ldr	r2, [r4, #8]
 137 00d6 3540     		ands	r5, r6
 138 00d8 9446     		mov	ip, r2
 139 00da 0F22     		movs	r2, #15
 140 00dc AD00     		lsls	r5, r5, #2
 141 00de AA40     		lsls	r2, r2, r5
 142 00e0 6146     		mov	r1, ip
 143 00e2 9143     		bics	r1, r2
 144 00e4 A022     		movs	r2, #160
 145 00e6 D205     		lsls	r2, r2, #23
 146 00e8 9446     		mov	ip, r2
 147 00ea 0022     		movs	r2, #0
 148 00ec 6045     		cmp	r0, ip
 149 00ee 11D0     		beq	.L10
 150 00f0 214A     		ldr	r2, .L29+12
 151 00f2 9446     		mov	ip, r2
 152 00f4 3A00     		movs	r2, r7
 153 00f6 6045     		cmp	r0, ip
 154 00f8 0CD0     		beq	.L10
 155 00fa 204F     		ldr	r7, .L29+16
 156 00fc 9218     		adds	r2, r2, r2
 157 00fe B842     		cmp	r0, r7
 158 0100 08D0     		beq	.L10
 159 0102 1F4F     		ldr	r7, .L29+20
 160 0104 3200     		movs	r2, r6
 161 0106 B842     		cmp	r0, r7
 162 0108 04D0     		beq	.L10
 163 010a 1E4E     		ldr	r6, .L29+24
 164 010c 0132     		adds	r2, r2, #1
 165 010e B042     		cmp	r0, r6
 166 0110 00D0     		beq	.L10
 167 0112 059A     		ldr	r2, [sp, #20]
 168              	.L10:
 169 0114 AA40     		lsls	r2, r2, r5
 170 0116 0A43     		orrs	r2, r1
 171 0118 0299     		ldr	r1, [sp, #8]
 172 011a A260     		str	r2, [r4, #8]
ARM GAS  /tmp/ccnrKtV4.s 			page 4


 173 011c 0D00     		movs	r5, r1
 174 011e 1A4A     		ldr	r2, .L29+28
 175 0120 CC43     		mvns	r4, r1
 176 0122 1668     		ldr	r6, [r2]
 177 0124 0199     		ldr	r1, [sp, #4]
 178 0126 3543     		orrs	r5, r6
 179 0128 C903     		lsls	r1, r1, #15
 180 012a 01D4     		bmi	.L12
 181 012c 3500     		movs	r5, r6
 182 012e 2540     		ands	r5, r4
 183              	.L12:
 184 0130 1560     		str	r5, [r2]
 185 0132 5668     		ldr	r6, [r2, #4]
 186 0134 029D     		ldr	r5, [sp, #8]
 187 0136 0199     		ldr	r1, [sp, #4]
 188 0138 3543     		orrs	r5, r6
 189 013a 8903     		lsls	r1, r1, #14
 190 013c 01D4     		bmi	.L14
 191 013e 3500     		movs	r5, r6
 192 0140 2540     		ands	r5, r4
 193              	.L14:
 194 0142 5560     		str	r5, [r2, #4]
 195 0144 9668     		ldr	r6, [r2, #8]
 196 0146 029D     		ldr	r5, [sp, #8]
 197 0148 0199     		ldr	r1, [sp, #4]
 198 014a 3543     		orrs	r5, r6
 199 014c C902     		lsls	r1, r1, #11
 200 014e 01D4     		bmi	.L16
 201 0150 3500     		movs	r5, r6
 202 0152 2540     		ands	r5, r4
 203              	.L16:
 204 0154 9560     		str	r5, [r2, #8]
 205 0156 D568     		ldr	r5, [r2, #12]
 206 0158 029E     		ldr	r6, [sp, #8]
 207 015a 0199     		ldr	r1, [sp, #4]
 208 015c 2E43     		orrs	r6, r5
 209 015e 8902     		lsls	r1, r1, #10
 210 0160 01D4     		bmi	.L18
 211 0162 2540     		ands	r5, r4
 212 0164 2E00     		movs	r6, r5
 213              	.L18:
 214 0166 D660     		str	r6, [r2, #12]
 215              	.L4:
 216 0168 0133     		adds	r3, r3, #1
 217 016a 53E7     		b	.L2
 218              	.L30:
 219              		.align	2
 220              	.L29:
 221 016c 00E4FFAF 		.word	-1342184448
 222 0170 00100240 		.word	1073876992
 223 0174 00000140 		.word	1073807360
 224 0178 00040050 		.word	1342178304
 225 017c 00080050 		.word	1342179328
 226 0180 000C0050 		.word	1342180352
 227 0184 00100050 		.word	1342181376
 228 0188 00040140 		.word	1073808384
 230              		.section	.text.HAL_GPIO_DeInit,"ax",%progbits
ARM GAS  /tmp/ccnrKtV4.s 			page 5


 231              		.align	1
 232              		.global	HAL_GPIO_DeInit
 233              		.syntax unified
 234              		.code	16
 235              		.thumb_func
 236              		.fpu softvfp
 238              	HAL_GPIO_DeInit:
 239              		@ args = 0, pretend = 0, frame = 24
 240              		@ frame_needed = 0, uses_anonymous_args = 0
 241 0000 F0B5     		push	{r4, r5, r6, r7, lr}
 242 0002 384A     		ldr	r2, .L46
 243 0004 87B0     		sub	sp, sp, #28
 244 0006 8218     		adds	r2, r0, r2
 245 0008 0291     		str	r1, [sp, #8]
 246 000a 511E     		subs	r1, r2, #1
 247 000c 8A41     		sbcs	r2, r2, r1
 248 000e 0023     		movs	r3, #0
 249 0010 0532     		adds	r2, r2, #5
 250 0012 0592     		str	r2, [sp, #20]
 251              	.L32:
 252 0014 029A     		ldr	r2, [sp, #8]
 253 0016 DA40     		lsrs	r2, r2, r3
 254 0018 01D1     		bne	.L36
 255 001a 07B0     		add	sp, sp, #28
 256              		@ sp needed
 257 001c F0BD     		pop	{r4, r5, r6, r7, pc}
 258              	.L36:
 259 001e 0127     		movs	r7, #1
 260 0020 3A00     		movs	r2, r7
 261 0022 9A40     		lsls	r2, r2, r3
 262 0024 029C     		ldr	r4, [sp, #8]
 263 0026 0192     		str	r2, [sp, #4]
 264 0028 1440     		ands	r4, r2
 265 002a 0199     		ldr	r1, [sp, #4]
 266 002c 029A     		ldr	r2, [sp, #8]
 267 002e 0A42     		tst	r2, r1
 268 0030 56D0     		beq	.L33
 269 0032 2D4A     		ldr	r2, .L46+4
 270 0034 9908     		lsrs	r1, r3, #2
 271 0036 8900     		lsls	r1, r1, #2
 272 0038 8918     		adds	r1, r1, r2
 273 003a 8A68     		ldr	r2, [r1, #8]
 274 003c 1D00     		movs	r5, r3
 275 003e 1600     		movs	r6, r2
 276 0040 0322     		movs	r2, #3
 277 0042 1540     		ands	r5, r2
 278 0044 AD00     		lsls	r5, r5, #2
 279 0046 0C32     		adds	r2, r2, #12
 280 0048 AA40     		lsls	r2, r2, r5
 281 004a 0392     		str	r2, [sp, #12]
 282 004c 3240     		ands	r2, r6
 283 004e 0492     		str	r2, [sp, #16]
 284 0050 A022     		movs	r2, #160
 285 0052 D205     		lsls	r2, r2, #23
 286 0054 9446     		mov	ip, r2
 287 0056 0022     		movs	r2, #0
 288 0058 6045     		cmp	r0, ip
ARM GAS  /tmp/ccnrKtV4.s 			page 6


 289 005a 11D0     		beq	.L34
 290 005c 234A     		ldr	r2, .L46+8
 291 005e 9446     		mov	ip, r2
 292 0060 3A00     		movs	r2, r7
 293 0062 6045     		cmp	r0, ip
 294 0064 0CD0     		beq	.L34
 295 0066 224F     		ldr	r7, .L46+12
 296 0068 9218     		adds	r2, r2, r2
 297 006a B842     		cmp	r0, r7
 298 006c 08D0     		beq	.L34
 299 006e 214F     		ldr	r7, .L46+16
 300 0070 0132     		adds	r2, r2, #1
 301 0072 B842     		cmp	r0, r7
 302 0074 04D0     		beq	.L34
 303 0076 204E     		ldr	r6, .L46+20
 304 0078 0132     		adds	r2, r2, #1
 305 007a B042     		cmp	r0, r6
 306 007c 00D0     		beq	.L34
 307 007e 059A     		ldr	r2, [sp, #20]
 308              	.L34:
 309 0080 AA40     		lsls	r2, r2, r5
 310 0082 049D     		ldr	r5, [sp, #16]
 311 0084 AA42     		cmp	r2, r5
 312 0086 10D1     		bne	.L35
 313 0088 1C4A     		ldr	r2, .L46+24
 314 008a 1568     		ldr	r5, [r2]
 315 008c A543     		bics	r5, r4
 316 008e 1560     		str	r5, [r2]
 317 0090 5568     		ldr	r5, [r2, #4]
 318 0092 A543     		bics	r5, r4
 319 0094 5560     		str	r5, [r2, #4]
 320 0096 9568     		ldr	r5, [r2, #8]
 321 0098 A543     		bics	r5, r4
 322 009a 9560     		str	r5, [r2, #8]
 323 009c D568     		ldr	r5, [r2, #12]
 324 009e A543     		bics	r5, r4
 325 00a0 D560     		str	r5, [r2, #12]
 326 00a2 8A68     		ldr	r2, [r1, #8]
 327 00a4 039C     		ldr	r4, [sp, #12]
 328 00a6 A243     		bics	r2, r4
 329 00a8 8A60     		str	r2, [r1, #8]
 330              	.L35:
 331 00aa 0321     		movs	r1, #3
 332 00ac 5C00     		lsls	r4, r3, #1
 333 00ae A140     		lsls	r1, r1, r4
 334 00b0 0724     		movs	r4, #7
 335 00b2 0F26     		movs	r6, #15
 336 00b4 1C40     		ands	r4, r3
 337 00b6 A400     		lsls	r4, r4, #2
 338 00b8 A640     		lsls	r6, r6, r4
 339 00ba 0268     		ldr	r2, [r0]
 340 00bc 019C     		ldr	r4, [sp, #4]
 341 00be 0A43     		orrs	r2, r1
 342 00c0 0260     		str	r2, [r0]
 343 00c2 DA08     		lsrs	r2, r3, #3
 344 00c4 9200     		lsls	r2, r2, #2
 345 00c6 8218     		adds	r2, r0, r2
ARM GAS  /tmp/ccnrKtV4.s 			page 7


 346 00c8 156A     		ldr	r5, [r2, #32]
 347 00ca B543     		bics	r5, r6
 348 00cc 1562     		str	r5, [r2, #32]
 349 00ce C268     		ldr	r2, [r0, #12]
 350 00d0 8A43     		bics	r2, r1
 351 00d2 C260     		str	r2, [r0, #12]
 352 00d4 4268     		ldr	r2, [r0, #4]
 353 00d6 A243     		bics	r2, r4
 354 00d8 4260     		str	r2, [r0, #4]
 355 00da 8268     		ldr	r2, [r0, #8]
 356 00dc 8A43     		bics	r2, r1
 357 00de 8260     		str	r2, [r0, #8]
 358              	.L33:
 359 00e0 0133     		adds	r3, r3, #1
 360 00e2 97E7     		b	.L32
 361              	.L47:
 362              		.align	2
 363              	.L46:
 364 00e4 00E4FFAF 		.word	-1342184448
 365 00e8 00000140 		.word	1073807360
 366 00ec 00040050 		.word	1342178304
 367 00f0 00080050 		.word	1342179328
 368 00f4 000C0050 		.word	1342180352
 369 00f8 00100050 		.word	1342181376
 370 00fc 00040140 		.word	1073808384
 372              		.section	.text.HAL_GPIO_ReadPin,"ax",%progbits
 373              		.align	1
 374              		.global	HAL_GPIO_ReadPin
 375              		.syntax unified
 376              		.code	16
 377              		.thumb_func
 378              		.fpu softvfp
 380              	HAL_GPIO_ReadPin:
 381              		@ args = 0, pretend = 0, frame = 0
 382              		@ frame_needed = 0, uses_anonymous_args = 0
 383              		@ link register save eliminated.
 384 0000 0069     		ldr	r0, [r0, #16]
 385              		@ sp needed
 386 0002 0840     		ands	r0, r1
 387 0004 431E     		subs	r3, r0, #1
 388 0006 9841     		sbcs	r0, r0, r3
 389 0008 C0B2     		uxtb	r0, r0
 390 000a 7047     		bx	lr
 392              		.section	.text.HAL_GPIO_WritePin,"ax",%progbits
 393              		.align	1
 394              		.global	HAL_GPIO_WritePin
 395              		.syntax unified
 396              		.code	16
 397              		.thumb_func
 398              		.fpu softvfp
 400              	HAL_GPIO_WritePin:
 401              		@ args = 0, pretend = 0, frame = 0
 402              		@ frame_needed = 0, uses_anonymous_args = 0
 403              		@ link register save eliminated.
 404 0000 002A     		cmp	r2, #0
 405 0002 01D0     		beq	.L50
 406 0004 8161     		str	r1, [r0, #24]
ARM GAS  /tmp/ccnrKtV4.s 			page 8


 407              	.L49:
 408              		@ sp needed
 409 0006 7047     		bx	lr
 410              	.L50:
 411 0008 8162     		str	r1, [r0, #40]
 412 000a FCE7     		b	.L49
 414              		.section	.text.HAL_GPIO_TogglePin,"ax",%progbits
 415              		.align	1
 416              		.global	HAL_GPIO_TogglePin
 417              		.syntax unified
 418              		.code	16
 419              		.thumb_func
 420              		.fpu softvfp
 422              	HAL_GPIO_TogglePin:
 423              		@ args = 0, pretend = 0, frame = 0
 424              		@ frame_needed = 0, uses_anonymous_args = 0
 425              		@ link register save eliminated.
 426 0000 4269     		ldr	r2, [r0, #20]
 427              		@ sp needed
 428 0002 1300     		movs	r3, r2
 429 0004 0B40     		ands	r3, r1
 430 0006 1B04     		lsls	r3, r3, #16
 431 0008 9143     		bics	r1, r2
 432 000a 1943     		orrs	r1, r3
 433 000c 8161     		str	r1, [r0, #24]
 434 000e 7047     		bx	lr
 436              		.section	.text.HAL_GPIO_LockPin,"ax",%progbits
 437              		.align	1
 438              		.global	HAL_GPIO_LockPin
 439              		.syntax unified
 440              		.code	16
 441              		.thumb_func
 442              		.fpu softvfp
 444              	HAL_GPIO_LockPin:
 445              		@ args = 0, pretend = 0, frame = 8
 446              		@ frame_needed = 0, uses_anonymous_args = 0
 447              		@ link register save eliminated.
 448 0000 8023     		movs	r3, #128
 449 0002 82B0     		sub	sp, sp, #8
 450 0004 5B02     		lsls	r3, r3, #9
 451 0006 0193     		str	r3, [sp, #4]
 452 0008 019B     		ldr	r3, [sp, #4]
 453 000a 0B43     		orrs	r3, r1
 454 000c 0193     		str	r3, [sp, #4]
 455 000e 019B     		ldr	r3, [sp, #4]
 456 0010 C361     		str	r3, [r0, #28]
 457 0012 C161     		str	r1, [r0, #28]
 458 0014 019B     		ldr	r3, [sp, #4]
 459 0016 C361     		str	r3, [r0, #28]
 460 0018 C369     		ldr	r3, [r0, #28]
 461 001a 0193     		str	r3, [sp, #4]
 462 001c C369     		ldr	r3, [r0, #28]
 463 001e 0120     		movs	r0, #1
 464 0020 1B0C     		lsrs	r3, r3, #16
 465 0022 9843     		bics	r0, r3
 466 0024 02B0     		add	sp, sp, #8
 467              		@ sp needed
ARM GAS  /tmp/ccnrKtV4.s 			page 9


 468 0026 7047     		bx	lr
 470              		.section	.text.HAL_GPIO_EXTI_Callback,"ax",%progbits
 471              		.align	1
 472              		.weak	HAL_GPIO_EXTI_Callback
 473              		.syntax unified
 474              		.code	16
 475              		.thumb_func
 476              		.fpu softvfp
 478              	HAL_GPIO_EXTI_Callback:
 479              		@ args = 0, pretend = 0, frame = 0
 480              		@ frame_needed = 0, uses_anonymous_args = 0
 481              		@ link register save eliminated.
 482              		@ sp needed
 483 0000 7047     		bx	lr
 485              		.section	.text.HAL_GPIO_EXTI_IRQHandler,"ax",%progbits
 486              		.align	1
 487              		.global	HAL_GPIO_EXTI_IRQHandler
 488              		.syntax unified
 489              		.code	16
 490              		.thumb_func
 491              		.fpu softvfp
 493              	HAL_GPIO_EXTI_IRQHandler:
 494              		@ args = 0, pretend = 0, frame = 0
 495              		@ frame_needed = 0, uses_anonymous_args = 0
 496 0000 044B     		ldr	r3, .L60
 497 0002 10B5     		push	{r4, lr}
 498 0004 5A69     		ldr	r2, [r3, #20]
 499 0006 1042     		tst	r0, r2
 500 0008 02D0     		beq	.L55
 501 000a 5861     		str	r0, [r3, #20]
 502 000c FFF7FEFF 		bl	HAL_GPIO_EXTI_Callback
 503              	.L55:
 504              		@ sp needed
 505 0010 10BD     		pop	{r4, pc}
 506              	.L61:
 507 0012 C046     		.align	2
 508              	.L60:
 509 0014 00040140 		.word	1073808384
 511              		.ident	"GCC: (15:10.3-2021.07-4) 10.3.1 20210621 (release)"
ARM GAS  /tmp/ccnrKtV4.s 			page 10


DEFINED SYMBOLS
                            *ABS*:0000000000000000 stm32l0xx_hal_gpio.c
     /tmp/ccnrKtV4.s:12     .text.HAL_GPIO_Init:0000000000000000 $t
     /tmp/ccnrKtV4.s:20     .text.HAL_GPIO_Init:0000000000000000 HAL_GPIO_Init
     /tmp/ccnrKtV4.s:221    .text.HAL_GPIO_Init:000000000000016c $d
     /tmp/ccnrKtV4.s:231    .text.HAL_GPIO_DeInit:0000000000000000 $t
     /tmp/ccnrKtV4.s:238    .text.HAL_GPIO_DeInit:0000000000000000 HAL_GPIO_DeInit
     /tmp/ccnrKtV4.s:364    .text.HAL_GPIO_DeInit:00000000000000e4 $d
     /tmp/ccnrKtV4.s:373    .text.HAL_GPIO_ReadPin:0000000000000000 $t
     /tmp/ccnrKtV4.s:380    .text.HAL_GPIO_ReadPin:0000000000000000 HAL_GPIO_ReadPin
     /tmp/ccnrKtV4.s:393    .text.HAL_GPIO_WritePin:0000000000000000 $t
     /tmp/ccnrKtV4.s:400    .text.HAL_GPIO_WritePin:0000000000000000 HAL_GPIO_WritePin
     /tmp/ccnrKtV4.s:415    .text.HAL_GPIO_TogglePin:0000000000000000 $t
     /tmp/ccnrKtV4.s:422    .text.HAL_GPIO_TogglePin:0000000000000000 HAL_GPIO_TogglePin
     /tmp/ccnrKtV4.s:437    .text.HAL_GPIO_LockPin:0000000000000000 $t
     /tmp/ccnrKtV4.s:444    .text.HAL_GPIO_LockPin:0000000000000000 HAL_GPIO_LockPin
     /tmp/ccnrKtV4.s:471    .text.HAL_GPIO_EXTI_Callback:0000000000000000 $t
     /tmp/ccnrKtV4.s:478    .text.HAL_GPIO_EXTI_Callback:0000000000000000 HAL_GPIO_EXTI_Callback
     /tmp/ccnrKtV4.s:486    .text.HAL_GPIO_EXTI_IRQHandler:0000000000000000 $t
     /tmp/ccnrKtV4.s:493    .text.HAL_GPIO_EXTI_IRQHandler:0000000000000000 HAL_GPIO_EXTI_IRQHandler
     /tmp/ccnrKtV4.s:509    .text.HAL_GPIO_EXTI_IRQHandler:0000000000000014 $d

NO UNDEFINED SYMBOLS
