ARM GAS  /tmp/ccNihvbO.s 			page 1


   1              		.cpu cortex-m0
   2              		.eabi_attribute 23, 1
   3              		.eabi_attribute 24, 1
   4              		.eabi_attribute 25, 1
   5              		.eabi_attribute 26, 1
   6              		.eabi_attribute 30, 4
   7              		.eabi_attribute 34, 0
   8              		.eabi_attribute 18, 4
   9              		.file	"stm32l0xx_hal_flash.c"
  10              		.text
  11              		.section	.text.FLASH_SetErrorCode,"ax",%progbits
  12              		.align	1
  13              		.arch armv6s-m
  14              		.syntax unified
  15              		.code	16
  16              		.thumb_func
  17              		.fpu softvfp
  19              	FLASH_SetErrorCode:
  20              		@ args = 0, pretend = 0, frame = 0
  21              		@ frame_needed = 0, uses_anonymous_args = 0
  22 0000 284A     		ldr	r2, .L30
  23 0002 8021     		movs	r1, #128
  24 0004 9069     		ldr	r0, [r2, #24]
  25 0006 4900     		lsls	r1, r1, #1
  26 0008 0300     		movs	r3, r0
  27 000a 30B5     		push	{r4, r5, lr}
  28 000c 0B40     		ands	r3, r1
  29 000e 0842     		tst	r0, r1
  30 0010 05D0     		beq	.L2
  31 0012 0223     		movs	r3, #2
  32 0014 2448     		ldr	r0, .L30+4
  33 0016 4469     		ldr	r4, [r0, #20]
  34 0018 2343     		orrs	r3, r4
  35 001a 4361     		str	r3, [r0, #20]
  36 001c 0B00     		movs	r3, r1
  37              	.L2:
  38 001e 8020     		movs	r0, #128
  39 0020 9169     		ldr	r1, [r2, #24]
  40 0022 8000     		lsls	r0, r0, #2
  41 0024 0142     		tst	r1, r0
  42 0026 05D0     		beq	.L3
  43 0028 0121     		movs	r1, #1
  44 002a 1F4C     		ldr	r4, .L30+4
  45 002c 0343     		orrs	r3, r0
  46 002e 6569     		ldr	r5, [r4, #20]
  47 0030 2943     		orrs	r1, r5
  48 0032 6161     		str	r1, [r4, #20]
  49              	.L3:
  50 0034 8020     		movs	r0, #128
  51 0036 9169     		ldr	r1, [r2, #24]
  52 0038 C000     		lsls	r0, r0, #3
  53 003a 0142     		tst	r1, r0
  54 003c 05D0     		beq	.L4
  55 003e 0821     		movs	r1, #8
  56 0040 194C     		ldr	r4, .L30+4
  57 0042 0343     		orrs	r3, r0
  58 0044 6569     		ldr	r5, [r4, #20]
ARM GAS  /tmp/ccNihvbO.s 			page 2


  59 0046 2943     		orrs	r1, r5
  60 0048 6161     		str	r1, [r4, #20]
  61              	.L4:
  62 004a 8020     		movs	r0, #128
  63 004c 9169     		ldr	r1, [r2, #24]
  64 004e 0001     		lsls	r0, r0, #4
  65 0050 0142     		tst	r1, r0
  66 0052 05D0     		beq	.L5
  67 0054 0421     		movs	r1, #4
  68 0056 144C     		ldr	r4, .L30+4
  69 0058 0343     		orrs	r3, r0
  70 005a 6569     		ldr	r5, [r4, #20]
  71 005c 2943     		orrs	r1, r5
  72 005e 6161     		str	r1, [r4, #20]
  73              	.L5:
  74 0060 8020     		movs	r0, #128
  75 0062 9169     		ldr	r1, [r2, #24]
  76 0064 8001     		lsls	r0, r0, #6
  77 0066 0142     		tst	r1, r0
  78 0068 05D0     		beq	.L6
  79 006a 1021     		movs	r1, #16
  80 006c 0E4C     		ldr	r4, .L30+4
  81 006e 0343     		orrs	r3, r0
  82 0070 6569     		ldr	r5, [r4, #20]
  83 0072 2943     		orrs	r1, r5
  84 0074 6161     		str	r1, [r4, #20]
  85              	.L6:
  86 0076 9169     		ldr	r1, [r2, #24]
  87 0078 8903     		lsls	r1, r1, #14
  88 007a 05D5     		bpl	.L7
  89 007c 2020     		movs	r0, #32
  90 007e 0A4C     		ldr	r4, .L30+4
  91 0080 0343     		orrs	r3, r0
  92 0082 6169     		ldr	r1, [r4, #20]
  93 0084 0143     		orrs	r1, r0
  94 0086 6161     		str	r1, [r4, #20]
  95              	.L7:
  96 0088 8020     		movs	r0, #128
  97 008a 9169     		ldr	r1, [r2, #24]
  98 008c 4002     		lsls	r0, r0, #9
  99 008e 0142     		tst	r1, r0
 100 0090 05D0     		beq	.L8
 101 0092 4021     		movs	r1, #64
 102 0094 044C     		ldr	r4, .L30+4
 103 0096 0343     		orrs	r3, r0
 104 0098 6569     		ldr	r5, [r4, #20]
 105 009a 2943     		orrs	r1, r5
 106 009c 6161     		str	r1, [r4, #20]
 107              	.L8:
 108 009e 9361     		str	r3, [r2, #24]
 109              		@ sp needed
 110 00a0 30BD     		pop	{r4, r5, pc}
 111              	.L31:
 112 00a2 C046     		.align	2
 113              	.L30:
 114 00a4 00200240 		.word	1073881088
 115 00a8 00000000 		.word	.LANCHOR0
ARM GAS  /tmp/ccNihvbO.s 			page 3


 117              		.section	.text.HAL_FLASH_Program_IT,"ax",%progbits
 118              		.align	1
 119              		.global	HAL_FLASH_Program_IT
 120              		.syntax unified
 121              		.code	16
 122              		.thumb_func
 123              		.fpu softvfp
 125              	HAL_FLASH_Program_IT:
 126              		@ args = 0, pretend = 0, frame = 0
 127              		@ frame_needed = 0, uses_anonymous_args = 0
 128 0000 70B5     		push	{r4, r5, r6, lr}
 129 0002 0B4B     		ldr	r3, .L36
 130 0004 0400     		movs	r4, r0
 131 0006 1D7C     		ldrb	r5, [r3, #16]
 132 0008 0220     		movs	r0, #2
 133 000a 012D     		cmp	r5, #1
 134 000c 0FD0     		beq	.L33
 135 000e 0138     		subs	r0, r0, #1
 136 0010 1874     		strb	r0, [r3, #16]
 137 0012 C020     		movs	r0, #192
 138 0014 074D     		ldr	r5, .L36+4
 139 0016 8002     		lsls	r0, r0, #10
 140 0018 6E68     		ldr	r6, [r5, #4]
 141 001a 3043     		orrs	r0, r6
 142 001c 6860     		str	r0, [r5, #4]
 143 001e 0220     		movs	r0, #2
 144 0020 9960     		str	r1, [r3, #8]
 145 0022 1870     		strb	r0, [r3]
 146 0024 0020     		movs	r0, #0
 147 0026 5861     		str	r0, [r3, #20]
 148 0028 022C     		cmp	r4, #2
 149 002a 00D1     		bne	.L33
 150 002c 0A60     		str	r2, [r1]
 151              	.L33:
 152              		@ sp needed
 153 002e 70BD     		pop	{r4, r5, r6, pc}
 154              	.L37:
 155              		.align	2
 156              	.L36:
 157 0030 00000000 		.word	.LANCHOR0
 158 0034 00200240 		.word	1073881088
 160              		.section	.text.HAL_FLASH_EndOfOperationCallback,"ax",%progbits
 161              		.align	1
 162              		.weak	HAL_FLASH_EndOfOperationCallback
 163              		.syntax unified
 164              		.code	16
 165              		.thumb_func
 166              		.fpu softvfp
 168              	HAL_FLASH_EndOfOperationCallback:
 169              		@ args = 0, pretend = 0, frame = 0
 170              		@ frame_needed = 0, uses_anonymous_args = 0
 171              		@ link register save eliminated.
 172              		@ sp needed
 173 0000 7047     		bx	lr
 175              		.section	.text.HAL_FLASH_OperationErrorCallback,"ax",%progbits
 176              		.align	1
 177              		.weak	HAL_FLASH_OperationErrorCallback
ARM GAS  /tmp/ccNihvbO.s 			page 4


 178              		.syntax unified
 179              		.code	16
 180              		.thumb_func
 181              		.fpu softvfp
 183              	HAL_FLASH_OperationErrorCallback:
 184              		@ args = 0, pretend = 0, frame = 0
 185              		@ frame_needed = 0, uses_anonymous_args = 0
 186              		@ link register save eliminated.
 187              		@ sp needed
 188 0000 7047     		bx	lr
 190              		.section	.text.HAL_FLASH_IRQHandler,"ax",%progbits
 191              		.align	1
 192              		.global	HAL_FLASH_IRQHandler
 193              		.syntax unified
 194              		.code	16
 195              		.thumb_func
 196              		.fpu softvfp
 198              	HAL_FLASH_IRQHandler:
 199              		@ args = 0, pretend = 0, frame = 0
 200              		@ frame_needed = 0, uses_anonymous_args = 0
 201 0000 70B5     		push	{r4, r5, r6, lr}
 202 0002 324D     		ldr	r5, .L57
 203 0004 324C     		ldr	r4, .L57+4
 204 0006 AB69     		ldr	r3, [r5, #24]
 205 0008 DB05     		lsls	r3, r3, #23
 206 000a 11D4     		bmi	.L41
 207 000c AB69     		ldr	r3, [r5, #24]
 208 000e 9B05     		lsls	r3, r3, #22
 209 0010 0ED4     		bmi	.L41
 210 0012 AB69     		ldr	r3, [r5, #24]
 211 0014 5B05     		lsls	r3, r3, #21
 212 0016 0BD4     		bmi	.L41
 213 0018 AB69     		ldr	r3, [r5, #24]
 214 001a 1B05     		lsls	r3, r3, #20
 215 001c 08D4     		bmi	.L41
 216 001e AB69     		ldr	r3, [r5, #24]
 217 0020 9B04     		lsls	r3, r3, #18
 218 0022 05D4     		bmi	.L41
 219 0024 AB69     		ldr	r3, [r5, #24]
 220 0026 9B03     		lsls	r3, r3, #14
 221 0028 02D4     		bmi	.L41
 222 002a AB69     		ldr	r3, [r5, #24]
 223 002c DB03     		lsls	r3, r3, #15
 224 002e 0CD5     		bpl	.L42
 225              	.L41:
 226 0030 2378     		ldrb	r3, [r4]
 227 0032 012B     		cmp	r3, #1
 228 0034 34D1     		bne	.L43
 229 0036 023B     		subs	r3, r3, #2
 230 0038 E668     		ldr	r6, [r4, #12]
 231 003a E360     		str	r3, [r4, #12]
 232              	.L44:
 233 003c FFF7FEFF 		bl	FLASH_SetErrorCode
 234 0040 3000     		movs	r0, r6
 235 0042 FFF7FEFF 		bl	HAL_FLASH_OperationErrorCallback
 236 0046 0023     		movs	r3, #0
 237 0048 2370     		strb	r3, [r4]
ARM GAS  /tmp/ccNihvbO.s 			page 5


 238              	.L42:
 239 004a 0223     		movs	r3, #2
 240 004c AA69     		ldr	r2, [r5, #24]
 241 004e 1A42     		tst	r2, r3
 242 0050 18D0     		beq	.L46
 243 0052 AB61     		str	r3, [r5, #24]
 244 0054 2378     		ldrb	r3, [r4]
 245 0056 002B     		cmp	r3, #0
 246 0058 14D0     		beq	.L46
 247 005a 2378     		ldrb	r3, [r4]
 248 005c 012B     		cmp	r3, #1
 249 005e 28D1     		bne	.L48
 250 0060 6368     		ldr	r3, [r4, #4]
 251 0062 013B     		subs	r3, r3, #1
 252 0064 6360     		str	r3, [r4, #4]
 253 0066 6368     		ldr	r3, [r4, #4]
 254 0068 002B     		cmp	r3, #0
 255 006a 1BD0     		beq	.L49
 256 006c E068     		ldr	r0, [r4, #12]
 257 006e FFF7FEFF 		bl	HAL_FLASH_EndOfOperationCallback
 258 0072 E068     		ldr	r0, [r4, #12]
 259 0074 174A     		ldr	r2, .L57+8
 260 0076 8030     		adds	r0, r0, #128
 261 0078 E060     		str	r0, [r4, #12]
 262 007a 6B68     		ldr	r3, [r5, #4]
 263 007c 1340     		ands	r3, r2
 264 007e 6B60     		str	r3, [r5, #4]
 265 0080 FFF7FEFF 		bl	FLASH_PageErase
 266              	.L46:
 267 0084 2378     		ldrb	r3, [r4]
 268 0086 DAB2     		uxtb	r2, r3
 269 0088 002B     		cmp	r3, #0
 270 008a 08D1     		bne	.L40
 271 008c 6B68     		ldr	r3, [r5, #4]
 272 008e 1249     		ldr	r1, .L57+12
 273 0090 0B40     		ands	r3, r1
 274 0092 6B60     		str	r3, [r5, #4]
 275 0094 6B68     		ldr	r3, [r5, #4]
 276 0096 1149     		ldr	r1, .L57+16
 277 0098 0B40     		ands	r3, r1
 278 009a 6B60     		str	r3, [r5, #4]
 279 009c 2274     		strb	r2, [r4, #16]
 280              	.L40:
 281              		@ sp needed
 282 009e 70BD     		pop	{r4, r5, r6, pc}
 283              	.L43:
 284 00a0 A668     		ldr	r6, [r4, #8]
 285 00a2 CBE7     		b	.L44
 286              	.L49:
 287 00a4 0120     		movs	r0, #1
 288 00a6 4042     		rsbs	r0, r0, #0
 289 00a8 E060     		str	r0, [r4, #12]
 290 00aa 2370     		strb	r3, [r4]
 291 00ac FFF7FEFF 		bl	HAL_FLASH_EndOfOperationCallback
 292 00b0 E8E7     		b	.L46
 293              	.L48:
 294 00b2 0822     		movs	r2, #8
ARM GAS  /tmp/ccNihvbO.s 			page 6


 295 00b4 6B68     		ldr	r3, [r5, #4]
 296 00b6 9343     		bics	r3, r2
 297 00b8 6B60     		str	r3, [r5, #4]
 298 00ba A068     		ldr	r0, [r4, #8]
 299 00bc FFF7FEFF 		bl	HAL_FLASH_EndOfOperationCallback
 300 00c0 0123     		movs	r3, #1
 301 00c2 5B42     		rsbs	r3, r3, #0
 302 00c4 A360     		str	r3, [r4, #8]
 303 00c6 0023     		movs	r3, #0
 304 00c8 2370     		strb	r3, [r4]
 305 00ca DBE7     		b	.L46
 306              	.L58:
 307              		.align	2
 308              	.L57:
 309 00cc 00200240 		.word	1073881088
 310 00d0 00000000 		.word	.LANCHOR0
 311 00d4 FFFDFFFF 		.word	-513
 312 00d8 F7FDFFFF 		.word	-521
 313 00dc FFFFFCFF 		.word	-196609
 315              		.section	.text.HAL_FLASH_Unlock,"ax",%progbits
 316              		.align	1
 317              		.global	HAL_FLASH_Unlock
 318              		.syntax unified
 319              		.code	16
 320              		.thumb_func
 321              		.fpu softvfp
 323              	HAL_FLASH_Unlock:
 324              		@ args = 0, pretend = 0, frame = 0
 325              		@ frame_needed = 0, uses_anonymous_args = 0
 326              		@ link register save eliminated.
 327 0000 0122     		movs	r2, #1
 328 0002 134B     		ldr	r3, .L65
 329 0004 5968     		ldr	r1, [r3, #4]
 330 0006 1142     		tst	r1, r2
 331 0008 06D1     		bne	.L60
 332              	.L63:
 333 000a 5968     		ldr	r1, [r3, #4]
 334 000c 0222     		movs	r2, #2
 335 000e 0800     		movs	r0, r1
 336 0010 1040     		ands	r0, r2
 337 0012 1142     		tst	r1, r2
 338 0014 0ED1     		bne	.L61
 339              	.L62:
 340              		@ sp needed
 341 0016 7047     		bx	lr
 342              	.L60:
 343              		.syntax divided
 344              	@ 453 "bsp_l0/mcu_drivers/cmsis/Core/Include/cmsis_gcc.h" 1
 345 0018 EFF31081 		MRS r1, primask
 346              	@ 0 "" 2
 347              	@ 209 "bsp_l0/mcu_drivers/cmsis/Core/Include/cmsis_gcc.h" 1
 348 001c 72B6     		cpsid i
 349              	@ 0 "" 2
 350              		.thumb
 351              		.syntax unified
 352 001e 0D48     		ldr	r0, .L65+4
 353 0020 D860     		str	r0, [r3, #12]
ARM GAS  /tmp/ccNihvbO.s 			page 7


 354 0022 0D48     		ldr	r0, .L65+8
 355 0024 D860     		str	r0, [r3, #12]
 356              		.syntax divided
 357              	@ 481 "bsp_l0/mcu_drivers/cmsis/Core/Include/cmsis_gcc.h" 1
 358 0026 81F31088 		MSR primask, r1
 359              	@ 0 "" 2
 360              		.thumb
 361              		.syntax unified
 362 002a 5968     		ldr	r1, [r3, #4]
 363 002c 1000     		movs	r0, r2
 364 002e 1142     		tst	r1, r2
 365 0030 EBD0     		beq	.L63
 366 0032 F0E7     		b	.L62
 367              	.L61:
 368              		.syntax divided
 369              	@ 453 "bsp_l0/mcu_drivers/cmsis/Core/Include/cmsis_gcc.h" 1
 370 0034 EFF31082 		MRS r2, primask
 371              	@ 0 "" 2
 372              	@ 209 "bsp_l0/mcu_drivers/cmsis/Core/Include/cmsis_gcc.h" 1
 373 0038 72B6     		cpsid i
 374              	@ 0 "" 2
 375              		.thumb
 376              		.syntax unified
 377 003a 0849     		ldr	r1, .L65+12
 378 003c 1961     		str	r1, [r3, #16]
 379 003e 0849     		ldr	r1, .L65+16
 380 0040 1961     		str	r1, [r3, #16]
 381              		.syntax divided
 382              	@ 481 "bsp_l0/mcu_drivers/cmsis/Core/Include/cmsis_gcc.h" 1
 383 0042 82F31088 		MSR primask, r2
 384              	@ 0 "" 2
 385              		.thumb
 386              		.syntax unified
 387 0046 5868     		ldr	r0, [r3, #4]
 388 0048 8007     		lsls	r0, r0, #30
 389 004a C00F     		lsrs	r0, r0, #31
 390 004c E3E7     		b	.L62
 391              	.L66:
 392 004e C046     		.align	2
 393              	.L65:
 394 0050 00200240 		.word	1073881088
 395 0054 EFCDAB89 		.word	-1985229329
 396 0058 05040302 		.word	33752069
 397 005c BFAE9D8C 		.word	-1935823169
 398 0060 16151413 		.word	320083222
 400              		.section	.text.HAL_FLASH_Lock,"ax",%progbits
 401              		.align	1
 402              		.global	HAL_FLASH_Lock
 403              		.syntax unified
 404              		.code	16
 405              		.thumb_func
 406              		.fpu softvfp
 408              	HAL_FLASH_Lock:
 409              		@ args = 0, pretend = 0, frame = 0
 410              		@ frame_needed = 0, uses_anonymous_args = 0
 411              		@ link register save eliminated.
 412 0000 0222     		movs	r2, #2
ARM GAS  /tmp/ccNihvbO.s 			page 8


 413              		@ sp needed
 414 0002 054B     		ldr	r3, .L68
 415 0004 0020     		movs	r0, #0
 416 0006 5968     		ldr	r1, [r3, #4]
 417 0008 0A43     		orrs	r2, r1
 418 000a 5A60     		str	r2, [r3, #4]
 419 000c 0122     		movs	r2, #1
 420 000e 5968     		ldr	r1, [r3, #4]
 421 0010 0A43     		orrs	r2, r1
 422 0012 5A60     		str	r2, [r3, #4]
 423 0014 7047     		bx	lr
 424              	.L69:
 425 0016 C046     		.align	2
 426              	.L68:
 427 0018 00200240 		.word	1073881088
 429              		.section	.text.HAL_FLASH_OB_Unlock,"ax",%progbits
 430              		.align	1
 431              		.global	HAL_FLASH_OB_Unlock
 432              		.syntax unified
 433              		.code	16
 434              		.thumb_func
 435              		.fpu softvfp
 437              	HAL_FLASH_OB_Unlock:
 438              		@ args = 0, pretend = 0, frame = 0
 439              		@ frame_needed = 0, uses_anonymous_args = 0
 440              		@ link register save eliminated.
 441 0000 0122     		movs	r2, #1
 442 0002 0B4B     		ldr	r3, .L77
 443 0004 1000     		movs	r0, r2
 444 0006 5968     		ldr	r1, [r3, #4]
 445 0008 4907     		lsls	r1, r1, #29
 446 000a 10D5     		bpl	.L71
 447              		.syntax divided
 448              	@ 453 "bsp_l0/mcu_drivers/cmsis/Core/Include/cmsis_gcc.h" 1
 449 000c EFF31081 		MRS r1, primask
 450              	@ 0 "" 2
 451              	@ 209 "bsp_l0/mcu_drivers/cmsis/Core/Include/cmsis_gcc.h" 1
 452 0010 72B6     		cpsid i
 453              	@ 0 "" 2
 454              		.thumb
 455              		.syntax unified
 456 0012 5868     		ldr	r0, [r3, #4]
 457 0014 1042     		tst	r0, r2
 458 0016 03D0     		beq	.L72
 459 0018 064A     		ldr	r2, .L77+4
 460 001a DA60     		str	r2, [r3, #12]
 461 001c 064A     		ldr	r2, .L77+8
 462 001e DA60     		str	r2, [r3, #12]
 463              	.L72:
 464 0020 064A     		ldr	r2, .L77+12
 465 0022 5A61     		str	r2, [r3, #20]
 466 0024 064A     		ldr	r2, .L77+16
 467 0026 5A61     		str	r2, [r3, #20]
 468              		.syntax divided
 469              	@ 481 "bsp_l0/mcu_drivers/cmsis/Core/Include/cmsis_gcc.h" 1
 470 0028 81F31088 		MSR primask, r1
 471              	@ 0 "" 2
ARM GAS  /tmp/ccNihvbO.s 			page 9


 472              		.thumb
 473              		.syntax unified
 474 002c 0020     		movs	r0, #0
 475              	.L71:
 476              		@ sp needed
 477 002e 7047     		bx	lr
 478              	.L78:
 479              		.align	2
 480              	.L77:
 481 0030 00200240 		.word	1073881088
 482 0034 EFCDAB89 		.word	-1985229329
 483 0038 05040302 		.word	33752069
 484 003c C8D9EAFB 		.word	-68494904
 485 0040 27262524 		.word	606414375
 487              		.section	.text.HAL_FLASH_OB_Lock,"ax",%progbits
 488              		.align	1
 489              		.global	HAL_FLASH_OB_Lock
 490              		.syntax unified
 491              		.code	16
 492              		.thumb_func
 493              		.fpu softvfp
 495              	HAL_FLASH_OB_Lock:
 496              		@ args = 0, pretend = 0, frame = 0
 497              		@ frame_needed = 0, uses_anonymous_args = 0
 498              		@ link register save eliminated.
 499 0000 0423     		movs	r3, #4
 500              		@ sp needed
 501 0002 034A     		ldr	r2, .L80
 502 0004 0020     		movs	r0, #0
 503 0006 5168     		ldr	r1, [r2, #4]
 504 0008 0B43     		orrs	r3, r1
 505 000a 5360     		str	r3, [r2, #4]
 506 000c 7047     		bx	lr
 507              	.L81:
 508 000e C046     		.align	2
 509              	.L80:
 510 0010 00200240 		.word	1073881088
 512              		.section	.text.HAL_FLASH_GetError,"ax",%progbits
 513              		.align	1
 514              		.global	HAL_FLASH_GetError
 515              		.syntax unified
 516              		.code	16
 517              		.thumb_func
 518              		.fpu softvfp
 520              	HAL_FLASH_GetError:
 521              		@ args = 0, pretend = 0, frame = 0
 522              		@ frame_needed = 0, uses_anonymous_args = 0
 523              		@ link register save eliminated.
 524 0000 014B     		ldr	r3, .L83
 525              		@ sp needed
 526 0002 5869     		ldr	r0, [r3, #20]
 527 0004 7047     		bx	lr
 528              	.L84:
 529 0006 C046     		.align	2
 530              	.L83:
 531 0008 00000000 		.word	.LANCHOR0
 533              		.section	.text.FLASH_WaitForLastOperation,"ax",%progbits
ARM GAS  /tmp/ccNihvbO.s 			page 10


 534              		.align	1
 535              		.global	FLASH_WaitForLastOperation
 536              		.syntax unified
 537              		.code	16
 538              		.thumb_func
 539              		.fpu softvfp
 541              	FLASH_WaitForLastOperation:
 542              		@ args = 0, pretend = 0, frame = 0
 543              		@ frame_needed = 0, uses_anonymous_args = 0
 544 0000 70B5     		push	{r4, r5, r6, lr}
 545 0002 0400     		movs	r4, r0
 546 0004 FFF7FEFF 		bl	HAL_GetTick
 547 0008 0126     		movs	r6, #1
 548 000a 0500     		movs	r5, r0
 549              	.L86:
 550 000c 184B     		ldr	r3, .L101
 551              	.L87:
 552 000e 9A69     		ldr	r2, [r3, #24]
 553 0010 3242     		tst	r2, r6
 554 0012 21D1     		bne	.L91
 555 0014 0222     		movs	r2, #2
 556 0016 9969     		ldr	r1, [r3, #24]
 557 0018 1142     		tst	r1, r2
 558 001a 00D0     		beq	.L92
 559 001c 9A61     		str	r2, [r3, #24]
 560              	.L92:
 561 001e 9A69     		ldr	r2, [r3, #24]
 562 0020 D205     		lsls	r2, r2, #23
 563 0022 15D4     		bmi	.L93
 564 0024 9A69     		ldr	r2, [r3, #24]
 565 0026 9205     		lsls	r2, r2, #22
 566 0028 12D4     		bmi	.L93
 567 002a 9A69     		ldr	r2, [r3, #24]
 568 002c 5205     		lsls	r2, r2, #21
 569 002e 0FD4     		bmi	.L93
 570 0030 9A69     		ldr	r2, [r3, #24]
 571 0032 1205     		lsls	r2, r2, #20
 572 0034 0CD4     		bmi	.L93
 573 0036 9A69     		ldr	r2, [r3, #24]
 574 0038 9204     		lsls	r2, r2, #18
 575 003a 09D4     		bmi	.L93
 576 003c 9969     		ldr	r1, [r3, #24]
 577 003e 8022     		movs	r2, #128
 578 0040 0800     		movs	r0, r1
 579 0042 9202     		lsls	r2, r2, #10
 580 0044 1040     		ands	r0, r2
 581 0046 1142     		tst	r1, r2
 582 0048 02D1     		bne	.L93
 583 004a 9B69     		ldr	r3, [r3, #24]
 584 004c DB03     		lsls	r3, r3, #15
 585 004e 08D5     		bpl	.L89
 586              	.L93:
 587 0050 FFF7FEFF 		bl	FLASH_SetErrorCode
 588 0054 0120     		movs	r0, #1
 589 0056 04E0     		b	.L89
 590              	.L91:
 591 0058 621C     		adds	r2, r4, #1
ARM GAS  /tmp/ccNihvbO.s 			page 11


 592 005a D8D0     		beq	.L87
 593 005c 002C     		cmp	r4, #0
 594 005e 01D1     		bne	.L88
 595              	.L90:
 596 0060 0320     		movs	r0, #3
 597              	.L89:
 598              		@ sp needed
 599 0062 70BD     		pop	{r4, r5, r6, pc}
 600              	.L88:
 601 0064 FFF7FEFF 		bl	HAL_GetTick
 602 0068 401B     		subs	r0, r0, r5
 603 006a A042     		cmp	r0, r4
 604 006c CED9     		bls	.L86
 605 006e F7E7     		b	.L90
 606              	.L102:
 607              		.align	2
 608              	.L101:
 609 0070 00200240 		.word	1073881088
 611              		.section	.text.HAL_FLASH_Program,"ax",%progbits
 612              		.align	1
 613              		.global	HAL_FLASH_Program
 614              		.syntax unified
 615              		.code	16
 616              		.thumb_func
 617              		.fpu softvfp
 619              	HAL_FLASH_Program:
 620              		@ args = 0, pretend = 0, frame = 0
 621              		@ frame_needed = 0, uses_anonymous_args = 0
 622 0000 70B5     		push	{r4, r5, r6, lr}
 623 0002 0B4C     		ldr	r4, .L107
 624 0004 0D00     		movs	r5, r1
 625 0006 237C     		ldrb	r3, [r4, #16]
 626 0008 1600     		movs	r6, r2
 627 000a 0220     		movs	r0, #2
 628 000c 012B     		cmp	r3, #1
 629 000e 0DD0     		beq	.L104
 630 0010 0123     		movs	r3, #1
 631 0012 0848     		ldr	r0, .L107+4
 632 0014 2374     		strb	r3, [r4, #16]
 633 0016 FFF7FEFF 		bl	FLASH_WaitForLastOperation
 634 001a 0028     		cmp	r0, #0
 635 001c 04D1     		bne	.L105
 636 001e 6061     		str	r0, [r4, #20]
 637 0020 0448     		ldr	r0, .L107+4
 638 0022 2E60     		str	r6, [r5]
 639 0024 FFF7FEFF 		bl	FLASH_WaitForLastOperation
 640              	.L105:
 641 0028 0023     		movs	r3, #0
 642 002a 2374     		strb	r3, [r4, #16]
 643              	.L104:
 644              		@ sp needed
 645 002c 70BD     		pop	{r4, r5, r6, pc}
 646              	.L108:
 647 002e C046     		.align	2
 648              	.L107:
 649 0030 00000000 		.word	.LANCHOR0
 650 0034 50C30000 		.word	50000
ARM GAS  /tmp/ccNihvbO.s 			page 12


 652              		.section	.text.HAL_FLASH_OB_Launch,"ax",%progbits
 653              		.align	1
 654              		.global	HAL_FLASH_OB_Launch
 655              		.syntax unified
 656              		.code	16
 657              		.thumb_func
 658              		.fpu softvfp
 660              	HAL_FLASH_OB_Launch:
 661              		@ args = 0, pretend = 0, frame = 0
 662              		@ frame_needed = 0, uses_anonymous_args = 0
 663 0000 8023     		movs	r3, #128
 664 0002 054A     		ldr	r2, .L110
 665 0004 10B5     		push	{r4, lr}
 666 0006 5168     		ldr	r1, [r2, #4]
 667 0008 DB02     		lsls	r3, r3, #11
 668 000a 0B43     		orrs	r3, r1
 669 000c 0348     		ldr	r0, .L110+4
 670 000e 5360     		str	r3, [r2, #4]
 671 0010 FFF7FEFF 		bl	FLASH_WaitForLastOperation
 672              		@ sp needed
 673 0014 10BD     		pop	{r4, pc}
 674              	.L111:
 675 0016 C046     		.align	2
 676              	.L110:
 677 0018 00200240 		.word	1073881088
 678 001c 50C30000 		.word	50000
 680              		.global	pFlash
 681              		.section	.bss.pFlash,"aw",%nobits
 682              		.align	2
 683              		.set	.LANCHOR0,. + 0
 686              	pFlash:
 687 0000 00000000 		.space	24
 687      00000000 
 687      00000000 
 687      00000000 
 687      00000000 
 688              		.ident	"GCC: (15:10.3-2021.07-4) 10.3.1 20210621 (release)"
ARM GAS  /tmp/ccNihvbO.s 			page 13


DEFINED SYMBOLS
                            *ABS*:0000000000000000 stm32l0xx_hal_flash.c
     /tmp/ccNihvbO.s:12     .text.FLASH_SetErrorCode:0000000000000000 $t
     /tmp/ccNihvbO.s:19     .text.FLASH_SetErrorCode:0000000000000000 FLASH_SetErrorCode
     /tmp/ccNihvbO.s:114    .text.FLASH_SetErrorCode:00000000000000a4 $d
     /tmp/ccNihvbO.s:118    .text.HAL_FLASH_Program_IT:0000000000000000 $t
     /tmp/ccNihvbO.s:125    .text.HAL_FLASH_Program_IT:0000000000000000 HAL_FLASH_Program_IT
     /tmp/ccNihvbO.s:157    .text.HAL_FLASH_Program_IT:0000000000000030 $d
     /tmp/ccNihvbO.s:161    .text.HAL_FLASH_EndOfOperationCallback:0000000000000000 $t
     /tmp/ccNihvbO.s:168    .text.HAL_FLASH_EndOfOperationCallback:0000000000000000 HAL_FLASH_EndOfOperationCallback
     /tmp/ccNihvbO.s:176    .text.HAL_FLASH_OperationErrorCallback:0000000000000000 $t
     /tmp/ccNihvbO.s:183    .text.HAL_FLASH_OperationErrorCallback:0000000000000000 HAL_FLASH_OperationErrorCallback
     /tmp/ccNihvbO.s:191    .text.HAL_FLASH_IRQHandler:0000000000000000 $t
     /tmp/ccNihvbO.s:198    .text.HAL_FLASH_IRQHandler:0000000000000000 HAL_FLASH_IRQHandler
     /tmp/ccNihvbO.s:309    .text.HAL_FLASH_IRQHandler:00000000000000cc $d
     /tmp/ccNihvbO.s:316    .text.HAL_FLASH_Unlock:0000000000000000 $t
     /tmp/ccNihvbO.s:323    .text.HAL_FLASH_Unlock:0000000000000000 HAL_FLASH_Unlock
     /tmp/ccNihvbO.s:394    .text.HAL_FLASH_Unlock:0000000000000050 $d
     /tmp/ccNihvbO.s:401    .text.HAL_FLASH_Lock:0000000000000000 $t
     /tmp/ccNihvbO.s:408    .text.HAL_FLASH_Lock:0000000000000000 HAL_FLASH_Lock
     /tmp/ccNihvbO.s:427    .text.HAL_FLASH_Lock:0000000000000018 $d
     /tmp/ccNihvbO.s:430    .text.HAL_FLASH_OB_Unlock:0000000000000000 $t
     /tmp/ccNihvbO.s:437    .text.HAL_FLASH_OB_Unlock:0000000000000000 HAL_FLASH_OB_Unlock
     /tmp/ccNihvbO.s:481    .text.HAL_FLASH_OB_Unlock:0000000000000030 $d
     /tmp/ccNihvbO.s:488    .text.HAL_FLASH_OB_Lock:0000000000000000 $t
     /tmp/ccNihvbO.s:495    .text.HAL_FLASH_OB_Lock:0000000000000000 HAL_FLASH_OB_Lock
     /tmp/ccNihvbO.s:510    .text.HAL_FLASH_OB_Lock:0000000000000010 $d
     /tmp/ccNihvbO.s:513    .text.HAL_FLASH_GetError:0000000000000000 $t
     /tmp/ccNihvbO.s:520    .text.HAL_FLASH_GetError:0000000000000000 HAL_FLASH_GetError
     /tmp/ccNihvbO.s:531    .text.HAL_FLASH_GetError:0000000000000008 $d
     /tmp/ccNihvbO.s:534    .text.FLASH_WaitForLastOperation:0000000000000000 $t
     /tmp/ccNihvbO.s:541    .text.FLASH_WaitForLastOperation:0000000000000000 FLASH_WaitForLastOperation
     /tmp/ccNihvbO.s:609    .text.FLASH_WaitForLastOperation:0000000000000070 $d
     /tmp/ccNihvbO.s:612    .text.HAL_FLASH_Program:0000000000000000 $t
     /tmp/ccNihvbO.s:619    .text.HAL_FLASH_Program:0000000000000000 HAL_FLASH_Program
     /tmp/ccNihvbO.s:649    .text.HAL_FLASH_Program:0000000000000030 $d
     /tmp/ccNihvbO.s:653    .text.HAL_FLASH_OB_Launch:0000000000000000 $t
     /tmp/ccNihvbO.s:660    .text.HAL_FLASH_OB_Launch:0000000000000000 HAL_FLASH_OB_Launch
     /tmp/ccNihvbO.s:677    .text.HAL_FLASH_OB_Launch:0000000000000018 $d
     /tmp/ccNihvbO.s:686    .bss.pFlash:0000000000000000 pFlash
     /tmp/ccNihvbO.s:682    .bss.pFlash:0000000000000000 $d

UNDEFINED SYMBOLS
FLASH_PageErase
HAL_GetTick
