ARM GAS  /tmp/ccXOQvJW.s 			page 1


   1              		.cpu cortex-m0
   2              		.eabi_attribute 23, 1
   3              		.eabi_attribute 24, 1
   4              		.eabi_attribute 25, 1
   5              		.eabi_attribute 26, 1
   6              		.eabi_attribute 30, 4
   7              		.eabi_attribute 34, 0
   8              		.eabi_attribute 18, 4
   9              		.file	"almanac_update.c"
  10              		.text
  11              		.section	.text.almanac_update_create_uplink_payload,"ax",%progbits
  12              		.align	1
  13              		.global	almanac_update_create_uplink_payload
  14              		.arch armv6s-m
  15              		.syntax unified
  16              		.code	16
  17              		.thumb_func
  18              		.fpu softvfp
  20              	almanac_update_create_uplink_payload:
  21              		@ args = 0, pretend = 0, frame = 16
  22              		@ frame_needed = 0, uses_anonymous_args = 0
  23 0000 30B5     		push	{r4, r5, lr}
  24 0002 85B0     		sub	sp, sp, #20
  25 0004 0D00     		movs	r5, r1
  26 0006 01A9     		add	r1, sp, #4
  27 0008 FFF7FEFF 		bl	smtc_modem_services_lr11xx_gnss_get_context_status
  28 000c 041E     		subs	r4, r0, #0
  29 000e 08D1     		bne	.L3
  30 0010 6B46     		mov	r3, sp
  31 0012 0822     		movs	r2, #8
  32 0014 2800     		movs	r0, r5
  33 0016 591D     		adds	r1, r3, #5
  34 0018 FFF7FEFF 		bl	memcpy
  35              	.L2:
  36 001c 2000     		movs	r0, r4
  37 001e 05B0     		add	sp, sp, #20
  38              		@ sp needed
  39 0020 30BD     		pop	{r4, r5, pc}
  40              	.L3:
  41 0022 0124     		movs	r4, #1
  42 0024 FAE7     		b	.L2
  44              		.section	.text.almanac_update_process_downlink_payload,"ax",%progbits
  45              		.align	1
  46              		.global	almanac_update_process_downlink_payload
  47              		.syntax unified
  48              		.code	16
  49              		.thumb_func
  50              		.fpu softvfp
  52              	almanac_update_process_downlink_payload:
  53              		@ args = 0, pretend = 0, frame = 0
  54              		@ frame_needed = 0, uses_anonymous_args = 0
  55 0000 023A     		subs	r2, r2, #2
  56 0002 10B5     		push	{r4, lr}
  57 0004 92B2     		uxth	r2, r2
  58 0006 0231     		adds	r1, r1, #2
  59 0008 FFF7FEFF 		bl	smtc_modem_services_lr11xx_gnss_push_dmc_msg
  60              		@ sp needed
ARM GAS  /tmp/ccXOQvJW.s 			page 2


  61 000c 431E     		subs	r3, r0, #1
  62 000e 9841     		sbcs	r0, r0, r3
  63 0010 C0B2     		uxtb	r0, r0
  64 0012 10BD     		pop	{r4, pc}
  66              		.ident	"GCC: (15:10.3-2021.07-4) 10.3.1 20210621 (release)"
ARM GAS  /tmp/ccXOQvJW.s 			page 3


DEFINED SYMBOLS
                            *ABS*:0000000000000000 almanac_update.c
     /tmp/ccXOQvJW.s:12     .text.almanac_update_create_uplink_payload:0000000000000000 $t
     /tmp/ccXOQvJW.s:20     .text.almanac_update_create_uplink_payload:0000000000000000 almanac_update_create_uplink_payload
     /tmp/ccXOQvJW.s:45     .text.almanac_update_process_downlink_payload:0000000000000000 $t
     /tmp/ccXOQvJW.s:52     .text.almanac_update_process_downlink_payload:0000000000000000 almanac_update_process_downlink_payload

UNDEFINED SYMBOLS
smtc_modem_services_lr11xx_gnss_get_context_status
memcpy
smtc_modem_services_lr11xx_gnss_push_dmc_msg
