ARM GAS  /tmp/ccIWuoU2.s 			page 1


   1              		.cpu cortex-m0
   2              		.eabi_attribute 23, 1
   3              		.eabi_attribute 24, 1
   4              		.eabi_attribute 25, 1
   5              		.eabi_attribute 26, 1
   6              		.eabi_attribute 30, 4
   7              		.eabi_attribute 34, 0
   8              		.eabi_attribute 18, 4
   9              		.file	"lorawan_certification.c"
  10              		.text
  11              		.section	.text.lorawan_certification_init,"ax",%progbits
  12              		.align	1
  13              		.global	lorawan_certification_init
  14              		.arch armv6s-m
  15              		.syntax unified
  16              		.code	16
  17              		.thumb_func
  18              		.fpu softvfp
  20              	lorawan_certification_init:
  21              		@ args = 0, pretend = 0, frame = 0
  22              		@ frame_needed = 0, uses_anonymous_args = 0
  23 0000 10B5     		push	{r4, lr}
  24 0002 1822     		movs	r2, #24
  25              		@ sp needed
  26 0004 0021     		movs	r1, #0
  27 0006 0400     		movs	r4, r0
  28 0008 FFF7FEFF 		bl	memset
  29 000c 0523     		movs	r3, #5
  30 000e 2371     		strb	r3, [r4, #4]
  31 0010 10BD     		pop	{r4, pc}
  33              		.section	.text.lorawan_certification_set_enabled,"ax",%progbits
  34              		.align	1
  35              		.global	lorawan_certification_set_enabled
  36              		.syntax unified
  37              		.code	16
  38              		.thumb_func
  39              		.fpu softvfp
  41              	lorawan_certification_set_enabled:
  42              		@ args = 0, pretend = 0, frame = 0
  43              		@ frame_needed = 0, uses_anonymous_args = 0
  44 0000 0378     		ldrb	r3, [r0]
  45 0002 70B5     		push	{r4, r5, r6, lr}
  46 0004 0400     		movs	r4, r0
  47 0006 0D00     		movs	r5, r1
  48 0008 002B     		cmp	r3, #0
  49 000a 03D1     		bne	.L3
  50 000c 0029     		cmp	r1, #0
  51 000e 01D0     		beq	.L3
  52 0010 FFF7FEFF 		bl	lorawan_certification_init
  53              	.L3:
  54              		@ sp needed
  55 0014 2570     		strb	r5, [r4]
  56 0016 70BD     		pop	{r4, r5, r6, pc}
  58              		.section	.text.lorawan_certification_get_enabled,"ax",%progbits
  59              		.align	1
  60              		.global	lorawan_certification_get_enabled
  61              		.syntax unified
ARM GAS  /tmp/ccIWuoU2.s 			page 2


  62              		.code	16
  63              		.thumb_func
  64              		.fpu softvfp
  66              	lorawan_certification_get_enabled:
  67              		@ args = 0, pretend = 0, frame = 0
  68              		@ frame_needed = 0, uses_anonymous_args = 0
  69              		@ link register save eliminated.
  70 0000 0078     		ldrb	r0, [r0]
  71              		@ sp needed
  72 0002 7047     		bx	lr
  74              		.section	.text.lorawan_certification_get_ul_periodicity,"ax",%progbits
  75              		.align	1
  76              		.global	lorawan_certification_get_ul_periodicity
  77              		.syntax unified
  78              		.code	16
  79              		.thumb_func
  80              		.fpu softvfp
  82              	lorawan_certification_get_ul_periodicity:
  83              		@ args = 0, pretend = 0, frame = 0
  84              		@ frame_needed = 0, uses_anonymous_args = 0
  85              		@ link register save eliminated.
  86 0000 0079     		ldrb	r0, [r0, #4]
  87              		@ sp needed
  88 0002 7047     		bx	lr
  90              		.section	.text.lorawan_certification_get_frame_type,"ax",%progbits
  91              		.align	1
  92              		.global	lorawan_certification_get_frame_type
  93              		.syntax unified
  94              		.code	16
  95              		.thumb_func
  96              		.fpu softvfp
  98              	lorawan_certification_get_frame_type:
  99              		@ args = 0, pretend = 0, frame = 0
 100              		@ frame_needed = 0, uses_anonymous_args = 0
 101              		@ link register save eliminated.
 102 0000 4079     		ldrb	r0, [r0, #5]
 103              		@ sp needed
 104 0002 7047     		bx	lr
 106              		.section	.text.lorawan_certification_get_cw_config,"ax",%progbits
 107              		.align	1
 108              		.global	lorawan_certification_get_cw_config
 109              		.syntax unified
 110              		.code	16
 111              		.thumb_func
 112              		.fpu softvfp
 114              	lorawan_certification_get_cw_config:
 115              		@ args = 0, pretend = 0, frame = 0
 116              		@ frame_needed = 0, uses_anonymous_args = 0
 117 0000 10B5     		push	{r4, lr}
 118 0002 0489     		ldrh	r4, [r0, #8]
 119              		@ sp needed
 120 0004 0C80     		strh	r4, [r1]
 121 0006 C168     		ldr	r1, [r0, #12]
 122 0008 1160     		str	r1, [r2]
 123 000a 1022     		movs	r2, #16
 124 000c 8256     		ldrsb	r2, [r0, r2]
 125 000e 1A70     		strb	r2, [r3]
ARM GAS  /tmp/ccIWuoU2.s 			page 3


 126 0010 10BD     		pop	{r4, pc}
 128              		.section	.text.lorawan_certification_is_cw_running,"ax",%progbits
 129              		.align	1
 130              		.global	lorawan_certification_is_cw_running
 131              		.syntax unified
 132              		.code	16
 133              		.thumb_func
 134              		.fpu softvfp
 136              	lorawan_certification_is_cw_running:
 137              		@ args = 0, pretend = 0, frame = 0
 138              		@ frame_needed = 0, uses_anonymous_args = 0
 139              		@ link register save eliminated.
 140 0000 8079     		ldrb	r0, [r0, #6]
 141              		@ sp needed
 142 0002 7047     		bx	lr
 144              		.section	.text.lorawan_certification_cw_set_as_stopped,"ax",%progbits
 145              		.align	1
 146              		.global	lorawan_certification_cw_set_as_stopped
 147              		.syntax unified
 148              		.code	16
 149              		.thumb_func
 150              		.fpu softvfp
 152              	lorawan_certification_cw_set_as_stopped:
 153              		@ args = 0, pretend = 0, frame = 0
 154              		@ frame_needed = 0, uses_anonymous_args = 0
 155              		@ link register save eliminated.
 156 0000 0023     		movs	r3, #0
 157              		@ sp needed
 158 0002 8371     		strb	r3, [r0, #6]
 159 0004 7047     		bx	lr
 161              		.section	.text.lorawan_certification_get_beacon_rx_status_ind_ctrl,"ax",%progbits
 162              		.align	1
 163              		.global	lorawan_certification_get_beacon_rx_status_ind_ctrl
 164              		.syntax unified
 165              		.code	16
 166              		.thumb_func
 167              		.fpu softvfp
 169              	lorawan_certification_get_beacon_rx_status_ind_ctrl:
 170              		@ args = 0, pretend = 0, frame = 0
 171              		@ frame_needed = 0, uses_anonymous_args = 0
 172              		@ link register save eliminated.
 173 0000 407C     		ldrb	r0, [r0, #17]
 174              		@ sp needed
 175 0002 7047     		bx	lr
 177              		.section	.text.lorawan_certification_get_requested_class,"ax",%progbits
 178              		.align	1
 179              		.global	lorawan_certification_get_requested_class
 180              		.syntax unified
 181              		.code	16
 182              		.thumb_func
 183              		.fpu softvfp
 185              	lorawan_certification_get_requested_class:
 186              		@ args = 0, pretend = 0, frame = 0
 187              		@ frame_needed = 0, uses_anonymous_args = 0
 188              		@ link register save eliminated.
 189 0000 007D     		ldrb	r0, [r0, #20]
 190              		@ sp needed
ARM GAS  /tmp/ccIWuoU2.s 			page 4


 191 0002 7047     		bx	lr
 193              		.section	.rodata.lorawan_certification_parser.str1.1,"aMS",%progbits,1
 194              	.LC0:
 195 0000 6C626D2F 		.ascii	"lbm/smtc_modem_core/modem_services/lorawan_certific"
 195      736D7463 
 195      5F6D6F64 
 195      656D5F63 
 195      6F72652F 
 196 0033 6174696F 		.ascii	"ation.c\000"
 196      6E2E6300 
 197              	.LC2:
 198 003b 4552524F 		.ascii	"ERROR\000"
 198      5200
 199              	.LC4:
 200 0041 25732028 		.ascii	"%s (%s:%d) \000"
 200      25733A25 
 200      64292000 
 201              	.LC6:
 202 004d 62616420 		.ascii	"bad size\012\000"
 202      73697A65 
 202      0A00
 203              	.LC12:
 204 0057 25732049 		.ascii	"%s Illegal state\012 \000"
 204      6C6C6567 
 204      616C2073 
 204      74617465 
 204      0A2000
 205              	.LC8:
 206 006a 05050505 		.ascii	"\005\005\005\005\005\005\005\005\005\005\005\005\005"
 206      05050505 
 206      05050505 
 206      05
 207 0077 050500   		.ascii	"\005\005\000"
 208              		.section	.text.lorawan_certification_parser,"ax",%progbits
 209              		.align	1
 210              		.global	lorawan_certification_parser
 211              		.syntax unified
 212              		.code	16
 213              		.thumb_func
 214              		.fpu softvfp
 216              	lorawan_certification_parser:
 217              		@ args = 8, pretend = 0, frame = 32
 218              		@ frame_needed = 0, uses_anonymous_args = 0
 219 0000 F0B5     		push	{r4, r5, r6, r7, lr}
 220 0002 1F00     		movs	r7, r3
 221 0004 0023     		movs	r3, #0
 222 0006 89B0     		sub	sp, sp, #36
 223 0008 0E9D     		ldr	r5, [sp, #56]
 224 000a 1600     		movs	r6, r2
 225 000c 2B70     		strb	r3, [r5]
 226 000e 0378     		ldrb	r3, [r0]
 227 0010 0090     		str	r0, [sp]
 228 0012 0191     		str	r1, [sp, #4]
 229 0014 002B     		cmp	r3, #0
 230 0016 01D1     		bne	.L16
 231              	.L136:
 232 0018 0024     		movs	r4, #0
ARM GAS  /tmp/ccIWuoU2.s 			page 5


 233 001a DBE0     		b	.L17
 234              	.L16:
 235 001c 009B     		ldr	r3, [sp]
 236 001e 009A     		ldr	r2, [sp]
 237 0020 5B88     		ldrh	r3, [r3, #2]
 238 0022 0124     		movs	r4, #1
 239 0024 0133     		adds	r3, r3, #1
 240 0026 5380     		strh	r3, [r2, #2]
 241 0028 002E     		cmp	r6, #0
 242 002a 00D1     		bne	.LCB190
 243 002c D2E0     		b	.L17	@long jump
 244              	.LCB190:
 245 002e 019B     		ldr	r3, [sp, #4]
 246 0030 1C78     		ldrb	r4, [r3]
 247 0032 222C     		cmp	r4, #34
 248 0034 25D8     		bhi	.L18
 249 0036 2000     		movs	r0, r4
 250 0038 FFF7FEFF 		bl	__gnu_thumb1_case_uhi
 251              	.L21:
 252 003c A200     		.2byte	(.L34-.L21)/2
 253 003e CF00     		.2byte	(.L33-.L21)/2
 254 0040 EA00     		.2byte	(.L32-.L21)/2
 255 0042 0601     		.2byte	(.L31-.L21)/2
 256 0044 2701     		.2byte	(.L30-.L21)/2
 257 0046 4D01     		.2byte	(.L29-.L21)/2
 258 0048 6B01     		.2byte	(.L28-.L21)/2
 259 004a 8601     		.2byte	(.L27-.L21)/2
 260 004c B801     		.2byte	(.L26-.L21)/2
 261 004e EB01     		.2byte	(.L25-.L21)/2
 262 0050 1002     		.2byte	(.L24-.L21)/2
 263 0052 3000     		.2byte	(.L19-.L21)/2
 264 0054 3000     		.2byte	(.L19-.L21)/2
 265 0056 3000     		.2byte	(.L19-.L21)/2
 266 0058 3000     		.2byte	(.L19-.L21)/2
 267 005a 3000     		.2byte	(.L19-.L21)/2
 268 005c 3000     		.2byte	(.L19-.L21)/2
 269 005e 3000     		.2byte	(.L19-.L21)/2
 270 0060 3000     		.2byte	(.L19-.L21)/2
 271 0062 3000     		.2byte	(.L19-.L21)/2
 272 0064 3000     		.2byte	(.L19-.L21)/2
 273 0066 3000     		.2byte	(.L19-.L21)/2
 274 0068 3000     		.2byte	(.L19-.L21)/2
 275 006a 3000     		.2byte	(.L19-.L21)/2
 276 006c 3000     		.2byte	(.L19-.L21)/2
 277 006e 3000     		.2byte	(.L19-.L21)/2
 278 0070 3000     		.2byte	(.L19-.L21)/2
 279 0072 3000     		.2byte	(.L19-.L21)/2
 280 0074 3000     		.2byte	(.L19-.L21)/2
 281 0076 3000     		.2byte	(.L19-.L21)/2
 282 0078 3000     		.2byte	(.L19-.L21)/2
 283 007a 3000     		.2byte	(.L19-.L21)/2
 284 007c 2502     		.2byte	(.L23-.L21)/2
 285 007e 3B02     		.2byte	(.L22-.L21)/2
 286 0080 5102     		.2byte	(.L20-.L21)/2
 287              		.p2align 1
 288              	.L18:
 289 0082 7D2C     		cmp	r4, #125
ARM GAS  /tmp/ccIWuoU2.s 			page 6


 290 0084 00D1     		bne	.LCB203
 291 0086 97E2     		b	.L35	@long jump
 292              	.LCB203:
 293 0088 1FD8     		bhi	.L36
 294 008a 422C     		cmp	r4, #66
 295 008c 00D1     		bne	.LCB207
 296 008e 58E2     		b	.L37	@long jump
 297              	.LCB207:
 298 0090 432C     		cmp	r4, #67
 299 0092 00D1     		bne	.LCB209
 300 0094 7BE2     		b	.L38	@long jump
 301              	.LCB209:
 302 0096 402C     		cmp	r4, #64
 303 0098 00D1     		bne	.LCB211
 304 009a 3AE2     		b	.L39	@long jump
 305              	.LCB211:
 306              	.L19:
 307 009c BA4C     		ldr	r4, .L144
 308 009e 2F21     		movs	r1, #47
 309 00a0 2000     		movs	r0, r4
 310 00a2 FFF7FEFF 		bl	strrchr
 311 00a6 2200     		movs	r2, r4
 312 00a8 0028     		cmp	r0, #0
 313 00aa 04D0     		beq	.L91
 314 00ac 2F21     		movs	r1, #47
 315 00ae 2000     		movs	r0, r4
 316 00b0 FFF7FEFF 		bl	strrchr
 317 00b4 421C     		adds	r2, r0, #1
 318              	.L91:
 319 00b6 B54B     		ldr	r3, .L144+4
 320 00b8 B549     		ldr	r1, .L144+8
 321 00ba B648     		ldr	r0, .L144+12
 322 00bc FFF7FEFF 		bl	smtc_modem_hal_print_trace
 323 00c0 B549     		ldr	r1, .L144+16
 324 00c2 B648     		ldr	r0, .L144+20
 325 00c4 FFF7FEFF 		bl	smtc_modem_hal_print_trace
 326 00c8 A6E7     		b	.L136
 327              	.L36:
 328 00ca 7E2C     		cmp	r4, #126
 329 00cc 00D1     		bne	.LCB240
 330 00ce A1E2     		b	.L40	@long jump
 331              	.LCB240:
 332 00d0 7F2C     		cmp	r4, #127
 333 00d2 E3D1     		bne	.L19
 334 00d4 012E     		cmp	r6, #1
 335 00d6 00D0     		beq	.LCB244
 336 00d8 B4E2     		b	.L89	@long jump
 337              	.LCB244:
 338 00da FFF7FEFF 		bl	lorawan_api_next_max_payload_length_get
 339 00de 0C28     		cmp	r0, #12
 340 00e0 9AD9     		bls	.L136
 341 00e2 2B78     		ldrb	r3, [r5]
 342 00e4 03AE     		add	r6, sp, #12
 343 00e6 5A1C     		adds	r2, r3, #1
 344 00e8 2A70     		strb	r2, [r5]
 345 00ea 02A8     		add	r0, sp, #8
 346 00ec FC54     		strb	r4, [r7, r3]
ARM GAS  /tmp/ccIWuoU2.s 			page 7


 347 00ee FFF7FEFF 		bl	smtc_modem_get_modem_version
 348 00f2 04AC     		add	r4, sp, #16
 349 00f4 3000     		movs	r0, r6
 350 00f6 FFF7FEFF 		bl	smtc_modem_get_lorawan_version
 351 00fa 2000     		movs	r0, r4
 352 00fc FFF7FEFF 		bl	smtc_modem_get_regional_params_version
 353 0100 2B78     		ldrb	r3, [r5]
 354 0102 5A1C     		adds	r2, r3, #1
 355 0104 2A70     		strb	r2, [r5]
 356 0106 02AA     		add	r2, sp, #8
 357 0108 1278     		ldrb	r2, [r2]
 358 010a FA54     		strb	r2, [r7, r3]
 359 010c 2B78     		ldrb	r3, [r5]
 360 010e 5A1C     		adds	r2, r3, #1
 361 0110 2A70     		strb	r2, [r5]
 362 0112 02AA     		add	r2, sp, #8
 363 0114 5278     		ldrb	r2, [r2, #1]
 364 0116 FA54     		strb	r2, [r7, r3]
 365 0118 2B78     		ldrb	r3, [r5]
 366 011a 5A1C     		adds	r2, r3, #1
 367 011c 2A70     		strb	r2, [r5]
 368 011e 02AA     		add	r2, sp, #8
 369 0120 9278     		ldrb	r2, [r2, #2]
 370 0122 FA54     		strb	r2, [r7, r3]
 371 0124 2B78     		ldrb	r3, [r5]
 372 0126 5A1C     		adds	r2, r3, #1
 373 0128 2A70     		strb	r2, [r5]
 374 012a 0022     		movs	r2, #0
 375 012c FA54     		strb	r2, [r7, r3]
 376 012e 2B78     		ldrb	r3, [r5]
 377 0130 5A1C     		adds	r2, r3, #1
 378 0132 2A70     		strb	r2, [r5]
 379 0134 3278     		ldrb	r2, [r6]
 380 0136 FA54     		strb	r2, [r7, r3]
 381 0138 2B78     		ldrb	r3, [r5]
 382 013a 5A1C     		adds	r2, r3, #1
 383 013c 2A70     		strb	r2, [r5]
 384 013e 7278     		ldrb	r2, [r6, #1]
 385 0140 FA54     		strb	r2, [r7, r3]
 386 0142 2B78     		ldrb	r3, [r5]
 387 0144 5A1C     		adds	r2, r3, #1
 388 0146 2A70     		strb	r2, [r5]
 389 0148 B278     		ldrb	r2, [r6, #2]
 390 014a FA54     		strb	r2, [r7, r3]
 391 014c 2B78     		ldrb	r3, [r5]
 392 014e 5A1C     		adds	r2, r3, #1
 393 0150 2A70     		strb	r2, [r5]
 394 0152 F278     		ldrb	r2, [r6, #3]
 395 0154 FA54     		strb	r2, [r7, r3]
 396 0156 2B78     		ldrb	r3, [r5]
 397 0158 5A1C     		adds	r2, r3, #1
 398 015a 2A70     		strb	r2, [r5]
 399 015c 2278     		ldrb	r2, [r4]
 400 015e FA54     		strb	r2, [r7, r3]
 401 0160 2B78     		ldrb	r3, [r5]
 402 0162 5A1C     		adds	r2, r3, #1
 403 0164 2A70     		strb	r2, [r5]
ARM GAS  /tmp/ccIWuoU2.s 			page 8


 404 0166 6278     		ldrb	r2, [r4, #1]
 405 0168 FA54     		strb	r2, [r7, r3]
 406 016a 2B78     		ldrb	r3, [r5]
 407 016c 5A1C     		adds	r2, r3, #1
 408 016e 2A70     		strb	r2, [r5]
 409 0170 A278     		ldrb	r2, [r4, #2]
 410 0172 FA54     		strb	r2, [r7, r3]
 411 0174 2B78     		ldrb	r3, [r5]
 412 0176 5A1C     		adds	r2, r3, #1
 413 0178 2A70     		strb	r2, [r5]
 414 017a E278     		ldrb	r2, [r4, #3]
 415 017c FA54     		strb	r2, [r7, r3]
 416 017e 0FE0     		b	.L139
 417              	.L34:
 418 0180 012E     		cmp	r6, #1
 419 0182 12D1     		bne	.L42
 420 0184 2B78     		ldrb	r3, [r5]
 421 0186 5A1C     		adds	r2, r3, #1
 422 0188 2A70     		strb	r2, [r5]
 423 018a 0022     		movs	r2, #0
 424 018c FA54     		strb	r2, [r7, r3]
 425 018e 2B78     		ldrb	r3, [r5]
 426 0190 5A1C     		adds	r2, r3, #1
 427 0192 2A70     		strb	r2, [r5]
 428 0194 0622     		movs	r2, #6
 429 0196 FA54     		strb	r2, [r7, r3]
 430 0198 2B78     		ldrb	r3, [r5]
 431 019a 5A1C     		adds	r2, r3, #1
 432 019c 2A70     		strb	r2, [r5]
 433 019e FE54     		strb	r6, [r7, r3]
 434              	.L139:
 435 01a0 E023     		movs	r3, #224
 436 01a2 0F9A     		ldr	r2, [sp, #60]
 437 01a4 0224     		movs	r4, #2
 438 01a6 1370     		strb	r3, [r2]
 439 01a8 14E0     		b	.L17
 440              	.L42:
 441 01aa 774D     		ldr	r5, .L144
 442 01ac 2F21     		movs	r1, #47
 443 01ae 2800     		movs	r0, r5
 444 01b0 FFF7FEFF 		bl	strrchr
 445 01b4 2A00     		movs	r2, r5
 446 01b6 0028     		cmp	r0, #0
 447 01b8 04D0     		beq	.L43
 448 01ba 2F21     		movs	r1, #47
 449 01bc 2800     		movs	r0, r5
 450 01be FFF7FEFF 		bl	strrchr
 451 01c2 421C     		adds	r2, r0, #1
 452              	.L43:
 453 01c4 7348     		ldr	r0, .L144+12
 454 01c6 AA23     		movs	r3, #170
 455 01c8 7149     		ldr	r1, .L144+8
 456 01ca FFF7FEFF 		bl	smtc_modem_hal_print_trace
 457 01ce 7448     		ldr	r0, .L144+24
 458 01d0 FFF7FEFF 		bl	smtc_modem_hal_print_trace
 459              	.L17:
 460 01d4 2000     		movs	r0, r4
ARM GAS  /tmp/ccIWuoU2.s 			page 9


 461 01d6 09B0     		add	sp, sp, #36
 462              		@ sp needed
 463 01d8 F0BD     		pop	{r4, r5, r6, r7, pc}
 464              	.L33:
 465 01da 012E     		cmp	r6, #1
 466 01dc 02D1     		bne	.L44
 467              	.L141:
 468 01de FFF7FEFF 		bl	smtc_modem_hal_reset_mcu
 469 01e2 19E7     		b	.L136
 470              	.L44:
 471 01e4 684C     		ldr	r4, .L144
 472 01e6 2F21     		movs	r1, #47
 473 01e8 2000     		movs	r0, r4
 474 01ea FFF7FEFF 		bl	strrchr
 475 01ee 2200     		movs	r2, r4
 476 01f0 0028     		cmp	r0, #0
 477 01f2 04D0     		beq	.L45
 478 01f4 2F21     		movs	r1, #47
 479 01f6 2000     		movs	r0, r4
 480 01f8 FFF7FEFF 		bl	strrchr
 481 01fc 421C     		adds	r2, r0, #1
 482              	.L45:
 483 01fe B723     		movs	r3, #183
 484              	.L140:
 485 0200 6349     		ldr	r1, .L144+8
 486 0202 6448     		ldr	r0, .L144+12
 487 0204 FFF7FEFF 		bl	smtc_modem_hal_print_trace
 488 0208 6548     		ldr	r0, .L144+24
 489 020a FFF7FEFF 		bl	smtc_modem_hal_print_trace
 490 020e 03E7     		b	.L136
 491              	.L32:
 492 0210 012E     		cmp	r6, #1
 493 0212 0AD1     		bne	.L46
 494 0214 0020     		movs	r0, #0
 495 0216 FFF7FEFF 		bl	lorawan_api_set_activation_mode
 496 021a 0020     		movs	r0, #0
 497 021c FFF7FEFF 		bl	set_modem_status_modem_joined
 498 0220 FFF7FEFF 		bl	lorawan_api_join_status_clear
 499 0224 FFF7FEFF 		bl	modem_supervisor_add_task_join
 500 0228 F6E6     		b	.L136
 501              	.L46:
 502 022a 574C     		ldr	r4, .L144
 503 022c 2F21     		movs	r1, #47
 504 022e 2000     		movs	r0, r4
 505 0230 FFF7FEFF 		bl	strrchr
 506 0234 2200     		movs	r2, r4
 507 0236 0028     		cmp	r0, #0
 508 0238 04D0     		beq	.L47
 509 023a 2F21     		movs	r1, #47
 510 023c 2000     		movs	r0, r4
 511 023e FFF7FEFF 		bl	strrchr
 512 0242 421C     		adds	r2, r0, #1
 513              	.L47:
 514 0244 C723     		movs	r3, #199
 515 0246 DBE7     		b	.L140
 516              	.L31:
 517 0248 022E     		cmp	r6, #2
ARM GAS  /tmp/ccIWuoU2.s 			page 10


 518 024a 0FD1     		bne	.L48
 519 024c 019B     		ldr	r3, [sp, #4]
 520 024e 5B78     		ldrb	r3, [r3, #1]
 521 0250 002B     		cmp	r3, #0
 522 0252 03D1     		bne	.L49
 523              	.L138:
 524 0254 009A     		ldr	r2, [sp]
 525 0256 0724     		movs	r4, #7
 526 0258 1375     		strb	r3, [r2, #20]
 527 025a BBE7     		b	.L17
 528              	.L49:
 529 025c 012B     		cmp	r3, #1
 530 025e F9D0     		beq	.L138
 531 0260 0724     		movs	r4, #7
 532 0262 022B     		cmp	r3, #2
 533 0264 B6D1     		bne	.L17
 534 0266 009B     		ldr	r3, [sp]
 535 0268 1E75     		strb	r6, [r3, #20]
 536 026a B3E7     		b	.L17
 537              	.L48:
 538 026c 464C     		ldr	r4, .L144
 539 026e 2F21     		movs	r1, #47
 540 0270 2000     		movs	r0, r4
 541 0272 FFF7FEFF 		bl	strrchr
 542 0276 2200     		movs	r2, r4
 543 0278 0028     		cmp	r0, #0
 544 027a 04D0     		beq	.L51
 545 027c 2F21     		movs	r1, #47
 546 027e 2000     		movs	r0, r4
 547 0280 FFF7FEFF 		bl	strrchr
 548 0284 421C     		adds	r2, r0, #1
 549              	.L51:
 550 0286 DF23     		movs	r3, #223
 551 0288 BAE7     		b	.L140
 552              	.L30:
 553 028a 022E     		cmp	r6, #2
 554 028c 14D1     		bne	.L52
 555 028e 019B     		ldr	r3, [sp, #4]
 556 0290 5C78     		ldrb	r4, [r3, #1]
 557 0292 002C     		cmp	r4, #0
 558 0294 0AD1     		bne	.L53
 559 0296 1022     		movs	r2, #16
 560 0298 4249     		ldr	r1, .L144+28
 561 029a 04A8     		add	r0, sp, #16
 562 029c FFF7FEFF 		bl	memcpy
 563 02a0 0321     		movs	r1, #3
 564 02a2 04AA     		add	r2, sp, #16
 565 02a4 0120     		movs	r0, #1
 566 02a6 FFF7FEFF 		bl	smtc_modem_adr_set_profile
 567 02aa 93E7     		b	.L17
 568              	.L53:
 569 02ac 0022     		movs	r2, #0
 570 02ae 0120     		movs	r0, #1
 571 02b0 1100     		movs	r1, r2
 572 02b2 FFF7FEFF 		bl	smtc_modem_adr_set_profile
 573 02b6 AFE6     		b	.L136
 574              	.L52:
ARM GAS  /tmp/ccIWuoU2.s 			page 11


 575 02b8 334C     		ldr	r4, .L144
 576 02ba 2F21     		movs	r1, #47
 577 02bc 2000     		movs	r0, r4
 578 02be FFF7FEFF 		bl	strrchr
 579 02c2 2200     		movs	r2, r4
 580 02c4 0028     		cmp	r0, #0
 581 02c6 04D0     		beq	.L54
 582 02c8 2F21     		movs	r1, #47
 583 02ca 2000     		movs	r0, r4
 584 02cc FFF7FEFF 		bl	strrchr
 585 02d0 421C     		adds	r2, r0, #1
 586              	.L54:
 587 02d2 F523     		movs	r3, #245
 588 02d4 94E7     		b	.L140
 589              	.L29:
 590 02d6 022E     		cmp	r6, #2
 591 02d8 0BD1     		bne	.L55
 592 02da 019B     		ldr	r3, [sp, #4]
 593 02dc 5C78     		ldrb	r4, [r3, #1]
 594 02de 002C     		cmp	r4, #0
 595 02e0 03D1     		bne	.L56
 596 02e2 2000     		movs	r0, r4
 597 02e4 FFF7FEFF 		bl	smtc_modem_test_duty_cycle_app_activate
 598 02e8 74E7     		b	.L17
 599              	.L56:
 600 02ea 0120     		movs	r0, #1
 601 02ec FFF7FEFF 		bl	smtc_modem_test_duty_cycle_app_activate
 602 02f0 92E6     		b	.L136
 603              	.L55:
 604 02f2 254C     		ldr	r4, .L144
 605 02f4 2F21     		movs	r1, #47
 606 02f6 2000     		movs	r0, r4
 607 02f8 FFF7FEFF 		bl	strrchr
 608 02fc 2200     		movs	r2, r4
 609 02fe 0028     		cmp	r0, #0
 610 0300 04D0     		beq	.L57
 611 0302 2F21     		movs	r1, #47
 612 0304 2000     		movs	r0, r4
 613 0306 FFF7FEFF 		bl	strrchr
 614 030a 421C     		adds	r2, r0, #1
 615              	.L57:
 616 030c 0A23     		movs	r3, #10
 617              	.L142:
 618 030e FF33     		adds	r3, r3, #255
 619 0310 76E7     		b	.L140
 620              	.L28:
 621 0312 022E     		cmp	r6, #2
 622 0314 09D1     		bne	.L58
 623 0316 019B     		ldr	r3, [sp, #4]
 624 0318 234A     		ldr	r2, .L144+32
 625 031a 5B78     		ldrb	r3, [r3, #1]
 626 031c 5B00     		lsls	r3, r3, #1
 627 031e D05C     		ldrb	r0, [r2, r3]
 628 0320 009B     		ldr	r3, [sp]
 629 0322 1871     		strb	r0, [r3, #4]
 630 0324 FFF7FEFF 		bl	smtc_modem_alarm_start_timer
 631 0328 76E6     		b	.L136
ARM GAS  /tmp/ccIWuoU2.s 			page 12


 632              	.L58:
 633 032a 174C     		ldr	r4, .L144
 634 032c 2F21     		movs	r1, #47
 635 032e 2000     		movs	r0, r4
 636 0330 FFF7FEFF 		bl	strrchr
 637 0334 2200     		movs	r2, r4
 638 0336 0028     		cmp	r0, #0
 639 0338 04D0     		beq	.L59
 640 033a 2F21     		movs	r1, #47
 641 033c 2000     		movs	r0, r4
 642 033e FFF7FEFF 		bl	strrchr
 643 0342 421C     		adds	r2, r0, #1
 644              	.L59:
 645 0344 1823     		movs	r3, #24
 646 0346 E2E7     		b	.L142
 647              	.L27:
 648 0348 F22E     		cmp	r6, #242
 649 034a 0ED8     		bhi	.L60
 650 034c 019B     		ldr	r3, [sp, #4]
 651 034e 0024     		movs	r4, #0
 652 0350 5B78     		ldrb	r3, [r3, #1]
 653 0352 012B     		cmp	r3, #1
 654 0354 02D1     		bne	.L61
 655 0356 009B     		ldr	r3, [sp]
 656 0358 5C71     		strb	r4, [r3, #5]
 657 035a 3BE7     		b	.L17
 658              	.L61:
 659 035c 022B     		cmp	r3, #2
 660 035e 00D0     		beq	.LCB641
 661 0360 5AE6     		b	.L136	@long jump
 662              	.LCB641:
 663 0362 009A     		ldr	r2, [sp]
 664 0364 013B     		subs	r3, r3, #1
 665 0366 5371     		strb	r3, [r2, #5]
 666 0368 34E7     		b	.L17
 667              	.L60:
 668 036a 074C     		ldr	r4, .L144
 669 036c 2F21     		movs	r1, #47
 670 036e 2000     		movs	r0, r4
 671 0370 FFF7FEFF 		bl	strrchr
 672 0374 2200     		movs	r2, r4
 673 0376 0028     		cmp	r0, #0
 674 0378 04D0     		beq	.L63
 675 037a 2F21     		movs	r1, #47
 676 037c 2000     		movs	r0, r4
 677 037e FFF7FEFF 		bl	strrchr
 678 0382 421C     		adds	r2, r0, #1
 679              	.L63:
 680 0384 2C23     		movs	r3, #44
 681 0386 C2E7     		b	.L142
 682              	.L145:
 683              		.align	2
 684              	.L144:
 685 0388 00000000 		.word	.LC0
 686 038c 09020000 		.word	521
 687 0390 3B000000 		.word	.LC2
 688 0394 41000000 		.word	.LC4
ARM GAS  /tmp/ccIWuoU2.s 			page 13


 689 0398 00000000 		.word	.LANCHOR1
 690 039c 57000000 		.word	.LC12
 691 03a0 4D000000 		.word	.LC6
 692 03a4 6A000000 		.word	.LC8
 693 03a8 00000000 		.word	.LANCHOR0
 694              	.L26:
 695 03ac F22E     		cmp	r6, #242
 696 03ae 21D8     		bhi	.L64
 697 03b0 FFF7FEFF 		bl	lorawan_api_next_max_payload_length_get
 698 03b4 2B78     		ldrb	r3, [r5]
 699 03b6 C01A     		subs	r0, r0, r3
 700 03b8 8642     		cmp	r6, r0
 701 03ba 04D3     		bcc	.L65
 702 03bc FFF7FEFF 		bl	lorawan_api_next_max_payload_length_get
 703 03c0 2E78     		ldrb	r6, [r5]
 704 03c2 861B     		subs	r6, r0, r6
 705 03c4 F6B2     		uxtb	r6, r6
 706              	.L65:
 707 03c6 2B78     		ldrb	r3, [r5]
 708 03c8 013E     		subs	r6, r6, #1
 709 03ca 5A1C     		adds	r2, r3, #1
 710 03cc 2A70     		strb	r2, [r5]
 711 03ce 0822     		movs	r2, #8
 712 03d0 0199     		ldr	r1, [sp, #4]
 713 03d2 F6B2     		uxtb	r6, r6
 714 03d4 FA54     		strb	r2, [r7, r3]
 715              	.L66:
 716 03d6 019A     		ldr	r2, [sp, #4]
 717 03d8 0131     		adds	r1, r1, #1
 718 03da 4B1E     		subs	r3, r1, #1
 719 03dc 9B1A     		subs	r3, r3, r2
 720 03de DBB2     		uxtb	r3, r3
 721 03e0 9E42     		cmp	r6, r3
 722 03e2 00D8     		bhi	.LCB714
 723 03e4 DCE6     		b	.L139	@long jump
 724              	.LCB714:
 725 03e6 0B78     		ldrb	r3, [r1]
 726 03e8 2A78     		ldrb	r2, [r5]
 727 03ea 0133     		adds	r3, r3, #1
 728 03ec 501C     		adds	r0, r2, #1
 729 03ee 2870     		strb	r0, [r5]
 730 03f0 BB54     		strb	r3, [r7, r2]
 731 03f2 F0E7     		b	.L66
 732              	.L64:
 733 03f4 9B4C     		ldr	r4, .L146
 734 03f6 2F21     		movs	r1, #47
 735 03f8 2000     		movs	r0, r4
 736 03fa FFF7FEFF 		bl	strrchr
 737 03fe 2200     		movs	r2, r4
 738 0400 0028     		cmp	r0, #0
 739 0402 04D0     		beq	.L68
 740 0404 2F21     		movs	r1, #47
 741 0406 2000     		movs	r0, r4
 742 0408 FFF7FEFF 		bl	strrchr
 743 040c 421C     		adds	r2, r0, #1
 744              	.L68:
 745 040e 4423     		movs	r3, #68
ARM GAS  /tmp/ccIWuoU2.s 			page 14


 746 0410 7DE7     		b	.L142
 747              	.L25:
 748 0412 012E     		cmp	r6, #1
 749 0414 12D1     		bne	.L69
 750 0416 2B78     		ldrb	r3, [r5]
 751 0418 5A1C     		adds	r2, r3, #1
 752 041a 2A70     		strb	r2, [r5]
 753 041c 0922     		movs	r2, #9
 754 041e FA54     		strb	r2, [r7, r3]
 755 0420 009B     		ldr	r3, [sp]
 756 0422 5A88     		ldrh	r2, [r3, #2]
 757 0424 2B78     		ldrb	r3, [r5]
 758 0426 591C     		adds	r1, r3, #1
 759 0428 2970     		strb	r1, [r5]
 760 042a FA54     		strb	r2, [r7, r3]
 761 042c 009B     		ldr	r3, [sp]
 762 042e 2A78     		ldrb	r2, [r5]
 763 0430 5B88     		ldrh	r3, [r3, #2]
 764 0432 511C     		adds	r1, r2, #1
 765 0434 1B0A     		lsrs	r3, r3, #8
 766 0436 2970     		strb	r1, [r5]
 767 0438 BB54     		strb	r3, [r7, r2]
 768 043a B1E6     		b	.L139
 769              	.L69:
 770 043c 894C     		ldr	r4, .L146
 771 043e 2F21     		movs	r1, #47
 772 0440 2000     		movs	r0, r4
 773 0442 FFF7FEFF 		bl	strrchr
 774 0446 2200     		movs	r2, r4
 775 0448 0028     		cmp	r0, #0
 776 044a 04D0     		beq	.L70
 777 044c 2F21     		movs	r1, #47
 778 044e 2000     		movs	r0, r4
 779 0450 FFF7FEFF 		bl	strrchr
 780 0454 421C     		adds	r2, r0, #1
 781              	.L70:
 782 0456 AA23     		movs	r3, #170
 783              	.L143:
 784 0458 5B00     		lsls	r3, r3, #1
 785 045a D1E6     		b	.L140
 786              	.L24:
 787 045c 012E     		cmp	r6, #1
 788 045e 03D1     		bne	.L71
 789 0460 0024     		movs	r4, #0
 790 0462 009B     		ldr	r3, [sp]
 791 0464 5C80     		strh	r4, [r3, #2]
 792 0466 B5E6     		b	.L17
 793              	.L71:
 794 0468 7E4C     		ldr	r4, .L146
 795 046a 2F21     		movs	r1, #47
 796 046c 2000     		movs	r0, r4
 797 046e FFF7FEFF 		bl	strrchr
 798 0472 2200     		movs	r2, r4
 799 0474 0028     		cmp	r0, #0
 800 0476 04D0     		beq	.L72
 801 0478 2F21     		movs	r1, #47
 802 047a 2000     		movs	r0, r4
ARM GAS  /tmp/ccIWuoU2.s 			page 15


 803 047c FFF7FEFF 		bl	strrchr
 804 0480 421C     		adds	r2, r0, #1
 805              	.L72:
 806 0482 6223     		movs	r3, #98
 807 0484 43E7     		b	.L142
 808              	.L23:
 809 0486 012E     		cmp	r6, #1
 810 0488 04D1     		bne	.L73
 811 048a 0020     		movs	r0, #0
 812 048c FFF7FEFF 		bl	modem_supervisor_add_task_link_check_req
 813 0490 0324     		movs	r4, #3
 814 0492 9FE6     		b	.L17
 815              	.L73:
 816 0494 734C     		ldr	r4, .L146
 817 0496 2F21     		movs	r1, #47
 818 0498 2000     		movs	r0, r4
 819 049a FFF7FEFF 		bl	strrchr
 820 049e 2200     		movs	r2, r4
 821 04a0 0028     		cmp	r0, #0
 822 04a2 04D0     		beq	.L74
 823 04a4 2F21     		movs	r1, #47
 824 04a6 2000     		movs	r0, r4
 825 04a8 FFF7FEFF 		bl	strrchr
 826 04ac 421C     		adds	r2, r0, #1
 827              	.L74:
 828 04ae 7023     		movs	r3, #112
 829 04b0 2DE7     		b	.L142
 830              	.L22:
 831 04b2 012E     		cmp	r6, #1
 832 04b4 04D1     		bne	.L75
 833 04b6 0020     		movs	r0, #0
 834 04b8 FFF7FEFF 		bl	modem_supervisor_add_task_device_time_req
 835 04bc 0424     		movs	r4, #4
 836 04be 89E6     		b	.L17
 837              	.L75:
 838 04c0 684C     		ldr	r4, .L146
 839 04c2 2F21     		movs	r1, #47
 840 04c4 2000     		movs	r0, r4
 841 04c6 FFF7FEFF 		bl	strrchr
 842 04ca 2200     		movs	r2, r4
 843 04cc 0028     		cmp	r0, #0
 844 04ce 04D0     		beq	.L76
 845 04d0 2F21     		movs	r1, #47
 846 04d2 2000     		movs	r0, r4
 847 04d4 FFF7FEFF 		bl	strrchr
 848 04d8 421C     		adds	r2, r0, #1
 849              	.L76:
 850 04da BE23     		movs	r3, #190
 851 04dc BCE7     		b	.L143
 852              	.L20:
 853 04de 022E     		cmp	r6, #2
 854 04e0 08D1     		bne	.L77
 855 04e2 019B     		ldr	r3, [sp, #4]
 856 04e4 0524     		movs	r4, #5
 857 04e6 5878     		ldrb	r0, [r3, #1]
 858 04e8 FFF7FEFF 		bl	lorawan_api_set_ping_slot_periodicity
 859 04ec 0020     		movs	r0, #0
ARM GAS  /tmp/ccIWuoU2.s 			page 16


 860 04ee FFF7FEFF 		bl	modem_supervisor_add_task_ping_slot_info_req
 861 04f2 6FE6     		b	.L17
 862              	.L77:
 863 04f4 5B4C     		ldr	r4, .L146
 864 04f6 2F21     		movs	r1, #47
 865 04f8 2000     		movs	r0, r4
 866 04fa FFF7FEFF 		bl	strrchr
 867 04fe 2200     		movs	r2, r4
 868 0500 0028     		cmp	r0, #0
 869 0502 04D0     		beq	.L78
 870 0504 2F21     		movs	r1, #47
 871 0506 2000     		movs	r0, r4
 872 0508 FFF7FEFF 		bl	strrchr
 873 050c 421C     		adds	r2, r0, #1
 874              	.L78:
 875 050e C523     		movs	r3, #197
 876 0510 A2E7     		b	.L143
 877              	.L39:
 878 0512 022E     		cmp	r6, #2
 879 0514 06D1     		bne	.L79
 880 0516 019B     		ldr	r3, [sp, #4]
 881 0518 5B78     		ldrb	r3, [r3, #1]
 882 051a 5A1E     		subs	r2, r3, #1
 883 051c 9341     		sbcs	r3, r3, r2
 884 051e 009A     		ldr	r2, [sp]
 885 0520 5374     		strb	r3, [r2, #17]
 886 0522 79E5     		b	.L136
 887              	.L79:
 888 0524 4F4C     		ldr	r4, .L146
 889 0526 2F21     		movs	r1, #47
 890 0528 2000     		movs	r0, r4
 891 052a FFF7FEFF 		bl	strrchr
 892 052e 2200     		movs	r2, r4
 893 0530 0028     		cmp	r0, #0
 894 0532 04D0     		beq	.L80
 895 0534 2F21     		movs	r1, #47
 896 0536 2000     		movs	r0, r4
 897 0538 FFF7FEFF 		bl	strrchr
 898 053c 421C     		adds	r2, r0, #1
 899              	.L80:
 900 053e CB23     		movs	r3, #203
 901 0540 8AE7     		b	.L143
 902              	.L37:
 903 0542 022E     		cmp	r6, #2
 904 0544 14D1     		bne	.L81
 905 0546 2B78     		ldrb	r3, [r5]
 906 0548 5A1C     		adds	r2, r3, #1
 907 054a 2A70     		strb	r2, [r5]
 908 054c FC54     		strb	r4, [r7, r3]
 909 054e 009B     		ldr	r3, [sp]
 910 0550 5A8A     		ldrh	r2, [r3, #18]
 911 0552 2B78     		ldrb	r3, [r5]
 912 0554 591C     		adds	r1, r3, #1
 913 0556 2970     		strb	r1, [r5]
 914 0558 FA54     		strb	r2, [r7, r3]
 915 055a 009B     		ldr	r3, [sp]
 916 055c 2A78     		ldrb	r2, [r5]
ARM GAS  /tmp/ccIWuoU2.s 			page 17


 917 055e 5B8A     		ldrh	r3, [r3, #18]
 918 0560 511C     		adds	r1, r2, #1
 919 0562 1B0A     		lsrs	r3, r3, #8
 920 0564 2970     		strb	r1, [r5]
 921 0566 BB54     		strb	r3, [r7, r2]
 922 0568 E023     		movs	r3, #224
 923 056a 0F9A     		ldr	r2, [sp, #60]
 924 056c 1370     		strb	r3, [r2]
 925 056e 53E5     		b	.L136
 926              	.L81:
 927 0570 3C4C     		ldr	r4, .L146
 928 0572 2F21     		movs	r1, #47
 929 0574 2000     		movs	r0, r4
 930 0576 FFF7FEFF 		bl	strrchr
 931 057a 2200     		movs	r2, r4
 932 057c 0028     		cmp	r0, #0
 933 057e 04D0     		beq	.L82
 934 0580 2F21     		movs	r1, #47
 935 0582 2000     		movs	r0, r4
 936 0584 FFF7FEFF 		bl	strrchr
 937 0588 421C     		adds	r2, r0, #1
 938              	.L82:
 939 058a A623     		movs	r3, #166
 940 058c BFE6     		b	.L142
 941              	.L38:
 942 058e 012E     		cmp	r6, #1
 943 0590 03D1     		bne	.L83
 944 0592 0022     		movs	r2, #0
 945 0594 009B     		ldr	r3, [sp]
 946 0596 5A82     		strh	r2, [r3, #18]
 947 0598 3EE5     		b	.L136
 948              	.L83:
 949 059a 324C     		ldr	r4, .L146
 950 059c 2F21     		movs	r1, #47
 951 059e 2000     		movs	r0, r4
 952 05a0 FFF7FEFF 		bl	strrchr
 953 05a4 2200     		movs	r2, r4
 954 05a6 0028     		cmp	r0, #0
 955 05a8 04D0     		beq	.L84
 956 05aa 2F21     		movs	r1, #47
 957 05ac 2000     		movs	r0, r4
 958 05ae FFF7FEFF 		bl	strrchr
 959 05b2 421C     		adds	r2, r0, #1
 960              	.L84:
 961 05b4 D823     		movs	r3, #216
 962 05b6 4FE7     		b	.L143
 963              	.L35:
 964 05b8 072E     		cmp	r6, #7
 965 05ba 1CD1     		bne	.L85
 966 05bc 0123     		movs	r3, #1
 967 05be 009A     		ldr	r2, [sp]
 968 05c0 0624     		movs	r4, #6
 969 05c2 9371     		strb	r3, [r2, #6]
 970 05c4 019B     		ldr	r3, [sp, #4]
 971 05c6 9A78     		ldrb	r2, [r3, #2]
 972 05c8 5B78     		ldrb	r3, [r3, #1]
 973 05ca 1202     		lsls	r2, r2, #8
ARM GAS  /tmp/ccIWuoU2.s 			page 18


 974 05cc 9B18     		adds	r3, r3, r2
 975 05ce 009A     		ldr	r2, [sp]
 976 05d0 1381     		strh	r3, [r2, #8]
 977 05d2 019B     		ldr	r3, [sp, #4]
 978 05d4 019A     		ldr	r2, [sp, #4]
 979 05d6 5B79     		ldrb	r3, [r3, #5]
 980 05d8 1279     		ldrb	r2, [r2, #4]
 981 05da 1B04     		lsls	r3, r3, #16
 982 05dc 1202     		lsls	r2, r2, #8
 983 05de 9B18     		adds	r3, r3, r2
 984 05e0 019A     		ldr	r2, [sp, #4]
 985 05e2 D278     		ldrb	r2, [r2, #3]
 986 05e4 9B18     		adds	r3, r3, r2
 987 05e6 6422     		movs	r2, #100
 988 05e8 5343     		muls	r3, r2
 989 05ea 009A     		ldr	r2, [sp]
 990 05ec D360     		str	r3, [r2, #12]
 991 05ee 019B     		ldr	r3, [sp, #4]
 992 05f0 9B79     		ldrb	r3, [r3, #6]
 993 05f2 1374     		strb	r3, [r2, #16]
 994 05f4 EEE5     		b	.L17
 995              	.L85:
 996 05f6 1B4C     		ldr	r4, .L146
 997 05f8 2F21     		movs	r1, #47
 998 05fa 2000     		movs	r0, r4
 999 05fc FFF7FEFF 		bl	strrchr
 1000 0600 2200     		movs	r2, r4
 1001 0602 0028     		cmp	r0, #0
 1002 0604 04D0     		beq	.L86
 1003 0606 2F21     		movs	r1, #47
 1004 0608 2000     		movs	r0, r4
 1005 060a FFF7FEFF 		bl	strrchr
 1006 060e 421C     		adds	r2, r0, #1
 1007              	.L86:
 1008 0610 E323     		movs	r3, #227
 1009 0612 21E7     		b	.L143
 1010              	.L40:
 1011 0614 012E     		cmp	r6, #1
 1012 0616 06D1     		bne	.L87
 1013 0618 0022     		movs	r2, #0
 1014 061a 009B     		ldr	r3, [sp]
 1015 061c 1000     		movs	r0, r2
 1016 061e 1A70     		strb	r2, [r3]
 1017 0620 FFF7FEFF 		bl	lorawan_api_modem_certification_set
 1018 0624 DBE5     		b	.L141
 1019              	.L87:
 1020 0626 0F4C     		ldr	r4, .L146
 1021 0628 2F21     		movs	r1, #47
 1022 062a 2000     		movs	r0, r4
 1023 062c FFF7FEFF 		bl	strrchr
 1024 0630 2200     		movs	r2, r4
 1025 0632 0028     		cmp	r0, #0
 1026 0634 04D0     		beq	.L88
 1027 0636 2F21     		movs	r1, #47
 1028 0638 2000     		movs	r0, r4
 1029 063a FFF7FEFF 		bl	strrchr
 1030 063e 421C     		adds	r2, r0, #1
ARM GAS  /tmp/ccIWuoU2.s 			page 19


 1031              	.L88:
 1032 0640 D623     		movs	r3, #214
 1033 0642 64E6     		b	.L142
 1034              	.L89:
 1035 0644 074C     		ldr	r4, .L146
 1036 0646 2F21     		movs	r1, #47
 1037 0648 2000     		movs	r0, r4
 1038 064a FFF7FEFF 		bl	strrchr
 1039 064e 2200     		movs	r2, r4
 1040 0650 0028     		cmp	r0, #0
 1041 0652 04D0     		beq	.L90
 1042 0654 2F21     		movs	r1, #47
 1043 0656 2000     		movs	r0, r4
 1044 0658 FFF7FEFF 		bl	strrchr
 1045 065c 421C     		adds	r2, r0, #1
 1046              	.L90:
 1047 065e 024B     		ldr	r3, .L146+4
 1048 0660 CEE5     		b	.L140
 1049              	.L147:
 1050 0662 C046     		.align	2
 1051              	.L146:
 1052 0664 00000000 		.word	.LC0
 1053 0668 03020000 		.word	515
 1055              		.global	__aeabi_uidiv
 1056              		.section	.text.lorawan_certification_build_beacon_rx_status_ind,"ax",%progbits
 1057              		.align	1
 1058              		.global	lorawan_certification_build_beacon_rx_status_ind
 1059              		.syntax unified
 1060              		.code	16
 1061              		.thumb_func
 1062              		.fpu softvfp
 1064              	lorawan_certification_build_beacon_rx_status_ind:
 1065              		@ args = 20, pretend = 0, frame = 72
 1066              		@ frame_needed = 0, uses_anonymous_args = 0
 1067 0000 F0B5     		push	{r4, r5, r6, r7, lr}
 1068 0002 93B0     		sub	sp, sp, #76
 1069 0004 1D00     		movs	r5, r3
 1070 0006 18AB     		add	r3, sp, #96
 1071 0008 10CB     		ldmia	r3!, {r4}
 1072 000a 0190     		str	r0, [sp, #4]
 1073 000c 1B78     		ldrb	r3, [r3]
 1074 000e 07A8     		add	r0, sp, #28
 1075 0010 5BB2     		sxtb	r3, r3
 1076 0012 0293     		str	r3, [sp, #8]
 1077 0014 1AAB     		add	r3, sp, #104
 1078 0016 1B78     		ldrb	r3, [r3]
 1079 0018 0E00     		movs	r6, r1
 1080 001a 5BB2     		sxtb	r3, r3
 1081 001c 0493     		str	r3, [sp, #16]
 1082 001e 1BAB     		add	r3, sp, #108
 1083 0020 1B78     		ldrb	r3, [r3]
 1084 0022 0393     		str	r3, [sp, #12]
 1085 0024 FFF7FEFF 		bl	lorawan_api_beacon_get_metadata
 1086 0028 0A9B     		ldr	r3, [sp, #40]
 1087 002a 002B     		cmp	r3, #0
 1088 002c 04D1     		bne	.L149
 1089 002e 019B     		ldr	r3, [sp, #4]
ARM GAS  /tmp/ccIWuoU2.s 			page 20


 1090 0030 019A     		ldr	r2, [sp, #4]
 1091 0032 5B8A     		ldrh	r3, [r3, #18]
 1092 0034 0133     		adds	r3, r3, #1
 1093 0036 5382     		strh	r3, [r2, #18]
 1094              	.L149:
 1095 0038 06AB     		add	r3, sp, #24
 1096 003a 9F1C     		adds	r7, r3, #2
 1097 003c DA1C     		adds	r2, r3, #3
 1098 003e 3900     		movs	r1, r7
 1099 0040 0398     		ldr	r0, [sp, #12]
 1100 0042 FFF7FEFF 		bl	lorawan_api_lora_dr_to_sf_bw
 1101 0046 3978     		ldrb	r1, [r7]
 1102 0048 3000     		movs	r0, r6
 1103 004a FFF7FEFF 		bl	smtc_decode_beacon_epoch_time
 1104 004e 3978     		ldrb	r1, [r7]
 1105 0050 0090     		str	r0, [sp]
 1106 0052 3000     		movs	r0, r6
 1107 0054 FFF7FEFF 		bl	smtc_decode_beacon_param
 1108 0058 0590     		str	r0, [sp, #20]
 1109 005a FFF7FEFF 		bl	lorawan_api_get_frequency_factor
 1110 005e 0100     		movs	r1, r0
 1111 0060 1C98     		ldr	r0, [sp, #112]
 1112 0062 FFF7FEFF 		bl	__aeabi_uidiv
 1113 0066 2378     		ldrb	r3, [r4]
 1114 0068 5A1C     		adds	r2, r3, #1
 1115 006a 2270     		strb	r2, [r4]
 1116 006c 4122     		movs	r2, #65
 1117 006e EA54     		strb	r2, [r5, r3]
 1118 0070 2378     		ldrb	r3, [r4]
 1119 0072 5A1C     		adds	r2, r3, #1
 1120 0074 2270     		strb	r2, [r4]
 1121 0076 0122     		movs	r2, #1
 1122 0078 EA54     		strb	r2, [r5, r3]
 1123 007a 019B     		ldr	r3, [sp, #4]
 1124 007c 5A8A     		ldrh	r2, [r3, #18]
 1125 007e 2378     		ldrb	r3, [r4]
 1126 0080 591C     		adds	r1, r3, #1
 1127 0082 2170     		strb	r1, [r4]
 1128 0084 EA54     		strb	r2, [r5, r3]
 1129 0086 019B     		ldr	r3, [sp, #4]
 1130 0088 2278     		ldrb	r2, [r4]
 1131 008a 5B8A     		ldrh	r3, [r3, #18]
 1132 008c 511C     		adds	r1, r2, #1
 1133 008e 1B0A     		lsrs	r3, r3, #8
 1134 0090 2170     		strb	r1, [r4]
 1135 0092 AB54     		strb	r3, [r5, r2]
 1136 0094 2378     		ldrb	r3, [r4]
 1137 0096 5A1C     		adds	r2, r3, #1
 1138 0098 2270     		strb	r2, [r4]
 1139 009a E854     		strb	r0, [r5, r3]
 1140 009c 2378     		ldrb	r3, [r4]
 1141 009e 5A1C     		adds	r2, r3, #1
 1142 00a0 2270     		strb	r2, [r4]
 1143 00a2 020A     		lsrs	r2, r0, #8
 1144 00a4 EA54     		strb	r2, [r5, r3]
 1145 00a6 2378     		ldrb	r3, [r4]
 1146 00a8 000C     		lsrs	r0, r0, #16
ARM GAS  /tmp/ccIWuoU2.s 			page 21


 1147 00aa 5A1C     		adds	r2, r3, #1
 1148 00ac 2270     		strb	r2, [r4]
 1149 00ae E854     		strb	r0, [r5, r3]
 1150 00b0 2378     		ldrb	r3, [r4]
 1151 00b2 5A1C     		adds	r2, r3, #1
 1152 00b4 2270     		strb	r2, [r4]
 1153 00b6 039A     		ldr	r2, [sp, #12]
 1154 00b8 EA54     		strb	r2, [r5, r3]
 1155 00ba 2378     		ldrb	r3, [r4]
 1156 00bc 5A1C     		adds	r2, r3, #1
 1157 00be 2270     		strb	r2, [r4]
 1158 00c0 029A     		ldr	r2, [sp, #8]
 1159 00c2 3978     		ldrb	r1, [r7]
 1160 00c4 EA54     		strb	r2, [r5, r3]
 1161 00c6 2278     		ldrb	r2, [r4]
 1162 00c8 531C     		adds	r3, r2, #1
 1163 00ca 2370     		strb	r3, [r4]
 1164 00cc 029B     		ldr	r3, [sp, #8]
 1165 00ce 1B12     		asrs	r3, r3, #8
 1166 00d0 AB54     		strb	r3, [r5, r2]
 1167 00d2 2378     		ldrb	r3, [r4]
 1168 00d4 5A1C     		adds	r2, r3, #1
 1169 00d6 2270     		strb	r2, [r4]
 1170 00d8 049A     		ldr	r2, [sp, #16]
 1171 00da EA54     		strb	r2, [r5, r3]
 1172 00dc 2378     		ldrb	r3, [r4]
 1173 00de 5A1C     		adds	r2, r3, #1
 1174 00e0 2270     		strb	r2, [r4]
 1175 00e2 059A     		ldr	r2, [sp, #20]
 1176 00e4 EA54     		strb	r2, [r5, r3]
 1177 00e6 2378     		ldrb	r3, [r4]
 1178 00e8 5A1C     		adds	r2, r3, #1
 1179 00ea 2270     		strb	r2, [r4]
 1180 00ec 009A     		ldr	r2, [sp]
 1181 00ee EA54     		strb	r2, [r5, r3]
 1182 00f0 2378     		ldrb	r3, [r4]
 1183 00f2 5A1C     		adds	r2, r3, #1
 1184 00f4 2270     		strb	r2, [r4]
 1185 00f6 009A     		ldr	r2, [sp]
 1186 00f8 120A     		lsrs	r2, r2, #8
 1187 00fa EA54     		strb	r2, [r5, r3]
 1188 00fc 2378     		ldrb	r3, [r4]
 1189 00fe 5A1C     		adds	r2, r3, #1
 1190 0100 2270     		strb	r2, [r4]
 1191 0102 009A     		ldr	r2, [sp]
 1192 0104 120C     		lsrs	r2, r2, #16
 1193 0106 EA54     		strb	r2, [r5, r3]
 1194 0108 2378     		ldrb	r3, [r4]
 1195 010a 5A1C     		adds	r2, r3, #1
 1196 010c 2270     		strb	r2, [r4]
 1197 010e 009A     		ldr	r2, [sp]
 1198 0110 900B     		lsrs	r0, r2, #14
 1199 0112 E854     		strb	r0, [r5, r3]
 1200 0114 2278     		ldrb	r2, [r4]
 1201 0116 3000     		movs	r0, r6
 1202 0118 AA18     		adds	r2, r5, r2
 1203 011a FFF7FEFF 		bl	smtc_decode_beacon_gw_specific
ARM GAS  /tmp/ccIWuoU2.s 			page 22


 1204 011e 2378     		ldrb	r3, [r4]
 1205 0120 0733     		adds	r3, r3, #7
 1206 0122 2370     		strb	r3, [r4]
 1207 0124 13B0     		add	sp, sp, #76
 1208              		@ sp needed
 1209 0126 F0BD     		pop	{r4, r5, r6, r7, pc}
 1211              		.section	.rodata.__func__.0,"a"
 1212              		.set	.LANCHOR1,. + 0
 1215              	__func__.0:
 1216 0000 6C6F7261 		.ascii	"lorawan_certification_parser\000"
 1216      77616E5F 
 1216      63657274 
 1216      69666963 
 1216      6174696F 
 1217              		.section	.rodata.lorawan_certification_periodicity_table,"a"
 1218              		.align	2
 1219              		.set	.LANCHOR0,. + 0
 1222              	lorawan_certification_periodicity_table:
 1223 0000 0000     		.short	0
 1224 0002 0500     		.short	5
 1225 0004 0A00     		.short	10
 1226 0006 1400     		.short	20
 1227 0008 1E00     		.short	30
 1228 000a 2800     		.short	40
 1229 000c 3200     		.short	50
 1230 000e 3C00     		.short	60
 1231 0010 7800     		.short	120
 1232 0012 F000     		.short	240
 1233 0014 E001     		.short	480
 1234              		.ident	"GCC: (15:10.3-2021.07-4) 10.3.1 20210621 (release)"
ARM GAS  /tmp/ccIWuoU2.s 			page 23


DEFINED SYMBOLS
                            *ABS*:0000000000000000 lorawan_certification.c
     /tmp/ccIWuoU2.s:12     .text.lorawan_certification_init:0000000000000000 $t
     /tmp/ccIWuoU2.s:20     .text.lorawan_certification_init:0000000000000000 lorawan_certification_init
     /tmp/ccIWuoU2.s:34     .text.lorawan_certification_set_enabled:0000000000000000 $t
     /tmp/ccIWuoU2.s:41     .text.lorawan_certification_set_enabled:0000000000000000 lorawan_certification_set_enabled
     /tmp/ccIWuoU2.s:59     .text.lorawan_certification_get_enabled:0000000000000000 $t
     /tmp/ccIWuoU2.s:66     .text.lorawan_certification_get_enabled:0000000000000000 lorawan_certification_get_enabled
     /tmp/ccIWuoU2.s:75     .text.lorawan_certification_get_ul_periodicity:0000000000000000 $t
     /tmp/ccIWuoU2.s:82     .text.lorawan_certification_get_ul_periodicity:0000000000000000 lorawan_certification_get_ul_periodicity
     /tmp/ccIWuoU2.s:91     .text.lorawan_certification_get_frame_type:0000000000000000 $t
     /tmp/ccIWuoU2.s:98     .text.lorawan_certification_get_frame_type:0000000000000000 lorawan_certification_get_frame_type
     /tmp/ccIWuoU2.s:107    .text.lorawan_certification_get_cw_config:0000000000000000 $t
     /tmp/ccIWuoU2.s:114    .text.lorawan_certification_get_cw_config:0000000000000000 lorawan_certification_get_cw_config
     /tmp/ccIWuoU2.s:129    .text.lorawan_certification_is_cw_running:0000000000000000 $t
     /tmp/ccIWuoU2.s:136    .text.lorawan_certification_is_cw_running:0000000000000000 lorawan_certification_is_cw_running
     /tmp/ccIWuoU2.s:145    .text.lorawan_certification_cw_set_as_stopped:0000000000000000 $t
     /tmp/ccIWuoU2.s:152    .text.lorawan_certification_cw_set_as_stopped:0000000000000000 lorawan_certification_cw_set_as_stopped
     /tmp/ccIWuoU2.s:162    .text.lorawan_certification_get_beacon_rx_status_ind_ctrl:0000000000000000 $t
     /tmp/ccIWuoU2.s:169    .text.lorawan_certification_get_beacon_rx_status_ind_ctrl:0000000000000000 lorawan_certification_get_beacon_rx_status_ind_ctrl
     /tmp/ccIWuoU2.s:178    .text.lorawan_certification_get_requested_class:0000000000000000 $t
     /tmp/ccIWuoU2.s:185    .text.lorawan_certification_get_requested_class:0000000000000000 lorawan_certification_get_requested_class
     /tmp/ccIWuoU2.s:209    .text.lorawan_certification_parser:0000000000000000 $t
     /tmp/ccIWuoU2.s:216    .text.lorawan_certification_parser:0000000000000000 lorawan_certification_parser
     /tmp/ccIWuoU2.s:252    .text.lorawan_certification_parser:000000000000003c $d
     /tmp/ccIWuoU2.s:287    .text.lorawan_certification_parser:0000000000000082 $t
     /tmp/ccIWuoU2.s:685    .text.lorawan_certification_parser:0000000000000388 $d
     /tmp/ccIWuoU2.s:695    .text.lorawan_certification_parser:00000000000003ac $t
     /tmp/ccIWuoU2.s:1052   .text.lorawan_certification_parser:0000000000000664 $d
     /tmp/ccIWuoU2.s:1057   .text.lorawan_certification_build_beacon_rx_status_ind:0000000000000000 $t
     /tmp/ccIWuoU2.s:1064   .text.lorawan_certification_build_beacon_rx_status_ind:0000000000000000 lorawan_certification_build_beacon_rx_status_ind
     /tmp/ccIWuoU2.s:1215   .rodata.__func__.0:0000000000000000 __func__.0
     /tmp/ccIWuoU2.s:1218   .rodata.lorawan_certification_periodicity_table:0000000000000000 $d
     /tmp/ccIWuoU2.s:1222   .rodata.lorawan_certification_periodicity_table:0000000000000000 lorawan_certification_periodicity_table

UNDEFINED SYMBOLS
memset
__gnu_thumb1_case_uhi
strrchr
smtc_modem_hal_print_trace
lorawan_api_next_max_payload_length_get
smtc_modem_get_modem_version
smtc_modem_get_lorawan_version
smtc_modem_get_regional_params_version
smtc_modem_hal_reset_mcu
lorawan_api_set_activation_mode
set_modem_status_modem_joined
lorawan_api_join_status_clear
modem_supervisor_add_task_join
memcpy
smtc_modem_adr_set_profile
smtc_modem_test_duty_cycle_app_activate
smtc_modem_alarm_start_timer
modem_supervisor_add_task_link_check_req
modem_supervisor_add_task_device_time_req
lorawan_api_set_ping_slot_periodicity
modem_supervisor_add_task_ping_slot_info_req
ARM GAS  /tmp/ccIWuoU2.s 			page 24


lorawan_api_modem_certification_set
__aeabi_uidiv
lorawan_api_beacon_get_metadata
lorawan_api_lora_dr_to_sf_bw
smtc_decode_beacon_epoch_time
smtc_decode_beacon_param
lorawan_api_get_frequency_factor
smtc_decode_beacon_gw_specific
