ARM GAS  /tmp/cch1k7Df.s 			page 1


   1              		.cpu cortex-m0
   2              		.eabi_attribute 23, 1
   3              		.eabi_attribute 24, 1
   4              		.eabi_attribute 25, 1
   5              		.eabi_attribute 26, 1
   6              		.eabi_attribute 30, 4
   7              		.eabi_attribute 34, 0
   8              		.eabi_attribute 18, 4
   9              		.file	"lr11xx_driver_version.c"
  10              		.text
  11              		.section	.rodata.lr11xx_driver_version_get_version_string.str1.1,"aMS",%progbits,1
  12              	.LC0:
  13 0000 76322E31 		.ascii	"v2.1.1\000"
  13      2E3100
  14              		.section	.text.lr11xx_driver_version_get_version_string,"ax",%progbits
  15              		.align	1
  16              		.global	lr11xx_driver_version_get_version_string
  17              		.arch armv6s-m
  18              		.syntax unified
  19              		.code	16
  20              		.thumb_func
  21              		.fpu softvfp
  23              	lr11xx_driver_version_get_version_string:
  24              		@ args = 0, pretend = 0, frame = 0
  25              		@ frame_needed = 0, uses_anonymous_args = 0
  26              		@ link register save eliminated.
  27 0000 0048     		ldr	r0, .L2
  28              		@ sp needed
  29 0002 7047     		bx	lr
  30              	.L3:
  31              		.align	2
  32              	.L2:
  33 0004 00000000 		.word	.LC0
  35              		.ident	"GCC: (15:10.3-2021.07-4) 10.3.1 20210621 (release)"
ARM GAS  /tmp/cch1k7Df.s 			page 2


DEFINED SYMBOLS
                            *ABS*:0000000000000000 lr11xx_driver_version.c
     /tmp/cch1k7Df.s:15     .text.lr11xx_driver_version_get_version_string:0000000000000000 $t
     /tmp/cch1k7Df.s:23     .text.lr11xx_driver_version_get_version_string:0000000000000000 lr11xx_driver_version_get_version_string
     /tmp/cch1k7Df.s:33     .text.lr11xx_driver_version_get_version_string:0000000000000004 $d

NO UNDEFINED SYMBOLS
