ARM GAS  /tmp/ccWrkE3e.s 			page 1


   1              		.cpu cortex-m0
   2              		.eabi_attribute 23, 1
   3              		.eabi_attribute 24, 1
   4              		.eabi_attribute 25, 1
   5              		.eabi_attribute 26, 1
   6              		.eabi_attribute 30, 4
   7              		.eabi_attribute 34, 0
   8              		.eabi_attribute 18, 4
   9              		.file	"lr11xx_lr_fhss.c"
  10              		.text
  11              		.section	.text.lr11xx_lr_fhss_init,"ax",%progbits
  12              		.align	1
  13              		.global	lr11xx_lr_fhss_init
  14              		.arch armv6s-m
  15              		.syntax unified
  16              		.code	16
  17              		.thumb_func
  18              		.fpu softvfp
  20              	lr11xx_lr_fhss_init:
  21              		@ args = 0, pretend = 0, frame = 8
  22              		@ frame_needed = 0, uses_anonymous_args = 0
  23 0000 1FB5     		push	{r0, r1, r2, r3, r4, lr}
  24 0002 0421     		movs	r1, #4
  25 0004 0400     		movs	r4, r0
  26 0006 FFF7FEFF 		bl	lr11xx_radio_set_pkt_type
  27 000a 0028     		cmp	r0, #0
  28 000c 0DD1     		bne	.L2
  29 000e 6A46     		mov	r2, sp
  30 0010 074B     		ldr	r3, .L3
  31 0012 02A9     		add	r1, sp, #8
  32 0014 0293     		str	r3, [sp, #8]
  33 0016 074B     		ldr	r3, .L3+4
  34 0018 9381     		strh	r3, [r2, #12]
  35 001a 0B23     		movs	r3, #11
  36 001c 9373     		strb	r3, [r2, #14]
  37 001e 0300     		movs	r3, r0
  38 0020 0090     		str	r0, [sp]
  39 0022 0722     		movs	r2, #7
  40 0024 2000     		movs	r0, r4
  41 0026 FFF7FEFF 		bl	lr11xx_hal_write
  42              	.L2:
  43 002a 04B0     		add	sp, sp, #16
  44              		@ sp needed
  45 002c 10BD     		pop	{r4, pc}
  46              	.L4:
  47 002e C046     		.align	2
  48              	.L3:
  49 0030 020F8001 		.word	25169666
  50 0034 E8480000 		.word	18664
  52              		.section	.text.lr11xx_lr_fhss_build_frame,"ax",%progbits
  53              		.align	1
  54              		.global	lr11xx_lr_fhss_build_frame
  55              		.syntax unified
  56              		.code	16
  57              		.thumb_func
  58              		.fpu softvfp
  60              	lr11xx_lr_fhss_build_frame:
ARM GAS  /tmp/ccWrkE3e.s 			page 2


  61              		@ args = 4, pretend = 0, frame = 24
  62              		@ frame_needed = 0, uses_anonymous_args = 0
  63 0000 F0B5     		push	{r4, r5, r6, r7, lr}
  64 0002 89B0     		sub	sp, sp, #36
  65 0004 0293     		str	r3, [sp, #8]
  66 0006 0EAB     		add	r3, sp, #56
  67 0008 1B78     		ldrb	r3, [r3]
  68 000a 05AC     		add	r4, sp, #20
  69 000c 0393     		str	r3, [sp, #12]
  70 000e 164B     		ldr	r3, .L7
  71 0010 0D00     		movs	r5, r1
  72 0012 2380     		strh	r3, [r4]
  73 0014 0423     		movs	r3, #4
  74 0016 0093     		str	r3, [sp]
  75 0018 1700     		movs	r7, r2
  76 001a 0B68     		ldr	r3, [r1]
  77 001c 0222     		movs	r2, #2
  78 001e 2100     		movs	r1, r4
  79 0020 0600     		movs	r6, r0
  80 0022 FFF7FEFF 		bl	lr11xx_hal_write
  81 0026 0028     		cmp	r0, #0
  82 0028 1CD1     		bne	.L6
  83 002a 0223     		movs	r3, #2
  84 002c 2370     		strb	r3, [r4]
  85 002e 2A33     		adds	r3, r3, #42
  86 0030 6370     		strb	r3, [r4, #1]
  87 0032 6B7A     		ldrb	r3, [r5, #9]
  88 0034 6772     		strb	r7, [r4, #9]
  89 0036 A370     		strb	r3, [r4, #2]
  90 0038 6B79     		ldrb	r3, [r5, #5]
  91 003a 0B22     		movs	r2, #11
  92 003c E370     		strb	r3, [r4, #3]
  93 003e 2B79     		ldrb	r3, [r5, #4]
  94 0040 2100     		movs	r1, r4
  95 0042 2371     		strb	r3, [r4, #4]
  96 0044 AB79     		ldrb	r3, [r5, #6]
  97 0046 3000     		movs	r0, r6
  98 0048 6371     		strb	r3, [r4, #5]
  99 004a 2B7A     		ldrb	r3, [r5, #8]
 100 004c A371     		strb	r3, [r4, #6]
 101 004e EB79     		ldrb	r3, [r5, #7]
 102 0050 E371     		strb	r3, [r4, #7]
 103 0052 3B0A     		lsrs	r3, r7, #8
 104 0054 2372     		strb	r3, [r4, #8]
 105 0056 2B7B     		ldrb	r3, [r5, #12]
 106 0058 A372     		strb	r3, [r4, #10]
 107 005a 039B     		ldr	r3, [sp, #12]
 108 005c 0093     		str	r3, [sp]
 109 005e 029B     		ldr	r3, [sp, #8]
 110 0060 FFF7FEFF 		bl	lr11xx_hal_write
 111              	.L6:
 112 0064 09B0     		add	sp, sp, #36
 113              		@ sp needed
 114 0066 F0BD     		pop	{r4, r5, r6, r7, pc}
 115              	.L8:
 116              		.align	2
 117              	.L7:
ARM GAS  /tmp/ccWrkE3e.s 			page 3


 118 0068 022D0000 		.word	11522
 120              		.global	__aeabi_uidiv
 121              		.global	__aeabi_idiv
 122              		.global	__aeabi_uidivmod
 123              		.section	.text.lr11xx_lr_fhss_get_time_on_air_in_ms,"ax",%progbits
 124              		.align	1
 125              		.global	lr11xx_lr_fhss_get_time_on_air_in_ms
 126              		.syntax unified
 127              		.code	16
 128              		.thumb_func
 129              		.fpu softvfp
 131              	lr11xx_lr_fhss_get_time_on_air_in_ms:
 132              		@ args = 0, pretend = 0, frame = 0
 133              		@ frame_needed = 0, uses_anonymous_args = 0
 134 0000 70B5     		push	{r4, r5, r6, lr}
 135 0002 CC00     		lsls	r4, r1, #3
 136 0004 467A     		ldrb	r6, [r0, #9]
 137 0006 4079     		ldrb	r0, [r0, #5]
 138 0008 1634     		adds	r4, r4, #22
 139 000a A4B2     		uxth	r4, r4
 140 000c 0328     		cmp	r0, #3
 141 000e 0AD8     		bhi	.L10
 142 0010 FFF7FEFF 		bl	__gnu_thumb1_case_uqi
 143              	.L12:
 144 0014 02       		.byte	(.L15-.L12)/2
 145 0015 24       		.byte	(.L14-.L12)/2
 146 0016 29       		.byte	(.L13-.L12)/2
 147 0017 2B       		.byte	(.L11-.L12)/2
 148              		.p2align 1
 149              	.L15:
 150 0018 0620     		movs	r0, #6
 151 001a 6043     		muls	r0, r4
 152 001c 0521     		movs	r1, #5
 153 001e 0430     		adds	r0, r0, #4
 154 0020 FFF7FEFF 		bl	__aeabi_idiv
 155 0024 84B2     		uxth	r4, r0
 156              	.L10:
 157 0026 3021     		movs	r1, #48
 158 0028 2000     		movs	r0, r4
 159 002a FFF7FEFF 		bl	__aeabi_uidiv
 160 002e 3225     		movs	r5, #50
 161 0030 3021     		movs	r1, #48
 162 0032 4543     		muls	r5, r0
 163 0034 2000     		movs	r0, r4
 164 0036 FFF7FEFF 		bl	__aeabi_uidivmod
 165 003a 89B2     		uxth	r1, r1
 166 003c ADB2     		uxth	r5, r5
 167 003e 0029     		cmp	r1, #0
 168 0040 02D0     		beq	.L16
 169 0042 0231     		adds	r1, r1, #2
 170 0044 6D18     		adds	r5, r5, r1
 171 0046 ADB2     		uxth	r5, r5
 172              	.L16:
 173 0048 7220     		movs	r0, #114
 174              		@ sp needed
 175 004a 7043     		muls	r0, r6
 176 004c 2818     		adds	r0, r5, r0
ARM GAS  /tmp/ccWrkE3e.s 			page 4


 177 004e 80B2     		uxth	r0, r0
 178 0050 0002     		lsls	r0, r0, #8
 179 0052 7D21     		movs	r1, #125
 180 0054 7C30     		adds	r0, r0, #124
 181 0056 FFF7FEFF 		bl	__aeabi_idiv
 182 005a 70BD     		pop	{r4, r5, r6, pc}
 183              	.L14:
 184 005c 0320     		movs	r0, #3
 185 005e 4443     		muls	r4, r0
 186 0060 6410     		asrs	r4, r4, #1
 187              	.L20:
 188 0062 A4B2     		uxth	r4, r4
 189 0064 DFE7     		b	.L10
 190              	.L13:
 191 0066 6400     		lsls	r4, r4, #1
 192 0068 FBE7     		b	.L20
 193              	.L11:
 194 006a 0320     		movs	r0, #3
 195 006c 4443     		muls	r4, r0
 196 006e F8E7     		b	.L20
 198              		.section	.text.lr11xx_lr_fhss_get_hop_sequence_count,"ax",%progbits
 199              		.align	1
 200              		.global	lr11xx_lr_fhss_get_hop_sequence_count
 201              		.syntax unified
 202              		.code	16
 203              		.thumb_func
 204              		.fpu softvfp
 206              	lr11xx_lr_fhss_get_hop_sequence_count:
 207              		@ args = 0, pretend = 0, frame = 0
 208              		@ frame_needed = 0, uses_anonymous_args = 0
 209              		@ link register save eliminated.
 210 0000 8379     		ldrb	r3, [r0, #6]
 211 0002 002B     		cmp	r3, #0
 212 0004 04D0     		beq	.L23
 213 0006 012B     		cmp	r3, #1
 214 0008 05D1     		bne	.L25
 215 000a C379     		ldrb	r3, [r0, #7]
 216 000c 032B     		cmp	r3, #3
 217 000e 02D8     		bhi	.L25
 218              	.L23:
 219 0010 C020     		movs	r0, #192
 220 0012 4000     		lsls	r0, r0, #1
 221              	.L21:
 222              		@ sp needed
 223 0014 7047     		bx	lr
 224              	.L25:
 225 0016 8020     		movs	r0, #128
 226 0018 8000     		lsls	r0, r0, #2
 227 001a FBE7     		b	.L21
 229              		.ident	"GCC: (15:10.3-2021.07-4) 10.3.1 20210621 (release)"
ARM GAS  /tmp/ccWrkE3e.s 			page 5


DEFINED SYMBOLS
                            *ABS*:0000000000000000 lr11xx_lr_fhss.c
     /tmp/ccWrkE3e.s:12     .text.lr11xx_lr_fhss_init:0000000000000000 $t
     /tmp/ccWrkE3e.s:20     .text.lr11xx_lr_fhss_init:0000000000000000 lr11xx_lr_fhss_init
     /tmp/ccWrkE3e.s:49     .text.lr11xx_lr_fhss_init:0000000000000030 $d
     /tmp/ccWrkE3e.s:53     .text.lr11xx_lr_fhss_build_frame:0000000000000000 $t
     /tmp/ccWrkE3e.s:60     .text.lr11xx_lr_fhss_build_frame:0000000000000000 lr11xx_lr_fhss_build_frame
     /tmp/ccWrkE3e.s:118    .text.lr11xx_lr_fhss_build_frame:0000000000000068 $d
     /tmp/ccWrkE3e.s:124    .text.lr11xx_lr_fhss_get_time_on_air_in_ms:0000000000000000 $t
     /tmp/ccWrkE3e.s:131    .text.lr11xx_lr_fhss_get_time_on_air_in_ms:0000000000000000 lr11xx_lr_fhss_get_time_on_air_in_ms
     /tmp/ccWrkE3e.s:144    .text.lr11xx_lr_fhss_get_time_on_air_in_ms:0000000000000014 $d
     /tmp/ccWrkE3e.s:148    .text.lr11xx_lr_fhss_get_time_on_air_in_ms:0000000000000018 $t
     /tmp/ccWrkE3e.s:199    .text.lr11xx_lr_fhss_get_hop_sequence_count:0000000000000000 $t
     /tmp/ccWrkE3e.s:206    .text.lr11xx_lr_fhss_get_hop_sequence_count:0000000000000000 lr11xx_lr_fhss_get_hop_sequence_count

UNDEFINED SYMBOLS
lr11xx_radio_set_pkt_type
lr11xx_hal_write
__aeabi_uidiv
__aeabi_idiv
__aeabi_uidivmod
__gnu_thumb1_case_uqi
