ARM GAS  /tmp/ccQrxvIn.s 			page 1


   1              		.cpu cortex-m0
   2              		.eabi_attribute 23, 1
   3              		.eabi_attribute 24, 1
   4              		.eabi_attribute 25, 1
   5              		.eabi_attribute 26, 1
   6              		.eabi_attribute 30, 4
   7              		.eabi_attribute 34, 0
   8              		.eabi_attribute 18, 4
   9              		.file	"lr11xx_gnss.c"
  10              		.text
  11              		.section	.text.lr11xx_gnss_uint8_to_uint32,"ax",%progbits
  12              		.align	1
  13              		.arch armv6s-m
  14              		.syntax unified
  15              		.code	16
  16              		.thumb_func
  17              		.fpu softvfp
  19              	lr11xx_gnss_uint8_to_uint32:
  20              		@ args = 0, pretend = 0, frame = 0
  21              		@ frame_needed = 0, uses_anonymous_args = 0
  22              		@ link register save eliminated.
  23 0000 0300     		movs	r3, r0
  24              		@ sp needed
  25 0002 5A78     		ldrb	r2, [r3, #1]
  26 0004 0078     		ldrb	r0, [r0]
  27 0006 1204     		lsls	r2, r2, #16
  28 0008 0006     		lsls	r0, r0, #24
  29 000a 8018     		adds	r0, r0, r2
  30 000c DA78     		ldrb	r2, [r3, #3]
  31 000e 9B78     		ldrb	r3, [r3, #2]
  32 0010 8018     		adds	r0, r0, r2
  33 0012 1B02     		lsls	r3, r3, #8
  34 0014 C018     		adds	r0, r0, r3
  35 0016 7047     		bx	lr
  37              		.section	.text.lr11xx_gnss_get_almanac_address_size.constprop.0,"ax",%progbits
  38              		.align	1
  39              		.syntax unified
  40              		.code	16
  41              		.thumb_func
  42              		.fpu softvfp
  44              	lr11xx_gnss_get_almanac_address_size.constprop.0:
  45              		@ args = 0, pretend = 0, frame = 16
  46              		@ frame_needed = 0, uses_anonymous_args = 0
  47 0000 70B5     		push	{r4, r5, r6, lr}
  48 0002 0E4B     		ldr	r3, .L4
  49 0004 86B0     		sub	sp, sp, #24
  50 0006 0E00     		movs	r6, r1
  51 0008 03A9     		add	r1, sp, #12
  52 000a 0B80     		strh	r3, [r1]
  53 000c 1500     		movs	r5, r2
  54 000e 0023     		movs	r3, #0
  55 0010 6A46     		mov	r2, sp
  56 0012 0493     		str	r3, [sp, #16]
  57 0014 9382     		strh	r3, [r2, #20]
  58 0016 0633     		adds	r3, r3, #6
  59 0018 0093     		str	r3, [sp]
  60 001a 0222     		movs	r2, #2
ARM GAS  /tmp/ccQrxvIn.s 			page 2


  61 001c 04AB     		add	r3, sp, #16
  62 001e FFF7FEFF 		bl	lr11xx_hal_read
  63 0022 041E     		subs	r4, r0, #0
  64 0024 07D1     		bne	.L3
  65 0026 04A8     		add	r0, sp, #16
  66 0028 FFF7FEFF 		bl	lr11xx_gnss_uint8_to_uint32
  67 002c 6B46     		mov	r3, sp
  68 002e 9B8A     		ldrh	r3, [r3, #20]
  69 0030 3060     		str	r0, [r6]
  70 0032 5BBA     		rev16	r3, r3
  71 0034 2B80     		strh	r3, [r5]
  72              	.L3:
  73 0036 2000     		movs	r0, r4
  74 0038 06B0     		add	sp, sp, #24
  75              		@ sp needed
  76 003a 70BD     		pop	{r4, r5, r6, pc}
  77              	.L5:
  78              		.align	2
  79              	.L4:
  80 003c 040F0000 		.word	3844
  82              		.section	.text.lr11xx_gnss_get_result_size,"ax",%progbits
  83              		.align	1
  84              		.global	lr11xx_gnss_get_result_size
  85              		.syntax unified
  86              		.code	16
  87              		.thumb_func
  88              		.fpu softvfp
  90              	lr11xx_gnss_get_result_size:
  91              		@ args = 0, pretend = 0, frame = 8
  92              		@ frame_needed = 0, uses_anonymous_args = 0
  93 0000 30B5     		push	{r4, r5, lr}
  94 0002 0B4B     		ldr	r3, .L8
  95 0004 85B0     		sub	sp, sp, #20
  96 0006 0D00     		movs	r5, r1
  97 0008 02A9     		add	r1, sp, #8
  98 000a 0B80     		strh	r3, [r1]
  99 000c 0222     		movs	r2, #2
 100 000e 0023     		movs	r3, #0
 101 0010 03AC     		add	r4, sp, #12
 102 0012 2380     		strh	r3, [r4]
 103 0014 2300     		movs	r3, r4
 104 0016 0092     		str	r2, [sp]
 105 0018 FFF7FEFF 		bl	lr11xx_hal_read
 106 001c 0028     		cmp	r0, #0
 107 001e 04D1     		bne	.L7
 108 0020 2278     		ldrb	r2, [r4]
 109 0022 6378     		ldrb	r3, [r4, #1]
 110 0024 1202     		lsls	r2, r2, #8
 111 0026 9B18     		adds	r3, r3, r2
 112 0028 2B80     		strh	r3, [r5]
 113              	.L7:
 114 002a 05B0     		add	sp, sp, #20
 115              		@ sp needed
 116 002c 30BD     		pop	{r4, r5, pc}
 117              	.L9:
 118 002e C046     		.align	2
 119              	.L8:
ARM GAS  /tmp/ccQrxvIn.s 			page 3


 120 0030 040C0000 		.word	3076
 122              		.section	.text.lr11xx_gnss_read_results,"ax",%progbits
 123              		.align	1
 124              		.global	lr11xx_gnss_read_results
 125              		.syntax unified
 126              		.code	16
 127              		.thumb_func
 128              		.fpu softvfp
 130              	lr11xx_gnss_read_results:
 131              		@ args = 0, pretend = 0, frame = 8
 132              		@ frame_needed = 0, uses_anonymous_args = 0
 133 0000 1FB5     		push	{r0, r1, r2, r3, r4, lr}
 134 0002 054C     		ldr	r4, .L11
 135 0004 0B00     		movs	r3, r1
 136 0006 03A9     		add	r1, sp, #12
 137 0008 0C80     		strh	r4, [r1]
 138 000a 0092     		str	r2, [sp]
 139 000c 0222     		movs	r2, #2
 140 000e FFF7FEFF 		bl	lr11xx_hal_read
 141 0012 04B0     		add	sp, sp, #16
 142              		@ sp needed
 143 0014 10BD     		pop	{r4, pc}
 144              	.L12:
 145 0016 C046     		.align	2
 146              	.L11:
 147 0018 040D0000 		.word	3332
 149              		.global	__aeabi_uidiv
 150              		.section	.text.lr11xx_gnss_get_timings,"ax",%progbits
 151              		.align	1
 152              		.global	lr11xx_gnss_get_timings
 153              		.syntax unified
 154              		.code	16
 155              		.thumb_func
 156              		.fpu softvfp
 158              	lr11xx_gnss_get_timings:
 159              		@ args = 0, pretend = 0, frame = 16
 160              		@ frame_needed = 0, uses_anonymous_args = 0
 161 0000 30B5     		push	{r4, r5, lr}
 162 0002 114B     		ldr	r3, .L14
 163 0004 87B0     		sub	sp, sp, #28
 164 0006 0C00     		movs	r4, r1
 165 0008 03A9     		add	r1, sp, #12
 166 000a 0B80     		strh	r3, [r1]
 167 000c 0023     		movs	r3, #0
 168 000e 0493     		str	r3, [sp, #16]
 169 0010 0593     		str	r3, [sp, #20]
 170 0012 0833     		adds	r3, r3, #8
 171 0014 0222     		movs	r2, #2
 172 0016 0093     		str	r3, [sp]
 173 0018 04AB     		add	r3, sp, #16
 174 001a FFF7FEFF 		bl	lr11xx_hal_read
 175 001e 0500     		movs	r5, r0
 176 0020 04A8     		add	r0, sp, #16
 177 0022 FFF7FEFF 		bl	lr11xx_gnss_uint8_to_uint32
 178 0026 FA21     		movs	r1, #250
 179 0028 8900     		lsls	r1, r1, #2
 180 002a FFF7FEFF 		bl	__aeabi_uidiv
ARM GAS  /tmp/ccQrxvIn.s 			page 4


 181 002e 6060     		str	r0, [r4, #4]
 182 0030 05A8     		add	r0, sp, #20
 183 0032 FFF7FEFF 		bl	lr11xx_gnss_uint8_to_uint32
 184 0036 FA21     		movs	r1, #250
 185 0038 8900     		lsls	r1, r1, #2
 186 003a FFF7FEFF 		bl	__aeabi_uidiv
 187 003e 2060     		str	r0, [r4]
 188 0040 2800     		movs	r0, r5
 189 0042 07B0     		add	sp, sp, #28
 190              		@ sp needed
 191 0044 30BD     		pop	{r4, r5, pc}
 192              	.L15:
 193 0046 C046     		.align	2
 194              	.L14:
 195 0048 04190000 		.word	6404
 197              		.section	.text.lr11xx_gnss_almanac_update,"ax",%progbits
 198              		.align	1
 199              		.global	lr11xx_gnss_almanac_update
 200              		.syntax unified
 201              		.code	16
 202              		.thumb_func
 203              		.fpu softvfp
 205              	lr11xx_gnss_almanac_update:
 206              		@ args = 0, pretend = 0, frame = 16
 207              		@ frame_needed = 0, uses_anonymous_args = 0
 208 0000 F0B5     		push	{r4, r5, r6, r7, lr}
 209 0002 1600     		movs	r6, r2
 210 0004 1427     		movs	r7, #20
 211 0006 87B0     		sub	sp, sp, #28
 212 0008 104A     		ldr	r2, .L21
 213 000a 05AB     		add	r3, sp, #20
 214 000c 0290     		str	r0, [sp, #8]
 215 000e 0391     		str	r1, [sp, #12]
 216 0010 1A80     		strh	r2, [r3]
 217 0012 B4B2     		uxth	r4, r6
 218              	.L17:
 219 0014 002C     		cmp	r4, #0
 220 0016 02D1     		bne	.L20
 221 0018 2000     		movs	r0, r4
 222              	.L19:
 223 001a 07B0     		add	sp, sp, #28
 224              		@ sp needed
 225 001c F0BD     		pop	{r4, r5, r6, r7, pc}
 226              	.L20:
 227 001e 251C     		adds	r5, r4, #0
 228 0020 192C     		cmp	r4, #25
 229 0022 00D9     		bls	.L18
 230 0024 1925     		movs	r5, #25
 231              	.L18:
 232 0026 331B     		subs	r3, r6, r4
 233 0028 7B43     		muls	r3, r7
 234 002a 039A     		ldr	r2, [sp, #12]
 235 002c ADB2     		uxth	r5, r5
 236 002e D318     		adds	r3, r2, r3
 237 0030 3A00     		movs	r2, r7
 238 0032 6A43     		muls	r2, r5
 239 0034 92B2     		uxth	r2, r2
ARM GAS  /tmp/ccQrxvIn.s 			page 5


 240 0036 0092     		str	r2, [sp]
 241 0038 0298     		ldr	r0, [sp, #8]
 242 003a 0222     		movs	r2, #2
 243 003c 05A9     		add	r1, sp, #20
 244 003e FFF7FEFF 		bl	lr11xx_hal_write
 245 0042 0028     		cmp	r0, #0
 246 0044 E9D1     		bne	.L19
 247 0046 641B     		subs	r4, r4, r5
 248 0048 A4B2     		uxth	r4, r4
 249 004a E3E7     		b	.L17
 250              	.L22:
 251              		.align	2
 252              	.L21:
 253 004c 040E0000 		.word	3588
 255              		.section	.text.lr11xx_gnss_read_almanac,"ax",%progbits
 256              		.align	1
 257              		.global	lr11xx_gnss_read_almanac
 258              		.syntax unified
 259              		.code	16
 260              		.thumb_func
 261              		.fpu softvfp
 263              	lr11xx_gnss_read_almanac:
 264              		@ args = 0, pretend = 0, frame = 216
 265              		@ frame_needed = 0, uses_anonymous_args = 0
 266 0000 0023     		movs	r3, #0
 267 0002 F0B5     		push	{r4, r5, r6, r7, lr}
 268 0004 B7B0     		sub	sp, sp, #220
 269 0006 04AA     		add	r2, sp, #16
 270 0008 0C00     		movs	r4, r1
 271 000a 0632     		adds	r2, r2, #6
 272 000c 06A9     		add	r1, sp, #24
 273 000e 0500     		movs	r5, r0
 274 0010 0693     		str	r3, [sp, #24]
 275 0012 1380     		strh	r3, [r2]
 276 0014 FFF7FEFF 		bl	lr11xx_gnss_get_almanac_address_size.constprop.0
 277 0018 0028     		cmp	r0, #0
 278 001a 2CD1     		bne	.L24
 279 001c 174B     		ldr	r3, .L30
 280 001e E318     		adds	r3, r4, r3
 281 0020 0193     		str	r3, [sp, #4]
 282              	.L27:
 283 0022 07AE     		add	r6, sp, #28
 284 0024 BC22     		movs	r2, #188
 285 0026 0021     		movs	r1, #0
 286 0028 3000     		movs	r0, r6
 287 002a FFF7FEFF 		bl	memset
 288 002e 2F23     		movs	r3, #47
 289 0030 3200     		movs	r2, r6
 290 0032 2800     		movs	r0, r5
 291 0034 0699     		ldr	r1, [sp, #24]
 292 0036 FFF7FEFF 		bl	lr11xx_regmem_read_regmem32
 293 003a 0028     		cmp	r0, #0
 294 003c 1BD1     		bne	.L24
 295 003e 069B     		ldr	r3, [sp, #24]
 296 0040 621C     		adds	r2, r4, #1
 297 0042 BC33     		adds	r3, r3, #188
 298 0044 0693     		str	r3, [sp, #24]
ARM GAS  /tmp/ccQrxvIn.s 			page 6


 299 0046 0300     		movs	r3, r0
 300 0048 9446     		mov	ip, r2
 301 004a A21C     		adds	r2, r4, #2
 302 004c 0292     		str	r2, [sp, #8]
 303 004e E21C     		adds	r2, r4, #3
 304 0050 0392     		str	r2, [sp, #12]
 305              	.L26:
 306 0052 6146     		mov	r1, ip
 307 0054 F258     		ldr	r2, [r6, r3]
 308 0056 170A     		lsrs	r7, r2, #8
 309 0058 E254     		strb	r2, [r4, r3]
 310 005a CF54     		strb	r7, [r1, r3]
 311 005c 0299     		ldr	r1, [sp, #8]
 312 005e 170C     		lsrs	r7, r2, #16
 313 0060 CF54     		strb	r7, [r1, r3]
 314 0062 0399     		ldr	r1, [sp, #12]
 315 0064 120E     		lsrs	r2, r2, #24
 316 0066 CA54     		strb	r2, [r1, r3]
 317 0068 0433     		adds	r3, r3, #4
 318 006a BC2B     		cmp	r3, #188
 319 006c F1D1     		bne	.L26
 320 006e 019B     		ldr	r3, [sp, #4]
 321 0070 BC34     		adds	r4, r4, #188
 322 0072 A342     		cmp	r3, r4
 323 0074 D5D1     		bne	.L27
 324              	.L24:
 325 0076 37B0     		add	sp, sp, #220
 326              		@ sp needed
 327 0078 F0BD     		pop	{r4, r5, r6, r7, pc}
 328              	.L31:
 329 007a C046     		.align	2
 330              	.L30:
 331 007c 040B0000 		.word	2820
 333              		.section	.text.lr11xx_gnss_get_almanac_age_for_satellite,"ax",%progbits
 334              		.align	1
 335              		.global	lr11xx_gnss_get_almanac_age_for_satellite
 336              		.syntax unified
 337              		.code	16
 338              		.thumb_func
 339              		.fpu softvfp
 341              	lr11xx_gnss_get_almanac_age_for_satellite:
 342              		@ args = 0, pretend = 0, frame = 8
 343              		@ frame_needed = 0, uses_anonymous_args = 0
 344 0000 73B5     		push	{r0, r1, r4, r5, r6, lr}
 345 0002 1500     		movs	r5, r2
 346 0004 6A46     		mov	r2, sp
 347 0006 0023     		movs	r3, #0
 348 0008 0E00     		movs	r6, r1
 349 000a 0232     		adds	r2, r2, #2
 350 000c 01A9     		add	r1, sp, #4
 351 000e 0400     		movs	r4, r0
 352 0010 0193     		str	r3, [sp, #4]
 353 0012 1380     		strh	r3, [r2]
 354 0014 FFF7FEFF 		bl	lr11xx_gnss_get_almanac_address_size.constprop.0
 355 0018 0028     		cmp	r0, #0
 356 001a 13D1     		bne	.L33
 357 001c 1621     		movs	r1, #22
ARM GAS  /tmp/ccQrxvIn.s 			page 7


 358 001e 6B46     		mov	r3, sp
 359 0020 7143     		muls	r1, r6
 360 0022 1880     		strh	r0, [r3]
 361 0024 019B     		ldr	r3, [sp, #4]
 362 0026 0131     		adds	r1, r1, #1
 363 0028 C918     		adds	r1, r1, r3
 364 002a 6A46     		mov	r2, sp
 365 002c 0223     		movs	r3, #2
 366 002e 2000     		movs	r0, r4
 367 0030 FFF7FEFF 		bl	lr11xx_regmem_read_mem8
 368 0034 0028     		cmp	r0, #0
 369 0036 05D1     		bne	.L33
 370 0038 6B46     		mov	r3, sp
 371 003a 5A78     		ldrb	r2, [r3, #1]
 372 003c 1B78     		ldrb	r3, [r3]
 373 003e 1202     		lsls	r2, r2, #8
 374 0040 9B18     		adds	r3, r3, r2
 375 0042 2B80     		strh	r3, [r5]
 376              	.L33:
 377              		@ sp needed
 378 0044 76BD     		pop	{r1, r2, r4, r5, r6, pc}
 380              		.section	.text.lr11xx_gnss_push_solver_msg,"ax",%progbits
 381              		.align	1
 382              		.global	lr11xx_gnss_push_solver_msg
 383              		.syntax unified
 384              		.code	16
 385              		.thumb_func
 386              		.fpu softvfp
 388              	lr11xx_gnss_push_solver_msg:
 389              		@ args = 0, pretend = 0, frame = 8
 390              		@ frame_needed = 0, uses_anonymous_args = 0
 391 0000 1FB5     		push	{r0, r1, r2, r3, r4, lr}
 392 0002 054C     		ldr	r4, .L35
 393 0004 0B00     		movs	r3, r1
 394 0006 03A9     		add	r1, sp, #12
 395 0008 0C80     		strh	r4, [r1]
 396 000a 0092     		str	r2, [sp]
 397 000c 0222     		movs	r2, #2
 398 000e FFF7FEFF 		bl	lr11xx_hal_write
 399 0012 04B0     		add	sp, sp, #16
 400              		@ sp needed
 401 0014 10BD     		pop	{r4, pc}
 402              	.L36:
 403 0016 C046     		.align	2
 404              	.L35:
 405 0018 04140000 		.word	5124
 407              		.section	.text.lr11xx_gnss_set_constellations_to_use,"ax",%progbits
 408              		.align	1
 409              		.global	lr11xx_gnss_set_constellations_to_use
 410              		.syntax unified
 411              		.code	16
 412              		.thumb_func
 413              		.fpu softvfp
 415              	lr11xx_gnss_set_constellations_to_use:
 416              		@ args = 0, pretend = 0, frame = 8
 417              		@ frame_needed = 0, uses_anonymous_args = 0
 418 0000 1FB5     		push	{r0, r1, r2, r3, r4, lr}
ARM GAS  /tmp/ccQrxvIn.s 			page 8


 419 0002 0423     		movs	r3, #4
 420 0004 03AC     		add	r4, sp, #12
 421 0006 2370     		strb	r3, [r4]
 422 0008 0023     		movs	r3, #0
 423 000a A170     		strb	r1, [r4, #2]
 424 000c 6370     		strb	r3, [r4, #1]
 425 000e 0322     		movs	r2, #3
 426 0010 2100     		movs	r1, r4
 427 0012 0093     		str	r3, [sp]
 428 0014 FFF7FEFF 		bl	lr11xx_hal_write
 429 0018 04B0     		add	sp, sp, #16
 430              		@ sp needed
 431 001a 10BD     		pop	{r4, pc}
 433              		.section	.text.lr11xx_gnss_read_used_constellations,"ax",%progbits
 434              		.align	1
 435              		.global	lr11xx_gnss_read_used_constellations
 436              		.syntax unified
 437              		.code	16
 438              		.thumb_func
 439              		.fpu softvfp
 441              	lr11xx_gnss_read_used_constellations:
 442              		@ args = 0, pretend = 0, frame = 8
 443              		@ frame_needed = 0, uses_anonymous_args = 0
 444 0000 1FB5     		push	{r0, r1, r2, r3, r4, lr}
 445 0002 8222     		movs	r2, #130
 446 0004 0B00     		movs	r3, r1
 447 0006 5200     		lsls	r2, r2, #1
 448 0008 03A9     		add	r1, sp, #12
 449 000a 0A80     		strh	r2, [r1]
 450 000c 043A     		subs	r2, r2, #4
 451 000e FF3A     		subs	r2, r2, #255
 452 0010 0092     		str	r2, [sp]
 453 0012 0132     		adds	r2, r2, #1
 454 0014 FFF7FEFF 		bl	lr11xx_hal_read
 455 0018 05B0     		add	sp, sp, #20
 456              		@ sp needed
 457 001a 00BD     		pop	{pc}
 459              		.section	.text.lr11xx_gnss_set_almanac_update,"ax",%progbits
 460              		.align	1
 461              		.global	lr11xx_gnss_set_almanac_update
 462              		.syntax unified
 463              		.code	16
 464              		.thumb_func
 465              		.fpu softvfp
 467              	lr11xx_gnss_set_almanac_update:
 468              		@ args = 0, pretend = 0, frame = 8
 469              		@ frame_needed = 0, uses_anonymous_args = 0
 470 0000 1FB5     		push	{r0, r1, r2, r3, r4, lr}
 471 0002 0423     		movs	r3, #4
 472 0004 03AC     		add	r4, sp, #12
 473 0006 2370     		strb	r3, [r4]
 474 0008 023B     		subs	r3, r3, #2
 475 000a 6370     		strb	r3, [r4, #1]
 476 000c 0023     		movs	r3, #0
 477 000e A170     		strb	r1, [r4, #2]
 478 0010 0322     		movs	r2, #3
 479 0012 2100     		movs	r1, r4
ARM GAS  /tmp/ccQrxvIn.s 			page 9


 480 0014 0093     		str	r3, [sp]
 481 0016 FFF7FEFF 		bl	lr11xx_hal_write
 482 001a 04B0     		add	sp, sp, #16
 483              		@ sp needed
 484 001c 10BD     		pop	{r4, pc}
 486              		.section	.text.lr11xx_gnss_read_almanac_update,"ax",%progbits
 487              		.align	1
 488              		.global	lr11xx_gnss_read_almanac_update
 489              		.syntax unified
 490              		.code	16
 491              		.thumb_func
 492              		.fpu softvfp
 494              	lr11xx_gnss_read_almanac_update:
 495              		@ args = 0, pretend = 0, frame = 8
 496              		@ frame_needed = 0, uses_anonymous_args = 0
 497 0000 1FB5     		push	{r0, r1, r2, r3, r4, lr}
 498 0002 C122     		movs	r2, #193
 499 0004 0B00     		movs	r3, r1
 500 0006 9200     		lsls	r2, r2, #2
 501 0008 03A9     		add	r1, sp, #12
 502 000a 0A80     		strh	r2, [r1]
 503 000c 0122     		movs	r2, #1
 504 000e 0092     		str	r2, [sp]
 505 0010 9218     		adds	r2, r2, r2
 506 0012 FFF7FEFF 		bl	lr11xx_hal_read
 507 0016 05B0     		add	sp, sp, #20
 508              		@ sp needed
 509 0018 00BD     		pop	{pc}
 511              		.section	.text.lr11xx_gnss_read_firmware_version,"ax",%progbits
 512              		.align	1
 513              		.global	lr11xx_gnss_read_firmware_version
 514              		.syntax unified
 515              		.code	16
 516              		.thumb_func
 517              		.fpu softvfp
 519              	lr11xx_gnss_read_firmware_version:
 520              		@ args = 0, pretend = 0, frame = 8
 521              		@ frame_needed = 0, uses_anonymous_args = 0
 522 0000 30B5     		push	{r4, r5, lr}
 523 0002 094B     		ldr	r3, .L42
 524 0004 85B0     		sub	sp, sp, #20
 525 0006 0C00     		movs	r4, r1
 526 0008 02A9     		add	r1, sp, #8
 527 000a 0B80     		strh	r3, [r1]
 528 000c 0222     		movs	r2, #2
 529 000e 0023     		movs	r3, #0
 530 0010 03AD     		add	r5, sp, #12
 531 0012 2B80     		strh	r3, [r5]
 532 0014 2B00     		movs	r3, r5
 533 0016 0092     		str	r2, [sp]
 534 0018 FFF7FEFF 		bl	lr11xx_hal_read
 535 001c 2B78     		ldrb	r3, [r5]
 536 001e 2370     		strb	r3, [r4]
 537 0020 6B78     		ldrb	r3, [r5, #1]
 538 0022 6370     		strb	r3, [r4, #1]
 539 0024 05B0     		add	sp, sp, #20
 540              		@ sp needed
ARM GAS  /tmp/ccQrxvIn.s 			page 10


 541 0026 30BD     		pop	{r4, r5, pc}
 542              	.L43:
 543              		.align	2
 544              	.L42:
 545 0028 04060000 		.word	1540
 547              		.section	.text.lr11xx_gnss_read_supported_constellations,"ax",%progbits
 548              		.align	1
 549              		.global	lr11xx_gnss_read_supported_constellations
 550              		.syntax unified
 551              		.code	16
 552              		.thumb_func
 553              		.fpu softvfp
 555              	lr11xx_gnss_read_supported_constellations:
 556              		@ args = 0, pretend = 0, frame = 8
 557              		@ frame_needed = 0, uses_anonymous_args = 0
 558 0000 1FB5     		push	{r0, r1, r2, r3, r4, lr}
 559 0002 054A     		ldr	r2, .L45
 560 0004 0B00     		movs	r3, r1
 561 0006 03A9     		add	r1, sp, #12
 562 0008 0A80     		strh	r2, [r1]
 563 000a 0122     		movs	r2, #1
 564 000c 0092     		str	r2, [sp]
 565 000e 9218     		adds	r2, r2, r2
 566 0010 FFF7FEFF 		bl	lr11xx_hal_read
 567 0014 05B0     		add	sp, sp, #20
 568              		@ sp needed
 569 0016 00BD     		pop	{pc}
 570              	.L46:
 571              		.align	2
 572              	.L45:
 573 0018 04070000 		.word	1796
 575              		.section	.text.lr11xx_gnss_set_scan_mode,"ax",%progbits
 576              		.align	1
 577              		.global	lr11xx_gnss_set_scan_mode
 578              		.syntax unified
 579              		.code	16
 580              		.thumb_func
 581              		.fpu softvfp
 583              	lr11xx_gnss_set_scan_mode:
 584              		@ args = 0, pretend = 0, frame = 8
 585              		@ frame_needed = 0, uses_anonymous_args = 0
 586 0000 1FB5     		push	{r0, r1, r2, r3, r4, lr}
 587 0002 0423     		movs	r3, #4
 588 0004 03AC     		add	r4, sp, #12
 589 0006 2370     		strb	r3, [r4]
 590 0008 DB18     		adds	r3, r3, r3
 591 000a 6370     		strb	r3, [r4, #1]
 592 000c 0023     		movs	r3, #0
 593 000e A170     		strb	r1, [r4, #2]
 594 0010 0322     		movs	r2, #3
 595 0012 2100     		movs	r1, r4
 596 0014 0093     		str	r3, [sp]
 597 0016 FFF7FEFF 		bl	lr11xx_hal_write
 598 001a 04B0     		add	sp, sp, #16
 599              		@ sp needed
 600 001c 10BD     		pop	{r4, pc}
 602              		.section	.text.lr11xx_gnss_scan_autonomous,"ax",%progbits
ARM GAS  /tmp/ccQrxvIn.s 			page 11


 603              		.align	1
 604              		.global	lr11xx_gnss_scan_autonomous
 605              		.syntax unified
 606              		.code	16
 607              		.thumb_func
 608              		.fpu softvfp
 610              	lr11xx_gnss_scan_autonomous:
 611              		@ args = 4, pretend = 0, frame = 16
 612              		@ frame_needed = 0, uses_anonymous_args = 0
 613 0000 F0B5     		push	{r4, r5, r6, r7, lr}
 614 0002 0C00     		movs	r4, r1
 615 0004 87B0     		sub	sp, sp, #28
 616 0006 1600     		movs	r6, r2
 617 0008 0CAA     		add	r2, sp, #48
 618 000a 03A9     		add	r1, sp, #12
 619 000c 1578     		ldrb	r5, [r2]
 620 000e 0422     		movs	r2, #4
 621 0010 CB71     		strb	r3, [r1, #7]
 622 0012 0023     		movs	r3, #0
 623 0014 270E     		lsrs	r7, r4, #24
 624 0016 8F70     		strb	r7, [r1, #2]
 625 0018 270C     		lsrs	r7, r4, #16
 626 001a 0A70     		strb	r2, [r1]
 627 001c CF70     		strb	r7, [r1, #3]
 628 001e 0532     		adds	r2, r2, #5
 629 0020 270A     		lsrs	r7, r4, #8
 630 0022 4A70     		strb	r2, [r1, #1]
 631 0024 0F71     		strb	r7, [r1, #4]
 632 0026 4C71     		strb	r4, [r1, #5]
 633 0028 8E71     		strb	r6, [r1, #6]
 634 002a 0D72     		strb	r5, [r1, #8]
 635 002c 0093     		str	r3, [sp]
 636 002e FFF7FEFF 		bl	lr11xx_hal_write
 637 0032 07B0     		add	sp, sp, #28
 638              		@ sp needed
 639 0034 F0BD     		pop	{r4, r5, r6, r7, pc}
 641              		.section	.text.lr11xx_gnss_scan_assisted,"ax",%progbits
 642              		.align	1
 643              		.global	lr11xx_gnss_scan_assisted
 644              		.syntax unified
 645              		.code	16
 646              		.thumb_func
 647              		.fpu softvfp
 649              	lr11xx_gnss_scan_assisted:
 650              		@ args = 4, pretend = 0, frame = 16
 651              		@ frame_needed = 0, uses_anonymous_args = 0
 652 0000 70B5     		push	{r4, r5, r6, lr}
 653 0002 0426     		movs	r6, #4
 654 0004 86B0     		sub	sp, sp, #24
 655 0006 0C00     		movs	r4, r1
 656 0008 0AA9     		add	r1, sp, #40
 657 000a 0D78     		ldrb	r5, [r1]
 658 000c 03A9     		add	r1, sp, #12
 659 000e CB71     		strb	r3, [r1, #7]
 660 0010 0023     		movs	r3, #0
 661 0012 0E70     		strb	r6, [r1]
 662 0014 0636     		adds	r6, r6, #6
ARM GAS  /tmp/ccQrxvIn.s 			page 12


 663 0016 4E70     		strb	r6, [r1, #1]
 664 0018 260E     		lsrs	r6, r4, #24
 665 001a 8E70     		strb	r6, [r1, #2]
 666 001c 260C     		lsrs	r6, r4, #16
 667 001e CE70     		strb	r6, [r1, #3]
 668 0020 260A     		lsrs	r6, r4, #8
 669 0022 8A71     		strb	r2, [r1, #6]
 670 0024 0E71     		strb	r6, [r1, #4]
 671 0026 4C71     		strb	r4, [r1, #5]
 672 0028 0D72     		strb	r5, [r1, #8]
 673 002a 0922     		movs	r2, #9
 674 002c 0093     		str	r3, [sp]
 675 002e FFF7FEFF 		bl	lr11xx_hal_write
 676 0032 06B0     		add	sp, sp, #24
 677              		@ sp needed
 678 0034 70BD     		pop	{r4, r5, r6, pc}
 680              		.global	__aeabi_fmul
 681              		.global	__aeabi_f2iz
 682              		.section	.text.lr11xx_gnss_set_assistance_position,"ax",%progbits
 683              		.align	1
 684              		.global	lr11xx_gnss_set_assistance_position
 685              		.syntax unified
 686              		.code	16
 687              		.thumb_func
 688              		.fpu softvfp
 690              	lr11xx_gnss_set_assistance_position:
 691              		@ args = 0, pretend = 0, frame = 8
 692              		@ frame_needed = 0, uses_anonymous_args = 0
 693 0000 7FB5     		push	{r0, r1, r2, r3, r4, r5, r6, lr}
 694 0002 0E00     		movs	r6, r1
 695 0004 0500     		movs	r5, r0
 696 0006 1049     		ldr	r1, .L51
 697 0008 3068     		ldr	r0, [r6]
 698 000a FFF7FEFF 		bl	__aeabi_fmul
 699 000e FFF7FEFF 		bl	__aeabi_f2iz
 700 0012 0E49     		ldr	r1, .L51+4
 701 0014 04B2     		sxth	r4, r0
 702 0016 7068     		ldr	r0, [r6, #4]
 703 0018 FFF7FEFF 		bl	__aeabi_fmul
 704 001c FFF7FEFF 		bl	__aeabi_f2iz
 705 0020 0422     		movs	r2, #4
 706 0022 0023     		movs	r3, #0
 707 0024 02A9     		add	r1, sp, #8
 708 0026 0A70     		strb	r2, [r1]
 709 0028 0C32     		adds	r2, r2, #12
 710 002a 4A70     		strb	r2, [r1, #1]
 711 002c 00B2     		sxth	r0, r0
 712 002e 2212     		asrs	r2, r4, #8
 713 0030 8A70     		strb	r2, [r1, #2]
 714 0032 0212     		asrs	r2, r0, #8
 715 0034 0A71     		strb	r2, [r1, #4]
 716 0036 4871     		strb	r0, [r1, #5]
 717 0038 CC70     		strb	r4, [r1, #3]
 718 003a 0622     		movs	r2, #6
 719 003c 2800     		movs	r0, r5
 720 003e 0093     		str	r3, [sp]
 721 0040 FFF7FEFF 		bl	lr11xx_hal_write
ARM GAS  /tmp/ccQrxvIn.s 			page 13


 722 0044 04B0     		add	sp, sp, #16
 723              		@ sp needed
 724 0046 70BD     		pop	{r4, r5, r6, pc}
 725              	.L52:
 726              		.align	2
 727              	.L51:
 728 0048 610BB641 		.word	1102449505
 729 004c 610B3641 		.word	1094060897
 731              		.global	__aeabi_i2f
 732              		.section	.text.lr11xx_gnss_read_assistance_position,"ax",%progbits
 733              		.align	1
 734              		.global	lr11xx_gnss_read_assistance_position
 735              		.syntax unified
 736              		.code	16
 737              		.thumb_func
 738              		.fpu softvfp
 740              	lr11xx_gnss_read_assistance_position:
 741              		@ args = 0, pretend = 0, frame = 8
 742              		@ frame_needed = 0, uses_anonymous_args = 0
 743 0000 7FB5     		push	{r0, r1, r2, r3, r4, r5, r6, lr}
 744 0002 0023     		movs	r3, #0
 745 0004 0393     		str	r3, [sp, #12]
 746 0006 124B     		ldr	r3, .L54
 747 0008 0C00     		movs	r4, r1
 748 000a 02A9     		add	r1, sp, #8
 749 000c 0B80     		strh	r3, [r1]
 750 000e 0423     		movs	r3, #4
 751 0010 03AE     		add	r6, sp, #12
 752 0012 0222     		movs	r2, #2
 753 0014 0093     		str	r3, [sp]
 754 0016 3300     		movs	r3, r6
 755 0018 FFF7FEFF 		bl	lr11xx_hal_read
 756 001c 3378     		ldrb	r3, [r6]
 757 001e 0500     		movs	r5, r0
 758 0020 7078     		ldrb	r0, [r6, #1]
 759 0022 1B02     		lsls	r3, r3, #8
 760 0024 C018     		adds	r0, r0, r3
 761 0026 00B2     		sxth	r0, r0
 762 0028 FFF7FEFF 		bl	__aeabi_i2f
 763 002c 0949     		ldr	r1, .L54+4
 764 002e FFF7FEFF 		bl	__aeabi_fmul
 765 0032 B378     		ldrb	r3, [r6, #2]
 766 0034 2060     		str	r0, [r4]
 767 0036 F078     		ldrb	r0, [r6, #3]
 768 0038 1B02     		lsls	r3, r3, #8
 769 003a C018     		adds	r0, r0, r3
 770 003c 00B2     		sxth	r0, r0
 771 003e FFF7FEFF 		bl	__aeabi_i2f
 772 0042 0549     		ldr	r1, .L54+8
 773 0044 FFF7FEFF 		bl	__aeabi_fmul
 774 0048 6060     		str	r0, [r4, #4]
 775 004a 2800     		movs	r0, r5
 776 004c 04B0     		add	sp, sp, #16
 777              		@ sp needed
 778 004e 70BD     		pop	{r4, r5, r6, pc}
 779              	.L55:
 780              		.align	2
ARM GAS  /tmp/ccQrxvIn.s 			page 14


 781              	.L54:
 782 0050 04110000 		.word	4356
 783 0054 0000343D 		.word	1026818048
 784 0058 0000B43D 		.word	1035206656
 786              		.section	.text.lr11xx_gnss_push_dmc_msg,"ax",%progbits
 787              		.align	1
 788              		.global	lr11xx_gnss_push_dmc_msg
 789              		.syntax unified
 790              		.code	16
 791              		.thumb_func
 792              		.fpu softvfp
 794              	lr11xx_gnss_push_dmc_msg:
 795              		@ args = 0, pretend = 0, frame = 8
 796              		@ frame_needed = 0, uses_anonymous_args = 0
 797 0000 1FB5     		push	{r0, r1, r2, r3, r4, lr}
 798 0002 054C     		ldr	r4, .L57
 799 0004 0B00     		movs	r3, r1
 800 0006 03A9     		add	r1, sp, #12
 801 0008 0C80     		strh	r4, [r1]
 802 000a 0092     		str	r2, [sp]
 803 000c 0222     		movs	r2, #2
 804 000e FFF7FEFF 		bl	lr11xx_hal_write
 805 0012 04B0     		add	sp, sp, #16
 806              		@ sp needed
 807 0014 10BD     		pop	{r4, pc}
 808              	.L58:
 809 0016 C046     		.align	2
 810              	.L57:
 811 0018 04150000 		.word	5380
 813              		.section	.text.lr11xx_gnss_get_context_status,"ax",%progbits
 814              		.align	1
 815              		.global	lr11xx_gnss_get_context_status
 816              		.syntax unified
 817              		.code	16
 818              		.thumb_func
 819              		.fpu softvfp
 821              	lr11xx_gnss_get_context_status:
 822              		@ args = 0, pretend = 0, frame = 8
 823              		@ frame_needed = 0, uses_anonymous_args = 0
 824 0000 1FB5     		push	{r0, r1, r2, r3, r4, lr}
 825 0002 054A     		ldr	r2, .L60
 826 0004 0B00     		movs	r3, r1
 827 0006 03A9     		add	r1, sp, #12
 828 0008 0A80     		strh	r2, [r1]
 829 000a 0922     		movs	r2, #9
 830 000c 0092     		str	r2, [sp]
 831 000e 073A     		subs	r2, r2, #7
 832 0010 FFF7FEFF 		bl	lr11xx_hal_read
 833 0014 05B0     		add	sp, sp, #20
 834              		@ sp needed
 835 0016 00BD     		pop	{pc}
 836              	.L61:
 837              		.align	2
 838              	.L60:
 839 0018 04160000 		.word	5636
 841              		.section	.text.lr11xx_gnss_get_nb_detected_satellites,"ax",%progbits
 842              		.align	1
ARM GAS  /tmp/ccQrxvIn.s 			page 15


 843              		.global	lr11xx_gnss_get_nb_detected_satellites
 844              		.syntax unified
 845              		.code	16
 846              		.thumb_func
 847              		.fpu softvfp
 849              	lr11xx_gnss_get_nb_detected_satellites:
 850              		@ args = 0, pretend = 0, frame = 8
 851              		@ frame_needed = 0, uses_anonymous_args = 0
 852 0000 1FB5     		push	{r0, r1, r2, r3, r4, lr}
 853 0002 054A     		ldr	r2, .L63
 854 0004 0B00     		movs	r3, r1
 855 0006 03A9     		add	r1, sp, #12
 856 0008 0A80     		strh	r2, [r1]
 857 000a 0122     		movs	r2, #1
 858 000c 0092     		str	r2, [sp]
 859 000e 9218     		adds	r2, r2, r2
 860 0010 FFF7FEFF 		bl	lr11xx_hal_read
 861 0014 05B0     		add	sp, sp, #20
 862              		@ sp needed
 863 0016 00BD     		pop	{pc}
 864              	.L64:
 865              		.align	2
 866              	.L63:
 867 0018 04170000 		.word	5892
 869              		.section	.text.lr11xx_gnss_get_detected_satellites,"ax",%progbits
 870              		.align	1
 871              		.global	lr11xx_gnss_get_detected_satellites
 872              		.syntax unified
 873              		.code	16
 874              		.thumb_func
 875              		.fpu softvfp
 877              	lr11xx_gnss_get_detected_satellites:
 878              		@ args = 0, pretend = 0, frame = 136
 879              		@ frame_needed = 0, uses_anonymous_args = 0
 880 0000 F0B5     		push	{r4, r5, r6, r7, lr}
 881 0002 0700     		movs	r7, r0
 882 0004 1400     		movs	r4, r2
 883 0006 A5B0     		sub	sp, sp, #148
 884 0008 0E1C     		adds	r6, r1, #0
 885 000a 2029     		cmp	r1, #32
 886 000c 00D9     		bls	.L66
 887 000e 2026     		movs	r6, #32
 888              	.L66:
 889 0010 0021     		movs	r1, #0
 890 0012 7C22     		movs	r2, #124
 891 0014 05A8     		add	r0, sp, #20
 892 0016 0491     		str	r1, [sp, #16]
 893 0018 F6B2     		uxtb	r6, r6
 894 001a FFF7FEFF 		bl	memset
 895 001e 104B     		ldr	r3, .L71
 896 0020 03A9     		add	r1, sp, #12
 897 0022 B500     		lsls	r5, r6, #2
 898 0024 0B80     		strh	r3, [r1]
 899 0026 0222     		movs	r2, #2
 900 0028 3800     		movs	r0, r7
 901 002a 0095     		str	r5, [sp]
 902 002c 04AB     		add	r3, sp, #16
ARM GAS  /tmp/ccQrxvIn.s 			page 16


 903 002e FFF7FEFF 		bl	lr11xx_hal_read
 904 0032 0028     		cmp	r0, #0
 905 0034 04D1     		bne	.L70
 906 0036 2200     		movs	r2, r4
 907 0038 04AB     		add	r3, sp, #16
 908 003a 6519     		adds	r5, r4, r5
 909              	.L68:
 910 003c AA42     		cmp	r2, r5
 911 003e 01D1     		bne	.L69
 912              	.L70:
 913 0040 25B0     		add	sp, sp, #148
 914              		@ sp needed
 915 0042 F0BD     		pop	{r4, r5, r6, r7, pc}
 916              	.L69:
 917 0044 1978     		ldrb	r1, [r3]
 918 0046 9C78     		ldrb	r4, [r3, #2]
 919 0048 1170     		strb	r1, [r2]
 920 004a 5978     		ldrb	r1, [r3, #1]
 921 004c 2402     		lsls	r4, r4, #8
 922 004e 1F31     		adds	r1, r1, #31
 923 0050 5170     		strb	r1, [r2, #1]
 924 0052 D978     		ldrb	r1, [r3, #3]
 925 0054 0433     		adds	r3, r3, #4
 926 0056 0919     		adds	r1, r1, r4
 927 0058 5180     		strh	r1, [r2, #2]
 928 005a 0432     		adds	r2, r2, #4
 929 005c EEE7     		b	.L68
 930              	.L72:
 931 005e C046     		.align	2
 932              	.L71:
 933 0060 04180000 		.word	6148
 935              		.section	.text.lr11xx_gnss_parse_context_status_buffer,"ax",%progbits
 936              		.align	1
 937              		.global	lr11xx_gnss_parse_context_status_buffer
 938              		.syntax unified
 939              		.code	16
 940              		.thumb_func
 941              		.fpu softvfp
 943              	lr11xx_gnss_parse_context_status_buffer:
 944              		@ args = 0, pretend = 0, frame = 0
 945              		@ frame_needed = 0, uses_anonymous_args = 0
 946 0000 30B5     		push	{r4, r5, lr}
 947 0002 0478     		ldrb	r4, [r0]
 948 0004 0300     		movs	r3, r0
 949 0006 0320     		movs	r0, #3
 950 0008 022C     		cmp	r4, #2
 951 000a 23D1     		bne	.L74
 952 000c 5A78     		ldrb	r2, [r3, #1]
 953 000e 182A     		cmp	r2, #24
 954 0010 20D1     		bne	.L74
 955 0012 0125     		movs	r5, #1
 956 0014 9A78     		ldrb	r2, [r3, #2]
 957 0016 0A70     		strb	r2, [r1]
 958 0018 1A79     		ldrb	r2, [r3, #4]
 959 001a 5879     		ldrb	r0, [r3, #5]
 960 001c 1202     		lsls	r2, r2, #8
 961 001e 0004     		lsls	r0, r0, #16
ARM GAS  /tmp/ccQrxvIn.s 			page 17


 962 0020 1218     		adds	r2, r2, r0
 963 0022 D878     		ldrb	r0, [r3, #3]
 964 0024 1218     		adds	r2, r2, r0
 965 0026 9879     		ldrb	r0, [r3, #6]
 966 0028 0006     		lsls	r0, r0, #24
 967 002a 1218     		adds	r2, r2, r0
 968 002c 4A60     		str	r2, [r1, #4]
 969 002e DA79     		ldrb	r2, [r3, #7]
 970 0030 1209     		lsrs	r2, r2, #4
 971 0032 0A72     		strb	r2, [r1, #8]
 972 0034 D879     		ldrb	r0, [r3, #7]
 973 0036 4008     		lsrs	r0, r0, #1
 974 0038 2840     		ands	r0, r5
 975 003a 4872     		strb	r0, [r1, #9]
 976 003c DA79     		ldrb	r2, [r3, #7]
 977 003e 0020     		movs	r0, #0
 978 0040 9208     		lsrs	r2, r2, #2
 979 0042 2A40     		ands	r2, r5
 980 0044 8A72     		strb	r2, [r1, #10]
 981 0046 DA79     		ldrb	r2, [r3, #7]
 982 0048 1B7A     		ldrb	r3, [r3, #8]
 983 004a AA40     		lsls	r2, r2, r5
 984 004c DB09     		lsrs	r3, r3, #7
 985 004e 2240     		ands	r2, r4
 986 0050 D318     		adds	r3, r2, r3
 987 0052 CB72     		strb	r3, [r1, #11]
 988              	.L74:
 989              		@ sp needed
 990 0054 30BD     		pop	{r4, r5, pc}
 992              		.section	.text.lr11xx_gnss_get_result_destination,"ax",%progbits
 993              		.align	1
 994              		.global	lr11xx_gnss_get_result_destination
 995              		.syntax unified
 996              		.code	16
 997              		.thumb_func
 998              		.fpu softvfp
 1000              	lr11xx_gnss_get_result_destination:
 1001              		@ args = 0, pretend = 0, frame = 0
 1002              		@ frame_needed = 0, uses_anonymous_args = 0
 1003              		@ link register save eliminated.
 1004 0000 0300     		movs	r3, r0
 1005 0002 0320     		movs	r0, #3
 1006 0004 0029     		cmp	r1, #0
 1007 0006 07D0     		beq	.L78
 1008 0008 1878     		ldrb	r0, [r3]
 1009 000a 0128     		cmp	r0, #1
 1010 000c 05D0     		beq	.L80
 1011 000e 0228     		cmp	r0, #2
 1012 0010 03D0     		beq	.L80
 1013 0012 0028     		cmp	r0, #0
 1014 0014 04D1     		bne	.L82
 1015 0016 1070     		strb	r0, [r2]
 1016              	.L78:
 1017              		@ sp needed
 1018 0018 7047     		bx	lr
 1019              	.L80:
 1020 001a 1070     		strb	r0, [r2]
ARM GAS  /tmp/ccQrxvIn.s 			page 18


 1021 001c 0020     		movs	r0, #0
 1022 001e FBE7     		b	.L78
 1023              	.L82:
 1024 0020 0320     		movs	r0, #3
 1025 0022 F9E7     		b	.L78
 1027              		.section	.text.lr11xx_gnss_compute_almanac_age,"ax",%progbits
 1028              		.align	1
 1029              		.global	lr11xx_gnss_compute_almanac_age
 1030              		.syntax unified
 1031              		.code	16
 1032              		.thumb_func
 1033              		.fpu softvfp
 1035              	lr11xx_gnss_compute_almanac_age:
 1036              		@ args = 0, pretend = 0, frame = 0
 1037              		@ frame_needed = 0, uses_anonymous_args = 0
 1038              		@ link register save eliminated.
 1039 0000 521A     		subs	r2, r2, r1
 1040 0002 101A     		subs	r0, r2, r0
 1041 0004 80B2     		uxth	r0, r0
 1042              		@ sp needed
 1043 0006 7047     		bx	lr
 1045              		.section	.text.lr11xx_gnss_get_consumption,"ax",%progbits
 1046              		.align	1
 1047              		.global	lr11xx_gnss_get_consumption
 1048              		.syntax unified
 1049              		.code	16
 1050              		.thumb_func
 1051              		.fpu softvfp
 1053              	lr11xx_gnss_get_consumption:
 1054              		@ args = 0, pretend = 0, frame = 8
 1055              		@ frame_needed = 0, uses_anonymous_args = 0
 1056 0000 37B5     		push	{r0, r1, r2, r4, r5, lr}
 1057 0002 0128     		cmp	r0, #1
 1058 0004 0CD0     		beq	.L89
 1059 0006 0E4D     		ldr	r5, .L91
 1060 0008 0E4C     		ldr	r4, .L91+4
 1061 000a 0F48     		ldr	r0, .L91+8
 1062              	.L85:
 1063 000c 5043     		muls	r0, r2
 1064 000e 022B     		cmp	r3, #2
 1065 0010 0AD0     		beq	.L86
 1066 0012 032B     		cmp	r3, #3
 1067 0014 10D0     		beq	.L87
 1068 0016 012B     		cmp	r3, #1
 1069 0018 08D1     		bne	.L88
 1070              	.L90:
 1071 001a 4C43     		muls	r4, r1
 1072 001c 0019     		adds	r0, r0, r4
 1073 001e 05E0     		b	.L88
 1074              	.L89:
 1075 0020 0A4D     		ldr	r5, .L91+12
 1076 0022 0B4C     		ldr	r4, .L91+16
 1077 0024 0B48     		ldr	r0, .L91+20
 1078 0026 F1E7     		b	.L85
 1079              	.L86:
 1080 0028 4D43     		muls	r5, r1
 1081 002a 4019     		adds	r0, r0, r5
ARM GAS  /tmp/ccQrxvIn.s 			page 19


 1082              	.L88:
 1083 002c 8918     		adds	r1, r1, r2
 1084 002e 0A4A     		ldr	r2, .L91+24
 1085              		@ sp needed
 1086 0030 511A     		subs	r1, r2, r1
 1087 0032 FFF7FEFF 		bl	__aeabi_uidiv
 1088 0036 3EBD     		pop	{r1, r2, r3, r4, r5, pc}
 1089              	.L87:
 1090 0038 6419     		adds	r4, r4, r5
 1091 003a 6410     		asrs	r4, r4, #1
 1092 003c EDE7     		b	.L90
 1093              	.L92:
 1094 003e C046     		.align	2
 1095              	.L91:
 1096 0040 A46A0000 		.word	27300
 1097 0044 B45F0000 		.word	24500
 1098 0048 88130000 		.word	5000
 1099 004c 74400000 		.word	16500
 1100 0050 983A0000 		.word	15000
 1101 0054 1C0C0000 		.word	3100
 1102 0058 80EE3600 		.word	3600000
 1104              		.ident	"GCC: (15:10.3-2021.07-4) 10.3.1 20210621 (release)"
ARM GAS  /tmp/ccQrxvIn.s 			page 20


DEFINED SYMBOLS
                            *ABS*:0000000000000000 lr11xx_gnss.c
     /tmp/ccQrxvIn.s:12     .text.lr11xx_gnss_uint8_to_uint32:0000000000000000 $t
     /tmp/ccQrxvIn.s:19     .text.lr11xx_gnss_uint8_to_uint32:0000000000000000 lr11xx_gnss_uint8_to_uint32
     /tmp/ccQrxvIn.s:38     .text.lr11xx_gnss_get_almanac_address_size.constprop.0:0000000000000000 $t
     /tmp/ccQrxvIn.s:44     .text.lr11xx_gnss_get_almanac_address_size.constprop.0:0000000000000000 lr11xx_gnss_get_almanac_address_size.constprop.0
     /tmp/ccQrxvIn.s:80     .text.lr11xx_gnss_get_almanac_address_size.constprop.0:000000000000003c $d
     /tmp/ccQrxvIn.s:83     .text.lr11xx_gnss_get_result_size:0000000000000000 $t
     /tmp/ccQrxvIn.s:90     .text.lr11xx_gnss_get_result_size:0000000000000000 lr11xx_gnss_get_result_size
     /tmp/ccQrxvIn.s:120    .text.lr11xx_gnss_get_result_size:0000000000000030 $d
     /tmp/ccQrxvIn.s:123    .text.lr11xx_gnss_read_results:0000000000000000 $t
     /tmp/ccQrxvIn.s:130    .text.lr11xx_gnss_read_results:0000000000000000 lr11xx_gnss_read_results
     /tmp/ccQrxvIn.s:147    .text.lr11xx_gnss_read_results:0000000000000018 $d
     /tmp/ccQrxvIn.s:151    .text.lr11xx_gnss_get_timings:0000000000000000 $t
     /tmp/ccQrxvIn.s:158    .text.lr11xx_gnss_get_timings:0000000000000000 lr11xx_gnss_get_timings
     /tmp/ccQrxvIn.s:195    .text.lr11xx_gnss_get_timings:0000000000000048 $d
     /tmp/ccQrxvIn.s:198    .text.lr11xx_gnss_almanac_update:0000000000000000 $t
     /tmp/ccQrxvIn.s:205    .text.lr11xx_gnss_almanac_update:0000000000000000 lr11xx_gnss_almanac_update
     /tmp/ccQrxvIn.s:253    .text.lr11xx_gnss_almanac_update:000000000000004c $d
     /tmp/ccQrxvIn.s:256    .text.lr11xx_gnss_read_almanac:0000000000000000 $t
     /tmp/ccQrxvIn.s:263    .text.lr11xx_gnss_read_almanac:0000000000000000 lr11xx_gnss_read_almanac
     /tmp/ccQrxvIn.s:331    .text.lr11xx_gnss_read_almanac:000000000000007c $d
     /tmp/ccQrxvIn.s:334    .text.lr11xx_gnss_get_almanac_age_for_satellite:0000000000000000 $t
     /tmp/ccQrxvIn.s:341    .text.lr11xx_gnss_get_almanac_age_for_satellite:0000000000000000 lr11xx_gnss_get_almanac_age_for_satellite
     /tmp/ccQrxvIn.s:381    .text.lr11xx_gnss_push_solver_msg:0000000000000000 $t
     /tmp/ccQrxvIn.s:388    .text.lr11xx_gnss_push_solver_msg:0000000000000000 lr11xx_gnss_push_solver_msg
     /tmp/ccQrxvIn.s:405    .text.lr11xx_gnss_push_solver_msg:0000000000000018 $d
     /tmp/ccQrxvIn.s:408    .text.lr11xx_gnss_set_constellations_to_use:0000000000000000 $t
     /tmp/ccQrxvIn.s:415    .text.lr11xx_gnss_set_constellations_to_use:0000000000000000 lr11xx_gnss_set_constellations_to_use
     /tmp/ccQrxvIn.s:434    .text.lr11xx_gnss_read_used_constellations:0000000000000000 $t
     /tmp/ccQrxvIn.s:441    .text.lr11xx_gnss_read_used_constellations:0000000000000000 lr11xx_gnss_read_used_constellations
     /tmp/ccQrxvIn.s:460    .text.lr11xx_gnss_set_almanac_update:0000000000000000 $t
     /tmp/ccQrxvIn.s:467    .text.lr11xx_gnss_set_almanac_update:0000000000000000 lr11xx_gnss_set_almanac_update
     /tmp/ccQrxvIn.s:487    .text.lr11xx_gnss_read_almanac_update:0000000000000000 $t
     /tmp/ccQrxvIn.s:494    .text.lr11xx_gnss_read_almanac_update:0000000000000000 lr11xx_gnss_read_almanac_update
     /tmp/ccQrxvIn.s:512    .text.lr11xx_gnss_read_firmware_version:0000000000000000 $t
     /tmp/ccQrxvIn.s:519    .text.lr11xx_gnss_read_firmware_version:0000000000000000 lr11xx_gnss_read_firmware_version
     /tmp/ccQrxvIn.s:545    .text.lr11xx_gnss_read_firmware_version:0000000000000028 $d
     /tmp/ccQrxvIn.s:548    .text.lr11xx_gnss_read_supported_constellations:0000000000000000 $t
     /tmp/ccQrxvIn.s:555    .text.lr11xx_gnss_read_supported_constellations:0000000000000000 lr11xx_gnss_read_supported_constellations
     /tmp/ccQrxvIn.s:573    .text.lr11xx_gnss_read_supported_constellations:0000000000000018 $d
     /tmp/ccQrxvIn.s:576    .text.lr11xx_gnss_set_scan_mode:0000000000000000 $t
     /tmp/ccQrxvIn.s:583    .text.lr11xx_gnss_set_scan_mode:0000000000000000 lr11xx_gnss_set_scan_mode
     /tmp/ccQrxvIn.s:603    .text.lr11xx_gnss_scan_autonomous:0000000000000000 $t
     /tmp/ccQrxvIn.s:610    .text.lr11xx_gnss_scan_autonomous:0000000000000000 lr11xx_gnss_scan_autonomous
     /tmp/ccQrxvIn.s:642    .text.lr11xx_gnss_scan_assisted:0000000000000000 $t
     /tmp/ccQrxvIn.s:649    .text.lr11xx_gnss_scan_assisted:0000000000000000 lr11xx_gnss_scan_assisted
     /tmp/ccQrxvIn.s:683    .text.lr11xx_gnss_set_assistance_position:0000000000000000 $t
     /tmp/ccQrxvIn.s:690    .text.lr11xx_gnss_set_assistance_position:0000000000000000 lr11xx_gnss_set_assistance_position
     /tmp/ccQrxvIn.s:728    .text.lr11xx_gnss_set_assistance_position:0000000000000048 $d
     /tmp/ccQrxvIn.s:733    .text.lr11xx_gnss_read_assistance_position:0000000000000000 $t
     /tmp/ccQrxvIn.s:740    .text.lr11xx_gnss_read_assistance_position:0000000000000000 lr11xx_gnss_read_assistance_position
     /tmp/ccQrxvIn.s:782    .text.lr11xx_gnss_read_assistance_position:0000000000000050 $d
     /tmp/ccQrxvIn.s:787    .text.lr11xx_gnss_push_dmc_msg:0000000000000000 $t
     /tmp/ccQrxvIn.s:794    .text.lr11xx_gnss_push_dmc_msg:0000000000000000 lr11xx_gnss_push_dmc_msg
     /tmp/ccQrxvIn.s:811    .text.lr11xx_gnss_push_dmc_msg:0000000000000018 $d
     /tmp/ccQrxvIn.s:814    .text.lr11xx_gnss_get_context_status:0000000000000000 $t
ARM GAS  /tmp/ccQrxvIn.s 			page 21


     /tmp/ccQrxvIn.s:821    .text.lr11xx_gnss_get_context_status:0000000000000000 lr11xx_gnss_get_context_status
     /tmp/ccQrxvIn.s:839    .text.lr11xx_gnss_get_context_status:0000000000000018 $d
     /tmp/ccQrxvIn.s:842    .text.lr11xx_gnss_get_nb_detected_satellites:0000000000000000 $t
     /tmp/ccQrxvIn.s:849    .text.lr11xx_gnss_get_nb_detected_satellites:0000000000000000 lr11xx_gnss_get_nb_detected_satellites
     /tmp/ccQrxvIn.s:867    .text.lr11xx_gnss_get_nb_detected_satellites:0000000000000018 $d
     /tmp/ccQrxvIn.s:870    .text.lr11xx_gnss_get_detected_satellites:0000000000000000 $t
     /tmp/ccQrxvIn.s:877    .text.lr11xx_gnss_get_detected_satellites:0000000000000000 lr11xx_gnss_get_detected_satellites
     /tmp/ccQrxvIn.s:933    .text.lr11xx_gnss_get_detected_satellites:0000000000000060 $d
     /tmp/ccQrxvIn.s:936    .text.lr11xx_gnss_parse_context_status_buffer:0000000000000000 $t
     /tmp/ccQrxvIn.s:943    .text.lr11xx_gnss_parse_context_status_buffer:0000000000000000 lr11xx_gnss_parse_context_status_buffer
     /tmp/ccQrxvIn.s:993    .text.lr11xx_gnss_get_result_destination:0000000000000000 $t
     /tmp/ccQrxvIn.s:1000   .text.lr11xx_gnss_get_result_destination:0000000000000000 lr11xx_gnss_get_result_destination
     /tmp/ccQrxvIn.s:1028   .text.lr11xx_gnss_compute_almanac_age:0000000000000000 $t
     /tmp/ccQrxvIn.s:1035   .text.lr11xx_gnss_compute_almanac_age:0000000000000000 lr11xx_gnss_compute_almanac_age
     /tmp/ccQrxvIn.s:1046   .text.lr11xx_gnss_get_consumption:0000000000000000 $t
     /tmp/ccQrxvIn.s:1053   .text.lr11xx_gnss_get_consumption:0000000000000000 lr11xx_gnss_get_consumption
     /tmp/ccQrxvIn.s:1096   .text.lr11xx_gnss_get_consumption:0000000000000040 $d

UNDEFINED SYMBOLS
lr11xx_hal_read
__aeabi_uidiv
lr11xx_hal_write
memset
lr11xx_regmem_read_regmem32
lr11xx_regmem_read_mem8
__aeabi_fmul
__aeabi_f2iz
__aeabi_i2f
