ARM GAS  /tmp/ccyLtNix.s 			page 1


   1              		.cpu cortex-m0
   2              		.eabi_attribute 23, 1
   3              		.eabi_attribute 24, 1
   4              		.eabi_attribute 25, 1
   5              		.eabi_attribute 26, 1
   6              		.eabi_attribute 30, 4
   7              		.eabi_attribute 34, 0
   8              		.eabi_attribute 18, 4
   9              		.file	"lr11xx_system.c"
  10              		.text
  11              		.section	.text.lr11xx_system_reset,"ax",%progbits
  12              		.align	1
  13              		.global	lr11xx_system_reset
  14              		.arch armv6s-m
  15              		.syntax unified
  16              		.code	16
  17              		.thumb_func
  18              		.fpu softvfp
  20              	lr11xx_system_reset:
  21              		@ args = 0, pretend = 0, frame = 0
  22              		@ frame_needed = 0, uses_anonymous_args = 0
  23 0000 10B5     		push	{r4, lr}
  24 0002 FFF7FEFF 		bl	lr11xx_hal_reset
  25              		@ sp needed
  26 0006 10BD     		pop	{r4, pc}
  28              		.section	.text.lr11xx_system_get_status,"ax",%progbits
  29              		.align	1
  30              		.global	lr11xx_system_get_status
  31              		.syntax unified
  32              		.code	16
  33              		.thumb_func
  34              		.fpu softvfp
  36              	lr11xx_system_get_status:
  37              		@ args = 0, pretend = 0, frame = 8
  38              		@ frame_needed = 0, uses_anonymous_args = 0
  39 0000 73B5     		push	{r0, r1, r4, r5, r6, lr}
  40 0002 0E00     		movs	r6, r1
  41 0004 1500     		movs	r5, r2
  42 0006 6946     		mov	r1, sp
  43 0008 0622     		movs	r2, #6
  44 000a 1C00     		movs	r4, r3
  45 000c FFF7FEFF 		bl	lr11xx_hal_direct_read
  46 0010 0028     		cmp	r0, #0
  47 0012 24D1     		bne	.L4
  48 0014 002E     		cmp	r6, #0
  49 0016 06D0     		beq	.L5
  50 0018 6B46     		mov	r3, sp
  51 001a 0122     		movs	r2, #1
  52 001c 1B78     		ldrb	r3, [r3]
  53 001e 1A40     		ands	r2, r3
  54 0020 5B08     		lsrs	r3, r3, #1
  55 0022 7270     		strb	r2, [r6, #1]
  56 0024 3370     		strb	r3, [r6]
  57              	.L5:
  58 0026 002D     		cmp	r5, #0
  59 0028 09D0     		beq	.L6
  60 002a 6B46     		mov	r3, sp
ARM GAS  /tmp/ccyLtNix.s 			page 2


  61 002c 0122     		movs	r2, #1
  62 002e 5B78     		ldrb	r3, [r3, #1]
  63 0030 1A40     		ands	r2, r3
  64 0032 AA70     		strb	r2, [r5, #2]
  65 0034 1A07     		lsls	r2, r3, #28
  66 0036 520F     		lsrs	r2, r2, #29
  67 0038 1B09     		lsrs	r3, r3, #4
  68 003a 6A70     		strb	r2, [r5, #1]
  69 003c 2B70     		strb	r3, [r5]
  70              	.L6:
  71 003e 002C     		cmp	r4, #0
  72 0040 0DD0     		beq	.L4
  73 0042 6B46     		mov	r3, sp
  74 0044 9A78     		ldrb	r2, [r3, #2]
  75 0046 DB78     		ldrb	r3, [r3, #3]
  76 0048 1206     		lsls	r2, r2, #24
  77 004a 1B04     		lsls	r3, r3, #16
  78 004c D218     		adds	r2, r2, r3
  79 004e 6B46     		mov	r3, sp
  80 0050 5B79     		ldrb	r3, [r3, #5]
  81 0052 D218     		adds	r2, r2, r3
  82 0054 6B46     		mov	r3, sp
  83 0056 1B79     		ldrb	r3, [r3, #4]
  84 0058 1B02     		lsls	r3, r3, #8
  85 005a D218     		adds	r2, r2, r3
  86 005c 2260     		str	r2, [r4]
  87              	.L4:
  88              		@ sp needed
  89 005e 76BD     		pop	{r1, r2, r4, r5, r6, pc}
  91              		.section	.text.lr11xx_system_clear_reset_status_info,"ax",%progbits
  92              		.align	1
  93              		.global	lr11xx_system_clear_reset_status_info
  94              		.syntax unified
  95              		.code	16
  96              		.thumb_func
  97              		.fpu softvfp
  99              	lr11xx_system_clear_reset_status_info:
 100              		@ args = 0, pretend = 0, frame = 8
 101              		@ frame_needed = 0, uses_anonymous_args = 0
 102 0000 1FB5     		push	{r0, r1, r2, r3, r4, lr}
 103 0002 0123     		movs	r3, #1
 104 0004 03A9     		add	r1, sp, #12
 105 0006 0B80     		strh	r3, [r1]
 106 0008 0023     		movs	r3, #0
 107 000a 0222     		movs	r2, #2
 108 000c 0093     		str	r3, [sp]
 109 000e FFF7FEFF 		bl	lr11xx_hal_write
 110 0012 05B0     		add	sp, sp, #20
 111              		@ sp needed
 112 0014 00BD     		pop	{pc}
 114              		.section	.text.lr11xx_system_get_version,"ax",%progbits
 115              		.align	1
 116              		.global	lr11xx_system_get_version
 117              		.syntax unified
 118              		.code	16
 119              		.thumb_func
 120              		.fpu softvfp
ARM GAS  /tmp/ccyLtNix.s 			page 3


 122              	lr11xx_system_get_version:
 123              		@ args = 0, pretend = 0, frame = 8
 124              		@ frame_needed = 0, uses_anonymous_args = 0
 125 0000 0223     		movs	r3, #2
 126 0002 30B5     		push	{r4, r5, lr}
 127 0004 85B0     		sub	sp, sp, #20
 128 0006 FF33     		adds	r3, r3, #255
 129 0008 0C00     		movs	r4, r1
 130 000a 02A9     		add	r1, sp, #8
 131 000c 0B80     		strh	r3, [r1]
 132 000e 0023     		movs	r3, #0
 133 0010 03AD     		add	r5, sp, #12
 134 0012 0393     		str	r3, [sp, #12]
 135 0014 0433     		adds	r3, r3, #4
 136 0016 0093     		str	r3, [sp]
 137 0018 0222     		movs	r2, #2
 138 001a 2B00     		movs	r3, r5
 139 001c FFF7FEFF 		bl	lr11xx_hal_read
 140 0020 0028     		cmp	r0, #0
 141 0022 06D1     		bne	.L19
 142 0024 2B88     		ldrh	r3, [r5]
 143 0026 AA78     		ldrb	r2, [r5, #2]
 144 0028 2380     		strh	r3, [r4]
 145 002a EB78     		ldrb	r3, [r5, #3]
 146 002c 1202     		lsls	r2, r2, #8
 147 002e 9B18     		adds	r3, r3, r2
 148 0030 6380     		strh	r3, [r4, #2]
 149              	.L19:
 150 0032 05B0     		add	sp, sp, #20
 151              		@ sp needed
 152 0034 30BD     		pop	{r4, r5, pc}
 154              		.section	.text.lr11xx_system_get_errors,"ax",%progbits
 155              		.align	1
 156              		.global	lr11xx_system_get_errors
 157              		.syntax unified
 158              		.code	16
 159              		.thumb_func
 160              		.fpu softvfp
 162              	lr11xx_system_get_errors:
 163              		@ args = 0, pretend = 0, frame = 8
 164              		@ frame_needed = 0, uses_anonymous_args = 0
 165 0000 1FB5     		push	{r0, r1, r2, r3, r4, lr}
 166 0002 0A4B     		ldr	r3, .L22
 167 0004 0C00     		movs	r4, r1
 168 0006 02A9     		add	r1, sp, #8
 169 0008 0B80     		strh	r3, [r1]
 170 000a 0222     		movs	r2, #2
 171 000c 0023     		movs	r3, #0
 172 000e 0092     		str	r2, [sp]
 173 0010 0393     		str	r3, [sp, #12]
 174 0012 03AB     		add	r3, sp, #12
 175 0014 FFF7FEFF 		bl	lr11xx_hal_read
 176 0018 0028     		cmp	r0, #0
 177 001a 05D1     		bne	.L21
 178 001c 6B46     		mov	r3, sp
 179 001e 1A7B     		ldrb	r2, [r3, #12]
 180 0020 5B7B     		ldrb	r3, [r3, #13]
ARM GAS  /tmp/ccyLtNix.s 			page 4


 181 0022 1202     		lsls	r2, r2, #8
 182 0024 9B18     		adds	r3, r3, r2
 183 0026 2380     		strh	r3, [r4]
 184              	.L21:
 185 0028 04B0     		add	sp, sp, #16
 186              		@ sp needed
 187 002a 10BD     		pop	{r4, pc}
 188              	.L23:
 189              		.align	2
 190              	.L22:
 191 002c 010D0000 		.word	3329
 193              		.section	.text.lr11xx_system_clear_errors,"ax",%progbits
 194              		.align	1
 195              		.global	lr11xx_system_clear_errors
 196              		.syntax unified
 197              		.code	16
 198              		.thumb_func
 199              		.fpu softvfp
 201              	lr11xx_system_clear_errors:
 202              		@ args = 0, pretend = 0, frame = 8
 203              		@ frame_needed = 0, uses_anonymous_args = 0
 204 0000 1FB5     		push	{r0, r1, r2, r3, r4, lr}
 205 0002 054B     		ldr	r3, .L25
 206 0004 03A9     		add	r1, sp, #12
 207 0006 0B80     		strh	r3, [r1]
 208 0008 0023     		movs	r3, #0
 209 000a 0222     		movs	r2, #2
 210 000c 0093     		str	r3, [sp]
 211 000e FFF7FEFF 		bl	lr11xx_hal_write
 212 0012 05B0     		add	sp, sp, #20
 213              		@ sp needed
 214 0014 00BD     		pop	{pc}
 215              	.L26:
 216 0016 C046     		.align	2
 217              	.L25:
 218 0018 010E0000 		.word	3585
 220              		.section	.text.lr11xx_system_calibrate,"ax",%progbits
 221              		.align	1
 222              		.global	lr11xx_system_calibrate
 223              		.syntax unified
 224              		.code	16
 225              		.thumb_func
 226              		.fpu softvfp
 228              	lr11xx_system_calibrate:
 229              		@ args = 0, pretend = 0, frame = 8
 230              		@ frame_needed = 0, uses_anonymous_args = 0
 231 0000 1FB5     		push	{r0, r1, r2, r3, r4, lr}
 232 0002 0123     		movs	r3, #1
 233 0004 03AC     		add	r4, sp, #12
 234 0006 2370     		strb	r3, [r4]
 235 0008 0E33     		adds	r3, r3, #14
 236 000a 6370     		strb	r3, [r4, #1]
 237 000c 0023     		movs	r3, #0
 238 000e A170     		strb	r1, [r4, #2]
 239 0010 0322     		movs	r2, #3
 240 0012 2100     		movs	r1, r4
 241 0014 0093     		str	r3, [sp]
ARM GAS  /tmp/ccyLtNix.s 			page 5


 242 0016 FFF7FEFF 		bl	lr11xx_hal_write
 243 001a 04B0     		add	sp, sp, #16
 244              		@ sp needed
 245 001c 10BD     		pop	{r4, pc}
 247              		.section	.text.lr11xx_system_set_reg_mode,"ax",%progbits
 248              		.align	1
 249              		.global	lr11xx_system_set_reg_mode
 250              		.syntax unified
 251              		.code	16
 252              		.thumb_func
 253              		.fpu softvfp
 255              	lr11xx_system_set_reg_mode:
 256              		@ args = 0, pretend = 0, frame = 8
 257              		@ frame_needed = 0, uses_anonymous_args = 0
 258 0000 1FB5     		push	{r0, r1, r2, r3, r4, lr}
 259 0002 0123     		movs	r3, #1
 260 0004 03AC     		add	r4, sp, #12
 261 0006 2370     		strb	r3, [r4]
 262 0008 0F33     		adds	r3, r3, #15
 263 000a 6370     		strb	r3, [r4, #1]
 264 000c 0023     		movs	r3, #0
 265 000e A170     		strb	r1, [r4, #2]
 266 0010 0322     		movs	r2, #3
 267 0012 2100     		movs	r1, r4
 268 0014 0093     		str	r3, [sp]
 269 0016 FFF7FEFF 		bl	lr11xx_hal_write
 270 001a 04B0     		add	sp, sp, #16
 271              		@ sp needed
 272 001c 10BD     		pop	{r4, pc}
 274              		.section	.text.lr11xx_system_calibrate_image,"ax",%progbits
 275              		.align	1
 276              		.global	lr11xx_system_calibrate_image
 277              		.syntax unified
 278              		.code	16
 279              		.thumb_func
 280              		.fpu softvfp
 282              	lr11xx_system_calibrate_image:
 283              		@ args = 0, pretend = 0, frame = 8
 284              		@ frame_needed = 0, uses_anonymous_args = 0
 285 0000 1FB5     		push	{r0, r1, r2, r3, r4, lr}
 286 0002 0123     		movs	r3, #1
 287 0004 03AC     		add	r4, sp, #12
 288 0006 2370     		strb	r3, [r4]
 289 0008 1033     		adds	r3, r3, #16
 290 000a 6370     		strb	r3, [r4, #1]
 291 000c 0023     		movs	r3, #0
 292 000e A170     		strb	r1, [r4, #2]
 293 0010 E270     		strb	r2, [r4, #3]
 294 0012 2100     		movs	r1, r4
 295 0014 0422     		movs	r2, #4
 296 0016 0093     		str	r3, [sp]
 297 0018 FFF7FEFF 		bl	lr11xx_hal_write
 298 001c 04B0     		add	sp, sp, #16
 299              		@ sp needed
 300 001e 10BD     		pop	{r4, pc}
 302              		.section	.text.lr11xx_system_calibrate_image_in_mhz,"ax",%progbits
 303              		.align	1
ARM GAS  /tmp/ccyLtNix.s 			page 6


 304              		.global	lr11xx_system_calibrate_image_in_mhz
 305              		.syntax unified
 306              		.code	16
 307              		.thumb_func
 308              		.fpu softvfp
 310              	lr11xx_system_calibrate_image_in_mhz:
 311              		@ args = 0, pretend = 0, frame = 0
 312              		@ frame_needed = 0, uses_anonymous_args = 0
 313 0000 10B5     		push	{r4, lr}
 314 0002 0332     		adds	r2, r2, #3
 315 0004 9210     		asrs	r2, r2, #2
 316 0006 8908     		lsrs	r1, r1, #2
 317 0008 D2B2     		uxtb	r2, r2
 318 000a C9B2     		uxtb	r1, r1
 319 000c FFF7FEFF 		bl	lr11xx_system_calibrate_image
 320              		@ sp needed
 321 0010 10BD     		pop	{r4, pc}
 323              		.section	.text.lr11xx_system_set_dio_as_rf_switch,"ax",%progbits
 324              		.align	1
 325              		.global	lr11xx_system_set_dio_as_rf_switch
 326              		.syntax unified
 327              		.code	16
 328              		.thumb_func
 329              		.fpu softvfp
 331              	lr11xx_system_set_dio_as_rf_switch:
 332              		@ args = 0, pretend = 0, frame = 16
 333              		@ frame_needed = 0, uses_anonymous_args = 0
 334 0000 7FB5     		push	{r0, r1, r2, r3, r4, r5, r6, lr}
 335 0002 0122     		movs	r2, #1
 336 0004 0B00     		movs	r3, r1
 337 0006 03A9     		add	r1, sp, #12
 338 0008 0A70     		strb	r2, [r1]
 339 000a 1132     		adds	r2, r2, #17
 340 000c 4A70     		strb	r2, [r1, #1]
 341 000e 1A78     		ldrb	r2, [r3]
 342 0010 8A70     		strb	r2, [r1, #2]
 343 0012 5A78     		ldrb	r2, [r3, #1]
 344 0014 CA70     		strb	r2, [r1, #3]
 345 0016 9A78     		ldrb	r2, [r3, #2]
 346 0018 0A71     		strb	r2, [r1, #4]
 347 001a DA78     		ldrb	r2, [r3, #3]
 348 001c 4A71     		strb	r2, [r1, #5]
 349 001e 1A79     		ldrb	r2, [r3, #4]
 350 0020 8A71     		strb	r2, [r1, #6]
 351 0022 5A79     		ldrb	r2, [r3, #5]
 352 0024 CA71     		strb	r2, [r1, #7]
 353 0026 9A79     		ldrb	r2, [r3, #6]
 354 0028 0A72     		strb	r2, [r1, #8]
 355 002a DB79     		ldrb	r3, [r3, #7]
 356 002c 0A22     		movs	r2, #10
 357 002e 4B72     		strb	r3, [r1, #9]
 358 0030 0023     		movs	r3, #0
 359 0032 0093     		str	r3, [sp]
 360 0034 FFF7FEFF 		bl	lr11xx_hal_write
 361 0038 07B0     		add	sp, sp, #28
 362              		@ sp needed
 363 003a 00BD     		pop	{pc}
ARM GAS  /tmp/ccyLtNix.s 			page 7


 365              		.section	.text.lr11xx_system_set_dio_irq_params,"ax",%progbits
 366              		.align	1
 367              		.global	lr11xx_system_set_dio_irq_params
 368              		.syntax unified
 369              		.code	16
 370              		.thumb_func
 371              		.fpu softvfp
 373              	lr11xx_system_set_dio_irq_params:
 374              		@ args = 0, pretend = 0, frame = 16
 375              		@ frame_needed = 0, uses_anonymous_args = 0
 376 0000 10B5     		push	{r4, lr}
 377 0002 0124     		movs	r4, #1
 378 0004 0B00     		movs	r3, r1
 379 0006 86B0     		sub	sp, sp, #24
 380 0008 03A9     		add	r1, sp, #12
 381 000a 0C70     		strb	r4, [r1]
 382 000c 1234     		adds	r4, r4, #18
 383 000e 4C70     		strb	r4, [r1, #1]
 384 0010 1C0E     		lsrs	r4, r3, #24
 385 0012 8C70     		strb	r4, [r1, #2]
 386 0014 1C0C     		lsrs	r4, r3, #16
 387 0016 CC70     		strb	r4, [r1, #3]
 388 0018 4B71     		strb	r3, [r1, #5]
 389 001a 1C0A     		lsrs	r4, r3, #8
 390 001c 130E     		lsrs	r3, r2, #24
 391 001e 8B71     		strb	r3, [r1, #6]
 392 0020 130C     		lsrs	r3, r2, #16
 393 0022 CB71     		strb	r3, [r1, #7]
 394 0024 130A     		lsrs	r3, r2, #8
 395 0026 0B72     		strb	r3, [r1, #8]
 396 0028 0023     		movs	r3, #0
 397 002a 4A72     		strb	r2, [r1, #9]
 398 002c 0C71     		strb	r4, [r1, #4]
 399 002e 0A22     		movs	r2, #10
 400 0030 0093     		str	r3, [sp]
 401 0032 FFF7FEFF 		bl	lr11xx_hal_write
 402 0036 06B0     		add	sp, sp, #24
 403              		@ sp needed
 404 0038 10BD     		pop	{r4, pc}
 406              		.section	.text.lr11xx_system_clear_irq_status,"ax",%progbits
 407              		.align	1
 408              		.global	lr11xx_system_clear_irq_status
 409              		.syntax unified
 410              		.code	16
 411              		.thumb_func
 412              		.fpu softvfp
 414              	lr11xx_system_clear_irq_status:
 415              		@ args = 0, pretend = 0, frame = 8
 416              		@ frame_needed = 0, uses_anonymous_args = 0
 417 0000 1FB5     		push	{r0, r1, r2, r3, r4, lr}
 418 0002 0122     		movs	r2, #1
 419 0004 0B00     		movs	r3, r1
 420 0006 02A9     		add	r1, sp, #8
 421 0008 0A70     		strb	r2, [r1]
 422 000a 1332     		adds	r2, r2, #19
 423 000c 4A70     		strb	r2, [r1, #1]
 424 000e 1A0E     		lsrs	r2, r3, #24
ARM GAS  /tmp/ccyLtNix.s 			page 8


 425 0010 8A70     		strb	r2, [r1, #2]
 426 0012 1A0C     		lsrs	r2, r3, #16
 427 0014 CA70     		strb	r2, [r1, #3]
 428 0016 4B71     		strb	r3, [r1, #5]
 429 0018 1A0A     		lsrs	r2, r3, #8
 430 001a 0023     		movs	r3, #0
 431 001c 0A71     		strb	r2, [r1, #4]
 432 001e 0622     		movs	r2, #6
 433 0020 0093     		str	r3, [sp]
 434 0022 FFF7FEFF 		bl	lr11xx_hal_write
 435 0026 05B0     		add	sp, sp, #20
 436              		@ sp needed
 437 0028 00BD     		pop	{pc}
 439              		.section	.text.lr11xx_system_get_and_clear_irq_status,"ax",%progbits
 440              		.align	1
 441              		.global	lr11xx_system_get_and_clear_irq_status
 442              		.syntax unified
 443              		.code	16
 444              		.thumb_func
 445              		.fpu softvfp
 447              	lr11xx_system_get_and_clear_irq_status:
 448              		@ args = 0, pretend = 0, frame = 8
 449              		@ frame_needed = 0, uses_anonymous_args = 0
 450 0000 73B5     		push	{r0, r1, r4, r5, r6, lr}
 451 0002 0D00     		movs	r5, r1
 452 0004 0021     		movs	r1, #0
 453 0006 01AB     		add	r3, sp, #4
 454 0008 0A00     		movs	r2, r1
 455 000a 0600     		movs	r6, r0
 456 000c 0191     		str	r1, [sp, #4]
 457 000e FFF7FEFF 		bl	lr11xx_system_get_status
 458 0012 041E     		subs	r4, r0, #0
 459 0014 04D1     		bne	.L35
 460 0016 0199     		ldr	r1, [sp, #4]
 461 0018 0029     		cmp	r1, #0
 462 001a 03D1     		bne	.L36
 463              	.L38:
 464 001c 002D     		cmp	r5, #0
 465 001e 08D1     		bne	.L37
 466              	.L35:
 467              		@ sp needed
 468 0020 2000     		movs	r0, r4
 469 0022 76BD     		pop	{r1, r2, r4, r5, r6, pc}
 470              	.L36:
 471 0024 3000     		movs	r0, r6
 472 0026 FFF7FEFF 		bl	lr11xx_system_clear_irq_status
 473 002a 0028     		cmp	r0, #0
 474 002c F6D0     		beq	.L38
 475 002e 0400     		movs	r4, r0
 476 0030 F6E7     		b	.L35
 477              	.L37:
 478 0032 019B     		ldr	r3, [sp, #4]
 479 0034 2B60     		str	r3, [r5]
 480 0036 F3E7     		b	.L35
 482              		.section	.text.lr11xx_system_cfg_lfclk,"ax",%progbits
 483              		.align	1
 484              		.global	lr11xx_system_cfg_lfclk
ARM GAS  /tmp/ccyLtNix.s 			page 9


 485              		.syntax unified
 486              		.code	16
 487              		.thumb_func
 488              		.fpu softvfp
 490              	lr11xx_system_cfg_lfclk:
 491              		@ args = 0, pretend = 0, frame = 8
 492              		@ frame_needed = 0, uses_anonymous_args = 0
 493 0000 1FB5     		push	{r0, r1, r2, r3, r4, lr}
 494 0002 0123     		movs	r3, #1
 495 0004 03AC     		add	r4, sp, #12
 496 0006 2370     		strb	r3, [r4]
 497 0008 1533     		adds	r3, r3, #21
 498 000a 6370     		strb	r3, [r4, #1]
 499 000c 0023     		movs	r3, #0
 500 000e 9200     		lsls	r2, r2, #2
 501 0010 0A43     		orrs	r2, r1
 502 0012 A270     		strb	r2, [r4, #2]
 503 0014 2100     		movs	r1, r4
 504 0016 0322     		movs	r2, #3
 505 0018 0093     		str	r3, [sp]
 506 001a FFF7FEFF 		bl	lr11xx_hal_write
 507 001e 04B0     		add	sp, sp, #16
 508              		@ sp needed
 509 0020 10BD     		pop	{r4, pc}
 511              		.section	.text.lr11xx_system_set_tcxo_mode,"ax",%progbits
 512              		.align	1
 513              		.global	lr11xx_system_set_tcxo_mode
 514              		.syntax unified
 515              		.code	16
 516              		.thumb_func
 517              		.fpu softvfp
 519              	lr11xx_system_set_tcxo_mode:
 520              		@ args = 0, pretend = 0, frame = 8
 521              		@ frame_needed = 0, uses_anonymous_args = 0
 522 0000 1FB5     		push	{r0, r1, r2, r3, r4, lr}
 523 0002 0123     		movs	r3, #1
 524 0004 02AC     		add	r4, sp, #8
 525 0006 2370     		strb	r3, [r4]
 526 0008 1633     		adds	r3, r3, #22
 527 000a 6370     		strb	r3, [r4, #1]
 528 000c 130C     		lsrs	r3, r2, #16
 529 000e E370     		strb	r3, [r4, #3]
 530 0010 130A     		lsrs	r3, r2, #8
 531 0012 2371     		strb	r3, [r4, #4]
 532 0014 0023     		movs	r3, #0
 533 0016 A170     		strb	r1, [r4, #2]
 534 0018 6271     		strb	r2, [r4, #5]
 535 001a 2100     		movs	r1, r4
 536 001c 0622     		movs	r2, #6
 537 001e 0093     		str	r3, [sp]
 538 0020 FFF7FEFF 		bl	lr11xx_hal_write
 539 0024 04B0     		add	sp, sp, #16
 540              		@ sp needed
 541 0026 10BD     		pop	{r4, pc}
 543              		.section	.text.lr11xx_system_reboot,"ax",%progbits
 544              		.align	1
 545              		.global	lr11xx_system_reboot
ARM GAS  /tmp/ccyLtNix.s 			page 10


 546              		.syntax unified
 547              		.code	16
 548              		.thumb_func
 549              		.fpu softvfp
 551              	lr11xx_system_reboot:
 552              		@ args = 0, pretend = 0, frame = 8
 553              		@ frame_needed = 0, uses_anonymous_args = 0
 554 0000 1FB5     		push	{r0, r1, r2, r3, r4, lr}
 555 0002 6A46     		mov	r2, sp
 556 0004 084B     		ldr	r3, .L47
 557 0006 4C1E     		subs	r4, r1, #1
 558 0008 A141     		sbcs	r1, r1, r4
 559 000a 9381     		strh	r3, [r2, #12]
 560 000c 0322     		movs	r2, #3
 561 000e 4942     		rsbs	r1, r1, #0
 562 0010 0023     		movs	r3, #0
 563 0012 0A40     		ands	r2, r1
 564 0014 6946     		mov	r1, sp
 565 0016 8A73     		strb	r2, [r1, #14]
 566 0018 0322     		movs	r2, #3
 567 001a 0093     		str	r3, [sp]
 568 001c 03A9     		add	r1, sp, #12
 569 001e FFF7FEFF 		bl	lr11xx_hal_write
 570 0022 04B0     		add	sp, sp, #16
 571              		@ sp needed
 572 0024 10BD     		pop	{r4, pc}
 573              	.L48:
 574 0026 C046     		.align	2
 575              	.L47:
 576 0028 01180000 		.word	6145
 578              		.section	.text.lr11xx_system_get_vbat,"ax",%progbits
 579              		.align	1
 580              		.global	lr11xx_system_get_vbat
 581              		.syntax unified
 582              		.code	16
 583              		.thumb_func
 584              		.fpu softvfp
 586              	lr11xx_system_get_vbat:
 587              		@ args = 0, pretend = 0, frame = 8
 588              		@ frame_needed = 0, uses_anonymous_args = 0
 589 0000 1FB5     		push	{r0, r1, r2, r3, r4, lr}
 590 0002 054A     		ldr	r2, .L50
 591 0004 0B00     		movs	r3, r1
 592 0006 03A9     		add	r1, sp, #12
 593 0008 0A80     		strh	r2, [r1]
 594 000a 0122     		movs	r2, #1
 595 000c 0092     		str	r2, [sp]
 596 000e 9218     		adds	r2, r2, r2
 597 0010 FFF7FEFF 		bl	lr11xx_hal_read
 598 0014 05B0     		add	sp, sp, #20
 599              		@ sp needed
 600 0016 00BD     		pop	{pc}
 601              	.L51:
 602              		.align	2
 603              	.L50:
 604 0018 01190000 		.word	6401
 606              		.section	.text.lr11xx_system_get_temp,"ax",%progbits
ARM GAS  /tmp/ccyLtNix.s 			page 11


 607              		.align	1
 608              		.global	lr11xx_system_get_temp
 609              		.syntax unified
 610              		.code	16
 611              		.thumb_func
 612              		.fpu softvfp
 614              	lr11xx_system_get_temp:
 615              		@ args = 0, pretend = 0, frame = 8
 616              		@ frame_needed = 0, uses_anonymous_args = 0
 617 0000 30B5     		push	{r4, r5, lr}
 618 0002 0B4B     		ldr	r3, .L54
 619 0004 85B0     		sub	sp, sp, #20
 620 0006 0D00     		movs	r5, r1
 621 0008 02A9     		add	r1, sp, #8
 622 000a 0B80     		strh	r3, [r1]
 623 000c 0222     		movs	r2, #2
 624 000e 0023     		movs	r3, #0
 625 0010 03AC     		add	r4, sp, #12
 626 0012 2380     		strh	r3, [r4]
 627 0014 2300     		movs	r3, r4
 628 0016 0092     		str	r2, [sp]
 629 0018 FFF7FEFF 		bl	lr11xx_hal_read
 630 001c 0028     		cmp	r0, #0
 631 001e 04D1     		bne	.L53
 632 0020 2278     		ldrb	r2, [r4]
 633 0022 6378     		ldrb	r3, [r4, #1]
 634 0024 1202     		lsls	r2, r2, #8
 635 0026 9B18     		adds	r3, r3, r2
 636 0028 2B80     		strh	r3, [r5]
 637              	.L53:
 638 002a 05B0     		add	sp, sp, #20
 639              		@ sp needed
 640 002c 30BD     		pop	{r4, r5, pc}
 641              	.L55:
 642 002e C046     		.align	2
 643              	.L54:
 644 0030 011A0000 		.word	6657
 646              		.section	.text.lr11xx_system_set_sleep,"ax",%progbits
 647              		.align	1
 648              		.global	lr11xx_system_set_sleep
 649              		.syntax unified
 650              		.code	16
 651              		.thumb_func
 652              		.fpu softvfp
 654              	lr11xx_system_set_sleep:
 655              		@ args = 0, pretend = 0, frame = 16
 656              		@ frame_needed = 0, uses_anonymous_args = 0
 657 0000 30B5     		push	{r4, r5, lr}
 658 0002 0B04     		lsls	r3, r1, #16
 659 0004 87B0     		sub	sp, sp, #28
 660 0006 1B0E     		lsrs	r3, r3, #24
 661 0008 03AC     		add	r4, sp, #12
 662 000a 5B00     		lsls	r3, r3, #1
 663 000c 2180     		strh	r1, [r4]
 664 000e 5B18     		adds	r3, r3, r1
 665 0010 04AC     		add	r4, sp, #16
 666 0012 A370     		strb	r3, [r4, #2]
ARM GAS  /tmp/ccyLtNix.s 			page 12


 667 0014 130E     		lsrs	r3, r2, #24
 668 0016 E370     		strb	r3, [r4, #3]
 669 0018 130C     		lsrs	r3, r2, #16
 670 001a 2371     		strb	r3, [r4, #4]
 671 001c 0125     		movs	r5, #1
 672 001e 130A     		lsrs	r3, r2, #8
 673 0020 6371     		strb	r3, [r4, #5]
 674 0022 0023     		movs	r3, #0
 675 0024 2570     		strb	r5, [r4]
 676 0026 1A35     		adds	r5, r5, #26
 677 0028 A271     		strb	r2, [r4, #6]
 678 002a 6570     		strb	r5, [r4, #1]
 679 002c 0722     		movs	r2, #7
 680 002e 2100     		movs	r1, r4
 681 0030 0093     		str	r3, [sp]
 682 0032 FFF7FEFF 		bl	lr11xx_hal_write
 683 0036 07B0     		add	sp, sp, #28
 684              		@ sp needed
 685 0038 30BD     		pop	{r4, r5, pc}
 687              		.section	.text.lr11xx_system_set_standby,"ax",%progbits
 688              		.align	1
 689              		.global	lr11xx_system_set_standby
 690              		.syntax unified
 691              		.code	16
 692              		.thumb_func
 693              		.fpu softvfp
 695              	lr11xx_system_set_standby:
 696              		@ args = 0, pretend = 0, frame = 8
 697              		@ frame_needed = 0, uses_anonymous_args = 0
 698 0000 1FB5     		push	{r0, r1, r2, r3, r4, lr}
 699 0002 0123     		movs	r3, #1
 700 0004 03AC     		add	r4, sp, #12
 701 0006 2370     		strb	r3, [r4]
 702 0008 1B33     		adds	r3, r3, #27
 703 000a 6370     		strb	r3, [r4, #1]
 704 000c 0023     		movs	r3, #0
 705 000e A170     		strb	r1, [r4, #2]
 706 0010 0322     		movs	r2, #3
 707 0012 2100     		movs	r1, r4
 708 0014 0093     		str	r3, [sp]
 709 0016 FFF7FEFF 		bl	lr11xx_hal_write
 710 001a 04B0     		add	sp, sp, #16
 711              		@ sp needed
 712 001c 10BD     		pop	{r4, pc}
 714              		.section	.text.lr11xx_system_wakeup,"ax",%progbits
 715              		.align	1
 716              		.global	lr11xx_system_wakeup
 717              		.syntax unified
 718              		.code	16
 719              		.thumb_func
 720              		.fpu softvfp
 722              	lr11xx_system_wakeup:
 723              		@ args = 0, pretend = 0, frame = 0
 724              		@ frame_needed = 0, uses_anonymous_args = 0
 725 0000 10B5     		push	{r4, lr}
 726 0002 FFF7FEFF 		bl	lr11xx_hal_wakeup
 727              		@ sp needed
ARM GAS  /tmp/ccyLtNix.s 			page 13


 728 0006 10BD     		pop	{r4, pc}
 730              		.section	.text.lr11xx_system_set_fs,"ax",%progbits
 731              		.align	1
 732              		.global	lr11xx_system_set_fs
 733              		.syntax unified
 734              		.code	16
 735              		.thumb_func
 736              		.fpu softvfp
 738              	lr11xx_system_set_fs:
 739              		@ args = 0, pretend = 0, frame = 8
 740              		@ frame_needed = 0, uses_anonymous_args = 0
 741 0000 1FB5     		push	{r0, r1, r2, r3, r4, lr}
 742 0002 054B     		ldr	r3, .L60
 743 0004 03A9     		add	r1, sp, #12
 744 0006 0B80     		strh	r3, [r1]
 745 0008 0023     		movs	r3, #0
 746 000a 0222     		movs	r2, #2
 747 000c 0093     		str	r3, [sp]
 748 000e FFF7FEFF 		bl	lr11xx_hal_write
 749 0012 05B0     		add	sp, sp, #20
 750              		@ sp needed
 751 0014 00BD     		pop	{pc}
 752              	.L61:
 753 0016 C046     		.align	2
 754              	.L60:
 755 0018 011D0000 		.word	7425
 757              		.section	.text.lr11xx_system_erase_infopage,"ax",%progbits
 758              		.align	1
 759              		.global	lr11xx_system_erase_infopage
 760              		.syntax unified
 761              		.code	16
 762              		.thumb_func
 763              		.fpu softvfp
 765              	lr11xx_system_erase_infopage:
 766              		@ args = 0, pretend = 0, frame = 8
 767              		@ frame_needed = 0, uses_anonymous_args = 0
 768 0000 1FB5     		push	{r0, r1, r2, r3, r4, lr}
 769 0002 0123     		movs	r3, #1
 770 0004 03AC     		add	r4, sp, #12
 771 0006 2370     		strb	r3, [r4]
 772 0008 2033     		adds	r3, r3, #32
 773 000a 6370     		strb	r3, [r4, #1]
 774 000c 0023     		movs	r3, #0
 775 000e A170     		strb	r1, [r4, #2]
 776 0010 0322     		movs	r2, #3
 777 0012 2100     		movs	r1, r4
 778 0014 0093     		str	r3, [sp]
 779 0016 FFF7FEFF 		bl	lr11xx_hal_write
 780 001a 04B0     		add	sp, sp, #16
 781              		@ sp needed
 782 001c 10BD     		pop	{r4, pc}
 784              		.section	.text.lr11xx_system_write_infopage,"ax",%progbits
 785              		.align	1
 786              		.global	lr11xx_system_write_infopage
 787              		.syntax unified
 788              		.code	16
 789              		.thumb_func
ARM GAS  /tmp/ccyLtNix.s 			page 14


 790              		.fpu softvfp
 792              	lr11xx_system_write_infopage:
 793              		@ args = 4, pretend = 0, frame = 264
 794              		@ frame_needed = 0, uses_anonymous_args = 0
 795 0000 F0B5     		push	{r4, r5, r6, r7, lr}
 796 0002 C5B0     		sub	sp, sp, #276
 797 0004 4AAC     		add	r4, sp, #296
 798 0006 2578     		ldrb	r5, [r4]
 799 0008 0126     		movs	r6, #1
 800 000a 02AC     		add	r4, sp, #8
 801 000c A170     		strb	r1, [r4, #2]
 802 000e 110A     		lsrs	r1, r2, #8
 803 0010 E170     		strb	r1, [r4, #3]
 804 0012 1900     		movs	r1, r3
 805 0014 AF00     		lsls	r7, r5, #2
 806 0016 2670     		strb	r6, [r4]
 807 0018 2136     		adds	r6, r6, #33
 808 001a 2271     		strb	r2, [r4, #4]
 809 001c 6670     		strb	r6, [r4, #1]
 810 001e 04AA     		add	r2, sp, #16
 811 0020 DF19     		adds	r7, r3, r7
 812 0022 ADB2     		uxth	r5, r5
 813              	.L64:
 814 0024 8F42     		cmp	r7, r1
 815 0026 08D1     		bne	.L65
 816 0028 AD00     		lsls	r5, r5, #2
 817 002a 0522     		movs	r2, #5
 818 002c 2100     		movs	r1, r4
 819 002e 0095     		str	r5, [sp]
 820 0030 04AB     		add	r3, sp, #16
 821 0032 FFF7FEFF 		bl	lr11xx_hal_write
 822 0036 45B0     		add	sp, sp, #276
 823              		@ sp needed
 824 0038 F0BD     		pop	{r4, r5, r6, r7, pc}
 825              	.L65:
 826 003a 40C9     		ldmia	r1!, {r6}
 827 003c 330E     		lsrs	r3, r6, #24
 828 003e 1370     		strb	r3, [r2]
 829 0040 330C     		lsrs	r3, r6, #16
 830 0042 5370     		strb	r3, [r2, #1]
 831 0044 330A     		lsrs	r3, r6, #8
 832 0046 9370     		strb	r3, [r2, #2]
 833 0048 D670     		strb	r6, [r2, #3]
 834 004a 0432     		adds	r2, r2, #4
 835 004c EAE7     		b	.L64
 837              		.section	.text.lr11xx_system_read_infopage,"ax",%progbits
 838              		.align	1
 839              		.global	lr11xx_system_read_infopage
 840              		.syntax unified
 841              		.code	16
 842              		.thumb_func
 843              		.fpu softvfp
 845              	lr11xx_system_read_infopage:
 846              		@ args = 4, pretend = 0, frame = 8
 847              		@ frame_needed = 0, uses_anonymous_args = 0
 848 0000 7FB5     		push	{r0, r1, r2, r3, r4, r5, r6, lr}
 849 0002 0126     		movs	r6, #1
ARM GAS  /tmp/ccyLtNix.s 			page 15


 850 0004 1C00     		movs	r4, r3
 851 0006 08AB     		add	r3, sp, #32
 852 0008 02AD     		add	r5, sp, #8
 853 000a 1B78     		ldrb	r3, [r3]
 854 000c 2E70     		strb	r6, [r5]
 855 000e 2236     		adds	r6, r6, #34
 856 0010 6E70     		strb	r6, [r5, #1]
 857 0012 A970     		strb	r1, [r5, #2]
 858 0014 9E00     		lsls	r6, r3, #2
 859 0016 110A     		lsrs	r1, r2, #8
 860 0018 E970     		strb	r1, [r5, #3]
 861 001a 2A71     		strb	r2, [r5, #4]
 862 001c 6B71     		strb	r3, [r5, #5]
 863 001e 0622     		movs	r2, #6
 864 0020 0096     		str	r6, [sp]
 865 0022 2300     		movs	r3, r4
 866 0024 2900     		movs	r1, r5
 867 0026 FFF7FEFF 		bl	lr11xx_hal_read
 868 002a A619     		adds	r6, r4, r6
 869 002c 0028     		cmp	r0, #0
 870 002e 0CD0     		beq	.L68
 871              	.L70:
 872 0030 04B0     		add	sp, sp, #16
 873              		@ sp needed
 874 0032 70BD     		pop	{r4, r5, r6, pc}
 875              	.L69:
 876 0034 2278     		ldrb	r2, [r4]
 877 0036 6178     		ldrb	r1, [r4, #1]
 878 0038 1206     		lsls	r2, r2, #24
 879 003a 0904     		lsls	r1, r1, #16
 880 003c 5218     		adds	r2, r2, r1
 881 003e E178     		ldrb	r1, [r4, #3]
 882 0040 5218     		adds	r2, r2, r1
 883 0042 A178     		ldrb	r1, [r4, #2]
 884 0044 0902     		lsls	r1, r1, #8
 885 0046 5218     		adds	r2, r2, r1
 886 0048 04C4     		stmia	r4!, {r2}
 887              	.L68:
 888 004a B442     		cmp	r4, r6
 889 004c F2D1     		bne	.L69
 890 004e EFE7     		b	.L70
 892              		.section	.text.lr11xx_system_read_uid,"ax",%progbits
 893              		.align	1
 894              		.global	lr11xx_system_read_uid
 895              		.syntax unified
 896              		.code	16
 897              		.thumb_func
 898              		.fpu softvfp
 900              	lr11xx_system_read_uid:
 901              		@ args = 0, pretend = 0, frame = 8
 902              		@ frame_needed = 0, uses_anonymous_args = 0
 903 0000 1FB5     		push	{r0, r1, r2, r3, r4, lr}
 904 0002 054A     		ldr	r2, .L72
 905 0004 0B00     		movs	r3, r1
 906 0006 03A9     		add	r1, sp, #12
 907 0008 0A80     		strh	r2, [r1]
 908 000a 0822     		movs	r2, #8
ARM GAS  /tmp/ccyLtNix.s 			page 16


 909 000c 0092     		str	r2, [sp]
 910 000e 063A     		subs	r2, r2, #6
 911 0010 FFF7FEFF 		bl	lr11xx_hal_read
 912 0014 05B0     		add	sp, sp, #20
 913              		@ sp needed
 914 0016 00BD     		pop	{pc}
 915              	.L73:
 916              		.align	2
 917              	.L72:
 918 0018 01250000 		.word	9473
 920              		.section	.text.lr11xx_system_read_join_eui,"ax",%progbits
 921              		.align	1
 922              		.global	lr11xx_system_read_join_eui
 923              		.syntax unified
 924              		.code	16
 925              		.thumb_func
 926              		.fpu softvfp
 928              	lr11xx_system_read_join_eui:
 929              		@ args = 0, pretend = 0, frame = 8
 930              		@ frame_needed = 0, uses_anonymous_args = 0
 931 0000 1FB5     		push	{r0, r1, r2, r3, r4, lr}
 932 0002 054A     		ldr	r2, .L75
 933 0004 0B00     		movs	r3, r1
 934 0006 03A9     		add	r1, sp, #12
 935 0008 0A80     		strh	r2, [r1]
 936 000a 0822     		movs	r2, #8
 937 000c 0092     		str	r2, [sp]
 938 000e 063A     		subs	r2, r2, #6
 939 0010 FFF7FEFF 		bl	lr11xx_hal_read
 940 0014 05B0     		add	sp, sp, #20
 941              		@ sp needed
 942 0016 00BD     		pop	{pc}
 943              	.L76:
 944              		.align	2
 945              	.L75:
 946 0018 01260000 		.word	9729
 948              		.section	.text.lr11xx_system_read_pin,"ax",%progbits
 949              		.align	1
 950              		.global	lr11xx_system_read_pin
 951              		.syntax unified
 952              		.code	16
 953              		.thumb_func
 954              		.fpu softvfp
 956              	lr11xx_system_read_pin:
 957              		@ args = 0, pretend = 0, frame = 8
 958              		@ frame_needed = 0, uses_anonymous_args = 0
 959 0000 1FB5     		push	{r0, r1, r2, r3, r4, lr}
 960 0002 054A     		ldr	r2, .L78
 961 0004 0B00     		movs	r3, r1
 962 0006 03A9     		add	r1, sp, #12
 963 0008 0A80     		strh	r2, [r1]
 964 000a 0422     		movs	r2, #4
 965 000c 0092     		str	r2, [sp]
 966 000e 023A     		subs	r2, r2, #2
 967 0010 FFF7FEFF 		bl	lr11xx_hal_read
 968 0014 05B0     		add	sp, sp, #20
 969              		@ sp needed
ARM GAS  /tmp/ccyLtNix.s 			page 17


 970 0016 00BD     		pop	{pc}
 971              	.L79:
 972              		.align	2
 973              	.L78:
 974 0018 01270000 		.word	9985
 976              		.section	.text.lr11xx_system_read_pin_custom_eui,"ax",%progbits
 977              		.align	1
 978              		.global	lr11xx_system_read_pin_custom_eui
 979              		.syntax unified
 980              		.code	16
 981              		.thumb_func
 982              		.fpu softvfp
 984              	lr11xx_system_read_pin_custom_eui:
 985              		@ args = 4, pretend = 0, frame = 24
 986              		@ frame_needed = 0, uses_anonymous_args = 0
 987 0000 30B5     		push	{r4, r5, lr}
 988 0002 0125     		movs	r5, #1
 989 0004 0C00     		movs	r4, r1
 990 0006 89B0     		sub	sp, sp, #36
 991 0008 03A9     		add	r1, sp, #12
 992 000a 0D70     		strb	r5, [r1]
 993 000c 2635     		adds	r5, r5, #38
 994 000e 4D70     		strb	r5, [r1, #1]
 995 0010 2578     		ldrb	r5, [r4]
 996 0012 8D70     		strb	r5, [r1, #2]
 997 0014 6578     		ldrb	r5, [r4, #1]
 998 0016 CD70     		strb	r5, [r1, #3]
 999 0018 A578     		ldrb	r5, [r4, #2]
 1000 001a 0D71     		strb	r5, [r1, #4]
 1001 001c E578     		ldrb	r5, [r4, #3]
 1002 001e 4D71     		strb	r5, [r1, #5]
 1003 0020 2579     		ldrb	r5, [r4, #4]
 1004 0022 8D71     		strb	r5, [r1, #6]
 1005 0024 6579     		ldrb	r5, [r4, #5]
 1006 0026 CD71     		strb	r5, [r1, #7]
 1007 0028 A579     		ldrb	r5, [r4, #6]
 1008 002a E479     		ldrb	r4, [r4, #7]
 1009 002c 0D72     		strb	r5, [r1, #8]
 1010 002e 4C72     		strb	r4, [r1, #9]
 1011 0030 1478     		ldrb	r4, [r2]
 1012 0032 8C72     		strb	r4, [r1, #10]
 1013 0034 5478     		ldrb	r4, [r2, #1]
 1014 0036 CC72     		strb	r4, [r1, #11]
 1015 0038 9478     		ldrb	r4, [r2, #2]
 1016 003a 0C73     		strb	r4, [r1, #12]
 1017 003c D478     		ldrb	r4, [r2, #3]
 1018 003e 4C73     		strb	r4, [r1, #13]
 1019 0040 1479     		ldrb	r4, [r2, #4]
 1020 0042 8C73     		strb	r4, [r1, #14]
 1021 0044 5479     		ldrb	r4, [r2, #5]
 1022 0046 CC73     		strb	r4, [r1, #15]
 1023 0048 9479     		ldrb	r4, [r2, #6]
 1024 004a 0C74     		strb	r4, [r1, #16]
 1025 004c 8B74     		strb	r3, [r1, #18]
 1026 004e 0423     		movs	r3, #4
 1027 0050 D279     		ldrb	r2, [r2, #7]
 1028 0052 4A74     		strb	r2, [r1, #17]
ARM GAS  /tmp/ccyLtNix.s 			page 18


 1029 0054 0093     		str	r3, [sp]
 1030 0056 1322     		movs	r2, #19
 1031 0058 0C9B     		ldr	r3, [sp, #48]
 1032 005a FFF7FEFF 		bl	lr11xx_hal_read
 1033 005e 09B0     		add	sp, sp, #36
 1034              		@ sp needed
 1035 0060 30BD     		pop	{r4, r5, pc}
 1037              		.section	.text.lr11xx_system_get_random_number,"ax",%progbits
 1038              		.align	1
 1039              		.global	lr11xx_system_get_random_number
 1040              		.syntax unified
 1041              		.code	16
 1042              		.thumb_func
 1043              		.fpu softvfp
 1045              	lr11xx_system_get_random_number:
 1046              		@ args = 0, pretend = 0, frame = 8
 1047              		@ frame_needed = 0, uses_anonymous_args = 0
 1048 0000 1FB5     		push	{r0, r1, r2, r3, r4, lr}
 1049 0002 054A     		ldr	r2, .L82
 1050 0004 0B00     		movs	r3, r1
 1051 0006 03A9     		add	r1, sp, #12
 1052 0008 0A80     		strh	r2, [r1]
 1053 000a 0422     		movs	r2, #4
 1054 000c 0092     		str	r2, [sp]
 1055 000e 023A     		subs	r2, r2, #2
 1056 0010 FFF7FEFF 		bl	lr11xx_hal_read
 1057 0014 05B0     		add	sp, sp, #20
 1058              		@ sp needed
 1059 0016 00BD     		pop	{pc}
 1060              	.L83:
 1061              		.align	2
 1062              	.L82:
 1063 0018 01200000 		.word	8193
 1065              		.section	.text.lr11xx_system_enable_spi_crc,"ax",%progbits
 1066              		.align	1
 1067              		.global	lr11xx_system_enable_spi_crc
 1068              		.syntax unified
 1069              		.code	16
 1070              		.thumb_func
 1071              		.fpu softvfp
 1073              	lr11xx_system_enable_spi_crc:
 1074              		@ args = 0, pretend = 0, frame = 8
 1075              		@ frame_needed = 0, uses_anonymous_args = 0
 1076 0000 1FB5     		push	{r0, r1, r2, r3, r4, lr}
 1077 0002 0123     		movs	r3, #1
 1078 0004 03AC     		add	r4, sp, #12
 1079 0006 2370     		strb	r3, [r4]
 1080 0008 2733     		adds	r3, r3, #39
 1081 000a 6370     		strb	r3, [r4, #1]
 1082 000c 0023     		movs	r3, #0
 1083 000e A170     		strb	r1, [r4, #2]
 1084 0010 0322     		movs	r2, #3
 1085 0012 2100     		movs	r1, r4
 1086 0014 0093     		str	r3, [sp]
 1087 0016 FFF7FEFF 		bl	lr11xx_hal_write
 1088 001a 04B0     		add	sp, sp, #16
 1089              		@ sp needed
ARM GAS  /tmp/ccyLtNix.s 			page 19


 1090 001c 10BD     		pop	{r4, pc}
 1092              		.section	.text.lr11xx_system_drive_dio_in_sleep_mode,"ax",%progbits
 1093              		.align	1
 1094              		.global	lr11xx_system_drive_dio_in_sleep_mode
 1095              		.syntax unified
 1096              		.code	16
 1097              		.thumb_func
 1098              		.fpu softvfp
 1100              	lr11xx_system_drive_dio_in_sleep_mode:
 1101              		@ args = 0, pretend = 0, frame = 8
 1102              		@ frame_needed = 0, uses_anonymous_args = 0
 1103 0000 1FB5     		push	{r0, r1, r2, r3, r4, lr}
 1104 0002 0123     		movs	r3, #1
 1105 0004 03AC     		add	r4, sp, #12
 1106 0006 2370     		strb	r3, [r4]
 1107 0008 2933     		adds	r3, r3, #41
 1108 000a 6370     		strb	r3, [r4, #1]
 1109 000c 0023     		movs	r3, #0
 1110 000e A170     		strb	r1, [r4, #2]
 1111 0010 0322     		movs	r2, #3
 1112 0012 2100     		movs	r1, r4
 1113 0014 0093     		str	r3, [sp]
 1114 0016 FFF7FEFF 		bl	lr11xx_hal_write
 1115 001a 04B0     		add	sp, sp, #16
 1116              		@ sp needed
 1117 001c 10BD     		pop	{r4, pc}
 1119              		.ident	"GCC: (15:10.3-2021.07-4) 10.3.1 20210621 (release)"
ARM GAS  /tmp/ccyLtNix.s 			page 20


DEFINED SYMBOLS
                            *ABS*:0000000000000000 lr11xx_system.c
     /tmp/ccyLtNix.s:12     .text.lr11xx_system_reset:0000000000000000 $t
     /tmp/ccyLtNix.s:20     .text.lr11xx_system_reset:0000000000000000 lr11xx_system_reset
     /tmp/ccyLtNix.s:29     .text.lr11xx_system_get_status:0000000000000000 $t
     /tmp/ccyLtNix.s:36     .text.lr11xx_system_get_status:0000000000000000 lr11xx_system_get_status
     /tmp/ccyLtNix.s:92     .text.lr11xx_system_clear_reset_status_info:0000000000000000 $t
     /tmp/ccyLtNix.s:99     .text.lr11xx_system_clear_reset_status_info:0000000000000000 lr11xx_system_clear_reset_status_info
     /tmp/ccyLtNix.s:115    .text.lr11xx_system_get_version:0000000000000000 $t
     /tmp/ccyLtNix.s:122    .text.lr11xx_system_get_version:0000000000000000 lr11xx_system_get_version
     /tmp/ccyLtNix.s:155    .text.lr11xx_system_get_errors:0000000000000000 $t
     /tmp/ccyLtNix.s:162    .text.lr11xx_system_get_errors:0000000000000000 lr11xx_system_get_errors
     /tmp/ccyLtNix.s:191    .text.lr11xx_system_get_errors:000000000000002c $d
     /tmp/ccyLtNix.s:194    .text.lr11xx_system_clear_errors:0000000000000000 $t
     /tmp/ccyLtNix.s:201    .text.lr11xx_system_clear_errors:0000000000000000 lr11xx_system_clear_errors
     /tmp/ccyLtNix.s:218    .text.lr11xx_system_clear_errors:0000000000000018 $d
     /tmp/ccyLtNix.s:221    .text.lr11xx_system_calibrate:0000000000000000 $t
     /tmp/ccyLtNix.s:228    .text.lr11xx_system_calibrate:0000000000000000 lr11xx_system_calibrate
     /tmp/ccyLtNix.s:248    .text.lr11xx_system_set_reg_mode:0000000000000000 $t
     /tmp/ccyLtNix.s:255    .text.lr11xx_system_set_reg_mode:0000000000000000 lr11xx_system_set_reg_mode
     /tmp/ccyLtNix.s:275    .text.lr11xx_system_calibrate_image:0000000000000000 $t
     /tmp/ccyLtNix.s:282    .text.lr11xx_system_calibrate_image:0000000000000000 lr11xx_system_calibrate_image
     /tmp/ccyLtNix.s:303    .text.lr11xx_system_calibrate_image_in_mhz:0000000000000000 $t
     /tmp/ccyLtNix.s:310    .text.lr11xx_system_calibrate_image_in_mhz:0000000000000000 lr11xx_system_calibrate_image_in_mhz
     /tmp/ccyLtNix.s:324    .text.lr11xx_system_set_dio_as_rf_switch:0000000000000000 $t
     /tmp/ccyLtNix.s:331    .text.lr11xx_system_set_dio_as_rf_switch:0000000000000000 lr11xx_system_set_dio_as_rf_switch
     /tmp/ccyLtNix.s:366    .text.lr11xx_system_set_dio_irq_params:0000000000000000 $t
     /tmp/ccyLtNix.s:373    .text.lr11xx_system_set_dio_irq_params:0000000000000000 lr11xx_system_set_dio_irq_params
     /tmp/ccyLtNix.s:407    .text.lr11xx_system_clear_irq_status:0000000000000000 $t
     /tmp/ccyLtNix.s:414    .text.lr11xx_system_clear_irq_status:0000000000000000 lr11xx_system_clear_irq_status
     /tmp/ccyLtNix.s:440    .text.lr11xx_system_get_and_clear_irq_status:0000000000000000 $t
     /tmp/ccyLtNix.s:447    .text.lr11xx_system_get_and_clear_irq_status:0000000000000000 lr11xx_system_get_and_clear_irq_status
     /tmp/ccyLtNix.s:483    .text.lr11xx_system_cfg_lfclk:0000000000000000 $t
     /tmp/ccyLtNix.s:490    .text.lr11xx_system_cfg_lfclk:0000000000000000 lr11xx_system_cfg_lfclk
     /tmp/ccyLtNix.s:512    .text.lr11xx_system_set_tcxo_mode:0000000000000000 $t
     /tmp/ccyLtNix.s:519    .text.lr11xx_system_set_tcxo_mode:0000000000000000 lr11xx_system_set_tcxo_mode
     /tmp/ccyLtNix.s:544    .text.lr11xx_system_reboot:0000000000000000 $t
     /tmp/ccyLtNix.s:551    .text.lr11xx_system_reboot:0000000000000000 lr11xx_system_reboot
     /tmp/ccyLtNix.s:576    .text.lr11xx_system_reboot:0000000000000028 $d
     /tmp/ccyLtNix.s:579    .text.lr11xx_system_get_vbat:0000000000000000 $t
     /tmp/ccyLtNix.s:586    .text.lr11xx_system_get_vbat:0000000000000000 lr11xx_system_get_vbat
     /tmp/ccyLtNix.s:604    .text.lr11xx_system_get_vbat:0000000000000018 $d
     /tmp/ccyLtNix.s:607    .text.lr11xx_system_get_temp:0000000000000000 $t
     /tmp/ccyLtNix.s:614    .text.lr11xx_system_get_temp:0000000000000000 lr11xx_system_get_temp
     /tmp/ccyLtNix.s:644    .text.lr11xx_system_get_temp:0000000000000030 $d
     /tmp/ccyLtNix.s:647    .text.lr11xx_system_set_sleep:0000000000000000 $t
     /tmp/ccyLtNix.s:654    .text.lr11xx_system_set_sleep:0000000000000000 lr11xx_system_set_sleep
     /tmp/ccyLtNix.s:688    .text.lr11xx_system_set_standby:0000000000000000 $t
     /tmp/ccyLtNix.s:695    .text.lr11xx_system_set_standby:0000000000000000 lr11xx_system_set_standby
     /tmp/ccyLtNix.s:715    .text.lr11xx_system_wakeup:0000000000000000 $t
     /tmp/ccyLtNix.s:722    .text.lr11xx_system_wakeup:0000000000000000 lr11xx_system_wakeup
     /tmp/ccyLtNix.s:731    .text.lr11xx_system_set_fs:0000000000000000 $t
     /tmp/ccyLtNix.s:738    .text.lr11xx_system_set_fs:0000000000000000 lr11xx_system_set_fs
     /tmp/ccyLtNix.s:755    .text.lr11xx_system_set_fs:0000000000000018 $d
     /tmp/ccyLtNix.s:758    .text.lr11xx_system_erase_infopage:0000000000000000 $t
     /tmp/ccyLtNix.s:765    .text.lr11xx_system_erase_infopage:0000000000000000 lr11xx_system_erase_infopage
     /tmp/ccyLtNix.s:785    .text.lr11xx_system_write_infopage:0000000000000000 $t
ARM GAS  /tmp/ccyLtNix.s 			page 21


     /tmp/ccyLtNix.s:792    .text.lr11xx_system_write_infopage:0000000000000000 lr11xx_system_write_infopage
     /tmp/ccyLtNix.s:838    .text.lr11xx_system_read_infopage:0000000000000000 $t
     /tmp/ccyLtNix.s:845    .text.lr11xx_system_read_infopage:0000000000000000 lr11xx_system_read_infopage
     /tmp/ccyLtNix.s:893    .text.lr11xx_system_read_uid:0000000000000000 $t
     /tmp/ccyLtNix.s:900    .text.lr11xx_system_read_uid:0000000000000000 lr11xx_system_read_uid
     /tmp/ccyLtNix.s:918    .text.lr11xx_system_read_uid:0000000000000018 $d
     /tmp/ccyLtNix.s:921    .text.lr11xx_system_read_join_eui:0000000000000000 $t
     /tmp/ccyLtNix.s:928    .text.lr11xx_system_read_join_eui:0000000000000000 lr11xx_system_read_join_eui
     /tmp/ccyLtNix.s:946    .text.lr11xx_system_read_join_eui:0000000000000018 $d
     /tmp/ccyLtNix.s:949    .text.lr11xx_system_read_pin:0000000000000000 $t
     /tmp/ccyLtNix.s:956    .text.lr11xx_system_read_pin:0000000000000000 lr11xx_system_read_pin
     /tmp/ccyLtNix.s:974    .text.lr11xx_system_read_pin:0000000000000018 $d
     /tmp/ccyLtNix.s:977    .text.lr11xx_system_read_pin_custom_eui:0000000000000000 $t
     /tmp/ccyLtNix.s:984    .text.lr11xx_system_read_pin_custom_eui:0000000000000000 lr11xx_system_read_pin_custom_eui
     /tmp/ccyLtNix.s:1038   .text.lr11xx_system_get_random_number:0000000000000000 $t
     /tmp/ccyLtNix.s:1045   .text.lr11xx_system_get_random_number:0000000000000000 lr11xx_system_get_random_number
     /tmp/ccyLtNix.s:1063   .text.lr11xx_system_get_random_number:0000000000000018 $d
     /tmp/ccyLtNix.s:1066   .text.lr11xx_system_enable_spi_crc:0000000000000000 $t
     /tmp/ccyLtNix.s:1073   .text.lr11xx_system_enable_spi_crc:0000000000000000 lr11xx_system_enable_spi_crc
     /tmp/ccyLtNix.s:1093   .text.lr11xx_system_drive_dio_in_sleep_mode:0000000000000000 $t
     /tmp/ccyLtNix.s:1100   .text.lr11xx_system_drive_dio_in_sleep_mode:0000000000000000 lr11xx_system_drive_dio_in_sleep_mode

UNDEFINED SYMBOLS
lr11xx_hal_reset
lr11xx_hal_direct_read
lr11xx_hal_write
lr11xx_hal_read
lr11xx_hal_wakeup
