ARM GAS  /tmp/ccXf2jJB.s 			page 1


   1              		.cpu cortex-m0
   2              		.eabi_attribute 23, 1
   3              		.eabi_attribute 24, 1
   4              		.eabi_attribute 25, 1
   5              		.eabi_attribute 26, 1
   6              		.eabi_attribute 30, 4
   7              		.eabi_attribute 34, 0
   8              		.eabi_attribute 18, 4
   9              		.file	"lr11xx_wifi.c"
  10              		.text
  11              		.section	.text.uint16_from_array,"ax",%progbits
  12              		.align	1
  13              		.arch armv6s-m
  14              		.syntax unified
  15              		.code	16
  16              		.thumb_func
  17              		.fpu softvfp
  19              	uint16_from_array:
  20              		@ args = 0, pretend = 0, frame = 0
  21              		@ frame_needed = 0, uses_anonymous_args = 0
  22              		@ link register save eliminated.
  23 0000 425C     		ldrb	r2, [r0, r1]
  24 0002 0131     		adds	r1, r1, #1
  25 0004 89B2     		uxth	r1, r1
  26 0006 405C     		ldrb	r0, [r0, r1]
  27 0008 1202     		lsls	r2, r2, #8
  28 000a 8018     		adds	r0, r0, r2
  29 000c 80B2     		uxth	r0, r0
  30              		@ sp needed
  31 000e 7047     		bx	lr
  33              		.section	.text.lr11xx_wifi_read_mac_address_from_buffer,"ax",%progbits
  34              		.align	1
  35              		.syntax unified
  36              		.code	16
  37              		.thumb_func
  38              		.fpu softvfp
  40              	lr11xx_wifi_read_mac_address_from_buffer:
  41              		@ args = 0, pretend = 0, frame = 0
  42              		@ frame_needed = 0, uses_anonymous_args = 0
  43              		@ link register save eliminated.
  44 0000 0023     		movs	r3, #0
  45 0002 4018     		adds	r0, r0, r1
  46              	.L3:
  47 0004 C15C     		ldrb	r1, [r0, r3]
  48 0006 D154     		strb	r1, [r2, r3]
  49 0008 0133     		adds	r3, r3, #1
  50 000a 062B     		cmp	r3, #6
  51 000c FAD1     		bne	.L3
  52              		@ sp needed
  53 000e 7047     		bx	lr
  55              		.section	.text.lr11xx_wifi_scan,"ax",%progbits
  56              		.align	1
  57              		.global	lr11xx_wifi_scan
  58              		.syntax unified
  59              		.code	16
  60              		.thumb_func
  61              		.fpu softvfp
ARM GAS  /tmp/ccXf2jJB.s 			page 2


  63              	lr11xx_wifi_scan:
  64              		@ args = 16, pretend = 0, frame = 24
  65              		@ frame_needed = 0, uses_anonymous_args = 0
  66 0000 F0B5     		push	{r4, r5, r6, r7, lr}
  67 0002 89B0     		sub	sp, sp, #36
  68 0004 9C46     		mov	ip, r3
  69 0006 0EAB     		add	r3, sp, #56
  70 0008 1F78     		ldrb	r7, [r3]
  71 000a 0FAB     		add	r3, sp, #60
  72 000c 1E78     		ldrb	r6, [r3]
  73 000e 10AB     		add	r3, sp, #64
  74 0010 1D88     		ldrh	r5, [r3]
  75 0012 11AB     		add	r3, sp, #68
  76 0014 1B78     		ldrb	r3, [r3]
  77 0016 05AC     		add	r4, sp, #20
  78 0018 0393     		str	r3, [sp, #12]
  79 001a 0323     		movs	r3, #3
  80 001c A170     		strb	r1, [r4, #2]
  81 001e 2271     		strb	r2, [r4, #4]
  82 0020 110A     		lsrs	r1, r2, #8
  83 0022 6246     		mov	r2, ip
  84 0024 2370     		strb	r3, [r4]
  85 0026 0023     		movs	r3, #0
  86 0028 6271     		strb	r2, [r4, #5]
  87 002a 2A0A     		lsrs	r2, r5, #8
  88 002c 2272     		strb	r2, [r4, #8]
  89 002e 039A     		ldr	r2, [sp, #12]
  90 0030 E170     		strb	r1, [r4, #3]
  91 0032 A272     		strb	r2, [r4, #10]
  92 0034 6370     		strb	r3, [r4, #1]
  93 0036 A771     		strb	r7, [r4, #6]
  94 0038 E671     		strb	r6, [r4, #7]
  95 003a 6572     		strb	r5, [r4, #9]
  96 003c 0B22     		movs	r2, #11
  97 003e 2100     		movs	r1, r4
  98 0040 0093     		str	r3, [sp]
  99 0042 FFF7FEFF 		bl	lr11xx_hal_write
 100 0046 09B0     		add	sp, sp, #36
 101              		@ sp needed
 102 0048 F0BD     		pop	{r4, r5, r6, r7, pc}
 104              		.section	.text.lr11xx_wifi_get_nb_results,"ax",%progbits
 105              		.align	1
 106              		.global	lr11xx_wifi_get_nb_results
 107              		.syntax unified
 108              		.code	16
 109              		.thumb_func
 110              		.fpu softvfp
 112              	lr11xx_wifi_get_nb_results:
 113              		@ args = 0, pretend = 0, frame = 8
 114              		@ frame_needed = 0, uses_anonymous_args = 0
 115 0000 1FB5     		push	{r0, r1, r2, r3, r4, lr}
 116 0002 054A     		ldr	r2, .L7
 117 0004 0B00     		movs	r3, r1
 118 0006 03A9     		add	r1, sp, #12
 119 0008 0A80     		strh	r2, [r1]
 120 000a 0122     		movs	r2, #1
 121 000c 0092     		str	r2, [sp]
ARM GAS  /tmp/ccXf2jJB.s 			page 3


 122 000e 9218     		adds	r2, r2, r2
 123 0010 FFF7FEFF 		bl	lr11xx_hal_read
 124 0014 05B0     		add	sp, sp, #20
 125              		@ sp needed
 126 0016 00BD     		pop	{pc}
 127              	.L8:
 128              		.align	2
 129              	.L7:
 130 0018 03050000 		.word	1283
 132              		.section	.text.lr11xx_wifi_read_extended_full_results,"ax",%progbits
 133              		.align	1
 134              		.global	lr11xx_wifi_read_extended_full_results
 135              		.syntax unified
 136              		.code	16
 137              		.thumb_func
 138              		.fpu softvfp
 140              	lr11xx_wifi_read_extended_full_results:
 141              		@ args = 0, pretend = 0, frame = 1064
 142              		@ frame_needed = 0, uses_anonymous_args = 0
 143 0000 F0B5     		push	{r4, r5, r6, r7, lr}
 144 0002 924C     		ldr	r4, .L20
 145 0004 A544     		add	sp, sp, r4
 146 0006 0692     		str	r2, [sp, #24]
 147 0008 0024     		movs	r4, #0
 148 000a EC22     		movs	r2, #236
 149 000c 1A90     		str	r0, [sp, #104]
 150 000e 1091     		str	r1, [sp, #64]
 151 0010 9200     		lsls	r2, r2, #2
 152 0012 2100     		movs	r1, r4
 153 0014 20A8     		add	r0, sp, #128
 154 0016 1B93     		str	r3, [sp, #108]
 155 0018 1F94     		str	r4, [sp, #124]
 156 001a FFF7FEFF 		bl	memset
 157 001e 0994     		str	r4, [sp, #36]
 158              	.L10:
 159 0020 069B     		ldr	r3, [sp, #24]
 160 0022 002B     		cmp	r3, #0
 161 0024 03D1     		bne	.L16
 162 0026 1800     		movs	r0, r3
 163              	.L12:
 164 0028 894B     		ldr	r3, .L20+4
 165 002a 9D44     		add	sp, sp, r3
 166              		@ sp needed
 167 002c F0BD     		pop	{r4, r5, r6, r7, pc}
 168              	.L16:
 169 002e 6B46     		mov	r3, sp
 170 0030 069A     		ldr	r2, [sp, #24]
 171 0032 1B7E     		ldrb	r3, [r3, #24]
 172 0034 0C2A     		cmp	r2, #12
 173 0036 00D9     		bls	.L11
 174 0038 0C23     		movs	r3, #12
 175              	.L11:
 176 003a DAB2     		uxtb	r2, r3
 177 003c 0792     		str	r2, [sp, #28]
 178 003e 0322     		movs	r2, #3
 179 0040 1DA9     		add	r1, sp, #116
 180 0042 CB70     		strb	r3, [r1, #3]
ARM GAS  /tmp/ccXf2jJB.s 			page 4


 181 0044 0123     		movs	r3, #1
 182 0046 0A70     		strb	r2, [r1]
 183 0048 9218     		adds	r2, r2, r2
 184 004a 4A70     		strb	r2, [r1, #1]
 185 004c 109A     		ldr	r2, [sp, #64]
 186 004e 0B71     		strb	r3, [r1, #4]
 187 0050 8A70     		strb	r2, [r1, #2]
 188 0052 079A     		ldr	r2, [sp, #28]
 189 0054 4E33     		adds	r3, r3, #78
 190 0056 5A43     		muls	r2, r3
 191 0058 1A98     		ldr	r0, [sp, #104]
 192 005a 1192     		str	r2, [sp, #68]
 193 005c 0092     		str	r2, [sp]
 194 005e 1FAB     		add	r3, sp, #124
 195 0060 0522     		movs	r2, #5
 196 0062 FFF7FEFF 		bl	lr11xx_hal_read
 197 0066 0028     		cmp	r0, #0
 198 0068 DED1     		bne	.L12
 199 006a 5824     		movs	r4, #88
 200 006c 1FAD     		add	r5, sp, #124
 201 006e 2F00     		movs	r7, r5
 202 0070 099B     		ldr	r3, [sp, #36]
 203 0072 0890     		str	r0, [sp, #32]
 204 0074 5C43     		muls	r4, r3
 205 0076 1B9B     		ldr	r3, [sp, #108]
 206 0078 1C19     		adds	r4, r3, r4
 207 007a 27AB     		add	r3, sp, #156
 208 007c 0593     		str	r3, [sp, #20]
 209 007e 31AB     		add	r3, sp, #196
 210 0080 0493     		str	r3, [sp, #16]
 211              	.L14:
 212 0082 2B78     		ldrb	r3, [r5]
 213 0084 3800     		movs	r0, r7
 214 0086 2370     		strb	r3, [r4]
 215 0088 6B78     		ldrb	r3, [r5, #1]
 216 008a 6370     		strb	r3, [r4, #1]
 217 008c AB78     		ldrb	r3, [r5, #2]
 218 008e A370     		strb	r3, [r4, #2]
 219 0090 EB78     		ldrb	r3, [r5, #3]
 220 0092 E370     		strb	r3, [r4, #3]
 221 0094 6B46     		mov	r3, sp
 222 0096 1E8C     		ldrh	r6, [r3, #32]
 223 0098 311D     		adds	r1, r6, #4
 224 009a 89B2     		uxth	r1, r1
 225 009c FFF7FEFF 		bl	uint16_from_array
 226 00a0 B11D     		adds	r1, r6, #6
 227 00a2 A080     		strh	r0, [r4, #4]
 228 00a4 89B2     		uxth	r1, r1
 229 00a6 3800     		movs	r0, r7
 230 00a8 FFF7FEFF 		bl	uint16_from_array
 231 00ac 3100     		movs	r1, r6
 232 00ae 0831     		adds	r1, r1, #8
 233 00b0 E080     		strh	r0, [r4, #6]
 234 00b2 89B2     		uxth	r1, r1
 235 00b4 3800     		movs	r0, r7
 236 00b6 FFF7FEFF 		bl	uint16_from_array
 237 00ba 3100     		movs	r1, r6
ARM GAS  /tmp/ccXf2jJB.s 			page 5


 238 00bc 2200     		movs	r2, r4
 239 00be 0A31     		adds	r1, r1, #10
 240 00c0 2081     		strh	r0, [r4, #8]
 241 00c2 89B2     		uxth	r1, r1
 242 00c4 3800     		movs	r0, r7
 243 00c6 0A32     		adds	r2, r2, #10
 244 00c8 FFF7FEFF 		bl	lr11xx_wifi_read_mac_address_from_buffer
 245 00cc 3100     		movs	r1, r6
 246 00ce 2200     		movs	r2, r4
 247 00d0 1031     		adds	r1, r1, #16
 248 00d2 3800     		movs	r0, r7
 249 00d4 89B2     		uxth	r1, r1
 250 00d6 1032     		adds	r2, r2, #16
 251 00d8 FFF7FEFF 		bl	lr11xx_wifi_read_mac_address_from_buffer
 252 00dc 3100     		movs	r1, r6
 253 00de 2200     		movs	r2, r4
 254 00e0 1631     		adds	r1, r1, #22
 255 00e2 3800     		movs	r0, r7
 256 00e4 89B2     		uxth	r1, r1
 257 00e6 1632     		adds	r2, r2, #22
 258 00e8 FFF7FEFF 		bl	lr11xx_wifi_read_mac_address_from_buffer
 259 00ec 2B7F     		ldrb	r3, [r5, #28]
 260 00ee 1B06     		lsls	r3, r3, #24
 261 00f0 0393     		str	r3, [sp, #12]
 262 00f2 0023     		movs	r3, #0
 263 00f4 0293     		str	r3, [sp, #8]
 264 00f6 6B7F     		ldrb	r3, [r5, #29]
 265 00f8 1A04     		lsls	r2, r3, #16
 266 00fa 1392     		str	r2, [sp, #76]
 267 00fc 0022     		movs	r2, #0
 268 00fe 1292     		str	r2, [sp, #72]
 269 0100 1298     		ldr	r0, [sp, #72]
 270 0102 1399     		ldr	r1, [sp, #76]
 271 0104 029A     		ldr	r2, [sp, #8]
 272 0106 039B     		ldr	r3, [sp, #12]
 273 0108 1218     		adds	r2, r2, r0
 274 010a 4B41     		adcs	r3, r3, r1
 275 010c 0599     		ldr	r1, [sp, #20]
 276 010e C978     		ldrb	r1, [r1, #3]
 277 0110 1491     		str	r1, [sp, #80]
 278 0112 0021     		movs	r1, #0
 279 0114 1591     		str	r1, [sp, #84]
 280 0116 1498     		ldr	r0, [sp, #80]
 281 0118 1599     		ldr	r1, [sp, #84]
 282 011a 1218     		adds	r2, r2, r0
 283 011c 4B41     		adcs	r3, r3, r1
 284 011e A97F     		ldrb	r1, [r5, #30]
 285 0120 0902     		lsls	r1, r1, #8
 286 0122 1791     		str	r1, [sp, #92]
 287 0124 0021     		movs	r1, #0
 288 0126 1691     		str	r1, [sp, #88]
 289 0128 1698     		ldr	r0, [sp, #88]
 290 012a 1799     		ldr	r1, [sp, #92]
 291 012c 1218     		adds	r2, r2, r0
 292 012e 4B41     		adcs	r3, r3, r1
 293 0130 E97F     		ldrb	r1, [r5, #31]
 294 0132 1991     		str	r1, [sp, #100]
ARM GAS  /tmp/ccXf2jJB.s 			page 6


 295 0134 0021     		movs	r1, #0
 296 0136 1891     		str	r1, [sp, #96]
 297 0138 1898     		ldr	r0, [sp, #96]
 298 013a 1999     		ldr	r1, [sp, #100]
 299 013c 1218     		adds	r2, r2, r0
 300 013e 4B41     		adcs	r3, r3, r1
 301 0140 0020     		movs	r0, #0
 302 0142 0599     		ldr	r1, [sp, #20]
 303 0144 0B90     		str	r0, [sp, #44]
 304 0146 0978     		ldrb	r1, [r1]
 305 0148 0906     		lsls	r1, r1, #24
 306 014a 0A91     		str	r1, [sp, #40]
 307 014c 0A98     		ldr	r0, [sp, #40]
 308 014e 0B99     		ldr	r1, [sp, #44]
 309 0150 1218     		adds	r2, r2, r0
 310 0152 4B41     		adcs	r3, r3, r1
 311 0154 0020     		movs	r0, #0
 312 0156 0599     		ldr	r1, [sp, #20]
 313 0158 0D90     		str	r0, [sp, #52]
 314 015a 4978     		ldrb	r1, [r1, #1]
 315 015c 0904     		lsls	r1, r1, #16
 316 015e 0C91     		str	r1, [sp, #48]
 317 0160 0C98     		ldr	r0, [sp, #48]
 318 0162 0D99     		ldr	r1, [sp, #52]
 319 0164 1218     		adds	r2, r2, r0
 320 0166 4B41     		adcs	r3, r3, r1
 321 0168 0020     		movs	r0, #0
 322 016a 0599     		ldr	r1, [sp, #20]
 323 016c 8978     		ldrb	r1, [r1, #2]
 324 016e 0F90     		str	r0, [sp, #60]
 325 0170 0902     		lsls	r1, r1, #8
 326 0172 0E91     		str	r1, [sp, #56]
 327 0174 0E98     		ldr	r0, [sp, #56]
 328 0176 0F99     		ldr	r1, [sp, #60]
 329 0178 1218     		adds	r2, r2, r0
 330 017a 4B41     		adcs	r3, r3, r1
 331 017c 3100     		movs	r1, r6
 332 017e 2431     		adds	r1, r1, #36
 333 0180 2262     		str	r2, [r4, #32]
 334 0182 6362     		str	r3, [r4, #36]
 335 0184 89B2     		uxth	r1, r1
 336 0186 3800     		movs	r0, r7
 337 0188 FFF7FEFF 		bl	uint16_from_array
 338 018c 3100     		movs	r1, r6
 339 018e 2631     		adds	r1, r1, #38
 340 0190 2085     		strh	r0, [r4, #40]
 341 0192 89B2     		uxth	r1, r1
 342 0194 3800     		movs	r0, r7
 343 0196 FFF7FEFF 		bl	uint16_from_array
 344 019a 2A00     		movs	r2, r5
 345 019c 2300     		movs	r3, r4
 346 019e 2100     		movs	r1, r4
 347 01a0 6085     		strh	r0, [r4, #42]
 348 01a2 2832     		adds	r2, r2, #40
 349 01a4 2C33     		adds	r3, r3, #44
 350 01a6 4C31     		adds	r1, r1, #76
 351              	.L13:
ARM GAS  /tmp/ccXf2jJB.s 			page 7


 352 01a8 1078     		ldrb	r0, [r2]
 353 01aa 0132     		adds	r2, r2, #1
 354 01ac 1870     		strb	r0, [r3]
 355 01ae 0133     		adds	r3, r3, #1
 356 01b0 8B42     		cmp	r3, r1
 357 01b2 F9D1     		bne	.L13
 358 01b4 049B     		ldr	r3, [sp, #16]
 359 01b6 0499     		ldr	r1, [sp, #16]
 360 01b8 5A78     		ldrb	r2, [r3, #1]
 361 01ba 1B78     		ldrb	r3, [r3]
 362 01bc 1202     		lsls	r2, r2, #8
 363 01be 1343     		orrs	r3, r2
 364 01c0 049A     		ldr	r2, [sp, #16]
 365 01c2 8978     		ldrb	r1, [r1, #2]
 366 01c4 D278     		ldrb	r2, [r2, #3]
 367 01c6 0904     		lsls	r1, r1, #16
 368 01c8 1206     		lsls	r2, r2, #24
 369 01ca 0B43     		orrs	r3, r1
 370 01cc 1343     		orrs	r3, r2
 371 01ce 0121     		movs	r1, #1
 372 01d0 2200     		movs	r2, r4
 373 01d2 E364     		str	r3, [r4, #76]
 374 01d4 049B     		ldr	r3, [sp, #16]
 375 01d6 5132     		adds	r2, r2, #81
 376 01d8 1B79     		ldrb	r3, [r3, #4]
 377 01da 013A     		subs	r2, r2, #1
 378 01dc 1940     		ands	r1, r3
 379 01de 5170     		strb	r1, [r2, #1]
 380 01e0 0121     		movs	r1, #1
 381 01e2 5B08     		lsrs	r3, r3, #1
 382 01e4 0B40     		ands	r3, r1
 383 01e6 4D36     		adds	r6, r6, #77
 384 01e8 1370     		strb	r3, [r2]
 385 01ea 3800     		movs	r0, r7
 386 01ec B1B2     		uxth	r1, r6
 387 01ee FFF7FEFF 		bl	uint16_from_array
 388 01f2 2300     		movs	r3, r4
 389 01f4 5233     		adds	r3, r3, #82
 390 01f6 1880     		strh	r0, [r3]
 391 01f8 089B     		ldr	r3, [sp, #32]
 392 01fa 119A     		ldr	r2, [sp, #68]
 393 01fc 4F33     		adds	r3, r3, #79
 394 01fe 0893     		str	r3, [sp, #32]
 395 0200 059B     		ldr	r3, [sp, #20]
 396 0202 4F35     		adds	r5, r5, #79
 397 0204 4F33     		adds	r3, r3, #79
 398 0206 0593     		str	r3, [sp, #20]
 399 0208 049B     		ldr	r3, [sp, #16]
 400 020a 5834     		adds	r4, r4, #88
 401 020c 4F33     		adds	r3, r3, #79
 402 020e 0493     		str	r3, [sp, #16]
 403 0210 089B     		ldr	r3, [sp, #32]
 404 0212 9342     		cmp	r3, r2
 405 0214 00D0     		beq	.LCB421
 406 0216 34E7     		b	.L14	@long jump
 407              	.LCB421:
 408 0218 0023     		movs	r3, #0
ARM GAS  /tmp/ccXf2jJB.s 			page 8


 409 021a ED22     		movs	r2, #237
 410 021c 1800     		movs	r0, r3
 411 021e 1FA9     		add	r1, sp, #124
 412 0220 9200     		lsls	r2, r2, #2
 413              	.L15:
 414 0222 5854     		strb	r0, [r3, r1]
 415 0224 0133     		adds	r3, r3, #1
 416 0226 9342     		cmp	r3, r2
 417 0228 FBD1     		bne	.L15
 418 022a 079B     		ldr	r3, [sp, #28]
 419 022c 1099     		ldr	r1, [sp, #64]
 420 022e 9C46     		mov	ip, r3
 421 0230 6246     		mov	r2, ip
 422 0232 6144     		add	r1, r1, ip
 423 0234 CBB2     		uxtb	r3, r1
 424 0236 1093     		str	r3, [sp, #64]
 425 0238 099B     		ldr	r3, [sp, #36]
 426 023a 6344     		add	r3, r3, ip
 427 023c DBB2     		uxtb	r3, r3
 428 023e 0993     		str	r3, [sp, #36]
 429 0240 069B     		ldr	r3, [sp, #24]
 430 0242 9A1A     		subs	r2, r3, r2
 431 0244 D3B2     		uxtb	r3, r2
 432 0246 0693     		str	r3, [sp, #24]
 433 0248 EAE6     		b	.L10
 434              	.L21:
 435 024a C046     		.align	2
 436              	.L20:
 437 024c CCFBFFFF 		.word	-1076
 438 0250 34040000 		.word	1076
 440              		.ident	"GCC: (15:10.3-2021.07-4) 10.3.1 20210621 (release)"
ARM GAS  /tmp/ccXf2jJB.s 			page 9


DEFINED SYMBOLS
                            *ABS*:0000000000000000 lr11xx_wifi.c
     /tmp/ccXf2jJB.s:12     .text.uint16_from_array:0000000000000000 $t
     /tmp/ccXf2jJB.s:19     .text.uint16_from_array:0000000000000000 uint16_from_array
     /tmp/ccXf2jJB.s:34     .text.lr11xx_wifi_read_mac_address_from_buffer:0000000000000000 $t
     /tmp/ccXf2jJB.s:40     .text.lr11xx_wifi_read_mac_address_from_buffer:0000000000000000 lr11xx_wifi_read_mac_address_from_buffer
     /tmp/ccXf2jJB.s:56     .text.lr11xx_wifi_scan:0000000000000000 $t
     /tmp/ccXf2jJB.s:63     .text.lr11xx_wifi_scan:0000000000000000 lr11xx_wifi_scan
     /tmp/ccXf2jJB.s:105    .text.lr11xx_wifi_get_nb_results:0000000000000000 $t
     /tmp/ccXf2jJB.s:112    .text.lr11xx_wifi_get_nb_results:0000000000000000 lr11xx_wifi_get_nb_results
     /tmp/ccXf2jJB.s:130    .text.lr11xx_wifi_get_nb_results:0000000000000018 $d
     /tmp/ccXf2jJB.s:133    .text.lr11xx_wifi_read_extended_full_results:0000000000000000 $t
     /tmp/ccXf2jJB.s:140    .text.lr11xx_wifi_read_extended_full_results:0000000000000000 lr11xx_wifi_read_extended_full_results
     /tmp/ccXf2jJB.s:437    .text.lr11xx_wifi_read_extended_full_results:000000000000024c $d

UNDEFINED SYMBOLS
lr11xx_hal_write
lr11xx_hal_read
memset
