ARM GAS  /tmp/ccTQEgjS.s 			page 1


   1              		.cpu cortex-m0
   2              		.eabi_attribute 23, 1
   3              		.eabi_attribute 24, 1
   4              		.eabi_attribute 25, 1
   5              		.eabi_attribute 26, 1
   6              		.eabi_attribute 30, 4
   7              		.eabi_attribute 34, 0
   8              		.eabi_attribute 18, 4
   9              		.file	"radio_planner.c"
  10              		.text
  11              		.section	.rodata.rp_hook_callback.str1.1,"aMS",%progbits,1
  12              	.LC1:
  13 0000 1B5B303B 		.ascii	"\033[0;31mERROR: crash log :%s\012\000"
  13      33316D45 
  13      52524F52 
  13      3A206372 
  13      61736820 
  14              	.LC3:
  15 001d 1B5B306D 		.ascii	"\033[0m\000"
  15      00
  16              	.LC5:
  17 0022 1B5B303B 		.ascii	"\033[0;31mERROR: -> \000"
  17      33316D45 
  17      52524F52 
  17      3A202D3E 
  17      2000
  18              		.section	.text.rp_hook_callback,"ax",%progbits
  19              		.align	1
  20              		.arch armv6s-m
  21              		.syntax unified
  22              		.code	16
  23              		.thumb_func
  24              		.fpu softvfp
  26              	rp_hook_callback:
  27              		@ args = 0, pretend = 0, frame = 0
  28              		@ frame_needed = 0, uses_anonymous_args = 0
  29 0000 10B5     		push	{r4, lr}
  30 0002 0A29     		cmp	r1, #10
  31 0004 17D9     		bls	.L2
  32              	.L4:
  33 0006 114C     		ldr	r4, .L8
  34 0008 2000     		movs	r0, r4
  35 000a FFF7FEFF 		bl	smtc_modem_hal_store_crashlog
  36 000e 0120     		movs	r0, #1
  37 0010 FFF7FEFF 		bl	smtc_modem_hal_set_crashlog_status
  38 0014 2100     		movs	r1, r4
  39 0016 0E48     		ldr	r0, .L8+4
  40 0018 FFF7FEFF 		bl	smtc_modem_hal_print_trace
  41 001c 0D4C     		ldr	r4, .L8+8
  42 001e 2000     		movs	r0, r4
  43 0020 FFF7FEFF 		bl	smtc_modem_hal_print_trace
  44 0024 0C48     		ldr	r0, .L8+12
  45 0026 FFF7FEFF 		bl	smtc_modem_hal_print_trace
  46 002a 2000     		movs	r0, r4
  47 002c FFF7FEFF 		bl	smtc_modem_hal_print_trace
  48 0030 FFF7FEFF 		bl	smtc_modem_hal_reset_mcu
  49              	.L1:
ARM GAS  /tmp/ccTQEgjS.s 			page 2


  50              		@ sp needed
  51 0034 10BD     		pop	{r4, pc}
  52              	.L2:
  53 0036 9923     		movs	r3, #153
  54 0038 8900     		lsls	r1, r1, #2
  55 003a 4018     		adds	r0, r0, r1
  56 003c 1B01     		lsls	r3, r3, #4
  57 003e C358     		ldr	r3, [r0, r3]
  58 0040 002B     		cmp	r3, #0
  59 0042 E0D0     		beq	.L4
  60 0044 054A     		ldr	r2, .L8+16
  61 0046 8058     		ldr	r0, [r0, r2]
  62 0048 9847     		blx	r3
  63 004a F3E7     		b	.L1
  64              	.L9:
  65              		.align	2
  66              	.L8:
  67 004c 00000000 		.word	.LANCHOR0
  68 0050 00000000 		.word	.LC1
  69 0054 1D000000 		.word	.LC3
  70 0058 22000000 		.word	.LC5
  71 005c 4C070000 		.word	1868
  73              		.section	.text.rp_task_call_aborted,"ax",%progbits
  74              		.align	1
  75              		.syntax unified
  76              		.code	16
  77              		.thumb_func
  78              		.fpu softvfp
  80              	rp_task_call_aborted:
  81              		@ args = 0, pretend = 0, frame = 8
  82              		@ frame_needed = 0, uses_anonymous_args = 0
  83 0000 B923     		movs	r3, #185
  84 0002 F7B5     		push	{r0, r1, r2, r4, r5, r6, r7, lr}
  85 0004 0500     		movs	r5, r0
  86 0006 DB00     		lsls	r3, r3, #3
  87 0008 C418     		adds	r4, r0, r3
  88 000a 144B     		ldr	r3, .L14
  89 000c C718     		adds	r7, r0, r3
  90 000e D53B     		subs	r3, r3, #213
  91 0010 FF3B     		subs	r3, r3, #255
  92 0012 C318     		adds	r3, r0, r3
  93 0014 0093     		str	r3, [sp]
  94 0016 124B     		ldr	r3, .L14+4
  95 0018 009E     		ldr	r6, [sp]
  96 001a C318     		adds	r3, r0, r3
  97 001c 0193     		str	r3, [sp, #4]
  98              	.L12:
  99 001e A37A     		ldrb	r3, [r4, #10]
 100 0020 032B     		cmp	r3, #3
 101 0022 13D1     		bne	.L11
 102 0024 3B68     		ldr	r3, [r7]
 103 0026 0422     		movs	r2, #4
 104 0028 0133     		adds	r3, r3, #1
 105 002a 3B60     		str	r3, [r7]
 106 002c 0B23     		movs	r3, #11
 107 002e 2370     		strb	r3, [r4]
 108 0030 0023     		movs	r3, #0
ARM GAS  /tmp/ccTQEgjS.s 			page 3


 109 0032 E360     		str	r3, [r4, #12]
 110 0034 6361     		str	r3, [r4, #20]
 111 0036 A361     		str	r3, [r4, #24]
 112 0038 6372     		strb	r3, [r4, #9]
 113 003a 0A33     		adds	r3, r3, #10
 114 003c A272     		strb	r2, [r4, #10]
 115 003e 3370     		strb	r3, [r6]
 116 0040 009B     		ldr	r3, [sp]
 117 0042 2800     		movs	r0, r5
 118 0044 F11A     		subs	r1, r6, r3
 119 0046 C9B2     		uxtb	r1, r1
 120 0048 FFF7FEFF 		bl	rp_hook_callback
 121              	.L11:
 122 004c 019B     		ldr	r3, [sp, #4]
 123 004e 0136     		adds	r6, r6, #1
 124 0050 1C34     		adds	r4, r4, #28
 125 0052 0437     		adds	r7, r7, #4
 126 0054 9E42     		cmp	r6, r3
 127 0056 E2D1     		bne	.L12
 128              		@ sp needed
 129 0058 F7BD     		pop	{r0, r1, r2, r4, r5, r6, r7, pc}
 130              	.L15:
 131 005a C046     		.align	2
 132              	.L14:
 133 005c 4C090000 		.word	2380
 134 0060 83070000 		.word	1923
 136              		.section	.text.rp_task_compute_ranking,"ax",%progbits
 137              		.align	1
 138              		.syntax unified
 139              		.code	16
 140              		.thumb_func
 141              		.fpu softvfp
 143              	rp_task_compute_ranking:
 144              		@ args = 0, pretend = 0, frame = 16
 145              		@ frame_needed = 0, uses_anonymous_args = 0
 146 0000 F0B5     		push	{r4, r5, r6, r7, lr}
 147 0002 BA23     		movs	r3, #186
 148 0004 85B0     		sub	sp, sp, #20
 149 0006 01AA     		add	r2, sp, #4
 150 0008 1400     		movs	r4, r2
 151 000a 1049     		ldr	r1, .L24
 152 000c DB00     		lsls	r3, r3, #3
 153 000e C318     		adds	r3, r0, r3
 154 0010 4118     		adds	r1, r0, r1
 155              	.L17:
 156 0012 1D78     		ldrb	r5, [r3]
 157 0014 1C33     		adds	r3, r3, #28
 158 0016 1570     		strb	r5, [r2]
 159 0018 0132     		adds	r2, r2, #1
 160 001a 9942     		cmp	r1, r3
 161 001c F9D1     		bne	.L17
 162 001e FF25     		movs	r5, #255
 163 0020 0B4B     		ldr	r3, .L24+4
 164 0022 C218     		adds	r2, r0, r3
 165 0024 0B4B     		ldr	r3, .L24+8
 166 0026 C018     		adds	r0, r0, r3
 167              	.L20:
ARM GAS  /tmp/ccTQEgjS.s 			page 4


 168 0028 0021     		movs	r1, #0
 169 002a 2E00     		movs	r6, r5
 170 002c 0B00     		movs	r3, r1
 171              	.L19:
 172 002e E75C     		ldrb	r7, [r4, r3]
 173 0030 BE42     		cmp	r6, r7
 174 0032 01D3     		bcc	.L18
 175 0034 3E00     		movs	r6, r7
 176 0036 D9B2     		uxtb	r1, r3
 177              	.L18:
 178 0038 0133     		adds	r3, r3, #1
 179 003a 0B2B     		cmp	r3, #11
 180 003c F7D1     		bne	.L19
 181 003e 1170     		strb	r1, [r2]
 182 0040 0132     		adds	r2, r2, #1
 183 0042 6554     		strb	r5, [r4, r1]
 184 0044 9042     		cmp	r0, r2
 185 0046 EFD1     		bne	.L20
 186 0048 05B0     		add	sp, sp, #20
 187              		@ sp needed
 188 004a F0BD     		pop	{r4, r5, r6, r7, pc}
 189              	.L25:
 190              		.align	2
 191              	.L24:
 192 004c 04070000 		.word	1796
 193 0050 3E070000 		.word	1854
 194 0054 49070000 		.word	1865
 196              		.global	__aeabi_uidiv
 197              		.section	.text.rp_consumption_statistics_updated,"ax",%progbits
 198              		.align	1
 199              		.syntax unified
 200              		.code	16
 201              		.thumb_func
 202              		.fpu softvfp
 204              	rp_consumption_statistics_updated:
 205              		@ args = 0, pretend = 0, frame = 24
 206              		@ frame_needed = 0, uses_anonymous_args = 0
 207 0000 F0B5     		push	{r4, r5, r6, r7, lr}
 208 0002 89B0     		sub	sp, sp, #36
 209 0004 0392     		str	r2, [sp, #12]
 210 0006 1C22     		movs	r2, #28
 211 0008 0023     		movs	r3, #0
 212 000a 4A43     		muls	r2, r1
 213 000c 0C00     		movs	r4, r1
 214 000e 6549     		ldr	r1, .L46
 215 0010 8218     		adds	r2, r0, r2
 216 0012 5218     		adds	r2, r2, r1
 217 0014 1278     		ldrb	r2, [r2]
 218 0016 0500     		movs	r5, r0
 219 0018 0793     		str	r3, [sp, #28]
 220 001a 9A42     		cmp	r2, r3
 221 001c 2DD1     		bne	.L27
 222 001e 9C23     		movs	r3, #156
 223 0020 1B01     		lsls	r3, r3, #4
 224 0022 C058     		ldr	r0, [r0, r3]
 225 0024 8423     		movs	r3, #132
 226 0026 6343     		muls	r3, r4
ARM GAS  /tmp/ccTQEgjS.s 			page 5


 227 0028 EB18     		adds	r3, r5, r3
 228 002a 4D33     		adds	r3, r3, #77
 229 002c 1978     		ldrb	r1, [r3]
 230 002e 0300     		movs	r3, r0
 231 0030 E833     		adds	r3, r3, #232
 232 0032 1E68     		ldr	r6, [r3]
 233 0034 0068     		ldr	r0, [r0]
 234 0036 07AB     		add	r3, sp, #28
 235 0038 B047     		blx	r6
 236              	.L28:
 237 003a 8F23     		movs	r3, #143
 238 003c 1B01     		lsls	r3, r3, #4
 239 003e EE18     		adds	r6, r5, r3
 240 0040 B36D     		ldr	r3, [r6, #88]
 241 0042 584A     		ldr	r2, .L46
 242 0044 0593     		str	r3, [sp, #20]
 243 0046 1C23     		movs	r3, #28
 244 0048 6343     		muls	r3, r4
 245 004a EB18     		adds	r3, r5, r3
 246 004c 9B18     		adds	r3, r3, r2
 247 004e 1B78     		ldrb	r3, [r3]
 248 0050 083B     		subs	r3, r3, #8
 249 0052 032B     		cmp	r3, #3
 250 0054 45D8     		bhi	.L31
 251 0056 039B     		ldr	r3, [sp, #12]
 252 0058 5349     		ldr	r1, .L46+4
 253 005a 059A     		ldr	r2, [sp, #20]
 254 005c A400     		lsls	r4, r4, #2
 255 005e 2D19     		adds	r5, r5, r4
 256 0060 9A1A     		subs	r2, r3, r2
 257 0062 6B58     		ldr	r3, [r5, r1]
 258 0064 9B18     		adds	r3, r3, r2
 259 0066 6B50     		str	r3, [r5, r1]
 260 0068 336C     		ldr	r3, [r6, #64]
 261 006a 9A18     		adds	r2, r3, r2
 262 006c 3264     		str	r2, [r6, #64]
 263              	.L35:
 264 006e 0023     		movs	r3, #0
 265 0070 3365     		str	r3, [r6, #80]
 266 0072 7365     		str	r3, [r6, #84]
 267 0074 B365     		str	r3, [r6, #88]
 268 0076 09B0     		add	sp, sp, #36
 269              		@ sp needed
 270 0078 F0BD     		pop	{r4, r5, r6, r7, pc}
 271              	.L27:
 272 007a 012A     		cmp	r2, #1
 273 007c 0FD1     		bne	.L29
 274 007e 9C22     		movs	r2, #156
 275 0080 8421     		movs	r1, #132
 276 0082 1201     		lsls	r2, r2, #4
 277 0084 8058     		ldr	r0, [r0, r2]
 278 0086 6143     		muls	r1, r4
 279 0088 0200     		movs	r2, r0
 280 008a 07AE     		add	r6, sp, #28
 281 008c 0096     		str	r6, [sp]
 282 008e 6918     		adds	r1, r5, r1
 283 0090 E432     		adds	r2, r2, #228
ARM GAS  /tmp/ccTQEgjS.s 			page 6


 284 0092 1668     		ldr	r6, [r2]
 285 0094 0068     		ldr	r0, [r0]
 286 0096 4A6D     		ldr	r2, [r1, #84]
 287 0098 C96C     		ldr	r1, [r1, #76]
 288 009a B047     		blx	r6
 289 009c CDE7     		b	.L28
 290              	.L29:
 291 009e 022A     		cmp	r2, #2
 292 00a0 0FD1     		bne	.L30
 293 00a2 9C23     		movs	r3, #156
 294 00a4 1B01     		lsls	r3, r3, #4
 295 00a6 C058     		ldr	r0, [r0, r3]
 296 00a8 3021     		movs	r1, #48
 297 00aa 0300     		movs	r3, r0
 298 00ac 8232     		adds	r2, r2, #130
 299 00ae 6243     		muls	r2, r4
 300 00b0 AA18     		adds	r2, r5, r2
 301 00b2 E033     		adds	r3, r3, #224
 302 00b4 5156     		ldrsb	r1, [r2, r1]
 303 00b6 D26A     		ldr	r2, [r2, #44]
 304 00b8 1E68     		ldr	r6, [r3]
 305 00ba 07AB     		add	r3, sp, #28
 306              	.L45:
 307 00bc 0068     		ldr	r0, [r0]
 308 00be B047     		blx	r6
 309 00c0 BBE7     		b	.L28
 310              	.L30:
 311 00c2 032A     		cmp	r2, #3
 312 00c4 B9D1     		bne	.L28
 313 00c6 9C23     		movs	r3, #156
 314 00c8 1B01     		lsls	r3, r3, #4
 315 00ca C058     		ldr	r0, [r0, r3]
 316 00cc 4B21     		movs	r1, #75
 317 00ce 0300     		movs	r3, r0
 318 00d0 8132     		adds	r2, r2, #129
 319 00d2 6243     		muls	r2, r4
 320 00d4 E033     		adds	r3, r3, #224
 321 00d6 AA18     		adds	r2, r5, r2
 322 00d8 5156     		ldrsb	r1, [r2, r1]
 323 00da 1E68     		ldr	r6, [r3]
 324 00dc 126C     		ldr	r2, [r2, #64]
 325 00de 07AB     		add	r3, sp, #28
 326 00e0 ECE7     		b	.L45
 327              	.L31:
 328 00e2 079B     		ldr	r3, [sp, #28]
 329 00e4 306D     		ldr	r0, [r6, #80]
 330 00e6 0493     		str	r3, [sp, #16]
 331 00e8 0028     		cmp	r0, #0
 332 00ea 1AD0     		beq	.L33
 333 00ec 8222     		movs	r2, #130
 334 00ee FA21     		movs	r1, #250
 335 00f0 039B     		ldr	r3, [sp, #12]
 336 00f2 A700     		lsls	r7, r4, #2
 337 00f4 181A     		subs	r0, r3, r0
 338 00f6 2D4B     		ldr	r3, .L46+8
 339 00f8 EF19     		adds	r7, r5, r7
 340 00fa F850     		str	r0, [r7, r3]
ARM GAS  /tmp/ccTQEgjS.s 			page 7


 341 00fc 1201     		lsls	r2, r2, #4
 342 00fe BB58     		ldr	r3, [r7, r2]
 343 0100 8900     		lsls	r1, r1, #2
 344 0102 1B18     		adds	r3, r3, r0
 345 0104 BB50     		str	r3, [r7, r2]
 346 0106 B36B     		ldr	r3, [r6, #56]
 347 0108 1B18     		adds	r3, r3, r0
 348 010a B363     		str	r3, [r6, #56]
 349 010c 049B     		ldr	r3, [sp, #16]
 350 010e 5843     		muls	r0, r3
 351 0110 FFF7FEFF 		bl	__aeabi_uidiv
 352 0114 264A     		ldr	r2, .L46+12
 353 0116 BB58     		ldr	r3, [r7, r2]
 354 0118 1B18     		adds	r3, r3, r0
 355 011a BB50     		str	r3, [r7, r2]
 356 011c 736C     		ldr	r3, [r6, #68]
 357 011e 1818     		adds	r0, r3, r0
 358 0120 7064     		str	r0, [r6, #68]
 359              	.L33:
 360 0122 8F23     		movs	r3, #143
 361 0124 1B01     		lsls	r3, r3, #4
 362 0126 EF18     		adds	r7, r5, r3
 363 0128 786D     		ldr	r0, [r7, #84]
 364 012a 0028     		cmp	r0, #0
 365 012c 18D0     		beq	.L34
 366 012e FA21     		movs	r1, #250
 367 0130 204A     		ldr	r2, .L46+16
 368 0132 039B     		ldr	r3, [sp, #12]
 369 0134 A600     		lsls	r6, r4, #2
 370 0136 AE19     		adds	r6, r5, r6
 371 0138 181A     		subs	r0, r3, r0
 372 013a B358     		ldr	r3, [r6, r2]
 373 013c 8900     		lsls	r1, r1, #2
 374 013e 1B18     		adds	r3, r3, r0
 375 0140 B350     		str	r3, [r6, r2]
 376 0142 FB6B     		ldr	r3, [r7, #60]
 377 0144 1B18     		adds	r3, r3, r0
 378 0146 FB63     		str	r3, [r7, #60]
 379 0148 049B     		ldr	r3, [sp, #16]
 380 014a 5843     		muls	r0, r3
 381 014c FFF7FEFF 		bl	__aeabi_uidiv
 382 0150 8D22     		movs	r2, #141
 383 0152 1201     		lsls	r2, r2, #4
 384 0154 B358     		ldr	r3, [r6, r2]
 385 0156 1B18     		adds	r3, r3, r0
 386 0158 B350     		str	r3, [r6, r2]
 387 015a BB6C     		ldr	r3, [r7, #72]
 388 015c 1818     		adds	r0, r3, r0
 389 015e B864     		str	r0, [r7, #72]
 390              	.L34:
 391 0160 8F23     		movs	r3, #143
 392 0162 1B01     		lsls	r3, r3, #4
 393 0164 EE18     		adds	r6, r5, r3
 394 0166 059B     		ldr	r3, [sp, #20]
 395 0168 002B     		cmp	r3, #0
 396 016a 00D1     		bne	.LCB417
 397 016c 7FE7     		b	.L35	@long jump
ARM GAS  /tmp/ccTQEgjS.s 			page 8


 398              	.LCB417:
 399 016e FA21     		movs	r1, #250
 400 0170 039B     		ldr	r3, [sp, #12]
 401 0172 059A     		ldr	r2, [sp, #20]
 402 0174 A400     		lsls	r4, r4, #2
 403 0176 981A     		subs	r0, r3, r2
 404 0178 0B4A     		ldr	r2, .L46+4
 405 017a 2D19     		adds	r5, r5, r4
 406 017c AB58     		ldr	r3, [r5, r2]
 407 017e 8900     		lsls	r1, r1, #2
 408 0180 1B18     		adds	r3, r3, r0
 409 0182 AB50     		str	r3, [r5, r2]
 410 0184 336C     		ldr	r3, [r6, #64]
 411 0186 1B18     		adds	r3, r3, r0
 412 0188 3364     		str	r3, [r6, #64]
 413 018a 049B     		ldr	r3, [sp, #16]
 414 018c 5843     		muls	r0, r3
 415 018e FFF7FEFF 		bl	__aeabi_uidiv
 416 0192 094A     		ldr	r2, .L46+20
 417 0194 AB58     		ldr	r3, [r5, r2]
 418 0196 1B18     		adds	r3, r3, r0
 419 0198 AB50     		str	r3, [r5, r2]
 420 019a F36C     		ldr	r3, [r6, #76]
 421 019c 1818     		adds	r0, r3, r0
 422 019e F064     		str	r0, [r6, #76]
 423 01a0 65E7     		b	.L35
 424              	.L47:
 425 01a2 C046     		.align	2
 426              	.L46:
 427 01a4 C9050000 		.word	1481
 428 01a8 78080000 		.word	2168
 429 01ac F4070000 		.word	2036
 430 01b0 A4080000 		.word	2212
 431 01b4 4C080000 		.word	2124
 432 01b8 FC080000 		.word	2300
 434              		.section	.rodata.rp_task_arbiter.constprop.0.str1.1,"aMS",%progbits,1
 435              	.LC7:
 436 0000 1B5B303B 		.ascii	"\033[0;31mERROR:  RP: ERROR - delay #%d - hook #%d\012"
 436      33316D45 
 436      52524F52 
 436      3A202052 
 436      503A2045 
 437 0030 00       		.ascii	"\000"
 438              	.LC11:
 439 0031 1B5B303B 		.ascii	"\033[0;33mWARN:  RP: Aborted task with hook #%u - n"
 439      33336D57 
 439      41524E3A 
 439      20205250 
 439      3A204162 
 440 0061 6F742061 		.ascii	"ot a priority task\012 \000"
 440      20707269 
 440      6F726974 
 440      79207461 
 440      736B0A20 
 441              		.section	.text.rp_task_arbiter.constprop.0,"ax",%progbits
 442              		.align	1
 443              		.syntax unified
ARM GAS  /tmp/ccTQEgjS.s 			page 9


 444              		.code	16
 445              		.thumb_func
 446              		.fpu softvfp
 448              	rp_task_arbiter.constprop.0:
 449              		@ args = 0, pretend = 0, frame = 32
 450              		@ frame_needed = 0, uses_anonymous_args = 0
 451 0000 F0B5     		push	{r4, r5, r6, r7, lr}
 452 0002 89B0     		sub	sp, sp, #36
 453 0004 0400     		movs	r4, r0
 454 0006 FFF7FEFF 		bl	rp_hal_get_time_in_ms
 455 000a BA23     		movs	r3, #186
 456 000c 0026     		movs	r6, #0
 457 000e DB00     		lsls	r3, r3, #3
 458 0010 0090     		str	r0, [sp]
 459 0012 E518     		adds	r5, r4, r3
 460              	.L53:
 461 0014 AB78     		ldrb	r3, [r5, #2]
 462 0016 012B     		cmp	r3, #1
 463 0018 1AD1     		bne	.L50
 464 001a 009B     		ldr	r3, [sp]
 465 001c EA68     		ldr	r2, [r5, #12]
 466 001e 9B1A     		subs	r3, r3, r2
 467 0020 002B     		cmp	r3, #0
 468 0022 15DD     		ble	.L50
 469 0024 009A     		ldr	r2, [sp]
 470 0026 6A60     		str	r2, [r5, #4]
 471 0028 CF4A     		ldr	r2, .L120
 472 002a 9342     		cmp	r3, r2
 473 002c 10DD     		ble	.L50
 474 002e 0023     		movs	r3, #0
 475 0030 FA22     		movs	r2, #250
 476 0032 AB70     		strb	r3, [r5, #2]
 477 0034 009B     		ldr	r3, [sp]
 478 0036 D200     		lsls	r2, r2, #3
 479 0038 9B18     		adds	r3, r3, r2
 480 003a 6A78     		ldrb	r2, [r5, #1]
 481 003c 6B60     		str	r3, [r5, #4]
 482 003e F3B2     		uxtb	r3, r6
 483 0040 002A     		cmp	r2, #0
 484 0042 01D0     		beq	.L52
 485 0044 0B33     		adds	r3, r3, #11
 486 0046 DBB2     		uxtb	r3, r3
 487              	.L52:
 488 0048 2000     		movs	r0, r4
 489 004a 2B70     		strb	r3, [r5]
 490 004c FFF7FEFF 		bl	rp_task_compute_ranking
 491              	.L50:
 492 0050 0136     		adds	r6, r6, #1
 493 0052 1C35     		adds	r5, r5, #28
 494 0054 0B2E     		cmp	r6, #11
 495 0056 DDD1     		bne	.L53
 496 0058 C44B     		ldr	r3, .L120+4
 497 005a E35C     		ldrb	r3, [r4, r3]
 498 005c 9C46     		mov	ip, r3
 499 005e 1C23     		movs	r3, #28
 500 0060 6246     		mov	r2, ip
 501 0062 5343     		muls	r3, r2
ARM GAS  /tmp/ccTQEgjS.s 			page 10


 502 0064 C24A     		ldr	r2, .L120+8
 503 0066 E318     		adds	r3, r4, r3
 504 0068 9A18     		adds	r2, r3, r2
 505 006a 1278     		ldrb	r2, [r2]
 506 006c 022A     		cmp	r2, #2
 507 006e 11D1     		bne	.L54
 508 0070 C04A     		ldr	r2, .L120+12
 509 0072 9A18     		adds	r2, r3, r2
 510 0074 1278     		ldrb	r2, [r2]
 511 0076 012A     		cmp	r2, #1
 512 0078 0CD8     		bhi	.L54
 513 007a BC22     		movs	r2, #188
 514 007c D200     		lsls	r2, r2, #3
 515 007e 9918     		adds	r1, r3, r2
 516 0080 BD48     		ldr	r0, .L120+16
 517 0082 BE4A     		ldr	r2, .L120+20
 518 0084 1B18     		adds	r3, r3, r0
 519 0086 A258     		ldr	r2, [r4, r2]
 520 0088 1B68     		ldr	r3, [r3]
 521 008a 0232     		adds	r2, r2, #2
 522 008c D31A     		subs	r3, r2, r3
 523 008e 009A     		ldr	r2, [sp]
 524 0090 9B18     		adds	r3, r3, r2
 525 0092 0B60     		str	r3, [r1]
 526              	.L54:
 527 0094 B64B     		ldr	r3, .L120+8
 528 0096 0320     		movs	r0, #3
 529 0098 E318     		adds	r3, r4, r3
 530 009a 0293     		str	r3, [sp, #8]
 531 009c 0193     		str	r3, [sp, #4]
 532 009e B64B     		ldr	r3, .L120+16
 533 00a0 029A     		ldr	r2, [sp, #8]
 534 00a2 E318     		adds	r3, r4, r3
 535 00a4 1E00     		movs	r6, r3
 536 00a6 3100     		movs	r1, r6
 537 00a8 0393     		str	r3, [sp, #12]
 538 00aa B54B     		ldr	r3, .L120+24
 539 00ac E318     		adds	r3, r4, r3
 540 00ae 0793     		str	r3, [sp, #28]
 541              	.L56:
 542 00b0 1378     		ldrb	r3, [r2]
 543 00b2 002B     		cmp	r3, #0
 544 00b4 04D1     		bne	.L55
 545 00b6 0B68     		ldr	r3, [r1]
 546 00b8 009D     		ldr	r5, [sp]
 547 00ba 5B1B     		subs	r3, r3, r5
 548 00bc 00D5     		bpl	.L55
 549 00be 1070     		strb	r0, [r2]
 550              	.L55:
 551 00c0 079B     		ldr	r3, [sp, #28]
 552 00c2 1C32     		adds	r2, r2, #28
 553 00c4 1C31     		adds	r1, r1, #28
 554 00c6 9A42     		cmp	r2, r3
 555 00c8 F2D1     		bne	.L56
 556 00ca 0021     		movs	r1, #0
 557 00cc 1C27     		movs	r7, #28
 558 00ce AD4B     		ldr	r3, .L120+28
ARM GAS  /tmp/ccTQEgjS.s 			page 11


 559 00d0 E318     		adds	r3, r4, r3
 560 00d2 0693     		str	r3, [sp, #24]
 561              	.L61:
 562 00d4 3A00     		movs	r2, r7
 563 00d6 069B     		ldr	r3, [sp, #24]
 564 00d8 A54D     		ldr	r5, .L120+8
 565 00da 5B5C     		ldrb	r3, [r3, r1]
 566 00dc 0800     		movs	r0, r1
 567 00de 5A43     		muls	r2, r3
 568 00e0 A218     		adds	r2, r4, r2
 569 00e2 5519     		adds	r5, r2, r5
 570 00e4 2D78     		ldrb	r5, [r5]
 571 00e6 012D     		cmp	r5, #1
 572 00e8 00D9     		bls	.LCB596
 573 00ea AEE0     		b	.L57	@long jump
 574              	.LCB596:
 575 00ec A24D     		ldr	r5, .L120+16
 576 00ee 5219     		adds	r2, r2, r5
 577 00f0 1268     		ldr	r2, [r2]
 578 00f2 009D     		ldr	r5, [sp]
 579 00f4 521B     		subs	r2, r2, r5
 580 00f6 00D5     		bpl	.LCB603
 581 00f8 AAE0     		b	.L59	@long jump
 582              	.LCB603:
 583              	.L58:
 584 00fa 1C25     		movs	r5, #28
 585 00fc 6B43     		muls	r3, r5
 586 00fe E218     		adds	r2, r4, r3
 587 0100 B923     		movs	r3, #185
 588 0102 9D49     		ldr	r1, .L120+16
 589 0104 DB00     		lsls	r3, r3, #3
 590 0106 D318     		adds	r3, r2, r3
 591 0108 5218     		adds	r2, r2, r1
 592 010a 1B78     		ldrb	r3, [r3]
 593 010c 1268     		ldr	r2, [r2]
 594 010e 0493     		str	r3, [sp, #16]
 595 0110 0592     		str	r2, [sp, #20]
 596              	.L60:
 597 0112 2900     		movs	r1, r5
 598 0114 069A     		ldr	r2, [sp, #24]
 599 0116 964F     		ldr	r7, .L120+8
 600 0118 125C     		ldrb	r2, [r2, r0]
 601 011a 5143     		muls	r1, r2
 602 011c 6118     		adds	r1, r4, r1
 603 011e CF19     		adds	r7, r1, r7
 604 0120 3F78     		ldrb	r7, [r7]
 605 0122 012F     		cmp	r7, #1
 606 0124 00D9     		bls	.LCB628
 607 0126 9BE0     		b	.L63	@long jump
 608              	.LCB628:
 609 0128 934F     		ldr	r7, .L120+16
 610 012a C919     		adds	r1, r1, r7
 611 012c 0968     		ldr	r1, [r1]
 612 012e 009F     		ldr	r7, [sp]
 613 0130 C91B     		subs	r1, r1, r7
 614 0132 00D4     		bmi	.LCB635
 615 0134 97E0     		b	.L64	@long jump
ARM GAS  /tmp/ccTQEgjS.s 			page 12


 616              	.LCB635:
 617              	.L65:
 618 0136 0130     		adds	r0, r0, #1
 619 0138 0B28     		cmp	r0, #11
 620 013a EAD1     		bne	.L60
 621 013c 1C25     		movs	r5, #28
 622 013e B922     		movs	r2, #185
 623 0140 049B     		ldr	r3, [sp, #16]
 624 0142 D200     		lsls	r2, r2, #3
 625 0144 6B43     		muls	r3, r5
 626 0146 E318     		adds	r3, r4, r3
 627 0148 9B18     		adds	r3, r3, r2
 628 014a 2200     		movs	r2, r4
 629 014c 83CB     		ldmia	r3!, {r0, r1, r7}
 630 014e 83C2     		stmia	r2!, {r0, r1, r7}
 631 0150 83CB     		ldmia	r3!, {r0, r1, r7}
 632 0152 83C2     		stmia	r2!, {r0, r1, r7}
 633 0154 1B68     		ldr	r3, [r3]
 634 0156 1360     		str	r3, [r2]
 635 0158 E368     		ldr	r3, [r4, #12]
 636 015a 009A     		ldr	r2, [sp]
 637 015c 991A     		subs	r1, r3, r2
 638 015e 00D4     		bmi	.LCB658
 639 0160 9AE0     		b	.L66	@long jump
 640              	.LCB658:
 641 0162 A37A     		ldrb	r3, [r4, #10]
 642 0164 022B     		cmp	r3, #2
 643 0166 11D0     		beq	.L68
 644 0168 874A     		ldr	r2, .L120+32
 645 016a 8848     		ldr	r0, .L120+36
 646 016c A358     		ldr	r3, [r4, r2]
 647 016e 0133     		adds	r3, r3, #1
 648 0170 A350     		str	r3, [r4, r2]
 649 0172 2278     		ldrb	r2, [r4]
 650 0174 FFF7FEFF 		bl	smtc_modem_hal_print_trace
 651 0178 8548     		ldr	r0, .L120+40
 652 017a FFF7FEFF 		bl	smtc_modem_hal_print_trace
 653 017e 2378     		ldrb	r3, [r4]
 654 0180 5D43     		muls	r5, r3
 655 0182 7B4B     		ldr	r3, .L120+8
 656 0184 6519     		adds	r5, r4, r5
 657 0186 ED18     		adds	r5, r5, r3
 658 0188 0323     		movs	r3, #3
 659 018a 2B70     		strb	r3, [r5]
 660              	.L68:
 661 018c 1C25     		movs	r5, #28
 662 018e 2B00     		movs	r3, r5
 663 0190 804F     		ldr	r7, .L120+44
 664 0192 794A     		ldr	r2, .L120+16
 665 0194 E15D     		ldrb	r1, [r4, r7]
 666 0196 4B43     		muls	r3, r1
 667 0198 E318     		adds	r3, r4, r3
 668 019a 9A18     		adds	r2, r3, r2
 669 019c 1068     		ldr	r0, [r2]
 670 019e 009A     		ldr	r2, [sp]
 671 01a0 801A     		subs	r0, r0, r2
 672 01a2 0028     		cmp	r0, #0
ARM GAS  /tmp/ccTQEgjS.s 			page 13


 673 01a4 1CDD     		ble	.L74
 674 01a6 754A     		ldr	r2, .L120+20
 675 01a8 A258     		ldr	r2, [r4, r2]
 676 01aa 9042     		cmp	r0, r2
 677 01ac 18D2     		bcs	.L74
 678 01ae 7A4A     		ldr	r2, .L120+48
 679 01b0 A25C     		ldrb	r2, [r4, r2]
 680 01b2 012A     		cmp	r2, #1
 681 01b4 14D1     		bne	.L74
 682 01b6 2278     		ldrb	r2, [r4]
 683 01b8 8A42     		cmp	r2, r1
 684 01ba 11D0     		beq	.L74
 685 01bc 6C4A     		ldr	r2, .L120+8
 686 01be 9B18     		adds	r3, r3, r2
 687 01c0 1B78     		ldrb	r3, [r3]
 688 01c2 002B     		cmp	r3, #0
 689 01c4 0CD1     		bne	.L74
 690 01c6 7548     		ldr	r0, .L120+52
 691 01c8 FFF7FEFF 		bl	smtc_modem_hal_print_trace
 692 01cc 7048     		ldr	r0, .L120+40
 693 01ce FFF7FEFF 		bl	smtc_modem_hal_print_trace
 694 01d2 E35D     		ldrb	r3, [r4, r7]
 695 01d4 5D43     		muls	r5, r3
 696 01d6 664B     		ldr	r3, .L120+8
 697 01d8 6519     		adds	r5, r4, r5
 698 01da ED18     		adds	r5, r5, r3
 699 01dc 0323     		movs	r3, #3
 700 01de 2B70     		strb	r3, [r5]
 701              	.L74:
 702 01e0 624B     		ldr	r3, .L120+4
 703 01e2 E25C     		ldrb	r2, [r4, r3]
 704 01e4 1C23     		movs	r3, #28
 705 01e6 5343     		muls	r3, r2
 706 01e8 614A     		ldr	r2, .L120+8
 707 01ea E318     		adds	r3, r4, r3
 708 01ec 9B18     		adds	r3, r3, r2
 709 01ee 1B78     		ldrb	r3, [r3]
 710 01f0 022B     		cmp	r3, #2
 711 01f2 02D0     		beq	.L75
 712 01f4 2000     		movs	r0, r4
 713 01f6 FFF7FEFF 		bl	rp_task_call_aborted
 714              	.L75:
 715 01fa FFF7FEFF 		bl	rp_hal_get_time_in_ms
 716 01fe 0322     		movs	r2, #3
 717              	.L77:
 718 0200 019B     		ldr	r3, [sp, #4]
 719 0202 1B78     		ldrb	r3, [r3]
 720 0204 002B     		cmp	r3, #0
 721 0206 04D1     		bne	.L76
 722 0208 3368     		ldr	r3, [r6]
 723 020a 1B1A     		subs	r3, r3, r0
 724 020c 01D5     		bpl	.L76
 725 020e 019B     		ldr	r3, [sp, #4]
 726 0210 1A70     		strb	r2, [r3]
 727              	.L76:
 728 0212 019B     		ldr	r3, [sp, #4]
 729 0214 0799     		ldr	r1, [sp, #28]
ARM GAS  /tmp/ccTQEgjS.s 			page 14


 730 0216 1C33     		adds	r3, r3, #28
 731 0218 0193     		str	r3, [sp, #4]
 732 021a 1C36     		adds	r6, r6, #28
 733 021c 8B42     		cmp	r3, r1
 734 021e EFD1     		bne	.L77
 735 0220 0022     		movs	r2, #0
 736 0222 1C21     		movs	r1, #28
 737              	.L80:
 738 0224 0B00     		movs	r3, r1
 739 0226 5343     		muls	r3, r2
 740 0228 029E     		ldr	r6, [sp, #8]
 741 022a D5B2     		uxtb	r5, r2
 742 022c F65C     		ldrb	r6, [r6, r3]
 743 022e 012E     		cmp	r6, #1
 744 0230 04D8     		bhi	.L78
 745 0232 039E     		ldr	r6, [sp, #12]
 746 0234 F358     		ldr	r3, [r6, r3]
 747 0236 1E1A     		subs	r6, r3, r0
 748 0238 00D4     		bmi	.LCB776
 749 023a BDE0     		b	.L79	@long jump
 750              	.LCB776:
 751              	.L78:
 752 023c 0132     		adds	r2, r2, #1
 753 023e 0B2A     		cmp	r2, #11
 754 0240 F0D1     		bne	.L80
 755 0242 0022     		movs	r2, #0
 756 0244 544B     		ldr	r3, .L120+48
 757 0246 E254     		strb	r2, [r4, r3]
 758 0248 DEE0     		b	.L48
 759              	.L57:
 760 024a 022D     		cmp	r5, #2
 761 024c 00D1     		bne	.LCB789
 762 024e 54E7     		b	.L58	@long jump
 763              	.LCB789:
 764              	.L59:
 765 0250 0131     		adds	r1, r1, #1
 766 0252 0B29     		cmp	r1, #11
 767 0254 00D0     		beq	.LCB793
 768 0256 3DE7     		b	.L61	@long jump
 769              	.LCB793:
 770 0258 2000     		movs	r0, r4
 771 025a FFF7FEFF 		bl	rp_task_call_aborted
 772 025e D3E0     		b	.L48
 773              	.L63:
 774 0260 022F     		cmp	r7, #2
 775 0262 00D0     		beq	.LCB801
 776 0264 67E7     		b	.L65	@long jump
 777              	.LCB801:
 778              	.L64:
 779 0266 6A43     		muls	r2, r5
 780 0268 4349     		ldr	r1, .L120+16
 781 026a A218     		adds	r2, r4, r2
 782 026c 5118     		adds	r1, r2, r1
 783 026e 0F68     		ldr	r7, [r1]
 784 0270 BC21     		movs	r1, #188
 785 0272 C900     		lsls	r1, r1, #3
 786 0274 5118     		adds	r1, r2, r1
ARM GAS  /tmp/ccTQEgjS.s 			page 15


 787 0276 0968     		ldr	r1, [r1]
 788 0278 059B     		ldr	r3, [sp, #20]
 789 027a 7918     		adds	r1, r7, r1
 790 027c CB1A     		subs	r3, r1, r3
 791 027e 00D4     		bmi	.LCB816
 792 0280 59E7     		b	.L65	@long jump
 793              	.LCB816:
 794 0282 009B     		ldr	r3, [sp]
 795 0284 C91A     		subs	r1, r1, r3
 796 0286 00D5     		bpl	.LCB820
 797 0288 55E7     		b	.L65	@long jump
 798              	.LCB820:
 799 028a B923     		movs	r3, #185
 800 028c DB00     		lsls	r3, r3, #3
 801 028e D218     		adds	r2, r2, r3
 802 0290 1378     		ldrb	r3, [r2]
 803 0292 0597     		str	r7, [sp, #20]
 804 0294 0493     		str	r3, [sp, #16]
 805 0296 4EE7     		b	.L65
 806              	.L66:
 807 0298 384B     		ldr	r3, .L120+20
 808 029a E358     		ldr	r3, [r4, r3]
 809 029c 9942     		cmp	r1, r3
 810 029e 00D9     		bls	.LCB834
 811 02a0 74E7     		b	.L68	@long jump
 812              	.LCB834:
 813 02a2 6346     		mov	r3, ip
 814 02a4 6B43     		muls	r3, r5
 815 02a6 3249     		ldr	r1, .L120+8
 816 02a8 E318     		adds	r3, r4, r3
 817 02aa 5918     		adds	r1, r3, r1
 818 02ac 0878     		ldrb	r0, [r1]
 819 02ae 2278     		ldrb	r2, [r4]
 820 02b0 0228     		cmp	r0, #2
 821 02b2 4CD1     		bne	.L70
 822 02b4 B920     		movs	r0, #185
 823 02b6 C000     		lsls	r0, r0, #3
 824 02b8 1B18     		adds	r3, r3, r0
 825 02ba 1B78     		ldrb	r3, [r3]
 826 02bc 9342     		cmp	r3, r2
 827 02be 00D1     		bne	.LCB849
 828 02c0 64E7     		b	.L68	@long jump
 829              	.LCB849:
 830 02c2 0323     		movs	r3, #3
 831 02c4 9C25     		movs	r5, #156
 832 02c6 0B70     		strb	r3, [r1]
 833 02c8 2D01     		lsls	r5, r5, #4
 834 02ca 6359     		ldr	r3, [r4, r5]
 835 02cc 0021     		movs	r1, #0
 836 02ce 9A69     		ldr	r2, [r3, #24]
 837 02d0 1868     		ldr	r0, [r3]
 838 02d2 9047     		blx	r2
 839 02d4 0028     		cmp	r0, #0
 840 02d6 03D0     		beq	.L71
 841 02d8 3149     		ldr	r1, .L120+56
 842 02da 3248     		ldr	r0, .L120+60
 843 02dc FFF7FEFF 		bl	smtc_modem_hal_assert_fail
ARM GAS  /tmp/ccTQEgjS.s 			page 16


 844              	.L71:
 845 02e0 6359     		ldr	r3, [r4, r5]
 846 02e2 3149     		ldr	r1, .L120+64
 847 02e4 9A6D     		ldr	r2, [r3, #88]
 848 02e6 1868     		ldr	r0, [r3]
 849 02e8 9047     		blx	r2
 850 02ea 0028     		cmp	r0, #0
 851 02ec 03D0     		beq	.L72
 852 02ee 2F49     		ldr	r1, .L120+68
 853 02f0 2C48     		ldr	r0, .L120+60
 854 02f2 FFF7FEFF 		bl	smtc_modem_hal_assert_fail
 855              	.L72:
 856 02f6 FFF7FEFF 		bl	rp_hal_irq_clear_pending
 857 02fa 9C23     		movs	r3, #156
 858 02fc 1B01     		lsls	r3, r3, #4
 859 02fe E358     		ldr	r3, [r4, r3]
 860 0300 0121     		movs	r1, #1
 861 0302 5A69     		ldr	r2, [r3, #20]
 862 0304 1868     		ldr	r0, [r3]
 863 0306 9047     		blx	r2
 864 0308 0028     		cmp	r0, #0
 865 030a 03D0     		beq	.L73
 866 030c 2849     		ldr	r1, .L120+72
 867 030e 2548     		ldr	r0, .L120+60
 868 0310 FFF7FEFF 		bl	smtc_modem_hal_assert_fail
 869              	.L73:
 870 0314 154F     		ldr	r7, .L120+4
 871 0316 FFF7FEFF 		bl	smtc_modem_hal_stop_radio_tcxo
 872 031a E55D     		ldrb	r5, [r4, r7]
 873 031c FFF7FEFF 		bl	rp_hal_get_time_in_ms
 874 0320 2900     		movs	r1, r5
 875 0322 0200     		movs	r2, r0
 876 0324 2000     		movs	r0, r4
 877 0326 FFF7FEFF 		bl	rp_consumption_statistics_updated
 878 032a 1C23     		movs	r3, #28
 879 032c 0221     		movs	r1, #2
 880 032e 2278     		ldrb	r2, [r4]
 881 0330 5343     		muls	r3, r2
 882 0332 E255     		strb	r2, [r4, r7]
 883 0334 0E4A     		ldr	r2, .L120+8
 884 0336 E318     		adds	r3, r4, r3
 885 0338 9A18     		adds	r2, r3, r2
 886 033a 1170     		strb	r1, [r2]
 887 033c 1D4A     		ldr	r2, .L120+76
 888 033e 9B18     		adds	r3, r3, r2
 889 0340 1B68     		ldr	r3, [r3]
 890              	.L118:
 891 0342 002B     		cmp	r3, #0
 892 0344 00D1     		bne	.LCB920
 893 0346 21E7     		b	.L68	@long jump
 894              	.LCB920:
 895 0348 2000     		movs	r0, r4
 896 034a 9847     		blx	r3
 897 034c 1EE7     		b	.L68
 898              	.L70:
 899 034e 074B     		ldr	r3, .L120+4
 900 0350 5543     		muls	r5, r2
ARM GAS  /tmp/ccTQEgjS.s 			page 17


 901 0352 E254     		strb	r2, [r4, r3]
 902 0354 0222     		movs	r2, #2
 903 0356 064B     		ldr	r3, .L120+8
 904 0358 6519     		adds	r5, r4, r5
 905 035a EB18     		adds	r3, r5, r3
 906 035c 1A70     		strb	r2, [r3]
 907 035e 154B     		ldr	r3, .L120+76
 908 0360 ED18     		adds	r5, r5, r3
 909 0362 2B68     		ldr	r3, [r5]
 910 0364 EDE7     		b	.L118
 911              	.L121:
 912 0366 C046     		.align	2
 913              	.L120:
 914 0368 C0D40100 		.word	120000
 915 036c 84090000 		.word	2436
 916 0370 D2050000 		.word	1490
 917 0374 C9050000 		.word	1481
 918 0378 D4050000 		.word	1492
 919 037c C4090000 		.word	2500
 920 0380 06070000 		.word	1798
 921 0384 3E070000 		.word	1854
 922 0388 78090000 		.word	2424
 923 038c 00000000 		.word	.LC7
 924 0390 1D000000 		.word	.LC3
 925 0394 8C090000 		.word	2444
 926 0398 BC090000 		.word	2492
 927 039c 31000000 		.word	.LC11
 928 03a0 1B020000 		.word	539
 929 03a4 00000000 		.word	.LANCHOR1
 930 03a8 FE1F0000 		.word	8190
 931 03ac 1D020000 		.word	541
 932 03b0 21020000 		.word	545
 933 03b4 CC050000 		.word	1484
 934              	.L79:
 935 03b8 D1B2     		uxtb	r1, r2
 936 03ba 0091     		str	r1, [sp]
 937 03bc 1C21     		movs	r1, #28
 938 03be 5143     		muls	r1, r2
 939 03c0 029E     		ldr	r6, [sp, #8]
 940 03c2 765C     		ldrb	r6, [r6, r1]
 941 03c4 012E     		cmp	r6, #1
 942 03c6 07D8     		bhi	.L82
 943 03c8 039E     		ldr	r6, [sp, #12]
 944 03ca 7158     		ldr	r1, [r6, r1]
 945 03cc CE1A     		subs	r6, r1, r3
 946 03ce 03D5     		bpl	.L82
 947 03d0 0E1A     		subs	r6, r1, r0
 948 03d2 01D4     		bmi	.L82
 949 03d4 0B00     		movs	r3, r1
 950 03d6 D5B2     		uxtb	r5, r2
 951              	.L82:
 952 03d8 0132     		adds	r2, r2, #1
 953 03da D1B2     		uxtb	r1, r2
 954 03dc 0A29     		cmp	r1, #10
 955 03de EBD9     		bls	.L79
 956 03e0 E555     		strb	r5, [r4, r7]
 957 03e2 0127     		movs	r7, #1
ARM GAS  /tmp/ccTQEgjS.s 			page 18


 958 03e4 181A     		subs	r0, r3, r0
 959 03e6 0C4B     		ldr	r3, .L122
 960 03e8 0C4E     		ldr	r6, .L122+4
 961 03ea E050     		str	r0, [r4, r3]
 962 03ec 0C4B     		ldr	r3, .L122+8
 963 03ee E754     		strb	r7, [r4, r3]
 964 03f0 0C4B     		ldr	r3, .L122+12
 965 03f2 E558     		ldr	r5, [r4, r3]
 966 03f4 8542     		cmp	r5, r0
 967 03f6 09D2     		bcs	.L83
 968 03f8 451B     		subs	r5, r0, r5
 969 03fa FFF7FEFF 		bl	rp_hal_timer_stop
 970 03fe 3200     		movs	r2, r6
 971 0400 2900     		movs	r1, r5
 972              	.L119:
 973 0402 2000     		movs	r0, r4
 974 0404 FFF7FEFF 		bl	rp_hal_timer_start
 975              	.L48:
 976 0408 09B0     		add	sp, sp, #36
 977              		@ sp needed
 978 040a F0BD     		pop	{r4, r5, r6, r7, pc}
 979              	.L83:
 980 040c FFF7FEFF 		bl	rp_hal_timer_stop
 981 0410 3200     		movs	r2, r6
 982 0412 3900     		movs	r1, r7
 983 0414 F5E7     		b	.L119
 984              	.L123:
 985 0416 C046     		.align	2
 986              	.L122:
 987 0418 88090000 		.word	2440
 988 041c 00000000 		.word	rp_timer_irq_callback
 989 0420 BC090000 		.word	2492
 990 0424 C4090000 		.word	2500
 992              		.section	.text.rp_timer_irq_callback,"ax",%progbits
 993              		.align	1
 994              		.syntax unified
 995              		.code	16
 996              		.thumb_func
 997              		.fpu softvfp
 999              	rp_timer_irq_callback:
 1000              		@ args = 0, pretend = 0, frame = 0
 1001              		@ frame_needed = 0, uses_anonymous_args = 0
 1002 0000 10B5     		push	{r4, lr}
 1003 0002 FFF7FEFF 		bl	rp_task_arbiter.constprop.0
 1004              		@ sp needed
 1005 0006 10BD     		pop	{r4, pc}
 1007              		.section	.text.rp_init,"ax",%progbits
 1008              		.align	1
 1009              		.global	rp_init
 1010              		.syntax unified
 1011              		.code	16
 1012              		.thumb_func
 1013              		.fpu softvfp
 1015              	rp_init:
 1016              		@ args = 0, pretend = 0, frame = 0
 1017              		@ frame_needed = 0, uses_anonymous_args = 0
 1018 0000 F8B5     		push	{r3, r4, r5, r6, r7, lr}
ARM GAS  /tmp/ccTQEgjS.s 			page 19


 1019 0002 1C4A     		ldr	r2, .L128
 1020 0004 0D00     		movs	r5, r1
 1021 0006 0021     		movs	r1, #0
 1022 0008 0400     		movs	r4, r0
 1023 000a FFF7FEFF 		bl	memset
 1024 000e 9C23     		movs	r3, #156
 1025 0010 1B01     		lsls	r3, r3, #4
 1026 0012 E550     		str	r5, [r4, r3]
 1027 0014 B923     		movs	r3, #185
 1028 0016 DB00     		lsls	r3, r3, #3
 1029 0018 E218     		adds	r2, r4, r3
 1030 001a 0023     		movs	r3, #0
 1031 001c 0E20     		movs	r0, #14
 1032 001e 1D00     		movs	r5, r3
 1033 0020 0421     		movs	r1, #4
 1034              	.L126:
 1035 0022 154F     		ldr	r7, .L128+4
 1036 0024 9E00     		lsls	r6, r3, #2
 1037 0026 BC46     		mov	ip, r7
 1038 0028 A444     		add	ip, ip, r4
 1039 002a 6746     		mov	r7, ip
 1040 002c 1370     		strb	r3, [r2]
 1041 002e 5070     		strb	r0, [r2, #1]
 1042 0030 5560     		str	r5, [r2, #4]
 1043 0032 9172     		strb	r1, [r2, #10]
 1044 0034 5572     		strb	r5, [r2, #9]
 1045 0036 BD51     		str	r5, [r7, r6]
 1046 0038 9927     		movs	r7, #153
 1047 003a 3F01     		lsls	r7, r7, #4
 1048 003c BC46     		mov	ip, r7
 1049 003e A444     		add	ip, ip, r4
 1050 0040 6746     		mov	r7, ip
 1051 0042 BD51     		str	r5, [r7, r6]
 1052 0044 EF26     		movs	r6, #239
 1053 0046 0B27     		movs	r7, #11
 1054 0048 F600     		lsls	r6, r6, #3
 1055 004a A619     		adds	r6, r4, r6
 1056 004c F754     		strb	r7, [r6, r3]
 1057 004e 0133     		adds	r3, r3, #1
 1058 0050 1C32     		adds	r2, r2, #28
 1059 0052 BB42     		cmp	r3, r7
 1060 0054 E5D1     		bne	.L126
 1061 0056 C422     		movs	r2, #196
 1062              		@ sp needed
 1063 0058 084B     		ldr	r3, .L128+8
 1064 005a 6070     		strb	r0, [r4, #1]
 1065 005c A172     		strb	r1, [r4, #10]
 1066 005e E018     		adds	r0, r4, r3
 1067 0060 0021     		movs	r1, #0
 1068 0062 5200     		lsls	r2, r2, #1
 1069 0064 FFF7FEFF 		bl	memset
 1070 0068 0822     		movs	r2, #8
 1071 006a 054B     		ldr	r3, .L128+12
 1072 006c E554     		strb	r5, [r4, r3]
 1073 006e 054B     		ldr	r3, .L128+16
 1074 0070 E250     		str	r2, [r4, r3]
 1075 0072 F8BD     		pop	{r3, r4, r5, r6, r7, pc}
ARM GAS  /tmp/ccTQEgjS.s 			page 20


 1076              	.L129:
 1077              		.align	2
 1078              	.L128:
 1079 0074 C8090000 		.word	2504
 1080 0078 4C070000 		.word	1868
 1081 007c F4070000 		.word	2036
 1082 0080 BC090000 		.word	2492
 1083 0084 C4090000 		.word	2500
 1085              		.section	.text.rp_hook_init,"ax",%progbits
 1086              		.align	1
 1087              		.global	rp_hook_init
 1088              		.syntax unified
 1089              		.code	16
 1090              		.thumb_func
 1091              		.fpu softvfp
 1093              	rp_hook_init:
 1094              		@ args = 0, pretend = 0, frame = 0
 1095              		@ frame_needed = 0, uses_anonymous_args = 0
 1096 0000 70B5     		push	{r4, r5, r6, lr}
 1097 0002 0A29     		cmp	r1, #10
 1098 0004 18D9     		bls	.L131
 1099              	.L133:
 1100 0006 164C     		ldr	r4, .L137
 1101 0008 2000     		movs	r0, r4
 1102 000a FFF7FEFF 		bl	smtc_modem_hal_store_crashlog
 1103 000e 0120     		movs	r0, #1
 1104 0010 FFF7FEFF 		bl	smtc_modem_hal_set_crashlog_status
 1105 0014 2100     		movs	r1, r4
 1106 0016 1348     		ldr	r0, .L137+4
 1107 0018 FFF7FEFF 		bl	smtc_modem_hal_print_trace
 1108 001c 124C     		ldr	r4, .L137+8
 1109 001e 2000     		movs	r0, r4
 1110 0020 FFF7FEFF 		bl	smtc_modem_hal_print_trace
 1111 0024 1148     		ldr	r0, .L137+12
 1112 0026 FFF7FEFF 		bl	smtc_modem_hal_print_trace
 1113 002a 2000     		movs	r0, r4
 1114 002c FFF7FEFF 		bl	smtc_modem_hal_print_trace
 1115 0030 FFF7FEFF 		bl	smtc_modem_hal_reset_mcu
 1116 0034 0120     		movs	r0, #1
 1117              	.L132:
 1118              		@ sp needed
 1119 0036 70BD     		pop	{r4, r5, r6, pc}
 1120              	.L131:
 1121 0038 9926     		movs	r6, #153
 1122 003a 8D00     		lsls	r5, r1, #2
 1123 003c 4519     		adds	r5, r0, r5
 1124 003e 3601     		lsls	r6, r6, #4
 1125 0040 AC59     		ldr	r4, [r5, r6]
 1126 0042 002C     		cmp	r4, #0
 1127 0044 DFD1     		bne	.L133
 1128 0046 002A     		cmp	r2, #0
 1129 0048 DDD0     		beq	.L133
 1130 004a 4018     		adds	r0, r0, r1
 1131 004c EF21     		movs	r1, #239
 1132 004e C900     		lsls	r1, r1, #3
 1133 0050 4018     		adds	r0, r0, r1
 1134 0052 0B21     		movs	r1, #11
ARM GAS  /tmp/ccTQEgjS.s 			page 21


 1135 0054 0170     		strb	r1, [r0]
 1136 0056 AA51     		str	r2, [r5, r6]
 1137 0058 054A     		ldr	r2, .L137+16
 1138 005a 2000     		movs	r0, r4
 1139 005c AB50     		str	r3, [r5, r2]
 1140 005e EAE7     		b	.L132
 1141              	.L138:
 1142              		.align	2
 1143              	.L137:
 1144 0060 00000000 		.word	.LANCHOR2
 1145 0064 00000000 		.word	.LC1
 1146 0068 1D000000 		.word	.LC3
 1147 006c 22000000 		.word	.LC5
 1148 0070 4C070000 		.word	1868
 1150              		.section	.text.rp_release_hook,"ax",%progbits
 1151              		.align	1
 1152              		.global	rp_release_hook
 1153              		.syntax unified
 1154              		.code	16
 1155              		.thumb_func
 1156              		.fpu softvfp
 1158              	rp_release_hook:
 1159              		@ args = 0, pretend = 0, frame = 0
 1160              		@ frame_needed = 0, uses_anonymous_args = 0
 1161 0000 10B5     		push	{r4, lr}
 1162 0002 0A29     		cmp	r1, #10
 1163 0004 18D9     		bls	.L140
 1164 0006 134C     		ldr	r4, .L142
 1165 0008 2000     		movs	r0, r4
 1166 000a FFF7FEFF 		bl	smtc_modem_hal_store_crashlog
 1167 000e 0120     		movs	r0, #1
 1168 0010 FFF7FEFF 		bl	smtc_modem_hal_set_crashlog_status
 1169 0014 2100     		movs	r1, r4
 1170 0016 1048     		ldr	r0, .L142+4
 1171 0018 FFF7FEFF 		bl	smtc_modem_hal_print_trace
 1172 001c 0F4C     		ldr	r4, .L142+8
 1173 001e 2000     		movs	r0, r4
 1174 0020 FFF7FEFF 		bl	smtc_modem_hal_print_trace
 1175 0024 0E48     		ldr	r0, .L142+12
 1176 0026 FFF7FEFF 		bl	smtc_modem_hal_print_trace
 1177 002a 2000     		movs	r0, r4
 1178 002c FFF7FEFF 		bl	smtc_modem_hal_print_trace
 1179 0030 FFF7FEFF 		bl	smtc_modem_hal_reset_mcu
 1180 0034 0120     		movs	r0, #1
 1181              	.L141:
 1182              		@ sp needed
 1183 0036 10BD     		pop	{r4, pc}
 1184              	.L140:
 1185 0038 9923     		movs	r3, #153
 1186 003a 9B00     		lsls	r3, r3, #2
 1187 003c CA18     		adds	r2, r1, r3
 1188 003e 0023     		movs	r3, #0
 1189 0040 9200     		lsls	r2, r2, #2
 1190 0042 1350     		str	r3, [r2, r0]
 1191 0044 1C22     		movs	r2, #28
 1192 0046 5143     		muls	r1, r2
 1193 0048 064A     		ldr	r2, .L142+16
ARM GAS  /tmp/ccTQEgjS.s 			page 22


 1194 004a 4018     		adds	r0, r0, r1
 1195 004c 8018     		adds	r0, r0, r2
 1196 004e 0370     		strb	r3, [r0]
 1197 0050 1800     		movs	r0, r3
 1198 0052 F0E7     		b	.L141
 1199              	.L143:
 1200              		.align	2
 1201              	.L142:
 1202 0054 00000000 		.word	.LANCHOR3
 1203 0058 00000000 		.word	.LC1
 1204 005c 1D000000 		.word	.LC3
 1205 0060 22000000 		.word	.LC5
 1206 0064 D1050000 		.word	1489
 1208              		.section	.text.rp_hook_get_id,"ax",%progbits
 1209              		.align	1
 1210              		.global	rp_hook_get_id
 1211              		.syntax unified
 1212              		.code	16
 1213              		.thumb_func
 1214              		.fpu softvfp
 1216              	rp_hook_get_id:
 1217              		@ args = 0, pretend = 0, frame = 0
 1218              		@ frame_needed = 0, uses_anonymous_args = 0
 1219 0000 0023     		movs	r3, #0
 1220 0002 10B5     		push	{r4, lr}
 1221 0004 124C     		ldr	r4, .L149
 1222 0006 0019     		adds	r0, r0, r4
 1223              	.L147:
 1224 0008 9C00     		lsls	r4, r3, #2
 1225 000a 0459     		ldr	r4, [r0, r4]
 1226 000c 8C42     		cmp	r4, r1
 1227 000e 02D1     		bne	.L145
 1228 0010 0020     		movs	r0, #0
 1229 0012 1370     		strb	r3, [r2]
 1230              	.L146:
 1231              		@ sp needed
 1232 0014 10BD     		pop	{r4, pc}
 1233              	.L145:
 1234 0016 0133     		adds	r3, r3, #1
 1235 0018 0B2B     		cmp	r3, #11
 1236 001a F5D1     		bne	.L147
 1237 001c 0D4C     		ldr	r4, .L149+4
 1238 001e 2000     		movs	r0, r4
 1239 0020 FFF7FEFF 		bl	smtc_modem_hal_store_crashlog
 1240 0024 0120     		movs	r0, #1
 1241 0026 FFF7FEFF 		bl	smtc_modem_hal_set_crashlog_status
 1242 002a 2100     		movs	r1, r4
 1243 002c 0A48     		ldr	r0, .L149+8
 1244 002e FFF7FEFF 		bl	smtc_modem_hal_print_trace
 1245 0032 0A4C     		ldr	r4, .L149+12
 1246 0034 2000     		movs	r0, r4
 1247 0036 FFF7FEFF 		bl	smtc_modem_hal_print_trace
 1248 003a 0948     		ldr	r0, .L149+16
 1249 003c FFF7FEFF 		bl	smtc_modem_hal_print_trace
 1250 0040 2000     		movs	r0, r4
 1251 0042 FFF7FEFF 		bl	smtc_modem_hal_print_trace
 1252 0046 FFF7FEFF 		bl	smtc_modem_hal_reset_mcu
ARM GAS  /tmp/ccTQEgjS.s 			page 23


 1253 004a 0120     		movs	r0, #1
 1254 004c E2E7     		b	.L146
 1255              	.L150:
 1256 004e C046     		.align	2
 1257              	.L149:
 1258 0050 4C070000 		.word	1868
 1259 0054 00000000 		.word	.LANCHOR4
 1260 0058 00000000 		.word	.LC1
 1261 005c 1D000000 		.word	.LC3
 1262 0060 22000000 		.word	.LC5
 1264              		.section	.rodata.rp_task_enqueue.str1.1,"aMS",%progbits,1
 1265              	.LC30:
 1266 0000 1B5B303B 		.ascii	"\033[0;31mERROR: ->  task invalid\012\000"
 1266      33316D45 
 1266      52524F52 
 1266      3A202D3E 
 1266      20207461 
 1267              	.LC32:
 1268 0020 2052503A 		.ascii	" RP: WARNING Task is already running\012\000"
 1268      20574152 
 1268      4E494E47 
 1268      20546173 
 1268      6B206973 
 1269              		.section	.text.rp_task_enqueue,"ax",%progbits
 1270              		.align	1
 1271              		.global	rp_task_enqueue
 1272              		.syntax unified
 1273              		.code	16
 1274              		.thumb_func
 1275              		.fpu softvfp
 1277              	rp_task_enqueue:
 1278              		@ args = 4, pretend = 0, frame = 16
 1279              		@ frame_needed = 0, uses_anonymous_args = 0
 1280 0000 F0B5     		push	{r4, r5, r6, r7, lr}
 1281 0002 0E78     		ldrb	r6, [r1]
 1282 0004 85B0     		sub	sp, sp, #20
 1283 0006 0500     		movs	r5, r0
 1284 0008 0C00     		movs	r4, r1
 1285 000a 0292     		str	r2, [sp, #8]
 1286 000c 0393     		str	r3, [sp, #12]
 1287 000e 0A2E     		cmp	r6, #10
 1288 0010 19D9     		bls	.L152
 1289              	.L154:
 1290 0012 514C     		ldr	r4, .L176
 1291 0014 2000     		movs	r0, r4
 1292 0016 FFF7FEFF 		bl	smtc_modem_hal_store_crashlog
 1293 001a 0120     		movs	r0, #1
 1294 001c FFF7FEFF 		bl	smtc_modem_hal_set_crashlog_status
 1295 0020 2100     		movs	r1, r4
 1296 0022 4E48     		ldr	r0, .L176+4
 1297 0024 FFF7FEFF 		bl	smtc_modem_hal_print_trace
 1298 0028 4D4C     		ldr	r4, .L176+8
 1299 002a 2000     		movs	r0, r4
 1300 002c FFF7FEFF 		bl	smtc_modem_hal_print_trace
 1301 0030 4C48     		ldr	r0, .L176+12
 1302              	.L175:
 1303 0032 FFF7FEFF 		bl	smtc_modem_hal_print_trace
ARM GAS  /tmp/ccTQEgjS.s 			page 24


 1304 0036 2000     		movs	r0, r4
 1305 0038 FFF7FEFF 		bl	smtc_modem_hal_print_trace
 1306 003c FFF7FEFF 		bl	smtc_modem_hal_reset_mcu
 1307 0040 0120     		movs	r0, #1
 1308              	.L153:
 1309 0042 05B0     		add	sp, sp, #20
 1310              		@ sp needed
 1311 0044 F0BD     		pop	{r4, r5, r6, r7, pc}
 1312              	.L152:
 1313 0046 4B68     		ldr	r3, [r1, #4]
 1314 0048 002B     		cmp	r3, #0
 1315 004a E2D0     		beq	.L154
 1316 004c B300     		lsls	r3, r6, #2
 1317 004e C318     		adds	r3, r0, r3
 1318 0050 0193     		str	r3, [sp, #4]
 1319 0052 9923     		movs	r3, #153
 1320 0054 019A     		ldr	r2, [sp, #4]
 1321 0056 1B01     		lsls	r3, r3, #4
 1322 0058 D358     		ldr	r3, [r2, r3]
 1323 005a 002B     		cmp	r3, #0
 1324 005c D9D0     		beq	.L154
 1325 005e 8B7A     		ldrb	r3, [r1, #10]
 1326 0060 012B     		cmp	r3, #1
 1327 0062 10D9     		bls	.L155
 1328 0064 3C4C     		ldr	r4, .L176
 1329 0066 2000     		movs	r0, r4
 1330 0068 FFF7FEFF 		bl	smtc_modem_hal_store_crashlog
 1331 006c 0120     		movs	r0, #1
 1332 006e FFF7FEFF 		bl	smtc_modem_hal_set_crashlog_status
 1333 0072 2100     		movs	r1, r4
 1334 0074 3948     		ldr	r0, .L176+4
 1335 0076 FFF7FEFF 		bl	smtc_modem_hal_print_trace
 1336 007a 394C     		ldr	r4, .L176+8
 1337 007c 2000     		movs	r0, r4
 1338 007e FFF7FEFF 		bl	smtc_modem_hal_print_trace
 1339 0082 3948     		ldr	r0, .L176+16
 1340 0084 D5E7     		b	.L175
 1341              	.L155:
 1342 0086 FFF7FEFF 		bl	rp_hal_get_time_in_ms
 1343 008a A37A     		ldrb	r3, [r4, #10]
 1344 008c 002B     		cmp	r3, #0
 1345 008e 04D1     		bne	.L156
 1346 0090 E368     		ldr	r3, [r4, #12]
 1347 0092 1B1A     		subs	r3, r3, r0
 1348 0094 0320     		movs	r0, #3
 1349 0096 002B     		cmp	r3, #0
 1350 0098 D3DD     		ble	.L153
 1351              	.L156:
 1352 009a 1C27     		movs	r7, #28
 1353 009c 7743     		muls	r7, r6
 1354 009e 334B     		ldr	r3, .L176+20
 1355 00a0 EF19     		adds	r7, r5, r7
 1356 00a2 FF18     		adds	r7, r7, r3
 1357 00a4 3878     		ldrb	r0, [r7]
 1358 00a6 0228     		cmp	r0, #2
 1359 00a8 CBD0     		beq	.L153
 1360 00aa FFF7FEFF 		bl	rp_hal_critical_section_begin
ARM GAS  /tmp/ccTQEgjS.s 			page 25


 1361 00ae 3B78     		ldrb	r3, [r7]
 1362 00b0 042B     		cmp	r3, #4
 1363 00b2 02D0     		beq	.L157
 1364 00b4 2E48     		ldr	r0, .L176+24
 1365 00b6 FFF7FEFF 		bl	smtc_modem_hal_print_trace
 1366              	.L157:
 1367 00ba EF22     		movs	r2, #239
 1368 00bc AB19     		adds	r3, r5, r6
 1369 00be D200     		lsls	r2, r2, #3
 1370 00c0 9B18     		adds	r3, r3, r2
 1371 00c2 0B22     		movs	r2, #11
 1372 00c4 1C27     		movs	r7, #28
 1373 00c6 1A70     		strb	r2, [r3]
 1374 00c8 B923     		movs	r3, #185
 1375 00ca 7743     		muls	r7, r6
 1376 00cc DB00     		lsls	r3, r3, #3
 1377 00ce EF19     		adds	r7, r5, r7
 1378 00d0 FA18     		adds	r2, r7, r3
 1379 00d2 1300     		movs	r3, r2
 1380 00d4 07CC     		ldmia	r4!, {r0, r1, r2}
 1381 00d6 07C3     		stmia	r3!, {r0, r1, r2}
 1382 00d8 07CC     		ldmia	r4!, {r0, r1, r2}
 1383 00da 07C3     		stmia	r3!, {r0, r1, r2}
 1384 00dc 2268     		ldr	r2, [r4]
 1385 00de 1A60     		str	r2, [r3]
 1386 00e0 8422     		movs	r2, #132
 1387 00e2 1000     		movs	r0, r2
 1388 00e4 7043     		muls	r0, r6
 1389 00e6 2818     		adds	r0, r5, r0
 1390 00e8 0A99     		ldr	r1, [sp, #40]
 1391 00ea 1C30     		adds	r0, r0, #28
 1392 00ec FFF7FEFF 		bl	memcpy
 1393 00f0 204B     		ldr	r3, .L176+28
 1394 00f2 019A     		ldr	r2, [sp, #4]
 1395 00f4 0299     		ldr	r1, [sp, #8]
 1396 00f6 D150     		str	r1, [r2, r3]
 1397 00f8 E523     		movs	r3, #229
 1398 00fa 9B00     		lsls	r3, r3, #2
 1399 00fc 039A     		ldr	r2, [sp, #12]
 1400 00fe F318     		adds	r3, r6, r3
 1401 0100 5B00     		lsls	r3, r3, #1
 1402 0102 5A53     		strh	r2, [r3, r5]
 1403 0104 1C4B     		ldr	r3, .L176+32
 1404 0106 FB18     		adds	r3, r7, r3
 1405 0108 1B78     		ldrb	r3, [r3]
 1406 010a 002B     		cmp	r3, #0
 1407 010c 1DD0     		beq	.L158
 1408 010e 3300     		movs	r3, r6
 1409 0110 0B33     		adds	r3, r3, #11
 1410              	.L174:
 1411 0112 1C22     		movs	r2, #28
 1412 0114 5643     		muls	r6, r2
 1413 0116 BA22     		movs	r2, #186
 1414 0118 AE19     		adds	r6, r5, r6
 1415 011a D200     		lsls	r2, r2, #3
 1416 011c B218     		adds	r2, r6, r2
 1417 011e DBB2     		uxtb	r3, r3
ARM GAS  /tmp/ccTQEgjS.s 			page 26


 1418 0120 1370     		strb	r3, [r2]
 1419 0122 164A     		ldr	r2, .L176+36
 1420 0124 164B     		ldr	r3, .L176+40
 1421 0126 2800     		movs	r0, r5
 1422 0128 F318     		adds	r3, r6, r3
 1423 012a B618     		adds	r6, r6, r2
 1424 012c 3268     		ldr	r2, [r6]
 1425 012e 1A60     		str	r2, [r3]
 1426 0130 FFF7FEFF 		bl	rp_task_compute_ranking
 1427 0134 134B     		ldr	r3, .L176+44
 1428 0136 EB5C     		ldrb	r3, [r5, r3]
 1429 0138 002B     		cmp	r3, #0
 1430 013a 02D1     		bne	.L160
 1431 013c 2800     		movs	r0, r5
 1432 013e FFF7FEFF 		bl	rp_task_arbiter.constprop.0
 1433              	.L160:
 1434 0142 FFF7FEFF 		bl	rp_hal_critical_section_end
 1435 0146 0020     		movs	r0, #0
 1436 0148 7BE7     		b	.L153
 1437              	.L158:
 1438 014a 0B22     		movs	r2, #11
 1439 014c 074B     		ldr	r3, .L176+20
 1440 014e FF18     		adds	r7, r7, r3
 1441 0150 3B78     		ldrb	r3, [r7]
 1442 0152 5343     		muls	r3, r2
 1443 0154 F318     		adds	r3, r6, r3
 1444 0156 DCE7     		b	.L174
 1445              	.L177:
 1446              		.align	2
 1447              	.L176:
 1448 0158 00000000 		.word	.LANCHOR5
 1449 015c 00000000 		.word	.LC1
 1450 0160 1D000000 		.word	.LC3
 1451 0164 22000000 		.word	.LC5
 1452 0168 00000000 		.word	.LC30
 1453 016c D2050000 		.word	1490
 1454 0170 20000000 		.word	.LC32
 1455 0174 FC060000 		.word	1788
 1456 0178 D1050000 		.word	1489
 1457 017c D4050000 		.word	1492
 1458 0180 DC050000 		.word	1500
 1459 0184 86090000 		.word	2438
 1461              		.section	.text.rp_get_status,"ax",%progbits
 1462              		.align	1
 1463              		.global	rp_get_status
 1464              		.syntax unified
 1465              		.code	16
 1466              		.thumb_func
 1467              		.fpu softvfp
 1469              	rp_get_status:
 1470              		@ args = 0, pretend = 0, frame = 0
 1471              		@ frame_needed = 0, uses_anonymous_args = 0
 1472 0000 10B5     		push	{r4, lr}
 1473 0002 0A29     		cmp	r1, #10
 1474 0004 19D9     		bls	.L179
 1475 0006 FFF7FEFF 		bl	rp_hal_critical_section_end
 1476 000a 134C     		ldr	r4, .L181
ARM GAS  /tmp/ccTQEgjS.s 			page 27


 1477 000c 2000     		movs	r0, r4
 1478 000e FFF7FEFF 		bl	smtc_modem_hal_store_crashlog
 1479 0012 0120     		movs	r0, #1
 1480 0014 FFF7FEFF 		bl	smtc_modem_hal_set_crashlog_status
 1481 0018 2100     		movs	r1, r4
 1482 001a 1048     		ldr	r0, .L181+4
 1483 001c FFF7FEFF 		bl	smtc_modem_hal_print_trace
 1484 0020 0F4C     		ldr	r4, .L181+8
 1485 0022 2000     		movs	r0, r4
 1486 0024 FFF7FEFF 		bl	smtc_modem_hal_print_trace
 1487 0028 0E48     		ldr	r0, .L181+12
 1488 002a FFF7FEFF 		bl	smtc_modem_hal_print_trace
 1489 002e 2000     		movs	r0, r4
 1490 0030 FFF7FEFF 		bl	smtc_modem_hal_print_trace
 1491 0034 FFF7FEFF 		bl	smtc_modem_hal_reset_mcu
 1492              	.L178:
 1493              		@ sp needed
 1494 0038 10BD     		pop	{r4, pc}
 1495              	.L179:
 1496 003a 0C00     		movs	r4, r1
 1497 003c E734     		adds	r4, r4, #231
 1498 003e FF34     		adds	r4, r4, #255
 1499 0040 A400     		lsls	r4, r4, #2
 1500 0042 0419     		adds	r4, r0, r4
 1501 0044 6468     		ldr	r4, [r4, #4]
 1502 0046 4018     		adds	r0, r0, r1
 1503 0048 1460     		str	r4, [r2]
 1504 004a EF22     		movs	r2, #239
 1505 004c D200     		lsls	r2, r2, #3
 1506 004e 8018     		adds	r0, r0, r2
 1507 0050 0278     		ldrb	r2, [r0]
 1508 0052 1A70     		strb	r2, [r3]
 1509 0054 F0E7     		b	.L178
 1510              	.L182:
 1511 0056 C046     		.align	2
 1512              	.L181:
 1513 0058 00000000 		.word	.LANCHOR6
 1514 005c 00000000 		.word	.LC1
 1515 0060 1D000000 		.word	.LC3
 1516 0064 22000000 		.word	.LC5
 1518              		.section	.text.rp_get_and_clear_raw_radio_irq,"ax",%progbits
 1519              		.align	1
 1520              		.global	rp_get_and_clear_raw_radio_irq
 1521              		.syntax unified
 1522              		.code	16
 1523              		.thumb_func
 1524              		.fpu softvfp
 1526              	rp_get_and_clear_raw_radio_irq:
 1527              		@ args = 0, pretend = 0, frame = 0
 1528              		@ frame_needed = 0, uses_anonymous_args = 0
 1529 0000 10B5     		push	{r4, lr}
 1530 0002 0A29     		cmp	r1, #10
 1531 0004 19D9     		bls	.L184
 1532 0006 FFF7FEFF 		bl	rp_hal_critical_section_end
 1533 000a 104C     		ldr	r4, .L186
 1534 000c 2000     		movs	r0, r4
 1535 000e FFF7FEFF 		bl	smtc_modem_hal_store_crashlog
ARM GAS  /tmp/ccTQEgjS.s 			page 28


 1536 0012 0120     		movs	r0, #1
 1537 0014 FFF7FEFF 		bl	smtc_modem_hal_set_crashlog_status
 1538 0018 2100     		movs	r1, r4
 1539 001a 0D48     		ldr	r0, .L186+4
 1540 001c FFF7FEFF 		bl	smtc_modem_hal_print_trace
 1541 0020 0C4C     		ldr	r4, .L186+8
 1542 0022 2000     		movs	r0, r4
 1543 0024 FFF7FEFF 		bl	smtc_modem_hal_print_trace
 1544 0028 0B48     		ldr	r0, .L186+12
 1545 002a FFF7FEFF 		bl	smtc_modem_hal_print_trace
 1546 002e 2000     		movs	r0, r4
 1547 0030 FFF7FEFF 		bl	smtc_modem_hal_print_trace
 1548 0034 FFF7FEFF 		bl	smtc_modem_hal_reset_mcu
 1549              	.L183:
 1550              		@ sp needed
 1551 0038 10BD     		pop	{r4, pc}
 1552              	.L184:
 1553 003a 084B     		ldr	r3, .L186+16
 1554 003c 4900     		lsls	r1, r1, #1
 1555 003e 4018     		adds	r0, r0, r1
 1556 0040 C15A     		ldrh	r1, [r0, r3]
 1557 0042 1180     		strh	r1, [r2]
 1558 0044 0022     		movs	r2, #0
 1559 0046 C252     		strh	r2, [r0, r3]
 1560 0048 F6E7     		b	.L183
 1561              	.L187:
 1562 004a C046     		.align	2
 1563              	.L186:
 1564 004c 00000000 		.word	.LANCHOR7
 1565 0050 00000000 		.word	.LC1
 1566 0054 1D000000 		.word	.LC3
 1567 0058 22000000 		.word	.LC5
 1568 005c 84070000 		.word	1924
 1570              		.section	.text.rp_get_stats,"ax",%progbits
 1571              		.align	1
 1572              		.global	rp_get_stats
 1573              		.syntax unified
 1574              		.code	16
 1575              		.thumb_func
 1576              		.fpu softvfp
 1578              	rp_get_stats:
 1579              		@ args = 0, pretend = 0, frame = 0
 1580              		@ frame_needed = 0, uses_anonymous_args = 0
 1581 0000 C422     		movs	r2, #196
 1582 0002 10B5     		push	{r4, lr}
 1583 0004 0400     		movs	r4, r0
 1584              		@ sp needed
 1585 0006 034B     		ldr	r3, .L189
 1586 0008 5200     		lsls	r2, r2, #1
 1587 000a C918     		adds	r1, r1, r3
 1588 000c FFF7FEFF 		bl	memcpy
 1589 0010 2000     		movs	r0, r4
 1590 0012 10BD     		pop	{r4, pc}
 1591              	.L190:
 1592              		.align	2
 1593              	.L189:
 1594 0014 F4070000 		.word	2036
ARM GAS  /tmp/ccTQEgjS.s 			page 29


 1596              		.section	.text.rp_get_pkt_payload,"ax",%progbits
 1597              		.align	1
 1598              		.global	rp_get_pkt_payload
 1599              		.syntax unified
 1600              		.code	16
 1601              		.thumb_func
 1602              		.fpu softvfp
 1604              	rp_get_pkt_payload:
 1605              		@ args = 0, pretend = 0, frame = 0
 1606              		@ frame_needed = 0, uses_anonymous_args = 0
 1607 0000 F8B5     		push	{r3, r4, r5, r6, r7, lr}
 1608 0002 4B78     		ldrb	r3, [r1, #1]
 1609 0004 0400     		movs	r4, r0
 1610 0006 0D3B     		subs	r3, r3, #13
 1611 0008 0E00     		movs	r6, r1
 1612 000a 012B     		cmp	r3, #1
 1613 000c 01D8     		bhi	.L192
 1614              	.L211:
 1615 000e 0020     		movs	r0, #0
 1616              	.L193:
 1617              		@ sp needed
 1618 0010 F8BD     		pop	{r3, r4, r5, r6, r7, pc}
 1619              	.L192:
 1620 0012 9C23     		movs	r3, #156
 1621 0014 0D78     		ldrb	r5, [r1]
 1622 0016 1B01     		lsls	r3, r3, #4
 1623 0018 2A00     		movs	r2, r5
 1624 001a C058     		ldr	r0, [r0, r3]
 1625 001c E523     		movs	r3, #229
 1626 001e BF32     		adds	r2, r2, #191
 1627 0020 9B00     		lsls	r3, r3, #2
 1628 0022 FF32     		adds	r2, r2, #255
 1629 0024 E918     		adds	r1, r5, r3
 1630 0026 9200     		lsls	r2, r2, #2
 1631 0028 4900     		lsls	r1, r1, #1
 1632 002a A218     		adds	r2, r4, r2
 1633 002c 076D     		ldr	r7, [r0, #80]
 1634 002e 6318     		adds	r3, r4, r1
 1635 0030 5268     		ldr	r2, [r2, #4]
 1636 0032 095B     		ldrh	r1, [r1, r4]
 1637 0034 0068     		ldr	r0, [r0]
 1638 0036 B847     		blx	r7
 1639 0038 0028     		cmp	r0, #0
 1640 003a 04D0     		beq	.L194
 1641 003c D221     		movs	r1, #210
 1642 003e 1D48     		ldr	r0, .L212
 1643 0040 8900     		lsls	r1, r1, #2
 1644 0042 FFF7FEFF 		bl	smtc_modem_hal_assert_fail
 1645              	.L194:
 1646 0046 7378     		ldrb	r3, [r6, #1]
 1647 0048 002B     		cmp	r3, #0
 1648 004a 01D0     		beq	.L195
 1649 004c 072B     		cmp	r3, #7
 1650 004e 16D1     		bne	.L196
 1651              	.L195:
 1652 0050 8421     		movs	r1, #132
 1653 0052 0122     		movs	r2, #1
ARM GAS  /tmp/ccTQEgjS.s 			page 30


 1654 0054 6943     		muls	r1, r5
 1655 0056 6318     		adds	r3, r4, r1
 1656 0058 1A77     		strb	r2, [r3, #28]
 1657 005a 9C23     		movs	r3, #156
 1658 005c 1B01     		lsls	r3, r3, #4
 1659 005e E358     		ldr	r3, [r4, r3]
 1660 0060 7C31     		adds	r1, r1, #124
 1661 0062 1A00     		movs	r2, r3
 1662 0064 9432     		adds	r2, r2, #148
 1663 0066 1268     		ldr	r2, [r2]
 1664 0068 1868     		ldr	r0, [r3]
 1665 006a 6118     		adds	r1, r4, r1
 1666 006c 9047     		blx	r2
 1667 006e 0028     		cmp	r0, #0
 1668 0070 CDD0     		beq	.L211
 1669 0072 D421     		movs	r1, #212
 1670 0074 0F48     		ldr	r0, .L212
 1671 0076 8900     		lsls	r1, r1, #2
 1672 0078 FFF7FEFF 		bl	smtc_modem_hal_assert_fail
 1673 007c C7E7     		b	.L211
 1674              	.L196:
 1675 007e 0120     		movs	r0, #1
 1676 0080 8342     		cmp	r3, r0
 1677 0082 C5D1     		bne	.L193
 1678 0084 8421     		movs	r1, #132
 1679 0086 6943     		muls	r1, r5
 1680 0088 0025     		movs	r5, #0
 1681 008a 6318     		adds	r3, r4, r1
 1682 008c 1D77     		strb	r5, [r3, #28]
 1683 008e 9C23     		movs	r3, #156
 1684 0090 1B01     		lsls	r3, r3, #4
 1685 0092 E358     		ldr	r3, [r4, r3]
 1686 0094 7C31     		adds	r1, r1, #124
 1687 0096 1A00     		movs	r2, r3
 1688 0098 9032     		adds	r2, r2, #144
 1689 009a 1268     		ldr	r2, [r2]
 1690 009c 1868     		ldr	r0, [r3]
 1691 009e 6118     		adds	r1, r4, r1
 1692 00a0 9047     		blx	r2
 1693 00a2 A842     		cmp	r0, r5
 1694 00a4 B3D0     		beq	.L211
 1695 00a6 D621     		movs	r1, #214
 1696 00a8 0248     		ldr	r0, .L212
 1697 00aa 8900     		lsls	r1, r1, #2
 1698 00ac FFF7FEFF 		bl	smtc_modem_hal_assert_fail
 1699 00b0 2800     		movs	r0, r5
 1700 00b2 ADE7     		b	.L193
 1701              	.L213:
 1702              		.align	2
 1703              	.L212:
 1704 00b4 00000000 		.word	.LANCHOR8
 1706              		.section	.rodata.rp_radio_irq.str1.1,"aMS",%progbits,1
 1707              	.LC48:
 1708 0000 20726164 		.ascii	" radio planner it but no more task activated\012\000"
 1708      696F2070 
 1708      6C616E6E 
 1708      65722069 
ARM GAS  /tmp/ccTQEgjS.s 			page 31


 1708      74206275 
 1709              		.section	.text.rp_radio_irq,"ax",%progbits
 1710              		.align	1
 1711              		.syntax unified
 1712              		.code	16
 1713              		.thumb_func
 1714              		.fpu softvfp
 1716              	rp_radio_irq:
 1717              		@ args = 0, pretend = 0, frame = 8
 1718              		@ frame_needed = 0, uses_anonymous_args = 0
 1719 0000 F7B5     		push	{r0, r1, r2, r4, r5, r6, r7, lr}
 1720 0002 1C27     		movs	r7, #28
 1721 0004 A64D     		ldr	r5, .L256
 1722 0006 A74A     		ldr	r2, .L256+4
 1723 0008 435D     		ldrb	r3, [r0, r5]
 1724 000a 0400     		movs	r4, r0
 1725 000c 7B43     		muls	r3, r7
 1726 000e C318     		adds	r3, r0, r3
 1727 0010 9B18     		adds	r3, r3, r2
 1728 0012 1B78     		ldrb	r3, [r3]
 1729 0014 022B     		cmp	r3, #2
 1730 0016 00D9     		bls	.LCB1810
 1731 0018 3EE1     		b	.L215	@long jump
 1732              	.LCB1810:
 1733 001a 0122     		movs	r2, #1
 1734 001c A24B     		ldr	r3, .L256+8
 1735 001e C254     		strb	r2, [r0, r3]
 1736 0020 FFF7FEFF 		bl	rp_hal_get_radio_irq_timestamp_in_100us
 1737 0024 F923     		movs	r3, #249
 1738 0026 665D     		ldrb	r6, [r4, r5]
 1739 0028 DB00     		lsls	r3, r3, #3
 1740 002a B600     		lsls	r6, r6, #2
 1741 002c A619     		adds	r6, r4, r6
 1742 002e F050     		str	r0, [r6, r3]
 1743 0030 FFF7FEFF 		bl	rp_hal_get_time_in_ms
 1744 0034 9D4B     		ldr	r3, .L256+12
 1745 0036 6A46     		mov	r2, sp
 1746 0038 F050     		str	r0, [r6, r3]
 1747 003a 0023     		movs	r3, #0
 1748 003c 665D     		ldrb	r6, [r4, r5]
 1749 003e D380     		strh	r3, [r2, #6]
 1750 0040 3B00     		movs	r3, r7
 1751 0042 7343     		muls	r3, r6
 1752 0044 9A4A     		ldr	r2, .L256+16
 1753 0046 E318     		adds	r3, r4, r3
 1754 0048 9B18     		adds	r3, r3, r2
 1755 004a 1B78     		ldrb	r3, [r3]
 1756 004c 0C2B     		cmp	r3, #12
 1757 004e 00D1     		bne	.LCB1840
 1758 0050 8AE0     		b	.L219	@long jump
 1759              	.LCB1840:
 1760 0052 083B     		subs	r3, r3, #8
 1761 0054 012B     		cmp	r3, #1
 1762 0056 00D8     		bhi	.LCB1844
 1763 0058 86E0     		b	.L219	@long jump
 1764              	.LCB1844:
 1765 005a 9C23     		movs	r3, #156
ARM GAS  /tmp/ccTQEgjS.s 			page 32


 1766 005c 6946     		mov	r1, sp
 1767 005e 1B01     		lsls	r3, r3, #4
 1768 0060 E358     		ldr	r3, [r4, r3]
 1769 0062 0631     		adds	r1, r1, #6
 1770 0064 DA6D     		ldr	r2, [r3, #92]
 1771 0066 1868     		ldr	r0, [r3]
 1772 0068 9047     		blx	r2
 1773 006a 0028     		cmp	r0, #0
 1774 006c 16D0     		beq	.L217
 1775 006e 914F     		ldr	r7, .L256+20
 1776 0070 3800     		movs	r0, r7
 1777 0072 FFF7FEFF 		bl	smtc_modem_hal_store_crashlog
 1778 0076 0120     		movs	r0, #1
 1779 0078 FFF7FEFF 		bl	smtc_modem_hal_set_crashlog_status
 1780 007c 3900     		movs	r1, r7
 1781 007e 8E48     		ldr	r0, .L256+24
 1782 0080 FFF7FEFF 		bl	smtc_modem_hal_print_trace
 1783 0084 8D4F     		ldr	r7, .L256+28
 1784 0086 3800     		movs	r0, r7
 1785 0088 FFF7FEFF 		bl	smtc_modem_hal_print_trace
 1786 008c 8C48     		ldr	r0, .L256+32
 1787 008e FFF7FEFF 		bl	smtc_modem_hal_print_trace
 1788 0092 3800     		movs	r0, r7
 1789 0094 FFF7FEFF 		bl	smtc_modem_hal_print_trace
 1790 0098 FFF7FEFF 		bl	smtc_modem_hal_reset_mcu
 1791              	.L217:
 1792 009c 6B46     		mov	r3, sp
 1793 009e DA88     		ldrh	r2, [r3, #6]
 1794 00a0 F023     		movs	r3, #240
 1795 00a2 0221     		movs	r1, #2
 1796 00a4 1000     		movs	r0, r2
 1797 00a6 9B00     		lsls	r3, r3, #2
 1798 00a8 F318     		adds	r3, r6, r3
 1799 00aa 5B00     		lsls	r3, r3, #1
 1800 00ac E318     		adds	r3, r4, r3
 1801 00ae 9A80     		strh	r2, [r3, #4]
 1802 00b0 0840     		ands	r0, r1
 1803 00b2 A319     		adds	r3, r4, r6
 1804 00b4 0A42     		tst	r2, r1
 1805 00b6 1CD0     		beq	.L218
 1806 00b8 EF22     		movs	r2, #239
 1807 00ba D200     		lsls	r2, r2, #3
 1808 00bc 9B18     		adds	r3, r3, r2
 1809 00be 0322     		movs	r2, #3
 1810 00c0 1A70     		strb	r2, [r3]
 1811 00c2 6378     		ldrb	r3, [r4, #1]
 1812 00c4 042B     		cmp	r3, #4
 1813 00c6 4FD1     		bne	.L219
 1814 00c8 9C23     		movs	r3, #156
 1815 00ca 1B01     		lsls	r3, r3, #4
 1816 00cc E058     		ldr	r0, [r4, r3]
 1817 00ce 8231     		adds	r1, r1, #130
 1818 00d0 0300     		movs	r3, r0
 1819 00d2 7143     		muls	r1, r6
 1820 00d4 D033     		adds	r3, r3, #208
 1821 00d6 2031     		adds	r1, r1, #32
 1822 00d8 0022     		movs	r2, #0
ARM GAS  /tmp/ccTQEgjS.s 			page 33


 1823 00da 1B68     		ldr	r3, [r3]
 1824 00dc 0068     		ldr	r0, [r0]
 1825 00de 6118     		adds	r1, r4, r1
 1826 00e0 9847     		blx	r3
 1827 00e2 0028     		cmp	r0, #0
 1828 00e4 40D0     		beq	.L219
 1829 00e6 9D21     		movs	r1, #157
 1830 00e8 8900     		lsls	r1, r1, #2
 1831              	.L252:
 1832 00ea 7248     		ldr	r0, .L256+20
 1833 00ec FFF7FEFF 		bl	smtc_modem_hal_assert_fail
 1834 00f0 3AE0     		b	.L219
 1835              	.L218:
 1836 00f2 C027     		movs	r7, #192
 1837 00f4 3A42     		tst	r2, r7
 1838 00f6 04D0     		beq	.L220
 1839              	.L254:
 1840 00f8 EF22     		movs	r2, #239
 1841 00fa D200     		lsls	r2, r2, #3
 1842 00fc 9B18     		adds	r3, r3, r2
 1843 00fe 1870     		strb	r0, [r3]
 1844 0100 32E0     		b	.L219
 1845              	.L220:
 1846 0102 0820     		movs	r0, #8
 1847 0104 0242     		tst	r2, r0
 1848 0106 05D0     		beq	.L221
 1849 0108 EF22     		movs	r2, #239
 1850 010a D200     		lsls	r2, r2, #3
 1851 010c 9B18     		adds	r3, r3, r2
 1852 010e 0522     		movs	r2, #5
 1853              	.L253:
 1854 0110 1A70     		strb	r2, [r3]
 1855 0112 29E0     		b	.L219
 1856              	.L221:
 1857 0114 0427     		movs	r7, #4
 1858 0116 3A42     		tst	r2, r7
 1859 0118 3CD0     		beq	.L222
 1860 011a EF22     		movs	r2, #239
 1861 011c 1C21     		movs	r1, #28
 1862 011e D200     		lsls	r2, r2, #3
 1863 0120 9B18     		adds	r3, r3, r2
 1864 0122 1F70     		strb	r7, [r3]
 1865 0124 B923     		movs	r3, #185
 1866 0126 7143     		muls	r1, r6
 1867 0128 DB00     		lsls	r3, r3, #3
 1868 012a C918     		adds	r1, r1, r3
 1869 012c 2000     		movs	r0, r4
 1870 012e 6118     		adds	r1, r4, r1
 1871 0130 FFF7FEFF 		bl	rp_get_pkt_payload
 1872 0134 0600     		movs	r6, r0
 1873 0136 0128     		cmp	r0, #1
 1874 0138 16D1     		bne	.L219
 1875 013a 5E4F     		ldr	r7, .L256+20
 1876 013c 3800     		movs	r0, r7
 1877 013e FFF7FEFF 		bl	smtc_modem_hal_store_crashlog
 1878 0142 3000     		movs	r0, r6
 1879 0144 FFF7FEFF 		bl	smtc_modem_hal_set_crashlog_status
ARM GAS  /tmp/ccTQEgjS.s 			page 34


 1880 0148 3900     		movs	r1, r7
 1881 014a 5B48     		ldr	r0, .L256+24
 1882 014c FFF7FEFF 		bl	smtc_modem_hal_print_trace
 1883 0150 5A4E     		ldr	r6, .L256+28
 1884 0152 3000     		movs	r0, r6
 1885 0154 FFF7FEFF 		bl	smtc_modem_hal_print_trace
 1886 0158 5948     		ldr	r0, .L256+32
 1887 015a FFF7FEFF 		bl	smtc_modem_hal_print_trace
 1888 015e 3000     		movs	r0, r6
 1889 0160 FFF7FEFF 		bl	smtc_modem_hal_print_trace
 1890 0164 FFF7FEFF 		bl	smtc_modem_hal_reset_mcu
 1891              	.L219:
 1892 0168 EF22     		movs	r2, #239
 1893 016a 615D     		ldrb	r1, [r4, r5]
 1894 016c D200     		lsls	r2, r2, #3
 1895 016e 6318     		adds	r3, r4, r1
 1896 0170 9B18     		adds	r3, r3, r2
 1897 0172 1A78     		ldrb	r2, [r3]
 1898 0174 0C2A     		cmp	r2, #12
 1899 0176 0CD0     		beq	.L214
 1900 0178 1C23     		movs	r3, #28
 1901 017a 022A     		cmp	r2, #2
 1902 017c 41D1     		bne	.L230
 1903 017e 4B43     		muls	r3, r1
 1904 0180 4B4A     		ldr	r2, .L256+16
 1905 0182 E318     		adds	r3, r4, r3
 1906 0184 9B18     		adds	r3, r3, r2
 1907 0186 1B78     		ldrb	r3, [r3]
 1908 0188 062B     		cmp	r3, #6
 1909 018a 43D1     		bne	.L231
 1910              	.L255:
 1911 018c 2000     		movs	r0, r4
 1912 018e FFF7FEFF 		bl	rp_hook_callback
 1913              	.L214:
 1914              		@ sp needed
 1915 0192 F7BD     		pop	{r0, r1, r2, r4, r5, r6, r7, pc}
 1916              	.L222:
 1917 0194 9705     		lsls	r7, r2, #22
 1918 0196 04D5     		bpl	.L223
 1919 0198 EF22     		movs	r2, #239
 1920 019a D200     		lsls	r2, r2, #3
 1921 019c 9B18     		adds	r3, r3, r2
 1922 019e 0122     		movs	r2, #1
 1923 01a0 B6E7     		b	.L253
 1924              	.L223:
 1925 01a2 D705     		lsls	r7, r2, #23
 1926 01a4 04D5     		bpl	.L224
 1927 01a6 EF22     		movs	r2, #239
 1928 01a8 D200     		lsls	r2, r2, #3
 1929 01aa 9B18     		adds	r3, r3, r2
 1930 01ac 1970     		strb	r1, [r3]
 1931 01ae DBE7     		b	.L219
 1932              	.L224:
 1933 01b0 5105     		lsls	r1, r2, #21
 1934 01b2 17D5     		bpl	.L225
 1935 01b4 EF22     		movs	r2, #239
 1936 01b6 D200     		lsls	r2, r2, #3
ARM GAS  /tmp/ccTQEgjS.s 			page 35


 1937 01b8 9B18     		adds	r3, r3, r2
 1938 01ba 0C22     		movs	r2, #12
 1939 01bc 8421     		movs	r1, #132
 1940 01be 1A70     		strb	r2, [r3]
 1941 01c0 9C23     		movs	r3, #156
 1942 01c2 7143     		muls	r1, r6
 1943 01c4 1B01     		lsls	r3, r3, #4
 1944 01c6 E358     		ldr	r3, [r4, r3]
 1945 01c8 0A00     		movs	r2, r1
 1946 01ca 1800     		movs	r0, r3
 1947 01cc 8632     		adds	r2, r2, #134
 1948 01ce CC30     		adds	r0, r0, #204
 1949 01d0 2031     		adds	r1, r1, #32
 1950 01d2 0768     		ldr	r7, [r0]
 1951 01d4 A218     		adds	r2, r4, r2
 1952 01d6 1868     		ldr	r0, [r3]
 1953 01d8 6118     		adds	r1, r4, r1
 1954 01da B847     		blx	r7
 1955 01dc 0028     		cmp	r0, #0
 1956 01de C3D0     		beq	.L219
 1957 01e0 3849     		ldr	r1, .L256+36
 1958 01e2 82E7     		b	.L252
 1959              	.L225:
 1960 01e4 1105     		lsls	r1, r2, #20
 1961 01e6 00D5     		bpl	.LCB2087
 1962 01e8 86E7     		b	.L254	@long jump
 1963              	.LCB2087:
 1964 01ea D204     		lsls	r2, r2, #19
 1965 01ec 04D5     		bpl	.L227
 1966 01ee EF22     		movs	r2, #239
 1967 01f0 D200     		lsls	r2, r2, #3
 1968 01f2 9B18     		adds	r3, r3, r2
 1969 01f4 0922     		movs	r2, #9
 1970 01f6 8BE7     		b	.L253
 1971              	.L227:
 1972 01f8 EF22     		movs	r2, #239
 1973 01fa D200     		lsls	r2, r2, #3
 1974 01fc 9B18     		adds	r3, r3, r2
 1975 01fe 0A22     		movs	r2, #10
 1976 0200 86E7     		b	.L253
 1977              	.L230:
 1978 0202 012A     		cmp	r2, #1
 1979 0204 06D1     		bne	.L231
 1980 0206 4B43     		muls	r3, r1
 1981 0208 294A     		ldr	r2, .L256+16
 1982 020a E318     		adds	r3, r4, r3
 1983 020c 9B18     		adds	r3, r3, r2
 1984 020e 1B78     		ldrb	r3, [r3]
 1985 0210 072B     		cmp	r3, #7
 1986 0212 BBD0     		beq	.L255
 1987              	.L231:
 1988 0214 0B00     		movs	r3, r1
 1989 0216 E733     		adds	r3, r3, #231
 1990 0218 FF33     		adds	r3, r3, #255
 1991 021a 9B00     		lsls	r3, r3, #2
 1992 021c E318     		adds	r3, r4, r3
 1993 021e 5A68     		ldr	r2, [r3, #4]
ARM GAS  /tmp/ccTQEgjS.s 			page 36


 1994 0220 2000     		movs	r0, r4
 1995 0222 FFF7FEFF 		bl	rp_consumption_statistics_updated
 1996 0226 1C23     		movs	r3, #28
 1997 0228 625D     		ldrb	r2, [r4, r5]
 1998 022a 0B21     		movs	r1, #11
 1999 022c 5343     		muls	r3, r2
 2000 022e B922     		movs	r2, #185
 2001 0230 E318     		adds	r3, r4, r3
 2002 0232 D200     		lsls	r2, r2, #3
 2003 0234 9A18     		adds	r2, r3, r2
 2004 0236 1170     		strb	r1, [r2]
 2005 0238 234A     		ldr	r2, .L256+40
 2006 023a 0420     		movs	r0, #4
 2007 023c 9918     		adds	r1, r3, r2
 2008 023e 0022     		movs	r2, #0
 2009 0240 0A60     		str	r2, [r1]
 2010 0242 2249     		ldr	r1, .L256+44
 2011 0244 5918     		adds	r1, r3, r1
 2012 0246 0A60     		str	r2, [r1]
 2013 0248 BC21     		movs	r1, #188
 2014 024a C900     		lsls	r1, r1, #3
 2015 024c 5918     		adds	r1, r3, r1
 2016 024e 0A60     		str	r2, [r1]
 2017 0250 1449     		ldr	r1, .L256+4
 2018 0252 5918     		adds	r1, r3, r1
 2019 0254 0870     		strb	r0, [r1]
 2020 0256 1E49     		ldr	r1, .L256+48
 2021 0258 5B18     		adds	r3, r3, r1
 2022 025a 1A70     		strb	r2, [r3]
 2023 025c 9C23     		movs	r3, #156
 2024 025e 1B01     		lsls	r3, r3, #4
 2025 0260 E358     		ldr	r3, [r4, r3]
 2026 0262 0121     		movs	r1, #1
 2027 0264 5A69     		ldr	r2, [r3, #20]
 2028 0266 1868     		ldr	r0, [r3]
 2029 0268 9047     		blx	r2
 2030 026a 0028     		cmp	r0, #0
 2031 026c 04D0     		beq	.L232
 2032 026e D321     		movs	r1, #211
 2033 0270 1848     		ldr	r0, .L256+52
 2034 0272 4900     		lsls	r1, r1, #1
 2035 0274 FFF7FEFF 		bl	smtc_modem_hal_assert_fail
 2036              	.L232:
 2037 0278 2000     		movs	r0, r4
 2038 027a 615D     		ldrb	r1, [r4, r5]
 2039 027c FFF7FEFF 		bl	rp_hook_callback
 2040 0280 2000     		movs	r0, r4
 2041 0282 FFF7FEFF 		bl	rp_task_call_aborted
 2042 0286 0023     		movs	r3, #0
 2043 0288 074A     		ldr	r2, .L256+8
 2044 028a 2000     		movs	r0, r4
 2045 028c A354     		strb	r3, [r4, r2]
 2046 028e FFF7FEFF 		bl	rp_task_arbiter.constprop.0
 2047              	.L233:
 2048 0292 FFF7FEFF 		bl	smtc_modem_hal_stop_radio_tcxo
 2049 0296 7CE7     		b	.L214
 2050              	.L215:
ARM GAS  /tmp/ccTQEgjS.s 			page 37


 2051 0298 0F48     		ldr	r0, .L256+56
 2052 029a FFF7FEFF 		bl	smtc_modem_hal_print_trace
 2053 029e F8E7     		b	.L233
 2054              	.L257:
 2055              		.align	2
 2056              	.L256:
 2057 02a0 84090000 		.word	2436
 2058 02a4 D2050000 		.word	1490
 2059 02a8 86090000 		.word	2438
 2060 02ac 9C070000 		.word	1948
 2061 02b0 C9050000 		.word	1481
 2062 02b4 00000000 		.word	.LANCHOR9
 2063 02b8 00000000 		.word	.LC1
 2064 02bc 1D000000 		.word	.LC3
 2065 02c0 22000000 		.word	.LC5
 2066 02c4 97020000 		.word	663
 2067 02c8 D4050000 		.word	1492
 2068 02cc DC050000 		.word	1500
 2069 02d0 D1050000 		.word	1489
 2070 02d4 00000000 		.word	.LANCHOR10
 2071 02d8 00000000 		.word	.LC48
 2073              		.section	.text.rp_task_abort,"ax",%progbits
 2074              		.align	1
 2075              		.global	rp_task_abort
 2076              		.syntax unified
 2077              		.code	16
 2078              		.thumb_func
 2079              		.fpu softvfp
 2081              	rp_task_abort:
 2082              		@ args = 0, pretend = 0, frame = 0
 2083              		@ frame_needed = 0, uses_anonymous_args = 0
 2084 0000 70B5     		push	{r4, r5, r6, lr}
 2085 0002 0D00     		movs	r5, r1
 2086 0004 0400     		movs	r4, r0
 2087 0006 FFF7FEFF 		bl	rp_hal_critical_section_begin
 2088 000a 0A2D     		cmp	r5, #10
 2089 000c 1AD9     		bls	.L259
 2090 000e FFF7FEFF 		bl	rp_hal_critical_section_end
 2091 0012 1A4C     		ldr	r4, .L264
 2092 0014 2000     		movs	r0, r4
 2093 0016 FFF7FEFF 		bl	smtc_modem_hal_store_crashlog
 2094 001a 0120     		movs	r0, #1
 2095 001c FFF7FEFF 		bl	smtc_modem_hal_set_crashlog_status
 2096 0020 2100     		movs	r1, r4
 2097 0022 1748     		ldr	r0, .L264+4
 2098 0024 FFF7FEFF 		bl	smtc_modem_hal_print_trace
 2099 0028 164C     		ldr	r4, .L264+8
 2100 002a 2000     		movs	r0, r4
 2101 002c FFF7FEFF 		bl	smtc_modem_hal_print_trace
 2102 0030 1548     		ldr	r0, .L264+12
 2103 0032 FFF7FEFF 		bl	smtc_modem_hal_print_trace
 2104 0036 2000     		movs	r0, r4
 2105 0038 FFF7FEFF 		bl	smtc_modem_hal_print_trace
 2106 003c FFF7FEFF 		bl	smtc_modem_hal_reset_mcu
 2107 0040 0120     		movs	r0, #1
 2108              	.L260:
 2109              		@ sp needed
ARM GAS  /tmp/ccTQEgjS.s 			page 38


 2110 0042 70BD     		pop	{r4, r5, r6, pc}
 2111              	.L259:
 2112 0044 1C21     		movs	r1, #28
 2113 0046 6943     		muls	r1, r5
 2114 0048 104B     		ldr	r3, .L264+16
 2115 004a 6118     		adds	r1, r4, r1
 2116 004c C918     		adds	r1, r1, r3
 2117 004e 0B78     		ldrb	r3, [r1]
 2118 0050 032B     		cmp	r3, #3
 2119 0052 03D9     		bls	.L261
 2120              	.L263:
 2121 0054 FFF7FEFF 		bl	rp_hal_critical_section_end
 2122 0058 0020     		movs	r0, #0
 2123 005a F2E7     		b	.L260
 2124              	.L261:
 2125 005c 022B     		cmp	r3, #2
 2126 005e 03D1     		bne	.L262
 2127 0060 2000     		movs	r0, r4
 2128 0062 FFF7FEFF 		bl	rp_radio_irq
 2129 0066 F5E7     		b	.L263
 2130              	.L262:
 2131 0068 0323     		movs	r3, #3
 2132 006a 0B70     		strb	r3, [r1]
 2133 006c 084B     		ldr	r3, .L264+20
 2134 006e E35C     		ldrb	r3, [r4, r3]
 2135 0070 002B     		cmp	r3, #0
 2136 0072 EFD1     		bne	.L263
 2137 0074 2000     		movs	r0, r4
 2138 0076 FFF7FEFF 		bl	rp_task_arbiter.constprop.0
 2139 007a EBE7     		b	.L263
 2140              	.L265:
 2141              		.align	2
 2142              	.L264:
 2143 007c 00000000 		.word	.LANCHOR11
 2144 0080 00000000 		.word	.LC1
 2145 0084 1D000000 		.word	.LC3
 2146 0088 22000000 		.word	.LC5
 2147 008c D2050000 		.word	1490
 2148 0090 86090000 		.word	2438
 2150              		.section	.text.rp_radio_irq_callback,"ax",%progbits
 2151              		.align	1
 2152              		.global	rp_radio_irq_callback
 2153              		.syntax unified
 2154              		.code	16
 2155              		.thumb_func
 2156              		.fpu softvfp
 2158              	rp_radio_irq_callback:
 2159              		@ args = 0, pretend = 0, frame = 0
 2160              		@ frame_needed = 0, uses_anonymous_args = 0
 2161 0000 10B5     		push	{r4, lr}
 2162 0002 FFF7FEFF 		bl	rp_radio_irq
 2163              		@ sp needed
 2164 0006 10BD     		pop	{r4, pc}
 2166              		.section	.rodata.__func__.0,"a"
 2167              		.set	.LANCHOR8,. + 0
 2170              	__func__.0:
 2171 0000 72705F67 		.ascii	"rp_get_pkt_payload\000"
ARM GAS  /tmp/ccTQEgjS.s 			page 39


 2171      65745F70 
 2171      6B745F70 
 2171      61796C6F 
 2171      616400
 2172              		.section	.rodata.__func__.1,"a"
 2173              		.set	.LANCHOR7,. + 0
 2176              	__func__.1:
 2177 0000 72705F67 		.ascii	"rp_get_and_clear_raw_radio_irq\000"
 2177      65745F61 
 2177      6E645F63 
 2177      6C656172 
 2177      5F726177 
 2178              		.section	.rodata.__func__.10,"a"
 2179              		.set	.LANCHOR4,. + 0
 2182              	__func__.10:
 2183 0000 72705F68 		.ascii	"rp_hook_get_id\000"
 2183      6F6F6B5F 
 2183      6765745F 
 2183      696400
 2184              		.section	.rodata.__func__.11,"a"
 2185              		.set	.LANCHOR3,. + 0
 2188              	__func__.11:
 2189 0000 72705F72 		.ascii	"rp_release_hook\000"
 2189      656C6561 
 2189      73655F68 
 2189      6F6F6B00 
 2190              		.section	.rodata.__func__.12,"a"
 2191              		.set	.LANCHOR2,. + 0
 2194              	__func__.12:
 2195 0000 72705F68 		.ascii	"rp_hook_init\000"
 2195      6F6F6B5F 
 2195      696E6974 
 2195      00
 2196              		.section	.rodata.__func__.2,"a"
 2197              		.set	.LANCHOR6,. + 0
 2200              	__func__.2:
 2201 0000 72705F67 		.ascii	"rp_get_status\000"
 2201      65745F73 
 2201      74617475 
 2201      7300
 2202              		.section	.rodata.__func__.3,"a"
 2203              		.set	.LANCHOR9,. + 0
 2206              	__func__.3:
 2207 0000 72705F69 		.ascii	"rp_irq_get_status\000"
 2207      72715F67 
 2207      65745F73 
 2207      74617475 
 2207      7300
 2208              		.section	.rodata.__func__.4,"a"
 2209              		.set	.LANCHOR10,. + 0
 2212              	__func__.4:
 2213 0000 72705F72 		.ascii	"rp_radio_irq\000"
 2213      6164696F 
 2213      5F697271 
 2213      00
 2214              		.section	.rodata.__func__.5,"a"
 2215              		.set	.LANCHOR11,. + 0
ARM GAS  /tmp/ccTQEgjS.s 			page 40


 2218              	__func__.5:
 2219 0000 72705F74 		.ascii	"rp_task_abort\000"
 2219      61736B5F 
 2219      61626F72 
 2219      7400
 2220              		.section	.rodata.__func__.6,"a"
 2221              		.set	.LANCHOR0,. + 0
 2224              	__func__.6:
 2225 0000 72705F68 		.ascii	"rp_hook_callback\000"
 2225      6F6F6B5F 
 2225      63616C6C 
 2225      6261636B 
 2225      00
 2226              		.section	.rodata.__func__.8,"a"
 2227              		.set	.LANCHOR1,. + 0
 2230              	__func__.8:
 2231 0000 72705F74 		.ascii	"rp_task_arbiter\000"
 2231      61736B5F 
 2231      61726269 
 2231      74657200 
 2232              		.section	.rodata.__func__.9,"a"
 2233              		.set	.LANCHOR5,. + 0
 2236              	__func__.9:
 2237 0000 72705F74 		.ascii	"rp_task_enqueue\000"
 2237      61736B5F 
 2237      656E7175 
 2237      65756500 
 2238              		.ident	"GCC: (15:10.3-2021.07-4) 10.3.1 20210621 (release)"
ARM GAS  /tmp/ccTQEgjS.s 			page 41


DEFINED SYMBOLS
                            *ABS*:0000000000000000 radio_planner.c
     /tmp/ccTQEgjS.s:19     .text.rp_hook_callback:0000000000000000 $t
     /tmp/ccTQEgjS.s:26     .text.rp_hook_callback:0000000000000000 rp_hook_callback
     /tmp/ccTQEgjS.s:67     .text.rp_hook_callback:000000000000004c $d
     /tmp/ccTQEgjS.s:74     .text.rp_task_call_aborted:0000000000000000 $t
     /tmp/ccTQEgjS.s:80     .text.rp_task_call_aborted:0000000000000000 rp_task_call_aborted
     /tmp/ccTQEgjS.s:133    .text.rp_task_call_aborted:000000000000005c $d
     /tmp/ccTQEgjS.s:137    .text.rp_task_compute_ranking:0000000000000000 $t
     /tmp/ccTQEgjS.s:143    .text.rp_task_compute_ranking:0000000000000000 rp_task_compute_ranking
     /tmp/ccTQEgjS.s:192    .text.rp_task_compute_ranking:000000000000004c $d
     /tmp/ccTQEgjS.s:198    .text.rp_consumption_statistics_updated:0000000000000000 $t
     /tmp/ccTQEgjS.s:204    .text.rp_consumption_statistics_updated:0000000000000000 rp_consumption_statistics_updated
     /tmp/ccTQEgjS.s:427    .text.rp_consumption_statistics_updated:00000000000001a4 $d
     /tmp/ccTQEgjS.s:442    .text.rp_task_arbiter.constprop.0:0000000000000000 $t
     /tmp/ccTQEgjS.s:448    .text.rp_task_arbiter.constprop.0:0000000000000000 rp_task_arbiter.constprop.0
     /tmp/ccTQEgjS.s:914    .text.rp_task_arbiter.constprop.0:0000000000000368 $d
     /tmp/ccTQEgjS.s:935    .text.rp_task_arbiter.constprop.0:00000000000003b8 $t
     /tmp/ccTQEgjS.s:987    .text.rp_task_arbiter.constprop.0:0000000000000418 $d
     /tmp/ccTQEgjS.s:999    .text.rp_timer_irq_callback:0000000000000000 rp_timer_irq_callback
     /tmp/ccTQEgjS.s:993    .text.rp_timer_irq_callback:0000000000000000 $t
     /tmp/ccTQEgjS.s:1008   .text.rp_init:0000000000000000 $t
     /tmp/ccTQEgjS.s:1015   .text.rp_init:0000000000000000 rp_init
     /tmp/ccTQEgjS.s:1079   .text.rp_init:0000000000000074 $d
     /tmp/ccTQEgjS.s:1086   .text.rp_hook_init:0000000000000000 $t
     /tmp/ccTQEgjS.s:1093   .text.rp_hook_init:0000000000000000 rp_hook_init
     /tmp/ccTQEgjS.s:1144   .text.rp_hook_init:0000000000000060 $d
     /tmp/ccTQEgjS.s:1151   .text.rp_release_hook:0000000000000000 $t
     /tmp/ccTQEgjS.s:1158   .text.rp_release_hook:0000000000000000 rp_release_hook
     /tmp/ccTQEgjS.s:1202   .text.rp_release_hook:0000000000000054 $d
     /tmp/ccTQEgjS.s:1209   .text.rp_hook_get_id:0000000000000000 $t
     /tmp/ccTQEgjS.s:1216   .text.rp_hook_get_id:0000000000000000 rp_hook_get_id
     /tmp/ccTQEgjS.s:1258   .text.rp_hook_get_id:0000000000000050 $d
     /tmp/ccTQEgjS.s:1270   .text.rp_task_enqueue:0000000000000000 $t
     /tmp/ccTQEgjS.s:1277   .text.rp_task_enqueue:0000000000000000 rp_task_enqueue
     /tmp/ccTQEgjS.s:1448   .text.rp_task_enqueue:0000000000000158 $d
     /tmp/ccTQEgjS.s:1462   .text.rp_get_status:0000000000000000 $t
     /tmp/ccTQEgjS.s:1469   .text.rp_get_status:0000000000000000 rp_get_status
     /tmp/ccTQEgjS.s:1513   .text.rp_get_status:0000000000000058 $d
     /tmp/ccTQEgjS.s:1519   .text.rp_get_and_clear_raw_radio_irq:0000000000000000 $t
     /tmp/ccTQEgjS.s:1526   .text.rp_get_and_clear_raw_radio_irq:0000000000000000 rp_get_and_clear_raw_radio_irq
     /tmp/ccTQEgjS.s:1564   .text.rp_get_and_clear_raw_radio_irq:000000000000004c $d
     /tmp/ccTQEgjS.s:1571   .text.rp_get_stats:0000000000000000 $t
     /tmp/ccTQEgjS.s:1578   .text.rp_get_stats:0000000000000000 rp_get_stats
     /tmp/ccTQEgjS.s:1594   .text.rp_get_stats:0000000000000014 $d
     /tmp/ccTQEgjS.s:1597   .text.rp_get_pkt_payload:0000000000000000 $t
     /tmp/ccTQEgjS.s:1604   .text.rp_get_pkt_payload:0000000000000000 rp_get_pkt_payload
     /tmp/ccTQEgjS.s:1704   .text.rp_get_pkt_payload:00000000000000b4 $d
     /tmp/ccTQEgjS.s:1710   .text.rp_radio_irq:0000000000000000 $t
     /tmp/ccTQEgjS.s:1716   .text.rp_radio_irq:0000000000000000 rp_radio_irq
     /tmp/ccTQEgjS.s:2057   .text.rp_radio_irq:00000000000002a0 $d
     /tmp/ccTQEgjS.s:2074   .text.rp_task_abort:0000000000000000 $t
     /tmp/ccTQEgjS.s:2081   .text.rp_task_abort:0000000000000000 rp_task_abort
     /tmp/ccTQEgjS.s:2143   .text.rp_task_abort:000000000000007c $d
     /tmp/ccTQEgjS.s:2151   .text.rp_radio_irq_callback:0000000000000000 $t
     /tmp/ccTQEgjS.s:2158   .text.rp_radio_irq_callback:0000000000000000 rp_radio_irq_callback
     /tmp/ccTQEgjS.s:2170   .rodata.__func__.0:0000000000000000 __func__.0
ARM GAS  /tmp/ccTQEgjS.s 			page 42


     /tmp/ccTQEgjS.s:2176   .rodata.__func__.1:0000000000000000 __func__.1
     /tmp/ccTQEgjS.s:2182   .rodata.__func__.10:0000000000000000 __func__.10
     /tmp/ccTQEgjS.s:2188   .rodata.__func__.11:0000000000000000 __func__.11
     /tmp/ccTQEgjS.s:2194   .rodata.__func__.12:0000000000000000 __func__.12
     /tmp/ccTQEgjS.s:2200   .rodata.__func__.2:0000000000000000 __func__.2
     /tmp/ccTQEgjS.s:2206   .rodata.__func__.3:0000000000000000 __func__.3
     /tmp/ccTQEgjS.s:2212   .rodata.__func__.4:0000000000000000 __func__.4
     /tmp/ccTQEgjS.s:2218   .rodata.__func__.5:0000000000000000 __func__.5
     /tmp/ccTQEgjS.s:2224   .rodata.__func__.6:0000000000000000 __func__.6
     /tmp/ccTQEgjS.s:2230   .rodata.__func__.8:0000000000000000 __func__.8
     /tmp/ccTQEgjS.s:2236   .rodata.__func__.9:0000000000000000 __func__.9

UNDEFINED SYMBOLS
smtc_modem_hal_store_crashlog
smtc_modem_hal_set_crashlog_status
smtc_modem_hal_print_trace
smtc_modem_hal_reset_mcu
__aeabi_uidiv
rp_hal_get_time_in_ms
smtc_modem_hal_assert_fail
rp_hal_irq_clear_pending
smtc_modem_hal_stop_radio_tcxo
rp_hal_timer_stop
rp_hal_timer_start
memset
rp_hal_critical_section_begin
memcpy
rp_hal_critical_section_end
rp_hal_get_radio_irq_timestamp_in_100us
