ARM GAS  /tmp/cc8fjasv.s 			page 1


   1              		.cpu cortex-m4
   2              		.eabi_attribute 27, 1
   3              		.eabi_attribute 28, 1
   4              		.eabi_attribute 20, 1
   5              		.eabi_attribute 21, 1
   6              		.eabi_attribute 23, 3
   7              		.eabi_attribute 24, 1
   8              		.eabi_attribute 25, 1
   9              		.eabi_attribute 26, 1
  10              		.eabi_attribute 30, 1
  11              		.eabi_attribute 34, 1
  12              		.eabi_attribute 18, 4
  13              		.file	"stm32l4xx_hal_msp.c"
  14              		.text
  15              	.Ltext0:
  16              		.cfi_sections	.debug_frame
  17              		.section	.text.HAL_MspInit,"ax",%progbits
  18              		.align	1
  19              		.global	HAL_MspInit
  20              		.arch armv7e-m
  21              		.syntax unified
  22              		.thumb
  23              		.thumb_func
  24              		.fpu fpv4-sp-d16
  26              	HAL_MspInit:
  27              	.LFB132:
  28              		.file 1 "Src/stm32l4xx_hal_msp.c"
   1:Src/stm32l4xx_hal_msp.c **** /* USER CODE BEGIN Header */
   2:Src/stm32l4xx_hal_msp.c **** /**
   3:Src/stm32l4xx_hal_msp.c ****   ******************************************************************************
   4:Src/stm32l4xx_hal_msp.c ****   * @file         stm32l4xx_hal_msp.c
   5:Src/stm32l4xx_hal_msp.c ****   * @brief        This file provides code for the MSP Initialization
   6:Src/stm32l4xx_hal_msp.c ****   *               and de-Initialization codes.
   7:Src/stm32l4xx_hal_msp.c ****   ******************************************************************************
   8:Src/stm32l4xx_hal_msp.c ****   * @attention
   9:Src/stm32l4xx_hal_msp.c ****   *
  10:Src/stm32l4xx_hal_msp.c ****   * Copyright (c) 2024 STMicroelectronics.
  11:Src/stm32l4xx_hal_msp.c ****   * All rights reserved.
  12:Src/stm32l4xx_hal_msp.c ****   *
  13:Src/stm32l4xx_hal_msp.c ****   * This software is licensed under terms that can be found in the LICENSE file
  14:Src/stm32l4xx_hal_msp.c ****   * in the root directory of this software component.
  15:Src/stm32l4xx_hal_msp.c ****   * If no LICENSE file comes with this software, it is provided AS-IS.
  16:Src/stm32l4xx_hal_msp.c ****   *
  17:Src/stm32l4xx_hal_msp.c ****   ******************************************************************************
  18:Src/stm32l4xx_hal_msp.c ****   */
  19:Src/stm32l4xx_hal_msp.c **** /* USER CODE END Header */
  20:Src/stm32l4xx_hal_msp.c **** 
  21:Src/stm32l4xx_hal_msp.c **** /* Includes ------------------------------------------------------------------*/
  22:Src/stm32l4xx_hal_msp.c **** #include "main.h"
  23:Src/stm32l4xx_hal_msp.c **** 
  24:Src/stm32l4xx_hal_msp.c **** /* USER CODE BEGIN Includes */
  25:Src/stm32l4xx_hal_msp.c **** 
  26:Src/stm32l4xx_hal_msp.c **** /* USER CODE END Includes */
  27:Src/stm32l4xx_hal_msp.c **** 
  28:Src/stm32l4xx_hal_msp.c **** /* Private typedef -----------------------------------------------------------*/
  29:Src/stm32l4xx_hal_msp.c **** /* USER CODE BEGIN TD */
  30:Src/stm32l4xx_hal_msp.c **** 
ARM GAS  /tmp/cc8fjasv.s 			page 2


  31:Src/stm32l4xx_hal_msp.c **** /* USER CODE END TD */
  32:Src/stm32l4xx_hal_msp.c **** 
  33:Src/stm32l4xx_hal_msp.c **** /* Private define ------------------------------------------------------------*/
  34:Src/stm32l4xx_hal_msp.c **** /* USER CODE BEGIN Define */
  35:Src/stm32l4xx_hal_msp.c **** 
  36:Src/stm32l4xx_hal_msp.c **** /* USER CODE END Define */
  37:Src/stm32l4xx_hal_msp.c **** 
  38:Src/stm32l4xx_hal_msp.c **** /* Private macro -------------------------------------------------------------*/
  39:Src/stm32l4xx_hal_msp.c **** /* USER CODE BEGIN Macro */
  40:Src/stm32l4xx_hal_msp.c **** 
  41:Src/stm32l4xx_hal_msp.c **** /* USER CODE END Macro */
  42:Src/stm32l4xx_hal_msp.c **** 
  43:Src/stm32l4xx_hal_msp.c **** /* Private variables ---------------------------------------------------------*/
  44:Src/stm32l4xx_hal_msp.c **** /* USER CODE BEGIN PV */
  45:Src/stm32l4xx_hal_msp.c **** 
  46:Src/stm32l4xx_hal_msp.c **** /* USER CODE END PV */
  47:Src/stm32l4xx_hal_msp.c **** 
  48:Src/stm32l4xx_hal_msp.c **** /* Private function prototypes -----------------------------------------------*/
  49:Src/stm32l4xx_hal_msp.c **** /* USER CODE BEGIN PFP */
  50:Src/stm32l4xx_hal_msp.c **** 
  51:Src/stm32l4xx_hal_msp.c **** /* USER CODE END PFP */
  52:Src/stm32l4xx_hal_msp.c **** 
  53:Src/stm32l4xx_hal_msp.c **** /* External functions --------------------------------------------------------*/
  54:Src/stm32l4xx_hal_msp.c **** /* USER CODE BEGIN ExternalFunctions */
  55:Src/stm32l4xx_hal_msp.c **** 
  56:Src/stm32l4xx_hal_msp.c **** /* USER CODE END ExternalFunctions */
  57:Src/stm32l4xx_hal_msp.c **** 
  58:Src/stm32l4xx_hal_msp.c **** /* USER CODE BEGIN 0 */
  59:Src/stm32l4xx_hal_msp.c **** 
  60:Src/stm32l4xx_hal_msp.c **** /* USER CODE END 0 */
  61:Src/stm32l4xx_hal_msp.c **** /**
  62:Src/stm32l4xx_hal_msp.c ****   * Initializes the Global MSP.
  63:Src/stm32l4xx_hal_msp.c ****   */
  64:Src/stm32l4xx_hal_msp.c **** void HAL_MspInit(void)
  65:Src/stm32l4xx_hal_msp.c **** {
  29              		.loc 1 65 1 view -0
  30              		.cfi_startproc
  31              		@ args = 0, pretend = 0, frame = 8
  32              		@ frame_needed = 0, uses_anonymous_args = 0
  33              		@ link register save eliminated.
  34 0000 82B0     		sub	sp, sp, #8
  35              	.LCFI0:
  36              		.cfi_def_cfa_offset 8
  66:Src/stm32l4xx_hal_msp.c ****   /* USER CODE BEGIN MspInit 0 */
  67:Src/stm32l4xx_hal_msp.c **** 
  68:Src/stm32l4xx_hal_msp.c ****   /* USER CODE END MspInit 0 */
  69:Src/stm32l4xx_hal_msp.c **** 
  70:Src/stm32l4xx_hal_msp.c ****   __HAL_RCC_SYSCFG_CLK_ENABLE();
  37              		.loc 1 70 3 view .LVU1
  38              	.LBB2:
  39              		.loc 1 70 3 view .LVU2
  40              		.loc 1 70 3 view .LVU3
  41 0002 0A4B     		ldr	r3, .L3
  42 0004 1A6E     		ldr	r2, [r3, #96]
  43 0006 42F00102 		orr	r2, r2, #1
  44 000a 1A66     		str	r2, [r3, #96]
  45              		.loc 1 70 3 view .LVU4
ARM GAS  /tmp/cc8fjasv.s 			page 3


  46 000c 1A6E     		ldr	r2, [r3, #96]
  47 000e 02F00102 		and	r2, r2, #1
  48 0012 0092     		str	r2, [sp]
  49              		.loc 1 70 3 view .LVU5
  50 0014 009A     		ldr	r2, [sp]
  51              	.LBE2:
  52              		.loc 1 70 3 view .LVU6
  71:Src/stm32l4xx_hal_msp.c ****   __HAL_RCC_PWR_CLK_ENABLE();
  53              		.loc 1 71 3 view .LVU7
  54              	.LBB3:
  55              		.loc 1 71 3 view .LVU8
  56              		.loc 1 71 3 view .LVU9
  57 0016 9A6D     		ldr	r2, [r3, #88]
  58 0018 42F08052 		orr	r2, r2, #268435456
  59 001c 9A65     		str	r2, [r3, #88]
  60              		.loc 1 71 3 view .LVU10
  61 001e 9B6D     		ldr	r3, [r3, #88]
  62 0020 03F08053 		and	r3, r3, #268435456
  63 0024 0193     		str	r3, [sp, #4]
  64              		.loc 1 71 3 view .LVU11
  65 0026 019B     		ldr	r3, [sp, #4]
  66              	.LBE3:
  67              		.loc 1 71 3 view .LVU12
  72:Src/stm32l4xx_hal_msp.c **** 
  73:Src/stm32l4xx_hal_msp.c ****   /* System interrupt init*/
  74:Src/stm32l4xx_hal_msp.c **** 
  75:Src/stm32l4xx_hal_msp.c ****   /* USER CODE BEGIN MspInit 1 */
  76:Src/stm32l4xx_hal_msp.c **** 
  77:Src/stm32l4xx_hal_msp.c ****   /* USER CODE END MspInit 1 */
  78:Src/stm32l4xx_hal_msp.c **** }
  68              		.loc 1 78 1 is_stmt 0 view .LVU13
  69 0028 02B0     		add	sp, sp, #8
  70              	.LCFI1:
  71              		.cfi_def_cfa_offset 0
  72              		@ sp needed
  73 002a 7047     		bx	lr
  74              	.L4:
  75              		.align	2
  76              	.L3:
  77 002c 00100240 		.word	1073876992
  78              		.cfi_endproc
  79              	.LFE132:
  81              		.section	.text.HAL_RTC_MspInit,"ax",%progbits
  82              		.align	1
  83              		.global	HAL_RTC_MspInit
  84              		.syntax unified
  85              		.thumb
  86              		.thumb_func
  87              		.fpu fpv4-sp-d16
  89              	HAL_RTC_MspInit:
  90              	.LVL0:
  91              	.LFB133:
  79:Src/stm32l4xx_hal_msp.c **** 
  80:Src/stm32l4xx_hal_msp.c **** /**
  81:Src/stm32l4xx_hal_msp.c **** * @brief RTC MSP Initialization
  82:Src/stm32l4xx_hal_msp.c **** * This function configures the hardware resources used in this example
  83:Src/stm32l4xx_hal_msp.c **** * @param hrtc: RTC handle pointer
ARM GAS  /tmp/cc8fjasv.s 			page 4


  84:Src/stm32l4xx_hal_msp.c **** * @retval None
  85:Src/stm32l4xx_hal_msp.c **** */
  86:Src/stm32l4xx_hal_msp.c **** void HAL_RTC_MspInit(RTC_HandleTypeDef* hrtc)
  87:Src/stm32l4xx_hal_msp.c **** {
  92              		.loc 1 87 1 is_stmt 1 view -0
  93              		.cfi_startproc
  94              		@ args = 0, pretend = 0, frame = 136
  95              		@ frame_needed = 0, uses_anonymous_args = 0
  96              		.loc 1 87 1 is_stmt 0 view .LVU15
  97 0000 10B5     		push	{r4, lr}
  98              	.LCFI2:
  99              		.cfi_def_cfa_offset 8
 100              		.cfi_offset 4, -8
 101              		.cfi_offset 14, -4
 102 0002 A2B0     		sub	sp, sp, #136
 103              	.LCFI3:
 104              		.cfi_def_cfa_offset 144
 105 0004 0446     		mov	r4, r0
  88:Src/stm32l4xx_hal_msp.c ****   RCC_PeriphCLKInitTypeDef PeriphClkInit = {0};
 106              		.loc 1 88 3 is_stmt 1 view .LVU16
 107              		.loc 1 88 28 is_stmt 0 view .LVU17
 108 0006 8822     		movs	r2, #136
 109 0008 0021     		movs	r1, #0
 110 000a 6846     		mov	r0, sp
 111              	.LVL1:
 112              		.loc 1 88 28 view .LVU18
 113 000c FFF7FEFF 		bl	memset
 114              	.LVL2:
  89:Src/stm32l4xx_hal_msp.c ****   if(hrtc->Instance==RTC)
 115              		.loc 1 89 3 is_stmt 1 view .LVU19
 116              		.loc 1 89 10 is_stmt 0 view .LVU20
 117 0010 2268     		ldr	r2, [r4]
 118              		.loc 1 89 5 view .LVU21
 119 0012 0D4B     		ldr	r3, .L11
 120 0014 9A42     		cmp	r2, r3
 121 0016 01D0     		beq	.L9
 122              	.L5:
  90:Src/stm32l4xx_hal_msp.c ****   {
  91:Src/stm32l4xx_hal_msp.c ****   /* USER CODE BEGIN RTC_MspInit 0 */
  92:Src/stm32l4xx_hal_msp.c **** 
  93:Src/stm32l4xx_hal_msp.c ****   /* USER CODE END RTC_MspInit 0 */
  94:Src/stm32l4xx_hal_msp.c **** 
  95:Src/stm32l4xx_hal_msp.c ****   /** Initializes the peripherals clock
  96:Src/stm32l4xx_hal_msp.c ****   */
  97:Src/stm32l4xx_hal_msp.c ****     PeriphClkInit.PeriphClockSelection = RCC_PERIPHCLK_RTC;
  98:Src/stm32l4xx_hal_msp.c ****     PeriphClkInit.RTCClockSelection = RCC_RTCCLKSOURCE_LSI;
  99:Src/stm32l4xx_hal_msp.c ****     if (HAL_RCCEx_PeriphCLKConfig(&PeriphClkInit) != HAL_OK)
 100:Src/stm32l4xx_hal_msp.c ****     {
 101:Src/stm32l4xx_hal_msp.c ****       Error_Handler();
 102:Src/stm32l4xx_hal_msp.c ****     }
 103:Src/stm32l4xx_hal_msp.c **** 
 104:Src/stm32l4xx_hal_msp.c ****     /* Peripheral clock enable */
 105:Src/stm32l4xx_hal_msp.c ****     __HAL_RCC_RTC_ENABLE();
 106:Src/stm32l4xx_hal_msp.c ****   /* USER CODE BEGIN RTC_MspInit 1 */
 107:Src/stm32l4xx_hal_msp.c **** 
 108:Src/stm32l4xx_hal_msp.c ****   /* USER CODE END RTC_MspInit 1 */
 109:Src/stm32l4xx_hal_msp.c ****   }
ARM GAS  /tmp/cc8fjasv.s 			page 5


 110:Src/stm32l4xx_hal_msp.c **** 
 111:Src/stm32l4xx_hal_msp.c **** }
 123              		.loc 1 111 1 view .LVU22
 124 0018 22B0     		add	sp, sp, #136
 125              	.LCFI4:
 126              		.cfi_remember_state
 127              		.cfi_def_cfa_offset 8
 128              		@ sp needed
 129 001a 10BD     		pop	{r4, pc}
 130              	.LVL3:
 131              	.L9:
 132              	.LCFI5:
 133              		.cfi_restore_state
  97:Src/stm32l4xx_hal_msp.c ****     PeriphClkInit.RTCClockSelection = RCC_RTCCLKSOURCE_LSI;
 134              		.loc 1 97 5 is_stmt 1 view .LVU23
  97:Src/stm32l4xx_hal_msp.c ****     PeriphClkInit.RTCClockSelection = RCC_RTCCLKSOURCE_LSI;
 135              		.loc 1 97 40 is_stmt 0 view .LVU24
 136 001c 4FF40033 		mov	r3, #131072
 137 0020 0093     		str	r3, [sp]
  98:Src/stm32l4xx_hal_msp.c ****     if (HAL_RCCEx_PeriphCLKConfig(&PeriphClkInit) != HAL_OK)
 138              		.loc 1 98 5 is_stmt 1 view .LVU25
  98:Src/stm32l4xx_hal_msp.c ****     if (HAL_RCCEx_PeriphCLKConfig(&PeriphClkInit) != HAL_OK)
 139              		.loc 1 98 37 is_stmt 0 view .LVU26
 140 0022 4FF40073 		mov	r3, #512
 141 0026 2193     		str	r3, [sp, #132]
  99:Src/stm32l4xx_hal_msp.c ****     {
 142              		.loc 1 99 5 is_stmt 1 view .LVU27
  99:Src/stm32l4xx_hal_msp.c ****     {
 143              		.loc 1 99 9 is_stmt 0 view .LVU28
 144 0028 6846     		mov	r0, sp
 145 002a FFF7FEFF 		bl	HAL_RCCEx_PeriphCLKConfig
 146              	.LVL4:
  99:Src/stm32l4xx_hal_msp.c ****     {
 147              		.loc 1 99 8 view .LVU29
 148 002e 38B9     		cbnz	r0, .L10
 149              	.L7:
 105:Src/stm32l4xx_hal_msp.c ****   /* USER CODE BEGIN RTC_MspInit 1 */
 150              		.loc 1 105 5 is_stmt 1 view .LVU30
 151 0030 064A     		ldr	r2, .L11+4
 152 0032 D2F89030 		ldr	r3, [r2, #144]
 153 0036 43F40043 		orr	r3, r3, #32768
 154 003a C2F89030 		str	r3, [r2, #144]
 155              		.loc 1 111 1 is_stmt 0 view .LVU31
 156 003e EBE7     		b	.L5
 157              	.L10:
 101:Src/stm32l4xx_hal_msp.c ****     }
 158              		.loc 1 101 7 is_stmt 1 view .LVU32
 159 0040 FFF7FEFF 		bl	Error_Handler
 160              	.LVL5:
 161 0044 F4E7     		b	.L7
 162              	.L12:
 163 0046 00BF     		.align	2
 164              	.L11:
 165 0048 00280040 		.word	1073752064
 166 004c 00100240 		.word	1073876992
 167              		.cfi_endproc
 168              	.LFE133:
ARM GAS  /tmp/cc8fjasv.s 			page 6


 170              		.section	.text.HAL_RTC_MspDeInit,"ax",%progbits
 171              		.align	1
 172              		.global	HAL_RTC_MspDeInit
 173              		.syntax unified
 174              		.thumb
 175              		.thumb_func
 176              		.fpu fpv4-sp-d16
 178              	HAL_RTC_MspDeInit:
 179              	.LVL6:
 180              	.LFB134:
 112:Src/stm32l4xx_hal_msp.c **** 
 113:Src/stm32l4xx_hal_msp.c **** /**
 114:Src/stm32l4xx_hal_msp.c **** * @brief RTC MSP De-Initialization
 115:Src/stm32l4xx_hal_msp.c **** * This function freeze the hardware resources used in this example
 116:Src/stm32l4xx_hal_msp.c **** * @param hrtc: RTC handle pointer
 117:Src/stm32l4xx_hal_msp.c **** * @retval None
 118:Src/stm32l4xx_hal_msp.c **** */
 119:Src/stm32l4xx_hal_msp.c **** void HAL_RTC_MspDeInit(RTC_HandleTypeDef* hrtc)
 120:Src/stm32l4xx_hal_msp.c **** {
 181              		.loc 1 120 1 view -0
 182              		.cfi_startproc
 183              		@ args = 0, pretend = 0, frame = 0
 184              		@ frame_needed = 0, uses_anonymous_args = 0
 185              		@ link register save eliminated.
 121:Src/stm32l4xx_hal_msp.c ****   if(hrtc->Instance==RTC)
 186              		.loc 1 121 3 view .LVU34
 187              		.loc 1 121 10 is_stmt 0 view .LVU35
 188 0000 0268     		ldr	r2, [r0]
 189              		.loc 1 121 5 view .LVU36
 190 0002 064B     		ldr	r3, .L16
 191 0004 9A42     		cmp	r2, r3
 192 0006 00D0     		beq	.L15
 193              	.L13:
 122:Src/stm32l4xx_hal_msp.c ****   {
 123:Src/stm32l4xx_hal_msp.c ****   /* USER CODE BEGIN RTC_MspDeInit 0 */
 124:Src/stm32l4xx_hal_msp.c **** 
 125:Src/stm32l4xx_hal_msp.c ****   /* USER CODE END RTC_MspDeInit 0 */
 126:Src/stm32l4xx_hal_msp.c ****     /* Peripheral clock disable */
 127:Src/stm32l4xx_hal_msp.c ****     __HAL_RCC_RTC_DISABLE();
 128:Src/stm32l4xx_hal_msp.c ****   /* USER CODE BEGIN RTC_MspDeInit 1 */
 129:Src/stm32l4xx_hal_msp.c **** 
 130:Src/stm32l4xx_hal_msp.c ****   /* USER CODE END RTC_MspDeInit 1 */
 131:Src/stm32l4xx_hal_msp.c ****   }
 132:Src/stm32l4xx_hal_msp.c **** 
 133:Src/stm32l4xx_hal_msp.c **** }
 194              		.loc 1 133 1 view .LVU37
 195 0008 7047     		bx	lr
 196              	.L15:
 127:Src/stm32l4xx_hal_msp.c ****   /* USER CODE BEGIN RTC_MspDeInit 1 */
 197              		.loc 1 127 5 is_stmt 1 view .LVU38
 198 000a 054A     		ldr	r2, .L16+4
 199 000c D2F89030 		ldr	r3, [r2, #144]
 200 0010 23F40043 		bic	r3, r3, #32768
 201 0014 C2F89030 		str	r3, [r2, #144]
 202              		.loc 1 133 1 is_stmt 0 view .LVU39
 203 0018 F6E7     		b	.L13
 204              	.L17:
ARM GAS  /tmp/cc8fjasv.s 			page 7


 205 001a 00BF     		.align	2
 206              	.L16:
 207 001c 00280040 		.word	1073752064
 208 0020 00100240 		.word	1073876992
 209              		.cfi_endproc
 210              	.LFE134:
 212              		.section	.text.HAL_SPI_MspInit,"ax",%progbits
 213              		.align	1
 214              		.global	HAL_SPI_MspInit
 215              		.syntax unified
 216              		.thumb
 217              		.thumb_func
 218              		.fpu fpv4-sp-d16
 220              	HAL_SPI_MspInit:
 221              	.LVL7:
 222              	.LFB135:
 134:Src/stm32l4xx_hal_msp.c **** 
 135:Src/stm32l4xx_hal_msp.c **** /**
 136:Src/stm32l4xx_hal_msp.c **** * @brief SPI MSP Initialization
 137:Src/stm32l4xx_hal_msp.c **** * This function configures the hardware resources used in this example
 138:Src/stm32l4xx_hal_msp.c **** * @param hspi: SPI handle pointer
 139:Src/stm32l4xx_hal_msp.c **** * @retval None
 140:Src/stm32l4xx_hal_msp.c **** */
 141:Src/stm32l4xx_hal_msp.c **** void HAL_SPI_MspInit(SPI_HandleTypeDef* hspi)
 142:Src/stm32l4xx_hal_msp.c **** {
 223              		.loc 1 142 1 is_stmt 1 view -0
 224              		.cfi_startproc
 225              		@ args = 0, pretend = 0, frame = 32
 226              		@ frame_needed = 0, uses_anonymous_args = 0
 227              		.loc 1 142 1 is_stmt 0 view .LVU41
 228 0000 00B5     		push	{lr}
 229              	.LCFI6:
 230              		.cfi_def_cfa_offset 4
 231              		.cfi_offset 14, -4
 232 0002 89B0     		sub	sp, sp, #36
 233              	.LCFI7:
 234              		.cfi_def_cfa_offset 40
 143:Src/stm32l4xx_hal_msp.c ****   GPIO_InitTypeDef GPIO_InitStruct = {0};
 235              		.loc 1 143 3 is_stmt 1 view .LVU42
 236              		.loc 1 143 20 is_stmt 0 view .LVU43
 237 0004 0023     		movs	r3, #0
 238 0006 0393     		str	r3, [sp, #12]
 239 0008 0493     		str	r3, [sp, #16]
 240 000a 0593     		str	r3, [sp, #20]
 241 000c 0693     		str	r3, [sp, #24]
 242 000e 0793     		str	r3, [sp, #28]
 144:Src/stm32l4xx_hal_msp.c ****   if(hspi->Instance==SPI1)
 243              		.loc 1 144 3 is_stmt 1 view .LVU44
 244              		.loc 1 144 10 is_stmt 0 view .LVU45
 245 0010 0268     		ldr	r2, [r0]
 246              		.loc 1 144 5 view .LVU46
 247 0012 144B     		ldr	r3, .L22
 248 0014 9A42     		cmp	r2, r3
 249 0016 02D0     		beq	.L21
 250              	.LVL8:
 251              	.L18:
 145:Src/stm32l4xx_hal_msp.c ****   {
ARM GAS  /tmp/cc8fjasv.s 			page 8


 146:Src/stm32l4xx_hal_msp.c ****   /* USER CODE BEGIN SPI1_MspInit 0 */
 147:Src/stm32l4xx_hal_msp.c **** 
 148:Src/stm32l4xx_hal_msp.c ****   /* USER CODE END SPI1_MspInit 0 */
 149:Src/stm32l4xx_hal_msp.c ****     /* Peripheral clock enable */
 150:Src/stm32l4xx_hal_msp.c ****     __HAL_RCC_SPI1_CLK_ENABLE();
 151:Src/stm32l4xx_hal_msp.c **** 
 152:Src/stm32l4xx_hal_msp.c ****     __HAL_RCC_GPIOA_CLK_ENABLE();
 153:Src/stm32l4xx_hal_msp.c ****     /**SPI1 GPIO Configuration
 154:Src/stm32l4xx_hal_msp.c ****     PA5     ------> SPI1_SCK
 155:Src/stm32l4xx_hal_msp.c ****     PA6     ------> SPI1_MISO
 156:Src/stm32l4xx_hal_msp.c ****     PA7     ------> SPI1_MOSI
 157:Src/stm32l4xx_hal_msp.c ****     */
 158:Src/stm32l4xx_hal_msp.c ****     GPIO_InitStruct.Pin = GPIO_PIN_5|GPIO_PIN_6|GPIO_PIN_7;
 159:Src/stm32l4xx_hal_msp.c ****     GPIO_InitStruct.Mode = GPIO_MODE_AF_PP;
 160:Src/stm32l4xx_hal_msp.c ****     GPIO_InitStruct.Pull = GPIO_NOPULL;
 161:Src/stm32l4xx_hal_msp.c ****     GPIO_InitStruct.Speed = GPIO_SPEED_FREQ_VERY_HIGH;
 162:Src/stm32l4xx_hal_msp.c ****     GPIO_InitStruct.Alternate = GPIO_AF5_SPI1;
 163:Src/stm32l4xx_hal_msp.c ****     HAL_GPIO_Init(GPIOA, &GPIO_InitStruct);
 164:Src/stm32l4xx_hal_msp.c **** 
 165:Src/stm32l4xx_hal_msp.c ****   /* USER CODE BEGIN SPI1_MspInit 1 */
 166:Src/stm32l4xx_hal_msp.c **** 
 167:Src/stm32l4xx_hal_msp.c ****   /* USER CODE END SPI1_MspInit 1 */
 168:Src/stm32l4xx_hal_msp.c ****   }
 169:Src/stm32l4xx_hal_msp.c **** 
 170:Src/stm32l4xx_hal_msp.c **** }
 252              		.loc 1 170 1 view .LVU47
 253 0018 09B0     		add	sp, sp, #36
 254              	.LCFI8:
 255              		.cfi_remember_state
 256              		.cfi_def_cfa_offset 4
 257              		@ sp needed
 258 001a 5DF804FB 		ldr	pc, [sp], #4
 259              	.LVL9:
 260              	.L21:
 261              	.LCFI9:
 262              		.cfi_restore_state
 150:Src/stm32l4xx_hal_msp.c **** 
 263              		.loc 1 150 5 is_stmt 1 view .LVU48
 264              	.LBB4:
 150:Src/stm32l4xx_hal_msp.c **** 
 265              		.loc 1 150 5 view .LVU49
 150:Src/stm32l4xx_hal_msp.c **** 
 266              		.loc 1 150 5 view .LVU50
 267 001e 03F56043 		add	r3, r3, #57344
 268 0022 1A6E     		ldr	r2, [r3, #96]
 269 0024 42F48052 		orr	r2, r2, #4096
 270 0028 1A66     		str	r2, [r3, #96]
 150:Src/stm32l4xx_hal_msp.c **** 
 271              		.loc 1 150 5 view .LVU51
 272 002a 1A6E     		ldr	r2, [r3, #96]
 273 002c 02F48052 		and	r2, r2, #4096
 274 0030 0192     		str	r2, [sp, #4]
 150:Src/stm32l4xx_hal_msp.c **** 
 275              		.loc 1 150 5 view .LVU52
 276 0032 019A     		ldr	r2, [sp, #4]
 277              	.LBE4:
 150:Src/stm32l4xx_hal_msp.c **** 
ARM GAS  /tmp/cc8fjasv.s 			page 9


 278              		.loc 1 150 5 view .LVU53
 152:Src/stm32l4xx_hal_msp.c ****     /**SPI1 GPIO Configuration
 279              		.loc 1 152 5 view .LVU54
 280              	.LBB5:
 152:Src/stm32l4xx_hal_msp.c ****     /**SPI1 GPIO Configuration
 281              		.loc 1 152 5 view .LVU55
 152:Src/stm32l4xx_hal_msp.c ****     /**SPI1 GPIO Configuration
 282              		.loc 1 152 5 view .LVU56
 283 0034 DA6C     		ldr	r2, [r3, #76]
 284 0036 42F00102 		orr	r2, r2, #1
 285 003a DA64     		str	r2, [r3, #76]
 152:Src/stm32l4xx_hal_msp.c ****     /**SPI1 GPIO Configuration
 286              		.loc 1 152 5 view .LVU57
 287 003c DB6C     		ldr	r3, [r3, #76]
 288 003e 03F00103 		and	r3, r3, #1
 289 0042 0293     		str	r3, [sp, #8]
 152:Src/stm32l4xx_hal_msp.c ****     /**SPI1 GPIO Configuration
 290              		.loc 1 152 5 view .LVU58
 291 0044 029B     		ldr	r3, [sp, #8]
 292              	.LBE5:
 152:Src/stm32l4xx_hal_msp.c ****     /**SPI1 GPIO Configuration
 293              		.loc 1 152 5 view .LVU59
 158:Src/stm32l4xx_hal_msp.c ****     GPIO_InitStruct.Mode = GPIO_MODE_AF_PP;
 294              		.loc 1 158 5 view .LVU60
 158:Src/stm32l4xx_hal_msp.c ****     GPIO_InitStruct.Mode = GPIO_MODE_AF_PP;
 295              		.loc 1 158 25 is_stmt 0 view .LVU61
 296 0046 E023     		movs	r3, #224
 297 0048 0393     		str	r3, [sp, #12]
 159:Src/stm32l4xx_hal_msp.c ****     GPIO_InitStruct.Pull = GPIO_NOPULL;
 298              		.loc 1 159 5 is_stmt 1 view .LVU62
 159:Src/stm32l4xx_hal_msp.c ****     GPIO_InitStruct.Pull = GPIO_NOPULL;
 299              		.loc 1 159 26 is_stmt 0 view .LVU63
 300 004a 0223     		movs	r3, #2
 301 004c 0493     		str	r3, [sp, #16]
 160:Src/stm32l4xx_hal_msp.c ****     GPIO_InitStruct.Speed = GPIO_SPEED_FREQ_VERY_HIGH;
 302              		.loc 1 160 5 is_stmt 1 view .LVU64
 161:Src/stm32l4xx_hal_msp.c ****     GPIO_InitStruct.Alternate = GPIO_AF5_SPI1;
 303              		.loc 1 161 5 view .LVU65
 161:Src/stm32l4xx_hal_msp.c ****     GPIO_InitStruct.Alternate = GPIO_AF5_SPI1;
 304              		.loc 1 161 27 is_stmt 0 view .LVU66
 305 004e 0323     		movs	r3, #3
 306 0050 0693     		str	r3, [sp, #24]
 162:Src/stm32l4xx_hal_msp.c ****     HAL_GPIO_Init(GPIOA, &GPIO_InitStruct);
 307              		.loc 1 162 5 is_stmt 1 view .LVU67
 162:Src/stm32l4xx_hal_msp.c ****     HAL_GPIO_Init(GPIOA, &GPIO_InitStruct);
 308              		.loc 1 162 31 is_stmt 0 view .LVU68
 309 0052 0523     		movs	r3, #5
 310 0054 0793     		str	r3, [sp, #28]
 163:Src/stm32l4xx_hal_msp.c **** 
 311              		.loc 1 163 5 is_stmt 1 view .LVU69
 312 0056 03A9     		add	r1, sp, #12
 313 0058 4FF09040 		mov	r0, #1207959552
 314              	.LVL10:
 163:Src/stm32l4xx_hal_msp.c **** 
 315              		.loc 1 163 5 is_stmt 0 view .LVU70
 316 005c FFF7FEFF 		bl	HAL_GPIO_Init
 317              	.LVL11:
ARM GAS  /tmp/cc8fjasv.s 			page 10


 318              		.loc 1 170 1 view .LVU71
 319 0060 DAE7     		b	.L18
 320              	.L23:
 321 0062 00BF     		.align	2
 322              	.L22:
 323 0064 00300140 		.word	1073819648
 324              		.cfi_endproc
 325              	.LFE135:
 327              		.section	.text.HAL_SPI_MspDeInit,"ax",%progbits
 328              		.align	1
 329              		.global	HAL_SPI_MspDeInit
 330              		.syntax unified
 331              		.thumb
 332              		.thumb_func
 333              		.fpu fpv4-sp-d16
 335              	HAL_SPI_MspDeInit:
 336              	.LVL12:
 337              	.LFB136:
 171:Src/stm32l4xx_hal_msp.c **** 
 172:Src/stm32l4xx_hal_msp.c **** /**
 173:Src/stm32l4xx_hal_msp.c **** * @brief SPI MSP De-Initialization
 174:Src/stm32l4xx_hal_msp.c **** * This function freeze the hardware resources used in this example
 175:Src/stm32l4xx_hal_msp.c **** * @param hspi: SPI handle pointer
 176:Src/stm32l4xx_hal_msp.c **** * @retval None
 177:Src/stm32l4xx_hal_msp.c **** */
 178:Src/stm32l4xx_hal_msp.c **** void HAL_SPI_MspDeInit(SPI_HandleTypeDef* hspi)
 179:Src/stm32l4xx_hal_msp.c **** {
 338              		.loc 1 179 1 is_stmt 1 view -0
 339              		.cfi_startproc
 340              		@ args = 0, pretend = 0, frame = 0
 341              		@ frame_needed = 0, uses_anonymous_args = 0
 342              		.loc 1 179 1 is_stmt 0 view .LVU73
 343 0000 08B5     		push	{r3, lr}
 344              	.LCFI10:
 345              		.cfi_def_cfa_offset 8
 346              		.cfi_offset 3, -8
 347              		.cfi_offset 14, -4
 180:Src/stm32l4xx_hal_msp.c ****   if(hspi->Instance==SPI1)
 348              		.loc 1 180 3 is_stmt 1 view .LVU74
 349              		.loc 1 180 10 is_stmt 0 view .LVU75
 350 0002 0268     		ldr	r2, [r0]
 351              		.loc 1 180 5 view .LVU76
 352 0004 074B     		ldr	r3, .L28
 353 0006 9A42     		cmp	r2, r3
 354 0008 00D0     		beq	.L27
 355              	.LVL13:
 356              	.L24:
 181:Src/stm32l4xx_hal_msp.c ****   {
 182:Src/stm32l4xx_hal_msp.c ****   /* USER CODE BEGIN SPI1_MspDeInit 0 */
 183:Src/stm32l4xx_hal_msp.c **** 
 184:Src/stm32l4xx_hal_msp.c ****   /* USER CODE END SPI1_MspDeInit 0 */
 185:Src/stm32l4xx_hal_msp.c ****     /* Peripheral clock disable */
 186:Src/stm32l4xx_hal_msp.c ****     __HAL_RCC_SPI1_CLK_DISABLE();
 187:Src/stm32l4xx_hal_msp.c **** 
 188:Src/stm32l4xx_hal_msp.c ****     /**SPI1 GPIO Configuration
 189:Src/stm32l4xx_hal_msp.c ****     PA5     ------> SPI1_SCK
 190:Src/stm32l4xx_hal_msp.c ****     PA6     ------> SPI1_MISO
ARM GAS  /tmp/cc8fjasv.s 			page 11


 191:Src/stm32l4xx_hal_msp.c ****     PA7     ------> SPI1_MOSI
 192:Src/stm32l4xx_hal_msp.c ****     */
 193:Src/stm32l4xx_hal_msp.c ****     HAL_GPIO_DeInit(GPIOA, GPIO_PIN_5|GPIO_PIN_6|GPIO_PIN_7);
 194:Src/stm32l4xx_hal_msp.c **** 
 195:Src/stm32l4xx_hal_msp.c ****   /* USER CODE BEGIN SPI1_MspDeInit 1 */
 196:Src/stm32l4xx_hal_msp.c **** 
 197:Src/stm32l4xx_hal_msp.c ****   /* USER CODE END SPI1_MspDeInit 1 */
 198:Src/stm32l4xx_hal_msp.c ****   }
 199:Src/stm32l4xx_hal_msp.c **** 
 200:Src/stm32l4xx_hal_msp.c **** }
 357              		.loc 1 200 1 view .LVU77
 358 000a 08BD     		pop	{r3, pc}
 359              	.LVL14:
 360              	.L27:
 186:Src/stm32l4xx_hal_msp.c **** 
 361              		.loc 1 186 5 is_stmt 1 view .LVU78
 362 000c 064A     		ldr	r2, .L28+4
 363 000e 136E     		ldr	r3, [r2, #96]
 364 0010 23F48053 		bic	r3, r3, #4096
 365 0014 1366     		str	r3, [r2, #96]
 193:Src/stm32l4xx_hal_msp.c **** 
 366              		.loc 1 193 5 view .LVU79
 367 0016 E021     		movs	r1, #224
 368 0018 4FF09040 		mov	r0, #1207959552
 369              	.LVL15:
 193:Src/stm32l4xx_hal_msp.c **** 
 370              		.loc 1 193 5 is_stmt 0 view .LVU80
 371 001c FFF7FEFF 		bl	HAL_GPIO_DeInit
 372              	.LVL16:
 373              		.loc 1 200 1 view .LVU81
 374 0020 F3E7     		b	.L24
 375              	.L29:
 376 0022 00BF     		.align	2
 377              	.L28:
 378 0024 00300140 		.word	1073819648
 379 0028 00100240 		.word	1073876992
 380              		.cfi_endproc
 381              	.LFE136:
 383              		.section	.text.HAL_UART_MspInit,"ax",%progbits
 384              		.align	1
 385              		.global	HAL_UART_MspInit
 386              		.syntax unified
 387              		.thumb
 388              		.thumb_func
 389              		.fpu fpv4-sp-d16
 391              	HAL_UART_MspInit:
 392              	.LVL17:
 393              	.LFB137:
 201:Src/stm32l4xx_hal_msp.c **** 
 202:Src/stm32l4xx_hal_msp.c **** /**
 203:Src/stm32l4xx_hal_msp.c **** * @brief UART MSP Initialization
 204:Src/stm32l4xx_hal_msp.c **** * This function configures the hardware resources used in this example
 205:Src/stm32l4xx_hal_msp.c **** * @param huart: UART handle pointer
 206:Src/stm32l4xx_hal_msp.c **** * @retval None
 207:Src/stm32l4xx_hal_msp.c **** */
 208:Src/stm32l4xx_hal_msp.c **** void HAL_UART_MspInit(UART_HandleTypeDef* huart)
 209:Src/stm32l4xx_hal_msp.c **** {
ARM GAS  /tmp/cc8fjasv.s 			page 12


 394              		.loc 1 209 1 is_stmt 1 view -0
 395              		.cfi_startproc
 396              		@ args = 0, pretend = 0, frame = 168
 397              		@ frame_needed = 0, uses_anonymous_args = 0
 398              		.loc 1 209 1 is_stmt 0 view .LVU83
 399 0000 10B5     		push	{r4, lr}
 400              	.LCFI11:
 401              		.cfi_def_cfa_offset 8
 402              		.cfi_offset 4, -8
 403              		.cfi_offset 14, -4
 404 0002 AAB0     		sub	sp, sp, #168
 405              	.LCFI12:
 406              		.cfi_def_cfa_offset 176
 407 0004 0446     		mov	r4, r0
 210:Src/stm32l4xx_hal_msp.c ****   GPIO_InitTypeDef GPIO_InitStruct = {0};
 408              		.loc 1 210 3 is_stmt 1 view .LVU84
 409              		.loc 1 210 20 is_stmt 0 view .LVU85
 410 0006 0021     		movs	r1, #0
 411 0008 2591     		str	r1, [sp, #148]
 412 000a 2691     		str	r1, [sp, #152]
 413 000c 2791     		str	r1, [sp, #156]
 414 000e 2891     		str	r1, [sp, #160]
 415 0010 2991     		str	r1, [sp, #164]
 211:Src/stm32l4xx_hal_msp.c ****   RCC_PeriphCLKInitTypeDef PeriphClkInit = {0};
 416              		.loc 1 211 3 is_stmt 1 view .LVU86
 417              		.loc 1 211 28 is_stmt 0 view .LVU87
 418 0012 8822     		movs	r2, #136
 419 0014 03A8     		add	r0, sp, #12
 420              	.LVL18:
 421              		.loc 1 211 28 view .LVU88
 422 0016 FFF7FEFF 		bl	memset
 423              	.LVL19:
 212:Src/stm32l4xx_hal_msp.c ****   if(huart->Instance==USART2)
 424              		.loc 1 212 3 is_stmt 1 view .LVU89
 425              		.loc 1 212 11 is_stmt 0 view .LVU90
 426 001a 2268     		ldr	r2, [r4]
 427              		.loc 1 212 5 view .LVU91
 428 001c 184B     		ldr	r3, .L36
 429 001e 9A42     		cmp	r2, r3
 430 0020 01D0     		beq	.L34
 431              	.L30:
 213:Src/stm32l4xx_hal_msp.c ****   {
 214:Src/stm32l4xx_hal_msp.c ****   /* USER CODE BEGIN USART2_MspInit 0 */
 215:Src/stm32l4xx_hal_msp.c **** 
 216:Src/stm32l4xx_hal_msp.c ****   /* USER CODE END USART2_MspInit 0 */
 217:Src/stm32l4xx_hal_msp.c **** 
 218:Src/stm32l4xx_hal_msp.c ****   /** Initializes the peripherals clock
 219:Src/stm32l4xx_hal_msp.c ****   */
 220:Src/stm32l4xx_hal_msp.c ****     PeriphClkInit.PeriphClockSelection = RCC_PERIPHCLK_USART2;
 221:Src/stm32l4xx_hal_msp.c ****     PeriphClkInit.Usart2ClockSelection = RCC_USART2CLKSOURCE_PCLK1;
 222:Src/stm32l4xx_hal_msp.c ****     if (HAL_RCCEx_PeriphCLKConfig(&PeriphClkInit) != HAL_OK)
 223:Src/stm32l4xx_hal_msp.c ****     {
 224:Src/stm32l4xx_hal_msp.c ****       Error_Handler();
 225:Src/stm32l4xx_hal_msp.c ****     }
 226:Src/stm32l4xx_hal_msp.c **** 
 227:Src/stm32l4xx_hal_msp.c ****     /* Peripheral clock enable */
 228:Src/stm32l4xx_hal_msp.c ****     __HAL_RCC_USART2_CLK_ENABLE();
ARM GAS  /tmp/cc8fjasv.s 			page 13


 229:Src/stm32l4xx_hal_msp.c **** 
 230:Src/stm32l4xx_hal_msp.c ****     __HAL_RCC_GPIOA_CLK_ENABLE();
 231:Src/stm32l4xx_hal_msp.c ****     /**USART2 GPIO Configuration
 232:Src/stm32l4xx_hal_msp.c ****     PA2     ------> USART2_TX
 233:Src/stm32l4xx_hal_msp.c ****     PA3     ------> USART2_RX
 234:Src/stm32l4xx_hal_msp.c ****     */
 235:Src/stm32l4xx_hal_msp.c ****     GPIO_InitStruct.Pin = USART_TX_Pin|USART_RX_Pin;
 236:Src/stm32l4xx_hal_msp.c ****     GPIO_InitStruct.Mode = GPIO_MODE_AF_PP;
 237:Src/stm32l4xx_hal_msp.c ****     GPIO_InitStruct.Pull = GPIO_NOPULL;
 238:Src/stm32l4xx_hal_msp.c ****     GPIO_InitStruct.Speed = GPIO_SPEED_FREQ_VERY_HIGH;
 239:Src/stm32l4xx_hal_msp.c ****     GPIO_InitStruct.Alternate = GPIO_AF7_USART2;
 240:Src/stm32l4xx_hal_msp.c ****     HAL_GPIO_Init(GPIOA, &GPIO_InitStruct);
 241:Src/stm32l4xx_hal_msp.c **** 
 242:Src/stm32l4xx_hal_msp.c ****   /* USER CODE BEGIN USART2_MspInit 1 */
 243:Src/stm32l4xx_hal_msp.c **** 
 244:Src/stm32l4xx_hal_msp.c ****   /* USER CODE END USART2_MspInit 1 */
 245:Src/stm32l4xx_hal_msp.c ****   }
 246:Src/stm32l4xx_hal_msp.c **** 
 247:Src/stm32l4xx_hal_msp.c **** }
 432              		.loc 1 247 1 view .LVU92
 433 0022 2AB0     		add	sp, sp, #168
 434              	.LCFI13:
 435              		.cfi_remember_state
 436              		.cfi_def_cfa_offset 8
 437              		@ sp needed
 438 0024 10BD     		pop	{r4, pc}
 439              	.LVL20:
 440              	.L34:
 441              	.LCFI14:
 442              		.cfi_restore_state
 220:Src/stm32l4xx_hal_msp.c ****     PeriphClkInit.Usart2ClockSelection = RCC_USART2CLKSOURCE_PCLK1;
 443              		.loc 1 220 5 is_stmt 1 view .LVU93
 220:Src/stm32l4xx_hal_msp.c ****     PeriphClkInit.Usart2ClockSelection = RCC_USART2CLKSOURCE_PCLK1;
 444              		.loc 1 220 40 is_stmt 0 view .LVU94
 445 0026 0223     		movs	r3, #2
 446 0028 0393     		str	r3, [sp, #12]
 221:Src/stm32l4xx_hal_msp.c ****     if (HAL_RCCEx_PeriphCLKConfig(&PeriphClkInit) != HAL_OK)
 447              		.loc 1 221 5 is_stmt 1 view .LVU95
 222:Src/stm32l4xx_hal_msp.c ****     {
 448              		.loc 1 222 5 view .LVU96
 222:Src/stm32l4xx_hal_msp.c ****     {
 449              		.loc 1 222 9 is_stmt 0 view .LVU97
 450 002a 03A8     		add	r0, sp, #12
 451 002c FFF7FEFF 		bl	HAL_RCCEx_PeriphCLKConfig
 452              	.LVL21:
 222:Src/stm32l4xx_hal_msp.c ****     {
 453              		.loc 1 222 8 view .LVU98
 454 0030 10BB     		cbnz	r0, .L35
 455              	.L32:
 228:Src/stm32l4xx_hal_msp.c **** 
 456              		.loc 1 228 5 is_stmt 1 view .LVU99
 457              	.LBB6:
 228:Src/stm32l4xx_hal_msp.c **** 
 458              		.loc 1 228 5 view .LVU100
 228:Src/stm32l4xx_hal_msp.c **** 
 459              		.loc 1 228 5 view .LVU101
 460 0032 144B     		ldr	r3, .L36+4
ARM GAS  /tmp/cc8fjasv.s 			page 14


 461 0034 9A6D     		ldr	r2, [r3, #88]
 462 0036 42F40032 		orr	r2, r2, #131072
 463 003a 9A65     		str	r2, [r3, #88]
 228:Src/stm32l4xx_hal_msp.c **** 
 464              		.loc 1 228 5 view .LVU102
 465 003c 9A6D     		ldr	r2, [r3, #88]
 466 003e 02F40032 		and	r2, r2, #131072
 467 0042 0192     		str	r2, [sp, #4]
 228:Src/stm32l4xx_hal_msp.c **** 
 468              		.loc 1 228 5 view .LVU103
 469 0044 019A     		ldr	r2, [sp, #4]
 470              	.LBE6:
 228:Src/stm32l4xx_hal_msp.c **** 
 471              		.loc 1 228 5 view .LVU104
 230:Src/stm32l4xx_hal_msp.c ****     /**USART2 GPIO Configuration
 472              		.loc 1 230 5 view .LVU105
 473              	.LBB7:
 230:Src/stm32l4xx_hal_msp.c ****     /**USART2 GPIO Configuration
 474              		.loc 1 230 5 view .LVU106
 230:Src/stm32l4xx_hal_msp.c ****     /**USART2 GPIO Configuration
 475              		.loc 1 230 5 view .LVU107
 476 0046 DA6C     		ldr	r2, [r3, #76]
 477 0048 42F00102 		orr	r2, r2, #1
 478 004c DA64     		str	r2, [r3, #76]
 230:Src/stm32l4xx_hal_msp.c ****     /**USART2 GPIO Configuration
 479              		.loc 1 230 5 view .LVU108
 480 004e DB6C     		ldr	r3, [r3, #76]
 481 0050 03F00103 		and	r3, r3, #1
 482 0054 0293     		str	r3, [sp, #8]
 230:Src/stm32l4xx_hal_msp.c ****     /**USART2 GPIO Configuration
 483              		.loc 1 230 5 view .LVU109
 484 0056 029B     		ldr	r3, [sp, #8]
 485              	.LBE7:
 230:Src/stm32l4xx_hal_msp.c ****     /**USART2 GPIO Configuration
 486              		.loc 1 230 5 view .LVU110
 235:Src/stm32l4xx_hal_msp.c ****     GPIO_InitStruct.Mode = GPIO_MODE_AF_PP;
 487              		.loc 1 235 5 view .LVU111
 235:Src/stm32l4xx_hal_msp.c ****     GPIO_InitStruct.Mode = GPIO_MODE_AF_PP;
 488              		.loc 1 235 25 is_stmt 0 view .LVU112
 489 0058 0C23     		movs	r3, #12
 490 005a 2593     		str	r3, [sp, #148]
 236:Src/stm32l4xx_hal_msp.c ****     GPIO_InitStruct.Pull = GPIO_NOPULL;
 491              		.loc 1 236 5 is_stmt 1 view .LVU113
 236:Src/stm32l4xx_hal_msp.c ****     GPIO_InitStruct.Pull = GPIO_NOPULL;
 492              		.loc 1 236 26 is_stmt 0 view .LVU114
 493 005c 0223     		movs	r3, #2
 494 005e 2693     		str	r3, [sp, #152]
 237:Src/stm32l4xx_hal_msp.c ****     GPIO_InitStruct.Speed = GPIO_SPEED_FREQ_VERY_HIGH;
 495              		.loc 1 237 5 is_stmt 1 view .LVU115
 237:Src/stm32l4xx_hal_msp.c ****     GPIO_InitStruct.Speed = GPIO_SPEED_FREQ_VERY_HIGH;
 496              		.loc 1 237 26 is_stmt 0 view .LVU116
 497 0060 0023     		movs	r3, #0
 498 0062 2793     		str	r3, [sp, #156]
 238:Src/stm32l4xx_hal_msp.c ****     GPIO_InitStruct.Alternate = GPIO_AF7_USART2;
 499              		.loc 1 238 5 is_stmt 1 view .LVU117
 238:Src/stm32l4xx_hal_msp.c ****     GPIO_InitStruct.Alternate = GPIO_AF7_USART2;
 500              		.loc 1 238 27 is_stmt 0 view .LVU118
ARM GAS  /tmp/cc8fjasv.s 			page 15


 501 0064 0323     		movs	r3, #3
 502 0066 2893     		str	r3, [sp, #160]
 239:Src/stm32l4xx_hal_msp.c ****     HAL_GPIO_Init(GPIOA, &GPIO_InitStruct);
 503              		.loc 1 239 5 is_stmt 1 view .LVU119
 239:Src/stm32l4xx_hal_msp.c ****     HAL_GPIO_Init(GPIOA, &GPIO_InitStruct);
 504              		.loc 1 239 31 is_stmt 0 view .LVU120
 505 0068 0723     		movs	r3, #7
 506 006a 2993     		str	r3, [sp, #164]
 240:Src/stm32l4xx_hal_msp.c **** 
 507              		.loc 1 240 5 is_stmt 1 view .LVU121
 508 006c 25A9     		add	r1, sp, #148
 509 006e 4FF09040 		mov	r0, #1207959552
 510 0072 FFF7FEFF 		bl	HAL_GPIO_Init
 511              	.LVL22:
 512              		.loc 1 247 1 is_stmt 0 view .LVU122
 513 0076 D4E7     		b	.L30
 514              	.L35:
 224:Src/stm32l4xx_hal_msp.c ****     }
 515              		.loc 1 224 7 is_stmt 1 view .LVU123
 516 0078 FFF7FEFF 		bl	Error_Handler
 517              	.LVL23:
 518 007c D9E7     		b	.L32
 519              	.L37:
 520 007e 00BF     		.align	2
 521              	.L36:
 522 0080 00440040 		.word	1073759232
 523 0084 00100240 		.word	1073876992
 524              		.cfi_endproc
 525              	.LFE137:
 527              		.section	.text.HAL_UART_MspDeInit,"ax",%progbits
 528              		.align	1
 529              		.global	HAL_UART_MspDeInit
 530              		.syntax unified
 531              		.thumb
 532              		.thumb_func
 533              		.fpu fpv4-sp-d16
 535              	HAL_UART_MspDeInit:
 536              	.LVL24:
 537              	.LFB138:
 248:Src/stm32l4xx_hal_msp.c **** 
 249:Src/stm32l4xx_hal_msp.c **** /**
 250:Src/stm32l4xx_hal_msp.c **** * @brief UART MSP De-Initialization
 251:Src/stm32l4xx_hal_msp.c **** * This function freeze the hardware resources used in this example
 252:Src/stm32l4xx_hal_msp.c **** * @param huart: UART handle pointer
 253:Src/stm32l4xx_hal_msp.c **** * @retval None
 254:Src/stm32l4xx_hal_msp.c **** */
 255:Src/stm32l4xx_hal_msp.c **** void HAL_UART_MspDeInit(UART_HandleTypeDef* huart)
 256:Src/stm32l4xx_hal_msp.c **** {
 538              		.loc 1 256 1 view -0
 539              		.cfi_startproc
 540              		@ args = 0, pretend = 0, frame = 0
 541              		@ frame_needed = 0, uses_anonymous_args = 0
 542              		.loc 1 256 1 is_stmt 0 view .LVU125
 543 0000 08B5     		push	{r3, lr}
 544              	.LCFI15:
 545              		.cfi_def_cfa_offset 8
 546              		.cfi_offset 3, -8
ARM GAS  /tmp/cc8fjasv.s 			page 16


 547              		.cfi_offset 14, -4
 257:Src/stm32l4xx_hal_msp.c ****   if(huart->Instance==USART2)
 548              		.loc 1 257 3 is_stmt 1 view .LVU126
 549              		.loc 1 257 11 is_stmt 0 view .LVU127
 550 0002 0268     		ldr	r2, [r0]
 551              		.loc 1 257 5 view .LVU128
 552 0004 074B     		ldr	r3, .L42
 553 0006 9A42     		cmp	r2, r3
 554 0008 00D0     		beq	.L41
 555              	.LVL25:
 556              	.L38:
 258:Src/stm32l4xx_hal_msp.c ****   {
 259:Src/stm32l4xx_hal_msp.c ****   /* USER CODE BEGIN USART2_MspDeInit 0 */
 260:Src/stm32l4xx_hal_msp.c **** 
 261:Src/stm32l4xx_hal_msp.c ****   /* USER CODE END USART2_MspDeInit 0 */
 262:Src/stm32l4xx_hal_msp.c ****     /* Peripheral clock disable */
 263:Src/stm32l4xx_hal_msp.c ****     __HAL_RCC_USART2_CLK_DISABLE();
 264:Src/stm32l4xx_hal_msp.c **** 
 265:Src/stm32l4xx_hal_msp.c ****     /**USART2 GPIO Configuration
 266:Src/stm32l4xx_hal_msp.c ****     PA2     ------> USART2_TX
 267:Src/stm32l4xx_hal_msp.c ****     PA3     ------> USART2_RX
 268:Src/stm32l4xx_hal_msp.c ****     */
 269:Src/stm32l4xx_hal_msp.c ****     HAL_GPIO_DeInit(GPIOA, USART_TX_Pin|USART_RX_Pin);
 270:Src/stm32l4xx_hal_msp.c **** 
 271:Src/stm32l4xx_hal_msp.c ****   /* USER CODE BEGIN USART2_MspDeInit 1 */
 272:Src/stm32l4xx_hal_msp.c **** 
 273:Src/stm32l4xx_hal_msp.c ****   /* USER CODE END USART2_MspDeInit 1 */
 274:Src/stm32l4xx_hal_msp.c ****   }
 275:Src/stm32l4xx_hal_msp.c **** 
 276:Src/stm32l4xx_hal_msp.c **** }
 557              		.loc 1 276 1 view .LVU129
 558 000a 08BD     		pop	{r3, pc}
 559              	.LVL26:
 560              	.L41:
 263:Src/stm32l4xx_hal_msp.c **** 
 561              		.loc 1 263 5 is_stmt 1 view .LVU130
 562 000c 064A     		ldr	r2, .L42+4
 563 000e 936D     		ldr	r3, [r2, #88]
 564 0010 23F40033 		bic	r3, r3, #131072
 565 0014 9365     		str	r3, [r2, #88]
 269:Src/stm32l4xx_hal_msp.c **** 
 566              		.loc 1 269 5 view .LVU131
 567 0016 0C21     		movs	r1, #12
 568 0018 4FF09040 		mov	r0, #1207959552
 569              	.LVL27:
 269:Src/stm32l4xx_hal_msp.c **** 
 570              		.loc 1 269 5 is_stmt 0 view .LVU132
 571 001c FFF7FEFF 		bl	HAL_GPIO_DeInit
 572              	.LVL28:
 573              		.loc 1 276 1 view .LVU133
 574 0020 F3E7     		b	.L38
 575              	.L43:
 576 0022 00BF     		.align	2
 577              	.L42:
 578 0024 00440040 		.word	1073759232
 579 0028 00100240 		.word	1073876992
 580              		.cfi_endproc
ARM GAS  /tmp/cc8fjasv.s 			page 17


 581              	.LFE138:
 583              		.text
 584              	.Letext0:
 585              		.file 2 "/usr/lib/gcc/arm-none-eabi/10.3.1/include/stdint.h"
 586              		.file 3 "Drivers/CMSIS/Device/ST/STM32L4xx/Include/stm32l476xx.h"
 587              		.file 4 "Drivers/STM32L4xx_HAL_Driver/Inc/stm32l4xx_hal_def.h"
 588              		.file 5 "Drivers/STM32L4xx_HAL_Driver/Inc/stm32l4xx_hal_rcc_ex.h"
 589              		.file 6 "Drivers/STM32L4xx_HAL_Driver/Inc/stm32l4xx_hal_gpio.h"
 590              		.file 7 "Drivers/STM32L4xx_HAL_Driver/Inc/stm32l4xx_hal_dma.h"
 591              		.file 8 "Drivers/STM32L4xx_HAL_Driver/Inc/stm32l4xx_hal_rtc.h"
 592              		.file 9 "Drivers/STM32L4xx_HAL_Driver/Inc/stm32l4xx_hal_spi.h"
 593              		.file 10 "Drivers/STM32L4xx_HAL_Driver/Inc/stm32l4xx_hal_uart.h"
 594              		.file 11 "Inc/main.h"
 595              		.file 12 "<built-in>"
ARM GAS  /tmp/cc8fjasv.s 			page 18


DEFINED SYMBOLS
                            *ABS*:0000000000000000 stm32l4xx_hal_msp.c
     /tmp/cc8fjasv.s:18     .text.HAL_MspInit:0000000000000000 $t
     /tmp/cc8fjasv.s:26     .text.HAL_MspInit:0000000000000000 HAL_MspInit
     /tmp/cc8fjasv.s:77     .text.HAL_MspInit:000000000000002c $d
     /tmp/cc8fjasv.s:82     .text.HAL_RTC_MspInit:0000000000000000 $t
     /tmp/cc8fjasv.s:89     .text.HAL_RTC_MspInit:0000000000000000 HAL_RTC_MspInit
     /tmp/cc8fjasv.s:165    .text.HAL_RTC_MspInit:0000000000000048 $d
     /tmp/cc8fjasv.s:171    .text.HAL_RTC_MspDeInit:0000000000000000 $t
     /tmp/cc8fjasv.s:178    .text.HAL_RTC_MspDeInit:0000000000000000 HAL_RTC_MspDeInit
     /tmp/cc8fjasv.s:207    .text.HAL_RTC_MspDeInit:000000000000001c $d
     /tmp/cc8fjasv.s:213    .text.HAL_SPI_MspInit:0000000000000000 $t
     /tmp/cc8fjasv.s:220    .text.HAL_SPI_MspInit:0000000000000000 HAL_SPI_MspInit
     /tmp/cc8fjasv.s:323    .text.HAL_SPI_MspInit:0000000000000064 $d
     /tmp/cc8fjasv.s:328    .text.HAL_SPI_MspDeInit:0000000000000000 $t
     /tmp/cc8fjasv.s:335    .text.HAL_SPI_MspDeInit:0000000000000000 HAL_SPI_MspDeInit
     /tmp/cc8fjasv.s:378    .text.HAL_SPI_MspDeInit:0000000000000024 $d
     /tmp/cc8fjasv.s:384    .text.HAL_UART_MspInit:0000000000000000 $t
     /tmp/cc8fjasv.s:391    .text.HAL_UART_MspInit:0000000000000000 HAL_UART_MspInit
     /tmp/cc8fjasv.s:522    .text.HAL_UART_MspInit:0000000000000080 $d
     /tmp/cc8fjasv.s:528    .text.HAL_UART_MspDeInit:0000000000000000 $t
     /tmp/cc8fjasv.s:535    .text.HAL_UART_MspDeInit:0000000000000000 HAL_UART_MspDeInit
     /tmp/cc8fjasv.s:578    .text.HAL_UART_MspDeInit:0000000000000024 $d

UNDEFINED SYMBOLS
memset
HAL_RCCEx_PeriphCLKConfig
Error_Handler
HAL_GPIO_Init
HAL_GPIO_DeInit
