ARM GAS  /tmp/ccnZm1Ex.s 			page 1


   1              		.cpu cortex-m4
   2              		.eabi_attribute 27, 1
   3              		.eabi_attribute 28, 1
   4              		.eabi_attribute 23, 1
   5              		.eabi_attribute 24, 1
   6              		.eabi_attribute 25, 1
   7              		.eabi_attribute 26, 1
   8              		.eabi_attribute 30, 4
   9              		.eabi_attribute 34, 1
  10              		.eabi_attribute 18, 4
  11              		.file	"radio_utilities.c"
  12              		.text
  13              		.section	.text.radio_utilities_set_tx_power_offset,"ax",%progbits
  14              		.align	1
  15              		.global	radio_utilities_set_tx_power_offset
  16              		.arch armv7e-m
  17              		.syntax unified
  18              		.thumb
  19              		.thumb_func
  20              		.fpu fpv4-sp-d16
  22              	radio_utilities_set_tx_power_offset:
  23              		@ args = 0, pretend = 0, frame = 0
  24              		@ frame_needed = 0, uses_anonymous_args = 0
  25              		@ link register save eliminated.
  26 0000 014B     		ldr	r3, .L2
  27 0002 1870     		strb	r0, [r3]
  28 0004 7047     		bx	lr
  29              	.L3:
  30 0006 00BF     		.align	2
  31              	.L2:
  32 0008 00000000 		.word	.LANCHOR0
  34              		.section	.text.radio_utilities_get_tx_power_offset,"ax",%progbits
  35              		.align	1
  36              		.global	radio_utilities_get_tx_power_offset
  37              		.syntax unified
  38              		.thumb
  39              		.thumb_func
  40              		.fpu fpv4-sp-d16
  42              	radio_utilities_get_tx_power_offset:
  43              		@ args = 0, pretend = 0, frame = 0
  44              		@ frame_needed = 0, uses_anonymous_args = 0
  45              		@ link register save eliminated.
  46 0000 014B     		ldr	r3, .L5
  47 0002 93F90000 		ldrsb	r0, [r3]
  48 0006 7047     		bx	lr
  49              	.L6:
  50              		.align	2
  51              	.L5:
  52 0008 00000000 		.word	.LANCHOR0
  54              		.section	.bss.board_tx_pwr_offset_db,"aw",%nobits
  55              		.set	.LANCHOR0,. + 0
  58              	board_tx_pwr_offset_db:
  59 0000 00       		.space	1
  60              		.ident	"GCC: (15:10.3-2021.07-4) 10.3.1 20210621 (release)"
ARM GAS  /tmp/ccnZm1Ex.s 			page 2


DEFINED SYMBOLS
                            *ABS*:0000000000000000 radio_utilities.c
     /tmp/ccnZm1Ex.s:14     .text.radio_utilities_set_tx_power_offset:0000000000000000 $t
     /tmp/ccnZm1Ex.s:22     .text.radio_utilities_set_tx_power_offset:0000000000000000 radio_utilities_set_tx_power_offset
     /tmp/ccnZm1Ex.s:32     .text.radio_utilities_set_tx_power_offset:0000000000000008 $d
     /tmp/ccnZm1Ex.s:35     .text.radio_utilities_get_tx_power_offset:0000000000000000 $t
     /tmp/ccnZm1Ex.s:42     .text.radio_utilities_get_tx_power_offset:0000000000000000 radio_utilities_get_tx_power_offset
     /tmp/ccnZm1Ex.s:52     .text.radio_utilities_get_tx_power_offset:0000000000000008 $d
     /tmp/ccnZm1Ex.s:58     .bss.board_tx_pwr_offset_db:0000000000000000 board_tx_pwr_offset_db
     /tmp/ccnZm1Ex.s:59     .bss.board_tx_pwr_offset_db:0000000000000000 $d

NO UNDEFINED SYMBOLS
