ARM GAS  /tmp/ccM8fx2M.s 			page 1


   1              		.cpu cortex-m4
   2              		.eabi_attribute 27, 1
   3              		.eabi_attribute 28, 1
   4              		.eabi_attribute 23, 1
   5              		.eabi_attribute 24, 1
   6              		.eabi_attribute 25, 1
   7              		.eabi_attribute 26, 1
   8              		.eabi_attribute 30, 4
   9              		.eabi_attribute 34, 1
  10              		.eabi_attribute 18, 4
  11              		.file	"stm32l4xx_hal_rcc.c"
  12              		.text
  13              		.section	.text.RCC_SetFlashLatencyFromMSIRange,"ax",%progbits
  14              		.align	1
  15              		.arch armv7e-m
  16              		.syntax unified
  17              		.thumb
  18              		.thumb_func
  19              		.fpu fpv4-sp-d16
  21              	RCC_SetFlashLatencyFromMSIRange:
  22              		@ args = 0, pretend = 0, frame = 8
  23              		@ frame_needed = 0, uses_anonymous_args = 0
  24 0000 37B5     		push	{r0, r1, r2, r4, r5, lr}
  25 0002 1E4D     		ldr	r5, .L10
  26 0004 AB6D     		ldr	r3, [r5, #88]
  27 0006 DA00     		lsls	r2, r3, #3
  28 0008 0446     		mov	r4, r0
  29 000a 18D5     		bpl	.L2
  30 000c FFF7FEFF 		bl	HAL_PWREx_GetVoltageRange
  31              	.L3:
  32 0010 B0F5007F 		cmp	r0, #512
  33 0014 23D1     		bne	.L4
  34 0016 802C     		cmp	r4, #128
  35 0018 29D9     		bls	.L6
  36 001a A02C     		cmp	r4, #160
  37 001c 8CBF     		ite	hi
  38 001e 0220     		movhi	r0, #2
  39 0020 0120     		movls	r0, #1
  40              	.L5:
  41 0022 174A     		ldr	r2, .L10+4
  42 0024 1368     		ldr	r3, [r2]
  43 0026 23F00703 		bic	r3, r3, #7
  44 002a 0343     		orrs	r3, r3, r0
  45 002c 1360     		str	r3, [r2]
  46 002e 1368     		ldr	r3, [r2]
  47 0030 03F00703 		and	r3, r3, #7
  48 0034 181A     		subs	r0, r3, r0
  49 0036 18BF     		it	ne
  50 0038 0120     		movne	r0, #1
  51 003a 03B0     		add	sp, sp, #12
  52              		@ sp needed
  53 003c 30BD     		pop	{r4, r5, pc}
  54              	.L2:
  55 003e AB6D     		ldr	r3, [r5, #88]
  56 0040 43F08053 		orr	r3, r3, #268435456
  57 0044 AB65     		str	r3, [r5, #88]
  58 0046 AB6D     		ldr	r3, [r5, #88]
ARM GAS  /tmp/ccM8fx2M.s 			page 2


  59 0048 03F08053 		and	r3, r3, #268435456
  60 004c 0193     		str	r3, [sp, #4]
  61 004e 019B     		ldr	r3, [sp, #4]
  62 0050 FFF7FEFF 		bl	HAL_PWREx_GetVoltageRange
  63 0054 AB6D     		ldr	r3, [r5, #88]
  64 0056 23F08053 		bic	r3, r3, #268435456
  65 005a AB65     		str	r3, [r5, #88]
  66 005c D8E7     		b	.L3
  67              	.L4:
  68 005e 802C     		cmp	r4, #128
  69 0060 07D8     		bhi	.L8
  70 0062 08D0     		beq	.L9
  71 0064 A4F17003 		sub	r3, r4, #112
  72 0068 5842     		rsbs	r0, r3, #0
  73 006a 5841     		adcs	r0, r0, r3
  74 006c D9E7     		b	.L5
  75              	.L6:
  76 006e 0020     		movs	r0, #0
  77 0070 D7E7     		b	.L5
  78              	.L8:
  79 0072 0320     		movs	r0, #3
  80 0074 D5E7     		b	.L5
  81              	.L9:
  82 0076 0220     		movs	r0, #2
  83 0078 D3E7     		b	.L5
  84              	.L11:
  85 007a 00BF     		.align	2
  86              	.L10:
  87 007c 00100240 		.word	1073876992
  88 0080 00200240 		.word	1073881088
  90              		.section	.text.HAL_RCC_DeInit,"ax",%progbits
  91              		.align	1
  92              		.global	HAL_RCC_DeInit
  93              		.syntax unified
  94              		.thumb
  95              		.thumb_func
  96              		.fpu fpv4-sp-d16
  98              	HAL_RCC_DeInit:
  99              		@ args = 0, pretend = 0, frame = 0
 100              		@ frame_needed = 0, uses_anonymous_args = 0
 101 0000 F8B5     		push	{r3, r4, r5, r6, r7, lr}
 102 0002 324C     		ldr	r4, .L23
 103 0004 2368     		ldr	r3, [r4]
 104 0006 43F00103 		orr	r3, r3, #1
 105 000a 2360     		str	r3, [r4]
 106 000c FFF7FEFF 		bl	HAL_GetTick
 107 0010 0546     		mov	r5, r0
 108              	.L13:
 109 0012 2368     		ldr	r3, [r4]
 110 0014 9B07     		lsls	r3, r3, #30
 111 0016 43D5     		bpl	.L15
 112 0018 2368     		ldr	r3, [r4]
 113 001a 2D4A     		ldr	r2, .L23+4
 114 001c 23F0F003 		bic	r3, r3, #240
 115 0020 43F06003 		orr	r3, r3, #96
 116 0024 2360     		str	r3, [r4]
 117 0026 0023     		movs	r3, #0
ARM GAS  /tmp/ccM8fx2M.s 			page 3


 118 0028 A360     		str	r3, [r4, #8]
 119 002a 2A4B     		ldr	r3, .L23+8
 120 002c 1A60     		str	r2, [r3]
 121 002e 2A4B     		ldr	r3, .L23+12
 122 0030 1868     		ldr	r0, [r3]
 123 0032 FFF7FEFF 		bl	HAL_InitTick
 124 0036 0546     		mov	r5, r0
 125 0038 0028     		cmp	r0, #0
 126 003a 45D1     		bne	.L21
 127 003c FFF7FEFF 		bl	HAL_GetTick
 128 0040 41F28837 		movw	r7, #5000
 129 0044 0646     		mov	r6, r0
 130              	.L16:
 131 0046 A368     		ldr	r3, [r4, #8]
 132 0048 13F00C0F 		tst	r3, #12
 133 004c 30D1     		bne	.L18
 134 004e 2268     		ldr	r2, [r4]
 135 0050 224B     		ldr	r3, .L23+16
 136 0052 1340     		ands	r3, r3, r2
 137 0054 2360     		str	r3, [r4]
 138 0056 FFF7FEFF 		bl	HAL_GetTick
 139 005a 0646     		mov	r6, r0
 140              	.L19:
 141 005c 2368     		ldr	r3, [r4]
 142 005e 13F02853 		ands	r3, r3, #704643072
 143 0062 2BD1     		bne	.L20
 144 0064 E360     		str	r3, [r4, #12]
 145 0066 E268     		ldr	r2, [r4, #12]
 146 0068 42F48052 		orr	r2, r2, #4096
 147 006c E260     		str	r2, [r4, #12]
 148 006e 2361     		str	r3, [r4, #16]
 149 0070 2269     		ldr	r2, [r4, #16]
 150 0072 42F48052 		orr	r2, r2, #4096
 151 0076 2261     		str	r2, [r4, #16]
 152 0078 6361     		str	r3, [r4, #20]
 153 007a 6269     		ldr	r2, [r4, #20]
 154 007c 42F48052 		orr	r2, r2, #4096
 155 0080 6261     		str	r2, [r4, #20]
 156 0082 2268     		ldr	r2, [r4]
 157 0084 22F48022 		bic	r2, r2, #262144
 158 0088 2260     		str	r2, [r4]
 159 008a A361     		str	r3, [r4, #24]
 160 008c 4FF0FF33 		mov	r3, #-1
 161 0090 2362     		str	r3, [r4, #32]
 162 0092 D4F89430 		ldr	r3, [r4, #148]
 163 0096 43F40003 		orr	r3, r3, #8388608
 164 009a C4F89430 		str	r3, [r4, #148]
 165 009e 05E0     		b	.L14
 166              	.L15:
 167 00a0 FFF7FEFF 		bl	HAL_GetTick
 168 00a4 401B     		subs	r0, r0, r5
 169 00a6 0228     		cmp	r0, #2
 170 00a8 B3D9     		bls	.L13
 171              	.L17:
 172 00aa 0325     		movs	r5, #3
 173              	.L14:
 174 00ac 2846     		mov	r0, r5
ARM GAS  /tmp/ccM8fx2M.s 			page 4


 175 00ae F8BD     		pop	{r3, r4, r5, r6, r7, pc}
 176              	.L18:
 177 00b0 FFF7FEFF 		bl	HAL_GetTick
 178 00b4 801B     		subs	r0, r0, r6
 179 00b6 B842     		cmp	r0, r7
 180 00b8 C5D9     		bls	.L16
 181 00ba F6E7     		b	.L17
 182              	.L20:
 183 00bc FFF7FEFF 		bl	HAL_GetTick
 184 00c0 801B     		subs	r0, r0, r6
 185 00c2 0228     		cmp	r0, #2
 186 00c4 CAD9     		bls	.L19
 187 00c6 F0E7     		b	.L17
 188              	.L21:
 189 00c8 0125     		movs	r5, #1
 190 00ca EFE7     		b	.L14
 191              	.L24:
 192              		.align	2
 193              	.L23:
 194 00cc 00100240 		.word	1073876992
 195 00d0 00093D00 		.word	4000000
 196 00d4 00000000 		.word	SystemCoreClock
 197 00d8 00000000 		.word	uwTickPrio
 198 00dc FFF4FEEA 		.word	-352389889
 200              		.section	.text.HAL_RCC_MCOConfig,"ax",%progbits
 201              		.align	1
 202              		.global	HAL_RCC_MCOConfig
 203              		.syntax unified
 204              		.thumb
 205              		.thumb_func
 206              		.fpu fpv4-sp-d16
 208              	HAL_RCC_MCOConfig:
 209              		@ args = 0, pretend = 0, frame = 32
 210              		@ frame_needed = 0, uses_anonymous_args = 0
 211 0000 70B5     		push	{r4, r5, r6, lr}
 212 0002 134C     		ldr	r4, .L26
 213 0004 E36C     		ldr	r3, [r4, #76]
 214 0006 43F00103 		orr	r3, r3, #1
 215 000a E364     		str	r3, [r4, #76]
 216 000c E36C     		ldr	r3, [r4, #76]
 217 000e 88B0     		sub	sp, sp, #32
 218 0010 03F00103 		and	r3, r3, #1
 219 0014 0193     		str	r3, [sp, #4]
 220 0016 019B     		ldr	r3, [sp, #4]
 221 0018 1646     		mov	r6, r2
 222 001a 0223     		movs	r3, #2
 223 001c 4FF48072 		mov	r2, #256
 224 0020 CDE90223 		strd	r2, [sp, #8]
 225 0024 0022     		movs	r2, #0
 226 0026 0223     		movs	r3, #2
 227 0028 CDE90423 		strd	r2, [sp, #16]
 228 002c 0D46     		mov	r5, r1
 229 002e 0023     		movs	r3, #0
 230 0030 02A9     		add	r1, sp, #8
 231 0032 4FF09040 		mov	r0, #1207959552
 232 0036 0693     		str	r3, [sp, #24]
 233 0038 FFF7FEFF 		bl	HAL_GPIO_Init
ARM GAS  /tmp/ccM8fx2M.s 			page 5


 234 003c A368     		ldr	r3, [r4, #8]
 235 003e 23F0EE43 		bic	r3, r3, #1996488704
 236 0042 43EA0602 		orr	r2, r3, r6
 237 0046 2A43     		orrs	r2, r2, r5
 238 0048 A260     		str	r2, [r4, #8]
 239 004a 08B0     		add	sp, sp, #32
 240              		@ sp needed
 241 004c 70BD     		pop	{r4, r5, r6, pc}
 242              	.L27:
 243 004e 00BF     		.align	2
 244              	.L26:
 245 0050 00100240 		.word	1073876992
 247              		.section	.text.HAL_RCC_GetSysClockFreq,"ax",%progbits
 248              		.align	1
 249              		.global	HAL_RCC_GetSysClockFreq
 250              		.syntax unified
 251              		.thumb
 252              		.thumb_func
 253              		.fpu fpv4-sp-d16
 255              	HAL_RCC_GetSysClockFreq:
 256              		@ args = 0, pretend = 0, frame = 0
 257              		@ frame_needed = 0, uses_anonymous_args = 0
 258              		@ link register save eliminated.
 259 0000 224B     		ldr	r3, .L50
 260 0002 9A68     		ldr	r2, [r3, #8]
 261 0004 D968     		ldr	r1, [r3, #12]
 262 0006 12F00C02 		ands	r2, r2, #12
 263 000a 05D0     		beq	.L29
 264 000c 0C2A     		cmp	r2, #12
 265 000e 15D1     		bne	.L30
 266 0010 01F00301 		and	r1, r1, #3
 267 0014 0129     		cmp	r1, #1
 268 0016 18D1     		bne	.L38
 269              	.L29:
 270 0018 1968     		ldr	r1, [r3]
 271 001a 1D48     		ldr	r0, .L50+4
 272 001c 0907     		lsls	r1, r1, #28
 273 001e 55BF     		itete	pl
 274 0020 D3F89410 		ldrpl	r1, [r3, #148]
 275 0024 1968     		ldrmi	r1, [r3]
 276 0026 C1F30321 		ubfxpl	r1, r1, #8, #4
 277 002a C1F30311 		ubfxmi	r1, r1, #4, #4
 278 002e 50F82100 		ldr	r0, [r0, r1, lsl #2]
 279 0032 4AB3     		cbz	r2, .L28
 280 0034 0C2A     		cmp	r2, #12
 281 0036 09D0     		beq	.L31
 282 0038 0020     		movs	r0, #0
 283 003a 7047     		bx	lr
 284              	.L30:
 285 003c 042A     		cmp	r2, #4
 286 003e 22D0     		beq	.L39
 287 0040 082A     		cmp	r2, #8
 288 0042 1448     		ldr	r0, .L50+8
 289 0044 18BF     		it	ne
 290 0046 0020     		movne	r0, #0
 291 0048 7047     		bx	lr
 292              	.L38:
ARM GAS  /tmp/ccM8fx2M.s 			page 6


 293 004a 0020     		movs	r0, #0
 294              	.L31:
 295 004c DA68     		ldr	r2, [r3, #12]
 296 004e 02F00302 		and	r2, r2, #3
 297 0052 022A     		cmp	r2, #2
 298 0054 15D0     		beq	.L42
 299 0056 0F49     		ldr	r1, .L50+8
 300 0058 032A     		cmp	r2, #3
 301 005a 08BF     		it	eq
 302 005c 0846     		moveq	r0, r1
 303              	.L37:
 304 005e D968     		ldr	r1, [r3, #12]
 305 0060 DA68     		ldr	r2, [r3, #12]
 306 0062 C2F30622 		ubfx	r2, r2, #8, #7
 307 0066 4243     		muls	r2, r0, r2
 308 0068 D868     		ldr	r0, [r3, #12]
 309 006a C0F34160 		ubfx	r0, r0, #25, #2
 310 006e C1F30211 		ubfx	r1, r1, #4, #3
 311 0072 0130     		adds	r0, r0, #1
 312 0074 0131     		adds	r1, r1, #1
 313 0076 4000     		lsls	r0, r0, #1
 314 0078 B2FBF1F2 		udiv	r2, r2, r1
 315 007c B2FBF0F0 		udiv	r0, r2, r0
 316 0080 7047     		bx	lr
 317              	.L42:
 318 0082 0548     		ldr	r0, .L50+12
 319 0084 EBE7     		b	.L37
 320              	.L39:
 321 0086 0448     		ldr	r0, .L50+12
 322              	.L28:
 323 0088 7047     		bx	lr
 324              	.L51:
 325 008a 00BF     		.align	2
 326              	.L50:
 327 008c 00100240 		.word	1073876992
 328 0090 00000000 		.word	MSIRangeTable
 329 0094 00127A00 		.word	8000000
 330 0098 0024F400 		.word	16000000
 332              		.section	.text.HAL_RCC_OscConfig,"ax",%progbits
 333              		.align	1
 334              		.global	HAL_RCC_OscConfig
 335              		.syntax unified
 336              		.thumb
 337              		.thumb_func
 338              		.fpu fpv4-sp-d16
 340              	HAL_RCC_OscConfig:
 341              		@ args = 0, pretend = 0, frame = 8
 342              		@ frame_needed = 0, uses_anonymous_args = 0
 343 0000 2DE9F743 		push	{r0, r1, r2, r4, r5, r6, r7, r8, r9, lr}
 344 0004 0546     		mov	r5, r0
 345 0006 18B9     		cbnz	r0, .L53
 346              	.L60:
 347 0008 0120     		movs	r0, #1
 348              	.L54:
 349 000a 03B0     		add	sp, sp, #12
 350              		@ sp needed
 351 000c BDE8F083 		pop	{r4, r5, r6, r7, r8, r9, pc}
ARM GAS  /tmp/ccM8fx2M.s 			page 7


 352              	.L53:
 353 0010 924C     		ldr	r4, .L177
 354 0012 0368     		ldr	r3, [r0]
 355 0014 A668     		ldr	r6, [r4, #8]
 356 0016 E768     		ldr	r7, [r4, #12]
 357 0018 D806     		lsls	r0, r3, #27
 358 001a 06F00C06 		and	r6, r6, #12
 359 001e 07F00307 		and	r7, r7, #3
 360 0022 3DD5     		bpl	.L56
 361 0024 1EB1     		cbz	r6, .L57
 362 0026 0C2E     		cmp	r6, #12
 363 0028 66D1     		bne	.L58
 364 002a 012F     		cmp	r7, #1
 365 002c 64D1     		bne	.L58
 366              	.L57:
 367 002e 2368     		ldr	r3, [r4]
 368 0030 9907     		lsls	r1, r3, #30
 369 0032 02D5     		bpl	.L59
 370 0034 AB69     		ldr	r3, [r5, #24]
 371 0036 002B     		cmp	r3, #0
 372 0038 E6D0     		beq	.L60
 373              	.L59:
 374 003a 2368     		ldr	r3, [r4]
 375 003c 286A     		ldr	r0, [r5, #32]
 376 003e 1A07     		lsls	r2, r3, #28
 377 0040 56BF     		itet	pl
 378 0042 D4F89430 		ldrpl	r3, [r4, #148]
 379 0046 2368     		ldrmi	r3, [r4]
 380 0048 1B09     		lsrpl	r3, r3, #4
 381 004a 03F0F003 		and	r3, r3, #240
 382 004e 9842     		cmp	r0, r3
 383 0050 3BD9     		bls	.L63
 384 0052 FFF7FEFF 		bl	RCC_SetFlashLatencyFromMSIRange
 385 0056 0028     		cmp	r0, #0
 386 0058 D6D1     		bne	.L60
 387 005a 2368     		ldr	r3, [r4]
 388 005c 43F00803 		orr	r3, r3, #8
 389 0060 2360     		str	r3, [r4]
 390 0062 2368     		ldr	r3, [r4]
 391 0064 2A6A     		ldr	r2, [r5, #32]
 392 0066 23F0F003 		bic	r3, r3, #240
 393 006a 1343     		orrs	r3, r3, r2
 394 006c 2360     		str	r3, [r4]
 395 006e 6368     		ldr	r3, [r4, #4]
 396 0070 EA69     		ldr	r2, [r5, #28]
 397 0072 23F47F43 		bic	r3, r3, #65280
 398 0076 43EA0223 		orr	r3, r3, r2, lsl #8
 399 007a 6360     		str	r3, [r4, #4]
 400              	.L64:
 401 007c FFF7FEFF 		bl	HAL_RCC_GetSysClockFreq
 402 0080 A368     		ldr	r3, [r4, #8]
 403 0082 774A     		ldr	r2, .L177+4
 404 0084 C3F30313 		ubfx	r3, r3, #4, #4
 405 0088 D35C     		ldrb	r3, [r2, r3]	@ zero_extendqisi2
 406 008a 03F01F03 		and	r3, r3, #31
 407 008e D840     		lsrs	r0, r0, r3
 408 0090 744B     		ldr	r3, .L177+8
ARM GAS  /tmp/ccM8fx2M.s 			page 8


 409 0092 1860     		str	r0, [r3]
 410 0094 744B     		ldr	r3, .L177+12
 411 0096 1868     		ldr	r0, [r3]
 412 0098 FFF7FEFF 		bl	HAL_InitTick
 413 009c 0028     		cmp	r0, #0
 414 009e B4D1     		bne	.L54
 415              	.L56:
 416 00a0 2B68     		ldr	r3, [r5]
 417 00a2 D907     		lsls	r1, r3, #31
 418 00a4 5FD4     		bmi	.L74
 419              	.L79:
 420 00a6 2B68     		ldr	r3, [r5]
 421 00a8 9A07     		lsls	r2, r3, #30
 422 00aa 00F19E80 		bmi	.L75
 423              	.L88:
 424 00ae 2B68     		ldr	r3, [r5]
 425 00b0 1907     		lsls	r1, r3, #28
 426 00b2 00F1DB80 		bmi	.L97
 427              	.L103:
 428 00b6 2B68     		ldr	r3, [r5]
 429 00b8 5A07     		lsls	r2, r3, #29
 430 00ba 00F10181 		bmi	.L98
 431              	.L106:
 432 00be AB6A     		ldr	r3, [r5, #40]
 433 00c0 002B     		cmp	r3, #0
 434 00c2 40F06A81 		bne	.L123
 435              	.L131:
 436 00c6 0020     		movs	r0, #0
 437 00c8 9FE7     		b	.L54
 438              	.L63:
 439 00ca 2368     		ldr	r3, [r4]
 440 00cc 43F00803 		orr	r3, r3, #8
 441 00d0 2360     		str	r3, [r4]
 442 00d2 2368     		ldr	r3, [r4]
 443 00d4 23F0F003 		bic	r3, r3, #240
 444 00d8 0343     		orrs	r3, r3, r0
 445 00da 2360     		str	r3, [r4]
 446 00dc 6368     		ldr	r3, [r4, #4]
 447 00de EA69     		ldr	r2, [r5, #28]
 448 00e0 23F47F43 		bic	r3, r3, #65280
 449 00e4 43EA0223 		orr	r3, r3, r2, lsl #8
 450 00e8 6360     		str	r3, [r4, #4]
 451 00ea 002E     		cmp	r6, #0
 452 00ec C6D1     		bne	.L64
 453 00ee FFF7FEFF 		bl	RCC_SetFlashLatencyFromMSIRange
 454 00f2 0028     		cmp	r0, #0
 455 00f4 C2D0     		beq	.L64
 456 00f6 87E7     		b	.L60
 457              	.L58:
 458 00f8 AB69     		ldr	r3, [r5, #24]
 459 00fa 1BB3     		cbz	r3, .L68
 460 00fc 2368     		ldr	r3, [r4]
 461 00fe 43F00103 		orr	r3, r3, #1
 462 0102 2360     		str	r3, [r4]
 463 0104 FFF7FEFF 		bl	HAL_GetTick
 464 0108 8046     		mov	r8, r0
 465              	.L69:
ARM GAS  /tmp/ccM8fx2M.s 			page 9


 466 010a 2368     		ldr	r3, [r4]
 467 010c 9B07     		lsls	r3, r3, #30
 468 010e 11D5     		bpl	.L70
 469 0110 2368     		ldr	r3, [r4]
 470 0112 43F00803 		orr	r3, r3, #8
 471 0116 2360     		str	r3, [r4]
 472 0118 2368     		ldr	r3, [r4]
 473 011a 2A6A     		ldr	r2, [r5, #32]
 474 011c 23F0F003 		bic	r3, r3, #240
 475 0120 1343     		orrs	r3, r3, r2
 476 0122 2360     		str	r3, [r4]
 477 0124 6368     		ldr	r3, [r4, #4]
 478 0126 EA69     		ldr	r2, [r5, #28]
 479 0128 23F47F43 		bic	r3, r3, #65280
 480 012c 43EA0223 		orr	r3, r3, r2, lsl #8
 481 0130 6360     		str	r3, [r4, #4]
 482 0132 B5E7     		b	.L56
 483              	.L70:
 484 0134 FFF7FEFF 		bl	HAL_GetTick
 485 0138 A0EB0800 		sub	r0, r0, r8
 486 013c 0228     		cmp	r0, #2
 487 013e E4D9     		bls	.L69
 488              	.L72:
 489 0140 0320     		movs	r0, #3
 490 0142 62E7     		b	.L54
 491              	.L68:
 492 0144 2368     		ldr	r3, [r4]
 493 0146 23F00103 		bic	r3, r3, #1
 494 014a 2360     		str	r3, [r4]
 495 014c FFF7FEFF 		bl	HAL_GetTick
 496 0150 8046     		mov	r8, r0
 497              	.L71:
 498 0152 2368     		ldr	r3, [r4]
 499 0154 9807     		lsls	r0, r3, #30
 500 0156 A3D5     		bpl	.L56
 501 0158 FFF7FEFF 		bl	HAL_GetTick
 502 015c A0EB0800 		sub	r0, r0, r8
 503 0160 0228     		cmp	r0, #2
 504 0162 F6D9     		bls	.L71
 505 0164 ECE7     		b	.L72
 506              	.L74:
 507 0166 082E     		cmp	r6, #8
 508 0168 03D0     		beq	.L77
 509 016a 0C2E     		cmp	r6, #12
 510 016c 08D1     		bne	.L78
 511 016e 032F     		cmp	r7, #3
 512 0170 06D1     		bne	.L78
 513              	.L77:
 514 0172 2368     		ldr	r3, [r4]
 515 0174 9B03     		lsls	r3, r3, #14
 516 0176 96D5     		bpl	.L79
 517 0178 6B68     		ldr	r3, [r5, #4]
 518 017a 002B     		cmp	r3, #0
 519 017c 93D1     		bne	.L79
 520 017e 43E7     		b	.L60
 521              	.L78:
 522 0180 6B68     		ldr	r3, [r5, #4]
ARM GAS  /tmp/ccM8fx2M.s 			page 10


 523 0182 B3F5803F 		cmp	r3, #65536
 524 0186 10D1     		bne	.L80
 525              	.L174:
 526 0188 2368     		ldr	r3, [r4]
 527 018a 43F48033 		orr	r3, r3, #65536
 528 018e 2360     		str	r3, [r4]
 529              	.L81:
 530 0190 FFF7FEFF 		bl	HAL_GetTick
 531 0194 8046     		mov	r8, r0
 532              	.L84:
 533 0196 2368     		ldr	r3, [r4]
 534 0198 9803     		lsls	r0, r3, #14
 535 019a 84D4     		bmi	.L79
 536 019c FFF7FEFF 		bl	HAL_GetTick
 537 01a0 A0EB0800 		sub	r0, r0, r8
 538 01a4 6428     		cmp	r0, #100
 539 01a6 F6D9     		bls	.L84
 540 01a8 CAE7     		b	.L72
 541              	.L80:
 542 01aa B3F5A02F 		cmp	r3, #327680
 543 01ae 04D1     		bne	.L82
 544 01b0 2368     		ldr	r3, [r4]
 545 01b2 43F48023 		orr	r3, r3, #262144
 546 01b6 2360     		str	r3, [r4]
 547 01b8 E6E7     		b	.L174
 548              	.L82:
 549 01ba 2268     		ldr	r2, [r4]
 550 01bc 22F48032 		bic	r2, r2, #65536
 551 01c0 2260     		str	r2, [r4]
 552 01c2 2268     		ldr	r2, [r4]
 553 01c4 22F48022 		bic	r2, r2, #262144
 554 01c8 2260     		str	r2, [r4]
 555 01ca 002B     		cmp	r3, #0
 556 01cc E0D1     		bne	.L81
 557 01ce FFF7FEFF 		bl	HAL_GetTick
 558 01d2 8046     		mov	r8, r0
 559              	.L86:
 560 01d4 2368     		ldr	r3, [r4]
 561 01d6 9903     		lsls	r1, r3, #14
 562 01d8 7FF565AF 		bpl	.L79
 563 01dc FFF7FEFF 		bl	HAL_GetTick
 564 01e0 A0EB0800 		sub	r0, r0, r8
 565 01e4 6428     		cmp	r0, #100
 566 01e6 F5D9     		bls	.L86
 567 01e8 AAE7     		b	.L72
 568              	.L75:
 569 01ea 042E     		cmp	r6, #4
 570 01ec 03D0     		beq	.L89
 571 01ee 0C2E     		cmp	r6, #12
 572 01f0 10D1     		bne	.L90
 573 01f2 022F     		cmp	r7, #2
 574 01f4 0ED1     		bne	.L90
 575              	.L89:
 576 01f6 2368     		ldr	r3, [r4]
 577 01f8 5A05     		lsls	r2, r3, #21
 578 01fa 03D5     		bpl	.L175
 579 01fc EB68     		ldr	r3, [r5, #12]
ARM GAS  /tmp/ccM8fx2M.s 			page 11


 580 01fe 002B     		cmp	r3, #0
 581 0200 3FF402AF 		beq	.L60
 582              	.L175:
 583 0204 6368     		ldr	r3, [r4, #4]
 584 0206 2A69     		ldr	r2, [r5, #16]
 585 0208 23F0F853 		bic	r3, r3, #520093696
 586 020c 43EA0263 		orr	r3, r3, r2, lsl #24
 587 0210 6360     		str	r3, [r4, #4]
 588 0212 4CE7     		b	.L88
 589              	.L90:
 590 0214 EB68     		ldr	r3, [r5, #12]
 591 0216 7BB1     		cbz	r3, .L92
 592 0218 2368     		ldr	r3, [r4]
 593 021a 43F48073 		orr	r3, r3, #256
 594 021e 2360     		str	r3, [r4]
 595 0220 FFF7FEFF 		bl	HAL_GetTick
 596 0224 0746     		mov	r7, r0
 597              	.L93:
 598 0226 2368     		ldr	r3, [r4]
 599 0228 5B05     		lsls	r3, r3, #21
 600 022a EBD4     		bmi	.L175
 601 022c FFF7FEFF 		bl	HAL_GetTick
 602 0230 C01B     		subs	r0, r0, r7
 603 0232 0228     		cmp	r0, #2
 604 0234 F7D9     		bls	.L93
 605 0236 83E7     		b	.L72
 606              	.L92:
 607 0238 2368     		ldr	r3, [r4]
 608 023a 23F48073 		bic	r3, r3, #256
 609 023e 2360     		str	r3, [r4]
 610 0240 FFF7FEFF 		bl	HAL_GetTick
 611 0244 0746     		mov	r7, r0
 612              	.L95:
 613 0246 2368     		ldr	r3, [r4]
 614 0248 5805     		lsls	r0, r3, #21
 615 024a 7FF530AF 		bpl	.L88
 616 024e FFF7FEFF 		bl	HAL_GetTick
 617 0252 C01B     		subs	r0, r0, r7
 618 0254 0228     		cmp	r0, #2
 619 0256 F6D9     		bls	.L95
 620 0258 72E7     		b	.L72
 621              	.L178:
 622 025a 00BF     		.align	2
 623              	.L177:
 624 025c 00100240 		.word	1073876992
 625 0260 00000000 		.word	AHBPrescTable
 626 0264 00000000 		.word	SystemCoreClock
 627 0268 00000000 		.word	uwTickPrio
 628              	.L97:
 629 026c 6B69     		ldr	r3, [r5, #20]
 630 026e 9BB1     		cbz	r3, .L100
 631 0270 D4F89430 		ldr	r3, [r4, #148]
 632 0274 43F00103 		orr	r3, r3, #1
 633 0278 C4F89430 		str	r3, [r4, #148]
 634 027c FFF7FEFF 		bl	HAL_GetTick
 635 0280 0746     		mov	r7, r0
 636              	.L101:
ARM GAS  /tmp/ccM8fx2M.s 			page 12


 637 0282 D4F89430 		ldr	r3, [r4, #148]
 638 0286 9B07     		lsls	r3, r3, #30
 639 0288 3FF515AF 		bmi	.L103
 640 028c FFF7FEFF 		bl	HAL_GetTick
 641 0290 C01B     		subs	r0, r0, r7
 642 0292 0228     		cmp	r0, #2
 643 0294 F5D9     		bls	.L101
 644 0296 53E7     		b	.L72
 645              	.L100:
 646 0298 D4F89430 		ldr	r3, [r4, #148]
 647 029c 23F00103 		bic	r3, r3, #1
 648 02a0 C4F89430 		str	r3, [r4, #148]
 649 02a4 FFF7FEFF 		bl	HAL_GetTick
 650 02a8 0746     		mov	r7, r0
 651              	.L104:
 652 02aa D4F89430 		ldr	r3, [r4, #148]
 653 02ae 9807     		lsls	r0, r3, #30
 654 02b0 7FF501AF 		bpl	.L103
 655 02b4 FFF7FEFF 		bl	HAL_GetTick
 656 02b8 C01B     		subs	r0, r0, r7
 657 02ba 0228     		cmp	r0, #2
 658 02bc F5D9     		bls	.L104
 659 02be 3FE7     		b	.L72
 660              	.L98:
 661 02c0 A36D     		ldr	r3, [r4, #88]
 662 02c2 D900     		lsls	r1, r3, #3
 663 02c4 29D4     		bmi	.L137
 664 02c6 A36D     		ldr	r3, [r4, #88]
 665 02c8 43F08053 		orr	r3, r3, #268435456
 666 02cc A365     		str	r3, [r4, #88]
 667 02ce A36D     		ldr	r3, [r4, #88]
 668 02d0 03F08053 		and	r3, r3, #268435456
 669 02d4 0193     		str	r3, [sp, #4]
 670 02d6 019B     		ldr	r3, [sp, #4]
 671 02d8 4FF00108 		mov	r8, #1
 672              	.L107:
 673 02dc 894F     		ldr	r7, .L179
 674 02de 3B68     		ldr	r3, [r7]
 675 02e0 DA05     		lsls	r2, r3, #23
 676 02e2 1DD5     		bpl	.L108
 677              	.L113:
 678 02e4 AB68     		ldr	r3, [r5, #8]
 679 02e6 012B     		cmp	r3, #1
 680 02e8 2BD1     		bne	.L172
 681              	.L176:
 682 02ea D4F89030 		ldr	r3, [r4, #144]
 683 02ee 43F00103 		orr	r3, r3, #1
 684 02f2 C4F89030 		str	r3, [r4, #144]
 685              	.L114:
 686 02f6 FFF7FEFF 		bl	HAL_GetTick
 687 02fa 41F28839 		movw	r9, #5000
 688 02fe 0746     		mov	r7, r0
 689              	.L117:
 690 0300 D4F89030 		ldr	r3, [r4, #144]
 691 0304 9807     		lsls	r0, r3, #30
 692 0306 42D5     		bpl	.L118
 693              	.L122:
ARM GAS  /tmp/ccM8fx2M.s 			page 13


 694 0308 B8F1000F 		cmp	r8, #0
 695 030c 3FF4D7AE 		beq	.L106
 696 0310 A36D     		ldr	r3, [r4, #88]
 697 0312 23F08053 		bic	r3, r3, #268435456
 698 0316 A365     		str	r3, [r4, #88]
 699 0318 D1E6     		b	.L106
 700              	.L137:
 701 031a 4FF00008 		mov	r8, #0
 702 031e DDE7     		b	.L107
 703              	.L108:
 704 0320 3B68     		ldr	r3, [r7]
 705 0322 43F48073 		orr	r3, r3, #256
 706 0326 3B60     		str	r3, [r7]
 707 0328 FFF7FEFF 		bl	HAL_GetTick
 708 032c 8146     		mov	r9, r0
 709              	.L111:
 710 032e 3B68     		ldr	r3, [r7]
 711 0330 DB05     		lsls	r3, r3, #23
 712 0332 D7D4     		bmi	.L113
 713 0334 FFF7FEFF 		bl	HAL_GetTick
 714 0338 A0EB0900 		sub	r0, r0, r9
 715 033c 0228     		cmp	r0, #2
 716 033e F6D9     		bls	.L111
 717 0340 FEE6     		b	.L72
 718              	.L172:
 719 0342 052B     		cmp	r3, #5
 720 0344 06D1     		bne	.L115
 721 0346 D4F89030 		ldr	r3, [r4, #144]
 722 034a 43F00403 		orr	r3, r3, #4
 723 034e C4F89030 		str	r3, [r4, #144]
 724 0352 CAE7     		b	.L176
 725              	.L115:
 726 0354 D4F89020 		ldr	r2, [r4, #144]
 727 0358 22F00102 		bic	r2, r2, #1
 728 035c C4F89020 		str	r2, [r4, #144]
 729 0360 D4F89020 		ldr	r2, [r4, #144]
 730 0364 22F00402 		bic	r2, r2, #4
 731 0368 C4F89020 		str	r2, [r4, #144]
 732 036c 002B     		cmp	r3, #0
 733 036e C2D1     		bne	.L114
 734 0370 FFF7FEFF 		bl	HAL_GetTick
 735 0374 41F28839 		movw	r9, #5000
 736 0378 0746     		mov	r7, r0
 737              	.L120:
 738 037a D4F89030 		ldr	r3, [r4, #144]
 739 037e 9907     		lsls	r1, r3, #30
 740 0380 C2D5     		bpl	.L122
 741 0382 FFF7FEFF 		bl	HAL_GetTick
 742 0386 C01B     		subs	r0, r0, r7
 743 0388 4845     		cmp	r0, r9
 744 038a F6D9     		bls	.L120
 745 038c D8E6     		b	.L72
 746              	.L118:
 747 038e FFF7FEFF 		bl	HAL_GetTick
 748 0392 C01B     		subs	r0, r0, r7
 749 0394 4845     		cmp	r0, r9
 750 0396 B3D9     		bls	.L117
ARM GAS  /tmp/ccM8fx2M.s 			page 14


 751 0398 D2E6     		b	.L72
 752              	.L123:
 753 039a 022B     		cmp	r3, #2
 754 039c 40F08F80 		bne	.L124
 755 03a0 E368     		ldr	r3, [r4, #12]
 756 03a2 EA6A     		ldr	r2, [r5, #44]
 757 03a4 03F00301 		and	r1, r3, #3
 758 03a8 9142     		cmp	r1, r2
 759 03aa 24D1     		bne	.L125
 760 03ac 296B     		ldr	r1, [r5, #48]
 761 03ae 03F07002 		and	r2, r3, #112
 762 03b2 0139     		subs	r1, r1, #1
 763 03b4 B2EB011F 		cmp	r2, r1, lsl #4
 764 03b8 1DD1     		bne	.L125
 765 03ba 696B     		ldr	r1, [r5, #52]
 766 03bc 03F4FE42 		and	r2, r3, #32512
 767 03c0 B2EB012F 		cmp	r2, r1, lsl #8
 768 03c4 17D1     		bne	.L125
 769 03c6 AA6B     		ldr	r2, [r5, #56]
 770 03c8 073A     		subs	r2, r2, #7
 771 03ca 03F40031 		and	r1, r3, #131072
 772 03ce 18BF     		it	ne
 773 03d0 0122     		movne	r2, #1
 774 03d2 9142     		cmp	r1, r2
 775 03d4 0FD1     		bne	.L125
 776 03d6 EA6B     		ldr	r2, [r5, #60]
 777 03d8 5208     		lsrs	r2, r2, #1
 778 03da 03F4C001 		and	r1, r3, #6291456
 779 03de 013A     		subs	r2, r2, #1
 780 03e0 B1EB425F 		cmp	r1, r2, lsl #21
 781 03e4 07D1     		bne	.L125
 782 03e6 2A6C     		ldr	r2, [r5, #64]
 783 03e8 5208     		lsrs	r2, r2, #1
 784 03ea 03F0C063 		and	r3, r3, #100663296
 785 03ee 013A     		subs	r2, r2, #1
 786 03f0 B3EB426F 		cmp	r3, r2, lsl #25
 787 03f4 4AD0     		beq	.L126
 788              	.L125:
 789 03f6 0C2E     		cmp	r6, #12
 790 03f8 3FF406AE 		beq	.L60
 791 03fc 2368     		ldr	r3, [r4]
 792 03fe 5A01     		lsls	r2, r3, #5
 793 0400 3FF502AE 		bmi	.L60
 794 0404 2368     		ldr	r3, [r4]
 795 0406 DB00     		lsls	r3, r3, #3
 796 0408 3FF5FEAD 		bmi	.L60
 797 040c 2368     		ldr	r3, [r4]
 798 040e 23F08073 		bic	r3, r3, #16777216
 799 0412 2360     		str	r3, [r4]
 800 0414 FFF7FEFF 		bl	HAL_GetTick
 801 0418 0646     		mov	r6, r0
 802              	.L127:
 803 041a 2368     		ldr	r3, [r4]
 804 041c 9F01     		lsls	r7, r3, #6
 805 041e 2FD4     		bmi	.L128
 806 0420 E268     		ldr	r2, [r4, #12]
 807 0422 394B     		ldr	r3, .L179+4
ARM GAS  /tmp/ccM8fx2M.s 			page 15


 808 0424 1340     		ands	r3, r3, r2
 809 0426 EA6A     		ldr	r2, [r5, #44]
 810 0428 1343     		orrs	r3, r3, r2
 811 042a 6A6B     		ldr	r2, [r5, #52]
 812 042c 43EA0223 		orr	r3, r3, r2, lsl #8
 813 0430 2A6B     		ldr	r2, [r5, #48]
 814 0432 013A     		subs	r2, r2, #1
 815 0434 43EA0213 		orr	r3, r3, r2, lsl #4
 816 0438 AA6B     		ldr	r2, [r5, #56]
 817 043a 1209     		lsrs	r2, r2, #4
 818 043c 43EA4243 		orr	r3, r3, r2, lsl #17
 819 0440 EA6B     		ldr	r2, [r5, #60]
 820 0442 5208     		lsrs	r2, r2, #1
 821 0444 013A     		subs	r2, r2, #1
 822 0446 43EA4253 		orr	r3, r3, r2, lsl #21
 823 044a 2A6C     		ldr	r2, [r5, #64]
 824 044c 5208     		lsrs	r2, r2, #1
 825 044e 013A     		subs	r2, r2, #1
 826 0450 43EA4263 		orr	r3, r3, r2, lsl #25
 827 0454 E360     		str	r3, [r4, #12]
 828 0456 2368     		ldr	r3, [r4]
 829 0458 43F08073 		orr	r3, r3, #16777216
 830 045c 2360     		str	r3, [r4]
 831 045e E368     		ldr	r3, [r4, #12]
 832 0460 43F08073 		orr	r3, r3, #16777216
 833 0464 E360     		str	r3, [r4, #12]
 834 0466 FFF7FEFF 		bl	HAL_GetTick
 835 046a 0546     		mov	r5, r0
 836              	.L129:
 837 046c 2368     		ldr	r3, [r4]
 838 046e 9801     		lsls	r0, r3, #6
 839 0470 3FF529AE 		bmi	.L131
 840 0474 FFF7FEFF 		bl	HAL_GetTick
 841 0478 401B     		subs	r0, r0, r5
 842 047a 0228     		cmp	r0, #2
 843 047c F6D9     		bls	.L129
 844 047e 5FE6     		b	.L72
 845              	.L128:
 846 0480 FFF7FEFF 		bl	HAL_GetTick
 847 0484 801B     		subs	r0, r0, r6
 848 0486 0228     		cmp	r0, #2
 849 0488 C7D9     		bls	.L127
 850 048a 59E6     		b	.L72
 851              	.L126:
 852 048c 2368     		ldr	r3, [r4]
 853 048e 9901     		lsls	r1, r3, #6
 854 0490 3FF519AE 		bmi	.L131
 855 0494 2368     		ldr	r3, [r4]
 856 0496 43F08073 		orr	r3, r3, #16777216
 857 049a 2360     		str	r3, [r4]
 858 049c E368     		ldr	r3, [r4, #12]
 859 049e 43F08073 		orr	r3, r3, #16777216
 860 04a2 E360     		str	r3, [r4, #12]
 861 04a4 FFF7FEFF 		bl	HAL_GetTick
 862 04a8 0546     		mov	r5, r0
 863              	.L132:
 864 04aa 2368     		ldr	r3, [r4]
ARM GAS  /tmp/ccM8fx2M.s 			page 16


 865 04ac 9A01     		lsls	r2, r3, #6
 866 04ae 3FF50AAE 		bmi	.L131
 867 04b2 FFF7FEFF 		bl	HAL_GetTick
 868 04b6 401B     		subs	r0, r0, r5
 869 04b8 0228     		cmp	r0, #2
 870 04ba F6D9     		bls	.L132
 871 04bc 40E6     		b	.L72
 872              	.L124:
 873 04be 0C2E     		cmp	r6, #12
 874 04c0 3FF4A2AD 		beq	.L60
 875 04c4 2368     		ldr	r3, [r4]
 876 04c6 23F08073 		bic	r3, r3, #16777216
 877 04ca 2360     		str	r3, [r4]
 878 04cc 2368     		ldr	r3, [r4]
 879 04ce 13F0205F 		tst	r3, #671088640
 880 04d2 02BF     		ittt	eq
 881 04d4 E368     		ldreq	r3, [r4, #12]
 882 04d6 23F00303 		biceq	r3, r3, #3
 883 04da E360     		streq	r3, [r4, #12]
 884 04dc E368     		ldr	r3, [r4, #12]
 885 04de 23F08873 		bic	r3, r3, #17825792
 886 04e2 23F48033 		bic	r3, r3, #65536
 887 04e6 E360     		str	r3, [r4, #12]
 888 04e8 FFF7FEFF 		bl	HAL_GetTick
 889 04ec 0546     		mov	r5, r0
 890              	.L135:
 891 04ee 2368     		ldr	r3, [r4]
 892 04f0 9B01     		lsls	r3, r3, #6
 893 04f2 7FF5E8AD 		bpl	.L131
 894 04f6 FFF7FEFF 		bl	HAL_GetTick
 895 04fa 401B     		subs	r0, r0, r5
 896 04fc 0228     		cmp	r0, #2
 897 04fe F6D9     		bls	.L135
 898 0500 1EE6     		b	.L72
 899              	.L180:
 900 0502 00BF     		.align	2
 901              	.L179:
 902 0504 00700040 		.word	1073770496
 903 0508 8C809DF9 		.word	-107118452
 905              		.section	.text.HAL_RCC_ClockConfig,"ax",%progbits
 906              		.align	1
 907              		.global	HAL_RCC_ClockConfig
 908              		.syntax unified
 909              		.thumb
 910              		.thumb_func
 911              		.fpu fpv4-sp-d16
 913              	HAL_RCC_ClockConfig:
 914              		@ args = 0, pretend = 0, frame = 0
 915              		@ frame_needed = 0, uses_anonymous_args = 0
 916 0000 2DE9F041 		push	{r4, r5, r6, r7, r8, lr}
 917 0004 0D46     		mov	r5, r1
 918 0006 0446     		mov	r4, r0
 919 0008 10B9     		cbnz	r0, .L182
 920              	.L187:
 921 000a 0120     		movs	r0, #1
 922              	.L183:
 923 000c BDE8F081 		pop	{r4, r5, r6, r7, r8, pc}
ARM GAS  /tmp/ccM8fx2M.s 			page 17


 924              	.L182:
 925 0010 404A     		ldr	r2, .L222
 926 0012 1368     		ldr	r3, [r2]
 927 0014 03F00703 		and	r3, r3, #7
 928 0018 8B42     		cmp	r3, r1
 929 001a 2AD3     		bcc	.L184
 930              	.L188:
 931 001c 2368     		ldr	r3, [r4]
 932 001e D907     		lsls	r1, r3, #31
 933 0020 32D4     		bmi	.L185
 934              	.L186:
 935 0022 2168     		ldr	r1, [r4]
 936 0024 8A07     		lsls	r2, r1, #30
 937 0026 5BD4     		bmi	.L189
 938              	.L190:
 939 0028 3A4A     		ldr	r2, .L222
 940 002a 1368     		ldr	r3, [r2]
 941 002c 03F00703 		and	r3, r3, #7
 942 0030 AB42     		cmp	r3, r5
 943 0032 5DD8     		bhi	.L197
 944              	.L200:
 945 0034 11F0040F 		tst	r1, #4
 946 0038 374D     		ldr	r5, .L222+4
 947 003a 64D1     		bne	.L198
 948              	.L199:
 949 003c 0B07     		lsls	r3, r1, #28
 950 003e 06D5     		bpl	.L201
 951 0040 AB68     		ldr	r3, [r5, #8]
 952 0042 2269     		ldr	r2, [r4, #16]
 953 0044 23F46053 		bic	r3, r3, #14336
 954 0048 43EAC203 		orr	r3, r3, r2, lsl #3
 955 004c AB60     		str	r3, [r5, #8]
 956              	.L201:
 957 004e FFF7FEFF 		bl	HAL_RCC_GetSysClockFreq
 958 0052 AB68     		ldr	r3, [r5, #8]
 959 0054 314A     		ldr	r2, .L222+8
 960 0056 C3F30313 		ubfx	r3, r3, #4, #4
 961 005a BDE8F041 		pop	{r4, r5, r6, r7, r8, lr}
 962 005e D35C     		ldrb	r3, [r2, r3]	@ zero_extendqisi2
 963 0060 03F01F03 		and	r3, r3, #31
 964 0064 D840     		lsrs	r0, r0, r3
 965 0066 2E4B     		ldr	r3, .L222+12
 966 0068 1860     		str	r0, [r3]
 967 006a 2E4B     		ldr	r3, .L222+16
 968 006c 1868     		ldr	r0, [r3]
 969 006e FFF7FEBF 		b	HAL_InitTick
 970              	.L184:
 971 0072 1368     		ldr	r3, [r2]
 972 0074 23F00703 		bic	r3, r3, #7
 973 0078 0B43     		orrs	r3, r3, r1
 974 007a 1360     		str	r3, [r2]
 975 007c 1368     		ldr	r3, [r2]
 976 007e 03F00703 		and	r3, r3, #7
 977 0082 8B42     		cmp	r3, r1
 978 0084 C1D1     		bne	.L187
 979 0086 C9E7     		b	.L188
 980              	.L185:
ARM GAS  /tmp/ccM8fx2M.s 			page 18


 981 0088 6268     		ldr	r2, [r4, #4]
 982 008a 234E     		ldr	r6, .L222+4
 983 008c 032A     		cmp	r2, #3
 984 008e 3368     		ldr	r3, [r6]
 985 0090 1AD1     		bne	.L191
 986 0092 13F0007F 		tst	r3, #33554432
 987              	.L219:
 988 0096 B8D0     		beq	.L187
 989 0098 B368     		ldr	r3, [r6, #8]
 990 009a 23F00303 		bic	r3, r3, #3
 991 009e 1343     		orrs	r3, r3, r2
 992 00a0 B360     		str	r3, [r6, #8]
 993 00a2 FFF7FEFF 		bl	HAL_GetTick
 994 00a6 41F28838 		movw	r8, #5000
 995 00aa 0746     		mov	r7, r0
 996              	.L195:
 997 00ac B368     		ldr	r3, [r6, #8]
 998 00ae 6268     		ldr	r2, [r4, #4]
 999 00b0 03F00C03 		and	r3, r3, #12
 1000 00b4 B3EB820F 		cmp	r3, r2, lsl #2
 1001 00b8 B3D0     		beq	.L186
 1002 00ba FFF7FEFF 		bl	HAL_GetTick
 1003 00be C01B     		subs	r0, r0, r7
 1004 00c0 4045     		cmp	r0, r8
 1005 00c2 F3D9     		bls	.L195
 1006 00c4 0320     		movs	r0, #3
 1007 00c6 A1E7     		b	.L183
 1008              	.L191:
 1009 00c8 022A     		cmp	r2, #2
 1010 00ca 02D1     		bne	.L193
 1011 00cc 13F4003F 		tst	r3, #131072
 1012 00d0 E1E7     		b	.L219
 1013              	.L193:
 1014 00d2 12B9     		cbnz	r2, .L194
 1015 00d4 13F0020F 		tst	r3, #2
 1016 00d8 DDE7     		b	.L219
 1017              	.L194:
 1018 00da 13F4806F 		tst	r3, #1024
 1019 00de DAE7     		b	.L219
 1020              	.L189:
 1021 00e0 0D4A     		ldr	r2, .L222+4
 1022 00e2 A068     		ldr	r0, [r4, #8]
 1023 00e4 9368     		ldr	r3, [r2, #8]
 1024 00e6 23F0F003 		bic	r3, r3, #240
 1025 00ea 0343     		orrs	r3, r3, r0
 1026 00ec 9360     		str	r3, [r2, #8]
 1027 00ee 9BE7     		b	.L190
 1028              	.L197:
 1029 00f0 1368     		ldr	r3, [r2]
 1030 00f2 23F00703 		bic	r3, r3, #7
 1031 00f6 2B43     		orrs	r3, r3, r5
 1032 00f8 1360     		str	r3, [r2]
 1033 00fa 1368     		ldr	r3, [r2]
 1034 00fc 03F00703 		and	r3, r3, #7
 1035 0100 AB42     		cmp	r3, r5
 1036 0102 82D1     		bne	.L187
 1037 0104 96E7     		b	.L200
ARM GAS  /tmp/ccM8fx2M.s 			page 19


 1038              	.L198:
 1039 0106 AB68     		ldr	r3, [r5, #8]
 1040 0108 E268     		ldr	r2, [r4, #12]
 1041 010a 23F4E063 		bic	r3, r3, #1792
 1042 010e 1343     		orrs	r3, r3, r2
 1043 0110 AB60     		str	r3, [r5, #8]
 1044 0112 93E7     		b	.L199
 1045              	.L223:
 1046              		.align	2
 1047              	.L222:
 1048 0114 00200240 		.word	1073881088
 1049 0118 00100240 		.word	1073876992
 1050 011c 00000000 		.word	AHBPrescTable
 1051 0120 00000000 		.word	SystemCoreClock
 1052 0124 00000000 		.word	uwTickPrio
 1054              		.section	.text.HAL_RCC_GetHCLKFreq,"ax",%progbits
 1055              		.align	1
 1056              		.global	HAL_RCC_GetHCLKFreq
 1057              		.syntax unified
 1058              		.thumb
 1059              		.thumb_func
 1060              		.fpu fpv4-sp-d16
 1062              	HAL_RCC_GetHCLKFreq:
 1063              		@ args = 0, pretend = 0, frame = 0
 1064              		@ frame_needed = 0, uses_anonymous_args = 0
 1065              		@ link register save eliminated.
 1066 0000 014B     		ldr	r3, .L225
 1067 0002 1868     		ldr	r0, [r3]
 1068 0004 7047     		bx	lr
 1069              	.L226:
 1070 0006 00BF     		.align	2
 1071              	.L225:
 1072 0008 00000000 		.word	SystemCoreClock
 1074              		.section	.text.HAL_RCC_GetPCLK1Freq,"ax",%progbits
 1075              		.align	1
 1076              		.global	HAL_RCC_GetPCLK1Freq
 1077              		.syntax unified
 1078              		.thumb
 1079              		.thumb_func
 1080              		.fpu fpv4-sp-d16
 1082              	HAL_RCC_GetPCLK1Freq:
 1083              		@ args = 0, pretend = 0, frame = 0
 1084              		@ frame_needed = 0, uses_anonymous_args = 0
 1085              		@ link register save eliminated.
 1086 0000 054B     		ldr	r3, .L228
 1087 0002 064A     		ldr	r2, .L228+4
 1088 0004 9B68     		ldr	r3, [r3, #8]
 1089 0006 C3F30223 		ubfx	r3, r3, #8, #3
 1090 000a D35C     		ldrb	r3, [r2, r3]	@ zero_extendqisi2
 1091 000c 044A     		ldr	r2, .L228+8
 1092 000e 1068     		ldr	r0, [r2]
 1093 0010 03F01F03 		and	r3, r3, #31
 1094 0014 D840     		lsrs	r0, r0, r3
 1095 0016 7047     		bx	lr
 1096              	.L229:
 1097              		.align	2
 1098              	.L228:
ARM GAS  /tmp/ccM8fx2M.s 			page 20


 1099 0018 00100240 		.word	1073876992
 1100 001c 00000000 		.word	APBPrescTable
 1101 0020 00000000 		.word	SystemCoreClock
 1103              		.section	.text.HAL_RCC_GetPCLK2Freq,"ax",%progbits
 1104              		.align	1
 1105              		.global	HAL_RCC_GetPCLK2Freq
 1106              		.syntax unified
 1107              		.thumb
 1108              		.thumb_func
 1109              		.fpu fpv4-sp-d16
 1111              	HAL_RCC_GetPCLK2Freq:
 1112              		@ args = 0, pretend = 0, frame = 0
 1113              		@ frame_needed = 0, uses_anonymous_args = 0
 1114              		@ link register save eliminated.
 1115 0000 054B     		ldr	r3, .L231
 1116 0002 064A     		ldr	r2, .L231+4
 1117 0004 9B68     		ldr	r3, [r3, #8]
 1118 0006 C3F3C223 		ubfx	r3, r3, #11, #3
 1119 000a D35C     		ldrb	r3, [r2, r3]	@ zero_extendqisi2
 1120 000c 044A     		ldr	r2, .L231+8
 1121 000e 1068     		ldr	r0, [r2]
 1122 0010 03F01F03 		and	r3, r3, #31
 1123 0014 D840     		lsrs	r0, r0, r3
 1124 0016 7047     		bx	lr
 1125              	.L232:
 1126              		.align	2
 1127              	.L231:
 1128 0018 00100240 		.word	1073876992
 1129 001c 00000000 		.word	APBPrescTable
 1130 0020 00000000 		.word	SystemCoreClock
 1132              		.section	.text.HAL_RCC_GetOscConfig,"ax",%progbits
 1133              		.align	1
 1134              		.global	HAL_RCC_GetOscConfig
 1135              		.syntax unified
 1136              		.thumb
 1137              		.thumb_func
 1138              		.fpu fpv4-sp-d16
 1140              	HAL_RCC_GetOscConfig:
 1141              		@ args = 0, pretend = 0, frame = 0
 1142              		@ frame_needed = 0, uses_anonymous_args = 0
 1143              		@ link register save eliminated.
 1144 0000 1F23     		movs	r3, #31
 1145 0002 0360     		str	r3, [r0]
 1146 0004 2E4B     		ldr	r3, .L246
 1147 0006 1A68     		ldr	r2, [r3]
 1148 0008 5103     		lsls	r1, r2, #13
 1149 000a 4BD5     		bpl	.L234
 1150 000c 4FF4A022 		mov	r2, #327680
 1151              	.L236:
 1152 0010 4260     		str	r2, [r0, #4]
 1153 0012 1A68     		ldr	r2, [r3]
 1154 0014 02F00102 		and	r2, r2, #1
 1155 0018 8261     		str	r2, [r0, #24]
 1156 001a 5A68     		ldr	r2, [r3, #4]
 1157 001c C2F30722 		ubfx	r2, r2, #8, #8
 1158 0020 C261     		str	r2, [r0, #28]
 1159 0022 1A68     		ldr	r2, [r3]
ARM GAS  /tmp/ccM8fx2M.s 			page 21


 1160 0024 02F0F002 		and	r2, r2, #240
 1161 0028 0262     		str	r2, [r0, #32]
 1162 002a 1A68     		ldr	r2, [r3]
 1163 002c 02F48072 		and	r2, r2, #256
 1164 0030 C260     		str	r2, [r0, #12]
 1165 0032 5A68     		ldr	r2, [r3, #4]
 1166 0034 C2F30462 		ubfx	r2, r2, #24, #5
 1167 0038 0261     		str	r2, [r0, #16]
 1168 003a D3F89020 		ldr	r2, [r3, #144]
 1169 003e 5207     		lsls	r2, r2, #29
 1170 0040 37D5     		bpl	.L238
 1171 0042 0522     		movs	r2, #5
 1172              	.L240:
 1173 0044 8260     		str	r2, [r0, #8]
 1174 0046 D3F89420 		ldr	r2, [r3, #148]
 1175 004a 02F00102 		and	r2, r2, #1
 1176 004e 4261     		str	r2, [r0, #20]
 1177 0050 0022     		movs	r2, #0
 1178 0052 4262     		str	r2, [r0, #36]
 1179 0054 1A68     		ldr	r2, [r3]
 1180 0056 12F0807F 		tst	r2, #16777216
 1181 005a 14BF     		ite	ne
 1182 005c 0222     		movne	r2, #2
 1183 005e 0122     		moveq	r2, #1
 1184 0060 8262     		str	r2, [r0, #40]
 1185 0062 DA68     		ldr	r2, [r3, #12]
 1186 0064 02F00302 		and	r2, r2, #3
 1187 0068 C262     		str	r2, [r0, #44]
 1188 006a DA68     		ldr	r2, [r3, #12]
 1189 006c C2F30212 		ubfx	r2, r2, #4, #3
 1190 0070 0132     		adds	r2, r2, #1
 1191 0072 0263     		str	r2, [r0, #48]
 1192 0074 DA68     		ldr	r2, [r3, #12]
 1193 0076 C2F30622 		ubfx	r2, r2, #8, #7
 1194 007a 4263     		str	r2, [r0, #52]
 1195 007c DA68     		ldr	r2, [r3, #12]
 1196 007e C2F34152 		ubfx	r2, r2, #21, #2
 1197 0082 0132     		adds	r2, r2, #1
 1198 0084 5200     		lsls	r2, r2, #1
 1199 0086 C263     		str	r2, [r0, #60]
 1200 0088 DA68     		ldr	r2, [r3, #12]
 1201 008a C2F34162 		ubfx	r2, r2, #25, #2
 1202 008e 0132     		adds	r2, r2, #1
 1203 0090 5200     		lsls	r2, r2, #1
 1204 0092 0264     		str	r2, [r0, #64]
 1205 0094 DB68     		ldr	r3, [r3, #12]
 1206 0096 13F4003F 		tst	r3, #131072
 1207 009a 14BF     		ite	ne
 1208 009c 1123     		movne	r3, #17
 1209 009e 0723     		moveq	r3, #7
 1210 00a0 8363     		str	r3, [r0, #56]
 1211 00a2 7047     		bx	lr
 1212              	.L234:
 1213 00a4 1A68     		ldr	r2, [r3]
 1214 00a6 12F48032 		ands	r2, r2, #65536
 1215 00aa 18BF     		it	ne
 1216 00ac 4FF48032 		movne	r2, #65536
ARM GAS  /tmp/ccM8fx2M.s 			page 22


 1217 00b0 AEE7     		b	.L236
 1218              	.L238:
 1219 00b2 D3F89020 		ldr	r2, [r3, #144]
 1220 00b6 12F00102 		ands	r2, r2, #1
 1221 00ba 18BF     		it	ne
 1222 00bc 0122     		movne	r2, #1
 1223 00be C1E7     		b	.L240
 1224              	.L247:
 1225              		.align	2
 1226              	.L246:
 1227 00c0 00100240 		.word	1073876992
 1229              		.section	.text.HAL_RCC_GetClockConfig,"ax",%progbits
 1230              		.align	1
 1231              		.global	HAL_RCC_GetClockConfig
 1232              		.syntax unified
 1233              		.thumb
 1234              		.thumb_func
 1235              		.fpu fpv4-sp-d16
 1237              	HAL_RCC_GetClockConfig:
 1238              		@ args = 0, pretend = 0, frame = 0
 1239              		@ frame_needed = 0, uses_anonymous_args = 0
 1240              		@ link register save eliminated.
 1241 0000 0F23     		movs	r3, #15
 1242 0002 0360     		str	r3, [r0]
 1243 0004 0B4B     		ldr	r3, .L249
 1244 0006 9A68     		ldr	r2, [r3, #8]
 1245 0008 02F00302 		and	r2, r2, #3
 1246 000c 4260     		str	r2, [r0, #4]
 1247 000e 9A68     		ldr	r2, [r3, #8]
 1248 0010 02F0F002 		and	r2, r2, #240
 1249 0014 8260     		str	r2, [r0, #8]
 1250 0016 9A68     		ldr	r2, [r3, #8]
 1251 0018 02F4E062 		and	r2, r2, #1792
 1252 001c C260     		str	r2, [r0, #12]
 1253 001e 9B68     		ldr	r3, [r3, #8]
 1254 0020 DB08     		lsrs	r3, r3, #3
 1255 0022 03F4E063 		and	r3, r3, #1792
 1256 0026 0361     		str	r3, [r0, #16]
 1257 0028 034B     		ldr	r3, .L249+4
 1258 002a 1B68     		ldr	r3, [r3]
 1259 002c 03F00703 		and	r3, r3, #7
 1260 0030 0B60     		str	r3, [r1]
 1261 0032 7047     		bx	lr
 1262              	.L250:
 1263              		.align	2
 1264              	.L249:
 1265 0034 00100240 		.word	1073876992
 1266 0038 00200240 		.word	1073881088
 1268              		.section	.text.HAL_RCC_EnableCSS,"ax",%progbits
 1269              		.align	1
 1270              		.global	HAL_RCC_EnableCSS
 1271              		.syntax unified
 1272              		.thumb
 1273              		.thumb_func
 1274              		.fpu fpv4-sp-d16
 1276              	HAL_RCC_EnableCSS:
 1277              		@ args = 0, pretend = 0, frame = 0
ARM GAS  /tmp/ccM8fx2M.s 			page 23


 1278              		@ frame_needed = 0, uses_anonymous_args = 0
 1279              		@ link register save eliminated.
 1280 0000 024A     		ldr	r2, .L252
 1281 0002 1368     		ldr	r3, [r2]
 1282 0004 43F40023 		orr	r3, r3, #524288
 1283 0008 1360     		str	r3, [r2]
 1284 000a 7047     		bx	lr
 1285              	.L253:
 1286              		.align	2
 1287              	.L252:
 1288 000c 00100240 		.word	1073876992
 1290              		.section	.text.HAL_RCC_CSSCallback,"ax",%progbits
 1291              		.align	1
 1292              		.weak	HAL_RCC_CSSCallback
 1293              		.syntax unified
 1294              		.thumb
 1295              		.thumb_func
 1296              		.fpu fpv4-sp-d16
 1298              	HAL_RCC_CSSCallback:
 1299              		@ args = 0, pretend = 0, frame = 0
 1300              		@ frame_needed = 0, uses_anonymous_args = 0
 1301              		@ link register save eliminated.
 1302 0000 7047     		bx	lr
 1304              		.section	.text.HAL_RCC_NMI_IRQHandler,"ax",%progbits
 1305              		.align	1
 1306              		.global	HAL_RCC_NMI_IRQHandler
 1307              		.syntax unified
 1308              		.thumb
 1309              		.thumb_func
 1310              		.fpu fpv4-sp-d16
 1312              	HAL_RCC_NMI_IRQHandler:
 1313              		@ args = 0, pretend = 0, frame = 0
 1314              		@ frame_needed = 0, uses_anonymous_args = 0
 1315 0000 10B5     		push	{r4, lr}
 1316 0002 054C     		ldr	r4, .L260
 1317 0004 E369     		ldr	r3, [r4, #28]
 1318 0006 DB05     		lsls	r3, r3, #23
 1319 0008 04D5     		bpl	.L255
 1320 000a FFF7FEFF 		bl	HAL_RCC_CSSCallback
 1321 000e 4FF48073 		mov	r3, #256
 1322 0012 2362     		str	r3, [r4, #32]
 1323              	.L255:
 1324 0014 10BD     		pop	{r4, pc}
 1325              	.L261:
 1326 0016 00BF     		.align	2
 1327              	.L260:
 1328 0018 00100240 		.word	1073876992
 1330              		.ident	"GCC: (15:10.3-2021.07-4) 10.3.1 20210621 (release)"
ARM GAS  /tmp/ccM8fx2M.s 			page 24


DEFINED SYMBOLS
                            *ABS*:0000000000000000 stm32l4xx_hal_rcc.c
     /tmp/ccM8fx2M.s:14     .text.RCC_SetFlashLatencyFromMSIRange:0000000000000000 $t
     /tmp/ccM8fx2M.s:21     .text.RCC_SetFlashLatencyFromMSIRange:0000000000000000 RCC_SetFlashLatencyFromMSIRange
     /tmp/ccM8fx2M.s:87     .text.RCC_SetFlashLatencyFromMSIRange:000000000000007c $d
     /tmp/ccM8fx2M.s:91     .text.HAL_RCC_DeInit:0000000000000000 $t
     /tmp/ccM8fx2M.s:98     .text.HAL_RCC_DeInit:0000000000000000 HAL_RCC_DeInit
     /tmp/ccM8fx2M.s:194    .text.HAL_RCC_DeInit:00000000000000cc $d
     /tmp/ccM8fx2M.s:201    .text.HAL_RCC_MCOConfig:0000000000000000 $t
     /tmp/ccM8fx2M.s:208    .text.HAL_RCC_MCOConfig:0000000000000000 HAL_RCC_MCOConfig
     /tmp/ccM8fx2M.s:245    .text.HAL_RCC_MCOConfig:0000000000000050 $d
     /tmp/ccM8fx2M.s:248    .text.HAL_RCC_GetSysClockFreq:0000000000000000 $t
     /tmp/ccM8fx2M.s:255    .text.HAL_RCC_GetSysClockFreq:0000000000000000 HAL_RCC_GetSysClockFreq
     /tmp/ccM8fx2M.s:327    .text.HAL_RCC_GetSysClockFreq:000000000000008c $d
     /tmp/ccM8fx2M.s:333    .text.HAL_RCC_OscConfig:0000000000000000 $t
     /tmp/ccM8fx2M.s:340    .text.HAL_RCC_OscConfig:0000000000000000 HAL_RCC_OscConfig
     /tmp/ccM8fx2M.s:624    .text.HAL_RCC_OscConfig:000000000000025c $d
     /tmp/ccM8fx2M.s:629    .text.HAL_RCC_OscConfig:000000000000026c $t
     /tmp/ccM8fx2M.s:902    .text.HAL_RCC_OscConfig:0000000000000504 $d
     /tmp/ccM8fx2M.s:906    .text.HAL_RCC_ClockConfig:0000000000000000 $t
     /tmp/ccM8fx2M.s:913    .text.HAL_RCC_ClockConfig:0000000000000000 HAL_RCC_ClockConfig
     /tmp/ccM8fx2M.s:1048   .text.HAL_RCC_ClockConfig:0000000000000114 $d
     /tmp/ccM8fx2M.s:1055   .text.HAL_RCC_GetHCLKFreq:0000000000000000 $t
     /tmp/ccM8fx2M.s:1062   .text.HAL_RCC_GetHCLKFreq:0000000000000000 HAL_RCC_GetHCLKFreq
     /tmp/ccM8fx2M.s:1072   .text.HAL_RCC_GetHCLKFreq:0000000000000008 $d
     /tmp/ccM8fx2M.s:1075   .text.HAL_RCC_GetPCLK1Freq:0000000000000000 $t
     /tmp/ccM8fx2M.s:1082   .text.HAL_RCC_GetPCLK1Freq:0000000000000000 HAL_RCC_GetPCLK1Freq
     /tmp/ccM8fx2M.s:1099   .text.HAL_RCC_GetPCLK1Freq:0000000000000018 $d
     /tmp/ccM8fx2M.s:1104   .text.HAL_RCC_GetPCLK2Freq:0000000000000000 $t
     /tmp/ccM8fx2M.s:1111   .text.HAL_RCC_GetPCLK2Freq:0000000000000000 HAL_RCC_GetPCLK2Freq
     /tmp/ccM8fx2M.s:1128   .text.HAL_RCC_GetPCLK2Freq:0000000000000018 $d
     /tmp/ccM8fx2M.s:1133   .text.HAL_RCC_GetOscConfig:0000000000000000 $t
     /tmp/ccM8fx2M.s:1140   .text.HAL_RCC_GetOscConfig:0000000000000000 HAL_RCC_GetOscConfig
     /tmp/ccM8fx2M.s:1227   .text.HAL_RCC_GetOscConfig:00000000000000c0 $d
     /tmp/ccM8fx2M.s:1230   .text.HAL_RCC_GetClockConfig:0000000000000000 $t
     /tmp/ccM8fx2M.s:1237   .text.HAL_RCC_GetClockConfig:0000000000000000 HAL_RCC_GetClockConfig
     /tmp/ccM8fx2M.s:1265   .text.HAL_RCC_GetClockConfig:0000000000000034 $d
     /tmp/ccM8fx2M.s:1269   .text.HAL_RCC_EnableCSS:0000000000000000 $t
     /tmp/ccM8fx2M.s:1276   .text.HAL_RCC_EnableCSS:0000000000000000 HAL_RCC_EnableCSS
     /tmp/ccM8fx2M.s:1288   .text.HAL_RCC_EnableCSS:000000000000000c $d
     /tmp/ccM8fx2M.s:1291   .text.HAL_RCC_CSSCallback:0000000000000000 $t
     /tmp/ccM8fx2M.s:1298   .text.HAL_RCC_CSSCallback:0000000000000000 HAL_RCC_CSSCallback
     /tmp/ccM8fx2M.s:1305   .text.HAL_RCC_NMI_IRQHandler:0000000000000000 $t
     /tmp/ccM8fx2M.s:1312   .text.HAL_RCC_NMI_IRQHandler:0000000000000000 HAL_RCC_NMI_IRQHandler
     /tmp/ccM8fx2M.s:1328   .text.HAL_RCC_NMI_IRQHandler:0000000000000018 $d

UNDEFINED SYMBOLS
HAL_PWREx_GetVoltageRange
HAL_GetTick
HAL_InitTick
SystemCoreClock
uwTickPrio
HAL_GPIO_Init
MSIRangeTable
AHBPrescTable
APBPrescTable
