ARM GAS  /tmp/cc5aYpHB.s 			page 1


   1              		.cpu cortex-m4
   2              		.eabi_attribute 27, 1
   3              		.eabi_attribute 28, 1
   4              		.eabi_attribute 23, 1
   5              		.eabi_attribute 24, 1
   6              		.eabi_attribute 25, 1
   7              		.eabi_attribute 26, 1
   8              		.eabi_attribute 30, 4
   9              		.eabi_attribute 34, 1
  10              		.eabi_attribute 18, 4
  11              		.file	"system_stm32l4xx.c"
  12              		.text
  13              		.section	.text.SystemInit,"ax",%progbits
  14              		.align	1
  15              		.global	SystemInit
  16              		.arch armv7e-m
  17              		.syntax unified
  18              		.thumb
  19              		.thumb_func
  20              		.fpu fpv4-sp-d16
  22              	SystemInit:
  23              		@ args = 0, pretend = 0, frame = 0
  24              		@ frame_needed = 0, uses_anonymous_args = 0
  25              		@ link register save eliminated.
  26 0000 0F49     		ldr	r1, .L2
  27 0002 D1F88830 		ldr	r3, [r1, #136]
  28 0006 43F47003 		orr	r3, r3, #15728640
  29 000a C1F88830 		str	r3, [r1, #136]
  30 000e 0D4B     		ldr	r3, .L2+4
  31 0010 1A68     		ldr	r2, [r3]
  32 0012 0020     		movs	r0, #0
  33 0014 42F00102 		orr	r2, r2, #1
  34 0018 1A60     		str	r2, [r3]
  35 001a 9860     		str	r0, [r3, #8]
  36 001c 1A68     		ldr	r2, [r3]
  37 001e 22F0A852 		bic	r2, r2, #352321536
  38 0022 22F41022 		bic	r2, r2, #589824
  39 0026 1A60     		str	r2, [r3]
  40 0028 4FF48052 		mov	r2, #4096
  41 002c DA60     		str	r2, [r3, #12]
  42 002e 1A68     		ldr	r2, [r3]
  43 0030 22F48022 		bic	r2, r2, #262144
  44 0034 1A60     		str	r2, [r3]
  45 0036 9861     		str	r0, [r3, #24]
  46 0038 4FF00063 		mov	r3, #134217728
  47 003c 8B60     		str	r3, [r1, #8]
  48 003e 7047     		bx	lr
  49              	.L3:
  50              		.align	2
  51              	.L2:
  52 0040 00ED00E0 		.word	-536810240
  53 0044 00100240 		.word	1073876992
  55              		.section	.text.SystemCoreClockUpdate,"ax",%progbits
  56              		.align	1
  57              		.global	SystemCoreClockUpdate
  58              		.syntax unified
  59              		.thumb
ARM GAS  /tmp/cc5aYpHB.s 			page 2


  60              		.thumb_func
  61              		.fpu fpv4-sp-d16
  63              	SystemCoreClockUpdate:
  64              		@ args = 0, pretend = 0, frame = 0
  65              		@ frame_needed = 0, uses_anonymous_args = 0
  66 0000 234A     		ldr	r2, .L18
  67 0002 2449     		ldr	r1, .L18+4
  68 0004 1368     		ldr	r3, [r2]
  69 0006 1B07     		lsls	r3, r3, #28
  70 0008 55BF     		itete	pl
  71 000a D2F89430 		ldrpl	r3, [r2, #148]
  72 000e 1368     		ldrmi	r3, [r2]
  73 0010 C3F30323 		ubfxpl	r3, r3, #8, #4
  74 0014 C3F30313 		ubfxmi	r3, r3, #4, #4
  75 0018 10B5     		push	{r4, lr}
  76 001a 51F82300 		ldr	r0, [r1, r3, lsl #2]
  77 001e 9168     		ldr	r1, [r2, #8]
  78 0020 1D4C     		ldr	r4, .L18+8
  79 0022 01F00C01 		and	r1, r1, #12
  80 0026 0829     		cmp	r1, #8
  81 0028 0ED0     		beq	.L7
  82 002a 0C29     		cmp	r1, #12
  83 002c 0ED0     		beq	.L8
  84 002e 0429     		cmp	r1, #4
  85 0030 2CD1     		bne	.L9
  86 0032 1A4B     		ldr	r3, .L18+12
  87              	.L17:
  88 0034 2360     		str	r3, [r4]
  89              	.L10:
  90 0036 9368     		ldr	r3, [r2, #8]
  91 0038 194A     		ldr	r2, .L18+16
  92 003a C3F30313 		ubfx	r3, r3, #4, #4
  93 003e D25C     		ldrb	r2, [r2, r3]	@ zero_extendqisi2
  94 0040 2368     		ldr	r3, [r4]
  95 0042 D340     		lsrs	r3, r3, r2
  96 0044 2360     		str	r3, [r4]
  97 0046 10BD     		pop	{r4, pc}
  98              	.L7:
  99 0048 164B     		ldr	r3, .L18+20
 100 004a F3E7     		b	.L17
 101              	.L8:
 102 004c D168     		ldr	r1, [r2, #12]
 103 004e D368     		ldr	r3, [r2, #12]
 104 0050 01F00301 		and	r1, r1, #3
 105 0054 C3F30213 		ubfx	r3, r3, #4, #3
 106 0058 0229     		cmp	r1, #2
 107 005a 03F10103 		add	r3, r3, #1
 108 005e 04D0     		beq	.L11
 109 0060 0329     		cmp	r1, #3
 110 0062 11D0     		beq	.L12
 111 0064 B0FBF3F3 		udiv	r3, r0, r3
 112 0068 02E0     		b	.L14
 113              	.L11:
 114 006a 0C49     		ldr	r1, .L18+12
 115              	.L16:
 116 006c B1FBF3F3 		udiv	r3, r1, r3
 117              	.L14:
ARM GAS  /tmp/cc5aYpHB.s 			page 3


 118 0070 D168     		ldr	r1, [r2, #12]
 119 0072 D068     		ldr	r0, [r2, #12]
 120 0074 C1F30621 		ubfx	r1, r1, #8, #7
 121 0078 4B43     		muls	r3, r1, r3
 122 007a C0F34161 		ubfx	r1, r0, #25, #2
 123 007e 0131     		adds	r1, r1, #1
 124 0080 4900     		lsls	r1, r1, #1
 125 0082 B3FBF1F3 		udiv	r3, r3, r1
 126 0086 D5E7     		b	.L17
 127              	.L12:
 128 0088 0649     		ldr	r1, .L18+20
 129 008a EFE7     		b	.L16
 130              	.L9:
 131 008c 2060     		str	r0, [r4]
 132 008e D2E7     		b	.L10
 133              	.L19:
 134              		.align	2
 135              	.L18:
 136 0090 00100240 		.word	1073876992
 137 0094 00000000 		.word	.LANCHOR0
 138 0098 00000000 		.word	.LANCHOR1
 139 009c 0024F400 		.word	16000000
 140 00a0 00000000 		.word	.LANCHOR2
 141 00a4 00127A00 		.word	8000000
 143              		.global	MSIRangeTable
 144              		.global	APBPrescTable
 145              		.global	AHBPrescTable
 146              		.global	SystemCoreClock
 147              		.section	.data.SystemCoreClock,"aw"
 148              		.align	2
 149              		.set	.LANCHOR1,. + 0
 152              	SystemCoreClock:
 153 0000 00093D00 		.word	4000000
 154              		.section	.rodata.AHBPrescTable,"a"
 155              		.align	2
 156              		.set	.LANCHOR2,. + 0
 159              	AHBPrescTable:
 160 0000 00000000 		.ascii	"\000\000\000\000\000\000\000\000\001\002\003\004\006"
 160      00000000 
 160      01020304 
 160      06
 161 000d 070809   		.ascii	"\007\010\011"
 162              		.section	.rodata.APBPrescTable,"a"
 163              		.align	2
 166              	APBPrescTable:
 167 0000 00000000 		.ascii	"\000\000\000\000\001\002\003\004"
 167      01020304 
 168              		.section	.rodata.MSIRangeTable,"a"
 169              		.align	2
 170              		.set	.LANCHOR0,. + 0
 173              	MSIRangeTable:
 174 0000 A0860100 		.word	100000
 175 0004 400D0300 		.word	200000
 176 0008 801A0600 		.word	400000
 177 000c 00350C00 		.word	800000
 178 0010 40420F00 		.word	1000000
 179 0014 80841E00 		.word	2000000
ARM GAS  /tmp/cc5aYpHB.s 			page 4


 180 0018 00093D00 		.word	4000000
 181 001c 00127A00 		.word	8000000
 182 0020 0024F400 		.word	16000000
 183 0024 00366E01 		.word	24000000
 184 0028 0048E801 		.word	32000000
 185 002c 006CDC02 		.word	48000000
 186              		.ident	"GCC: (15:10.3-2021.07-4) 10.3.1 20210621 (release)"
ARM GAS  /tmp/cc5aYpHB.s 			page 5


DEFINED SYMBOLS
                            *ABS*:0000000000000000 system_stm32l4xx.c
     /tmp/cc5aYpHB.s:14     .text.SystemInit:0000000000000000 $t
     /tmp/cc5aYpHB.s:22     .text.SystemInit:0000000000000000 SystemInit
     /tmp/cc5aYpHB.s:52     .text.SystemInit:0000000000000040 $d
     /tmp/cc5aYpHB.s:56     .text.SystemCoreClockUpdate:0000000000000000 $t
     /tmp/cc5aYpHB.s:63     .text.SystemCoreClockUpdate:0000000000000000 SystemCoreClockUpdate
     /tmp/cc5aYpHB.s:136    .text.SystemCoreClockUpdate:0000000000000090 $d
     /tmp/cc5aYpHB.s:173    .rodata.MSIRangeTable:0000000000000000 MSIRangeTable
     /tmp/cc5aYpHB.s:166    .rodata.APBPrescTable:0000000000000000 APBPrescTable
     /tmp/cc5aYpHB.s:159    .rodata.AHBPrescTable:0000000000000000 AHBPrescTable
     /tmp/cc5aYpHB.s:152    .data.SystemCoreClock:0000000000000000 SystemCoreClock
     /tmp/cc5aYpHB.s:148    .data.SystemCoreClock:0000000000000000 $d
     /tmp/cc5aYpHB.s:155    .rodata.AHBPrescTable:0000000000000000 $d
     /tmp/cc5aYpHB.s:163    .rodata.APBPrescTable:0000000000000000 $d
     /tmp/cc5aYpHB.s:169    .rodata.MSIRangeTable:0000000000000000 $d

NO UNDEFINED SYMBOLS
