ARM GAS  /tmp/cclZSZ12.s 			page 1


   1              		.cpu cortex-m4
   2              		.eabi_attribute 27, 1
   3              		.eabi_attribute 28, 1
   4              		.eabi_attribute 23, 1
   5              		.eabi_attribute 24, 1
   6              		.eabi_attribute 25, 1
   7              		.eabi_attribute 26, 1
   8              		.eabi_attribute 30, 4
   9              		.eabi_attribute 34, 1
  10              		.eabi_attribute 18, 4
  11              		.file	"main.c"
  12              		.text
  13              		.section	.text.startup.main,"ax",%progbits
  14              		.align	1
  15              		.global	main
  16              		.arch armv7e-m
  17              		.syntax unified
  18              		.thumb
  19              		.thumb_func
  20              		.fpu fpv4-sp-d16
  22              	main:
  23              		@ args = 0, pretend = 0, frame = 0
  24              		@ frame_needed = 0, uses_anonymous_args = 0
  25 0000 08B5     		push	{r3, lr}
  26 0002 FFF7FEFF 		bl	main_geolocation
  27 0006 0020     		movs	r0, #0
  28 0008 08BD     		pop	{r3, pc}
  30              		.ident	"GCC: (15:10.3-2021.07-4) 10.3.1 20210621 (release)"
ARM GAS  /tmp/cclZSZ12.s 			page 2


DEFINED SYMBOLS
                            *ABS*:0000000000000000 main.c
     /tmp/cclZSZ12.s:14     .text.startup.main:0000000000000000 $t
     /tmp/cclZSZ12.s:22     .text.startup.main:0000000000000000 main

UNDEFINED SYMBOLS
main_geolocation
