ARM GAS  /tmp/cc8NzXmL.s 			page 1


   1              		.cpu cortex-m4
   2              		.eabi_attribute 27, 1
   3              		.eabi_attribute 28, 1
   4              		.eabi_attribute 23, 1
   5              		.eabi_attribute 24, 1
   6              		.eabi_attribute 25, 1
   7              		.eabi_attribute 26, 1
   8              		.eabi_attribute 30, 4
   9              		.eabi_attribute 34, 1
  10              		.eabi_attribute 18, 4
  11              		.file	"main_geolocation.c"
  12              		.text
  13              		.section	.rodata.modem_event_callback.str1.1,"aMS",%progbits,1
  14              	.LC0:
  15 0000 1B5B306D 		.ascii	"\033[0m\000"
  15      00
  16              	.LC1:
  17 0005 6765745F 		.ascii	"get_event () callback\012\000"
  17      6576656E 
  17      74202829 
  17      2063616C 
  17      6C626163 
  18              	.LC2:
  19 001c 1B5B303B 		.ascii	"\033[0;34m\000"
  19      33346D00 
  20              	.LC3:
  21 0024 25732573 		.ascii	"%s%s%s\000"
  21      257300
  22              	.LC4:
  23 002b 1B5B303B 		.ascii	"\033[0;32mINFO: Event received: RESET\012\000"
  23      33326D49 
  23      4E464F3A 
  23      20457665 
  23      6E742072 
  24              	.LC5:
  25 004f 1B5B303B 		.ascii	"\033[0;32mINFO: Event received: ALARM\012\000"
  25      33326D49 
  25      4E464F3A 
  25      20457665 
  25      6E742072 
  26              	.LC6:
  27 0073 1B5B303B 		.ascii	"\033[0;32mINFO: Event received: JOINED\012\000"
  27      33326D49 
  27      4E464F3A 
  27      20457665 
  27      6E742072 
  28              	.LC7:
  29 0098 1B5B303B 		.ascii	"\033[0;32mINFO: Event received: TXDONE (%d)\012\000"
  29      33326D49 
  29      4E464F3A 
  29      20457665 
  29      6E742072 
  30              	.LC8:
  31 00c2 1B5B303B 		.ascii	"\033[0;32mINFO: Transmission done\012\000"
  31      33326D49 
  31      4E464F3A 
  31      20547261 
ARM GAS  /tmp/cc8NzXmL.s 			page 2


  31      6E736D69 
  32              	.LC9:
  33 00e2 1B5B303B 		.ascii	"\033[0;32mINFO: Event received: DOWNDATA\012\000"
  33      33326D49 
  33      4E464F3A 
  33      20457665 
  33      6E742072 
  34              	.LC10:
  35 0109 44617461 		.ascii	"Data received on port %u\012\000"
  35      20726563 
  35      65697665 
  35      64206F6E 
  35      20706F72 
  36              	.LC11:
  37 0123 52656365 		.ascii	"Received payload\000"
  37      69766564 
  37      20706179 
  37      6C6F6164 
  37      00
  38              	.LC12:
  39 0134 2573202D 		.ascii	"%s - (%lu bytes):\012\000"
  39      2028256C 
  39      75206279 
  39      74657329 
  39      3A0A00
  40              	.LC13:
  41 0147 0A00     		.ascii	"\012\000"
  42              	.LC14:
  43 0149 20253032 		.ascii	" %02X\000"
  43      5800
  44              	.LC15:
  45 014f 1B5B303B 		.ascii	"\033[0;32mINFO: Event received: JOINFAIL\012\000"
  45      33326D49 
  45      4E464F3A 
  45      20457665 
  45      6E742072 
  46              	.LC16:
  47 0176 1B5B303B 		.ascii	"\033[0;33mWARN: Join request failed \012\000"
  47      33336D57 
  47      41524E3A 
  47      204A6F69 
  47      6E207265 
  48              	.LC17:
  49 0199 1B5B303B 		.ascii	"\033[0;32mINFO: Event received: TIME\012\000"
  49      33326D49 
  49      4E464F3A 
  49      20457665 
  49      6E742072 
  50              	.LC18:
  51 01bc 1B5B303B 		.ascii	"\033[0;32mINFO: Event received: GNSS_SCAN_DONE\012\000"
  51      33326D49 
  51      4E464F3A 
  51      20457665 
  51      6E742072 
  52              	.LC19:
  53 01e9 1B5B303B 		.ascii	"\033[0;32mINFO: Event received: GNSS_TERMINATED\012"
  53      33326D49 
ARM GAS  /tmp/cc8NzXmL.s 			page 3


  53      4E464F3A 
  53      20457665 
  53      6E742072 
  54 0216 00       		.ascii	"\000"
  55              	.LC20:
  56 0217 1B5B303B 		.ascii	"\033[0;32mINFO: Event received: GNSS_ALMANAC_DEMOD_"
  56      33326D49 
  56      4E464F3A 
  56      20457665 
  56      6E742072 
  57 0247 55504441 		.ascii	"UPDATE\012\000"
  57      54450A00 
  58              	.LC21:
  59 024f 47505320 		.ascii	"GPS progress: %u%%\012\000"
  59      70726F67 
  59      72657373 
  59      3A202575 
  59      25250A00 
  60              	.LC22:
  61 0263 42445320 		.ascii	"BDS progress: %u%%\012\000"
  61      70726F67 
  61      72657373 
  61      3A202575 
  61      25250A00 
  62              	.LC23:
  63 0277 61626F72 		.ascii	"aborted: %u\012\000"
  63      7465643A 
  63      2025750A 
  63      00
  64              	.LC24:
  65 0284 1B5B303B 		.ascii	"\033[0;32mINFO: Event received: WIFI_SCAN_DONE\012\000"
  65      33326D49 
  65      4E464F3A 
  65      20457665 
  65      6E742072 
  66              	.LC25:
  67 02b1 1B5B303B 		.ascii	"\033[0;32mINFO: Event received: WIFI_TERMINATED\012"
  67      33326D49 
  67      4E464F3A 
  67      20457665 
  67      6E742072 
  68 02de 00       		.ascii	"\000"
  69              	.LC26:
  70 02df 1B5B303B 		.ascii	"\033[0;32mINFO: Event received: LINK_CHECK\012\000"
  70      33326D49 
  70      4E464F3A 
  70      20457665 
  70      6E742072 
  71              	.LC27:
  72 0308 1B5B303B 		.ascii	"\033[0;32mINFO: Event received: CLASS_B_STATUS\012\000"
  72      33326D49 
  72      4E464F3A 
  72      20457665 
  72      6E742072 
  73              	.LC28:
  74 0335 1B5B303B 		.ascii	"\033[0;31mERROR: Unknown event %u\012\000"
  74      33316D45 
ARM GAS  /tmp/cc8NzXmL.s 			page 4


  74      52524F52 
  74      3A20556E 
  74      6B6E6F77 
  75              		.section	.text.modem_event_callback,"ax",%progbits
  76              		.align	1
  77              		.arch armv7e-m
  78              		.syntax unified
  79              		.thumb
  80              		.thumb_func
  81              		.fpu fpv4-sp-d16
  83              	modem_event_callback:
  84              		@ args = 0, pretend = 0, frame = 232
  85              		@ frame_needed = 0, uses_anonymous_args = 0
  86 0000 2DE9F04F 		push	{r4, r5, r6, r7, r8, r9, r10, fp, lr}
  87 0004 AA4B     		ldr	r3, .L31
  88 0006 AB4A     		ldr	r2, .L31+4
  89 0008 AB49     		ldr	r1, .L31+8
  90 000a AC48     		ldr	r0, .L31+12
  91 000c DFF82C83 		ldr	r8, .L31+140
  92 0010 A74C     		ldr	r4, .L31
  93 0012 DFF82C93 		ldr	r9, .L31+144
  94 0016 BDB0     		sub	sp, sp, #244
  95 0018 FFF7FEFF 		bl	hal_trace_print_var
  96              	.L22:
  97 001c 0DF11301 		add	r1, sp, #19
  98 0020 05A8     		add	r0, sp, #20
  99 0022 FFF7FEFF 		bl	smtc_modem_get_event
 100 0026 9DF81510 		ldrb	r1, [sp, #21]	@ zero_extendqisi2
 101 002a 1929     		cmp	r1, #25
 102 002c 00F23C81 		bhi	.L2
 103 0030 DFE811F0 		tbh	[pc, r1, lsl #1]
 104              	.L4:
 105 0034 1A00     		.2byte	(.L17-.L4)/2
 106 0036 6200     		.2byte	(.L16-.L4)/2
 107 0038 7500     		.2byte	(.L15-.L4)/2
 108 003a 9000     		.2byte	(.L14-.L4)/2
 109 003c 9D00     		.2byte	(.L13-.L4)/2
 110 003e CE00     		.2byte	(.L12-.L4)/2
 111 0040 D600     		.2byte	(.L11-.L4)/2
 112 0042 3601     		.2byte	(.L10-.L4)/2
 113 0044 3A01     		.2byte	(.L2-.L4)/2
 114 0046 3801     		.2byte	(.L9-.L4)/2
 115 0048 3A01     		.2byte	(.L2-.L4)/2
 116 004a 3A01     		.2byte	(.L2-.L4)/2
 117 004c 3A01     		.2byte	(.L2-.L4)/2
 118 004e 3A01     		.2byte	(.L2-.L4)/2
 119 0050 3A01     		.2byte	(.L2-.L4)/2
 120 0052 3A01     		.2byte	(.L2-.L4)/2
 121 0054 3A01     		.2byte	(.L2-.L4)/2
 122 0056 3A01     		.2byte	(.L2-.L4)/2
 123 0058 3A01     		.2byte	(.L2-.L4)/2
 124 005a 3A01     		.2byte	(.L2-.L4)/2
 125 005c 3A01     		.2byte	(.L2-.L4)/2
 126 005e D800     		.2byte	(.L8-.L4)/2
 127 0060 E300     		.2byte	(.L7-.L4)/2
 128 0062 F900     		.2byte	(.L6-.L4)/2
 129 0064 1601     		.2byte	(.L5-.L4)/2
ARM GAS  /tmp/cc8NzXmL.s 			page 5


 130 0066 2101     		.2byte	(.L3-.L4)/2
 131              		.p2align 1
 132              	.L17:
 133 0068 9548     		ldr	r0, .L31+16
 134 006a FFF7FEFF 		bl	hal_trace_print_var
 135 006e 2046     		mov	r0, r4
 136 0070 FFF7FEFF 		bl	hal_trace_print_var
 137 0074 9349     		ldr	r1, .L31+20
 138 0076 0020     		movs	r0, #0
 139 0078 FFF7FEFF 		bl	smtc_modem_set_deveui
 140 007c 9249     		ldr	r1, .L31+24
 141 007e 0020     		movs	r0, #0
 142 0080 FFF7FEFF 		bl	smtc_modem_set_joineui
 143 0084 9149     		ldr	r1, .L31+28
 144 0086 0020     		movs	r0, #0
 145 0088 FFF7FEFF 		bl	smtc_modem_set_nwkkey
 146 008c 0121     		movs	r1, #1
 147 008e 0020     		movs	r0, #0
 148 0090 FFF7FEFF 		bl	smtc_modem_set_region
 149 0094 0020     		movs	r0, #0
 150 0096 FFF7FEFF 		bl	smtc_modem_join_network
 151 009a 0221     		movs	r1, #2
 152 009c 0020     		movs	r0, #0
 153 009e FFF7FEFF 		bl	smtc_modem_almanac_demodulation_set_constellations
 154 00a2 0020     		movs	r0, #0
 155 00a4 FFF7FEFF 		bl	smtc_modem_almanac_demodulation_start
 156 00a8 0020     		movs	r0, #0
 157 00aa FFF7FEFF 		bl	smtc_modem_store_and_forward_flash_clear_data
 158 00ae 0121     		movs	r1, #1
 159 00b0 0020     		movs	r0, #0
 160 00b2 FFF7FEFF 		bl	smtc_modem_store_and_forward_set_state
 161 00b6 0121     		movs	r1, #1
 162 00b8 0020     		movs	r0, #0
 163 00ba FFF7FEFF 		bl	smtc_modem_gnss_send_mode
 164 00be 0021     		movs	r1, #0
 165 00c0 0846     		mov	r0, r1
 166 00c2 FFF7FEFF 		bl	smtc_modem_wifi_send_mode
 167 00c6 0021     		movs	r1, #0
 168 00c8 0846     		mov	r0, r1
 169 00ca FFF7FEFF 		bl	smtc_modem_wifi_scan
 170 00ce 0221     		movs	r1, #2
 171 00d0 0020     		movs	r0, #0
 172 00d2 FFF7FEFF 		bl	smtc_modem_gnss_set_constellations
 173 00d6 0022     		movs	r2, #0
 174 00d8 0121     		movs	r1, #1
 175 00da 1046     		mov	r0, r2
 176 00dc FFF7FEFF 		bl	smtc_modem_gnss_scan
 177 00e0 FFF7FEFF 		bl	smtc_board_get_led_tx_mask
 178 00e4 0121     		movs	r1, #1
 179 00e6 FFF7FEFF 		bl	smtc_board_led_set
 180              	.L18:
 181 00ea 9DF81330 		ldrb	r3, [sp, #19]	@ zero_extendqisi2
 182 00ee 002B     		cmp	r3, #0
 183 00f0 94D1     		bne	.L22
 184 00f2 3DB0     		add	sp, sp, #244
 185              		@ sp needed
 186 00f4 BDE8F08F 		pop	{r4, r5, r6, r7, r8, r9, r10, fp, pc}
ARM GAS  /tmp/cc8NzXmL.s 			page 6


 187              	.L16:
 188 00f8 7548     		ldr	r0, .L31+32
 189 00fa FFF7FEFF 		bl	hal_trace_print_var
 190 00fe 2046     		mov	r0, r4
 191 0100 FFF7FEFF 		bl	hal_trace_print_var
 192 0104 0423     		movs	r3, #4
 193 0106 0022     		movs	r2, #0
 194 0108 0093     		str	r3, [sp]
 195 010a 0221     		movs	r1, #2
 196 010c 714B     		ldr	r3, .L31+36
 197 010e 1046     		mov	r0, r2
 198 0110 FFF7FEFF 		bl	smtc_modem_request_uplink
 199              	.L27:
 200 0114 4FF4E160 		mov	r0, #1800
 201 0118 FFF7FEFF 		bl	smtc_modem_alarm_start_timer
 202 011c E5E7     		b	.L18
 203              	.L15:
 204 011e 6E48     		ldr	r0, .L31+40
 205 0120 FFF7FEFF 		bl	hal_trace_print_var
 206 0124 2046     		mov	r0, r4
 207 0126 FFF7FEFF 		bl	hal_trace_print_var
 208 012a FFF7FEFF 		bl	smtc_board_get_led_tx_mask
 209 012e 0021     		movs	r1, #0
 210 0130 FFF7FEFF 		bl	smtc_board_led_set
 211 0134 FFF7FEFF 		bl	smtc_board_get_led_rx_mask
 212 0138 FA22     		movs	r2, #250
 213 013a 0121     		movs	r1, #1
 214 013c FFF7FEFF 		bl	smtc_board_led_pulse
 215 0140 664A     		ldr	r2, .L31+44
 216 0142 0321     		movs	r1, #3
 217 0144 0020     		movs	r0, #0
 218 0146 FFF7FEFF 		bl	smtc_modem_adr_set_profile
 219 014a 0321     		movs	r1, #3
 220 014c 0020     		movs	r0, #0
 221 014e FFF7FEFF 		bl	smtc_modem_set_nb_trans
 222 0152 DFE7     		b	.L27
 223              	.L14:
 224 0154 9DF81810 		ldrb	r1, [sp, #24]	@ zero_extendqisi2
 225 0158 6148     		ldr	r0, .L31+48
 226 015a FFF7FEFF 		bl	hal_trace_print_var
 227 015e 2046     		mov	r0, r4
 228 0160 FFF7FEFF 		bl	hal_trace_print_var
 229 0164 5F48     		ldr	r0, .L31+52
 230              	.L30:
 231 0166 FFF7FEFF 		bl	hal_trace_print_var
 232              	.L28:
 233 016a 2046     		mov	r0, r4
 234 016c 20E0     		b	.L29
 235              	.L13:
 236 016e 5E4D     		ldr	r5, .L31+56
 237 0170 5E48     		ldr	r0, .L31+60
 238 0172 5F4E     		ldr	r6, .L31+64
 239 0174 5F4F     		ldr	r7, .L31+68
 240 0176 DFF890A1 		ldr	r10, .L31+88
 241 017a DFF8C8B1 		ldr	fp, .L31+148
 242 017e FFF7FEFF 		bl	hal_trace_print_var
 243 0182 2046     		mov	r0, r4
ARM GAS  /tmp/cc8NzXmL.s 			page 7


 244 0184 FFF7FEFF 		bl	hal_trace_print_var
 245 0188 2A46     		mov	r2, r5
 246 018a 5B4B     		ldr	r3, .L31+72
 247 018c 5948     		ldr	r0, .L31+68
 248 018e 3146     		mov	r1, r6
 249 0190 FFF7FEFF 		bl	smtc_modem_get_downlink_data
 250 0194 2979     		ldrb	r1, [r5, #4]	@ zero_extendqisi2
 251 0196 5948     		ldr	r0, .L31+76
 252 0198 FFF7FEFF 		bl	hal_trace_print_var
 253 019c 3278     		ldrb	r2, [r6]	@ zero_extendqisi2
 254 019e 5849     		ldr	r1, .L31+80
 255 01a0 5848     		ldr	r0, .L31+84
 256 01a2 FFF7FEFF 		bl	hal_trace_print_var
 257 01a6 0025     		movs	r5, #0
 258              	.L19:
 259 01a8 3378     		ldrb	r3, [r6]	@ zero_extendqisi2
 260 01aa AB42     		cmp	r3, r5
 261 01ac 03D8     		bhi	.L21
 262 01ae 5648     		ldr	r0, .L31+88
 263              	.L29:
 264 01b0 FFF7FEFF 		bl	hal_trace_print_var
 265 01b4 99E7     		b	.L18
 266              	.L21:
 267 01b6 2B07     		lsls	r3, r5, #28
 268 01b8 03D1     		bne	.L20
 269 01ba 15B1     		cbz	r5, .L20
 270 01bc 5046     		mov	r0, r10
 271 01be FFF7FEFF 		bl	hal_trace_print_var
 272              	.L20:
 273 01c2 17F8011B 		ldrb	r1, [r7], #1	@ zero_extendqisi2
 274 01c6 5846     		mov	r0, fp
 275 01c8 FFF7FEFF 		bl	hal_trace_print_var
 276 01cc 0135     		adds	r5, r5, #1
 277 01ce EBE7     		b	.L19
 278              	.L12:
 279 01d0 4E48     		ldr	r0, .L31+92
 280 01d2 FFF7FEFF 		bl	hal_trace_print_var
 281 01d6 2046     		mov	r0, r4
 282 01d8 FFF7FEFF 		bl	hal_trace_print_var
 283 01dc 4C48     		ldr	r0, .L31+96
 284 01de C2E7     		b	.L30
 285              	.L11:
 286 01e0 4C48     		ldr	r0, .L31+100
 287 01e2 C0E7     		b	.L30
 288              	.L8:
 289 01e4 4C48     		ldr	r0, .L31+104
 290 01e6 FFF7FEFF 		bl	hal_trace_print_var
 291 01ea 2046     		mov	r0, r4
 292 01ec FFF7FEFF 		bl	hal_trace_print_var
 293 01f0 24A9     		add	r1, sp, #144
 294 01f2 0020     		movs	r0, #0
 295 01f4 FFF7FEFF 		bl	smtc_modem_gnss_get_event_data_scan_done
 296 01f8 77E7     		b	.L18
 297              	.L7:
 298 01fa 4848     		ldr	r0, .L31+108
 299 01fc FFF7FEFF 		bl	hal_trace_print_var
 300 0200 2046     		mov	r0, r4
ARM GAS  /tmp/cc8NzXmL.s 			page 8


 301 0202 FFF7FEFF 		bl	hal_trace_print_var
 302 0206 FFF7FEFF 		bl	smtc_board_get_led_tx_mask
 303 020a FA22     		movs	r2, #250
 304 020c 0121     		movs	r1, #1
 305 020e FFF7FEFF 		bl	smtc_board_led_pulse
 306 0212 03A9     		add	r1, sp, #12
 307 0214 0020     		movs	r0, #0
 308 0216 FFF7FEFF 		bl	smtc_modem_gnss_get_event_data_terminated
 309 021a 7822     		movs	r2, #120
 310 021c 0121     		movs	r1, #1
 311 021e 0020     		movs	r0, #0
 312 0220 FFF7FEFF 		bl	smtc_modem_gnss_scan
 313 0224 61E7     		b	.L18
 314              	.L6:
 315 0226 3E48     		ldr	r0, .L31+112
 316 0228 FFF7FEFF 		bl	hal_trace_print_var
 317 022c 2046     		mov	r0, r4
 318 022e FFF7FEFF 		bl	hal_trace_print_var
 319 0232 07A9     		add	r1, sp, #28
 320 0234 0020     		movs	r0, #0
 321 0236 FFF7FEFF 		bl	smtc_modem_almanac_demodulation_get_event_data_almanac_update
 322 023a 264B     		ldr	r3, .L31+36
 323 023c BDF81E20 		ldrh	r2, [sp, #30]
 324 0240 9DF81E10 		ldrb	r1, [sp, #30]	@ zero_extendqisi2
 325 0244 1A80     		strh	r2, [r3]	@ movhi
 326 0246 3748     		ldr	r0, .L31+116
 327 0248 FFF7FEFF 		bl	hal_trace_print_var
 328 024c 9DF81F10 		ldrb	r1, [sp, #31]	@ zero_extendqisi2
 329 0250 3548     		ldr	r0, .L31+120
 330 0252 FFF7FEFF 		bl	hal_trace_print_var
 331 0256 0B99     		ldr	r1, [sp, #44]
 332 0258 3448     		ldr	r0, .L31+124
 333 025a FFF7FEFF 		bl	hal_trace_print_var
 334 025e 44E7     		b	.L18
 335              	.L5:
 336 0260 3348     		ldr	r0, .L31+128
 337 0262 FFF7FEFF 		bl	hal_trace_print_var
 338 0266 2046     		mov	r0, r4
 339 0268 FFF7FEFF 		bl	hal_trace_print_var
 340 026c 0DA9     		add	r1, sp, #52
 341 026e 0020     		movs	r0, #0
 342 0270 FFF7FEFF 		bl	smtc_modem_wifi_get_event_data_scan_done
 343 0274 39E7     		b	.L18
 344              	.L3:
 345 0276 2F48     		ldr	r0, .L31+132
 346 0278 FFF7FEFF 		bl	hal_trace_print_var
 347 027c 2046     		mov	r0, r4
 348 027e FFF7FEFF 		bl	hal_trace_print_var
 349 0282 FFF7FEFF 		bl	smtc_board_get_led_tx_mask
 350 0286 FA22     		movs	r2, #250
 351 0288 0121     		movs	r1, #1
 352 028a FFF7FEFF 		bl	smtc_board_led_pulse
 353 028e 04A9     		add	r1, sp, #16
 354 0290 0020     		movs	r0, #0
 355 0292 FFF7FEFF 		bl	smtc_modem_wifi_get_event_data_terminated
 356 0296 3C21     		movs	r1, #60
 357 0298 0020     		movs	r0, #0
ARM GAS  /tmp/cc8NzXmL.s 			page 9


 358 029a FFF7FEFF 		bl	smtc_modem_wifi_scan
 359 029e 24E7     		b	.L18
 360              	.L10:
 361 02a0 2548     		ldr	r0, .L31+136
 362 02a2 60E7     		b	.L30
 363              	.L9:
 364 02a4 4846     		mov	r0, r9
 365 02a6 5EE7     		b	.L30
 366              	.L2:
 367 02a8 4046     		mov	r0, r8
 368 02aa FFF7FEFF 		bl	hal_trace_print_var
 369 02ae 5CE7     		b	.L28
 370              	.L32:
 371              		.align	2
 372              	.L31:
 373 02b0 00000000 		.word	.LC0
 374 02b4 05000000 		.word	.LC1
 375 02b8 1C000000 		.word	.LC2
 376 02bc 24000000 		.word	.LC3
 377 02c0 2B000000 		.word	.LC4
 378 02c4 00000000 		.word	.LANCHOR0
 379 02c8 00000000 		.word	.LANCHOR1
 380 02cc 00000000 		.word	.LANCHOR2
 381 02d0 4F000000 		.word	.LC5
 382 02d4 00000000 		.word	.LANCHOR3
 383 02d8 73000000 		.word	.LC6
 384 02dc 00000000 		.word	.LANCHOR4
 385 02e0 98000000 		.word	.LC7
 386 02e4 C2000000 		.word	.LC8
 387 02e8 00000000 		.word	.LANCHOR6
 388 02ec E2000000 		.word	.LC9
 389 02f0 00000000 		.word	.LANCHOR7
 390 02f4 00000000 		.word	.LANCHOR8
 391 02f8 00000000 		.word	.LANCHOR5
 392 02fc 09010000 		.word	.LC10
 393 0300 23010000 		.word	.LC11
 394 0304 34010000 		.word	.LC12
 395 0308 47010000 		.word	.LC13
 396 030c 4F010000 		.word	.LC15
 397 0310 76010000 		.word	.LC16
 398 0314 99010000 		.word	.LC17
 399 0318 BC010000 		.word	.LC18
 400 031c E9010000 		.word	.LC19
 401 0320 17020000 		.word	.LC20
 402 0324 4F020000 		.word	.LC21
 403 0328 63020000 		.word	.LC22
 404 032c 77020000 		.word	.LC23
 405 0330 84020000 		.word	.LC24
 406 0334 B1020000 		.word	.LC25
 407 0338 DF020000 		.word	.LC26
 408 033c 35030000 		.word	.LC28
 409 0340 08030000 		.word	.LC27
 410 0344 49010000 		.word	.LC14
 412              		.section	.rodata.main_geolocation.str1.1,"aMS",%progbits,1
 413              	.LC29:
 414 0000 1B5B303B 		.ascii	"\033[0;32mINFO: GEOLOCATION example is starting\012"
 414      33326D49 
ARM GAS  /tmp/cc8NzXmL.s 			page 10


 414      4E464F3A 
 414      2047454F 
 414      4C4F4341 
 415 002d 00       		.ascii	"\000"
 416              	.LC30:
 417 002e 1B5B303B 		.ascii	"\033[0;31mERROR: Failed to get LR11XX firmware vers"
 417      33316D45 
 417      52524F52 
 417      3A204661 
 417      696C6564 
 418 005e 696F6E0A 		.ascii	"ion\012\000"
 418      00
 419              	.LC31:
 420 0063 1B5B303B 		.ascii	"\033[0;31mERROR: Wrong LR1110 firmware version, exp"
 420      33316D45 
 420      52524F52 
 420      3A205772 
 420      6F6E6720 
 421 0093 65637465 		.ascii	"ected 0x%04X, got 0x%04X\012\000"
 421      64203078 
 421      25303458 
 421      2C20676F 
 421      74203078 
 422              	.LC32:
 423 00ad 1B5B303B 		.ascii	"\033[0;31mERROR: Wrong LR1120 firmware version, exp"
 423      33316D45 
 423      52524F52 
 423      3A205772 
 423      6F6E6720 
 424 00dd 65637465 		.ascii	"ected 0x%04X, got 0x%04X\012\000"
 424      64203078 
 424      25303458 
 424      2C20676F 
 424      74203078 
 425              	.LC33:
 426 00f7 1B5B303B 		.ascii	"\033[0;32mINFO: LR11XX FW: 0x%04X, type: 0x%02X\012"
 426      33326D49 
 426      4E464F3A 
 426      204C5231 
 426      31585820 
 427 0124 00       		.ascii	"\000"
 428              		.section	.text.main_geolocation,"ax",%progbits
 429              		.align	1
 430              		.global	main_geolocation
 431              		.syntax unified
 432              		.thumb
 433              		.thumb_func
 434              		.fpu fpv4-sp-d16
 436              	main_geolocation:
 437              		@ args = 0, pretend = 0, frame = 8
 438              		@ frame_needed = 0, uses_anonymous_args = 0
 439 0000 37B5     		push	{r0, r1, r2, r4, r5, lr}
 440 0002 FFF7FEFF 		bl	hal_mcu_disable_irq
 441 0006 FFF7FEFF 		bl	hal_mcu_init
 442 000a 2C48     		ldr	r0, .L44
 443 000c FFF7FEFF 		bl	smtc_modem_init
 444 0010 FFF7FEFF 		bl	hal_mcu_enable_irq
ARM GAS  /tmp/cc8NzXmL.s 			page 11


 445 0014 2A48     		ldr	r0, .L44+4
 446 0016 FFF7FEFF 		bl	hal_trace_print_var
 447 001a 2A48     		ldr	r0, .L44+8
 448 001c FFF7FEFF 		bl	hal_trace_print_var
 449 0020 01A9     		add	r1, sp, #4
 450 0022 0020     		movs	r0, #0
 451 0024 FFF7FEFF 		bl	lr11xx_system_get_version
 452 0028 28B1     		cbz	r0, .L34
 453 002a 2748     		ldr	r0, .L44+12
 454 002c FFF7FEFF 		bl	hal_trace_print_var
 455 0030 2448     		ldr	r0, .L44+8
 456 0032 FFF7FEFF 		bl	hal_trace_print_var
 457              	.L34:
 458 0036 9DF80530 		ldrb	r3, [sp, #5]	@ zero_extendqisi2
 459 003a 012B     		cmp	r3, #1
 460 003c 0CD1     		bne	.L35
 461 003e BDF80620 		ldrh	r2, [sp, #6]
 462 0042 B2F5806F 		cmp	r2, #1024
 463 0046 18D8     		bhi	.L37
 464 0048 2048     		ldr	r0, .L44+16
 465 004a 40F20141 		movw	r1, #1025
 466 004e FFF7FEFF 		bl	hal_trace_print_var
 467 0052 1C48     		ldr	r0, .L44+8
 468 0054 FFF7FEFF 		bl	hal_trace_print_var
 469              	.L35:
 470 0058 9DF80530 		ldrb	r3, [sp, #5]	@ zero_extendqisi2
 471 005c 022B     		cmp	r3, #2
 472 005e 0CD1     		bne	.L37
 473 0060 BDF80620 		ldrh	r2, [sp, #6]
 474 0064 B2F5007F 		cmp	r2, #512
 475 0068 07D8     		bhi	.L37
 476 006a 1948     		ldr	r0, .L44+20
 477 006c 40F20121 		movw	r1, #513
 478 0070 FFF7FEFF 		bl	hal_trace_print_var
 479 0074 1348     		ldr	r0, .L44+8
 480 0076 FFF7FEFF 		bl	hal_trace_print_var
 481              	.L37:
 482 007a 9DF80520 		ldrb	r2, [sp, #5]	@ zero_extendqisi2
 483 007e BDF80610 		ldrh	r1, [sp, #6]
 484 0082 1448     		ldr	r0, .L44+24
 485 0084 FFF7FEFF 		bl	hal_trace_print_var
 486 0088 0E48     		ldr	r0, .L44+8
 487 008a FFF7FEFF 		bl	hal_trace_print_var
 488 008e 44F62065 		movw	r5, #20000
 489              	.L40:
 490 0092 FFF7FEFF 		bl	smtc_modem_run_engine
 491 0096 0446     		mov	r4, r0
 492 0098 FFF7FEFF 		bl	hal_mcu_disable_irq
 493 009c FFF7FEFF 		bl	smtc_modem_is_irq_flag_pending
 494 00a0 38B9     		cbnz	r0, .L39
 495 00a2 FFF7FEFF 		bl	hal_watchdog_reload
 496 00a6 AC42     		cmp	r4, r5
 497 00a8 2046     		mov	r0, r4
 498 00aa 28BF     		it	cs
 499 00ac 2846     		movcs	r0, r5
 500 00ae FFF7FEFF 		bl	hal_mcu_set_sleep_for_ms
 501              	.L39:
ARM GAS  /tmp/cc8NzXmL.s 			page 12


 502 00b2 FFF7FEFF 		bl	hal_watchdog_reload
 503 00b6 FFF7FEFF 		bl	hal_mcu_enable_irq
 504 00ba EAE7     		b	.L40
 505              	.L45:
 506              		.align	2
 507              	.L44:
 508 00bc 00000000 		.word	modem_event_callback
 509 00c0 00000000 		.word	.LC29
 510 00c4 00000000 		.word	.LC0
 511 00c8 2E000000 		.word	.LC30
 512 00cc 63000000 		.word	.LC31
 513 00d0 AD000000 		.word	.LC32
 514 00d4 F7000000 		.word	.LC33
 516              		.global	keep_alive_payload
 517              		.section	.bss.keep_alive_payload,"aw",%nobits
 518              		.align	2
 519              		.set	.LANCHOR3,. + 0
 522              	keep_alive_payload:
 523 0000 00000000 		.space	4
 524              		.section	.bss.rx_metadata,"aw",%nobits
 525              		.align	2
 526              		.set	.LANCHOR6,. + 0
 529              	rx_metadata:
 530 0000 00000000 		.space	16
 530      00000000 
 530      00000000 
 530      00000000 
 531              		.section	.bss.rx_payload,"aw",%nobits
 532              		.align	2
 533              		.set	.LANCHOR8,. + 0
 536              	rx_payload:
 537 0000 00000000 		.space	242
 537      00000000 
 537      00000000 
 537      00000000 
 537      00000000 
 538              		.section	.bss.rx_payload_size,"aw",%nobits
 539              		.set	.LANCHOR7,. + 0
 542              	rx_payload_size:
 543 0000 00       		.space	1
 544              		.section	.bss.rx_remaining,"aw",%nobits
 545              		.set	.LANCHOR5,. + 0
 548              	rx_remaining:
 549 0000 00       		.space	1
 550              		.section	.rodata.adr_custom_list,"a"
 551              		.align	2
 552              		.set	.LANCHOR4,. + 0
 555              	adr_custom_list:
 556 0000 03030303 		.ascii	"\003\003\003\003\003\003\003\003\003\003\003\003\003"
 556      03030303 
 556      03030303 
 556      03
 557 000d 030303   		.ascii	"\003\003\003"
 558              		.section	.rodata.user_app_key,"a"
 559              		.align	2
 560              		.set	.LANCHOR2,. + 0
 563              	user_app_key:
ARM GAS  /tmp/cc8NzXmL.s 			page 13


 564 0000 0D5E6BF7 		.ascii	"\015^k\367n\245\007\360fg\315\203\230\270\317\300"
 564      6EA507F0 
 564      6667CD83 
 564      98B8CFC0 
 565              		.section	.rodata.user_dev_eui,"a"
 566              		.align	2
 567              		.set	.LANCHOR0,. + 0
 570              	user_dev_eui:
 571 0000 0016C001 		.ascii	"\000\026\300\001\360\000?\305"
 571      F0003FC5 
 572              		.section	.rodata.user_join_eui,"a"
 573              		.align	2
 574              		.set	.LANCHOR1,. + 0
 577              	user_join_eui:
 578 0000 0016C001 		.ascii	"\000\026\300\001\377\376\000\001"
 578      FFFE0001 
 579              		.ident	"GCC: (15:10.3-2021.07-4) 10.3.1 20210621 (release)"
ARM GAS  /tmp/cc8NzXmL.s 			page 14


DEFINED SYMBOLS
                            *ABS*:0000000000000000 main_geolocation.c
     /tmp/cc8NzXmL.s:76     .text.modem_event_callback:0000000000000000 $t
     /tmp/cc8NzXmL.s:83     .text.modem_event_callback:0000000000000000 modem_event_callback
     /tmp/cc8NzXmL.s:105    .text.modem_event_callback:0000000000000034 $d
     /tmp/cc8NzXmL.s:131    .text.modem_event_callback:0000000000000068 $t
     /tmp/cc8NzXmL.s:373    .text.modem_event_callback:00000000000002b0 $d
     /tmp/cc8NzXmL.s:429    .text.main_geolocation:0000000000000000 $t
     /tmp/cc8NzXmL.s:436    .text.main_geolocation:0000000000000000 main_geolocation
     /tmp/cc8NzXmL.s:508    .text.main_geolocation:00000000000000bc $d
     /tmp/cc8NzXmL.s:522    .bss.keep_alive_payload:0000000000000000 keep_alive_payload
     /tmp/cc8NzXmL.s:518    .bss.keep_alive_payload:0000000000000000 $d
     /tmp/cc8NzXmL.s:525    .bss.rx_metadata:0000000000000000 $d
     /tmp/cc8NzXmL.s:529    .bss.rx_metadata:0000000000000000 rx_metadata
     /tmp/cc8NzXmL.s:532    .bss.rx_payload:0000000000000000 $d
     /tmp/cc8NzXmL.s:536    .bss.rx_payload:0000000000000000 rx_payload
     /tmp/cc8NzXmL.s:542    .bss.rx_payload_size:0000000000000000 rx_payload_size
     /tmp/cc8NzXmL.s:543    .bss.rx_payload_size:0000000000000000 $d
     /tmp/cc8NzXmL.s:548    .bss.rx_remaining:0000000000000000 rx_remaining
     /tmp/cc8NzXmL.s:549    .bss.rx_remaining:0000000000000000 $d
     /tmp/cc8NzXmL.s:551    .rodata.adr_custom_list:0000000000000000 $d
     /tmp/cc8NzXmL.s:555    .rodata.adr_custom_list:0000000000000000 adr_custom_list
     /tmp/cc8NzXmL.s:559    .rodata.user_app_key:0000000000000000 $d
     /tmp/cc8NzXmL.s:563    .rodata.user_app_key:0000000000000000 user_app_key
     /tmp/cc8NzXmL.s:566    .rodata.user_dev_eui:0000000000000000 $d
     /tmp/cc8NzXmL.s:570    .rodata.user_dev_eui:0000000000000000 user_dev_eui
     /tmp/cc8NzXmL.s:573    .rodata.user_join_eui:0000000000000000 $d
     /tmp/cc8NzXmL.s:577    .rodata.user_join_eui:0000000000000000 user_join_eui

UNDEFINED SYMBOLS
hal_trace_print_var
smtc_modem_get_event
smtc_modem_set_deveui
smtc_modem_set_joineui
smtc_modem_set_nwkkey
smtc_modem_set_region
smtc_modem_join_network
smtc_modem_almanac_demodulation_set_constellations
smtc_modem_almanac_demodulation_start
smtc_modem_store_and_forward_flash_clear_data
smtc_modem_store_and_forward_set_state
smtc_modem_gnss_send_mode
smtc_modem_wifi_send_mode
smtc_modem_wifi_scan
smtc_modem_gnss_set_constellations
smtc_modem_gnss_scan
smtc_board_get_led_tx_mask
smtc_board_led_set
smtc_modem_request_uplink
smtc_modem_alarm_start_timer
smtc_board_get_led_rx_mask
smtc_board_led_pulse
smtc_modem_adr_set_profile
smtc_modem_set_nb_trans
smtc_modem_get_downlink_data
smtc_modem_gnss_get_event_data_scan_done
smtc_modem_gnss_get_event_data_terminated
ARM GAS  /tmp/cc8NzXmL.s 			page 15


smtc_modem_almanac_demodulation_get_event_data_almanac_update
smtc_modem_wifi_get_event_data_scan_done
smtc_modem_wifi_get_event_data_terminated
hal_mcu_disable_irq
hal_mcu_init
smtc_modem_init
hal_mcu_enable_irq
lr11xx_system_get_version
smtc_modem_run_engine
smtc_modem_is_irq_flag_pending
hal_watchdog_reload
hal_mcu_set_sleep_for_ms
