ARM GAS  /tmp/ccUoGmfg.s 			page 1


   1              		.cpu cortex-m4
   2              		.eabi_attribute 27, 1
   3              		.eabi_attribute 28, 1
   4              		.eabi_attribute 23, 1
   5              		.eabi_attribute 24, 1
   6              		.eabi_attribute 25, 1
   7              		.eabi_attribute 26, 1
   8              		.eabi_attribute 30, 4
   9              		.eabi_attribute 34, 1
  10              		.eabi_attribute 18, 4
  11              		.file	"smtc_hal_spi.c"
  12              		.text
  13              		.section	.rodata.hal_spi_init.str1.1,"aMS",%progbits,1
  14              	.LC0:
  15 0000 1B5B303B 		.ascii	"\033[0;31mERROR: mcu_panic:%s\012\000"
  15      33316D45 
  15      52524F52 
  15      3A206D63 
  15      755F7061 
  16              	.LC1:
  17 001c 1B5B306D 		.ascii	"\033[0m\000"
  17      00
  18              	.LC2:
  19 0021 1B5B303B 		.ascii	"\033[0;31mERROR: -> \000"
  19      33316D45 
  19      52524F52 
  19      3A202D3E 
  19      2000
  20              		.section	.text.hal_spi_init,"ax",%progbits
  21              		.align	1
  22              		.global	hal_spi_init
  23              		.arch armv7e-m
  24              		.syntax unified
  25              		.thumb
  26              		.thumb_func
  27              		.fpu fpv4-sp-d16
  29              	hal_spi_init:
  30              		@ args = 0, pretend = 0, frame = 0
  31              		@ frame_needed = 0, uses_anonymous_args = 0
  32 0000 2DE9F041 		push	{r4, r5, r6, r7, r8, lr}
  33 0004 204E     		ldr	r6, .L6
  34 0006 00F1FF38 		add	r8, r0, #-1
  35 000a 6C25     		movs	r5, #108
  36 000c 05FB08F5 		mul	r5, r5, r8
  37 0010 7419     		adds	r4, r6, r5
  38 0012 7059     		ldr	r0, [r6, r5]
  39 0014 6060     		str	r0, [r4, #4]
  40 0016 0027     		movs	r7, #0
  41 0018 4FF48270 		mov	r0, #260
  42 001c C4E90207 		strd	r0, r7, [r4, #8]
  43 0020 4FF4E060 		mov	r0, #1792
  44 0024 C4E90407 		strd	r0, r7, [r4, #16]
  45 0028 4FF4007C 		mov	ip, #512
  46 002c 1020     		movs	r0, #16
  47 002e C4E907C0 		strd	ip, r0, [r4, #28]
  48 0032 0435     		adds	r5, r5, #4
  49 0034 0720     		movs	r0, #7
ARM GAS  /tmp/ccUoGmfg.s 			page 2


  50 0036 2063     		str	r0, [r4, #48]
  51 0038 C4E90977 		strd	r7, r7, [r4, #36]
  52 003c A761     		str	r7, [r4, #24]
  53 003e E762     		str	r7, [r4, #44]
  54 0040 84F86810 		strb	r1, [r4, #104]
  55 0044 84F86920 		strb	r2, [r4, #105]
  56 0048 84F86A30 		strb	r3, [r4, #106]
  57 004c 7019     		adds	r0, r6, r5
  58 004e FFF7FEFF 		bl	HAL_SPI_Init
  59 0052 70B1     		cbz	r0, .L2
  60 0054 0D49     		ldr	r1, .L6+4
  61 0056 0E48     		ldr	r0, .L6+8
  62 0058 FFF7FEFF 		bl	hal_trace_print_var
  63 005c 0D48     		ldr	r0, .L6+12
  64 005e FFF7FEFF 		bl	hal_trace_print_var
  65 0062 0D48     		ldr	r0, .L6+16
  66 0064 FFF7FEFF 		bl	hal_trace_print_var
  67 0068 0A48     		ldr	r0, .L6+12
  68 006a FFF7FEFF 		bl	hal_trace_print_var
  69 006e FFF7FEFF 		bl	hal_mcu_reset
  70              	.L2:
  71 0072 6C20     		movs	r0, #108
  72 0074 00FB0866 		mla	r6, r0, r8, r6
  73 0078 7268     		ldr	r2, [r6, #4]
  74 007a 1368     		ldr	r3, [r2]
  75 007c 43F04003 		orr	r3, r3, #64
  76 0080 1360     		str	r3, [r2]
  77 0082 BDE8F081 		pop	{r4, r5, r6, r7, r8, pc}
  78              	.L7:
  79 0086 00BF     		.align	2
  80              	.L6:
  81 0088 00000000 		.word	.LANCHOR0
  82 008c 00000000 		.word	.LANCHOR1
  83 0090 00000000 		.word	.LC0
  84 0094 1C000000 		.word	.LC1
  85 0098 21000000 		.word	.LC2
  87              		.section	.text.hal_spi_de_init,"ax",%progbits
  88              		.align	1
  89              		.global	hal_spi_de_init
  90              		.syntax unified
  91              		.thumb
  92              		.thumb_func
  93              		.fpu fpv4-sp-d16
  95              	hal_spi_de_init:
  96              		@ args = 0, pretend = 0, frame = 0
  97              		@ frame_needed = 0, uses_anonymous_args = 0
  98              		@ link register save eliminated.
  99 0000 034B     		ldr	r3, .L9
 100 0002 0138     		subs	r0, r0, #1
 101 0004 6C22     		movs	r2, #108
 102 0006 02FB0030 		mla	r0, r2, r0, r3
 103 000a 0430     		adds	r0, r0, #4
 104 000c FFF7FEBF 		b	HAL_SPI_DeInit
 105              	.L10:
 106              		.align	2
 107              	.L9:
 108 0010 00000000 		.word	.LANCHOR0
ARM GAS  /tmp/ccUoGmfg.s 			page 3


 110              		.section	.text.hal_spi_in_out,"ax",%progbits
 111              		.align	1
 112              		.global	hal_spi_in_out
 113              		.syntax unified
 114              		.thumb
 115              		.thumb_func
 116              		.fpu fpv4-sp-d16
 118              	hal_spi_in_out:
 119              		@ args = 0, pretend = 0, frame = 0
 120              		@ frame_needed = 0, uses_anonymous_args = 0
 121 0000 0138     		subs	r0, r0, #1
 122 0002 6C23     		movs	r3, #108
 123 0004 10B5     		push	{r4, lr}
 124 0006 084A     		ldr	r2, .L18
 125 0008 4343     		muls	r3, r0, r3
 126 000a D358     		ldr	r3, [r2, r3]
 127              	.L12:
 128 000c 9C68     		ldr	r4, [r3, #8]
 129 000e A407     		lsls	r4, r4, #30
 130 0010 FCD5     		bpl	.L12
 131 0012 C9B2     		uxtb	r1, r1
 132 0014 1973     		strb	r1, [r3, #12]
 133 0016 6C23     		movs	r3, #108
 134 0018 5843     		muls	r0, r3, r0
 135 001a 1358     		ldr	r3, [r2, r0]
 136              	.L13:
 137 001c 9A68     		ldr	r2, [r3, #8]
 138 001e D207     		lsls	r2, r2, #31
 139 0020 FCD5     		bpl	.L13
 140 0022 D868     		ldr	r0, [r3, #12]
 141 0024 C0B2     		uxtb	r0, r0
 142 0026 10BD     		pop	{r4, pc}
 143              	.L19:
 144              		.align	2
 145              	.L18:
 146 0028 00000000 		.word	.LANCHOR0
 148              		.section	.text.HAL_SPI_MspInit,"ax",%progbits
 149              		.align	1
 150              		.global	HAL_SPI_MspInit
 151              		.syntax unified
 152              		.thumb
 153              		.thumb_func
 154              		.fpu fpv4-sp-d16
 156              	HAL_SPI_MspInit:
 157              		@ args = 0, pretend = 0, frame = 24
 158              		@ frame_needed = 0, uses_anonymous_args = 0
 159 0000 10B5     		push	{r4, lr}
 160 0002 2449     		ldr	r1, .L24
 161 0004 0268     		ldr	r2, [r0]
 162 0006 0B68     		ldr	r3, [r1]
 163 0008 9A42     		cmp	r2, r3
 164 000a 86B0     		sub	sp, sp, #24
 165 000c 30D1     		bne	.L21
 166 000e 0223     		movs	r3, #2
 167 0010 0022     		movs	r2, #0
 168 0012 CDE90232 		strd	r3, r2, [sp, #8]
 169 0016 0324     		movs	r4, #3
ARM GAS  /tmp/ccUoGmfg.s 			page 4


 170 0018 0523     		movs	r3, #5
 171 001a CDE90443 		strd	r4, r3, [sp, #16]
 172 001e 91F96800 		ldrsb	r0, [r1, #104]
 173 0022 91F86930 		ldrb	r3, [r1, #105]	@ zero_extendqisi2
 174 0026 91F86A10 		ldrb	r1, [r1, #106]	@ zero_extendqisi2
 175 002a 0122     		movs	r2, #1
 176 002c 00F00F04 		and	r4, r0, #15
 177 0030 03F00F03 		and	r3, r3, #15
 178 0034 02FA04F4 		lsl	r4, r2, r4
 179 0038 02FA03F3 		lsl	r3, r2, r3
 180 003c 01F00F01 		and	r1, r1, #15
 181 0040 8001     		lsls	r0, r0, #6
 182 0042 8A40     		lsls	r2, r2, r1
 183 0044 2343     		orrs	r3, r3, r4
 184 0046 00F47050 		and	r0, r0, #15360
 185 004a 1343     		orrs	r3, r3, r2
 186 004c 01A9     		add	r1, sp, #4
 187 004e 00F19040 		add	r0, r0, #1207959552
 188 0052 0193     		str	r3, [sp, #4]
 189 0054 FFF7FEFF 		bl	HAL_GPIO_Init
 190 0058 0F4B     		ldr	r3, .L24+4
 191 005a 1A6E     		ldr	r2, [r3, #96]
 192 005c 42F48052 		orr	r2, r2, #4096
 193 0060 1A66     		str	r2, [r3, #96]
 194 0062 1B6E     		ldr	r3, [r3, #96]
 195 0064 03F48053 		and	r3, r3, #4096
 196 0068 0093     		str	r3, [sp]
 197 006a 009B     		ldr	r3, [sp]
 198 006c 06B0     		add	sp, sp, #24
 199              		@ sp needed
 200 006e 10BD     		pop	{r4, pc}
 201              	.L21:
 202 0070 0A49     		ldr	r1, .L24+8
 203 0072 0B48     		ldr	r0, .L24+12
 204 0074 FFF7FEFF 		bl	hal_trace_print_var
 205 0078 0A48     		ldr	r0, .L24+16
 206 007a FFF7FEFF 		bl	hal_trace_print_var
 207 007e 0A48     		ldr	r0, .L24+20
 208 0080 FFF7FEFF 		bl	hal_trace_print_var
 209 0084 0748     		ldr	r0, .L24+16
 210 0086 FFF7FEFF 		bl	hal_trace_print_var
 211 008a 06B0     		add	sp, sp, #24
 212              		@ sp needed
 213 008c BDE81040 		pop	{r4, lr}
 214 0090 FFF7FEBF 		b	hal_mcu_reset
 215              	.L25:
 216              		.align	2
 217              	.L24:
 218 0094 00000000 		.word	.LANCHOR0
 219 0098 00100240 		.word	1073876992
 220 009c 00000000 		.word	.LANCHOR2
 221 00a0 00000000 		.word	.LC0
 222 00a4 1C000000 		.word	.LC1
 223 00a8 21000000 		.word	.LC2
 225              		.section	.text.HAL_SPI_MspDeInit,"ax",%progbits
 226              		.align	1
 227              		.global	HAL_SPI_MspDeInit
ARM GAS  /tmp/ccUoGmfg.s 			page 5


 228              		.syntax unified
 229              		.thumb
 230              		.thumb_func
 231              		.fpu fpv4-sp-d16
 233              	HAL_SPI_MspDeInit:
 234              		@ args = 0, pretend = 0, frame = 32
 235              		@ frame_needed = 0, uses_anonymous_args = 0
 236 0000 70B5     		push	{r4, r5, r6, lr}
 237 0002 264D     		ldr	r5, .L30
 238 0004 0268     		ldr	r2, [r0]
 239 0006 2B68     		ldr	r3, [r5]
 240 0008 9A42     		cmp	r2, r3
 241 000a 88B0     		sub	sp, sp, #32
 242 000c 33D1     		bne	.L27
 243 000e 244A     		ldr	r2, .L30+4
 244 0010 136E     		ldr	r3, [r2, #96]
 245 0012 23F48053 		bic	r3, r3, #4096
 246 0016 1366     		str	r3, [r2, #96]
 247 0018 95F96800 		ldrsb	r0, [r5, #104]
 248 001c 0323     		movs	r3, #3
 249 001e 0493     		str	r3, [sp, #16]
 250 0020 95F86930 		ldrb	r3, [r5, #105]	@ zero_extendqisi2
 251 0024 8001     		lsls	r0, r0, #6
 252 0026 0124     		movs	r4, #1
 253 0028 00F47050 		and	r0, r0, #15360
 254 002c 03F00F03 		and	r3, r3, #15
 255 0030 0026     		movs	r6, #0
 256 0032 04FA03F3 		lsl	r3, r4, r3
 257 0036 00F19040 		add	r0, r0, #1207959552
 258 003a 03A9     		add	r1, sp, #12
 259 003c 0393     		str	r3, [sp, #12]
 260 003e 0190     		str	r0, [sp, #4]
 261 0040 CDE90566 		strd	r6, r6, [sp, #20]
 262 0044 0796     		str	r6, [sp, #28]
 263 0046 FFF7FEFF 		bl	HAL_GPIO_Init
 264 004a 0223     		movs	r3, #2
 265 004c 95F86A20 		ldrb	r2, [r5, #106]	@ zero_extendqisi2
 266 0050 0593     		str	r3, [sp, #20]
 267 0052 95F86830 		ldrb	r3, [r5, #104]	@ zero_extendqisi2
 268 0056 0198     		ldr	r0, [sp, #4]
 269 0058 0496     		str	r6, [sp, #16]
 270 005a 02F00F02 		and	r2, r2, #15
 271 005e 03F00F03 		and	r3, r3, #15
 272 0062 04FA03F3 		lsl	r3, r4, r3
 273 0066 9440     		lsls	r4, r4, r2
 274 0068 2343     		orrs	r3, r3, r4
 275 006a 03A9     		add	r1, sp, #12
 276 006c 0393     		str	r3, [sp, #12]
 277 006e FFF7FEFF 		bl	HAL_GPIO_Init
 278 0072 08B0     		add	sp, sp, #32
 279              		@ sp needed
 280 0074 70BD     		pop	{r4, r5, r6, pc}
 281              	.L27:
 282 0076 0B49     		ldr	r1, .L30+8
 283 0078 0B48     		ldr	r0, .L30+12
 284 007a FFF7FEFF 		bl	hal_trace_print_var
 285 007e 0B48     		ldr	r0, .L30+16
ARM GAS  /tmp/ccUoGmfg.s 			page 6


 286 0080 FFF7FEFF 		bl	hal_trace_print_var
 287 0084 0A48     		ldr	r0, .L30+20
 288 0086 FFF7FEFF 		bl	hal_trace_print_var
 289 008a 0848     		ldr	r0, .L30+16
 290 008c FFF7FEFF 		bl	hal_trace_print_var
 291 0090 08B0     		add	sp, sp, #32
 292              		@ sp needed
 293 0092 BDE87040 		pop	{r4, r5, r6, lr}
 294 0096 FFF7FEBF 		b	hal_mcu_reset
 295              	.L31:
 296 009a 00BF     		.align	2
 297              	.L30:
 298 009c 00000000 		.word	.LANCHOR0
 299 00a0 00100240 		.word	1073876992
 300 00a4 00000000 		.word	.LANCHOR3
 301 00a8 00000000 		.word	.LC0
 302 00ac 1C000000 		.word	.LC1
 303 00b0 21000000 		.word	.LC2
 305              		.section	.data.spi_periph,"aw"
 306              		.align	2
 307              		.set	.LANCHOR0,. + 0
 310              	spi_periph:
 311 0000 00300140 		.word	1073819648
 312 0004 00000000 		.word	0
 313 0008 00000000 		.space	96
 313      00000000 
 313      00000000 
 313      00000000 
 313      00000000 
 314 0068 FF       		.byte	-1
 315 0069 FF       		.byte	-1
 316 006a FF       		.byte	-1
 317 006b 00       		.space	1
 318              		.section	.rodata.__func__.0,"a"
 319              		.set	.LANCHOR3,. + 0
 322              	__func__.0:
 323 0000 48414C5F 		.ascii	"HAL_SPI_MspDeInit\000"
 323      5350495F 
 323      4D737044 
 323      65496E69 
 323      7400
 324              		.section	.rodata.__func__.1,"a"
 325              		.set	.LANCHOR2,. + 0
 328              	__func__.1:
 329 0000 48414C5F 		.ascii	"HAL_SPI_MspInit\000"
 329      5350495F 
 329      4D737049 
 329      6E697400 
 330              		.section	.rodata.__func__.2,"a"
 331              		.set	.LANCHOR1,. + 0
 334              	__func__.2:
 335 0000 68616C5F 		.ascii	"hal_spi_init\000"
 335      7370695F 
 335      696E6974 
 335      00
 336              		.ident	"GCC: (15:10.3-2021.07-4) 10.3.1 20210621 (release)"
ARM GAS  /tmp/ccUoGmfg.s 			page 7


DEFINED SYMBOLS
                            *ABS*:0000000000000000 smtc_hal_spi.c
     /tmp/ccUoGmfg.s:21     .text.hal_spi_init:0000000000000000 $t
     /tmp/ccUoGmfg.s:29     .text.hal_spi_init:0000000000000000 hal_spi_init
     /tmp/ccUoGmfg.s:81     .text.hal_spi_init:0000000000000088 $d
     /tmp/ccUoGmfg.s:88     .text.hal_spi_de_init:0000000000000000 $t
     /tmp/ccUoGmfg.s:95     .text.hal_spi_de_init:0000000000000000 hal_spi_de_init
     /tmp/ccUoGmfg.s:108    .text.hal_spi_de_init:0000000000000010 $d
     /tmp/ccUoGmfg.s:111    .text.hal_spi_in_out:0000000000000000 $t
     /tmp/ccUoGmfg.s:118    .text.hal_spi_in_out:0000000000000000 hal_spi_in_out
     /tmp/ccUoGmfg.s:146    .text.hal_spi_in_out:0000000000000028 $d
     /tmp/ccUoGmfg.s:149    .text.HAL_SPI_MspInit:0000000000000000 $t
     /tmp/ccUoGmfg.s:156    .text.HAL_SPI_MspInit:0000000000000000 HAL_SPI_MspInit
     /tmp/ccUoGmfg.s:218    .text.HAL_SPI_MspInit:0000000000000094 $d
     /tmp/ccUoGmfg.s:226    .text.HAL_SPI_MspDeInit:0000000000000000 $t
     /tmp/ccUoGmfg.s:233    .text.HAL_SPI_MspDeInit:0000000000000000 HAL_SPI_MspDeInit
     /tmp/ccUoGmfg.s:298    .text.HAL_SPI_MspDeInit:000000000000009c $d
     /tmp/ccUoGmfg.s:306    .data.spi_periph:0000000000000000 $d
     /tmp/ccUoGmfg.s:310    .data.spi_periph:0000000000000000 spi_periph
     /tmp/ccUoGmfg.s:322    .rodata.__func__.0:0000000000000000 __func__.0
     /tmp/ccUoGmfg.s:328    .rodata.__func__.1:0000000000000000 __func__.1
     /tmp/ccUoGmfg.s:334    .rodata.__func__.2:0000000000000000 __func__.2

UNDEFINED SYMBOLS
HAL_SPI_Init
hal_trace_print_var
hal_mcu_reset
HAL_SPI_DeInit
HAL_GPIO_Init
