ARM GAS  /tmp/ccFwB6G6.s 			page 1


   1              		.cpu cortex-m4
   2              		.eabi_attribute 27, 1
   3              		.eabi_attribute 28, 1
   4              		.eabi_attribute 23, 1
   5              		.eabi_attribute 24, 1
   6              		.eabi_attribute 25, 1
   7              		.eabi_attribute 26, 1
   8              		.eabi_attribute 30, 4
   9              		.eabi_attribute 34, 1
  10              		.eabi_attribute 18, 4
  11              		.file	"stm32l4xx_hal_cortex.c"
  12              		.text
  13              		.section	.text.HAL_NVIC_SetPriorityGrouping,"ax",%progbits
  14              		.align	1
  15              		.global	HAL_NVIC_SetPriorityGrouping
  16              		.arch armv7e-m
  17              		.syntax unified
  18              		.thumb
  19              		.thumb_func
  20              		.fpu fpv4-sp-d16
  22              	HAL_NVIC_SetPriorityGrouping:
  23              		@ args = 0, pretend = 0, frame = 0
  24              		@ frame_needed = 0, uses_anonymous_args = 0
  25              		@ link register save eliminated.
  26 0000 0749     		ldr	r1, .L2
  27 0002 CA68     		ldr	r2, [r1, #12]
  28 0004 22F4E062 		bic	r2, r2, #1792
  29 0008 0302     		lsls	r3, r0, #8
  30 000a 1204     		lsls	r2, r2, #16
  31 000c 03F4E063 		and	r3, r3, #1792
  32 0010 120C     		lsrs	r2, r2, #16
  33 0012 1343     		orrs	r3, r3, r2
  34 0014 43F0BF63 		orr	r3, r3, #100139008
  35 0018 43F40033 		orr	r3, r3, #131072
  36 001c CB60     		str	r3, [r1, #12]
  37 001e 7047     		bx	lr
  38              	.L3:
  39              		.align	2
  40              	.L2:
  41 0020 00ED00E0 		.word	-536810240
  43              		.section	.text.HAL_NVIC_SetPriority,"ax",%progbits
  44              		.align	1
  45              		.global	HAL_NVIC_SetPriority
  46              		.syntax unified
  47              		.thumb
  48              		.thumb_func
  49              		.fpu fpv4-sp-d16
  51              	HAL_NVIC_SetPriority:
  52              		@ args = 0, pretend = 0, frame = 0
  53              		@ frame_needed = 0, uses_anonymous_args = 0
  54 0000 164B     		ldr	r3, .L9
  55 0002 30B5     		push	{r4, r5, lr}
  56 0004 DC68     		ldr	r4, [r3, #12]
  57 0006 C4F30224 		ubfx	r4, r4, #8, #3
  58 000a C4F10705 		rsb	r5, r4, #7
  59 000e 231D     		adds	r3, r4, #4
  60 0010 042D     		cmp	r5, #4
ARM GAS  /tmp/ccFwB6G6.s 			page 2


  61 0012 28BF     		it	cs
  62 0014 0425     		movcs	r5, #4
  63 0016 062B     		cmp	r3, #6
  64 0018 4FF0FF33 		mov	r3, #-1
  65 001c 8CBF     		ite	hi
  66 001e 033C     		subhi	r4, r4, #3
  67 0020 0024     		movls	r4, #0
  68 0022 03FA05F5 		lsl	r5, r3, r5
  69 0026 21EA0501 		bic	r1, r1, r5
  70 002a A340     		lsls	r3, r3, r4
  71 002c 22EA0302 		bic	r2, r2, r3
  72 0030 A140     		lsls	r1, r1, r4
  73 0032 0028     		cmp	r0, #0
  74 0034 41EA0203 		orr	r3, r1, r2
  75 0038 ACBF     		ite	ge
  76 003a 00F16040 		addge	r0, r0, #-536870912
  77 003e 084A     		ldrlt	r2, .L9+4
  78 0040 4FEA0313 		lsl	r3, r3, #4
  79 0044 B8BF     		it	lt
  80 0046 00F00F00 		andlt	r0, r0, #15
  81 004a DBB2     		uxtb	r3, r3
  82 004c AABF     		itet	ge
  83 004e 00F56140 		addge	r0, r0, #57600
  84 0052 1354     		strblt	r3, [r2, r0]
  85 0054 80F80033 		strbge	r3, [r0, #768]
  86 0058 30BD     		pop	{r4, r5, pc}
  87              	.L10:
  88 005a 00BF     		.align	2
  89              	.L9:
  90 005c 00ED00E0 		.word	-536810240
  91 0060 14ED00E0 		.word	-536810220
  93              		.section	.text.HAL_NVIC_EnableIRQ,"ax",%progbits
  94              		.align	1
  95              		.global	HAL_NVIC_EnableIRQ
  96              		.syntax unified
  97              		.thumb
  98              		.thumb_func
  99              		.fpu fpv4-sp-d16
 101              	HAL_NVIC_EnableIRQ:
 102              		@ args = 0, pretend = 0, frame = 0
 103              		@ frame_needed = 0, uses_anonymous_args = 0
 104              		@ link register save eliminated.
 105 0000 0028     		cmp	r0, #0
 106 0002 08DB     		blt	.L11
 107 0004 0123     		movs	r3, #1
 108 0006 4209     		lsrs	r2, r0, #5
 109 0008 00F01F00 		and	r0, r0, #31
 110 000c 03FA00F0 		lsl	r0, r3, r0
 111 0010 014B     		ldr	r3, .L13
 112 0012 43F82200 		str	r0, [r3, r2, lsl #2]
 113              	.L11:
 114 0016 7047     		bx	lr
 115              	.L14:
 116              		.align	2
 117              	.L13:
 118 0018 00E100E0 		.word	-536813312
 120              		.section	.text.HAL_NVIC_DisableIRQ,"ax",%progbits
ARM GAS  /tmp/ccFwB6G6.s 			page 3


 121              		.align	1
 122              		.global	HAL_NVIC_DisableIRQ
 123              		.syntax unified
 124              		.thumb
 125              		.thumb_func
 126              		.fpu fpv4-sp-d16
 128              	HAL_NVIC_DisableIRQ:
 129              		@ args = 0, pretend = 0, frame = 0
 130              		@ frame_needed = 0, uses_anonymous_args = 0
 131              		@ link register save eliminated.
 132 0000 0028     		cmp	r0, #0
 133 0002 0DDB     		blt	.L15
 134 0004 4309     		lsrs	r3, r0, #5
 135 0006 0122     		movs	r2, #1
 136 0008 00F01F00 		and	r0, r0, #31
 137 000c 02FA00F0 		lsl	r0, r2, r0
 138 0010 2033     		adds	r3, r3, #32
 139 0012 044A     		ldr	r2, .L17
 140 0014 42F82300 		str	r0, [r2, r3, lsl #2]
 141              		.syntax unified
 142              	@ 946 "mcu_drivers/cmsis/Core/Include/cmsis_gcc.h" 1
 143 0018 BFF34F8F 		dsb 0xF
 144              	@ 0 "" 2
 145              	@ 935 "mcu_drivers/cmsis/Core/Include/cmsis_gcc.h" 1
 146 001c BFF36F8F 		isb 0xF
 147              	@ 0 "" 2
 148              		.thumb
 149              		.syntax unified
 150              	.L15:
 151 0020 7047     		bx	lr
 152              	.L18:
 153 0022 00BF     		.align	2
 154              	.L17:
 155 0024 00E100E0 		.word	-536813312
 157              		.section	.text.HAL_NVIC_SystemReset,"ax",%progbits
 158              		.align	1
 159              		.global	HAL_NVIC_SystemReset
 160              		.syntax unified
 161              		.thumb
 162              		.thumb_func
 163              		.fpu fpv4-sp-d16
 165              	HAL_NVIC_SystemReset:
 166              		@ Volatile: function does not return.
 167              		@ args = 0, pretend = 0, frame = 0
 168              		@ frame_needed = 0, uses_anonymous_args = 0
 169              		@ link register save eliminated.
 170              		.syntax unified
 171              	@ 946 "mcu_drivers/cmsis/Core/Include/cmsis_gcc.h" 1
 172 0000 BFF34F8F 		dsb 0xF
 173              	@ 0 "" 2
 174              		.thumb
 175              		.syntax unified
 176 0004 0549     		ldr	r1, .L21
 177 0006 064B     		ldr	r3, .L21+4
 178 0008 CA68     		ldr	r2, [r1, #12]
 179 000a 02F4E062 		and	r2, r2, #1792
 180 000e 1343     		orrs	r3, r3, r2
ARM GAS  /tmp/ccFwB6G6.s 			page 4


 181 0010 CB60     		str	r3, [r1, #12]
 182              		.syntax unified
 183              	@ 946 "mcu_drivers/cmsis/Core/Include/cmsis_gcc.h" 1
 184 0012 BFF34F8F 		dsb 0xF
 185              	@ 0 "" 2
 186              		.thumb
 187              		.syntax unified
 188              	.L20:
 189              		.syntax unified
 190              	@ 1944 "mcu_drivers/cmsis/Core/Include/core_cm4.h" 1
 191 0016 00BF     		nop
 192              	@ 0 "" 2
 193              		.thumb
 194              		.syntax unified
 195 0018 FDE7     		b	.L20
 196              	.L22:
 197 001a 00BF     		.align	2
 198              	.L21:
 199 001c 00ED00E0 		.word	-536810240
 200 0020 0400FA05 		.word	100270084
 202              		.section	.text.HAL_SYSTICK_Config,"ax",%progbits
 203              		.align	1
 204              		.global	HAL_SYSTICK_Config
 205              		.syntax unified
 206              		.thumb
 207              		.thumb_func
 208              		.fpu fpv4-sp-d16
 210              	HAL_SYSTICK_Config:
 211              		@ args = 0, pretend = 0, frame = 0
 212              		@ frame_needed = 0, uses_anonymous_args = 0
 213              		@ link register save eliminated.
 214 0000 0138     		subs	r0, r0, #1
 215 0002 B0F1807F 		cmp	r0, #16777216
 216 0006 0BD2     		bcs	.L25
 217 0008 4FF0E023 		mov	r3, #-536813568
 218 000c 054A     		ldr	r2, .L26
 219 000e 5861     		str	r0, [r3, #20]
 220 0010 F021     		movs	r1, #240
 221 0012 82F82310 		strb	r1, [r2, #35]
 222 0016 0020     		movs	r0, #0
 223 0018 0722     		movs	r2, #7
 224 001a 9861     		str	r0, [r3, #24]
 225 001c 1A61     		str	r2, [r3, #16]
 226 001e 7047     		bx	lr
 227              	.L25:
 228 0020 0120     		movs	r0, #1
 229 0022 7047     		bx	lr
 230              	.L27:
 231              		.align	2
 232              	.L26:
 233 0024 00ED00E0 		.word	-536810240
 235              		.section	.text.HAL_NVIC_GetPriorityGrouping,"ax",%progbits
 236              		.align	1
 237              		.global	HAL_NVIC_GetPriorityGrouping
 238              		.syntax unified
 239              		.thumb
 240              		.thumb_func
ARM GAS  /tmp/ccFwB6G6.s 			page 5


 241              		.fpu fpv4-sp-d16
 243              	HAL_NVIC_GetPriorityGrouping:
 244              		@ args = 0, pretend = 0, frame = 0
 245              		@ frame_needed = 0, uses_anonymous_args = 0
 246              		@ link register save eliminated.
 247 0000 024B     		ldr	r3, .L29
 248 0002 D868     		ldr	r0, [r3, #12]
 249 0004 C0F30220 		ubfx	r0, r0, #8, #3
 250 0008 7047     		bx	lr
 251              	.L30:
 252 000a 00BF     		.align	2
 253              	.L29:
 254 000c 00ED00E0 		.word	-536810240
 256              		.section	.text.HAL_NVIC_GetPriority,"ax",%progbits
 257              		.align	1
 258              		.global	HAL_NVIC_GetPriority
 259              		.syntax unified
 260              		.thumb
 261              		.thumb_func
 262              		.fpu fpv4-sp-d16
 264              	HAL_NVIC_GetPriority:
 265              		@ args = 0, pretend = 0, frame = 0
 266              		@ frame_needed = 0, uses_anonymous_args = 0
 267 0000 70B5     		push	{r4, r5, r6, lr}
 268 0002 0028     		cmp	r0, #0
 269 0004 AEBF     		itee	ge
 270 0006 00F16040 		addge	r0, r0, #-536870912
 271 000a 134C     		ldrlt	r4, .L37
 272 000c 00F00F00 		andlt	r0, r0, #15
 273 0010 01F00701 		and	r1, r1, #7
 274 0014 AABF     		itet	ge
 275 0016 00F56140 		addge	r0, r0, #57600
 276 001a 205C     		ldrblt	r0, [r4, r0]	@ zero_extendqisi2
 277 001c 90F80003 		ldrbge	r0, [r0, #768]	@ zero_extendqisi2
 278 0020 C1F10704 		rsb	r4, r1, #7
 279 0024 0D1D     		adds	r5, r1, #4
 280 0026 042C     		cmp	r4, #4
 281 0028 28BF     		it	cs
 282 002a 0424     		movcs	r4, #4
 283 002c 062D     		cmp	r5, #6
 284 002e 4FEA1010 		lsr	r0, r0, #4
 285 0032 8CBF     		ite	hi
 286 0034 0339     		subhi	r1, r1, #3
 287 0036 0021     		movls	r1, #0
 288 0038 4FF0FF35 		mov	r5, #-1
 289 003c 20FA01F6 		lsr	r6, r0, r1
 290 0040 05FA04F4 		lsl	r4, r5, r4
 291 0044 05FA01F1 		lsl	r1, r5, r1
 292 0048 26EA0404 		bic	r4, r6, r4
 293 004c 20EA0100 		bic	r0, r0, r1
 294 0050 1460     		str	r4, [r2]
 295 0052 1860     		str	r0, [r3]
 296 0054 70BD     		pop	{r4, r5, r6, pc}
 297              	.L38:
 298 0056 00BF     		.align	2
 299              	.L37:
 300 0058 14ED00E0 		.word	-536810220
ARM GAS  /tmp/ccFwB6G6.s 			page 6


 302              		.section	.text.HAL_NVIC_SetPendingIRQ,"ax",%progbits
 303              		.align	1
 304              		.global	HAL_NVIC_SetPendingIRQ
 305              		.syntax unified
 306              		.thumb
 307              		.thumb_func
 308              		.fpu fpv4-sp-d16
 310              	HAL_NVIC_SetPendingIRQ:
 311              		@ args = 0, pretend = 0, frame = 0
 312              		@ frame_needed = 0, uses_anonymous_args = 0
 313              		@ link register save eliminated.
 314 0000 0028     		cmp	r0, #0
 315 0002 09DB     		blt	.L39
 316 0004 4309     		lsrs	r3, r0, #5
 317 0006 0122     		movs	r2, #1
 318 0008 00F01F00 		and	r0, r0, #31
 319 000c 02FA00F0 		lsl	r0, r2, r0
 320 0010 4033     		adds	r3, r3, #64
 321 0012 024A     		ldr	r2, .L41
 322 0014 42F82300 		str	r0, [r2, r3, lsl #2]
 323              	.L39:
 324 0018 7047     		bx	lr
 325              	.L42:
 326 001a 00BF     		.align	2
 327              	.L41:
 328 001c 00E100E0 		.word	-536813312
 330              		.section	.text.HAL_NVIC_GetPendingIRQ,"ax",%progbits
 331              		.align	1
 332              		.global	HAL_NVIC_GetPendingIRQ
 333              		.syntax unified
 334              		.thumb
 335              		.thumb_func
 336              		.fpu fpv4-sp-d16
 338              	HAL_NVIC_GetPendingIRQ:
 339              		@ args = 0, pretend = 0, frame = 0
 340              		@ frame_needed = 0, uses_anonymous_args = 0
 341              		@ link register save eliminated.
 342 0000 0028     		cmp	r0, #0
 343 0002 A1BF     		itttt	ge
 344 0004 4309     		lsrge	r3, r0, #5
 345 0006 4033     		addge	r3, r3, #64
 346 0008 054A     		ldrge	r2, .L46
 347 000a 52F82330 		ldrge	r3, [r2, r3, lsl #2]
 348 000e A3BF     		ittte	ge
 349 0010 00F01F00 		andge	r0, r0, #31
 350 0014 23FA00F0 		lsrge	r0, r3, r0
 351 0018 00F00100 		andge	r0, r0, #1
 352 001c 0020     		movlt	r0, #0
 353 001e 7047     		bx	lr
 354              	.L47:
 355              		.align	2
 356              	.L46:
 357 0020 00E100E0 		.word	-536813312
 359              		.section	.text.HAL_NVIC_ClearPendingIRQ,"ax",%progbits
 360              		.align	1
 361              		.global	HAL_NVIC_ClearPendingIRQ
 362              		.syntax unified
ARM GAS  /tmp/ccFwB6G6.s 			page 7


 363              		.thumb
 364              		.thumb_func
 365              		.fpu fpv4-sp-d16
 367              	HAL_NVIC_ClearPendingIRQ:
 368              		@ args = 0, pretend = 0, frame = 0
 369              		@ frame_needed = 0, uses_anonymous_args = 0
 370              		@ link register save eliminated.
 371 0000 0028     		cmp	r0, #0
 372 0002 09DB     		blt	.L48
 373 0004 4309     		lsrs	r3, r0, #5
 374 0006 0122     		movs	r2, #1
 375 0008 00F01F00 		and	r0, r0, #31
 376 000c 02FA00F0 		lsl	r0, r2, r0
 377 0010 6033     		adds	r3, r3, #96
 378 0012 024A     		ldr	r2, .L50
 379 0014 42F82300 		str	r0, [r2, r3, lsl #2]
 380              	.L48:
 381 0018 7047     		bx	lr
 382              	.L51:
 383 001a 00BF     		.align	2
 384              	.L50:
 385 001c 00E100E0 		.word	-536813312
 387              		.section	.text.HAL_NVIC_GetActive,"ax",%progbits
 388              		.align	1
 389              		.global	HAL_NVIC_GetActive
 390              		.syntax unified
 391              		.thumb
 392              		.thumb_func
 393              		.fpu fpv4-sp-d16
 395              	HAL_NVIC_GetActive:
 396              		@ args = 0, pretend = 0, frame = 0
 397              		@ frame_needed = 0, uses_anonymous_args = 0
 398              		@ link register save eliminated.
 399 0000 0028     		cmp	r0, #0
 400 0002 A1BF     		itttt	ge
 401 0004 4309     		lsrge	r3, r0, #5
 402 0006 8033     		addge	r3, r3, #128
 403 0008 054A     		ldrge	r2, .L55
 404 000a 52F82330 		ldrge	r3, [r2, r3, lsl #2]
 405 000e A3BF     		ittte	ge
 406 0010 00F01F00 		andge	r0, r0, #31
 407 0014 23FA00F0 		lsrge	r0, r3, r0
 408 0018 00F00100 		andge	r0, r0, #1
 409 001c 0020     		movlt	r0, #0
 410 001e 7047     		bx	lr
 411              	.L56:
 412              		.align	2
 413              	.L55:
 414 0020 00E100E0 		.word	-536813312
 416              		.section	.text.HAL_SYSTICK_CLKSourceConfig,"ax",%progbits
 417              		.align	1
 418              		.global	HAL_SYSTICK_CLKSourceConfig
 419              		.syntax unified
 420              		.thumb
 421              		.thumb_func
 422              		.fpu fpv4-sp-d16
 424              	HAL_SYSTICK_CLKSourceConfig:
ARM GAS  /tmp/ccFwB6G6.s 			page 8


 425              		@ args = 0, pretend = 0, frame = 0
 426              		@ frame_needed = 0, uses_anonymous_args = 0
 427              		@ link register save eliminated.
 428 0000 4FF0E023 		mov	r3, #-536813568
 429 0004 0428     		cmp	r0, #4
 430 0006 1A69     		ldr	r2, [r3, #16]
 431 0008 0CBF     		ite	eq
 432 000a 42F00402 		orreq	r2, r2, #4
 433 000e 22F00402 		bicne	r2, r2, #4
 434 0012 1A61     		str	r2, [r3, #16]
 435 0014 7047     		bx	lr
 437              		.section	.text.HAL_SYSTICK_Callback,"ax",%progbits
 438              		.align	1
 439              		.weak	HAL_SYSTICK_Callback
 440              		.syntax unified
 441              		.thumb
 442              		.thumb_func
 443              		.fpu fpv4-sp-d16
 445              	HAL_SYSTICK_Callback:
 446              		@ args = 0, pretend = 0, frame = 0
 447              		@ frame_needed = 0, uses_anonymous_args = 0
 448              		@ link register save eliminated.
 449 0000 7047     		bx	lr
 451              		.section	.text.HAL_SYSTICK_IRQHandler,"ax",%progbits
 452              		.align	1
 453              		.global	HAL_SYSTICK_IRQHandler
 454              		.syntax unified
 455              		.thumb
 456              		.thumb_func
 457              		.fpu fpv4-sp-d16
 459              	HAL_SYSTICK_IRQHandler:
 460              		@ args = 0, pretend = 0, frame = 0
 461              		@ frame_needed = 0, uses_anonymous_args = 0
 462 0000 08B5     		push	{r3, lr}
 463 0002 FFF7FEFF 		bl	HAL_SYSTICK_Callback
 464 0006 08BD     		pop	{r3, pc}
 466              		.section	.text.HAL_MPU_Enable,"ax",%progbits
 467              		.align	1
 468              		.global	HAL_MPU_Enable
 469              		.syntax unified
 470              		.thumb
 471              		.thumb_func
 472              		.fpu fpv4-sp-d16
 474              	HAL_MPU_Enable:
 475              		@ args = 0, pretend = 0, frame = 0
 476              		@ frame_needed = 0, uses_anonymous_args = 0
 477              		@ link register save eliminated.
 478 0000 044B     		ldr	r3, .L64
 479 0002 40F00100 		orr	r0, r0, #1
 480 0006 C3F89400 		str	r0, [r3, #148]
 481              		.syntax unified
 482              	@ 946 "mcu_drivers/cmsis/Core/Include/cmsis_gcc.h" 1
 483 000a BFF34F8F 		dsb 0xF
 484              	@ 0 "" 2
 485              	@ 935 "mcu_drivers/cmsis/Core/Include/cmsis_gcc.h" 1
 486 000e BFF36F8F 		isb 0xF
 487              	@ 0 "" 2
ARM GAS  /tmp/ccFwB6G6.s 			page 9


 488              		.thumb
 489              		.syntax unified
 490 0012 7047     		bx	lr
 491              	.L65:
 492              		.align	2
 493              	.L64:
 494 0014 00ED00E0 		.word	-536810240
 496              		.section	.text.HAL_MPU_Disable,"ax",%progbits
 497              		.align	1
 498              		.global	HAL_MPU_Disable
 499              		.syntax unified
 500              		.thumb
 501              		.thumb_func
 502              		.fpu fpv4-sp-d16
 504              	HAL_MPU_Disable:
 505              		@ args = 0, pretend = 0, frame = 0
 506              		@ frame_needed = 0, uses_anonymous_args = 0
 507              		@ link register save eliminated.
 508              		.syntax unified
 509              	@ 957 "mcu_drivers/cmsis/Core/Include/cmsis_gcc.h" 1
 510 0000 BFF35F8F 		dmb 0xF
 511              	@ 0 "" 2
 512              		.thumb
 513              		.syntax unified
 514 0004 024B     		ldr	r3, .L67
 515 0006 0022     		movs	r2, #0
 516 0008 C3F89420 		str	r2, [r3, #148]
 517 000c 7047     		bx	lr
 518              	.L68:
 519 000e 00BF     		.align	2
 520              	.L67:
 521 0010 00ED00E0 		.word	-536810240
 523              		.section	.text.HAL_MPU_ConfigRegion,"ax",%progbits
 524              		.align	1
 525              		.global	HAL_MPU_ConfigRegion
 526              		.syntax unified
 527              		.thumb
 528              		.thumb_func
 529              		.fpu fpv4-sp-d16
 531              	HAL_MPU_ConfigRegion:
 532              		@ args = 0, pretend = 0, frame = 0
 533              		@ frame_needed = 0, uses_anonymous_args = 0
 534 0000 144A     		ldr	r2, .L72
 535 0002 4378     		ldrb	r3, [r0, #1]	@ zero_extendqisi2
 536 0004 10B5     		push	{r4, lr}
 537 0006 C2F89830 		str	r3, [r2, #152]
 538 000a 0178     		ldrb	r1, [r0]	@ zero_extendqisi2
 539 000c E9B1     		cbz	r1, .L70
 540 000e 4368     		ldr	r3, [r0, #4]
 541 0010 C2F89C30 		str	r3, [r2, #156]
 542 0014 C37A     		ldrb	r3, [r0, #11]	@ zero_extendqisi2
 543 0016 047B     		ldrb	r4, [r0, #12]	@ zero_extendqisi2
 544 0018 1B06     		lsls	r3, r3, #24
 545 001a 43EA0473 		orr	r3, r3, r4, lsl #28
 546 001e 0B43     		orrs	r3, r3, r1
 547 0020 817A     		ldrb	r1, [r0, #10]	@ zero_extendqisi2
 548 0022 43EAC143 		orr	r3, r3, r1, lsl #19
ARM GAS  /tmp/ccFwB6G6.s 			page 10


 549 0026 417B     		ldrb	r1, [r0, #13]	@ zero_extendqisi2
 550 0028 43EA8143 		orr	r3, r3, r1, lsl #18
 551 002c 817B     		ldrb	r1, [r0, #14]	@ zero_extendqisi2
 552 002e 43EA4143 		orr	r3, r3, r1, lsl #17
 553 0032 C17B     		ldrb	r1, [r0, #15]	@ zero_extendqisi2
 554 0034 43EA0143 		orr	r3, r3, r1, lsl #16
 555 0038 417A     		ldrb	r1, [r0, #9]	@ zero_extendqisi2
 556 003a 43EA0123 		orr	r3, r3, r1, lsl #8
 557 003e 017A     		ldrb	r1, [r0, #8]	@ zero_extendqisi2
 558 0040 43EA4103 		orr	r3, r3, r1, lsl #1
 559 0044 C2F8A030 		str	r3, [r2, #160]
 560              	.L69:
 561 0048 10BD     		pop	{r4, pc}
 562              	.L70:
 563 004a C2F89C10 		str	r1, [r2, #156]
 564 004e C2F8A010 		str	r1, [r2, #160]
 565 0052 F9E7     		b	.L69
 566              	.L73:
 567              		.align	2
 568              	.L72:
 569 0054 00ED00E0 		.word	-536810240
 571              		.ident	"GCC: (15:10.3-2021.07-4) 10.3.1 20210621 (release)"
ARM GAS  /tmp/ccFwB6G6.s 			page 11


DEFINED SYMBOLS
                            *ABS*:0000000000000000 stm32l4xx_hal_cortex.c
     /tmp/ccFwB6G6.s:14     .text.HAL_NVIC_SetPriorityGrouping:0000000000000000 $t
     /tmp/ccFwB6G6.s:22     .text.HAL_NVIC_SetPriorityGrouping:0000000000000000 HAL_NVIC_SetPriorityGrouping
     /tmp/ccFwB6G6.s:41     .text.HAL_NVIC_SetPriorityGrouping:0000000000000020 $d
     /tmp/ccFwB6G6.s:44     .text.HAL_NVIC_SetPriority:0000000000000000 $t
     /tmp/ccFwB6G6.s:51     .text.HAL_NVIC_SetPriority:0000000000000000 HAL_NVIC_SetPriority
     /tmp/ccFwB6G6.s:90     .text.HAL_NVIC_SetPriority:000000000000005c $d
     /tmp/ccFwB6G6.s:94     .text.HAL_NVIC_EnableIRQ:0000000000000000 $t
     /tmp/ccFwB6G6.s:101    .text.HAL_NVIC_EnableIRQ:0000000000000000 HAL_NVIC_EnableIRQ
     /tmp/ccFwB6G6.s:118    .text.HAL_NVIC_EnableIRQ:0000000000000018 $d
     /tmp/ccFwB6G6.s:121    .text.HAL_NVIC_DisableIRQ:0000000000000000 $t
     /tmp/ccFwB6G6.s:128    .text.HAL_NVIC_DisableIRQ:0000000000000000 HAL_NVIC_DisableIRQ
     /tmp/ccFwB6G6.s:155    .text.HAL_NVIC_DisableIRQ:0000000000000024 $d
     /tmp/ccFwB6G6.s:158    .text.HAL_NVIC_SystemReset:0000000000000000 $t
     /tmp/ccFwB6G6.s:165    .text.HAL_NVIC_SystemReset:0000000000000000 HAL_NVIC_SystemReset
     /tmp/ccFwB6G6.s:199    .text.HAL_NVIC_SystemReset:000000000000001c $d
     /tmp/ccFwB6G6.s:203    .text.HAL_SYSTICK_Config:0000000000000000 $t
     /tmp/ccFwB6G6.s:210    .text.HAL_SYSTICK_Config:0000000000000000 HAL_SYSTICK_Config
     /tmp/ccFwB6G6.s:233    .text.HAL_SYSTICK_Config:0000000000000024 $d
     /tmp/ccFwB6G6.s:236    .text.HAL_NVIC_GetPriorityGrouping:0000000000000000 $t
     /tmp/ccFwB6G6.s:243    .text.HAL_NVIC_GetPriorityGrouping:0000000000000000 HAL_NVIC_GetPriorityGrouping
     /tmp/ccFwB6G6.s:254    .text.HAL_NVIC_GetPriorityGrouping:000000000000000c $d
     /tmp/ccFwB6G6.s:257    .text.HAL_NVIC_GetPriority:0000000000000000 $t
     /tmp/ccFwB6G6.s:264    .text.HAL_NVIC_GetPriority:0000000000000000 HAL_NVIC_GetPriority
     /tmp/ccFwB6G6.s:300    .text.HAL_NVIC_GetPriority:0000000000000058 $d
     /tmp/ccFwB6G6.s:303    .text.HAL_NVIC_SetPendingIRQ:0000000000000000 $t
     /tmp/ccFwB6G6.s:310    .text.HAL_NVIC_SetPendingIRQ:0000000000000000 HAL_NVIC_SetPendingIRQ
     /tmp/ccFwB6G6.s:328    .text.HAL_NVIC_SetPendingIRQ:000000000000001c $d
     /tmp/ccFwB6G6.s:331    .text.HAL_NVIC_GetPendingIRQ:0000000000000000 $t
     /tmp/ccFwB6G6.s:338    .text.HAL_NVIC_GetPendingIRQ:0000000000000000 HAL_NVIC_GetPendingIRQ
     /tmp/ccFwB6G6.s:357    .text.HAL_NVIC_GetPendingIRQ:0000000000000020 $d
     /tmp/ccFwB6G6.s:360    .text.HAL_NVIC_ClearPendingIRQ:0000000000000000 $t
     /tmp/ccFwB6G6.s:367    .text.HAL_NVIC_ClearPendingIRQ:0000000000000000 HAL_NVIC_ClearPendingIRQ
     /tmp/ccFwB6G6.s:385    .text.HAL_NVIC_ClearPendingIRQ:000000000000001c $d
     /tmp/ccFwB6G6.s:388    .text.HAL_NVIC_GetActive:0000000000000000 $t
     /tmp/ccFwB6G6.s:395    .text.HAL_NVIC_GetActive:0000000000000000 HAL_NVIC_GetActive
     /tmp/ccFwB6G6.s:414    .text.HAL_NVIC_GetActive:0000000000000020 $d
     /tmp/ccFwB6G6.s:417    .text.HAL_SYSTICK_CLKSourceConfig:0000000000000000 $t
     /tmp/ccFwB6G6.s:424    .text.HAL_SYSTICK_CLKSourceConfig:0000000000000000 HAL_SYSTICK_CLKSourceConfig
     /tmp/ccFwB6G6.s:438    .text.HAL_SYSTICK_Callback:0000000000000000 $t
     /tmp/ccFwB6G6.s:445    .text.HAL_SYSTICK_Callback:0000000000000000 HAL_SYSTICK_Callback
     /tmp/ccFwB6G6.s:452    .text.HAL_SYSTICK_IRQHandler:0000000000000000 $t
     /tmp/ccFwB6G6.s:459    .text.HAL_SYSTICK_IRQHandler:0000000000000000 HAL_SYSTICK_IRQHandler
     /tmp/ccFwB6G6.s:467    .text.HAL_MPU_Enable:0000000000000000 $t
     /tmp/ccFwB6G6.s:474    .text.HAL_MPU_Enable:0000000000000000 HAL_MPU_Enable
     /tmp/ccFwB6G6.s:494    .text.HAL_MPU_Enable:0000000000000014 $d
     /tmp/ccFwB6G6.s:497    .text.HAL_MPU_Disable:0000000000000000 $t
     /tmp/ccFwB6G6.s:504    .text.HAL_MPU_Disable:0000000000000000 HAL_MPU_Disable
     /tmp/ccFwB6G6.s:521    .text.HAL_MPU_Disable:0000000000000010 $d
     /tmp/ccFwB6G6.s:524    .text.HAL_MPU_ConfigRegion:0000000000000000 $t
     /tmp/ccFwB6G6.s:531    .text.HAL_MPU_ConfigRegion:0000000000000000 HAL_MPU_ConfigRegion
     /tmp/ccFwB6G6.s:569    .text.HAL_MPU_ConfigRegion:0000000000000054 $d

NO UNDEFINED SYMBOLS
