ARM GAS  /tmp/ccxuGqPg.s 			page 1


   1              		.cpu cortex-m4
   2              		.eabi_attribute 27, 1
   3              		.eabi_attribute 28, 1
   4              		.eabi_attribute 23, 1
   5              		.eabi_attribute 24, 1
   6              		.eabi_attribute 25, 1
   7              		.eabi_attribute 26, 1
   8              		.eabi_attribute 30, 4
   9              		.eabi_attribute 34, 1
  10              		.eabi_attribute 18, 4
  11              		.file	"stm32l4xx_hal_rtc.c"
  12              		.text
  13              		.section	.text.HAL_RTC_MspInit,"ax",%progbits
  14              		.align	1
  15              		.weak	HAL_RTC_MspInit
  16              		.arch armv7e-m
  17              		.syntax unified
  18              		.thumb
  19              		.thumb_func
  20              		.fpu fpv4-sp-d16
  22              	HAL_RTC_MspInit:
  23              		@ args = 0, pretend = 0, frame = 0
  24              		@ frame_needed = 0, uses_anonymous_args = 0
  25              		@ link register save eliminated.
  26 0000 7047     		bx	lr
  28              		.section	.text.HAL_RTC_MspDeInit,"ax",%progbits
  29              		.align	1
  30              		.weak	HAL_RTC_MspDeInit
  31              		.syntax unified
  32              		.thumb
  33              		.thumb_func
  34              		.fpu fpv4-sp-d16
  36              	HAL_RTC_MspDeInit:
  37              		@ args = 0, pretend = 0, frame = 0
  38              		@ frame_needed = 0, uses_anonymous_args = 0
  39              		@ link register save eliminated.
  40 0000 7047     		bx	lr
  42              		.section	.text.HAL_RTC_DeactivateAlarm,"ax",%progbits
  43              		.align	1
  44              		.global	HAL_RTC_DeactivateAlarm
  45              		.syntax unified
  46              		.thumb
  47              		.thumb_func
  48              		.fpu fpv4-sp-d16
  50              	HAL_RTC_DeactivateAlarm:
  51              		@ args = 0, pretend = 0, frame = 0
  52              		@ frame_needed = 0, uses_anonymous_args = 0
  53 0000 70B5     		push	{r4, r5, r6, lr}
  54 0002 90F82030 		ldrb	r3, [r0, #32]	@ zero_extendqisi2
  55 0006 012B     		cmp	r3, #1
  56 0008 0446     		mov	r4, r0
  57 000a 4FF00200 		mov	r0, #2
  58 000e 25D0     		beq	.L4
  59 0010 0123     		movs	r3, #1
  60 0012 84F82030 		strb	r3, [r4, #32]
  61 0016 2368     		ldr	r3, [r4]
  62 0018 84F82100 		strb	r0, [r4, #33]
ARM GAS  /tmp/ccxuGqPg.s 			page 2


  63 001c CA22     		movs	r2, #202
  64 001e 5A62     		str	r2, [r3, #36]
  65 0020 5322     		movs	r2, #83
  66 0022 5A62     		str	r2, [r3, #36]
  67 0024 B1F5807F 		cmp	r1, #256
  68 0028 9A68     		ldr	r2, [r3, #8]
  69 002a 27D1     		bne	.L5
  70 002c 22F48072 		bic	r2, r2, #256
  71 0030 9A60     		str	r2, [r3, #8]
  72 0032 9A68     		ldr	r2, [r3, #8]
  73 0034 22F48052 		bic	r2, r2, #4096
  74 0038 9A60     		str	r2, [r3, #8]
  75 003a FFF7FEFF 		bl	HAL_GetTick
  76 003e 0646     		mov	r6, r0
  77              	.L6:
  78 0040 2368     		ldr	r3, [r4]
  79 0042 DD68     		ldr	r5, [r3, #12]
  80 0044 15F00105 		ands	r5, r5, #1
  81 0048 09D0     		beq	.L7
  82              	.L10:
  83 004a 2368     		ldr	r3, [r4]
  84 004c FF22     		movs	r2, #255
  85 004e 5A62     		str	r2, [r3, #36]
  86 0050 0020     		movs	r0, #0
  87 0052 0123     		movs	r3, #1
  88 0054 84F82130 		strb	r3, [r4, #33]
  89 0058 84F82000 		strb	r0, [r4, #32]
  90              	.L4:
  91 005c 70BD     		pop	{r4, r5, r6, pc}
  92              	.L7:
  93 005e FFF7FEFF 		bl	HAL_GetTick
  94 0062 801B     		subs	r0, r0, r6
  95 0064 B0F57A7F 		cmp	r0, #1000
  96 0068 EAD9     		bls	.L6
  97              	.L14:
  98 006a 2368     		ldr	r3, [r4]
  99 006c FF22     		movs	r2, #255
 100 006e 0320     		movs	r0, #3
 101 0070 5A62     		str	r2, [r3, #36]
 102 0072 84F82100 		strb	r0, [r4, #33]
 103 0076 84F82050 		strb	r5, [r4, #32]
 104 007a EFE7     		b	.L4
 105              	.L5:
 106 007c 22F40072 		bic	r2, r2, #512
 107 0080 9A60     		str	r2, [r3, #8]
 108 0082 9A68     		ldr	r2, [r3, #8]
 109 0084 22F40052 		bic	r2, r2, #8192
 110 0088 9A60     		str	r2, [r3, #8]
 111 008a FFF7FEFF 		bl	HAL_GetTick
 112 008e 0646     		mov	r6, r0
 113              	.L8:
 114 0090 2368     		ldr	r3, [r4]
 115 0092 DD68     		ldr	r5, [r3, #12]
 116 0094 15F00205 		ands	r5, r5, #2
 117 0098 D7D1     		bne	.L10
 118 009a FFF7FEFF 		bl	HAL_GetTick
 119 009e 801B     		subs	r0, r0, r6
ARM GAS  /tmp/ccxuGqPg.s 			page 3


 120 00a0 B0F57A7F 		cmp	r0, #1000
 121 00a4 F4D9     		bls	.L8
 122 00a6 E0E7     		b	.L14
 124              		.section	.text.HAL_RTC_AlarmAEventCallback,"ax",%progbits
 125              		.align	1
 126              		.weak	HAL_RTC_AlarmAEventCallback
 127              		.syntax unified
 128              		.thumb
 129              		.thumb_func
 130              		.fpu fpv4-sp-d16
 132              	HAL_RTC_AlarmAEventCallback:
 133              		@ args = 0, pretend = 0, frame = 0
 134              		@ frame_needed = 0, uses_anonymous_args = 0
 135              		@ link register save eliminated.
 136 0000 7047     		bx	lr
 138              		.section	.text.HAL_RTC_AlarmIRQHandler,"ax",%progbits
 139              		.align	1
 140              		.global	HAL_RTC_AlarmIRQHandler
 141              		.syntax unified
 142              		.thumb
 143              		.thumb_func
 144              		.fpu fpv4-sp-d16
 146              	HAL_RTC_AlarmIRQHandler:
 147              		@ args = 0, pretend = 0, frame = 0
 148              		@ frame_needed = 0, uses_anonymous_args = 0
 149 0000 134B     		ldr	r3, .L31
 150 0002 4FF48022 		mov	r2, #262144
 151 0006 10B5     		push	{r4, lr}
 152 0008 5A61     		str	r2, [r3, #20]
 153 000a 0268     		ldr	r2, [r0]
 154 000c 9368     		ldr	r3, [r2, #8]
 155 000e D904     		lsls	r1, r3, #19
 156 0010 0446     		mov	r4, r0
 157 0012 09D5     		bpl	.L17
 158 0014 D368     		ldr	r3, [r2, #12]
 159 0016 DB05     		lsls	r3, r3, #23
 160 0018 06D5     		bpl	.L17
 161 001a D368     		ldr	r3, [r2, #12]
 162 001c DBB2     		uxtb	r3, r3
 163 001e 63F4C073 		orn	r3, r3, #384
 164 0022 D360     		str	r3, [r2, #12]
 165 0024 FFF7FEFF 		bl	HAL_RTC_AlarmAEventCallback
 166              	.L17:
 167 0028 2268     		ldr	r2, [r4]
 168 002a 9368     		ldr	r3, [r2, #8]
 169 002c 9904     		lsls	r1, r3, #18
 170 002e 0AD5     		bpl	.L18
 171 0030 D368     		ldr	r3, [r2, #12]
 172 0032 9B05     		lsls	r3, r3, #22
 173 0034 07D5     		bpl	.L18
 174 0036 D368     		ldr	r3, [r2, #12]
 175 0038 DBB2     		uxtb	r3, r3
 176 003a 63F42073 		orn	r3, r3, #640
 177 003e D360     		str	r3, [r2, #12]
 178 0040 2046     		mov	r0, r4
 179 0042 FFF7FEFF 		bl	HAL_RTCEx_AlarmBEventCallback
 180              	.L18:
ARM GAS  /tmp/ccxuGqPg.s 			page 4


 181 0046 0123     		movs	r3, #1
 182 0048 84F82130 		strb	r3, [r4, #33]
 183 004c 10BD     		pop	{r4, pc}
 184              	.L32:
 185 004e 00BF     		.align	2
 186              	.L31:
 187 0050 00040140 		.word	1073808384
 189              		.section	.text.HAL_RTC_PollForAlarmAEvent,"ax",%progbits
 190              		.align	1
 191              		.global	HAL_RTC_PollForAlarmAEvent
 192              		.syntax unified
 193              		.thumb
 194              		.thumb_func
 195              		.fpu fpv4-sp-d16
 197              	HAL_RTC_PollForAlarmAEvent:
 198              		@ args = 0, pretend = 0, frame = 0
 199              		@ frame_needed = 0, uses_anonymous_args = 0
 200 0000 70B5     		push	{r4, r5, r6, lr}
 201 0002 0446     		mov	r4, r0
 202 0004 0D46     		mov	r5, r1
 203 0006 FFF7FEFF 		bl	HAL_GetTick
 204 000a 0646     		mov	r6, r0
 205              	.L34:
 206 000c 2268     		ldr	r2, [r4]
 207              	.L35:
 208 000e D368     		ldr	r3, [r2, #12]
 209 0010 DB05     		lsls	r3, r3, #23
 210 0012 09D5     		bpl	.L38
 211 0014 D368     		ldr	r3, [r2, #12]
 212 0016 DBB2     		uxtb	r3, r3
 213 0018 63F4C073 		orn	r3, r3, #384
 214 001c D360     		str	r3, [r2, #12]
 215 001e 0123     		movs	r3, #1
 216 0020 84F82130 		strb	r3, [r4, #33]
 217 0024 0020     		movs	r0, #0
 218 0026 0CE0     		b	.L37
 219              	.L38:
 220 0028 691C     		adds	r1, r5, #1
 221 002a F0D0     		beq	.L35
 222 002c FFF7FEFF 		bl	HAL_GetTick
 223 0030 801B     		subs	r0, r0, r6
 224 0032 A842     		cmp	r0, r5
 225 0034 01D8     		bhi	.L36
 226 0036 002D     		cmp	r5, #0
 227 0038 E8D1     		bne	.L34
 228              	.L36:
 229 003a 0323     		movs	r3, #3
 230 003c 84F82130 		strb	r3, [r4, #33]
 231 0040 1846     		mov	r0, r3
 232              	.L37:
 233 0042 70BD     		pop	{r4, r5, r6, pc}
 235              		.section	.text.HAL_RTC_WaitForSynchro,"ax",%progbits
 236              		.align	1
 237              		.global	HAL_RTC_WaitForSynchro
 238              		.syntax unified
 239              		.thumb
 240              		.thumb_func
ARM GAS  /tmp/ccxuGqPg.s 			page 5


 241              		.fpu fpv4-sp-d16
 243              	HAL_RTC_WaitForSynchro:
 244              		@ args = 0, pretend = 0, frame = 0
 245              		@ frame_needed = 0, uses_anonymous_args = 0
 246 0000 0268     		ldr	r2, [r0]
 247 0002 38B5     		push	{r3, r4, r5, lr}
 248 0004 D368     		ldr	r3, [r2, #12]
 249 0006 23F0A003 		bic	r3, r3, #160
 250 000a D360     		str	r3, [r2, #12]
 251 000c 0446     		mov	r4, r0
 252 000e FFF7FEFF 		bl	HAL_GetTick
 253 0012 0546     		mov	r5, r0
 254              	.L43:
 255 0014 2368     		ldr	r3, [r4]
 256 0016 DB68     		ldr	r3, [r3, #12]
 257 0018 9B06     		lsls	r3, r3, #26
 258 001a 01D5     		bpl	.L45
 259 001c 0020     		movs	r0, #0
 260              	.L44:
 261 001e 38BD     		pop	{r3, r4, r5, pc}
 262              	.L45:
 263 0020 FFF7FEFF 		bl	HAL_GetTick
 264 0024 401B     		subs	r0, r0, r5
 265 0026 B0F57A7F 		cmp	r0, #1000
 266 002a F3D9     		bls	.L43
 267 002c 0320     		movs	r0, #3
 268 002e F6E7     		b	.L44
 270              		.section	.text.HAL_RTC_GetState,"ax",%progbits
 271              		.align	1
 272              		.global	HAL_RTC_GetState
 273              		.syntax unified
 274              		.thumb
 275              		.thumb_func
 276              		.fpu fpv4-sp-d16
 278              	HAL_RTC_GetState:
 279              		@ args = 0, pretend = 0, frame = 0
 280              		@ frame_needed = 0, uses_anonymous_args = 0
 281              		@ link register save eliminated.
 282 0000 90F82100 		ldrb	r0, [r0, #33]	@ zero_extendqisi2
 283 0004 7047     		bx	lr
 285              		.section	.text.RTC_EnterInitMode,"ax",%progbits
 286              		.align	1
 287              		.global	RTC_EnterInitMode
 288              		.syntax unified
 289              		.thumb
 290              		.thumb_func
 291              		.fpu fpv4-sp-d16
 293              	RTC_EnterInitMode:
 294              		@ args = 0, pretend = 0, frame = 0
 295              		@ frame_needed = 0, uses_anonymous_args = 0
 296 0000 F8B5     		push	{r3, r4, r5, r6, r7, lr}
 297 0002 0368     		ldr	r3, [r0]
 298 0004 DC68     		ldr	r4, [r3, #12]
 299 0006 14F04004 		ands	r4, r4, #64
 300 000a 0546     		mov	r5, r0
 301 000c 18D1     		bne	.L53
 302 000e 4FF0FF32 		mov	r2, #-1
ARM GAS  /tmp/ccxuGqPg.s 			page 6


 303 0012 DA60     		str	r2, [r3, #12]
 304 0014 FFF7FEFF 		bl	HAL_GetTick
 305 0018 0327     		movs	r7, #3
 306 001a 0646     		mov	r6, r0
 307              	.L51:
 308 001c 2B68     		ldr	r3, [r5]
 309 001e DB68     		ldr	r3, [r3, #12]
 310 0020 5B06     		lsls	r3, r3, #25
 311 0022 01D4     		bmi	.L49
 312 0024 032C     		cmp	r4, #3
 313 0026 01D1     		bne	.L52
 314              	.L49:
 315 0028 2046     		mov	r0, r4
 316 002a F8BD     		pop	{r3, r4, r5, r6, r7, pc}
 317              	.L52:
 318 002c FFF7FEFF 		bl	HAL_GetTick
 319 0030 801B     		subs	r0, r0, r6
 320 0032 B0F57A7F 		cmp	r0, #1000
 321 0036 84BF     		itt	hi
 322 0038 85F82170 		strbhi	r7, [r5, #33]
 323 003c 0324     		movhi	r4, #3
 324 003e EDE7     		b	.L51
 325              	.L53:
 326 0040 0024     		movs	r4, #0
 327 0042 F1E7     		b	.L49
 329              		.section	.text.RTC_ExitInitMode,"ax",%progbits
 330              		.align	1
 331              		.global	RTC_ExitInitMode
 332              		.syntax unified
 333              		.thumb
 334              		.thumb_func
 335              		.fpu fpv4-sp-d16
 337              	RTC_ExitInitMode:
 338              		@ args = 0, pretend = 0, frame = 0
 339              		@ frame_needed = 0, uses_anonymous_args = 0
 340 0000 104B     		ldr	r3, .L65
 341 0002 DA68     		ldr	r2, [r3, #12]
 342 0004 22F08002 		bic	r2, r2, #128
 343 0008 10B5     		push	{r4, lr}
 344 000a DA60     		str	r2, [r3, #12]
 345 000c 9A68     		ldr	r2, [r3, #8]
 346 000e 9206     		lsls	r2, r2, #26
 347 0010 0446     		mov	r4, r0
 348 0012 06D4     		bmi	.L56
 349 0014 FFF7FEFF 		bl	HAL_RTC_WaitForSynchro
 350 0018 10B1     		cbz	r0, .L57
 351 001a 0320     		movs	r0, #3
 352 001c 84F82100 		strb	r0, [r4, #33]
 353              	.L57:
 354 0020 10BD     		pop	{r4, pc}
 355              	.L56:
 356 0022 9A68     		ldr	r2, [r3, #8]
 357 0024 22F02002 		bic	r2, r2, #32
 358 0028 9A60     		str	r2, [r3, #8]
 359 002a FFF7FEFF 		bl	HAL_RTC_WaitForSynchro
 360 002e 10B1     		cbz	r0, .L58
 361 0030 0320     		movs	r0, #3
ARM GAS  /tmp/ccxuGqPg.s 			page 7


 362 0032 84F82100 		strb	r0, [r4, #33]
 363              	.L58:
 364 0036 034A     		ldr	r2, .L65
 365 0038 9368     		ldr	r3, [r2, #8]
 366 003a 43F02003 		orr	r3, r3, #32
 367 003e 9360     		str	r3, [r2, #8]
 368 0040 EEE7     		b	.L57
 369              	.L66:
 370 0042 00BF     		.align	2
 371              	.L65:
 372 0044 00280040 		.word	1073752064
 374              		.section	.text.HAL_RTC_Init,"ax",%progbits
 375              		.align	1
 376              		.global	HAL_RTC_Init
 377              		.syntax unified
 378              		.thumb
 379              		.thumb_func
 380              		.fpu fpv4-sp-d16
 382              	HAL_RTC_Init:
 383              		@ args = 0, pretend = 0, frame = 0
 384              		@ frame_needed = 0, uses_anonymous_args = 0
 385 0000 38B5     		push	{r3, r4, r5, lr}
 386 0002 0446     		mov	r4, r0
 387 0004 0028     		cmp	r0, #0
 388 0006 3FD0     		beq	.L70
 389 0008 90F82130 		ldrb	r3, [r0, #33]	@ zero_extendqisi2
 390 000c 03F0FF02 		and	r2, r3, #255
 391 0010 1BB9     		cbnz	r3, .L69
 392 0012 80F82020 		strb	r2, [r0, #32]
 393 0016 FFF7FEFF 		bl	HAL_RTC_MspInit
 394              	.L69:
 395 001a 0223     		movs	r3, #2
 396 001c 84F82130 		strb	r3, [r4, #33]
 397 0020 2368     		ldr	r3, [r4]
 398 0022 CA22     		movs	r2, #202
 399 0024 5A62     		str	r2, [r3, #36]
 400 0026 5322     		movs	r2, #83
 401 0028 5A62     		str	r2, [r3, #36]
 402 002a 2046     		mov	r0, r4
 403 002c FFF7FEFF 		bl	RTC_EnterInitMode
 404 0030 48BB     		cbnz	r0, .L68
 405 0032 2368     		ldr	r3, [r4]
 406 0034 2069     		ldr	r0, [r4, #16]
 407 0036 9A68     		ldr	r2, [r3, #8]
 408 0038 22F4E002 		bic	r2, r2, #7340032
 409 003c 22F04002 		bic	r2, r2, #64
 410 0040 9A60     		str	r2, [r3, #8]
 411 0042 6268     		ldr	r2, [r4, #4]
 412 0044 9968     		ldr	r1, [r3, #8]
 413 0046 0243     		orrs	r2, r2, r0
 414 0048 A069     		ldr	r0, [r4, #24]
 415 004a 0243     		orrs	r2, r2, r0
 416 004c 0A43     		orrs	r2, r2, r1
 417 004e 9A60     		str	r2, [r3, #8]
 418 0050 E268     		ldr	r2, [r4, #12]
 419 0052 1A61     		str	r2, [r3, #16]
 420 0054 1A69     		ldr	r2, [r3, #16]
ARM GAS  /tmp/ccxuGqPg.s 			page 8


 421 0056 A168     		ldr	r1, [r4, #8]
 422 0058 42EA0142 		orr	r2, r2, r1, lsl #16
 423 005c 1A61     		str	r2, [r3, #16]
 424 005e 2046     		mov	r0, r4
 425 0060 FFF7FEFF 		bl	RTC_ExitInitMode
 426 0064 78B9     		cbnz	r0, .L68
 427 0066 2368     		ldr	r3, [r4]
 428 0068 6569     		ldr	r5, [r4, #20]
 429 006a DA6C     		ldr	r2, [r3, #76]
 430 006c 22F00302 		bic	r2, r2, #3
 431 0070 DA64     		str	r2, [r3, #76]
 432 0072 E269     		ldr	r2, [r4, #28]
 433 0074 D96C     		ldr	r1, [r3, #76]
 434 0076 2A43     		orrs	r2, r2, r5
 435 0078 0A43     		orrs	r2, r2, r1
 436 007a DA64     		str	r2, [r3, #76]
 437 007c FF22     		movs	r2, #255
 438 007e 5A62     		str	r2, [r3, #36]
 439 0080 0123     		movs	r3, #1
 440 0082 84F82130 		strb	r3, [r4, #33]
 441              	.L68:
 442 0086 38BD     		pop	{r3, r4, r5, pc}
 443              	.L70:
 444 0088 0120     		movs	r0, #1
 445 008a FCE7     		b	.L68
 447              		.section	.text.HAL_RTC_DeInit,"ax",%progbits
 448              		.align	1
 449              		.global	HAL_RTC_DeInit
 450              		.syntax unified
 451              		.thumb
 452              		.thumb_func
 453              		.fpu fpv4-sp-d16
 455              	HAL_RTC_DeInit:
 456              		@ args = 0, pretend = 0, frame = 0
 457              		@ frame_needed = 0, uses_anonymous_args = 0
 458 0000 38B5     		push	{r3, r4, r5, lr}
 459 0002 0546     		mov	r5, r0
 460 0004 0028     		cmp	r0, #0
 461 0006 30D0     		beq	.L73
 462 0008 0223     		movs	r3, #2
 463 000a 80F82130 		strb	r3, [r0, #33]
 464 000e 0368     		ldr	r3, [r0]
 465 0010 CA22     		movs	r2, #202
 466 0012 5A62     		str	r2, [r3, #36]
 467 0014 5322     		movs	r2, #83
 468 0016 5A62     		str	r2, [r3, #36]
 469 0018 FFF7FEFF 		bl	RTC_EnterInitMode
 470 001c 0446     		mov	r4, r0
 471 001e 10BB     		cbnz	r0, .L72
 472 0020 2B68     		ldr	r3, [r5]
 473 0022 42F20112 		movw	r2, #8449
 474 0026 1860     		str	r0, [r3]
 475 0028 5A60     		str	r2, [r3, #4]
 476 002a 9A68     		ldr	r2, [r3, #8]
 477 002c 9860     		str	r0, [r3, #8]
 478 002e 4FF6FF72 		movw	r2, #65535
 479 0032 5A61     		str	r2, [r3, #20]
ARM GAS  /tmp/ccxuGqPg.s 			page 9


 480 0034 0E4A     		ldr	r2, .L74
 481 0036 1A61     		str	r2, [r3, #16]
 482 0038 D861     		str	r0, [r3, #28]
 483 003a 1862     		str	r0, [r3, #32]
 484 003c D862     		str	r0, [r3, #44]
 485 003e D863     		str	r0, [r3, #60]
 486 0040 5864     		str	r0, [r3, #68]
 487 0042 9864     		str	r0, [r3, #72]
 488 0044 2846     		mov	r0, r5
 489 0046 FFF7FEFF 		bl	RTC_ExitInitMode
 490 004a 0446     		mov	r4, r0
 491 004c 58B9     		cbnz	r0, .L72
 492 004e 2B68     		ldr	r3, [r5]
 493 0050 FF22     		movs	r2, #255
 494 0052 1864     		str	r0, [r3, #64]
 495 0054 D864     		str	r0, [r3, #76]
 496 0056 5A62     		str	r2, [r3, #36]
 497 0058 2846     		mov	r0, r5
 498 005a FFF7FEFF 		bl	HAL_RTC_MspDeInit
 499 005e 85F82140 		strb	r4, [r5, #33]
 500 0062 85F82040 		strb	r4, [r5, #32]
 501              	.L72:
 502 0066 2046     		mov	r0, r4
 503 0068 38BD     		pop	{r3, r4, r5, pc}
 504              	.L73:
 505 006a 0124     		movs	r4, #1
 506 006c FBE7     		b	.L72
 507              	.L75:
 508 006e 00BF     		.align	2
 509              	.L74:
 510 0070 FF007F00 		.word	8323327
 512              		.section	.text.RTC_ByteToBcd2,"ax",%progbits
 513              		.align	1
 514              		.global	RTC_ByteToBcd2
 515              		.syntax unified
 516              		.thumb
 517              		.thumb_func
 518              		.fpu fpv4-sp-d16
 520              	RTC_ByteToBcd2:
 521              		@ args = 0, pretend = 0, frame = 0
 522              		@ frame_needed = 0, uses_anonymous_args = 0
 523              		@ link register save eliminated.
 524 0000 0023     		movs	r3, #0
 525              	.L77:
 526 0002 0928     		cmp	r0, #9
 527 0004 03D8     		bhi	.L78
 528 0006 40EA0310 		orr	r0, r0, r3, lsl #4
 529 000a C0B2     		uxtb	r0, r0
 530 000c 7047     		bx	lr
 531              	.L78:
 532 000e 0A38     		subs	r0, r0, #10
 533 0010 0133     		adds	r3, r3, #1
 534 0012 C0B2     		uxtb	r0, r0
 535 0014 F5E7     		b	.L77
 537              		.section	.text.HAL_RTC_SetTime,"ax",%progbits
 538              		.align	1
 539              		.global	HAL_RTC_SetTime
ARM GAS  /tmp/ccxuGqPg.s 			page 10


 540              		.syntax unified
 541              		.thumb
 542              		.thumb_func
 543              		.fpu fpv4-sp-d16
 545              	HAL_RTC_SetTime:
 546              		@ args = 0, pretend = 0, frame = 0
 547              		@ frame_needed = 0, uses_anonymous_args = 0
 548 0000 2DE9F041 		push	{r4, r5, r6, r7, r8, lr}
 549 0004 90F82030 		ldrb	r3, [r0, #32]	@ zero_extendqisi2
 550 0008 012B     		cmp	r3, #1
 551 000a 0646     		mov	r6, r0
 552 000c 0F46     		mov	r7, r1
 553 000e 9046     		mov	r8, r2
 554 0010 4FF00203 		mov	r3, #2
 555 0014 54D0     		beq	.L87
 556 0016 80F82130 		strb	r3, [r0, #33]
 557 001a 0122     		movs	r2, #1
 558 001c 0368     		ldr	r3, [r0]
 559 001e 80F82020 		strb	r2, [r0, #32]
 560 0022 CA22     		movs	r2, #202
 561 0024 5A62     		str	r2, [r3, #36]
 562 0026 5322     		movs	r2, #83
 563 0028 5A62     		str	r2, [r3, #36]
 564 002a FFF7FEFF 		bl	RTC_EnterInitMode
 565 002e 70BB     		cbnz	r0, .L81
 566 0030 3168     		ldr	r1, [r6]
 567 0032 3878     		ldrb	r0, [r7]	@ zero_extendqisi2
 568 0034 7C78     		ldrb	r4, [r7, #1]	@ zero_extendqisi2
 569 0036 BD78     		ldrb	r5, [r7, #2]	@ zero_extendqisi2
 570 0038 8A68     		ldr	r2, [r1, #8]
 571 003a B8F1000F 		cmp	r8, #0
 572 003e 32D1     		bne	.L82
 573 0040 12F04002 		ands	r2, r2, #64
 574 0044 08BF     		it	eq
 575 0046 FA70     		strbeq	r2, [r7, #3]
 576 0048 FFF7FEFF 		bl	RTC_ByteToBcd2
 577 004c 0246     		mov	r2, r0
 578 004e 2046     		mov	r0, r4
 579 0050 FFF7FEFF 		bl	RTC_ByteToBcd2
 580 0054 0446     		mov	r4, r0
 581 0056 2846     		mov	r0, r5
 582 0058 FFF7FEFF 		bl	RTC_ByteToBcd2
 583 005c FD78     		ldrb	r5, [r7, #3]	@ zero_extendqisi2
 584 005e 40EA8555 		orr	r5, r0, r5, lsl #22
 585 0062 45EA0242 		orr	r2, r5, r2, lsl #16
 586 0066 42EA0423 		orr	r3, r2, r4, lsl #8
 587              	.L84:
 588 006a 03F07F33 		and	r3, r3, #2139062143
 589 006e 23F0FE43 		bic	r3, r3, #2130706432
 590 0072 0B60     		str	r3, [r1]
 591 0074 8B68     		ldr	r3, [r1, #8]
 592 0076 23F48023 		bic	r3, r3, #262144
 593 007a 8B60     		str	r3, [r1, #8]
 594 007c D7E90330 		ldrd	r3, r0, [r7, #12]
 595 0080 8A68     		ldr	r2, [r1, #8]
 596 0082 0343     		orrs	r3, r3, r0
 597 0084 1343     		orrs	r3, r3, r2
ARM GAS  /tmp/ccxuGqPg.s 			page 11


 598 0086 8B60     		str	r3, [r1, #8]
 599 0088 3046     		mov	r0, r6
 600 008a FFF7FEFF 		bl	RTC_ExitInitMode
 601              	.L81:
 602 008e 3368     		ldr	r3, [r6]
 603 0090 FF22     		movs	r2, #255
 604 0092 5A62     		str	r2, [r3, #36]
 605 0094 10B9     		cbnz	r0, .L86
 606 0096 0123     		movs	r3, #1
 607 0098 86F82130 		strb	r3, [r6, #33]
 608              	.L86:
 609 009c 0023     		movs	r3, #0
 610 009e 86F82030 		strb	r3, [r6, #32]
 611              	.L80:
 612 00a2 BDE8F081 		pop	{r4, r5, r6, r7, r8, pc}
 613              	.L82:
 614 00a6 12F04002 		ands	r2, r2, #64
 615 00aa 08BF     		it	eq
 616 00ac FA70     		strbeq	r2, [r7, #3]
 617 00ae 2402     		lsls	r4, r4, #8
 618 00b0 44EA0044 		orr	r4, r4, r0, lsl #16
 619 00b4 F878     		ldrb	r0, [r7, #3]	@ zero_extendqisi2
 620 00b6 44EA0503 		orr	r3, r4, r5
 621 00ba 43EA8053 		orr	r3, r3, r0, lsl #22
 622 00be D4E7     		b	.L84
 623              	.L87:
 624 00c0 1846     		mov	r0, r3
 625 00c2 EEE7     		b	.L80
 627              		.section	.text.HAL_RTC_SetDate,"ax",%progbits
 628              		.align	1
 629              		.global	HAL_RTC_SetDate
 630              		.syntax unified
 631              		.thumb
 632              		.thumb_func
 633              		.fpu fpv4-sp-d16
 635              	HAL_RTC_SetDate:
 636              		@ args = 0, pretend = 0, frame = 0
 637              		@ frame_needed = 0, uses_anonymous_args = 0
 638 0000 2DE9F041 		push	{r4, r5, r6, r7, r8, lr}
 639 0004 90F82030 		ldrb	r3, [r0, #32]	@ zero_extendqisi2
 640 0008 012B     		cmp	r3, #1
 641 000a 0646     		mov	r6, r0
 642 000c 4FF00203 		mov	r3, #2
 643 0010 3FD0     		beq	.L95
 644 0012 0120     		movs	r0, #1
 645 0014 86F82000 		strb	r0, [r6, #32]
 646 0018 86F82130 		strb	r3, [r6, #33]
 647 001c 0D78     		ldrb	r5, [r1]	@ zero_extendqisi2
 648 001e C878     		ldrb	r0, [r1, #3]	@ zero_extendqisi2
 649 0020 4C78     		ldrb	r4, [r1, #1]	@ zero_extendqisi2
 650 0022 91F80280 		ldrb	r8, [r1, #2]	@ zero_extendqisi2
 651 0026 6D03     		lsls	r5, r5, #13
 652 0028 AABB     		cbnz	r2, .L90
 653 002a E306     		lsls	r3, r4, #27
 654 002c 03D5     		bpl	.L91
 655 002e 24F01004 		bic	r4, r4, #16
 656 0032 0A34     		adds	r4, r4, #10
ARM GAS  /tmp/ccxuGqPg.s 			page 12


 657 0034 4C70     		strb	r4, [r1, #1]
 658              	.L91:
 659 0036 FFF7FEFF 		bl	RTC_ByteToBcd2
 660 003a 0746     		mov	r7, r0
 661 003c 4878     		ldrb	r0, [r1, #1]	@ zero_extendqisi2
 662 003e FFF7FEFF 		bl	RTC_ByteToBcd2
 663 0042 0446     		mov	r4, r0
 664 0044 4046     		mov	r0, r8
 665 0046 FFF7FEFF 		bl	RTC_ByteToBcd2
 666 004a 40EA0502 		orr	r2, r0, r5
 667 004e 42EA0745 		orr	r5, r2, r7, lsl #16
 668 0052 45EA0424 		orr	r4, r5, r4, lsl #8
 669              	.L94:
 670 0056 3368     		ldr	r3, [r6]
 671 0058 CA22     		movs	r2, #202
 672 005a 5A62     		str	r2, [r3, #36]
 673 005c 5322     		movs	r2, #83
 674 005e 5A62     		str	r2, [r3, #36]
 675 0060 3046     		mov	r0, r6
 676 0062 FFF7FEFF 		bl	RTC_EnterInitMode
 677 0066 40B9     		cbnz	r0, .L92
 678 0068 3268     		ldr	r2, [r6]
 679 006a 24F07F44 		bic	r4, r4, #-16777216
 680 006e 24F0C004 		bic	r4, r4, #192
 681 0072 5460     		str	r4, [r2, #4]
 682 0074 3046     		mov	r0, r6
 683 0076 FFF7FEFF 		bl	RTC_ExitInitMode
 684              	.L92:
 685 007a 3368     		ldr	r3, [r6]
 686 007c FF22     		movs	r2, #255
 687 007e 5A62     		str	r2, [r3, #36]
 688 0080 10B9     		cbnz	r0, .L93
 689 0082 0123     		movs	r3, #1
 690 0084 86F82130 		strb	r3, [r6, #33]
 691              	.L93:
 692 0088 0023     		movs	r3, #0
 693 008a 86F82030 		strb	r3, [r6, #32]
 694              	.L99:
 695 008e BDE8F081 		pop	{r4, r5, r6, r7, r8, pc}
 696              	.L95:
 697 0092 1846     		mov	r0, r3
 698 0094 FBE7     		b	.L99
 699              	.L90:
 700 0096 45EA0045 		orr	r5, r5, r0, lsl #16
 701 009a 45EA0803 		orr	r3, r5, r8
 702 009e 43EA0424 		orr	r4, r3, r4, lsl #8
 703 00a2 D8E7     		b	.L94
 705              		.section	.text.HAL_RTC_SetAlarm,"ax",%progbits
 706              		.align	1
 707              		.global	HAL_RTC_SetAlarm
 708              		.syntax unified
 709              		.thumb
 710              		.thumb_func
 711              		.fpu fpv4-sp-d16
 713              	HAL_RTC_SetAlarm:
 714              		@ args = 0, pretend = 0, frame = 0
 715              		@ frame_needed = 0, uses_anonymous_args = 0
ARM GAS  /tmp/ccxuGqPg.s 			page 13


 716 0000 2DE9F84F 		push	{r3, r4, r5, r6, r7, r8, r9, r10, fp, lr}
 717 0004 90F82030 		ldrb	r3, [r0, #32]	@ zero_extendqisi2
 718 0008 012B     		cmp	r3, #1
 719 000a 0446     		mov	r4, r0
 720 000c 4FF00200 		mov	r0, #2
 721 0010 00F08280 		beq	.L101
 722 0014 0123     		movs	r3, #1
 723 0016 2768     		ldr	r7, [r4]
 724 0018 84F82030 		strb	r3, [r4, #32]
 725 001c 84F82100 		strb	r0, [r4, #33]
 726 0020 0878     		ldrb	r0, [r1]	@ zero_extendqisi2
 727 0022 91F80190 		ldrb	r9, [r1, #1]	@ zero_extendqisi2
 728 0026 91F802B0 		ldrb	fp, [r1, #2]	@ zero_extendqisi2
 729 002a 91F82480 		ldrb	r8, [r1, #36]	@ zero_extendqisi2
 730 002e 0E6A     		ldr	r6, [r1, #32]
 731 0030 BB68     		ldr	r3, [r7, #8]
 732 0032 002A     		cmp	r2, #0
 733 0034 4FD1     		bne	.L102
 734 0036 13F04003 		ands	r3, r3, #64
 735 003a 08BF     		it	eq
 736 003c CB70     		strbeq	r3, [r1, #3]
 737 003e FFF7FEFF 		bl	RTC_ByteToBcd2
 738 0042 8246     		mov	r10, r0
 739 0044 4846     		mov	r0, r9
 740 0046 FFF7FEFF 		bl	RTC_ByteToBcd2
 741 004a 8146     		mov	r9, r0
 742 004c 5846     		mov	r0, fp
 743 004e FFF7FEFF 		bl	RTC_ByteToBcd2
 744 0052 0246     		mov	r2, r0
 745 0054 4046     		mov	r0, r8
 746 0056 FFF7FEFF 		bl	RTC_ByteToBcd2
 747 005a 4B69     		ldr	r3, [r1, #20]
 748 005c 46EA030C 		orr	ip, r6, r3
 749 0060 CE78     		ldrb	r6, [r1, #3]	@ zero_extendqisi2
 750 0062 4CEA865C 		orr	ip, ip, r6, lsl #22
 751 0066 4CEA0202 		orr	r2, ip, r2
 752 006a 42EA0A46 		orr	r6, r2, r10, lsl #16
 753 006e 46EA0923 		orr	r3, r6, r9, lsl #8
 754 0072 43EA0065 		orr	r5, r3, r0, lsl #24
 755              	.L104:
 756 0076 CB69     		ldr	r3, [r1, #28]
 757 0078 4E68     		ldr	r6, [r1, #4]
 758 007a 1E43     		orrs	r6, r6, r3
 759 007c CA23     		movs	r3, #202
 760 007e 7B62     		str	r3, [r7, #36]
 761 0080 5323     		movs	r3, #83
 762 0082 7B62     		str	r3, [r7, #36]
 763 0084 8B6A     		ldr	r3, [r1, #40]
 764 0086 B3F5807F 		cmp	r3, #256
 765 008a BB68     		ldr	r3, [r7, #8]
 766 008c 46D1     		bne	.L106
 767 008e 23F48073 		bic	r3, r3, #256
 768 0092 BB60     		str	r3, [r7, #8]
 769 0094 FB68     		ldr	r3, [r7, #12]
 770 0096 DBB2     		uxtb	r3, r3
 771 0098 63F4C073 		orn	r3, r3, #384
 772 009c FB60     		str	r3, [r7, #12]
ARM GAS  /tmp/ccxuGqPg.s 			page 14


 773 009e BB68     		ldr	r3, [r7, #8]
 774 00a0 23F48053 		bic	r3, r3, #4096
 775 00a4 BB60     		str	r3, [r7, #8]
 776 00a6 FFF7FEFF 		bl	HAL_GetTick
 777 00aa 8046     		mov	r8, r0
 778              	.L107:
 779 00ac 2368     		ldr	r3, [r4]
 780 00ae DF68     		ldr	r7, [r3, #12]
 781 00b0 17F00107 		ands	r7, r7, #1
 782 00b4 21D0     		beq	.L108
 783 00b6 DD61     		str	r5, [r3, #28]
 784 00b8 5E64     		str	r6, [r3, #68]
 785 00ba 9A68     		ldr	r2, [r3, #8]
 786 00bc 42F48072 		orr	r2, r2, #256
 787              	.L115:
 788 00c0 9A60     		str	r2, [r3, #8]
 789 00c2 2368     		ldr	r3, [r4]
 790 00c4 FF22     		movs	r2, #255
 791 00c6 5A62     		str	r2, [r3, #36]
 792 00c8 0020     		movs	r0, #0
 793 00ca 0123     		movs	r3, #1
 794 00cc 84F82130 		strb	r3, [r4, #33]
 795 00d0 84F82000 		strb	r0, [r4, #32]
 796 00d4 20E0     		b	.L101
 797              	.L102:
 798 00d6 13F04003 		ands	r3, r3, #64
 799 00da 08BF     		it	eq
 800 00dc CB70     		strbeq	r3, [r1, #3]
 801 00de 4B69     		ldr	r3, [r1, #20]
 802 00e0 1E43     		orrs	r6, r6, r3
 803 00e2 46EA0B06 		orr	r6, r6, fp
 804 00e6 46EA0045 		orr	r5, r6, r0, lsl #16
 805 00ea C878     		ldrb	r0, [r1, #3]	@ zero_extendqisi2
 806 00ec 45EA0925 		orr	r5, r5, r9, lsl #8
 807 00f0 45EA8055 		orr	r5, r5, r0, lsl #22
 808 00f4 45EA0865 		orr	r5, r5, r8, lsl #24
 809 00f8 BDE7     		b	.L104
 810              	.L108:
 811 00fa FFF7FEFF 		bl	HAL_GetTick
 812 00fe A0EB0800 		sub	r0, r0, r8
 813 0102 B0F57A7F 		cmp	r0, #1000
 814 0106 D1D9     		bls	.L107
 815              	.L116:
 816 0108 2368     		ldr	r3, [r4]
 817 010a FF22     		movs	r2, #255
 818 010c 0320     		movs	r0, #3
 819 010e 5A62     		str	r2, [r3, #36]
 820 0110 84F82100 		strb	r0, [r4, #33]
 821 0114 84F82070 		strb	r7, [r4, #32]
 822              	.L101:
 823 0118 BDE8F88F 		pop	{r3, r4, r5, r6, r7, r8, r9, r10, fp, pc}
 824              	.L106:
 825 011c 23F40073 		bic	r3, r3, #512
 826 0120 BB60     		str	r3, [r7, #8]
 827 0122 FB68     		ldr	r3, [r7, #12]
 828 0124 DBB2     		uxtb	r3, r3
 829 0126 63F42073 		orn	r3, r3, #640
ARM GAS  /tmp/ccxuGqPg.s 			page 15


 830 012a FB60     		str	r3, [r7, #12]
 831 012c BB68     		ldr	r3, [r7, #8]
 832 012e 23F40053 		bic	r3, r3, #8192
 833 0132 BB60     		str	r3, [r7, #8]
 834 0134 FFF7FEFF 		bl	HAL_GetTick
 835 0138 8046     		mov	r8, r0
 836              	.L110:
 837 013a 2368     		ldr	r3, [r4]
 838 013c DF68     		ldr	r7, [r3, #12]
 839 013e 17F00207 		ands	r7, r7, #2
 840 0142 05D0     		beq	.L111
 841 0144 1D62     		str	r5, [r3, #32]
 842 0146 9E64     		str	r6, [r3, #72]
 843 0148 9A68     		ldr	r2, [r3, #8]
 844 014a 42F40072 		orr	r2, r2, #512
 845 014e B7E7     		b	.L115
 846              	.L111:
 847 0150 FFF7FEFF 		bl	HAL_GetTick
 848 0154 A0EB0800 		sub	r0, r0, r8
 849 0158 B0F57A7F 		cmp	r0, #1000
 850 015c EDD9     		bls	.L110
 851 015e D3E7     		b	.L116
 853              		.section	.text.HAL_RTC_SetAlarm_IT,"ax",%progbits
 854              		.align	1
 855              		.global	HAL_RTC_SetAlarm_IT
 856              		.syntax unified
 857              		.thumb
 858              		.thumb_func
 859              		.fpu fpv4-sp-d16
 861              	HAL_RTC_SetAlarm_IT:
 862              		@ args = 0, pretend = 0, frame = 0
 863              		@ frame_needed = 0, uses_anonymous_args = 0
 864 0000 2DE9F84F 		push	{r3, r4, r5, r6, r7, r8, r9, r10, fp, lr}
 865 0004 90F82030 		ldrb	r3, [r0, #32]	@ zero_extendqisi2
 866 0008 012B     		cmp	r3, #1
 867 000a 0446     		mov	r4, r0
 868 000c 4FF00200 		mov	r0, #2
 869 0010 00F08B80 		beq	.L118
 870 0014 0123     		movs	r3, #1
 871 0016 2768     		ldr	r7, [r4]
 872 0018 84F82030 		strb	r3, [r4, #32]
 873 001c 84F82100 		strb	r0, [r4, #33]
 874 0020 0878     		ldrb	r0, [r1]	@ zero_extendqisi2
 875 0022 91F80190 		ldrb	r9, [r1, #1]	@ zero_extendqisi2
 876 0026 91F802B0 		ldrb	fp, [r1, #2]	@ zero_extendqisi2
 877 002a 91F82480 		ldrb	r8, [r1, #36]	@ zero_extendqisi2
 878 002e 0E6A     		ldr	r6, [r1, #32]
 879 0030 BB68     		ldr	r3, [r7, #8]
 880 0032 002A     		cmp	r2, #0
 881 0034 58D1     		bne	.L119
 882 0036 13F04003 		ands	r3, r3, #64
 883 003a 08BF     		it	eq
 884 003c CB70     		strbeq	r3, [r1, #3]
 885 003e FFF7FEFF 		bl	RTC_ByteToBcd2
 886 0042 8246     		mov	r10, r0
 887 0044 4846     		mov	r0, r9
 888 0046 FFF7FEFF 		bl	RTC_ByteToBcd2
ARM GAS  /tmp/ccxuGqPg.s 			page 16


 889 004a 8146     		mov	r9, r0
 890 004c 5846     		mov	r0, fp
 891 004e FFF7FEFF 		bl	RTC_ByteToBcd2
 892 0052 0246     		mov	r2, r0
 893 0054 4046     		mov	r0, r8
 894 0056 FFF7FEFF 		bl	RTC_ByteToBcd2
 895 005a 4B69     		ldr	r3, [r1, #20]
 896 005c 46EA030C 		orr	ip, r6, r3
 897 0060 CE78     		ldrb	r6, [r1, #3]	@ zero_extendqisi2
 898 0062 4CEA865C 		orr	ip, ip, r6, lsl #22
 899 0066 4CEA0202 		orr	r2, ip, r2
 900 006a 42EA0A46 		orr	r6, r2, r10, lsl #16
 901 006e 46EA0923 		orr	r3, r6, r9, lsl #8
 902 0072 43EA0065 		orr	r5, r3, r0, lsl #24
 903              	.L121:
 904 0076 CB69     		ldr	r3, [r1, #28]
 905 0078 4E68     		ldr	r6, [r1, #4]
 906 007a 1E43     		orrs	r6, r6, r3
 907 007c CA23     		movs	r3, #202
 908 007e 7B62     		str	r3, [r7, #36]
 909 0080 5323     		movs	r3, #83
 910 0082 7B62     		str	r3, [r7, #36]
 911 0084 8B6A     		ldr	r3, [r1, #40]
 912 0086 B3F5807F 		cmp	r3, #256
 913 008a BB68     		ldr	r3, [r7, #8]
 914 008c 4FD1     		bne	.L123
 915 008e 23F48073 		bic	r3, r3, #256
 916 0092 BB60     		str	r3, [r7, #8]
 917 0094 FB68     		ldr	r3, [r7, #12]
 918 0096 DBB2     		uxtb	r3, r3
 919 0098 63F4C073 		orn	r3, r3, #384
 920 009c FB60     		str	r3, [r7, #12]
 921 009e FFF7FEFF 		bl	HAL_GetTick
 922 00a2 8046     		mov	r8, r0
 923              	.L124:
 924 00a4 2368     		ldr	r3, [r4]
 925 00a6 DF68     		ldr	r7, [r3, #12]
 926 00a8 17F00107 		ands	r7, r7, #1
 927 00ac 2ED0     		beq	.L125
 928 00ae DD61     		str	r5, [r3, #28]
 929 00b0 5E64     		str	r6, [r3, #68]
 930 00b2 9A68     		ldr	r2, [r3, #8]
 931 00b4 42F48072 		orr	r2, r2, #256
 932 00b8 9A60     		str	r2, [r3, #8]
 933 00ba 9A68     		ldr	r2, [r3, #8]
 934 00bc 42F48052 		orr	r2, r2, #4096
 935              	.L132:
 936 00c0 9A60     		str	r2, [r3, #8]
 937 00c2 2C4B     		ldr	r3, .L134
 938 00c4 1A68     		ldr	r2, [r3]
 939 00c6 42F48022 		orr	r2, r2, #262144
 940 00ca 1A60     		str	r2, [r3]
 941 00cc 9A68     		ldr	r2, [r3, #8]
 942 00ce 42F48022 		orr	r2, r2, #262144
 943 00d2 9A60     		str	r2, [r3, #8]
 944 00d4 2368     		ldr	r3, [r4]
 945 00d6 FF22     		movs	r2, #255
ARM GAS  /tmp/ccxuGqPg.s 			page 17


 946 00d8 5A62     		str	r2, [r3, #36]
 947 00da 0020     		movs	r0, #0
 948 00dc 0123     		movs	r3, #1
 949 00de 84F82130 		strb	r3, [r4, #33]
 950 00e2 84F82000 		strb	r0, [r4, #32]
 951 00e6 20E0     		b	.L118
 952              	.L119:
 953 00e8 13F04003 		ands	r3, r3, #64
 954 00ec 08BF     		it	eq
 955 00ee CB70     		strbeq	r3, [r1, #3]
 956 00f0 4B69     		ldr	r3, [r1, #20]
 957 00f2 1E43     		orrs	r6, r6, r3
 958 00f4 46EA0B06 		orr	r6, r6, fp
 959 00f8 46EA0045 		orr	r5, r6, r0, lsl #16
 960 00fc C878     		ldrb	r0, [r1, #3]	@ zero_extendqisi2
 961 00fe 45EA0925 		orr	r5, r5, r9, lsl #8
 962 0102 45EA8055 		orr	r5, r5, r0, lsl #22
 963 0106 45EA0865 		orr	r5, r5, r8, lsl #24
 964 010a B4E7     		b	.L121
 965              	.L125:
 966 010c FFF7FEFF 		bl	HAL_GetTick
 967 0110 A0EB0800 		sub	r0, r0, r8
 968 0114 B0F57A7F 		cmp	r0, #1000
 969 0118 C4D9     		bls	.L124
 970              	.L133:
 971 011a 2368     		ldr	r3, [r4]
 972 011c FF22     		movs	r2, #255
 973 011e 0320     		movs	r0, #3
 974 0120 5A62     		str	r2, [r3, #36]
 975 0122 84F82100 		strb	r0, [r4, #33]
 976 0126 84F82070 		strb	r7, [r4, #32]
 977              	.L118:
 978 012a BDE8F88F 		pop	{r3, r4, r5, r6, r7, r8, r9, r10, fp, pc}
 979              	.L123:
 980 012e 23F40073 		bic	r3, r3, #512
 981 0132 BB60     		str	r3, [r7, #8]
 982 0134 FB68     		ldr	r3, [r7, #12]
 983 0136 DBB2     		uxtb	r3, r3
 984 0138 63F42073 		orn	r3, r3, #640
 985 013c FB60     		str	r3, [r7, #12]
 986 013e FFF7FEFF 		bl	HAL_GetTick
 987 0142 8046     		mov	r8, r0
 988              	.L127:
 989 0144 2368     		ldr	r3, [r4]
 990 0146 DF68     		ldr	r7, [r3, #12]
 991 0148 17F00207 		ands	r7, r7, #2
 992 014c 09D0     		beq	.L128
 993 014e 1D62     		str	r5, [r3, #32]
 994 0150 9E64     		str	r6, [r3, #72]
 995 0152 9A68     		ldr	r2, [r3, #8]
 996 0154 42F40072 		orr	r2, r2, #512
 997 0158 9A60     		str	r2, [r3, #8]
 998 015a 9A68     		ldr	r2, [r3, #8]
 999 015c 42F40052 		orr	r2, r2, #8192
 1000 0160 AEE7     		b	.L132
 1001              	.L128:
 1002 0162 FFF7FEFF 		bl	HAL_GetTick
ARM GAS  /tmp/ccxuGqPg.s 			page 18


 1003 0166 A0EB0800 		sub	r0, r0, r8
 1004 016a B0F57A7F 		cmp	r0, #1000
 1005 016e E9D9     		bls	.L127
 1006 0170 D3E7     		b	.L133
 1007              	.L135:
 1008 0172 00BF     		.align	2
 1009              	.L134:
 1010 0174 00040140 		.word	1073808384
 1012              		.section	.text.RTC_Bcd2ToByte,"ax",%progbits
 1013              		.align	1
 1014              		.global	RTC_Bcd2ToByte
 1015              		.syntax unified
 1016              		.thumb
 1017              		.thumb_func
 1018              		.fpu fpv4-sp-d16
 1020              	RTC_Bcd2ToByte:
 1021              		@ args = 0, pretend = 0, frame = 0
 1022              		@ frame_needed = 0, uses_anonymous_args = 0
 1023              		@ link register save eliminated.
 1024 0000 0309     		lsrs	r3, r0, #4
 1025 0002 03EB8303 		add	r3, r3, r3, lsl #2
 1026 0006 00F00F00 		and	r0, r0, #15
 1027 000a 00EB4300 		add	r0, r0, r3, lsl #1
 1028 000e C0B2     		uxtb	r0, r0
 1029 0010 7047     		bx	lr
 1031              		.section	.text.HAL_RTC_GetTime,"ax",%progbits
 1032              		.align	1
 1033              		.global	HAL_RTC_GetTime
 1034              		.syntax unified
 1035              		.thumb
 1036              		.thumb_func
 1037              		.fpu fpv4-sp-d16
 1039              	HAL_RTC_GetTime:
 1040              		@ args = 0, pretend = 0, frame = 0
 1041              		@ frame_needed = 0, uses_anonymous_args = 0
 1042 0000 38B5     		push	{r3, r4, r5, lr}
 1043 0002 0368     		ldr	r3, [r0]
 1044 0004 986A     		ldr	r0, [r3, #40]
 1045 0006 4860     		str	r0, [r1, #4]
 1046 0008 1869     		ldr	r0, [r3, #16]
 1047 000a 1B68     		ldr	r3, [r3]
 1048 000c C0F30E00 		ubfx	r0, r0, #0, #15
 1049 0010 C3F30625 		ubfx	r5, r3, #8, #7
 1050 0014 03F07F04 		and	r4, r3, #127
 1051 0018 8860     		str	r0, [r1, #8]
 1052 001a C3F30540 		ubfx	r0, r3, #16, #6
 1053 001e C3F38053 		ubfx	r3, r3, #22, #1
 1054 0022 0870     		strb	r0, [r1]
 1055 0024 4D70     		strb	r5, [r1, #1]
 1056 0026 8C70     		strb	r4, [r1, #2]
 1057 0028 CB70     		strb	r3, [r1, #3]
 1058 002a 52B9     		cbnz	r2, .L138
 1059 002c FFF7FEFF 		bl	RTC_Bcd2ToByte
 1060 0030 0870     		strb	r0, [r1]
 1061 0032 2846     		mov	r0, r5
 1062 0034 FFF7FEFF 		bl	RTC_Bcd2ToByte
 1063 0038 4870     		strb	r0, [r1, #1]
ARM GAS  /tmp/ccxuGqPg.s 			page 19


 1064 003a 2046     		mov	r0, r4
 1065 003c FFF7FEFF 		bl	RTC_Bcd2ToByte
 1066 0040 8870     		strb	r0, [r1, #2]
 1067              	.L138:
 1068 0042 0020     		movs	r0, #0
 1069 0044 38BD     		pop	{r3, r4, r5, pc}
 1071              		.section	.text.HAL_RTC_GetDate,"ax",%progbits
 1072              		.align	1
 1073              		.global	HAL_RTC_GetDate
 1074              		.syntax unified
 1075              		.thumb
 1076              		.thumb_func
 1077              		.fpu fpv4-sp-d16
 1079              	HAL_RTC_GetDate:
 1080              		@ args = 0, pretend = 0, frame = 0
 1081              		@ frame_needed = 0, uses_anonymous_args = 0
 1082 0000 38B5     		push	{r3, r4, r5, lr}
 1083 0002 0368     		ldr	r3, [r0]
 1084 0004 5B68     		ldr	r3, [r3, #4]
 1085 0006 C3F30740 		ubfx	r0, r3, #16, #8
 1086 000a C3F30425 		ubfx	r5, r3, #8, #5
 1087 000e 03F03F04 		and	r4, r3, #63
 1088 0012 C3F34233 		ubfx	r3, r3, #13, #3
 1089 0016 C870     		strb	r0, [r1, #3]
 1090 0018 4D70     		strb	r5, [r1, #1]
 1091 001a 8C70     		strb	r4, [r1, #2]
 1092 001c 0B70     		strb	r3, [r1]
 1093 001e 52B9     		cbnz	r2, .L140
 1094 0020 FFF7FEFF 		bl	RTC_Bcd2ToByte
 1095 0024 C870     		strb	r0, [r1, #3]
 1096 0026 2846     		mov	r0, r5
 1097 0028 FFF7FEFF 		bl	RTC_Bcd2ToByte
 1098 002c 4870     		strb	r0, [r1, #1]
 1099 002e 2046     		mov	r0, r4
 1100 0030 FFF7FEFF 		bl	RTC_Bcd2ToByte
 1101 0034 8870     		strb	r0, [r1, #2]
 1102              	.L140:
 1103 0036 0020     		movs	r0, #0
 1104 0038 38BD     		pop	{r3, r4, r5, pc}
 1106              		.section	.text.HAL_RTC_GetAlarm,"ax",%progbits
 1107              		.align	1
 1108              		.global	HAL_RTC_GetAlarm
 1109              		.syntax unified
 1110              		.thumb
 1111              		.thumb_func
 1112              		.fpu fpv4-sp-d16
 1114              	HAL_RTC_GetAlarm:
 1115              		@ args = 0, pretend = 0, frame = 0
 1116              		@ frame_needed = 0, uses_anonymous_args = 0
 1117 0000 0068     		ldr	r0, [r0]
 1118 0002 B2F5807F 		cmp	r2, #256
 1119 0006 15BF     		itete	ne
 1120 0008 4FF40072 		movne	r2, #512
 1121 000c 8A62     		streq	r2, [r1, #40]
 1122 000e 8A62     		strne	r2, [r1, #40]
 1123 0010 C269     		ldreq	r2, [r0, #28]
 1124 0012 16BF     		itet	ne
ARM GAS  /tmp/ccxuGqPg.s 			page 20


 1125 0014 026A     		ldrne	r2, [r0, #32]
 1126 0016 406C     		ldreq	r0, [r0, #68]
 1127 0018 806C     		ldrne	r0, [r0, #72]
 1128 001a 10B5     		push	{r4, lr}
 1129 001c C2F30544 		ubfx	r4, r2, #16, #6
 1130 0020 C0F30E00 		ubfx	r0, r0, #0, #15
 1131 0024 0C70     		strb	r4, [r1]
 1132 0026 C2F30624 		ubfx	r4, r2, #8, #7
 1133 002a 4C70     		strb	r4, [r1, #1]
 1134 002c 4860     		str	r0, [r1, #4]
 1135 002e 02F07F04 		and	r4, r2, #127
 1136 0032 C2F30560 		ubfx	r0, r2, #24, #6
 1137 0036 8C70     		strb	r4, [r1, #2]
 1138 0038 81F82400 		strb	r0, [r1, #36]
 1139 003c C2F38054 		ubfx	r4, r2, #22, #1
 1140 0040 02F08040 		and	r0, r2, #1073741824
 1141 0044 02F08032 		and	r2, r2, #-2139062144
 1142 0048 CC70     		strb	r4, [r1, #3]
 1143 004a 0862     		str	r0, [r1, #32]
 1144 004c 4A61     		str	r2, [r1, #20]
 1145 004e 8BB9     		cbnz	r3, .L144
 1146 0050 0878     		ldrb	r0, [r1]	@ zero_extendqisi2
 1147 0052 FFF7FEFF 		bl	RTC_Bcd2ToByte
 1148 0056 0870     		strb	r0, [r1]
 1149 0058 4878     		ldrb	r0, [r1, #1]	@ zero_extendqisi2
 1150 005a FFF7FEFF 		bl	RTC_Bcd2ToByte
 1151 005e 4870     		strb	r0, [r1, #1]
 1152 0060 8878     		ldrb	r0, [r1, #2]	@ zero_extendqisi2
 1153 0062 FFF7FEFF 		bl	RTC_Bcd2ToByte
 1154 0066 8870     		strb	r0, [r1, #2]
 1155 0068 91F82400 		ldrb	r0, [r1, #36]	@ zero_extendqisi2
 1156 006c FFF7FEFF 		bl	RTC_Bcd2ToByte
 1157 0070 81F82400 		strb	r0, [r1, #36]
 1158              	.L144:
 1159 0074 0020     		movs	r0, #0
 1160 0076 10BD     		pop	{r4, pc}
 1162              		.ident	"GCC: (15:10.3-2021.07-4) 10.3.1 20210621 (release)"
ARM GAS  /tmp/ccxuGqPg.s 			page 21


DEFINED SYMBOLS
                            *ABS*:0000000000000000 stm32l4xx_hal_rtc.c
     /tmp/ccxuGqPg.s:14     .text.HAL_RTC_MspInit:0000000000000000 $t
     /tmp/ccxuGqPg.s:22     .text.HAL_RTC_MspInit:0000000000000000 HAL_RTC_MspInit
     /tmp/ccxuGqPg.s:29     .text.HAL_RTC_MspDeInit:0000000000000000 $t
     /tmp/ccxuGqPg.s:36     .text.HAL_RTC_MspDeInit:0000000000000000 HAL_RTC_MspDeInit
     /tmp/ccxuGqPg.s:43     .text.HAL_RTC_DeactivateAlarm:0000000000000000 $t
     /tmp/ccxuGqPg.s:50     .text.HAL_RTC_DeactivateAlarm:0000000000000000 HAL_RTC_DeactivateAlarm
     /tmp/ccxuGqPg.s:125    .text.HAL_RTC_AlarmAEventCallback:0000000000000000 $t
     /tmp/ccxuGqPg.s:132    .text.HAL_RTC_AlarmAEventCallback:0000000000000000 HAL_RTC_AlarmAEventCallback
     /tmp/ccxuGqPg.s:139    .text.HAL_RTC_AlarmIRQHandler:0000000000000000 $t
     /tmp/ccxuGqPg.s:146    .text.HAL_RTC_AlarmIRQHandler:0000000000000000 HAL_RTC_AlarmIRQHandler
     /tmp/ccxuGqPg.s:187    .text.HAL_RTC_AlarmIRQHandler:0000000000000050 $d
     /tmp/ccxuGqPg.s:190    .text.HAL_RTC_PollForAlarmAEvent:0000000000000000 $t
     /tmp/ccxuGqPg.s:197    .text.HAL_RTC_PollForAlarmAEvent:0000000000000000 HAL_RTC_PollForAlarmAEvent
     /tmp/ccxuGqPg.s:236    .text.HAL_RTC_WaitForSynchro:0000000000000000 $t
     /tmp/ccxuGqPg.s:243    .text.HAL_RTC_WaitForSynchro:0000000000000000 HAL_RTC_WaitForSynchro
     /tmp/ccxuGqPg.s:271    .text.HAL_RTC_GetState:0000000000000000 $t
     /tmp/ccxuGqPg.s:278    .text.HAL_RTC_GetState:0000000000000000 HAL_RTC_GetState
     /tmp/ccxuGqPg.s:286    .text.RTC_EnterInitMode:0000000000000000 $t
     /tmp/ccxuGqPg.s:293    .text.RTC_EnterInitMode:0000000000000000 RTC_EnterInitMode
     /tmp/ccxuGqPg.s:330    .text.RTC_ExitInitMode:0000000000000000 $t
     /tmp/ccxuGqPg.s:337    .text.RTC_ExitInitMode:0000000000000000 RTC_ExitInitMode
     /tmp/ccxuGqPg.s:372    .text.RTC_ExitInitMode:0000000000000044 $d
     /tmp/ccxuGqPg.s:375    .text.HAL_RTC_Init:0000000000000000 $t
     /tmp/ccxuGqPg.s:382    .text.HAL_RTC_Init:0000000000000000 HAL_RTC_Init
     /tmp/ccxuGqPg.s:448    .text.HAL_RTC_DeInit:0000000000000000 $t
     /tmp/ccxuGqPg.s:455    .text.HAL_RTC_DeInit:0000000000000000 HAL_RTC_DeInit
     /tmp/ccxuGqPg.s:510    .text.HAL_RTC_DeInit:0000000000000070 $d
     /tmp/ccxuGqPg.s:513    .text.RTC_ByteToBcd2:0000000000000000 $t
     /tmp/ccxuGqPg.s:520    .text.RTC_ByteToBcd2:0000000000000000 RTC_ByteToBcd2
     /tmp/ccxuGqPg.s:538    .text.HAL_RTC_SetTime:0000000000000000 $t
     /tmp/ccxuGqPg.s:545    .text.HAL_RTC_SetTime:0000000000000000 HAL_RTC_SetTime
     /tmp/ccxuGqPg.s:628    .text.HAL_RTC_SetDate:0000000000000000 $t
     /tmp/ccxuGqPg.s:635    .text.HAL_RTC_SetDate:0000000000000000 HAL_RTC_SetDate
     /tmp/ccxuGqPg.s:706    .text.HAL_RTC_SetAlarm:0000000000000000 $t
     /tmp/ccxuGqPg.s:713    .text.HAL_RTC_SetAlarm:0000000000000000 HAL_RTC_SetAlarm
     /tmp/ccxuGqPg.s:854    .text.HAL_RTC_SetAlarm_IT:0000000000000000 $t
     /tmp/ccxuGqPg.s:861    .text.HAL_RTC_SetAlarm_IT:0000000000000000 HAL_RTC_SetAlarm_IT
     /tmp/ccxuGqPg.s:1010   .text.HAL_RTC_SetAlarm_IT:0000000000000174 $d
     /tmp/ccxuGqPg.s:1013   .text.RTC_Bcd2ToByte:0000000000000000 $t
     /tmp/ccxuGqPg.s:1020   .text.RTC_Bcd2ToByte:0000000000000000 RTC_Bcd2ToByte
     /tmp/ccxuGqPg.s:1032   .text.HAL_RTC_GetTime:0000000000000000 $t
     /tmp/ccxuGqPg.s:1039   .text.HAL_RTC_GetTime:0000000000000000 HAL_RTC_GetTime
     /tmp/ccxuGqPg.s:1072   .text.HAL_RTC_GetDate:0000000000000000 $t
     /tmp/ccxuGqPg.s:1079   .text.HAL_RTC_GetDate:0000000000000000 HAL_RTC_GetDate
     /tmp/ccxuGqPg.s:1107   .text.HAL_RTC_GetAlarm:0000000000000000 $t
     /tmp/ccxuGqPg.s:1114   .text.HAL_RTC_GetAlarm:0000000000000000 HAL_RTC_GetAlarm

UNDEFINED SYMBOLS
HAL_GetTick
HAL_RTCEx_AlarmBEventCallback
