ARM GAS  /tmp/ccIlFzKn.s 			page 1


   1              		.cpu cortex-m4
   2              		.eabi_attribute 27, 1
   3              		.eabi_attribute 28, 1
   4              		.eabi_attribute 23, 1
   5              		.eabi_attribute 24, 1
   6              		.eabi_attribute 25, 1
   7              		.eabi_attribute 26, 1
   8              		.eabi_attribute 30, 4
   9              		.eabi_attribute 34, 1
  10              		.eabi_attribute 18, 4
  11              		.file	"stm32l4xx_hal_dma.c"
  12              		.text
  13              		.section	.text.HAL_DMA_Init,"ax",%progbits
  14              		.align	1
  15              		.global	HAL_DMA_Init
  16              		.arch armv7e-m
  17              		.syntax unified
  18              		.thumb
  19              		.thumb_func
  20              		.fpu fpv4-sp-d16
  22              	HAL_DMA_Init:
  23              		@ args = 0, pretend = 0, frame = 0
  24              		@ frame_needed = 0, uses_anonymous_args = 0
  25 0000 F0B5     		push	{r4, r5, r6, r7, lr}
  26 0002 0028     		cmp	r0, #0
  27 0004 58D0     		beq	.L7
  28 0006 0568     		ldr	r5, [r0]
  29 0008 2C4B     		ldr	r3, .L11
  30 000a 9D42     		cmp	r5, r3
  31 000c 4FF01401 		mov	r1, #20
  32 0010 40D8     		bhi	.L3
  33 0012 2B4B     		ldr	r3, .L11+4
  34 0014 2B44     		add	r3, r3, r5
  35 0016 B3FBF1F3 		udiv	r3, r3, r1
  36 001a 2A49     		ldr	r1, .L11+8
  37 001c 9B00     		lsls	r3, r3, #2
  38              	.L4:
  39 001e 0222     		movs	r2, #2
  40 0020 80F82520 		strb	r2, [r0, #37]
  41 0024 D0E90262 		ldrd	r6, r2, [r0, #8]
  42 0028 0769     		ldr	r7, [r0, #16]
  43 002a 2C68     		ldr	r4, [r5]
  44 002c 3243     		orrs	r2, r2, r6
  45 002e 3A43     		orrs	r2, r2, r7
  46 0030 4769     		ldr	r7, [r0, #20]
  47 0032 3A43     		orrs	r2, r2, r7
  48 0034 8769     		ldr	r7, [r0, #24]
  49 0036 3A43     		orrs	r2, r2, r7
  50 0038 C769     		ldr	r7, [r0, #28]
  51 003a 3A43     		orrs	r2, r2, r7
  52 003c 076A     		ldr	r7, [r0, #32]
  53 003e 24F4FF44 		bic	r4, r4, #32640
  54 0042 24F07004 		bic	r4, r4, #112
  55 0046 3A43     		orrs	r2, r2, r7
  56 0048 2243     		orrs	r2, r2, r4
  57 004a B6F5804F 		cmp	r6, #16384
  58 004e C0E91013 		strd	r1, r3, [r0, #64]
ARM GAS  /tmp/ccIlFzKn.s 			page 2


  59 0052 2A60     		str	r2, [r5]
  60 0054 15D0     		beq	.L5
  61 0056 4468     		ldr	r4, [r0, #4]
  62 0058 03F01C03 		and	r3, r3, #28
  63 005c 0F22     		movs	r2, #15
  64 005e 9A40     		lsls	r2, r2, r3
  65 0060 04FA03F3 		lsl	r3, r4, r3
  66 0064 174C     		ldr	r4, .L11+8
  67 0066 A142     		cmp	r1, r4
  68 0068 6FEA0202 		mvn	r2, r2
  69 006c 19D1     		bne	.L6
  70 006e D1F8A840 		ldr	r4, [r1, #168]
  71 0072 2240     		ands	r2, r2, r4
  72 0074 C1F8A820 		str	r2, [r1, #168]
  73 0078 D1F8A820 		ldr	r2, [r1, #168]
  74 007c 1343     		orrs	r3, r3, r2
  75 007e C1F8A830 		str	r3, [r1, #168]
  76              	.L5:
  77 0082 0023     		movs	r3, #0
  78 0084 0122     		movs	r2, #1
  79 0086 C363     		str	r3, [r0, #60]
  80 0088 80F82430 		strb	r3, [r0, #36]
  81 008c 80F82520 		strb	r2, [r0, #37]
  82 0090 1846     		mov	r0, r3
  83              	.L2:
  84 0092 F0BD     		pop	{r4, r5, r6, r7, pc}
  85              	.L3:
  86 0094 0C4B     		ldr	r3, .L11+12
  87 0096 2B44     		add	r3, r3, r5
  88 0098 B3FBF1F3 		udiv	r3, r3, r1
  89 009c 0B49     		ldr	r1, .L11+16
  90 009e 9B00     		lsls	r3, r3, #2
  91 00a0 BDE7     		b	.L4
  92              	.L6:
  93 00a2 D4F8A814 		ldr	r1, [r4, #1192]
  94 00a6 0A40     		ands	r2, r2, r1
  95 00a8 C4F8A824 		str	r2, [r4, #1192]
  96 00ac D4F8A824 		ldr	r2, [r4, #1192]
  97 00b0 1343     		orrs	r3, r3, r2
  98 00b2 C4F8A834 		str	r3, [r4, #1192]
  99 00b6 E4E7     		b	.L5
 100              	.L7:
 101 00b8 0120     		movs	r0, #1
 102 00ba EAE7     		b	.L2
 103              	.L12:
 104              		.align	2
 105              	.L11:
 106 00bc 07040240 		.word	1073873927
 107 00c0 F8FFFDBF 		.word	-1073872904
 108 00c4 00000240 		.word	1073872896
 109 00c8 F8FBFDBF 		.word	-1073873928
 110 00cc 00040240 		.word	1073873920
 112              		.section	.text.HAL_DMA_DeInit,"ax",%progbits
 113              		.align	1
 114              		.global	HAL_DMA_DeInit
 115              		.syntax unified
 116              		.thumb
ARM GAS  /tmp/ccIlFzKn.s 			page 3


 117              		.thumb_func
 118              		.fpu fpv4-sp-d16
 120              	HAL_DMA_DeInit:
 121              		@ args = 0, pretend = 0, frame = 0
 122              		@ frame_needed = 0, uses_anonymous_args = 0
 123 0000 10B5     		push	{r4, lr}
 124 0002 0028     		cmp	r0, #0
 125 0004 3DD0     		beq	.L19
 126 0006 0168     		ldr	r1, [r0]
 127 0008 0B68     		ldr	r3, [r1]
 128 000a 23F00103 		bic	r3, r3, #1
 129 000e 0B60     		str	r3, [r1]
 130 0010 1D4B     		ldr	r3, .L20
 131 0012 9942     		cmp	r1, r3
 132 0014 4FF01402 		mov	r2, #20
 133 0018 2CD8     		bhi	.L15
 134 001a 1C4B     		ldr	r3, .L20+4
 135 001c 1C4C     		ldr	r4, .L20+8
 136 001e 0B44     		add	r3, r3, r1
 137 0020 B3FBF2F3 		udiv	r3, r3, r2
 138 0024 9B00     		lsls	r3, r3, #2
 139              	.L16:
 140 0026 0022     		movs	r2, #0
 141 0028 C0E91043 		strd	r4, r3, [r0, #64]
 142 002c 0A60     		str	r2, [r1]
 143 002e 03F01C03 		and	r3, r3, #28
 144 0032 0121     		movs	r1, #1
 145 0034 9940     		lsls	r1, r1, r3
 146 0036 6160     		str	r1, [r4, #4]
 147 0038 0F21     		movs	r1, #15
 148 003a 01FA03F3 		lsl	r3, r1, r3
 149 003e 1449     		ldr	r1, .L20+8
 150 0040 8C42     		cmp	r4, r1
 151 0042 0CBF     		ite	eq
 152 0044 D4F8A810 		ldreq	r1, [r4, #168]
 153 0048 D1F8A844 		ldrne	r4, [r1, #1192]
 154 004c 6FEA0303 		mvn	r3, r3
 155 0050 0BBF     		itete	eq
 156 0052 0B40     		andeq	r3, r3, r1
 157 0054 2340     		andne	r3, r3, r4
 158 0056 C4F8A830 		streq	r3, [r4, #168]
 159 005a C1F8A834 		strne	r3, [r1, #1192]
 160 005e C263     		str	r2, [r0, #60]
 161 0060 C0E90B22 		strd	r2, r2, [r0, #44]
 162 0064 C0E90D22 		strd	r2, r2, [r0, #52]
 163 0068 80F82520 		strb	r2, [r0, #37]
 164 006c 80F82420 		strb	r2, [r0, #36]
 165 0070 0020     		movs	r0, #0
 166              	.L14:
 167 0072 10BD     		pop	{r4, pc}
 168              	.L15:
 169 0074 074B     		ldr	r3, .L20+12
 170 0076 084C     		ldr	r4, .L20+16
 171 0078 0B44     		add	r3, r3, r1
 172 007a B3FBF2F3 		udiv	r3, r3, r2
 173 007e 9B00     		lsls	r3, r3, #2
 174 0080 D1E7     		b	.L16
ARM GAS  /tmp/ccIlFzKn.s 			page 4


 175              	.L19:
 176 0082 0120     		movs	r0, #1
 177 0084 F5E7     		b	.L14
 178              	.L21:
 179 0086 00BF     		.align	2
 180              	.L20:
 181 0088 07040240 		.word	1073873927
 182 008c F8FFFDBF 		.word	-1073872904
 183 0090 00000240 		.word	1073872896
 184 0094 F8FBFDBF 		.word	-1073873928
 185 0098 00040240 		.word	1073873920
 187              		.section	.text.HAL_DMA_Start,"ax",%progbits
 188              		.align	1
 189              		.global	HAL_DMA_Start
 190              		.syntax unified
 191              		.thumb
 192              		.thumb_func
 193              		.fpu fpv4-sp-d16
 195              	HAL_DMA_Start:
 196              		@ args = 0, pretend = 0, frame = 0
 197              		@ frame_needed = 0, uses_anonymous_args = 0
 198 0000 F0B5     		push	{r4, r5, r6, r7, lr}
 199 0002 90F82440 		ldrb	r4, [r0, #36]	@ zero_extendqisi2
 200 0006 012C     		cmp	r4, #1
 201 0008 29D0     		beq	.L27
 202 000a 0124     		movs	r4, #1
 203 000c 80F82440 		strb	r4, [r0, #36]
 204 0010 90F82540 		ldrb	r4, [r0, #37]	@ zero_extendqisi2
 205 0014 012C     		cmp	r4, #1
 206 0016 E5B2     		uxtb	r5, r4
 207 0018 4FF00006 		mov	r6, #0
 208 001c 4FF00204 		mov	r4, #2
 209 0020 1BD1     		bne	.L24
 210 0022 80F82540 		strb	r4, [r0, #37]
 211 0026 0468     		ldr	r4, [r0]
 212 0028 C663     		str	r6, [r0, #60]
 213 002a 2668     		ldr	r6, [r4]
 214 002c 26F00106 		bic	r6, r6, #1
 215 0030 2660     		str	r6, [r4]
 216 0032 D0E91067 		ldrd	r6, r7, [r0, #64]
 217 0036 07F01C07 		and	r7, r7, #28
 218 003a BD40     		lsls	r5, r5, r7
 219 003c 7560     		str	r5, [r6, #4]
 220 003e 6360     		str	r3, [r4, #4]
 221 0040 8368     		ldr	r3, [r0, #8]
 222 0042 102B     		cmp	r3, #16
 223 0044 0BBF     		itete	eq
 224 0046 A260     		streq	r2, [r4, #8]
 225 0048 A160     		strne	r1, [r4, #8]
 226 004a E160     		streq	r1, [r4, #12]
 227 004c E260     		strne	r2, [r4, #12]
 228 004e 2368     		ldr	r3, [r4]
 229 0050 43F00103 		orr	r3, r3, #1
 230 0054 2360     		str	r3, [r4]
 231 0056 0020     		movs	r0, #0
 232              	.L23:
 233 0058 F0BD     		pop	{r4, r5, r6, r7, pc}
ARM GAS  /tmp/ccIlFzKn.s 			page 5


 234              	.L24:
 235 005a 80F82460 		strb	r6, [r0, #36]
 236              	.L27:
 237 005e 0220     		movs	r0, #2
 238 0060 FAE7     		b	.L23
 240              		.section	.text.HAL_DMA_Start_IT,"ax",%progbits
 241              		.align	1
 242              		.global	HAL_DMA_Start_IT
 243              		.syntax unified
 244              		.thumb
 245              		.thumb_func
 246              		.fpu fpv4-sp-d16
 248              	HAL_DMA_Start_IT:
 249              		@ args = 0, pretend = 0, frame = 0
 250              		@ frame_needed = 0, uses_anonymous_args = 0
 251 0000 F0B5     		push	{r4, r5, r6, r7, lr}
 252 0002 90F82440 		ldrb	r4, [r0, #36]	@ zero_extendqisi2
 253 0006 012C     		cmp	r4, #1
 254 0008 37D0     		beq	.L35
 255 000a 0124     		movs	r4, #1
 256 000c 80F82440 		strb	r4, [r0, #36]
 257 0010 90F82540 		ldrb	r4, [r0, #37]	@ zero_extendqisi2
 258 0014 012C     		cmp	r4, #1
 259 0016 E5B2     		uxtb	r5, r4
 260 0018 4FF00006 		mov	r6, #0
 261 001c 4FF00204 		mov	r4, #2
 262 0020 29D1     		bne	.L30
 263 0022 80F82540 		strb	r4, [r0, #37]
 264 0026 0468     		ldr	r4, [r0]
 265 0028 C663     		str	r6, [r0, #60]
 266 002a 2668     		ldr	r6, [r4]
 267 002c 26F00106 		bic	r6, r6, #1
 268 0030 2660     		str	r6, [r4]
 269 0032 D0E91067 		ldrd	r6, r7, [r0, #64]
 270 0036 07F01C07 		and	r7, r7, #28
 271 003a BD40     		lsls	r5, r5, r7
 272 003c 7560     		str	r5, [r6, #4]
 273 003e 6360     		str	r3, [r4, #4]
 274 0040 8368     		ldr	r3, [r0, #8]
 275 0042 102B     		cmp	r3, #16
 276 0044 036B     		ldr	r3, [r0, #48]
 277 0046 0BBF     		itete	eq
 278 0048 A260     		streq	r2, [r4, #8]
 279 004a A160     		strne	r1, [r4, #8]
 280 004c E160     		streq	r1, [r4, #12]
 281 004e E260     		strne	r2, [r4, #12]
 282 0050 4BB1     		cbz	r3, .L33
 283 0052 2368     		ldr	r3, [r4]
 284 0054 43F00E03 		orr	r3, r3, #14
 285              	.L36:
 286 0058 2360     		str	r3, [r4]
 287 005a 2368     		ldr	r3, [r4]
 288 005c 43F00103 		orr	r3, r3, #1
 289 0060 2360     		str	r3, [r4]
 290 0062 0020     		movs	r0, #0
 291              	.L29:
 292 0064 F0BD     		pop	{r4, r5, r6, r7, pc}
ARM GAS  /tmp/ccIlFzKn.s 			page 6


 293              	.L33:
 294 0066 2368     		ldr	r3, [r4]
 295 0068 23F00403 		bic	r3, r3, #4
 296 006c 2360     		str	r3, [r4]
 297 006e 2368     		ldr	r3, [r4]
 298 0070 43F00A03 		orr	r3, r3, #10
 299 0074 F0E7     		b	.L36
 300              	.L30:
 301 0076 80F82460 		strb	r6, [r0, #36]
 302              	.L35:
 303 007a 0220     		movs	r0, #2
 304 007c F2E7     		b	.L29
 306              		.section	.text.HAL_DMA_Abort,"ax",%progbits
 307              		.align	1
 308              		.global	HAL_DMA_Abort
 309              		.syntax unified
 310              		.thumb
 311              		.thumb_func
 312              		.fpu fpv4-sp-d16
 314              	HAL_DMA_Abort:
 315              		@ args = 0, pretend = 0, frame = 0
 316              		@ frame_needed = 0, uses_anonymous_args = 0
 317              		@ link register save eliminated.
 318 0000 90F82530 		ldrb	r3, [r0, #37]	@ zero_extendqisi2
 319 0004 022B     		cmp	r3, #2
 320 0006 06D0     		beq	.L38
 321 0008 0423     		movs	r3, #4
 322 000a C363     		str	r3, [r0, #60]
 323 000c 0023     		movs	r3, #0
 324 000e 80F82430 		strb	r3, [r0, #36]
 325 0012 0120     		movs	r0, #1
 326 0014 7047     		bx	lr
 327              	.L38:
 328 0016 0368     		ldr	r3, [r0]
 329 0018 1A68     		ldr	r2, [r3]
 330 001a 22F00E02 		bic	r2, r2, #14
 331 001e 1A60     		str	r2, [r3]
 332 0020 1A68     		ldr	r2, [r3]
 333 0022 22F00102 		bic	r2, r2, #1
 334 0026 1A60     		str	r2, [r3]
 335 0028 D0E91013 		ldrd	r1, r3, [r0, #64]
 336 002c 0122     		movs	r2, #1
 337 002e 03F01C03 		and	r3, r3, #28
 338 0032 02FA03F3 		lsl	r3, r2, r3
 339 0036 4B60     		str	r3, [r1, #4]
 340 0038 0023     		movs	r3, #0
 341 003a 80F82520 		strb	r2, [r0, #37]
 342 003e 80F82430 		strb	r3, [r0, #36]
 343 0042 1846     		mov	r0, r3
 344 0044 7047     		bx	lr
 346              		.section	.text.HAL_DMA_Abort_IT,"ax",%progbits
 347              		.align	1
 348              		.global	HAL_DMA_Abort_IT
 349              		.syntax unified
 350              		.thumb
 351              		.thumb_func
 352              		.fpu fpv4-sp-d16
ARM GAS  /tmp/ccIlFzKn.s 			page 7


 354              	HAL_DMA_Abort_IT:
 355              		@ args = 0, pretend = 0, frame = 0
 356              		@ frame_needed = 0, uses_anonymous_args = 0
 357 0000 10B5     		push	{r4, lr}
 358 0002 90F82520 		ldrb	r2, [r0, #37]	@ zero_extendqisi2
 359 0006 022A     		cmp	r2, #2
 360 0008 03D0     		beq	.L41
 361 000a 0422     		movs	r2, #4
 362 000c C263     		str	r2, [r0, #60]
 363 000e 0120     		movs	r0, #1
 364              	.L42:
 365 0010 10BD     		pop	{r4, pc}
 366              	.L41:
 367 0012 0268     		ldr	r2, [r0]
 368 0014 836B     		ldr	r3, [r0, #56]
 369 0016 1168     		ldr	r1, [r2]
 370 0018 21F00E01 		bic	r1, r1, #14
 371 001c 1160     		str	r1, [r2]
 372 001e 1168     		ldr	r1, [r2]
 373 0020 21F00101 		bic	r1, r1, #1
 374 0024 1160     		str	r1, [r2]
 375 0026 D0E91042 		ldrd	r4, r2, [r0, #64]
 376 002a 0121     		movs	r1, #1
 377 002c 02F01C02 		and	r2, r2, #28
 378 0030 01FA02F2 		lsl	r2, r1, r2
 379 0034 6260     		str	r2, [r4, #4]
 380 0036 0024     		movs	r4, #0
 381 0038 80F82510 		strb	r1, [r0, #37]
 382 003c 80F82440 		strb	r4, [r0, #36]
 383 0040 13B1     		cbz	r3, .L43
 384 0042 9847     		blx	r3
 385 0044 2046     		mov	r0, r4
 386 0046 E3E7     		b	.L42
 387              	.L43:
 388 0048 1846     		mov	r0, r3
 389 004a E1E7     		b	.L42
 391              		.section	.text.HAL_DMA_PollForTransfer,"ax",%progbits
 392              		.align	1
 393              		.global	HAL_DMA_PollForTransfer
 394              		.syntax unified
 395              		.thumb
 396              		.thumb_func
 397              		.fpu fpv4-sp-d16
 399              	HAL_DMA_PollForTransfer:
 400              		@ args = 0, pretend = 0, frame = 0
 401              		@ frame_needed = 0, uses_anonymous_args = 0
 402 0000 2DE9F047 		push	{r4, r5, r6, r7, r8, r9, r10, lr}
 403 0004 90F82530 		ldrb	r3, [r0, #37]	@ zero_extendqisi2
 404 0008 022B     		cmp	r3, #2
 405 000a 1746     		mov	r7, r2
 406 000c 8046     		mov	r8, r0
 407 000e 0C46     		mov	r4, r1
 408 0010 DAB2     		uxtb	r2, r3
 409 0012 08D0     		beq	.L45
 410 0014 0423     		movs	r3, #4
 411 0016 C363     		str	r3, [r0, #60]
 412 0018 0023     		movs	r3, #0
ARM GAS  /tmp/ccIlFzKn.s 			page 8


 413 001a 80F82430 		strb	r3, [r0, #36]
 414              	.L59:
 415 001e 0124     		movs	r4, #1
 416              	.L46:
 417 0020 2046     		mov	r0, r4
 418 0022 BDE8F087 		pop	{r4, r5, r6, r7, r8, r9, r10, pc}
 419              	.L45:
 420 0026 0368     		ldr	r3, [r0]
 421 0028 1B68     		ldr	r3, [r3]
 422 002a 9906     		lsls	r1, r3, #26
 423 002c 03D5     		bpl	.L47
 424 002e 4FF48073 		mov	r3, #256
 425 0032 C363     		str	r3, [r0, #60]
 426 0034 F3E7     		b	.L59
 427              	.L47:
 428 0036 456C     		ldr	r5, [r0, #68]
 429 0038 05F01C05 		and	r5, r5, #28
 430 003c D4B9     		cbnz	r4, .L48
 431 003e 02FA05F5 		lsl	r5, r2, r5
 432              	.L49:
 433 0042 FFF7FEFF 		bl	HAL_GetTick
 434 0046 4FF0080A 		mov	r10, #8
 435 004a 8146     		mov	r9, r0
 436              	.L50:
 437 004c D8E91063 		ldrd	r6, r3, [r8, #64]
 438 0050 03F01C03 		and	r3, r3, #28
 439 0054 0AFA03F1 		lsl	r1, r10, r3
 440              	.L52:
 441 0058 3268     		ldr	r2, [r6]
 442 005a 2A40     		ands	r2, r2, r5
 443 005c 0ED0     		beq	.L54
 444 005e 7CBB     		cbnz	r4, .L55
 445 0060 0222     		movs	r2, #2
 446 0062 02FA03F3 		lsl	r3, r2, r3
 447 0066 7360     		str	r3, [r6, #4]
 448 0068 0123     		movs	r3, #1
 449 006a 88F82440 		strb	r4, [r8, #36]
 450 006e 88F82530 		strb	r3, [r8, #37]
 451 0072 D5E7     		b	.L46
 452              	.L48:
 453 0074 0423     		movs	r3, #4
 454 0076 03FA05F5 		lsl	r5, r3, r5
 455 007a E2E7     		b	.L49
 456              	.L54:
 457 007c 3068     		ldr	r0, [r6]
 458 007e 0842     		tst	r0, r1
 459 0080 0AD0     		beq	.L51
 460 0082 0124     		movs	r4, #1
 461 0084 04FA03F3 		lsl	r3, r4, r3
 462 0088 7360     		str	r3, [r6, #4]
 463 008a C8F83C40 		str	r4, [r8, #60]
 464 008e 88F82420 		strb	r2, [r8, #36]
 465 0092 88F82540 		strb	r4, [r8, #37]
 466 0096 C3E7     		b	.L46
 467              	.L51:
 468 0098 7A1C     		adds	r2, r7, #1
 469 009a DDD0     		beq	.L52
ARM GAS  /tmp/ccIlFzKn.s 			page 9


 470 009c FFF7FEFF 		bl	HAL_GetTick
 471 00a0 A0EB0900 		sub	r0, r0, r9
 472 00a4 B842     		cmp	r0, r7
 473 00a6 01D8     		bhi	.L53
 474 00a8 002F     		cmp	r7, #0
 475 00aa CFD1     		bne	.L50
 476              	.L53:
 477 00ac 2023     		movs	r3, #32
 478 00ae C8F83C30 		str	r3, [r8, #60]
 479 00b2 0124     		movs	r4, #1
 480 00b4 0023     		movs	r3, #0
 481 00b6 88F82540 		strb	r4, [r8, #37]
 482 00ba 88F82430 		strb	r3, [r8, #36]
 483 00be AFE7     		b	.L46
 484              	.L55:
 485 00c0 0422     		movs	r2, #4
 486 00c2 02FA03F3 		lsl	r3, r2, r3
 487 00c6 7360     		str	r3, [r6, #4]
 488 00c8 0024     		movs	r4, #0
 489 00ca A9E7     		b	.L46
 491              		.section	.text.HAL_DMA_IRQHandler,"ax",%progbits
 492              		.align	1
 493              		.global	HAL_DMA_IRQHandler
 494              		.syntax unified
 495              		.thumb
 496              		.thumb_func
 497              		.fpu fpv4-sp-d16
 499              	HAL_DMA_IRQHandler:
 500              		@ args = 0, pretend = 0, frame = 0
 501              		@ frame_needed = 0, uses_anonymous_args = 0
 502              		@ link register save eliminated.
 503 0000 016C     		ldr	r1, [r0, #64]
 504 0002 426C     		ldr	r2, [r0, #68]
 505 0004 0368     		ldr	r3, [r0]
 506 0006 70B4     		push	{r4, r5, r6}
 507 0008 02F01C02 		and	r2, r2, #28
 508 000c 0E68     		ldr	r6, [r1]
 509 000e 1D68     		ldr	r5, [r3]
 510 0010 0424     		movs	r4, #4
 511 0012 9440     		lsls	r4, r4, r2
 512 0014 3442     		tst	r4, r6
 513 0016 0ED0     		beq	.L61
 514 0018 15F0040F 		tst	r5, #4
 515 001c 0BD0     		beq	.L61
 516 001e 1A68     		ldr	r2, [r3]
 517 0020 9206     		lsls	r2, r2, #26
 518 0022 5EBF     		ittt	pl
 519 0024 1A68     		ldrpl	r2, [r3]
 520 0026 22F00402 		bicpl	r2, r2, #4
 521 002a 1A60     		strpl	r2, [r3]
 522 002c 036B     		ldr	r3, [r0, #48]
 523 002e 4C60     		str	r4, [r1, #4]
 524              	.L94:
 525 0030 73B3     		cbz	r3, .L60
 526 0032 70BC     		pop	{r4, r5, r6}
 527 0034 1847     		bx	r3	@ indirect register sibling call
 528              	.L61:
ARM GAS  /tmp/ccIlFzKn.s 			page 10


 529 0036 0224     		movs	r4, #2
 530 0038 9440     		lsls	r4, r4, r2
 531 003a 3442     		tst	r4, r6
 532 003c 12D0     		beq	.L65
 533 003e 15F0020F 		tst	r5, #2
 534 0042 0FD0     		beq	.L65
 535 0044 1A68     		ldr	r2, [r3]
 536 0046 9506     		lsls	r5, r2, #26
 537 0048 06D4     		bmi	.L66
 538 004a 1A68     		ldr	r2, [r3]
 539 004c 22F00A02 		bic	r2, r2, #10
 540 0050 1A60     		str	r2, [r3]
 541 0052 0123     		movs	r3, #1
 542 0054 80F82530 		strb	r3, [r0, #37]
 543              	.L66:
 544 0058 0023     		movs	r3, #0
 545 005a 4C60     		str	r4, [r1, #4]
 546 005c 80F82430 		strb	r3, [r0, #36]
 547 0060 C36A     		ldr	r3, [r0, #44]
 548 0062 E5E7     		b	.L94
 549              	.L65:
 550 0064 0824     		movs	r4, #8
 551 0066 9440     		lsls	r4, r4, r2
 552 0068 3442     		tst	r4, r6
 553 006a 11D0     		beq	.L60
 554 006c 2C07     		lsls	r4, r5, #28
 555 006e 0FD5     		bpl	.L60
 556 0070 1C68     		ldr	r4, [r3]
 557 0072 24F00E04 		bic	r4, r4, #14
 558 0076 1C60     		str	r4, [r3]
 559 0078 0123     		movs	r3, #1
 560 007a 03FA02F2 		lsl	r2, r3, r2
 561 007e 4A60     		str	r2, [r1, #4]
 562 0080 C363     		str	r3, [r0, #60]
 563 0082 80F82530 		strb	r3, [r0, #37]
 564 0086 0023     		movs	r3, #0
 565 0088 80F82430 		strb	r3, [r0, #36]
 566 008c 436B     		ldr	r3, [r0, #52]
 567 008e CFE7     		b	.L94
 568              	.L60:
 569 0090 70BC     		pop	{r4, r5, r6}
 570 0092 7047     		bx	lr
 572              		.section	.text.HAL_DMA_RegisterCallback,"ax",%progbits
 573              		.align	1
 574              		.global	HAL_DMA_RegisterCallback
 575              		.syntax unified
 576              		.thumb
 577              		.thumb_func
 578              		.fpu fpv4-sp-d16
 580              	HAL_DMA_RegisterCallback:
 581              		@ args = 0, pretend = 0, frame = 0
 582              		@ frame_needed = 0, uses_anonymous_args = 0
 583 0000 10B5     		push	{r4, lr}
 584 0002 90F82430 		ldrb	r3, [r0, #36]	@ zero_extendqisi2
 585 0006 012B     		cmp	r3, #1
 586 0008 1AD0     		beq	.L104
 587 000a 90F82540 		ldrb	r4, [r0, #37]	@ zero_extendqisi2
ARM GAS  /tmp/ccIlFzKn.s 			page 11


 588 000e 012C     		cmp	r4, #1
 589 0010 E3B2     		uxtb	r3, r4
 590 0012 13D1     		bne	.L105
 591 0014 0329     		cmp	r1, #3
 592 0016 05D8     		bhi	.L98
 593 0018 DFE801F0 		tbb	[pc, r1]
 594              	.L100:
 595 001c 02       		.byte	(.L103-.L100)/2
 596 001d 09       		.byte	(.L102-.L100)/2
 597 001e 0C       		.byte	(.L101-.L100)/2
 598 001f 0E       		.byte	(.L99-.L100)/2
 599              		.p2align 1
 600              	.L103:
 601 0020 C262     		str	r2, [r0, #44]
 602 0022 0B46     		mov	r3, r1
 603              	.L98:
 604 0024 0022     		movs	r2, #0
 605 0026 80F82420 		strb	r2, [r0, #36]
 606              	.L97:
 607 002a 1846     		mov	r0, r3
 608 002c 10BD     		pop	{r4, pc}
 609              	.L102:
 610 002e 0263     		str	r2, [r0, #48]
 611              	.L106:
 612 0030 0023     		movs	r3, #0
 613 0032 F7E7     		b	.L98
 614              	.L101:
 615 0034 4263     		str	r2, [r0, #52]
 616 0036 FBE7     		b	.L106
 617              	.L99:
 618 0038 8263     		str	r2, [r0, #56]
 619 003a F9E7     		b	.L106
 620              	.L105:
 621 003c 0123     		movs	r3, #1
 622 003e F1E7     		b	.L98
 623              	.L104:
 624 0040 0223     		movs	r3, #2
 625 0042 F2E7     		b	.L97
 627              		.section	.text.HAL_DMA_UnRegisterCallback,"ax",%progbits
 628              		.align	1
 629              		.global	HAL_DMA_UnRegisterCallback
 630              		.syntax unified
 631              		.thumb
 632              		.thumb_func
 633              		.fpu fpv4-sp-d16
 635              	HAL_DMA_UnRegisterCallback:
 636              		@ args = 0, pretend = 0, frame = 0
 637              		@ frame_needed = 0, uses_anonymous_args = 0
 638 0000 10B5     		push	{r4, lr}
 639 0002 90F82430 		ldrb	r3, [r0, #36]	@ zero_extendqisi2
 640 0006 012B     		cmp	r3, #1
 641 0008 22D0     		beq	.L116
 642 000a 90F82540 		ldrb	r4, [r0, #37]	@ zero_extendqisi2
 643 000e 0122     		movs	r2, #1
 644 0010 9442     		cmp	r4, r2
 645 0012 80F82420 		strb	r2, [r0, #36]
 646 0016 E3B2     		uxtb	r3, r4
ARM GAS  /tmp/ccIlFzKn.s 			page 12


 647 0018 18D1     		bne	.L117
 648 001a 0022     		movs	r2, #0
 649 001c 0429     		cmp	r1, #4
 650 001e 06D8     		bhi	.L109
 651 0020 DFE801F0 		tbb	[pc, r1]
 652              	.L111:
 653 0024 03       		.byte	(.L115-.L111)/2
 654 0025 0A       		.byte	(.L114-.L111)/2
 655 0026 0D       		.byte	(.L113-.L111)/2
 656 0027 12       		.byte	(.L112-.L111)/2
 657 0028 0F       		.byte	(.L110-.L111)/2
 658 0029 00       		.p2align 1
 659              	.L115:
 660 002a C262     		str	r2, [r0, #44]
 661 002c 0B46     		mov	r3, r1
 662              	.L109:
 663 002e 0022     		movs	r2, #0
 664 0030 80F82420 		strb	r2, [r0, #36]
 665              	.L108:
 666 0034 1846     		mov	r0, r3
 667 0036 10BD     		pop	{r4, pc}
 668              	.L114:
 669 0038 0263     		str	r2, [r0, #48]
 670              	.L118:
 671 003a 0023     		movs	r3, #0
 672 003c F7E7     		b	.L109
 673              	.L113:
 674 003e 4263     		str	r2, [r0, #52]
 675 0040 FBE7     		b	.L118
 676              	.L110:
 677 0042 C0E90B22 		strd	r2, r2, [r0, #44]
 678 0046 4263     		str	r2, [r0, #52]
 679              	.L112:
 680 0048 8263     		str	r2, [r0, #56]
 681 004a F6E7     		b	.L118
 682              	.L117:
 683 004c 1346     		mov	r3, r2
 684 004e EEE7     		b	.L109
 685              	.L116:
 686 0050 0223     		movs	r3, #2
 687 0052 EFE7     		b	.L108
 689              		.section	.text.HAL_DMA_GetState,"ax",%progbits
 690              		.align	1
 691              		.global	HAL_DMA_GetState
 692              		.syntax unified
 693              		.thumb
 694              		.thumb_func
 695              		.fpu fpv4-sp-d16
 697              	HAL_DMA_GetState:
 698              		@ args = 0, pretend = 0, frame = 0
 699              		@ frame_needed = 0, uses_anonymous_args = 0
 700              		@ link register save eliminated.
 701 0000 90F82500 		ldrb	r0, [r0, #37]	@ zero_extendqisi2
 702 0004 7047     		bx	lr
 704              		.section	.text.HAL_DMA_GetError,"ax",%progbits
 705              		.align	1
 706              		.global	HAL_DMA_GetError
ARM GAS  /tmp/ccIlFzKn.s 			page 13


 707              		.syntax unified
 708              		.thumb
 709              		.thumb_func
 710              		.fpu fpv4-sp-d16
 712              	HAL_DMA_GetError:
 713              		@ args = 0, pretend = 0, frame = 0
 714              		@ frame_needed = 0, uses_anonymous_args = 0
 715              		@ link register save eliminated.
 716 0000 C06B     		ldr	r0, [r0, #60]
 717 0002 7047     		bx	lr
 719              		.ident	"GCC: (15:10.3-2021.07-4) 10.3.1 20210621 (release)"
ARM GAS  /tmp/ccIlFzKn.s 			page 14


DEFINED SYMBOLS
                            *ABS*:0000000000000000 stm32l4xx_hal_dma.c
     /tmp/ccIlFzKn.s:14     .text.HAL_DMA_Init:0000000000000000 $t
     /tmp/ccIlFzKn.s:22     .text.HAL_DMA_Init:0000000000000000 HAL_DMA_Init
     /tmp/ccIlFzKn.s:106    .text.HAL_DMA_Init:00000000000000bc $d
     /tmp/ccIlFzKn.s:113    .text.HAL_DMA_DeInit:0000000000000000 $t
     /tmp/ccIlFzKn.s:120    .text.HAL_DMA_DeInit:0000000000000000 HAL_DMA_DeInit
     /tmp/ccIlFzKn.s:181    .text.HAL_DMA_DeInit:0000000000000088 $d
     /tmp/ccIlFzKn.s:188    .text.HAL_DMA_Start:0000000000000000 $t
     /tmp/ccIlFzKn.s:195    .text.HAL_DMA_Start:0000000000000000 HAL_DMA_Start
     /tmp/ccIlFzKn.s:241    .text.HAL_DMA_Start_IT:0000000000000000 $t
     /tmp/ccIlFzKn.s:248    .text.HAL_DMA_Start_IT:0000000000000000 HAL_DMA_Start_IT
     /tmp/ccIlFzKn.s:307    .text.HAL_DMA_Abort:0000000000000000 $t
     /tmp/ccIlFzKn.s:314    .text.HAL_DMA_Abort:0000000000000000 HAL_DMA_Abort
     /tmp/ccIlFzKn.s:347    .text.HAL_DMA_Abort_IT:0000000000000000 $t
     /tmp/ccIlFzKn.s:354    .text.HAL_DMA_Abort_IT:0000000000000000 HAL_DMA_Abort_IT
     /tmp/ccIlFzKn.s:392    .text.HAL_DMA_PollForTransfer:0000000000000000 $t
     /tmp/ccIlFzKn.s:399    .text.HAL_DMA_PollForTransfer:0000000000000000 HAL_DMA_PollForTransfer
     /tmp/ccIlFzKn.s:492    .text.HAL_DMA_IRQHandler:0000000000000000 $t
     /tmp/ccIlFzKn.s:499    .text.HAL_DMA_IRQHandler:0000000000000000 HAL_DMA_IRQHandler
     /tmp/ccIlFzKn.s:573    .text.HAL_DMA_RegisterCallback:0000000000000000 $t
     /tmp/ccIlFzKn.s:580    .text.HAL_DMA_RegisterCallback:0000000000000000 HAL_DMA_RegisterCallback
     /tmp/ccIlFzKn.s:595    .text.HAL_DMA_RegisterCallback:000000000000001c $d
     /tmp/ccIlFzKn.s:599    .text.HAL_DMA_RegisterCallback:0000000000000020 $t
     /tmp/ccIlFzKn.s:628    .text.HAL_DMA_UnRegisterCallback:0000000000000000 $t
     /tmp/ccIlFzKn.s:635    .text.HAL_DMA_UnRegisterCallback:0000000000000000 HAL_DMA_UnRegisterCallback
     /tmp/ccIlFzKn.s:653    .text.HAL_DMA_UnRegisterCallback:0000000000000024 $d
     /tmp/ccIlFzKn.s:690    .text.HAL_DMA_GetState:0000000000000000 $t
     /tmp/ccIlFzKn.s:697    .text.HAL_DMA_GetState:0000000000000000 HAL_DMA_GetState
     /tmp/ccIlFzKn.s:705    .text.HAL_DMA_GetError:0000000000000000 $t
     /tmp/ccIlFzKn.s:712    .text.HAL_DMA_GetError:0000000000000000 HAL_DMA_GetError
     /tmp/ccIlFzKn.s:658    .text.HAL_DMA_UnRegisterCallback:0000000000000029 $d
     /tmp/ccIlFzKn.s:658    .text.HAL_DMA_UnRegisterCallback:000000000000002a $t

UNDEFINED SYMBOLS
HAL_GetTick
