ARM GAS  /tmp/ccGG2oRd.s 			page 1


   1              		.cpu cortex-m4
   2              		.eabi_attribute 27, 1
   3              		.eabi_attribute 28, 1
   4              		.eabi_attribute 23, 1
   5              		.eabi_attribute 24, 1
   6              		.eabi_attribute 25, 1
   7              		.eabi_attribute 26, 1
   8              		.eabi_attribute 30, 4
   9              		.eabi_attribute 34, 1
  10              		.eabi_attribute 18, 4
  11              		.file	"stm32l4xx_hal_rng.c"
  12              		.text
  13              		.section	.text.HAL_RNG_MspInit,"ax",%progbits
  14              		.align	1
  15              		.weak	HAL_RNG_MspInit
  16              		.arch armv7e-m
  17              		.syntax unified
  18              		.thumb
  19              		.thumb_func
  20              		.fpu fpv4-sp-d16
  22              	HAL_RNG_MspInit:
  23              		@ args = 0, pretend = 0, frame = 0
  24              		@ frame_needed = 0, uses_anonymous_args = 0
  25              		@ link register save eliminated.
  26 0000 7047     		bx	lr
  28              		.section	.text.HAL_RNG_Init,"ax",%progbits
  29              		.align	1
  30              		.global	HAL_RNG_Init
  31              		.syntax unified
  32              		.thumb
  33              		.thumb_func
  34              		.fpu fpv4-sp-d16
  36              	HAL_RNG_Init:
  37              		@ args = 0, pretend = 0, frame = 0
  38              		@ frame_needed = 0, uses_anonymous_args = 0
  39 0000 38B5     		push	{r3, r4, r5, lr}
  40 0002 0446     		mov	r4, r0
  41 0004 90B1     		cbz	r0, .L8
  42 0006 4379     		ldrb	r3, [r0, #5]	@ zero_extendqisi2
  43 0008 03F0FF02 		and	r2, r3, #255
  44 000c 13B9     		cbnz	r3, .L4
  45 000e 0271     		strb	r2, [r0, #4]
  46 0010 FFF7FEFF 		bl	HAL_RNG_MspInit
  47              	.L4:
  48 0014 0223     		movs	r3, #2
  49 0016 6371     		strb	r3, [r4, #5]
  50 0018 2368     		ldr	r3, [r4]
  51 001a 1A68     		ldr	r2, [r3]
  52 001c 42F00402 		orr	r2, r2, #4
  53 0020 1A60     		str	r2, [r3]
  54 0022 5B68     		ldr	r3, [r3, #4]
  55 0024 5B06     		lsls	r3, r3, #25
  56 0026 03D5     		bpl	.L5
  57 0028 0423     		movs	r3, #4
  58 002a 6371     		strb	r3, [r4, #5]
  59              	.L8:
  60 002c 0120     		movs	r0, #1
ARM GAS  /tmp/ccGG2oRd.s 			page 2


  61 002e 0AE0     		b	.L3
  62              	.L5:
  63 0030 FFF7FEFF 		bl	HAL_GetTick
  64 0034 0546     		mov	r5, r0
  65              	.L6:
  66 0036 2368     		ldr	r3, [r4]
  67 0038 5868     		ldr	r0, [r3, #4]
  68 003a 10F00400 		ands	r0, r0, #4
  69 003e 03D1     		bne	.L7
  70 0040 0122     		movs	r2, #1
  71 0042 6271     		strb	r2, [r4, #5]
  72 0044 A060     		str	r0, [r4, #8]
  73              	.L3:
  74 0046 38BD     		pop	{r3, r4, r5, pc}
  75              	.L7:
  76 0048 FFF7FEFF 		bl	HAL_GetTick
  77 004c 401B     		subs	r0, r0, r5
  78 004e 0228     		cmp	r0, #2
  79 0050 F1D9     		bls	.L6
  80 0052 0423     		movs	r3, #4
  81 0054 6371     		strb	r3, [r4, #5]
  82 0056 0223     		movs	r3, #2
  83 0058 A360     		str	r3, [r4, #8]
  84 005a E7E7     		b	.L8
  86              		.section	.text.HAL_RNG_MspDeInit,"ax",%progbits
  87              		.align	1
  88              		.weak	HAL_RNG_MspDeInit
  89              		.syntax unified
  90              		.thumb
  91              		.thumb_func
  92              		.fpu fpv4-sp-d16
  94              	HAL_RNG_MspDeInit:
  95              		@ args = 0, pretend = 0, frame = 0
  96              		@ frame_needed = 0, uses_anonymous_args = 0
  97              		@ link register save eliminated.
  98 0000 7047     		bx	lr
 100              		.section	.text.HAL_RNG_DeInit,"ax",%progbits
 101              		.align	1
 102              		.global	HAL_RNG_DeInit
 103              		.syntax unified
 104              		.thumb
 105              		.thumb_func
 106              		.fpu fpv4-sp-d16
 108              	HAL_RNG_DeInit:
 109              		@ args = 0, pretend = 0, frame = 0
 110              		@ frame_needed = 0, uses_anonymous_args = 0
 111 0000 10B5     		push	{r4, lr}
 112 0002 0446     		mov	r4, r0
 113 0004 78B1     		cbz	r0, .L13
 114 0006 0368     		ldr	r3, [r0]
 115 0008 1A68     		ldr	r2, [r3]
 116 000a 22F00C02 		bic	r2, r2, #12
 117 000e 1A60     		str	r2, [r3]
 118 0010 5A68     		ldr	r2, [r3, #4]
 119 0012 22F06002 		bic	r2, r2, #96
 120 0016 5A60     		str	r2, [r3, #4]
 121 0018 FFF7FEFF 		bl	HAL_RNG_MspDeInit
ARM GAS  /tmp/ccGG2oRd.s 			page 3


 122 001c 0020     		movs	r0, #0
 123 001e 6071     		strb	r0, [r4, #5]
 124 0020 2071     		strb	r0, [r4, #4]
 125 0022 A060     		str	r0, [r4, #8]
 126              	.L12:
 127 0024 10BD     		pop	{r4, pc}
 128              	.L13:
 129 0026 0120     		movs	r0, #1
 130 0028 FCE7     		b	.L12
 132              		.section	.text.HAL_RNG_GenerateRandomNumber,"ax",%progbits
 133              		.align	1
 134              		.global	HAL_RNG_GenerateRandomNumber
 135              		.syntax unified
 136              		.thumb
 137              		.thumb_func
 138              		.fpu fpv4-sp-d16
 140              	HAL_RNG_GenerateRandomNumber:
 141              		@ args = 0, pretend = 0, frame = 0
 142              		@ frame_needed = 0, uses_anonymous_args = 0
 143 0000 2DE9F041 		push	{r4, r5, r6, r7, r8, lr}
 144 0004 0379     		ldrb	r3, [r0, #4]	@ zero_extendqisi2
 145 0006 012B     		cmp	r3, #1
 146 0008 0446     		mov	r4, r0
 147 000a 0F46     		mov	r7, r1
 148 000c 2AD0     		beq	.L20
 149 000e 4279     		ldrb	r2, [r0, #5]	@ zero_extendqisi2
 150 0010 0123     		movs	r3, #1
 151 0012 9A42     		cmp	r2, r3
 152 0014 0371     		strb	r3, [r0, #4]
 153 0016 D5B2     		uxtb	r5, r2
 154 0018 20D1     		bne	.L16
 155 001a 0223     		movs	r3, #2
 156 001c 4371     		strb	r3, [r0, #5]
 157 001e FFF7FEFF 		bl	HAL_GetTick
 158 0022 8046     		mov	r8, r0
 159              	.L17:
 160 0024 2268     		ldr	r2, [r4]
 161 0026 5668     		ldr	r6, [r2, #4]
 162 0028 16F00106 		ands	r6, r6, #1
 163 002c 08D0     		beq	.L18
 164 002e 9368     		ldr	r3, [r2, #8]
 165 0030 E360     		str	r3, [r4, #12]
 166 0032 3B60     		str	r3, [r7]
 167 0034 0123     		movs	r3, #1
 168 0036 6371     		strb	r3, [r4, #5]
 169 0038 0025     		movs	r5, #0
 170              	.L19:
 171 003a 0023     		movs	r3, #0
 172 003c 2371     		strb	r3, [r4, #4]
 173 003e 0AE0     		b	.L15
 174              	.L18:
 175 0040 FFF7FEFF 		bl	HAL_GetTick
 176 0044 A0EB0800 		sub	r0, r0, r8
 177 0048 0228     		cmp	r0, #2
 178 004a EBD9     		bls	.L17
 179 004c 0123     		movs	r3, #1
 180 004e 6371     		strb	r3, [r4, #5]
ARM GAS  /tmp/ccGG2oRd.s 			page 4


 181 0050 0223     		movs	r3, #2
 182 0052 A360     		str	r3, [r4, #8]
 183 0054 2671     		strb	r6, [r4, #4]
 184              	.L15:
 185 0056 2846     		mov	r0, r5
 186 0058 BDE8F081 		pop	{r4, r5, r6, r7, r8, pc}
 187              	.L16:
 188 005c 0422     		movs	r2, #4
 189 005e 8260     		str	r2, [r0, #8]
 190 0060 1D46     		mov	r5, r3
 191 0062 EAE7     		b	.L19
 192              	.L20:
 193 0064 0225     		movs	r5, #2
 194 0066 F6E7     		b	.L15
 196              		.section	.text.HAL_RNG_GenerateRandomNumber_IT,"ax",%progbits
 197              		.align	1
 198              		.global	HAL_RNG_GenerateRandomNumber_IT
 199              		.syntax unified
 200              		.thumb
 201              		.thumb_func
 202              		.fpu fpv4-sp-d16
 204              	HAL_RNG_GenerateRandomNumber_IT:
 205              		@ args = 0, pretend = 0, frame = 0
 206              		@ frame_needed = 0, uses_anonymous_args = 0
 207              		@ link register save eliminated.
 208 0000 0379     		ldrb	r3, [r0, #4]	@ zero_extendqisi2
 209 0002 012B     		cmp	r3, #1
 210 0004 13D0     		beq	.L25
 211 0006 4279     		ldrb	r2, [r0, #5]	@ zero_extendqisi2
 212 0008 0123     		movs	r3, #1
 213 000a 9A42     		cmp	r2, r3
 214 000c 0371     		strb	r3, [r0, #4]
 215 000e 08D1     		bne	.L24
 216 0010 0268     		ldr	r2, [r0]
 217 0012 0223     		movs	r3, #2
 218 0014 4371     		strb	r3, [r0, #5]
 219 0016 1368     		ldr	r3, [r2]
 220 0018 43F00803 		orr	r3, r3, #8
 221 001c 1360     		str	r3, [r2]
 222 001e 0020     		movs	r0, #0
 223 0020 7047     		bx	lr
 224              	.L24:
 225 0022 0022     		movs	r2, #0
 226 0024 0271     		strb	r2, [r0, #4]
 227 0026 0422     		movs	r2, #4
 228 0028 8260     		str	r2, [r0, #8]
 229 002a 1846     		mov	r0, r3
 230 002c 7047     		bx	lr
 231              	.L25:
 232 002e 0220     		movs	r0, #2
 233 0030 7047     		bx	lr
 235              		.section	.text.HAL_RNG_GetRandomNumber,"ax",%progbits
 236              		.align	1
 237              		.global	HAL_RNG_GetRandomNumber
 238              		.syntax unified
 239              		.thumb
 240              		.thumb_func
ARM GAS  /tmp/ccGG2oRd.s 			page 5


 241              		.fpu fpv4-sp-d16
 243              	HAL_RNG_GetRandomNumber:
 244              		@ args = 0, pretend = 0, frame = 0
 245              		@ frame_needed = 0, uses_anonymous_args = 0
 246 0000 10B5     		push	{r4, lr}
 247 0002 00F10C01 		add	r1, r0, #12
 248 0006 0446     		mov	r4, r0
 249 0008 FFF7FEFF 		bl	HAL_RNG_GenerateRandomNumber
 250 000c 08B9     		cbnz	r0, .L28
 251 000e E068     		ldr	r0, [r4, #12]
 252              	.L26:
 253 0010 10BD     		pop	{r4, pc}
 254              	.L28:
 255 0012 0020     		movs	r0, #0
 256 0014 FCE7     		b	.L26
 258              		.section	.text.HAL_RNG_GetRandomNumber_IT,"ax",%progbits
 259              		.align	1
 260              		.global	HAL_RNG_GetRandomNumber_IT
 261              		.syntax unified
 262              		.thumb
 263              		.thumb_func
 264              		.fpu fpv4-sp-d16
 266              	HAL_RNG_GetRandomNumber_IT:
 267              		@ args = 0, pretend = 0, frame = 0
 268              		@ frame_needed = 0, uses_anonymous_args = 0
 269              		@ link register save eliminated.
 270 0000 0379     		ldrb	r3, [r0, #4]	@ zero_extendqisi2
 271 0002 012B     		cmp	r3, #1
 272 0004 4FF00203 		mov	r3, #2
 273 0008 09D0     		beq	.L31
 274 000a 4371     		strb	r3, [r0, #5]
 275 000c 0122     		movs	r2, #1
 276 000e 0368     		ldr	r3, [r0]
 277 0010 0271     		strb	r2, [r0, #4]
 278 0012 9868     		ldr	r0, [r3, #8]
 279 0014 1A68     		ldr	r2, [r3]
 280 0016 42F00802 		orr	r2, r2, #8
 281 001a 1A60     		str	r2, [r3]
 282 001c 7047     		bx	lr
 283              	.L31:
 284 001e 1846     		mov	r0, r3
 285 0020 7047     		bx	lr
 287              		.section	.text.HAL_RNG_ReadLastRandomNumber,"ax",%progbits
 288              		.align	1
 289              		.global	HAL_RNG_ReadLastRandomNumber
 290              		.syntax unified
 291              		.thumb
 292              		.thumb_func
 293              		.fpu fpv4-sp-d16
 295              	HAL_RNG_ReadLastRandomNumber:
 296              		@ args = 0, pretend = 0, frame = 0
 297              		@ frame_needed = 0, uses_anonymous_args = 0
 298              		@ link register save eliminated.
 299 0000 C068     		ldr	r0, [r0, #12]
 300 0002 7047     		bx	lr
 302              		.section	.text.HAL_RNG_ReadyDataCallback,"ax",%progbits
 303              		.align	1
ARM GAS  /tmp/ccGG2oRd.s 			page 6


 304              		.weak	HAL_RNG_ReadyDataCallback
 305              		.syntax unified
 306              		.thumb
 307              		.thumb_func
 308              		.fpu fpv4-sp-d16
 310              	HAL_RNG_ReadyDataCallback:
 311              		@ args = 0, pretend = 0, frame = 0
 312              		@ frame_needed = 0, uses_anonymous_args = 0
 313              		@ link register save eliminated.
 314 0000 7047     		bx	lr
 316              		.section	.text.HAL_RNG_ErrorCallback,"ax",%progbits
 317              		.align	1
 318              		.weak	HAL_RNG_ErrorCallback
 319              		.syntax unified
 320              		.thumb
 321              		.thumb_func
 322              		.fpu fpv4-sp-d16
 324              	HAL_RNG_ErrorCallback:
 325              		@ args = 0, pretend = 0, frame = 0
 326              		@ frame_needed = 0, uses_anonymous_args = 0
 327              		@ link register save eliminated.
 328 0000 7047     		bx	lr
 330              		.section	.text.HAL_RNG_IRQHandler,"ax",%progbits
 331              		.align	1
 332              		.global	HAL_RNG_IRQHandler
 333              		.syntax unified
 334              		.thumb
 335              		.thumb_func
 336              		.fpu fpv4-sp-d16
 338              	HAL_RNG_IRQHandler:
 339              		@ args = 0, pretend = 0, frame = 0
 340              		@ frame_needed = 0, uses_anonymous_args = 0
 341 0000 0368     		ldr	r3, [r0]
 342 0002 5A68     		ldr	r2, [r3, #4]
 343 0004 10B5     		push	{r4, lr}
 344 0006 0446     		mov	r4, r0
 345 0008 9006     		lsls	r0, r2, #26
 346 000a 1FD5     		bpl	.L36
 347 000c 1023     		movs	r3, #16
 348              	.L48:
 349 000e A360     		str	r3, [r4, #8]
 350 0010 0423     		movs	r3, #4
 351 0012 6371     		strb	r3, [r4, #5]
 352 0014 2046     		mov	r0, r4
 353 0016 FFF7FEFF 		bl	HAL_RNG_ErrorCallback
 354 001a 2368     		ldr	r3, [r4]
 355 001c 6FF06002 		mvn	r2, #96
 356 0020 5A60     		str	r2, [r3, #4]
 357              	.L38:
 358 0022 2368     		ldr	r3, [r4]
 359 0024 5A68     		ldr	r2, [r3, #4]
 360 0026 D207     		lsls	r2, r2, #31
 361 0028 0FD5     		bpl	.L35
 362 002a 1A68     		ldr	r2, [r3]
 363 002c 22F00802 		bic	r2, r2, #8
 364 0030 1A60     		str	r2, [r3]
 365 0032 9968     		ldr	r1, [r3, #8]
ARM GAS  /tmp/ccGG2oRd.s 			page 7


 366 0034 6379     		ldrb	r3, [r4, #5]	@ zero_extendqisi2
 367 0036 E160     		str	r1, [r4, #12]
 368 0038 042B     		cmp	r3, #4
 369 003a 06D0     		beq	.L35
 370 003c 0123     		movs	r3, #1
 371 003e 6371     		strb	r3, [r4, #5]
 372 0040 0023     		movs	r3, #0
 373 0042 2371     		strb	r3, [r4, #4]
 374 0044 2046     		mov	r0, r4
 375 0046 FFF7FEFF 		bl	HAL_RNG_ReadyDataCallback
 376              	.L35:
 377 004a 10BD     		pop	{r4, pc}
 378              	.L36:
 379 004c 5B68     		ldr	r3, [r3, #4]
 380 004e 5906     		lsls	r1, r3, #25
 381 0050 E7D5     		bpl	.L38
 382 0052 0823     		movs	r3, #8
 383 0054 DBE7     		b	.L48
 385              		.section	.text.HAL_RNG_GetState,"ax",%progbits
 386              		.align	1
 387              		.global	HAL_RNG_GetState
 388              		.syntax unified
 389              		.thumb
 390              		.thumb_func
 391              		.fpu fpv4-sp-d16
 393              	HAL_RNG_GetState:
 394              		@ args = 0, pretend = 0, frame = 0
 395              		@ frame_needed = 0, uses_anonymous_args = 0
 396              		@ link register save eliminated.
 397 0000 4079     		ldrb	r0, [r0, #5]	@ zero_extendqisi2
 398 0002 7047     		bx	lr
 400              		.section	.text.HAL_RNG_GetError,"ax",%progbits
 401              		.align	1
 402              		.global	HAL_RNG_GetError
 403              		.syntax unified
 404              		.thumb
 405              		.thumb_func
 406              		.fpu fpv4-sp-d16
 408              	HAL_RNG_GetError:
 409              		@ args = 0, pretend = 0, frame = 0
 410              		@ frame_needed = 0, uses_anonymous_args = 0
 411              		@ link register save eliminated.
 412 0000 8068     		ldr	r0, [r0, #8]
 413 0002 7047     		bx	lr
 415              		.ident	"GCC: (15:10.3-2021.07-4) 10.3.1 20210621 (release)"
ARM GAS  /tmp/ccGG2oRd.s 			page 8


DEFINED SYMBOLS
                            *ABS*:0000000000000000 stm32l4xx_hal_rng.c
     /tmp/ccGG2oRd.s:14     .text.HAL_RNG_MspInit:0000000000000000 $t
     /tmp/ccGG2oRd.s:22     .text.HAL_RNG_MspInit:0000000000000000 HAL_RNG_MspInit
     /tmp/ccGG2oRd.s:29     .text.HAL_RNG_Init:0000000000000000 $t
     /tmp/ccGG2oRd.s:36     .text.HAL_RNG_Init:0000000000000000 HAL_RNG_Init
     /tmp/ccGG2oRd.s:87     .text.HAL_RNG_MspDeInit:0000000000000000 $t
     /tmp/ccGG2oRd.s:94     .text.HAL_RNG_MspDeInit:0000000000000000 HAL_RNG_MspDeInit
     /tmp/ccGG2oRd.s:101    .text.HAL_RNG_DeInit:0000000000000000 $t
     /tmp/ccGG2oRd.s:108    .text.HAL_RNG_DeInit:0000000000000000 HAL_RNG_DeInit
     /tmp/ccGG2oRd.s:133    .text.HAL_RNG_GenerateRandomNumber:0000000000000000 $t
     /tmp/ccGG2oRd.s:140    .text.HAL_RNG_GenerateRandomNumber:0000000000000000 HAL_RNG_GenerateRandomNumber
     /tmp/ccGG2oRd.s:197    .text.HAL_RNG_GenerateRandomNumber_IT:0000000000000000 $t
     /tmp/ccGG2oRd.s:204    .text.HAL_RNG_GenerateRandomNumber_IT:0000000000000000 HAL_RNG_GenerateRandomNumber_IT
     /tmp/ccGG2oRd.s:236    .text.HAL_RNG_GetRandomNumber:0000000000000000 $t
     /tmp/ccGG2oRd.s:243    .text.HAL_RNG_GetRandomNumber:0000000000000000 HAL_RNG_GetRandomNumber
     /tmp/ccGG2oRd.s:259    .text.HAL_RNG_GetRandomNumber_IT:0000000000000000 $t
     /tmp/ccGG2oRd.s:266    .text.HAL_RNG_GetRandomNumber_IT:0000000000000000 HAL_RNG_GetRandomNumber_IT
     /tmp/ccGG2oRd.s:288    .text.HAL_RNG_ReadLastRandomNumber:0000000000000000 $t
     /tmp/ccGG2oRd.s:295    .text.HAL_RNG_ReadLastRandomNumber:0000000000000000 HAL_RNG_ReadLastRandomNumber
     /tmp/ccGG2oRd.s:303    .text.HAL_RNG_ReadyDataCallback:0000000000000000 $t
     /tmp/ccGG2oRd.s:310    .text.HAL_RNG_ReadyDataCallback:0000000000000000 HAL_RNG_ReadyDataCallback
     /tmp/ccGG2oRd.s:317    .text.HAL_RNG_ErrorCallback:0000000000000000 $t
     /tmp/ccGG2oRd.s:324    .text.HAL_RNG_ErrorCallback:0000000000000000 HAL_RNG_ErrorCallback
     /tmp/ccGG2oRd.s:331    .text.HAL_RNG_IRQHandler:0000000000000000 $t
     /tmp/ccGG2oRd.s:338    .text.HAL_RNG_IRQHandler:0000000000000000 HAL_RNG_IRQHandler
     /tmp/ccGG2oRd.s:386    .text.HAL_RNG_GetState:0000000000000000 $t
     /tmp/ccGG2oRd.s:393    .text.HAL_RNG_GetState:0000000000000000 HAL_RNG_GetState
     /tmp/ccGG2oRd.s:401    .text.HAL_RNG_GetError:0000000000000000 $t
     /tmp/ccGG2oRd.s:408    .text.HAL_RNG_GetError:0000000000000000 HAL_RNG_GetError

UNDEFINED SYMBOLS
HAL_GetTick
