ARM GAS  /tmp/cc4z4OyW.s 			page 1


   1              		.cpu cortex-m4
   2              		.eabi_attribute 27, 1
   3              		.eabi_attribute 28, 1
   4              		.eabi_attribute 23, 1
   5              		.eabi_attribute 24, 1
   6              		.eabi_attribute 25, 1
   7              		.eabi_attribute 26, 1
   8              		.eabi_attribute 30, 4
   9              		.eabi_attribute 34, 1
  10              		.eabi_attribute 18, 4
  11              		.file	"stm32l4xx_hal_rcc_ex.c"
  12              		.text
  13              		.section	.text.RCCEx_GetSAIxPeriphCLKFreq,"ax",%progbits
  14              		.align	1
  15              		.arch armv7e-m
  16              		.syntax unified
  17              		.thumb
  18              		.thumb_func
  19              		.fpu fpv4-sp-d16
  21              	RCCEx_GetSAIxPeriphCLKFreq:
  22              		@ args = 0, pretend = 0, frame = 0
  23              		@ frame_needed = 0, uses_anonymous_args = 0
  24              		@ link register save eliminated.
  25 0000 B0F5006F 		cmp	r0, #2048
  26 0004 344A     		ldr	r2, .L56
  27 0006 09D1     		bne	.L2
  28 0008 D2F88830 		ldr	r3, [r2, #136]
  29 000c 03F44003 		and	r3, r3, #12582912
  30 0010 B3F5400F 		cmp	r3, #12582912
  31 0014 2AD1     		bne	.L49
  32              	.L17:
  33 0016 4BF68030 		movw	r0, #48000
  34 001a 7047     		bx	lr
  35              	.L2:
  36 001c B0F5805F 		cmp	r0, #4096
  37 0020 28D1     		bne	.L5
  38 0022 D2F88830 		ldr	r3, [r2, #136]
  39 0026 03F04073 		and	r3, r3, #50331648
  40 002a B3F1407F 		cmp	r3, #50331648
  41 002e F2D0     		beq	.L17
  42 0030 B3F1007F 		cmp	r3, #33554432
  43 0034 49D1     		bne	.L9
  44              	.L7:
  45 0036 1068     		ldr	r0, [r2]
  46 0038 10F00070 		ands	r0, r0, #33554432
  47 003c 4AD0     		beq	.L1
  48 003e D068     		ldr	r0, [r2, #12]
  49 0040 10F48030 		ands	r0, r0, #65536
  50 0044 46D0     		beq	.L1
  51 0046 D068     		ldr	r0, [r2, #12]
  52 0048 C0F30210 		ubfx	r0, r0, #4, #3
  53 004c 0130     		adds	r0, r0, #1
  54 004e B1FBF0F0 		udiv	r0, r1, r0
  55 0052 D168     		ldr	r1, [r2, #12]
  56 0054 D368     		ldr	r3, [r2, #12]
  57 0056 C1F30621 		ubfx	r1, r1, #8, #7
  58              	.L53:
ARM GAS  /tmp/cc4z4OyW.s 			page 2


  59 005a 13F4003F 		tst	r3, #131072
  60 005e 14BF     		ite	ne
  61 0060 1123     		movne	r3, #17
  62 0062 0723     		moveq	r3, #7
  63 0064 4843     		muls	r0, r1, r0
  64 0066 B0FBF3F0 		udiv	r0, r0, r3
  65 006a 7047     		bx	lr
  66              	.L49:
  67 006c B3F5000F 		cmp	r3, #8388608
  68 0070 E1D0     		beq	.L7
  69 0072 93B9     		cbnz	r3, .L11
  70              	.L5:
  71 0074 1068     		ldr	r0, [r2]
  72 0076 10F00060 		ands	r0, r0, #134217728
  73 007a 2BD0     		beq	.L1
  74 007c 1069     		ldr	r0, [r2, #16]
  75 007e 10F48030 		ands	r0, r0, #65536
  76 0082 27D0     		beq	.L1
  77 0084 D368     		ldr	r3, [r2, #12]
  78 0086 1069     		ldr	r0, [r2, #16]
  79 0088 C3F30213 		ubfx	r3, r3, #4, #3
  80 008c 0133     		adds	r3, r3, #1
  81 008e C0F30620 		ubfx	r0, r0, #8, #7
  82 0092 B1FBF3F1 		udiv	r1, r1, r3
  83 0096 1369     		ldr	r3, [r2, #16]
  84 0098 DFE7     		b	.L53
  85              	.L11:
  86 009a B3F5800F 		cmp	r3, #4194304
  87              	.L55:
  88 009e 12D1     		bne	.L20
  89 00a0 1068     		ldr	r0, [r2]
  90 00a2 10F00050 		ands	r0, r0, #536870912
  91 00a6 15D0     		beq	.L1
  92 00a8 5069     		ldr	r0, [r2, #20]
  93 00aa 10F48030 		ands	r0, r0, #65536
  94 00ae 11D0     		beq	.L1
  95 00b0 D368     		ldr	r3, [r2, #12]
  96 00b2 C3F30213 		ubfx	r3, r3, #4, #3
  97 00b6 0133     		adds	r3, r3, #1
  98 00b8 B1FBF3F0 		udiv	r0, r1, r3
  99 00bc 5169     		ldr	r1, [r2, #20]
 100 00be 5369     		ldr	r3, [r2, #20]
 101 00c0 C1F30621 		ubfx	r1, r1, #8, #7
 102 00c4 C9E7     		b	.L53
 103              	.L20:
 104 00c6 0020     		movs	r0, #0
 105 00c8 7047     		bx	lr
 106              	.L9:
 107 00ca 002B     		cmp	r3, #0
 108 00cc D2D0     		beq	.L5
 109 00ce B3F1807F 		cmp	r3, #16777216
 110 00d2 E4E7     		b	.L55
 111              	.L1:
 112 00d4 7047     		bx	lr
 113              	.L57:
 114 00d6 00BF     		.align	2
 115              	.L56:
ARM GAS  /tmp/cc4z4OyW.s 			page 3


 116 00d8 00100240 		.word	1073876992
 118              		.section	.text.RCCEx_PLLSAI1_Config,"ax",%progbits
 119              		.align	1
 120              		.syntax unified
 121              		.thumb
 122              		.thumb_func
 123              		.fpu fpv4-sp-d16
 125              	RCCEx_PLLSAI1_Config:
 126              		@ args = 0, pretend = 0, frame = 0
 127              		@ frame_needed = 0, uses_anonymous_args = 0
 128 0000 F8B5     		push	{r3, r4, r5, r6, r7, lr}
 129 0002 434C     		ldr	r4, .L89
 130 0004 0368     		ldr	r3, [r0]
 131 0006 E268     		ldr	r2, [r4, #12]
 132 0008 0546     		mov	r5, r0
 133 000a 9007     		lsls	r0, r2, #30
 134 000c 0E46     		mov	r6, r1
 135 000e 29D0     		beq	.L59
 136 0010 E268     		ldr	r2, [r4, #12]
 137 0012 02F00302 		and	r2, r2, #3
 138 0016 9A42     		cmp	r2, r3
 139 0018 78D1     		bne	.L82
 140 001a 002A     		cmp	r2, #0
 141 001c 76D0     		beq	.L82
 142 001e E368     		ldr	r3, [r4, #12]
 143 0020 6A68     		ldr	r2, [r5, #4]
 144 0022 C3F30213 		ubfx	r3, r3, #4, #3
 145 0026 0133     		adds	r3, r3, #1
 146 0028 9342     		cmp	r3, r2
 147 002a 6FD1     		bne	.L82
 148              	.L61:
 149 002c 2368     		ldr	r3, [r4]
 150 002e 23F08063 		bic	r3, r3, #67108864
 151 0032 2360     		str	r3, [r4]
 152 0034 FFF7FEFF 		bl	HAL_GetTick
 153 0038 0746     		mov	r7, r0
 154              	.L65:
 155 003a 2368     		ldr	r3, [r4]
 156 003c 1A01     		lsls	r2, r3, #4
 157 003e 30D4     		bmi	.L66
 158 0040 AB68     		ldr	r3, [r5, #8]
 159 0042 1F02     		lsls	r7, r3, #8
 160 0044 A6B3     		cbz	r6, .L74
 161 0046 012E     		cmp	r6, #1
 162 0048 4DD1     		bne	.L69
 163 004a 2A69     		ldr	r2, [r5, #16]
 164 004c 2169     		ldr	r1, [r4, #16]
 165 004e 5208     		lsrs	r2, r2, #1
 166 0050 531E     		subs	r3, r2, #1
 167 0052 21F4C002 		bic	r2, r1, #6291456
 168 0056 22F4FE42 		bic	r2, r2, #32512
 169 005a 3A43     		orrs	r2, r2, r7
 170 005c 42EA4352 		orr	r2, r2, r3, lsl #21
 171 0060 2261     		str	r2, [r4, #16]
 172 0062 30E0     		b	.L68
 173              	.L59:
 174 0064 022B     		cmp	r3, #2
ARM GAS  /tmp/cc4z4OyW.s 			page 4


 175 0066 11D0     		beq	.L62
 176 0068 032B     		cmp	r3, #3
 177 006a 13D0     		beq	.L63
 178 006c 012B     		cmp	r3, #1
 179 006e 4DD1     		bne	.L82
 180 0070 2268     		ldr	r2, [r4]
 181 0072 12F0020F 		tst	r2, #2
 182              	.L88:
 183 0076 49D0     		beq	.L82
 184              	.L64:
 185 0078 E068     		ldr	r0, [r4, #12]
 186 007a 6A68     		ldr	r2, [r5, #4]
 187 007c 20F07300 		bic	r0, r0, #115
 188 0080 013A     		subs	r2, r2, #1
 189 0082 1843     		orrs	r0, r0, r3
 190 0084 40EA0210 		orr	r0, r0, r2, lsl #4
 191 0088 E060     		str	r0, [r4, #12]
 192 008a CFE7     		b	.L61
 193              	.L62:
 194 008c 2268     		ldr	r2, [r4]
 195 008e 12F4806F 		tst	r2, #1024
 196 0092 F0E7     		b	.L88
 197              	.L63:
 198 0094 2268     		ldr	r2, [r4]
 199 0096 9103     		lsls	r1, r2, #14
 200 0098 EED4     		bmi	.L64
 201 009a 2268     		ldr	r2, [r4]
 202 009c 12F4802F 		tst	r2, #262144
 203 00a0 E9E7     		b	.L88
 204              	.L66:
 205 00a2 FFF7FEFF 		bl	HAL_GetTick
 206 00a6 C01B     		subs	r0, r0, r7
 207 00a8 0228     		cmp	r0, #2
 208 00aa C6D9     		bls	.L65
 209              	.L71:
 210 00ac 0320     		movs	r0, #3
 211              	.L84:
 212 00ae F8BD     		pop	{r3, r4, r5, r6, r7, pc}
 213              	.L74:
 214 00b0 2169     		ldr	r1, [r4, #16]
 215 00b2 EB68     		ldr	r3, [r5, #12]
 216 00b4 21F41F31 		bic	r1, r1, #162816
 217 00b8 21F44071 		bic	r1, r1, #768
 218 00bc 1B09     		lsrs	r3, r3, #4
 219 00be 3943     		orrs	r1, r1, r7
 220 00c0 41EA4341 		orr	r1, r1, r3, lsl #17
 221 00c4 2161     		str	r1, [r4, #16]
 222              	.L68:
 223 00c6 2368     		ldr	r3, [r4]
 224 00c8 43F08063 		orr	r3, r3, #67108864
 225 00cc 2360     		str	r3, [r4]
 226 00ce FFF7FEFF 		bl	HAL_GetTick
 227 00d2 0646     		mov	r6, r0
 228              	.L70:
 229 00d4 2368     		ldr	r3, [r4]
 230 00d6 1B01     		lsls	r3, r3, #4
 231 00d8 12D5     		bpl	.L72
ARM GAS  /tmp/cc4z4OyW.s 			page 5


 232 00da 2369     		ldr	r3, [r4, #16]
 233 00dc AA69     		ldr	r2, [r5, #24]
 234 00de 1343     		orrs	r3, r3, r2
 235 00e0 2361     		str	r3, [r4, #16]
 236 00e2 0020     		movs	r0, #0
 237 00e4 E3E7     		b	.L84
 238              	.L69:
 239 00e6 6B69     		ldr	r3, [r5, #20]
 240 00e8 2269     		ldr	r2, [r4, #16]
 241 00ea 5B08     		lsrs	r3, r3, #1
 242 00ec 591E     		subs	r1, r3, #1
 243 00ee 22F0C063 		bic	r3, r2, #100663296
 244 00f2 23F4FE43 		bic	r3, r3, #32512
 245 00f6 3B43     		orrs	r3, r3, r7
 246 00f8 43EA4163 		orr	r3, r3, r1, lsl #25
 247 00fc 2361     		str	r3, [r4, #16]
 248 00fe E2E7     		b	.L68
 249              	.L72:
 250 0100 FFF7FEFF 		bl	HAL_GetTick
 251 0104 801B     		subs	r0, r0, r6
 252 0106 0228     		cmp	r0, #2
 253 0108 E4D9     		bls	.L70
 254 010a CFE7     		b	.L71
 255              	.L82:
 256 010c 0120     		movs	r0, #1
 257 010e CEE7     		b	.L84
 258              	.L90:
 259              		.align	2
 260              	.L89:
 261 0110 00100240 		.word	1073876992
 263              		.section	.text.RCCEx_PLLSAI2_Config,"ax",%progbits
 264              		.align	1
 265              		.syntax unified
 266              		.thumb
 267              		.thumb_func
 268              		.fpu fpv4-sp-d16
 270              	RCCEx_PLLSAI2_Config:
 271              		@ args = 0, pretend = 0, frame = 0
 272              		@ frame_needed = 0, uses_anonymous_args = 0
 273 0000 F8B5     		push	{r3, r4, r5, r6, r7, lr}
 274 0002 3C4C     		ldr	r4, .L121
 275 0004 0368     		ldr	r3, [r0]
 276 0006 E268     		ldr	r2, [r4, #12]
 277 0008 0546     		mov	r5, r0
 278 000a 9007     		lsls	r0, r2, #30
 279 000c 0E46     		mov	r6, r1
 280 000e 27D0     		beq	.L92
 281 0010 E268     		ldr	r2, [r4, #12]
 282 0012 02F00302 		and	r2, r2, #3
 283 0016 9A42     		cmp	r2, r3
 284 0018 69D1     		bne	.L114
 285 001a 002A     		cmp	r2, #0
 286 001c 67D0     		beq	.L114
 287 001e E368     		ldr	r3, [r4, #12]
 288 0020 6A68     		ldr	r2, [r5, #4]
 289 0022 C3F30213 		ubfx	r3, r3, #4, #3
 290 0026 0133     		adds	r3, r3, #1
ARM GAS  /tmp/cc4z4OyW.s 			page 6


 291 0028 9342     		cmp	r3, r2
 292 002a 60D1     		bne	.L114
 293              	.L94:
 294 002c 2368     		ldr	r3, [r4]
 295 002e 23F08053 		bic	r3, r3, #268435456
 296 0032 2360     		str	r3, [r4]
 297 0034 FFF7FEFF 		bl	HAL_GetTick
 298 0038 0746     		mov	r7, r0
 299              	.L98:
 300 003a 2368     		ldr	r3, [r4]
 301 003c 9A00     		lsls	r2, r3, #2
 302 003e 2ED4     		bmi	.L99
 303 0040 AB68     		ldr	r3, [r5, #8]
 304 0042 1802     		lsls	r0, r3, #8
 305 0044 96B3     		cbz	r6, .L106
 306 0046 6369     		ldr	r3, [r4, #20]
 307 0048 2969     		ldr	r1, [r5, #16]
 308 004a 23F0C063 		bic	r3, r3, #100663296
 309 004e 4908     		lsrs	r1, r1, #1
 310 0050 23F4FE43 		bic	r3, r3, #32512
 311 0054 0139     		subs	r1, r1, #1
 312 0056 0343     		orrs	r3, r3, r0
 313 0058 43EA4163 		orr	r3, r3, r1, lsl #25
 314 005c 6361     		str	r3, [r4, #20]
 315 005e 30E0     		b	.L101
 316              	.L92:
 317 0060 022B     		cmp	r3, #2
 318 0062 11D0     		beq	.L95
 319 0064 032B     		cmp	r3, #3
 320 0066 13D0     		beq	.L96
 321 0068 012B     		cmp	r3, #1
 322 006a 40D1     		bne	.L114
 323 006c 2268     		ldr	r2, [r4]
 324 006e 12F0020F 		tst	r2, #2
 325              	.L120:
 326 0072 3CD0     		beq	.L114
 327              	.L97:
 328 0074 E068     		ldr	r0, [r4, #12]
 329 0076 6A68     		ldr	r2, [r5, #4]
 330 0078 20F07300 		bic	r0, r0, #115
 331 007c 013A     		subs	r2, r2, #1
 332 007e 1843     		orrs	r0, r0, r3
 333 0080 40EA0210 		orr	r0, r0, r2, lsl #4
 334 0084 E060     		str	r0, [r4, #12]
 335 0086 D1E7     		b	.L94
 336              	.L95:
 337 0088 2268     		ldr	r2, [r4]
 338 008a 12F4806F 		tst	r2, #1024
 339 008e F0E7     		b	.L120
 340              	.L96:
 341 0090 2268     		ldr	r2, [r4]
 342 0092 9103     		lsls	r1, r2, #14
 343 0094 EED4     		bmi	.L97
 344 0096 2268     		ldr	r2, [r4]
 345 0098 12F4802F 		tst	r2, #262144
 346 009c E9E7     		b	.L120
 347              	.L99:
ARM GAS  /tmp/cc4z4OyW.s 			page 7


 348 009e FFF7FEFF 		bl	HAL_GetTick
 349 00a2 C01B     		subs	r0, r0, r7
 350 00a4 0228     		cmp	r0, #2
 351 00a6 C8D9     		bls	.L98
 352              	.L103:
 353 00a8 0320     		movs	r0, #3
 354              	.L116:
 355 00aa F8BD     		pop	{r3, r4, r5, r6, r7, pc}
 356              	.L106:
 357 00ac 6269     		ldr	r2, [r4, #20]
 358 00ae EB68     		ldr	r3, [r5, #12]
 359 00b0 22F41F32 		bic	r2, r2, #162816
 360 00b4 22F44072 		bic	r2, r2, #768
 361 00b8 1B09     		lsrs	r3, r3, #4
 362 00ba 0243     		orrs	r2, r2, r0
 363 00bc 42EA4342 		orr	r2, r2, r3, lsl #17
 364 00c0 6261     		str	r2, [r4, #20]
 365              	.L101:
 366 00c2 2368     		ldr	r3, [r4]
 367 00c4 43F08053 		orr	r3, r3, #268435456
 368 00c8 2360     		str	r3, [r4]
 369 00ca FFF7FEFF 		bl	HAL_GetTick
 370 00ce 0646     		mov	r6, r0
 371              	.L102:
 372 00d0 2368     		ldr	r3, [r4]
 373 00d2 9B00     		lsls	r3, r3, #2
 374 00d4 05D5     		bpl	.L104
 375 00d6 6369     		ldr	r3, [r4, #20]
 376 00d8 6A69     		ldr	r2, [r5, #20]
 377 00da 1343     		orrs	r3, r3, r2
 378 00dc 6361     		str	r3, [r4, #20]
 379 00de 0020     		movs	r0, #0
 380 00e0 E3E7     		b	.L116
 381              	.L104:
 382 00e2 FFF7FEFF 		bl	HAL_GetTick
 383 00e6 801B     		subs	r0, r0, r6
 384 00e8 0228     		cmp	r0, #2
 385 00ea F1D9     		bls	.L102
 386 00ec DCE7     		b	.L103
 387              	.L114:
 388 00ee 0120     		movs	r0, #1
 389 00f0 DBE7     		b	.L116
 390              	.L122:
 391 00f2 00BF     		.align	2
 392              	.L121:
 393 00f4 00100240 		.word	1073876992
 395              		.section	.text.HAL_RCCEx_PeriphCLKConfig,"ax",%progbits
 396              		.align	1
 397              		.global	HAL_RCCEx_PeriphCLKConfig
 398              		.syntax unified
 399              		.thumb
 400              		.thumb_func
 401              		.fpu fpv4-sp-d16
 403              	HAL_RCCEx_PeriphCLKConfig:
 404              		@ args = 0, pretend = 0, frame = 8
 405              		@ frame_needed = 0, uses_anonymous_args = 0
 406 0000 2DE9F347 		push	{r0, r1, r4, r5, r6, r7, r8, r9, r10, lr}
ARM GAS  /tmp/cc4z4OyW.s 			page 8


 407 0004 0668     		ldr	r6, [r0]
 408 0006 16F40066 		ands	r6, r6, #2048
 409 000a 0446     		mov	r4, r0
 410 000c 09D0     		beq	.L124
 411 000e 416E     		ldr	r1, [r0, #100]
 412 0010 B1F5000F 		cmp	r1, #8388608
 413 0014 22D0     		beq	.L125
 414 0016 13D8     		bhi	.L126
 415 0018 31B3     		cbz	r1, .L127
 416 001a B1F5800F 		cmp	r1, #4194304
 417 001e 2AD0     		beq	.L128
 418              	.L243:
 419 0020 0126     		movs	r6, #1
 420              	.L124:
 421 0022 2368     		ldr	r3, [r4]
 422 0024 D804     		lsls	r0, r3, #19
 423 0026 09D5     		bpl	.L169
 424 0028 A16E     		ldr	r1, [r4, #104]
 425 002a B1F1007F 		cmp	r1, #33554432
 426 002e 2CD0     		beq	.L132
 427 0030 26D8     		bhi	.L133
 428 0032 81B3     		cbz	r1, .L134
 429 0034 B1F1807F 		cmp	r1, #16777216
 430 0038 70D0     		beq	.L135
 431              	.L245:
 432 003a 0126     		movs	r6, #1
 433              	.L169:
 434 003c 3546     		mov	r5, r6
 435 003e 39E0     		b	.L131
 436              	.L126:
 437 0040 B1F5400F 		cmp	r1, #12582912
 438 0044 ECD1     		bne	.L243
 439              	.L129:
 440 0046 3B4A     		ldr	r2, .L247
 441 0048 616E     		ldr	r1, [r4, #100]
 442 004a D2F88830 		ldr	r3, [r2, #136]
 443 004e 23F44003 		bic	r3, r3, #12582912
 444 0052 0B43     		orrs	r3, r3, r1
 445 0054 C2F88830 		str	r3, [r2, #136]
 446 0058 0026     		movs	r6, #0
 447 005a E2E7     		b	.L124
 448              	.L125:
 449 005c 354A     		ldr	r2, .L247
 450 005e D368     		ldr	r3, [r2, #12]
 451 0060 43F48033 		orr	r3, r3, #65536
 452 0064 D360     		str	r3, [r2, #12]
 453 0066 EEE7     		b	.L129
 454              	.L127:
 455 0068 0430     		adds	r0, r0, #4
 456 006a FFF7FEFF 		bl	RCCEx_PLLSAI1_Config
 457              	.L242:
 458 006e 0646     		mov	r6, r0
 459 0070 0028     		cmp	r0, #0
 460 0072 D6D1     		bne	.L124
 461 0074 E7E7     		b	.L129
 462              	.L128:
 463 0076 0021     		movs	r1, #0
ARM GAS  /tmp/cc4z4OyW.s 			page 9


 464 0078 2030     		adds	r0, r0, #32
 465 007a FFF7FEFF 		bl	RCCEx_PLLSAI2_Config
 466 007e F6E7     		b	.L242
 467              	.L133:
 468 0080 B1F1407F 		cmp	r1, #50331648
 469 0084 D9D1     		bne	.L245
 470              	.L170:
 471 0086 3546     		mov	r5, r6
 472 0088 09E0     		b	.L136
 473              	.L132:
 474 008a 2A4A     		ldr	r2, .L247
 475 008c D368     		ldr	r3, [r2, #12]
 476 008e 43F48033 		orr	r3, r3, #65536
 477 0092 D360     		str	r3, [r2, #12]
 478 0094 F7E7     		b	.L170
 479              	.L134:
 480 0096 201D     		adds	r0, r4, #4
 481 0098 FFF7FEFF 		bl	RCCEx_PLLSAI1_Config
 482              	.L244:
 483 009c 0546     		mov	r5, r0
 484              	.L136:
 485 009e 002D     		cmp	r5, #0
 486 00a0 42D1     		bne	.L171
 487 00a2 244A     		ldr	r2, .L247
 488 00a4 A16E     		ldr	r1, [r4, #104]
 489 00a6 D2F88830 		ldr	r3, [r2, #136]
 490 00aa 23F04073 		bic	r3, r3, #50331648
 491 00ae 0B43     		orrs	r3, r3, r1
 492 00b0 C2F88830 		str	r3, [r2, #136]
 493              	.L131:
 494 00b4 2368     		ldr	r3, [r4]
 495 00b6 9903     		lsls	r1, r3, #14
 496 00b8 40F15E81 		bpl	.L172
 497 00bc 1D4F     		ldr	r7, .L247
 498 00be BB6D     		ldr	r3, [r7, #88]
 499 00c0 DA00     		lsls	r2, r3, #3
 500 00c2 33D4     		bmi	.L173
 501 00c4 BB6D     		ldr	r3, [r7, #88]
 502 00c6 43F08053 		orr	r3, r3, #268435456
 503 00ca BB65     		str	r3, [r7, #88]
 504 00cc BB6D     		ldr	r3, [r7, #88]
 505 00ce 03F08053 		and	r3, r3, #268435456
 506 00d2 0193     		str	r3, [sp, #4]
 507 00d4 019B     		ldr	r3, [sp, #4]
 508 00d6 4FF00108 		mov	r8, #1
 509              	.L138:
 510 00da DFF85C90 		ldr	r9, .L247+4
 511 00de D9F80030 		ldr	r3, [r9]
 512 00e2 43F48073 		orr	r3, r3, #256
 513 00e6 C9F80030 		str	r3, [r9]
 514 00ea FFF7FEFF 		bl	HAL_GetTick
 515 00ee 8246     		mov	r10, r0
 516              	.L139:
 517 00f0 D9F80030 		ldr	r3, [r9]
 518 00f4 DB05     		lsls	r3, r3, #23
 519 00f6 21D5     		bpl	.L141
 520 00f8 3DBB     		cbnz	r5, .L140
ARM GAS  /tmp/cc4z4OyW.s 			page 10


 521 00fa D7F89030 		ldr	r3, [r7, #144]
 522 00fe 13F44073 		ands	r3, r3, #768
 523 0102 40F00F81 		bne	.L142
 524              	.L143:
 525 0106 D7F89030 		ldr	r3, [r7, #144]
 526 010a D4F88420 		ldr	r2, [r4, #132]
 527 010e 23F44073 		bic	r3, r3, #768
 528 0112 1343     		orrs	r3, r3, r2
 529 0114 C7F89030 		str	r3, [r7, #144]
 530 0118 3546     		mov	r5, r6
 531 011a 16E0     		b	.L140
 532              	.L135:
 533 011c 0021     		movs	r1, #0
 534 011e 04F12000 		add	r0, r4, #32
 535 0122 FFF7FEFF 		bl	RCCEx_PLLSAI2_Config
 536 0126 B9E7     		b	.L244
 537              	.L171:
 538 0128 2E46     		mov	r6, r5
 539 012a C3E7     		b	.L131
 540              	.L173:
 541 012c 4FF00008 		mov	r8, #0
 542 0130 D3E7     		b	.L138
 543              	.L248:
 544 0132 00BF     		.align	2
 545              	.L247:
 546 0134 00100240 		.word	1073876992
 547 0138 00700040 		.word	1073770496
 548              	.L141:
 549 013c FFF7FEFF 		bl	HAL_GetTick
 550 0140 A0EB0A00 		sub	r0, r0, r10
 551 0144 0228     		cmp	r0, #2
 552 0146 D3D9     		bls	.L139
 553              	.L145:
 554 0148 0325     		movs	r5, #3
 555              	.L140:
 556 014a B8F1000F 		cmp	r8, #0
 557 014e 03D0     		beq	.L137
 558 0150 BB6D     		ldr	r3, [r7, #88]
 559 0152 23F08053 		bic	r3, r3, #268435456
 560 0156 BB65     		str	r3, [r7, #88]
 561              	.L137:
 562 0158 2368     		ldr	r3, [r4]
 563 015a DA07     		lsls	r2, r3, #31
 564 015c 08D5     		bpl	.L147
 565 015e 9D49     		ldr	r1, .L249
 566 0160 A06B     		ldr	r0, [r4, #56]
 567 0162 D1F88820 		ldr	r2, [r1, #136]
 568 0166 22F00302 		bic	r2, r2, #3
 569 016a 0243     		orrs	r2, r2, r0
 570 016c C1F88820 		str	r2, [r1, #136]
 571              	.L147:
 572 0170 9F07     		lsls	r7, r3, #30
 573 0172 08D5     		bpl	.L148
 574 0174 9749     		ldr	r1, .L249
 575 0176 E06B     		ldr	r0, [r4, #60]
 576 0178 D1F88820 		ldr	r2, [r1, #136]
 577 017c 22F00C02 		bic	r2, r2, #12
ARM GAS  /tmp/cc4z4OyW.s 			page 11


 578 0180 0243     		orrs	r2, r2, r0
 579 0182 C1F88820 		str	r2, [r1, #136]
 580              	.L148:
 581 0186 5E07     		lsls	r6, r3, #29
 582 0188 08D5     		bpl	.L149
 583 018a 9249     		ldr	r1, .L249
 584 018c 206C     		ldr	r0, [r4, #64]
 585 018e D1F88820 		ldr	r2, [r1, #136]
 586 0192 22F03002 		bic	r2, r2, #48
 587 0196 0243     		orrs	r2, r2, r0
 588 0198 C1F88820 		str	r2, [r1, #136]
 589              	.L149:
 590 019c 1807     		lsls	r0, r3, #28
 591 019e 08D5     		bpl	.L150
 592 01a0 8C49     		ldr	r1, .L249
 593 01a2 606C     		ldr	r0, [r4, #68]
 594 01a4 D1F88820 		ldr	r2, [r1, #136]
 595 01a8 22F0C002 		bic	r2, r2, #192
 596 01ac 0243     		orrs	r2, r2, r0
 597 01ae C1F88820 		str	r2, [r1, #136]
 598              	.L150:
 599 01b2 D906     		lsls	r1, r3, #27
 600 01b4 08D5     		bpl	.L151
 601 01b6 8749     		ldr	r1, .L249
 602 01b8 A06C     		ldr	r0, [r4, #72]
 603 01ba D1F88820 		ldr	r2, [r1, #136]
 604 01be 22F44072 		bic	r2, r2, #768
 605 01c2 0243     		orrs	r2, r2, r0
 606 01c4 C1F88820 		str	r2, [r1, #136]
 607              	.L151:
 608 01c8 9A06     		lsls	r2, r3, #26
 609 01ca 08D5     		bpl	.L152
 610 01cc 8149     		ldr	r1, .L249
 611 01ce E06C     		ldr	r0, [r4, #76]
 612 01d0 D1F88820 		ldr	r2, [r1, #136]
 613 01d4 22F44062 		bic	r2, r2, #3072
 614 01d8 0243     		orrs	r2, r2, r0
 615 01da C1F88820 		str	r2, [r1, #136]
 616              	.L152:
 617 01de 9F05     		lsls	r7, r3, #22
 618 01e0 08D5     		bpl	.L153
 619 01e2 7C49     		ldr	r1, .L249
 620 01e4 E06D     		ldr	r0, [r4, #92]
 621 01e6 D1F88820 		ldr	r2, [r1, #136]
 622 01ea 22F44022 		bic	r2, r2, #786432
 623 01ee 0243     		orrs	r2, r2, r0
 624 01f0 C1F88820 		str	r2, [r1, #136]
 625              	.L153:
 626 01f4 5E05     		lsls	r6, r3, #21
 627 01f6 08D5     		bpl	.L154
 628 01f8 7649     		ldr	r1, .L249
 629 01fa 206E     		ldr	r0, [r4, #96]
 630 01fc D1F88820 		ldr	r2, [r1, #136]
 631 0200 22F44012 		bic	r2, r2, #3145728
 632 0204 0243     		orrs	r2, r2, r0
 633 0206 C1F88820 		str	r2, [r1, #136]
 634              	.L154:
ARM GAS  /tmp/cc4z4OyW.s 			page 12


 635 020a 5806     		lsls	r0, r3, #25
 636 020c 08D5     		bpl	.L155
 637 020e 7149     		ldr	r1, .L249
 638 0210 206D     		ldr	r0, [r4, #80]
 639 0212 D1F88820 		ldr	r2, [r1, #136]
 640 0216 22F44052 		bic	r2, r2, #12288
 641 021a 0243     		orrs	r2, r2, r0
 642 021c C1F88820 		str	r2, [r1, #136]
 643              	.L155:
 644 0220 1906     		lsls	r1, r3, #24
 645 0222 08D5     		bpl	.L156
 646 0224 6B49     		ldr	r1, .L249
 647 0226 606D     		ldr	r0, [r4, #84]
 648 0228 D1F88820 		ldr	r2, [r1, #136]
 649 022c 22F44042 		bic	r2, r2, #49152
 650 0230 0243     		orrs	r2, r2, r0
 651 0232 C1F88820 		str	r2, [r1, #136]
 652              	.L156:
 653 0236 DA05     		lsls	r2, r3, #23
 654 0238 08D5     		bpl	.L157
 655 023a 6649     		ldr	r1, .L249
 656 023c A06D     		ldr	r0, [r4, #88]
 657 023e D1F88820 		ldr	r2, [r1, #136]
 658 0242 22F44032 		bic	r2, r2, #196608
 659 0246 0243     		orrs	r2, r2, r0
 660 0248 C1F88820 		str	r2, [r1, #136]
 661              	.L157:
 662 024c 9B04     		lsls	r3, r3, #18
 663 024e 10D5     		bpl	.L158
 664 0250 604A     		ldr	r2, .L249
 665 0252 E16E     		ldr	r1, [r4, #108]
 666 0254 D2F88830 		ldr	r3, [r2, #136]
 667 0258 23F04063 		bic	r3, r3, #201326592
 668 025c 0B43     		orrs	r3, r3, r1
 669 025e B1F1006F 		cmp	r1, #134217728
 670 0262 C2F88830 		str	r3, [r2, #136]
 671 0266 40F08980 		bne	.L159
 672 026a D368     		ldr	r3, [r2, #12]
 673 026c 43F48013 		orr	r3, r3, #1048576
 674 0270 D360     		str	r3, [r2, #12]
 675              	.L158:
 676 0272 2368     		ldr	r3, [r4]
 677 0274 1F03     		lsls	r7, r3, #12
 678 0276 10D5     		bpl	.L160
 679 0278 564A     		ldr	r2, .L249
 680 027a 216F     		ldr	r1, [r4, #112]
 681 027c D2F88830 		ldr	r3, [r2, #136]
 682 0280 23F04063 		bic	r3, r3, #201326592
 683 0284 0B43     		orrs	r3, r3, r1
 684 0286 B1F1006F 		cmp	r1, #134217728
 685 028a C2F88830 		str	r3, [r2, #136]
 686 028e 40F08180 		bne	.L161
 687 0292 D368     		ldr	r3, [r2, #12]
 688 0294 43F48013 		orr	r3, r3, #1048576
 689 0298 D360     		str	r3, [r2, #12]
 690              	.L160:
 691 029a 2368     		ldr	r3, [r4]
ARM GAS  /tmp/cc4z4OyW.s 			page 13


 692 029c 5E03     		lsls	r6, r3, #13
 693 029e 0FD5     		bpl	.L162
 694 02a0 4C4A     		ldr	r2, .L249
 695 02a2 616F     		ldr	r1, [r4, #116]
 696 02a4 D2F88830 		ldr	r3, [r2, #136]
 697 02a8 23F04063 		bic	r3, r3, #201326592
 698 02ac 0B43     		orrs	r3, r3, r1
 699 02ae B1F1006F 		cmp	r1, #134217728
 700 02b2 C2F88830 		str	r3, [r2, #136]
 701 02b6 79D1     		bne	.L163
 702 02b8 D368     		ldr	r3, [r2, #12]
 703 02ba 43F48013 		orr	r3, r3, #1048576
 704 02be D360     		str	r3, [r2, #12]
 705              	.L162:
 706 02c0 2368     		ldr	r3, [r4]
 707 02c2 5804     		lsls	r0, r3, #17
 708 02c4 12D5     		bpl	.L164
 709 02c6 4349     		ldr	r1, .L249
 710 02c8 A26F     		ldr	r2, [r4, #120]
 711 02ca D1F88830 		ldr	r3, [r1, #136]
 712 02ce 23F04053 		bic	r3, r3, #805306368
 713 02d2 1343     		orrs	r3, r3, r2
 714 02d4 B2F1805F 		cmp	r2, #268435456
 715 02d8 C1F88830 		str	r3, [r1, #136]
 716 02dc 71D1     		bne	.L165
 717 02de 0221     		movs	r1, #2
 718 02e0 201D     		adds	r0, r4, #4
 719 02e2 FFF7FEFF 		bl	RCCEx_PLLSAI1_Config
 720              	.L246:
 721 02e6 0028     		cmp	r0, #0
 722 02e8 18BF     		it	ne
 723 02ea 0546     		movne	r5, r0
 724              	.L164:
 725 02ec 2268     		ldr	r2, [r4]
 726 02ee 1104     		lsls	r1, r2, #16
 727 02f0 08D5     		bpl	.L166
 728 02f2 3849     		ldr	r1, .L249
 729 02f4 E06F     		ldr	r0, [r4, #124]
 730 02f6 D1F88830 		ldr	r3, [r1, #136]
 731 02fa 23F08043 		bic	r3, r3, #1073741824
 732 02fe 0343     		orrs	r3, r3, r0
 733 0300 C1F88830 		str	r3, [r1, #136]
 734              	.L166:
 735 0304 D303     		lsls	r3, r2, #15
 736 0306 09D5     		bpl	.L167
 737 0308 324A     		ldr	r2, .L249
 738 030a D4F88010 		ldr	r1, [r4, #128]
 739 030e D2F88830 		ldr	r3, [r2, #136]
 740 0312 23F00043 		bic	r3, r3, #-2147483648
 741 0316 0B43     		orrs	r3, r3, r1
 742 0318 C2F88830 		str	r3, [r2, #136]
 743              	.L167:
 744 031c 2846     		mov	r0, r5
 745 031e 02B0     		add	sp, sp, #8
 746              		@ sp needed
 747 0320 BDE8F087 		pop	{r4, r5, r6, r7, r8, r9, r10, pc}
 748              	.L142:
ARM GAS  /tmp/cc4z4OyW.s 			page 14


 749 0324 D4F88420 		ldr	r2, [r4, #132]
 750 0328 9342     		cmp	r3, r2
 751 032a 3FF4ECAE 		beq	.L143
 752 032e D7F89020 		ldr	r2, [r7, #144]
 753 0332 D7F89030 		ldr	r3, [r7, #144]
 754 0336 43F48033 		orr	r3, r3, #65536
 755 033a C7F89030 		str	r3, [r7, #144]
 756 033e D7F89030 		ldr	r3, [r7, #144]
 757 0342 22F44071 		bic	r1, r2, #768
 758 0346 23F48033 		bic	r3, r3, #65536
 759 034a D007     		lsls	r0, r2, #31
 760 034c C7F89030 		str	r3, [r7, #144]
 761 0350 C7F89010 		str	r1, [r7, #144]
 762 0354 7FF5D7AE 		bpl	.L143
 763 0358 FFF7FEFF 		bl	HAL_GetTick
 764 035c 41F28839 		movw	r9, #5000
 765 0360 0546     		mov	r5, r0
 766              	.L144:
 767 0362 D7F89030 		ldr	r3, [r7, #144]
 768 0366 9907     		lsls	r1, r3, #30
 769 0368 3FF5CDAE 		bmi	.L143
 770 036c FFF7FEFF 		bl	HAL_GetTick
 771 0370 401B     		subs	r0, r0, r5
 772 0372 4845     		cmp	r0, r9
 773 0374 F5D9     		bls	.L144
 774 0376 E7E6     		b	.L145
 775              	.L172:
 776 0378 3546     		mov	r5, r6
 777 037a EDE6     		b	.L137
 778              	.L159:
 779 037c B1F1806F 		cmp	r1, #67108864
 780 0380 7FF477AF 		bne	.L158
 781 0384 0121     		movs	r1, #1
 782 0386 201D     		adds	r0, r4, #4
 783 0388 FFF7FEFF 		bl	RCCEx_PLLSAI1_Config
 784 038c 0028     		cmp	r0, #0
 785 038e 18BF     		it	ne
 786 0390 0546     		movne	r5, r0
 787 0392 6EE7     		b	.L158
 788              	.L161:
 789 0394 B1F1806F 		cmp	r1, #67108864
 790 0398 7FF47FAF 		bne	.L160
 791 039c 0121     		movs	r1, #1
 792 039e 201D     		adds	r0, r4, #4
 793 03a0 FFF7FEFF 		bl	RCCEx_PLLSAI1_Config
 794 03a4 0028     		cmp	r0, #0
 795 03a6 18BF     		it	ne
 796 03a8 0546     		movne	r5, r0
 797 03aa 76E7     		b	.L160
 798              	.L163:
 799 03ac B1F1806F 		cmp	r1, #67108864
 800 03b0 86D1     		bne	.L162
 801 03b2 0121     		movs	r1, #1
 802 03b4 201D     		adds	r0, r4, #4
 803 03b6 FFF7FEFF 		bl	RCCEx_PLLSAI1_Config
 804 03ba 0028     		cmp	r0, #0
 805 03bc 18BF     		it	ne
ARM GAS  /tmp/cc4z4OyW.s 			page 15


 806 03be 0546     		movne	r5, r0
 807 03c0 7EE7     		b	.L162
 808              	.L165:
 809 03c2 B2F1005F 		cmp	r2, #536870912
 810 03c6 91D1     		bne	.L164
 811 03c8 0221     		movs	r1, #2
 812 03ca 04F12000 		add	r0, r4, #32
 813 03ce FFF7FEFF 		bl	RCCEx_PLLSAI2_Config
 814 03d2 88E7     		b	.L246
 815              	.L250:
 816              		.align	2
 817              	.L249:
 818 03d4 00100240 		.word	1073876992
 820              		.section	.text.HAL_RCCEx_GetPeriphCLKConfig,"ax",%progbits
 821              		.align	1
 822              		.global	HAL_RCCEx_GetPeriphCLKConfig
 823              		.syntax unified
 824              		.thumb
 825              		.thumb_func
 826              		.fpu fpv4-sp-d16
 828              	HAL_RCCEx_GetPeriphCLKConfig:
 829              		@ args = 0, pretend = 0, frame = 0
 830              		@ frame_needed = 0, uses_anonymous_args = 0
 831 0000 4D4B     		ldr	r3, .L252
 832 0002 0360     		str	r3, [r0]
 833 0004 4D4B     		ldr	r3, .L252+4
 834 0006 10B5     		push	{r4, lr}
 835 0008 DC68     		ldr	r4, [r3, #12]
 836 000a 04F00304 		and	r4, r4, #3
 837 000e 4460     		str	r4, [r0, #4]
 838 0010 D968     		ldr	r1, [r3, #12]
 839 0012 C1F30211 		ubfx	r1, r1, #4, #3
 840 0016 0131     		adds	r1, r1, #1
 841 0018 8160     		str	r1, [r0, #8]
 842 001a 1A69     		ldr	r2, [r3, #16]
 843 001c C2F30622 		ubfx	r2, r2, #8, #7
 844 0020 C260     		str	r2, [r0, #12]
 845 0022 1A69     		ldr	r2, [r3, #16]
 846 0024 520B     		lsrs	r2, r2, #13
 847 0026 02F01002 		and	r2, r2, #16
 848 002a 0732     		adds	r2, r2, #7
 849 002c 0261     		str	r2, [r0, #16]
 850 002e 1A69     		ldr	r2, [r3, #16]
 851 0030 C2F34152 		ubfx	r2, r2, #21, #2
 852 0034 0132     		adds	r2, r2, #1
 853 0036 5200     		lsls	r2, r2, #1
 854 0038 4261     		str	r2, [r0, #20]
 855 003a 1A69     		ldr	r2, [r3, #16]
 856 003c C2F34162 		ubfx	r2, r2, #25, #2
 857 0040 C0E90841 		strd	r4, r1, [r0, #32]
 858 0044 0132     		adds	r2, r2, #1
 859 0046 5200     		lsls	r2, r2, #1
 860 0048 8261     		str	r2, [r0, #24]
 861 004a 5A69     		ldr	r2, [r3, #20]
 862 004c C2F30622 		ubfx	r2, r2, #8, #7
 863 0050 8262     		str	r2, [r0, #40]
 864 0052 5A69     		ldr	r2, [r3, #20]
ARM GAS  /tmp/cc4z4OyW.s 			page 16


 865 0054 520B     		lsrs	r2, r2, #13
 866 0056 02F01002 		and	r2, r2, #16
 867 005a 0732     		adds	r2, r2, #7
 868 005c C262     		str	r2, [r0, #44]
 869 005e 5A69     		ldr	r2, [r3, #20]
 870 0060 C2F34162 		ubfx	r2, r2, #25, #2
 871 0064 0132     		adds	r2, r2, #1
 872 0066 5200     		lsls	r2, r2, #1
 873 0068 0263     		str	r2, [r0, #48]
 874 006a D3F88820 		ldr	r2, [r3, #136]
 875 006e 02F00302 		and	r2, r2, #3
 876 0072 8263     		str	r2, [r0, #56]
 877 0074 D3F88820 		ldr	r2, [r3, #136]
 878 0078 02F00C02 		and	r2, r2, #12
 879 007c C263     		str	r2, [r0, #60]
 880 007e D3F88820 		ldr	r2, [r3, #136]
 881 0082 02F03002 		and	r2, r2, #48
 882 0086 0264     		str	r2, [r0, #64]
 883 0088 D3F88820 		ldr	r2, [r3, #136]
 884 008c 02F0C002 		and	r2, r2, #192
 885 0090 4264     		str	r2, [r0, #68]
 886 0092 D3F88820 		ldr	r2, [r3, #136]
 887 0096 02F44072 		and	r2, r2, #768
 888 009a 8264     		str	r2, [r0, #72]
 889 009c D3F88820 		ldr	r2, [r3, #136]
 890 00a0 02F44062 		and	r2, r2, #3072
 891 00a4 C264     		str	r2, [r0, #76]
 892 00a6 D3F88820 		ldr	r2, [r3, #136]
 893 00aa 02F44052 		and	r2, r2, #12288
 894 00ae 0265     		str	r2, [r0, #80]
 895 00b0 D3F88820 		ldr	r2, [r3, #136]
 896 00b4 02F44042 		and	r2, r2, #49152
 897 00b8 4265     		str	r2, [r0, #84]
 898 00ba D3F88820 		ldr	r2, [r3, #136]
 899 00be 02F44032 		and	r2, r2, #196608
 900 00c2 8265     		str	r2, [r0, #88]
 901 00c4 D3F88820 		ldr	r2, [r3, #136]
 902 00c8 02F44022 		and	r2, r2, #786432
 903 00cc C265     		str	r2, [r0, #92]
 904 00ce D3F88820 		ldr	r2, [r3, #136]
 905 00d2 02F44012 		and	r2, r2, #3145728
 906 00d6 0266     		str	r2, [r0, #96]
 907 00d8 D3F88820 		ldr	r2, [r3, #136]
 908 00dc 02F44002 		and	r2, r2, #12582912
 909 00e0 4266     		str	r2, [r0, #100]
 910 00e2 D3F88820 		ldr	r2, [r3, #136]
 911 00e6 02F04072 		and	r2, r2, #50331648
 912 00ea 8266     		str	r2, [r0, #104]
 913 00ec D3F89020 		ldr	r2, [r3, #144]
 914 00f0 02F44072 		and	r2, r2, #768
 915 00f4 C0F88420 		str	r2, [r0, #132]
 916 00f8 D3F88820 		ldr	r2, [r3, #136]
 917 00fc 02F04062 		and	r2, r2, #201326592
 918 0100 C266     		str	r2, [r0, #108]
 919 0102 D3F88820 		ldr	r2, [r3, #136]
 920 0106 02F04062 		and	r2, r2, #201326592
 921 010a 0267     		str	r2, [r0, #112]
ARM GAS  /tmp/cc4z4OyW.s 			page 17


 922 010c D3F88820 		ldr	r2, [r3, #136]
 923 0110 02F04062 		and	r2, r2, #201326592
 924 0114 4267     		str	r2, [r0, #116]
 925 0116 D3F88820 		ldr	r2, [r3, #136]
 926 011a 02F04052 		and	r2, r2, #805306368
 927 011e 8267     		str	r2, [r0, #120]
 928 0120 D3F88820 		ldr	r2, [r3, #136]
 929 0124 02F08042 		and	r2, r2, #1073741824
 930 0128 C267     		str	r2, [r0, #124]
 931 012a D3F88830 		ldr	r3, [r3, #136]
 932 012e 03F00043 		and	r3, r3, #-2147483648
 933 0132 C0F88030 		str	r3, [r0, #128]
 934 0136 10BD     		pop	{r4, pc}
 935              	.L253:
 936              		.align	2
 937              	.L252:
 938 0138 FFFF0F00 		.word	1048575
 939 013c 00100240 		.word	1073876992
 941              		.section	.text.HAL_RCCEx_GetPeriphCLKFreq,"ax",%progbits
 942              		.align	1
 943              		.global	HAL_RCCEx_GetPeriphCLKFreq
 944              		.syntax unified
 945              		.thumb
 946              		.thumb_func
 947              		.fpu fpv4-sp-d16
 949              	HAL_RCCEx_GetPeriphCLKFreq:
 950              		@ args = 0, pretend = 0, frame = 0
 951              		@ frame_needed = 0, uses_anonymous_args = 0
 952              		@ link register save eliminated.
 953 0000 B0F5003F 		cmp	r0, #131072
 954 0004 30B4     		push	{r4, r5}
 955 0006 AB4D     		ldr	r5, .L510
 956 0008 1BD1     		bne	.L255
 957 000a D5F89030 		ldr	r3, [r5, #144]
 958 000e 03F44073 		and	r3, r3, #768
 959 0012 B3F5007F 		cmp	r3, #512
 960 0016 7FD0     		beq	.L321
 961 0018 B3F5407F 		cmp	r3, #768
 962 001c 0AD0     		beq	.L257
 963 001e B3F5807F 		cmp	r3, #256
 964              	.L490:
 965 0022 57D1     		bne	.L328
 966              	.L322:
 967 0024 D5F89000 		ldr	r0, [r5, #144]
 968 0028 10F00200 		ands	r0, r0, #2
 969 002c 18BF     		it	ne
 970 002e 4FF40040 		movne	r0, #32768
 971 0032 F4E0     		b	.L254
 972              	.L257:
 973 0034 2868     		ldr	r0, [r5]
 974 0036 A04B     		ldr	r3, .L510+4
 975 0038 10F40030 		ands	r0, r0, #131072
 976              	.L487:
 977 003c 18BF     		it	ne
 978 003e 1846     		movne	r0, r3
 979 0040 EDE0     		b	.L254
 980              	.L255:
ARM GAS  /tmp/cc4z4OyW.s 			page 18


 981 0042 EB68     		ldr	r3, [r5, #12]
 982 0044 03F00303 		and	r3, r3, #3
 983 0048 022B     		cmp	r3, #2
 984 004a 2CD0     		beq	.L259
 985 004c 032B     		cmp	r3, #3
 986 004e 31D0     		beq	.L260
 987 0050 012B     		cmp	r3, #1
 988 0052 34D1     		bne	.L324
 989 0054 2968     		ldr	r1, [r5]
 990 0056 11F00201 		ands	r1, r1, #2
 991 005a 0CD0     		beq	.L261
 992 005c 2B68     		ldr	r3, [r5]
 993 005e 974A     		ldr	r2, .L510+8
 994 0060 1907     		lsls	r1, r3, #28
 995 0062 4BBF     		itete	mi
 996 0064 2B68     		ldrmi	r3, [r5]
 997 0066 D5F89430 		ldrpl	r3, [r5, #148]
 998 006a C3F30313 		ubfxmi	r3, r3, #4, #4
 999 006e C3F30323 		ubfxpl	r3, r3, #8, #4
 1000 0072 52F82310 		ldr	r1, [r2, r3, lsl #2]
 1001              	.L261:
 1002 0076 B0F5807F 		cmp	r0, #256
 1003 007a 00F08E81 		beq	.L264
 1004 007e 2BD8     		bhi	.L265
 1005 0080 1028     		cmp	r0, #16
 1006 0082 00F02F81 		beq	.L266
 1007 0086 1CD8     		bhi	.L267
 1008 0088 0138     		subs	r0, r0, #1
 1009 008a 0728     		cmp	r0, #7
 1010 008c 22D8     		bhi	.L328
 1011 008e 0728     		cmp	r0, #7
 1012 0090 20D8     		bhi	.L328
 1013 0092 DFE810F0 		tbh	[pc, r0, lsl #1]
 1014              	.L269:
 1015 0096 E000     		.2byte	(.L272-.L269)/2
 1016 0098 EF00     		.2byte	(.L271-.L269)/2
 1017 009a 1F00     		.2byte	(.L328-.L269)/2
 1018 009c 0101     		.2byte	(.L270-.L269)/2
 1019 009e 1F00     		.2byte	(.L328-.L269)/2
 1020 00a0 1F00     		.2byte	(.L328-.L269)/2
 1021 00a2 1F00     		.2byte	(.L328-.L269)/2
 1022 00a4 1901     		.2byte	(.L268-.L269)/2
 1023              		.p2align 1
 1024              	.L259:
 1025 00a6 2968     		ldr	r1, [r5]
 1026 00a8 854B     		ldr	r3, .L510+12
 1027 00aa 11F48061 		ands	r1, r1, #1024
 1028              	.L485:
 1029 00ae 18BF     		it	ne
 1030 00b0 1946     		movne	r1, r3
 1031 00b2 E0E7     		b	.L261
 1032              	.L260:
 1033 00b4 2968     		ldr	r1, [r5]
 1034 00b6 834B     		ldr	r3, .L510+16
 1035 00b8 11F40031 		ands	r1, r1, #131072
 1036 00bc F7E7     		b	.L485
 1037              	.L324:
ARM GAS  /tmp/cc4z4OyW.s 			page 19


 1038 00be 0021     		movs	r1, #0
 1039 00c0 D9E7     		b	.L261
 1040              	.L267:
 1041 00c2 4028     		cmp	r0, #64
 1042 00c4 00F04E81 		beq	.L273
 1043 00c8 8028     		cmp	r0, #128
 1044 00ca 00F05B81 		beq	.L274
 1045 00ce 2028     		cmp	r0, #32
 1046 00d0 00F01881 		beq	.L275
 1047              	.L328:
 1048 00d4 0020     		movs	r0, #0
 1049 00d6 A2E0     		b	.L254
 1050              	.L265:
 1051 00d8 B0F5805F 		cmp	r0, #4096
 1052 00dc 00F08A80 		beq	.L276
 1053 00e0 22D8     		bhi	.L277
 1054 00e2 B0F5806F 		cmp	r0, #1024
 1055 00e6 00F06681 		beq	.L278
 1056 00ea B0F5006F 		cmp	r0, #2048
 1057 00ee 00F08180 		beq	.L276
 1058 00f2 B0F5007F 		cmp	r0, #512
 1059 00f6 EDD1     		bne	.L328
 1060 00f8 D5F88830 		ldr	r3, [r5, #136]
 1061 00fc 03F44023 		and	r3, r3, #786432
 1062 0100 B3F5002F 		cmp	r3, #524288
 1063 0104 00F06B81 		beq	.L486
 1064 0108 00F25281 		bhi	.L316
 1065 010c 002B     		cmp	r3, #0
 1066 010e 00F03681 		beq	.L296
 1067 0112 B3F5802F 		cmp	r3, #262144
 1068              	.L494:
 1069 0116 DDD1     		bne	.L328
 1070              	.L321:
 1071 0118 D5F89400 		ldr	r0, [r5, #148]
 1072 011c 10F00200 		ands	r0, r0, #2
 1073 0120 18BF     		it	ne
 1074 0122 4FF4FA40 		movne	r0, #32000
 1075 0126 7AE0     		b	.L254
 1076              	.L277:
 1077 0128 B0F5004F 		cmp	r0, #32768
 1078 012c 00F05381 		beq	.L281
 1079 0130 2ED8     		bhi	.L282
 1080 0132 B0F5005F 		cmp	r0, #8192
 1081 0136 36D0     		beq	.L283
 1082 0138 B0F5804F 		cmp	r0, #16384
 1083 013c CAD1     		bne	.L328
 1084 013e D5F88830 		ldr	r3, [r5, #136]
 1085 0142 03F04053 		and	r3, r3, #805306368
 1086 0146 B3F1005F 		cmp	r3, #536870912
 1087 014a 00F0EA80 		beq	.L310
 1088 014e B3F1405F 		cmp	r3, #805306368
 1089 0152 00F09C80 		beq	.L311
 1090 0156 B3F1805F 		cmp	r3, #268435456
 1091 015a BBD1     		bne	.L328
 1092 015c 2868     		ldr	r0, [r5]
 1093 015e 10F00060 		ands	r0, r0, #134217728
 1094 0162 5CD0     		beq	.L254
ARM GAS  /tmp/cc4z4OyW.s 			page 20


 1095 0164 2869     		ldr	r0, [r5, #16]
 1096 0166 10F08070 		ands	r0, r0, #16777216
 1097 016a 58D0     		beq	.L254
 1098 016c 2B69     		ldr	r3, [r5, #16]
 1099 016e C3F30623 		ubfx	r3, r3, #8, #7
 1100 0172 4B43     		muls	r3, r1, r3
 1101 0174 E968     		ldr	r1, [r5, #12]
 1102 0176 2869     		ldr	r0, [r5, #16]
 1103 0178 C0F34160 		ubfx	r0, r0, #25, #2
 1104 017c C1F30211 		ubfx	r1, r1, #4, #3
 1105 0180 0130     		adds	r0, r0, #1
 1106 0182 0131     		adds	r1, r1, #1
 1107 0184 4000     		lsls	r0, r0, #1
 1108 0186 B3FBF1F3 		udiv	r3, r3, r1
 1109 018a B3FBF0F0 		udiv	r0, r3, r0
 1110 018e 46E0     		b	.L254
 1111              	.L282:
 1112 0190 B0F5803F 		cmp	r0, #65536
 1113 0194 00F0E180 		beq	.L285
 1114 0198 9CD3     		bcc	.L328
 1115 019a B0F5802F 		cmp	r0, #262144
 1116 019e 02D0     		beq	.L283
 1117 01a0 B0F5002F 		cmp	r0, #524288
 1118 01a4 96D1     		bne	.L328
 1119              	.L283:
 1120 01a6 D5F88830 		ldr	r3, [r5, #136]
 1121 01aa 03F04063 		and	r3, r3, #201326592
 1122 01ae B3F1006F 		cmp	r3, #134217728
 1123 01b2 36D0     		beq	.L286
 1124 01b4 B3F1406F 		cmp	r3, #201326592
 1125 01b8 1FD0     		beq	.L287
 1126 01ba B3F1806F 		cmp	r3, #67108864
 1127 01be 89D1     		bne	.L328
 1128 01c0 2868     		ldr	r0, [r5]
 1129 01c2 10F00060 		ands	r0, r0, #134217728
 1130 01c6 2AD0     		beq	.L254
 1131 01c8 2869     		ldr	r0, [r5, #16]
 1132 01ca 10F48010 		ands	r0, r0, #1048576
 1133 01ce 26D0     		beq	.L254
 1134 01d0 2A69     		ldr	r2, [r5, #16]
 1135 01d2 C2F30622 		ubfx	r2, r2, #8, #7
 1136 01d6 4A43     		muls	r2, r1, r2
 1137 01d8 E968     		ldr	r1, [r5, #12]
 1138 01da 2869     		ldr	r0, [r5, #16]
 1139 01dc C0F34150 		ubfx	r0, r0, #21, #2
 1140 01e0 C1F30211 		ubfx	r1, r1, #4, #3
 1141 01e4 0130     		adds	r0, r0, #1
 1142 01e6 0131     		adds	r1, r1, #1
 1143 01e8 4000     		lsls	r0, r0, #1
 1144 01ea B2FBF1F2 		udiv	r2, r2, r1
 1145 01ee B2FBF0F0 		udiv	r0, r2, r0
 1146 01f2 14E0     		b	.L254
 1147              	.L276:
 1148 01f4 30BC     		pop	{r4, r5}
 1149 01f6 FFF7FEBF 		b	RCCEx_GetSAIxPeriphCLKFreq
 1150              	.L287:
 1151 01fa 2868     		ldr	r0, [r5]
ARM GAS  /tmp/cc4z4OyW.s 			page 21


 1152 01fc 10F00200 		ands	r0, r0, #2
 1153 0200 0DD0     		beq	.L254
 1154 0202 2B68     		ldr	r3, [r5]
 1155 0204 1A07     		lsls	r2, r3, #28
 1156 0206 4CBF     		ite	mi
 1157 0208 2B68     		ldrmi	r3, [r5]
 1158 020a D5F89430 		ldrpl	r3, [r5, #148]
 1159 020e 2B4A     		ldr	r2, .L510+8
 1160 0210 4CBF     		ite	mi
 1161 0212 C3F30313 		ubfxmi	r3, r3, #4, #4
 1162 0216 C3F30323 		ubfxpl	r3, r3, #8, #4
 1163 021a 52F82300 		ldr	r0, [r2, r3, lsl #2]
 1164              	.L254:
 1165 021e 30BC     		pop	{r4, r5}
 1166 0220 7047     		bx	lr
 1167              	.L286:
 1168 0222 2868     		ldr	r0, [r5]
 1169 0224 10F00070 		ands	r0, r0, #33554432
 1170 0228 F9D0     		beq	.L254
 1171 022a E868     		ldr	r0, [r5, #12]
 1172 022c 10F48010 		ands	r0, r0, #1048576
 1173 0230 F5D0     		beq	.L254
 1174 0232 EC68     		ldr	r4, [r5, #12]
 1175 0234 C4F30624 		ubfx	r4, r4, #8, #7
 1176 0238 4C43     		muls	r4, r1, r4
 1177 023a E968     		ldr	r1, [r5, #12]
 1178 023c E868     		ldr	r0, [r5, #12]
 1179 023e C0F34150 		ubfx	r0, r0, #21, #2
 1180 0242 C1F30211 		ubfx	r1, r1, #4, #3
 1181 0246 0130     		adds	r0, r0, #1
 1182 0248 0131     		adds	r1, r1, #1
 1183 024a 4000     		lsls	r0, r0, #1
 1184 024c B4FBF1F4 		udiv	r4, r4, r1
 1185 0250 B4FBF0F0 		udiv	r0, r4, r0
 1186 0254 E3E7     		b	.L254
 1187              	.L272:
 1188 0256 D5F88830 		ldr	r3, [r5, #136]
 1189 025a 03F00303 		and	r3, r3, #3
 1190 025e 022B     		cmp	r3, #2
 1191 0260 00F0BD80 		beq	.L486
 1192 0264 032B     		cmp	r3, #3
 1193 0266 3FF4DDAE 		beq	.L322
 1194 026a 012B     		cmp	r3, #1
 1195 026c 0FD0     		beq	.L311
 1196              	.L488:
 1197 026e 30BC     		pop	{r4, r5}
 1198 0270 FFF7FEBF 		b	HAL_RCC_GetPCLK2Freq
 1199              	.L271:
 1200 0274 D5F88830 		ldr	r3, [r5, #136]
 1201 0278 03F00C03 		and	r3, r3, #12
 1202 027c 082B     		cmp	r3, #8
 1203 027e 00F0AE80 		beq	.L486
 1204 0282 07D8     		bhi	.L295
 1205 0284 002B     		cmp	r3, #0
 1206 0286 7AD0     		beq	.L296
 1207 0288 042B     		cmp	r3, #4
 1208              	.L499:
ARM GAS  /tmp/cc4z4OyW.s 			page 22


 1209 028a 7FF423AF 		bne	.L328
 1210              	.L311:
 1211 028e 30BC     		pop	{r4, r5}
 1212 0290 FFF7FEBF 		b	HAL_RCC_GetSysClockFreq
 1213              	.L295:
 1214 0294 0C2B     		cmp	r3, #12
 1215 0296 C4E6     		b	.L490
 1216              	.L270:
 1217 0298 D5F88830 		ldr	r3, [r5, #136]
 1218 029c 03F03003 		and	r3, r3, #48
 1219 02a0 202B     		cmp	r3, #32
 1220 02a2 00F09C80 		beq	.L486
 1221 02a6 03D8     		bhi	.L299
 1222 02a8 002B     		cmp	r3, #0
 1223 02aa 68D0     		beq	.L296
 1224 02ac 102B     		cmp	r3, #16
 1225 02ae ECE7     		b	.L499
 1226              	.L299:
 1227 02b0 302B     		cmp	r3, #48
 1228 02b2 B6E6     		b	.L490
 1229              	.L511:
 1230              		.align	2
 1231              	.L510:
 1232 02b4 00100240 		.word	1073876992
 1233 02b8 90D00300 		.word	250000
 1234 02bc 00000000 		.word	MSIRangeTable
 1235 02c0 0024F400 		.word	16000000
 1236 02c4 00127A00 		.word	8000000
 1237              	.L268:
 1238 02c8 D5F88830 		ldr	r3, [r5, #136]
 1239 02cc 03F0C003 		and	r3, r3, #192
 1240 02d0 802B     		cmp	r3, #128
 1241 02d2 00F08480 		beq	.L486
 1242 02d6 03D8     		bhi	.L302
 1243 02d8 002B     		cmp	r3, #0
 1244 02da 50D0     		beq	.L296
 1245 02dc 402B     		cmp	r3, #64
 1246 02de D4E7     		b	.L499
 1247              	.L302:
 1248 02e0 C02B     		cmp	r3, #192
 1249 02e2 9EE6     		b	.L490
 1250              	.L266:
 1251 02e4 D5F88830 		ldr	r3, [r5, #136]
 1252 02e8 03F44073 		and	r3, r3, #768
 1253 02ec B3F5007F 		cmp	r3, #512
 1254 02f0 75D0     		beq	.L486
 1255 02f2 04D8     		bhi	.L305
 1256 02f4 002B     		cmp	r3, #0
 1257 02f6 42D0     		beq	.L296
 1258 02f8 B3F5807F 		cmp	r3, #256
 1259 02fc C5E7     		b	.L499
 1260              	.L305:
 1261 02fe B3F5407F 		cmp	r3, #768
 1262 0302 8EE6     		b	.L490
 1263              	.L275:
 1264 0304 D5F88830 		ldr	r3, [r5, #136]
 1265 0308 03F44063 		and	r3, r3, #3072
ARM GAS  /tmp/cc4z4OyW.s 			page 23


 1266 030c B3F5006F 		cmp	r3, #2048
 1267 0310 65D0     		beq	.L486
 1268 0312 03D8     		bhi	.L308
 1269 0314 9BB3     		cbz	r3, .L296
 1270 0316 B3F5806F 		cmp	r3, #1024
 1271 031a B6E7     		b	.L499
 1272              	.L308:
 1273 031c B3F5406F 		cmp	r3, #3072
 1274 0320 7FE6     		b	.L490
 1275              	.L310:
 1276 0322 2868     		ldr	r0, [r5]
 1277 0324 10F00050 		ands	r0, r0, #536870912
 1278 0328 3FF479AF 		beq	.L254
 1279 032c 6869     		ldr	r0, [r5, #20]
 1280 032e 10F08070 		ands	r0, r0, #16777216
 1281 0332 3FF474AF 		beq	.L254
 1282 0336 6869     		ldr	r0, [r5, #20]
 1283 0338 EB68     		ldr	r3, [r5, #12]
 1284 033a C0F30620 		ubfx	r0, r0, #8, #7
 1285 033e 4143     		muls	r1, r0, r1
 1286 0340 6869     		ldr	r0, [r5, #20]
 1287 0342 C0F34160 		ubfx	r0, r0, #25, #2
 1288 0346 C3F30213 		ubfx	r3, r3, #4, #3
 1289 034a 0130     		adds	r0, r0, #1
 1290 034c 0133     		adds	r3, r3, #1
 1291 034e 4000     		lsls	r0, r0, #1
 1292 0350 B1FBF3F1 		udiv	r1, r1, r3
 1293 0354 B1FBF0F0 		udiv	r0, r1, r0
 1294 0358 61E7     		b	.L254
 1295              	.L285:
 1296 035a D5F88830 		ldr	r3, [r5, #136]
 1297 035e 002B     		cmp	r3, #0
 1298 0360 85DA     		bge	.L488
 1299 0362 94E7     		b	.L311
 1300              	.L273:
 1301 0364 D5F88830 		ldr	r3, [r5, #136]
 1302 0368 03F44053 		and	r3, r3, #12288
 1303 036c B3F5805F 		cmp	r3, #4096
 1304 0370 8DD0     		beq	.L311
 1305 0372 B3F5005F 		cmp	r3, #8192
 1306              	.L508:
 1307 0376 32D0     		beq	.L486
 1308 0378 002B     		cmp	r3, #0
 1309 037a 7FF4ABAE 		bne	.L328
 1310              	.L296:
 1311 037e 30BC     		pop	{r4, r5}
 1312 0380 FFF7FEBF 		b	HAL_RCC_GetPCLK1Freq
 1313              	.L274:
 1314 0384 D5F88830 		ldr	r3, [r5, #136]
 1315 0388 03F44043 		and	r3, r3, #49152
 1316 038c B3F5804F 		cmp	r3, #16384
 1317 0390 3FF47DAF 		beq	.L311
 1318 0394 B3F5004F 		cmp	r3, #32768
 1319 0398 EDE7     		b	.L508
 1320              	.L264:
 1321 039a D5F88830 		ldr	r3, [r5, #136]
 1322 039e 03F44033 		and	r3, r3, #196608
ARM GAS  /tmp/cc4z4OyW.s 			page 24


 1323 03a2 B3F5803F 		cmp	r3, #65536
 1324 03a6 3FF472AF 		beq	.L311
 1325 03aa B3F5003F 		cmp	r3, #131072
 1326 03ae E2E7     		b	.L508
 1327              	.L316:
 1328 03b0 B3F5402F 		cmp	r3, #786432
 1329 03b4 35E6     		b	.L490
 1330              	.L278:
 1331 03b6 D5F88830 		ldr	r3, [r5, #136]
 1332 03ba 03F44013 		and	r3, r3, #3145728
 1333 03be B3F5001F 		cmp	r3, #2097152
 1334 03c2 0CD0     		beq	.L486
 1335 03c4 04D8     		bhi	.L320
 1336 03c6 002B     		cmp	r3, #0
 1337 03c8 D9D0     		beq	.L296
 1338 03ca B3F5801F 		cmp	r3, #1048576
 1339 03ce A2E6     		b	.L494
 1340              	.L320:
 1341 03d0 B3F5401F 		cmp	r3, #3145728
 1342 03d4 25E6     		b	.L490
 1343              	.L281:
 1344 03d6 D5F88830 		ldr	r3, [r5, #136]
 1345 03da 5B00     		lsls	r3, r3, #1
 1346 03dc CFD5     		bpl	.L296
 1347              	.L486:
 1348 03de 2868     		ldr	r0, [r5]
 1349 03e0 014B     		ldr	r3, .L512
 1350 03e2 10F48060 		ands	r0, r0, #1024
 1351 03e6 29E6     		b	.L487
 1352              	.L513:
 1353              		.align	2
 1354              	.L512:
 1355 03e8 0024F400 		.word	16000000
 1357              		.section	.text.HAL_RCCEx_EnablePLLSAI1,"ax",%progbits
 1358              		.align	1
 1359              		.global	HAL_RCCEx_EnablePLLSAI1
 1360              		.syntax unified
 1361              		.thumb
 1362              		.thumb_func
 1363              		.fpu fpv4-sp-d16
 1365              	HAL_RCCEx_EnablePLLSAI1:
 1366              		@ args = 0, pretend = 0, frame = 0
 1367              		@ frame_needed = 0, uses_anonymous_args = 0
 1368 0000 70B5     		push	{r4, r5, r6, lr}
 1369 0002 1F4C     		ldr	r4, .L525
 1370 0004 2368     		ldr	r3, [r4]
 1371 0006 23F08063 		bic	r3, r3, #67108864
 1372 000a 2360     		str	r3, [r4]
 1373 000c 0546     		mov	r5, r0
 1374 000e FFF7FEFF 		bl	HAL_GetTick
 1375 0012 0646     		mov	r6, r0
 1376              	.L515:
 1377 0014 2368     		ldr	r3, [r4]
 1378 0016 1A01     		lsls	r2, r3, #4
 1379 0018 20D4     		bmi	.L517
 1380 001a 2169     		ldr	r1, [r4, #16]
 1381 001c 194B     		ldr	r3, .L525+4
ARM GAS  /tmp/cc4z4OyW.s 			page 25


 1382 001e AA68     		ldr	r2, [r5, #8]
 1383 0020 0B40     		ands	r3, r3, r1
 1384 0022 43EA0223 		orr	r3, r3, r2, lsl #8
 1385 0026 EA68     		ldr	r2, [r5, #12]
 1386 0028 1209     		lsrs	r2, r2, #4
 1387 002a 43EA4243 		orr	r3, r3, r2, lsl #17
 1388 002e 2A69     		ldr	r2, [r5, #16]
 1389 0030 5208     		lsrs	r2, r2, #1
 1390 0032 013A     		subs	r2, r2, #1
 1391 0034 43EA4253 		orr	r3, r3, r2, lsl #21
 1392 0038 6A69     		ldr	r2, [r5, #20]
 1393 003a 5208     		lsrs	r2, r2, #1
 1394 003c 013A     		subs	r2, r2, #1
 1395 003e 43EA4263 		orr	r3, r3, r2, lsl #25
 1396 0042 2361     		str	r3, [r4, #16]
 1397 0044 2369     		ldr	r3, [r4, #16]
 1398 0046 AA69     		ldr	r2, [r5, #24]
 1399 0048 1343     		orrs	r3, r3, r2
 1400 004a 2361     		str	r3, [r4, #16]
 1401 004c 2368     		ldr	r3, [r4]
 1402 004e 43F08063 		orr	r3, r3, #67108864
 1403 0052 2360     		str	r3, [r4]
 1404 0054 FFF7FEFF 		bl	HAL_GetTick
 1405 0058 0546     		mov	r5, r0
 1406 005a 0BE0     		b	.L521
 1407              	.L517:
 1408 005c FFF7FEFF 		bl	HAL_GetTick
 1409 0060 801B     		subs	r0, r0, r6
 1410 0062 0228     		cmp	r0, #2
 1411 0064 D6D9     		bls	.L515
 1412              	.L519:
 1413 0066 0320     		movs	r0, #3
 1414              	.L523:
 1415 0068 70BD     		pop	{r4, r5, r6, pc}
 1416              	.L520:
 1417 006a FFF7FEFF 		bl	HAL_GetTick
 1418 006e 401B     		subs	r0, r0, r5
 1419 0070 0228     		cmp	r0, #2
 1420 0072 F8D8     		bhi	.L519
 1421              	.L521:
 1422 0074 2368     		ldr	r3, [r4]
 1423 0076 1B01     		lsls	r3, r3, #4
 1424 0078 F7D5     		bpl	.L520
 1425 007a 0020     		movs	r0, #0
 1426 007c F4E7     		b	.L523
 1427              	.L526:
 1428 007e 00BF     		.align	2
 1429              	.L525:
 1430 0080 00100240 		.word	1073876992
 1431 0084 FF809DF9 		.word	-107118337
 1433              		.section	.text.HAL_RCCEx_DisablePLLSAI1,"ax",%progbits
 1434              		.align	1
 1435              		.global	HAL_RCCEx_DisablePLLSAI1
 1436              		.syntax unified
 1437              		.thumb
 1438              		.thumb_func
 1439              		.fpu fpv4-sp-d16
ARM GAS  /tmp/cc4z4OyW.s 			page 26


 1441              	HAL_RCCEx_DisablePLLSAI1:
 1442              		@ args = 0, pretend = 0, frame = 0
 1443              		@ frame_needed = 0, uses_anonymous_args = 0
 1444 0000 38B5     		push	{r3, r4, r5, lr}
 1445 0002 114C     		ldr	r4, .L533
 1446 0004 2368     		ldr	r3, [r4]
 1447 0006 23F08063 		bic	r3, r3, #67108864
 1448 000a 2360     		str	r3, [r4]
 1449 000c FFF7FEFF 		bl	HAL_GetTick
 1450 0010 0546     		mov	r5, r0
 1451              	.L528:
 1452 0012 2368     		ldr	r3, [r4]
 1453 0014 13F00063 		ands	r3, r3, #134217728
 1454 0018 0FD1     		bne	.L530
 1455 001a 1846     		mov	r0, r3
 1456              	.L529:
 1457 001c 2369     		ldr	r3, [r4, #16]
 1458 001e 23F08873 		bic	r3, r3, #17825792
 1459 0022 23F48033 		bic	r3, r3, #65536
 1460 0026 2361     		str	r3, [r4, #16]
 1461 0028 2368     		ldr	r3, [r4]
 1462 002a 13F0085F 		tst	r3, #570425344
 1463 002e 02BF     		ittt	eq
 1464 0030 E368     		ldreq	r3, [r4, #12]
 1465 0032 23F00303 		biceq	r3, r3, #3
 1466 0036 E360     		streq	r3, [r4, #12]
 1467 0038 38BD     		pop	{r3, r4, r5, pc}
 1468              	.L530:
 1469 003a FFF7FEFF 		bl	HAL_GetTick
 1470 003e 401B     		subs	r0, r0, r5
 1471 0040 0228     		cmp	r0, #2
 1472 0042 E6D9     		bls	.L528
 1473 0044 0320     		movs	r0, #3
 1474 0046 E9E7     		b	.L529
 1475              	.L534:
 1476              		.align	2
 1477              	.L533:
 1478 0048 00100240 		.word	1073876992
 1480              		.section	.text.HAL_RCCEx_EnablePLLSAI2,"ax",%progbits
 1481              		.align	1
 1482              		.global	HAL_RCCEx_EnablePLLSAI2
 1483              		.syntax unified
 1484              		.thumb
 1485              		.thumb_func
 1486              		.fpu fpv4-sp-d16
 1488              	HAL_RCCEx_EnablePLLSAI2:
 1489              		@ args = 0, pretend = 0, frame = 0
 1490              		@ frame_needed = 0, uses_anonymous_args = 0
 1491 0000 70B5     		push	{r4, r5, r6, lr}
 1492 0002 1C4C     		ldr	r4, .L546
 1493 0004 2368     		ldr	r3, [r4]
 1494 0006 23F08053 		bic	r3, r3, #268435456
 1495 000a 2360     		str	r3, [r4]
 1496 000c 0546     		mov	r5, r0
 1497 000e FFF7FEFF 		bl	HAL_GetTick
 1498 0012 0646     		mov	r6, r0
 1499              	.L536:
ARM GAS  /tmp/cc4z4OyW.s 			page 27


 1500 0014 2368     		ldr	r3, [r4]
 1501 0016 9A00     		lsls	r2, r3, #2
 1502 0018 1BD4     		bmi	.L538
 1503 001a 6169     		ldr	r1, [r4, #20]
 1504 001c 164B     		ldr	r3, .L546+4
 1505 001e AA68     		ldr	r2, [r5, #8]
 1506 0020 0B40     		ands	r3, r3, r1
 1507 0022 43EA0223 		orr	r3, r3, r2, lsl #8
 1508 0026 EA68     		ldr	r2, [r5, #12]
 1509 0028 1209     		lsrs	r2, r2, #4
 1510 002a 43EA4243 		orr	r3, r3, r2, lsl #17
 1511 002e 2A69     		ldr	r2, [r5, #16]
 1512 0030 5208     		lsrs	r2, r2, #1
 1513 0032 013A     		subs	r2, r2, #1
 1514 0034 43EA4263 		orr	r3, r3, r2, lsl #25
 1515 0038 6361     		str	r3, [r4, #20]
 1516 003a 6369     		ldr	r3, [r4, #20]
 1517 003c 6A69     		ldr	r2, [r5, #20]
 1518 003e 1343     		orrs	r3, r3, r2
 1519 0040 6361     		str	r3, [r4, #20]
 1520 0042 2368     		ldr	r3, [r4]
 1521 0044 43F08053 		orr	r3, r3, #268435456
 1522 0048 2360     		str	r3, [r4]
 1523 004a FFF7FEFF 		bl	HAL_GetTick
 1524 004e 0546     		mov	r5, r0
 1525 0050 0BE0     		b	.L542
 1526              	.L538:
 1527 0052 FFF7FEFF 		bl	HAL_GetTick
 1528 0056 801B     		subs	r0, r0, r6
 1529 0058 0228     		cmp	r0, #2
 1530 005a DBD9     		bls	.L536
 1531              	.L540:
 1532 005c 0320     		movs	r0, #3
 1533              	.L544:
 1534 005e 70BD     		pop	{r4, r5, r6, pc}
 1535              	.L541:
 1536 0060 FFF7FEFF 		bl	HAL_GetTick
 1537 0064 401B     		subs	r0, r0, r5
 1538 0066 0228     		cmp	r0, #2
 1539 0068 F8D8     		bhi	.L540
 1540              	.L542:
 1541 006a 2368     		ldr	r3, [r4]
 1542 006c 9B00     		lsls	r3, r3, #2
 1543 006e F7D5     		bpl	.L541
 1544 0070 0020     		movs	r0, #0
 1545 0072 F4E7     		b	.L544
 1546              	.L547:
 1547              		.align	2
 1548              	.L546:
 1549 0074 00100240 		.word	1073876992
 1550 0078 FF80FDF9 		.word	-100826881
 1552              		.section	.text.HAL_RCCEx_DisablePLLSAI2,"ax",%progbits
 1553              		.align	1
 1554              		.global	HAL_RCCEx_DisablePLLSAI2
 1555              		.syntax unified
 1556              		.thumb
 1557              		.thumb_func
ARM GAS  /tmp/cc4z4OyW.s 			page 28


 1558              		.fpu fpv4-sp-d16
 1560              	HAL_RCCEx_DisablePLLSAI2:
 1561              		@ args = 0, pretend = 0, frame = 0
 1562              		@ frame_needed = 0, uses_anonymous_args = 0
 1563 0000 38B5     		push	{r3, r4, r5, lr}
 1564 0002 114C     		ldr	r4, .L554
 1565 0004 2368     		ldr	r3, [r4]
 1566 0006 23F08053 		bic	r3, r3, #268435456
 1567 000a 2360     		str	r3, [r4]
 1568 000c FFF7FEFF 		bl	HAL_GetTick
 1569 0010 0546     		mov	r5, r0
 1570              	.L549:
 1571 0012 2368     		ldr	r3, [r4]
 1572 0014 13F00053 		ands	r3, r3, #536870912
 1573 0018 0FD1     		bne	.L551
 1574 001a 1846     		mov	r0, r3
 1575              	.L550:
 1576 001c 6369     		ldr	r3, [r4, #20]
 1577 001e 23F08073 		bic	r3, r3, #16777216
 1578 0022 23F48033 		bic	r3, r3, #65536
 1579 0026 6361     		str	r3, [r4, #20]
 1580 0028 2368     		ldr	r3, [r4]
 1581 002a 13F0206F 		tst	r3, #167772160
 1582 002e 02BF     		ittt	eq
 1583 0030 E368     		ldreq	r3, [r4, #12]
 1584 0032 23F00303 		biceq	r3, r3, #3
 1585 0036 E360     		streq	r3, [r4, #12]
 1586 0038 38BD     		pop	{r3, r4, r5, pc}
 1587              	.L551:
 1588 003a FFF7FEFF 		bl	HAL_GetTick
 1589 003e 401B     		subs	r0, r0, r5
 1590 0040 0228     		cmp	r0, #2
 1591 0042 E6D9     		bls	.L549
 1592 0044 0320     		movs	r0, #3
 1593 0046 E9E7     		b	.L550
 1594              	.L555:
 1595              		.align	2
 1596              	.L554:
 1597 0048 00100240 		.word	1073876992
 1599              		.section	.text.HAL_RCCEx_WakeUpStopCLKConfig,"ax",%progbits
 1600              		.align	1
 1601              		.global	HAL_RCCEx_WakeUpStopCLKConfig
 1602              		.syntax unified
 1603              		.thumb
 1604              		.thumb_func
 1605              		.fpu fpv4-sp-d16
 1607              	HAL_RCCEx_WakeUpStopCLKConfig:
 1608              		@ args = 0, pretend = 0, frame = 0
 1609              		@ frame_needed = 0, uses_anonymous_args = 0
 1610              		@ link register save eliminated.
 1611 0000 034A     		ldr	r2, .L557
 1612 0002 9368     		ldr	r3, [r2, #8]
 1613 0004 23F40043 		bic	r3, r3, #32768
 1614 0008 1843     		orrs	r0, r0, r3
 1615 000a 9060     		str	r0, [r2, #8]
 1616 000c 7047     		bx	lr
 1617              	.L558:
ARM GAS  /tmp/cc4z4OyW.s 			page 29


 1618 000e 00BF     		.align	2
 1619              	.L557:
 1620 0010 00100240 		.word	1073876992
 1622              		.section	.text.HAL_RCCEx_StandbyMSIRangeConfig,"ax",%progbits
 1623              		.align	1
 1624              		.global	HAL_RCCEx_StandbyMSIRangeConfig
 1625              		.syntax unified
 1626              		.thumb
 1627              		.thumb_func
 1628              		.fpu fpv4-sp-d16
 1630              	HAL_RCCEx_StandbyMSIRangeConfig:
 1631              		@ args = 0, pretend = 0, frame = 0
 1632              		@ frame_needed = 0, uses_anonymous_args = 0
 1633              		@ link register save eliminated.
 1634 0000 044A     		ldr	r2, .L560
 1635 0002 D2F89430 		ldr	r3, [r2, #148]
 1636 0006 23F47063 		bic	r3, r3, #3840
 1637 000a 43EA0010 		orr	r0, r3, r0, lsl #4
 1638 000e C2F89400 		str	r0, [r2, #148]
 1639 0012 7047     		bx	lr
 1640              	.L561:
 1641              		.align	2
 1642              	.L560:
 1643 0014 00100240 		.word	1073876992
 1645              		.section	.text.HAL_RCCEx_EnableLSECSS,"ax",%progbits
 1646              		.align	1
 1647              		.global	HAL_RCCEx_EnableLSECSS
 1648              		.syntax unified
 1649              		.thumb
 1650              		.thumb_func
 1651              		.fpu fpv4-sp-d16
 1653              	HAL_RCCEx_EnableLSECSS:
 1654              		@ args = 0, pretend = 0, frame = 0
 1655              		@ frame_needed = 0, uses_anonymous_args = 0
 1656              		@ link register save eliminated.
 1657 0000 034A     		ldr	r2, .L563
 1658 0002 D2F89030 		ldr	r3, [r2, #144]
 1659 0006 43F02003 		orr	r3, r3, #32
 1660 000a C2F89030 		str	r3, [r2, #144]
 1661 000e 7047     		bx	lr
 1662              	.L564:
 1663              		.align	2
 1664              	.L563:
 1665 0010 00100240 		.word	1073876992
 1667              		.section	.text.HAL_RCCEx_DisableLSECSS,"ax",%progbits
 1668              		.align	1
 1669              		.global	HAL_RCCEx_DisableLSECSS
 1670              		.syntax unified
 1671              		.thumb
 1672              		.thumb_func
 1673              		.fpu fpv4-sp-d16
 1675              	HAL_RCCEx_DisableLSECSS:
 1676              		@ args = 0, pretend = 0, frame = 0
 1677              		@ frame_needed = 0, uses_anonymous_args = 0
 1678              		@ link register save eliminated.
 1679 0000 054B     		ldr	r3, .L566
 1680 0002 D3F89020 		ldr	r2, [r3, #144]
ARM GAS  /tmp/cc4z4OyW.s 			page 30


 1681 0006 22F02002 		bic	r2, r2, #32
 1682 000a C3F89020 		str	r2, [r3, #144]
 1683 000e 9A69     		ldr	r2, [r3, #24]
 1684 0010 22F40072 		bic	r2, r2, #512
 1685 0014 9A61     		str	r2, [r3, #24]
 1686 0016 7047     		bx	lr
 1687              	.L567:
 1688              		.align	2
 1689              	.L566:
 1690 0018 00100240 		.word	1073876992
 1692              		.section	.text.HAL_RCCEx_EnableLSECSS_IT,"ax",%progbits
 1693              		.align	1
 1694              		.global	HAL_RCCEx_EnableLSECSS_IT
 1695              		.syntax unified
 1696              		.thumb
 1697              		.thumb_func
 1698              		.fpu fpv4-sp-d16
 1700              	HAL_RCCEx_EnableLSECSS_IT:
 1701              		@ args = 0, pretend = 0, frame = 0
 1702              		@ frame_needed = 0, uses_anonymous_args = 0
 1703              		@ link register save eliminated.
 1704 0000 0A4B     		ldr	r3, .L569
 1705 0002 D3F89020 		ldr	r2, [r3, #144]
 1706 0006 42F02002 		orr	r2, r2, #32
 1707 000a C3F89020 		str	r2, [r3, #144]
 1708 000e 9A69     		ldr	r2, [r3, #24]
 1709 0010 42F40072 		orr	r2, r2, #512
 1710 0014 9A61     		str	r2, [r3, #24]
 1711 0016 A3F58633 		sub	r3, r3, #68608
 1712 001a 1A68     		ldr	r2, [r3]
 1713 001c 42F40022 		orr	r2, r2, #524288
 1714 0020 1A60     		str	r2, [r3]
 1715 0022 9A68     		ldr	r2, [r3, #8]
 1716 0024 42F40022 		orr	r2, r2, #524288
 1717 0028 9A60     		str	r2, [r3, #8]
 1718 002a 7047     		bx	lr
 1719              	.L570:
 1720              		.align	2
 1721              	.L569:
 1722 002c 00100240 		.word	1073876992
 1724              		.section	.text.HAL_RCCEx_LSECSS_Callback,"ax",%progbits
 1725              		.align	1
 1726              		.weak	HAL_RCCEx_LSECSS_Callback
 1727              		.syntax unified
 1728              		.thumb
 1729              		.thumb_func
 1730              		.fpu fpv4-sp-d16
 1732              	HAL_RCCEx_LSECSS_Callback:
 1733              		@ args = 0, pretend = 0, frame = 0
 1734              		@ frame_needed = 0, uses_anonymous_args = 0
 1735              		@ link register save eliminated.
 1736 0000 7047     		bx	lr
 1738              		.section	.text.HAL_RCCEx_LSECSS_IRQHandler,"ax",%progbits
 1739              		.align	1
 1740              		.global	HAL_RCCEx_LSECSS_IRQHandler
 1741              		.syntax unified
 1742              		.thumb
ARM GAS  /tmp/cc4z4OyW.s 			page 31


 1743              		.thumb_func
 1744              		.fpu fpv4-sp-d16
 1746              	HAL_RCCEx_LSECSS_IRQHandler:
 1747              		@ args = 0, pretend = 0, frame = 0
 1748              		@ frame_needed = 0, uses_anonymous_args = 0
 1749 0000 10B5     		push	{r4, lr}
 1750 0002 054C     		ldr	r4, .L577
 1751 0004 E369     		ldr	r3, [r4, #28]
 1752 0006 9B05     		lsls	r3, r3, #22
 1753 0008 04D5     		bpl	.L572
 1754 000a FFF7FEFF 		bl	HAL_RCCEx_LSECSS_Callback
 1755 000e 4FF40073 		mov	r3, #512
 1756 0012 2362     		str	r3, [r4, #32]
 1757              	.L572:
 1758 0014 10BD     		pop	{r4, pc}
 1759              	.L578:
 1760 0016 00BF     		.align	2
 1761              	.L577:
 1762 0018 00100240 		.word	1073876992
 1764              		.section	.text.HAL_RCCEx_EnableLSCO,"ax",%progbits
 1765              		.align	1
 1766              		.global	HAL_RCCEx_EnableLSCO
 1767              		.syntax unified
 1768              		.thumb
 1769              		.thumb_func
 1770              		.fpu fpv4-sp-d16
 1772              	HAL_RCCEx_EnableLSCO:
 1773              		@ args = 0, pretend = 0, frame = 32
 1774              		@ frame_needed = 0, uses_anonymous_args = 0
 1775 0000 70B5     		push	{r4, r5, r6, lr}
 1776 0002 224C     		ldr	r4, .L586
 1777 0004 E36C     		ldr	r3, [r4, #76]
 1778 0006 43F00103 		orr	r3, r3, #1
 1779 000a E364     		str	r3, [r4, #76]
 1780 000c E36C     		ldr	r3, [r4, #76]
 1781 000e 88B0     		sub	sp, sp, #32
 1782 0010 03F00103 		and	r3, r3, #1
 1783 0014 0093     		str	r3, [sp]
 1784 0016 009B     		ldr	r3, [sp]
 1785 0018 0422     		movs	r2, #4
 1786 001a 0323     		movs	r3, #3
 1787 001c CDE90223 		strd	r2, [sp, #8]
 1788 0020 0546     		mov	r5, r0
 1789 0022 0022     		movs	r2, #0
 1790 0024 0223     		movs	r3, #2
 1791 0026 02A9     		add	r1, sp, #8
 1792 0028 4FF09040 		mov	r0, #1207959552
 1793 002c CDE90423 		strd	r2, [sp, #16]
 1794 0030 FFF7FEFF 		bl	HAL_GPIO_Init
 1795 0034 A36D     		ldr	r3, [r4, #88]
 1796 0036 DA00     		lsls	r2, r3, #3
 1797 0038 24D4     		bmi	.L584
 1798 003a A36D     		ldr	r3, [r4, #88]
 1799 003c 43F08053 		orr	r3, r3, #268435456
 1800 0040 A365     		str	r3, [r4, #88]
 1801 0042 A36D     		ldr	r3, [r4, #88]
 1802 0044 03F08053 		and	r3, r3, #268435456
ARM GAS  /tmp/cc4z4OyW.s 			page 32


 1803 0048 0193     		str	r3, [sp, #4]
 1804 004a 019B     		ldr	r3, [sp, #4]
 1805 004c 0126     		movs	r6, #1
 1806              	.L580:
 1807 004e 104B     		ldr	r3, .L586+4
 1808 0050 1B68     		ldr	r3, [r3]
 1809 0052 DB05     		lsls	r3, r3, #23
 1810 0054 18D4     		bmi	.L585
 1811 0056 FFF7FEFF 		bl	HAL_PWR_EnableBkUpAccess
 1812 005a 0122     		movs	r2, #1
 1813              	.L581:
 1814 005c D4F89030 		ldr	r3, [r4, #144]
 1815 0060 23F04073 		bic	r3, r3, #50331648
 1816 0064 43EA0500 		orr	r0, r3, r5
 1817 0068 40F08070 		orr	r0, r0, #16777216
 1818 006c C4F89000 		str	r0, [r4, #144]
 1819 0070 0AB1     		cbz	r2, .L582
 1820 0072 FFF7FEFF 		bl	HAL_PWR_DisableBkUpAccess
 1821              	.L582:
 1822 0076 1EB1     		cbz	r6, .L579
 1823 0078 A36D     		ldr	r3, [r4, #88]
 1824 007a 23F08053 		bic	r3, r3, #268435456
 1825 007e A365     		str	r3, [r4, #88]
 1826              	.L579:
 1827 0080 08B0     		add	sp, sp, #32
 1828              		@ sp needed
 1829 0082 70BD     		pop	{r4, r5, r6, pc}
 1830              	.L584:
 1831 0084 0026     		movs	r6, #0
 1832 0086 E2E7     		b	.L580
 1833              	.L585:
 1834 0088 0022     		movs	r2, #0
 1835 008a E7E7     		b	.L581
 1836              	.L587:
 1837              		.align	2
 1838              	.L586:
 1839 008c 00100240 		.word	1073876992
 1840 0090 00700040 		.word	1073770496
 1842              		.section	.text.HAL_RCCEx_DisableLSCO,"ax",%progbits
 1843              		.align	1
 1844              		.global	HAL_RCCEx_DisableLSCO
 1845              		.syntax unified
 1846              		.thumb
 1847              		.thumb_func
 1848              		.fpu fpv4-sp-d16
 1850              	HAL_RCCEx_DisableLSCO:
 1851              		@ args = 0, pretend = 0, frame = 8
 1852              		@ frame_needed = 0, uses_anonymous_args = 0
 1853 0000 37B5     		push	{r0, r1, r2, r4, r5, lr}
 1854 0002 144C     		ldr	r4, .L595
 1855 0004 A36D     		ldr	r3, [r4, #88]
 1856 0006 DA00     		lsls	r2, r3, #3
 1857 0008 20D4     		bmi	.L593
 1858 000a A36D     		ldr	r3, [r4, #88]
 1859 000c 43F08053 		orr	r3, r3, #268435456
 1860 0010 A365     		str	r3, [r4, #88]
 1861 0012 A36D     		ldr	r3, [r4, #88]
ARM GAS  /tmp/cc4z4OyW.s 			page 33


 1862 0014 03F08053 		and	r3, r3, #268435456
 1863 0018 0193     		str	r3, [sp, #4]
 1864 001a 019B     		ldr	r3, [sp, #4]
 1865 001c 0125     		movs	r5, #1
 1866              	.L589:
 1867 001e 0E4B     		ldr	r3, .L595+4
 1868 0020 1B68     		ldr	r3, [r3]
 1869 0022 DB05     		lsls	r3, r3, #23
 1870 0024 14D4     		bmi	.L594
 1871 0026 FFF7FEFF 		bl	HAL_PWR_EnableBkUpAccess
 1872 002a 0122     		movs	r2, #1
 1873              	.L590:
 1874 002c D4F89030 		ldr	r3, [r4, #144]
 1875 0030 23F08073 		bic	r3, r3, #16777216
 1876 0034 C4F89030 		str	r3, [r4, #144]
 1877 0038 0AB1     		cbz	r2, .L591
 1878 003a FFF7FEFF 		bl	HAL_PWR_DisableBkUpAccess
 1879              	.L591:
 1880 003e 1DB1     		cbz	r5, .L588
 1881 0040 A36D     		ldr	r3, [r4, #88]
 1882 0042 23F08053 		bic	r3, r3, #268435456
 1883 0046 A365     		str	r3, [r4, #88]
 1884              	.L588:
 1885 0048 03B0     		add	sp, sp, #12
 1886              		@ sp needed
 1887 004a 30BD     		pop	{r4, r5, pc}
 1888              	.L593:
 1889 004c 0025     		movs	r5, #0
 1890 004e E6E7     		b	.L589
 1891              	.L594:
 1892 0050 0022     		movs	r2, #0
 1893 0052 EBE7     		b	.L590
 1894              	.L596:
 1895              		.align	2
 1896              	.L595:
 1897 0054 00100240 		.word	1073876992
 1898 0058 00700040 		.word	1073770496
 1900              		.section	.text.HAL_RCCEx_EnableMSIPLLMode,"ax",%progbits
 1901              		.align	1
 1902              		.global	HAL_RCCEx_EnableMSIPLLMode
 1903              		.syntax unified
 1904              		.thumb
 1905              		.thumb_func
 1906              		.fpu fpv4-sp-d16
 1908              	HAL_RCCEx_EnableMSIPLLMode:
 1909              		@ args = 0, pretend = 0, frame = 0
 1910              		@ frame_needed = 0, uses_anonymous_args = 0
 1911              		@ link register save eliminated.
 1912 0000 024A     		ldr	r2, .L598
 1913 0002 1368     		ldr	r3, [r2]
 1914 0004 43F00403 		orr	r3, r3, #4
 1915 0008 1360     		str	r3, [r2]
 1916 000a 7047     		bx	lr
 1917              	.L599:
 1918              		.align	2
 1919              	.L598:
 1920 000c 00100240 		.word	1073876992
ARM GAS  /tmp/cc4z4OyW.s 			page 34


 1922              		.section	.text.HAL_RCCEx_DisableMSIPLLMode,"ax",%progbits
 1923              		.align	1
 1924              		.global	HAL_RCCEx_DisableMSIPLLMode
 1925              		.syntax unified
 1926              		.thumb
 1927              		.thumb_func
 1928              		.fpu fpv4-sp-d16
 1930              	HAL_RCCEx_DisableMSIPLLMode:
 1931              		@ args = 0, pretend = 0, frame = 0
 1932              		@ frame_needed = 0, uses_anonymous_args = 0
 1933              		@ link register save eliminated.
 1934 0000 024A     		ldr	r2, .L601
 1935 0002 1368     		ldr	r3, [r2]
 1936 0004 23F00403 		bic	r3, r3, #4
 1937 0008 1360     		str	r3, [r2]
 1938 000a 7047     		bx	lr
 1939              	.L602:
 1940              		.align	2
 1941              	.L601:
 1942 000c 00100240 		.word	1073876992
 1944              		.ident	"GCC: (15:10.3-2021.07-4) 10.3.1 20210621 (release)"
ARM GAS  /tmp/cc4z4OyW.s 			page 35


DEFINED SYMBOLS
                            *ABS*:0000000000000000 stm32l4xx_hal_rcc_ex.c
     /tmp/cc4z4OyW.s:14     .text.RCCEx_GetSAIxPeriphCLKFreq:0000000000000000 $t
     /tmp/cc4z4OyW.s:21     .text.RCCEx_GetSAIxPeriphCLKFreq:0000000000000000 RCCEx_GetSAIxPeriphCLKFreq
     /tmp/cc4z4OyW.s:116    .text.RCCEx_GetSAIxPeriphCLKFreq:00000000000000d8 $d
     /tmp/cc4z4OyW.s:119    .text.RCCEx_PLLSAI1_Config:0000000000000000 $t
     /tmp/cc4z4OyW.s:125    .text.RCCEx_PLLSAI1_Config:0000000000000000 RCCEx_PLLSAI1_Config
     /tmp/cc4z4OyW.s:261    .text.RCCEx_PLLSAI1_Config:0000000000000110 $d
     /tmp/cc4z4OyW.s:264    .text.RCCEx_PLLSAI2_Config:0000000000000000 $t
     /tmp/cc4z4OyW.s:270    .text.RCCEx_PLLSAI2_Config:0000000000000000 RCCEx_PLLSAI2_Config
     /tmp/cc4z4OyW.s:393    .text.RCCEx_PLLSAI2_Config:00000000000000f4 $d
     /tmp/cc4z4OyW.s:396    .text.HAL_RCCEx_PeriphCLKConfig:0000000000000000 $t
     /tmp/cc4z4OyW.s:403    .text.HAL_RCCEx_PeriphCLKConfig:0000000000000000 HAL_RCCEx_PeriphCLKConfig
     /tmp/cc4z4OyW.s:546    .text.HAL_RCCEx_PeriphCLKConfig:0000000000000134 $d
     /tmp/cc4z4OyW.s:549    .text.HAL_RCCEx_PeriphCLKConfig:000000000000013c $t
     /tmp/cc4z4OyW.s:818    .text.HAL_RCCEx_PeriphCLKConfig:00000000000003d4 $d
     /tmp/cc4z4OyW.s:821    .text.HAL_RCCEx_GetPeriphCLKConfig:0000000000000000 $t
     /tmp/cc4z4OyW.s:828    .text.HAL_RCCEx_GetPeriphCLKConfig:0000000000000000 HAL_RCCEx_GetPeriphCLKConfig
     /tmp/cc4z4OyW.s:938    .text.HAL_RCCEx_GetPeriphCLKConfig:0000000000000138 $d
     /tmp/cc4z4OyW.s:942    .text.HAL_RCCEx_GetPeriphCLKFreq:0000000000000000 $t
     /tmp/cc4z4OyW.s:949    .text.HAL_RCCEx_GetPeriphCLKFreq:0000000000000000 HAL_RCCEx_GetPeriphCLKFreq
     /tmp/cc4z4OyW.s:1015   .text.HAL_RCCEx_GetPeriphCLKFreq:0000000000000096 $d
     /tmp/cc4z4OyW.s:1023   .text.HAL_RCCEx_GetPeriphCLKFreq:00000000000000a6 $t
     /tmp/cc4z4OyW.s:1232   .text.HAL_RCCEx_GetPeriphCLKFreq:00000000000002b4 $d
     /tmp/cc4z4OyW.s:1238   .text.HAL_RCCEx_GetPeriphCLKFreq:00000000000002c8 $t
     /tmp/cc4z4OyW.s:1355   .text.HAL_RCCEx_GetPeriphCLKFreq:00000000000003e8 $d
     /tmp/cc4z4OyW.s:1358   .text.HAL_RCCEx_EnablePLLSAI1:0000000000000000 $t
     /tmp/cc4z4OyW.s:1365   .text.HAL_RCCEx_EnablePLLSAI1:0000000000000000 HAL_RCCEx_EnablePLLSAI1
     /tmp/cc4z4OyW.s:1430   .text.HAL_RCCEx_EnablePLLSAI1:0000000000000080 $d
     /tmp/cc4z4OyW.s:1434   .text.HAL_RCCEx_DisablePLLSAI1:0000000000000000 $t
     /tmp/cc4z4OyW.s:1441   .text.HAL_RCCEx_DisablePLLSAI1:0000000000000000 HAL_RCCEx_DisablePLLSAI1
     /tmp/cc4z4OyW.s:1478   .text.HAL_RCCEx_DisablePLLSAI1:0000000000000048 $d
     /tmp/cc4z4OyW.s:1481   .text.HAL_RCCEx_EnablePLLSAI2:0000000000000000 $t
     /tmp/cc4z4OyW.s:1488   .text.HAL_RCCEx_EnablePLLSAI2:0000000000000000 HAL_RCCEx_EnablePLLSAI2
     /tmp/cc4z4OyW.s:1549   .text.HAL_RCCEx_EnablePLLSAI2:0000000000000074 $d
     /tmp/cc4z4OyW.s:1553   .text.HAL_RCCEx_DisablePLLSAI2:0000000000000000 $t
     /tmp/cc4z4OyW.s:1560   .text.HAL_RCCEx_DisablePLLSAI2:0000000000000000 HAL_RCCEx_DisablePLLSAI2
     /tmp/cc4z4OyW.s:1597   .text.HAL_RCCEx_DisablePLLSAI2:0000000000000048 $d
     /tmp/cc4z4OyW.s:1600   .text.HAL_RCCEx_WakeUpStopCLKConfig:0000000000000000 $t
     /tmp/cc4z4OyW.s:1607   .text.HAL_RCCEx_WakeUpStopCLKConfig:0000000000000000 HAL_RCCEx_WakeUpStopCLKConfig
     /tmp/cc4z4OyW.s:1620   .text.HAL_RCCEx_WakeUpStopCLKConfig:0000000000000010 $d
     /tmp/cc4z4OyW.s:1623   .text.HAL_RCCEx_StandbyMSIRangeConfig:0000000000000000 $t
     /tmp/cc4z4OyW.s:1630   .text.HAL_RCCEx_StandbyMSIRangeConfig:0000000000000000 HAL_RCCEx_StandbyMSIRangeConfig
     /tmp/cc4z4OyW.s:1643   .text.HAL_RCCEx_StandbyMSIRangeConfig:0000000000000014 $d
     /tmp/cc4z4OyW.s:1646   .text.HAL_RCCEx_EnableLSECSS:0000000000000000 $t
     /tmp/cc4z4OyW.s:1653   .text.HAL_RCCEx_EnableLSECSS:0000000000000000 HAL_RCCEx_EnableLSECSS
     /tmp/cc4z4OyW.s:1665   .text.HAL_RCCEx_EnableLSECSS:0000000000000010 $d
     /tmp/cc4z4OyW.s:1668   .text.HAL_RCCEx_DisableLSECSS:0000000000000000 $t
     /tmp/cc4z4OyW.s:1675   .text.HAL_RCCEx_DisableLSECSS:0000000000000000 HAL_RCCEx_DisableLSECSS
     /tmp/cc4z4OyW.s:1690   .text.HAL_RCCEx_DisableLSECSS:0000000000000018 $d
     /tmp/cc4z4OyW.s:1693   .text.HAL_RCCEx_EnableLSECSS_IT:0000000000000000 $t
     /tmp/cc4z4OyW.s:1700   .text.HAL_RCCEx_EnableLSECSS_IT:0000000000000000 HAL_RCCEx_EnableLSECSS_IT
     /tmp/cc4z4OyW.s:1722   .text.HAL_RCCEx_EnableLSECSS_IT:000000000000002c $d
     /tmp/cc4z4OyW.s:1725   .text.HAL_RCCEx_LSECSS_Callback:0000000000000000 $t
     /tmp/cc4z4OyW.s:1732   .text.HAL_RCCEx_LSECSS_Callback:0000000000000000 HAL_RCCEx_LSECSS_Callback
     /tmp/cc4z4OyW.s:1739   .text.HAL_RCCEx_LSECSS_IRQHandler:0000000000000000 $t
     /tmp/cc4z4OyW.s:1746   .text.HAL_RCCEx_LSECSS_IRQHandler:0000000000000000 HAL_RCCEx_LSECSS_IRQHandler
ARM GAS  /tmp/cc4z4OyW.s 			page 36


     /tmp/cc4z4OyW.s:1762   .text.HAL_RCCEx_LSECSS_IRQHandler:0000000000000018 $d
     /tmp/cc4z4OyW.s:1765   .text.HAL_RCCEx_EnableLSCO:0000000000000000 $t
     /tmp/cc4z4OyW.s:1772   .text.HAL_RCCEx_EnableLSCO:0000000000000000 HAL_RCCEx_EnableLSCO
     /tmp/cc4z4OyW.s:1839   .text.HAL_RCCEx_EnableLSCO:000000000000008c $d
     /tmp/cc4z4OyW.s:1843   .text.HAL_RCCEx_DisableLSCO:0000000000000000 $t
     /tmp/cc4z4OyW.s:1850   .text.HAL_RCCEx_DisableLSCO:0000000000000000 HAL_RCCEx_DisableLSCO
     /tmp/cc4z4OyW.s:1897   .text.HAL_RCCEx_DisableLSCO:0000000000000054 $d
     /tmp/cc4z4OyW.s:1901   .text.HAL_RCCEx_EnableMSIPLLMode:0000000000000000 $t
     /tmp/cc4z4OyW.s:1908   .text.HAL_RCCEx_EnableMSIPLLMode:0000000000000000 HAL_RCCEx_EnableMSIPLLMode
     /tmp/cc4z4OyW.s:1920   .text.HAL_RCCEx_EnableMSIPLLMode:000000000000000c $d
     /tmp/cc4z4OyW.s:1923   .text.HAL_RCCEx_DisableMSIPLLMode:0000000000000000 $t
     /tmp/cc4z4OyW.s:1930   .text.HAL_RCCEx_DisableMSIPLLMode:0000000000000000 HAL_RCCEx_DisableMSIPLLMode
     /tmp/cc4z4OyW.s:1942   .text.HAL_RCCEx_DisableMSIPLLMode:000000000000000c $d

UNDEFINED SYMBOLS
HAL_GetTick
HAL_RCC_GetPCLK2Freq
HAL_RCC_GetSysClockFreq
MSIRangeTable
HAL_RCC_GetPCLK1Freq
HAL_GPIO_Init
HAL_PWR_EnableBkUpAccess
HAL_PWR_DisableBkUpAccess
