ARM GAS  /tmp/ccL1Ca5Y.s 			page 1


   1              		.cpu cortex-m4
   2              		.eabi_attribute 27, 1
   3              		.eabi_attribute 28, 1
   4              		.eabi_attribute 23, 1
   5              		.eabi_attribute 24, 1
   6              		.eabi_attribute 25, 1
   7              		.eabi_attribute 26, 1
   8              		.eabi_attribute 30, 4
   9              		.eabi_attribute 34, 1
  10              		.eabi_attribute 18, 4
  11              		.file	"stm32l4xx_hal_pwr.c"
  12              		.text
  13              		.section	.text.HAL_PWR_DeInit,"ax",%progbits
  14              		.align	1
  15              		.global	HAL_PWR_DeInit
  16              		.arch armv7e-m
  17              		.syntax unified
  18              		.thumb
  19              		.thumb_func
  20              		.fpu fpv4-sp-d16
  22              	HAL_PWR_DeInit:
  23              		@ args = 0, pretend = 0, frame = 0
  24              		@ frame_needed = 0, uses_anonymous_args = 0
  25              		@ link register save eliminated.
  26 0000 044B     		ldr	r3, .L2
  27 0002 9A6B     		ldr	r2, [r3, #56]
  28 0004 42F08052 		orr	r2, r2, #268435456
  29 0008 9A63     		str	r2, [r3, #56]
  30 000a 9A6B     		ldr	r2, [r3, #56]
  31 000c 22F08052 		bic	r2, r2, #268435456
  32 0010 9A63     		str	r2, [r3, #56]
  33 0012 7047     		bx	lr
  34              	.L3:
  35              		.align	2
  36              	.L2:
  37 0014 00100240 		.word	1073876992
  39              		.section	.text.HAL_PWR_EnableBkUpAccess,"ax",%progbits
  40              		.align	1
  41              		.global	HAL_PWR_EnableBkUpAccess
  42              		.syntax unified
  43              		.thumb
  44              		.thumb_func
  45              		.fpu fpv4-sp-d16
  47              	HAL_PWR_EnableBkUpAccess:
  48              		@ args = 0, pretend = 0, frame = 0
  49              		@ frame_needed = 0, uses_anonymous_args = 0
  50              		@ link register save eliminated.
  51 0000 024A     		ldr	r2, .L5
  52 0002 1368     		ldr	r3, [r2]
  53 0004 43F48073 		orr	r3, r3, #256
  54 0008 1360     		str	r3, [r2]
  55 000a 7047     		bx	lr
  56              	.L6:
  57              		.align	2
  58              	.L5:
  59 000c 00700040 		.word	1073770496
  61              		.section	.text.HAL_PWR_DisableBkUpAccess,"ax",%progbits
ARM GAS  /tmp/ccL1Ca5Y.s 			page 2


  62              		.align	1
  63              		.global	HAL_PWR_DisableBkUpAccess
  64              		.syntax unified
  65              		.thumb
  66              		.thumb_func
  67              		.fpu fpv4-sp-d16
  69              	HAL_PWR_DisableBkUpAccess:
  70              		@ args = 0, pretend = 0, frame = 0
  71              		@ frame_needed = 0, uses_anonymous_args = 0
  72              		@ link register save eliminated.
  73 0000 024A     		ldr	r2, .L8
  74 0002 1368     		ldr	r3, [r2]
  75 0004 23F48073 		bic	r3, r3, #256
  76 0008 1360     		str	r3, [r2]
  77 000a 7047     		bx	lr
  78              	.L9:
  79              		.align	2
  80              	.L8:
  81 000c 00700040 		.word	1073770496
  83              		.section	.text.HAL_PWR_ConfigPVD,"ax",%progbits
  84              		.align	1
  85              		.global	HAL_PWR_ConfigPVD
  86              		.syntax unified
  87              		.thumb
  88              		.thumb_func
  89              		.fpu fpv4-sp-d16
  91              	HAL_PWR_ConfigPVD:
  92              		@ args = 0, pretend = 0, frame = 0
  93              		@ frame_needed = 0, uses_anonymous_args = 0
  94              		@ link register save eliminated.
  95 0000 194A     		ldr	r2, .L27
  96 0002 0168     		ldr	r1, [r0]
  97 0004 5368     		ldr	r3, [r2, #4]
  98 0006 23F00E03 		bic	r3, r3, #14
  99 000a 0B43     		orrs	r3, r3, r1
 100 000c 5360     		str	r3, [r2, #4]
 101 000e 174B     		ldr	r3, .L27+4
 102 0010 5A68     		ldr	r2, [r3, #4]
 103 0012 22F48032 		bic	r2, r2, #65536
 104 0016 5A60     		str	r2, [r3, #4]
 105 0018 1A68     		ldr	r2, [r3]
 106 001a 22F48032 		bic	r2, r2, #65536
 107 001e 1A60     		str	r2, [r3]
 108 0020 DA68     		ldr	r2, [r3, #12]
 109 0022 22F48032 		bic	r2, r2, #65536
 110 0026 DA60     		str	r2, [r3, #12]
 111 0028 9A68     		ldr	r2, [r3, #8]
 112 002a 22F48032 		bic	r2, r2, #65536
 113 002e 9A60     		str	r2, [r3, #8]
 114 0030 4268     		ldr	r2, [r0, #4]
 115 0032 D103     		lsls	r1, r2, #15
 116 0034 42BF     		ittt	mi
 117 0036 1968     		ldrmi	r1, [r3]
 118 0038 41F48031 		orrmi	r1, r1, #65536
 119 003c 1960     		strmi	r1, [r3]
 120 003e 9003     		lsls	r0, r2, #14
 121 0040 42BF     		ittt	mi
ARM GAS  /tmp/ccL1Ca5Y.s 			page 3


 122 0042 5968     		ldrmi	r1, [r3, #4]
 123 0044 41F48031 		orrmi	r1, r1, #65536
 124 0048 5960     		strmi	r1, [r3, #4]
 125 004a D107     		lsls	r1, r2, #31
 126 004c 42BF     		ittt	mi
 127 004e 9968     		ldrmi	r1, [r3, #8]
 128 0050 41F48031 		orrmi	r1, r1, #65536
 129 0054 9960     		strmi	r1, [r3, #8]
 130 0056 9207     		lsls	r2, r2, #30
 131 0058 42BF     		ittt	mi
 132 005a DA68     		ldrmi	r2, [r3, #12]
 133 005c 42F48032 		orrmi	r2, r2, #65536
 134 0060 DA60     		strmi	r2, [r3, #12]
 135 0062 0020     		movs	r0, #0
 136 0064 7047     		bx	lr
 137              	.L28:
 138 0066 00BF     		.align	2
 139              	.L27:
 140 0068 00700040 		.word	1073770496
 141 006c 00040140 		.word	1073808384
 143              		.section	.text.HAL_PWR_EnablePVD,"ax",%progbits
 144              		.align	1
 145              		.global	HAL_PWR_EnablePVD
 146              		.syntax unified
 147              		.thumb
 148              		.thumb_func
 149              		.fpu fpv4-sp-d16
 151              	HAL_PWR_EnablePVD:
 152              		@ args = 0, pretend = 0, frame = 0
 153              		@ frame_needed = 0, uses_anonymous_args = 0
 154              		@ link register save eliminated.
 155 0000 024A     		ldr	r2, .L30
 156 0002 5368     		ldr	r3, [r2, #4]
 157 0004 43F00103 		orr	r3, r3, #1
 158 0008 5360     		str	r3, [r2, #4]
 159 000a 7047     		bx	lr
 160              	.L31:
 161              		.align	2
 162              	.L30:
 163 000c 00700040 		.word	1073770496
 165              		.section	.text.HAL_PWR_DisablePVD,"ax",%progbits
 166              		.align	1
 167              		.global	HAL_PWR_DisablePVD
 168              		.syntax unified
 169              		.thumb
 170              		.thumb_func
 171              		.fpu fpv4-sp-d16
 173              	HAL_PWR_DisablePVD:
 174              		@ args = 0, pretend = 0, frame = 0
 175              		@ frame_needed = 0, uses_anonymous_args = 0
 176              		@ link register save eliminated.
 177 0000 024A     		ldr	r2, .L33
 178 0002 5368     		ldr	r3, [r2, #4]
 179 0004 23F00103 		bic	r3, r3, #1
 180 0008 5360     		str	r3, [r2, #4]
 181 000a 7047     		bx	lr
 182              	.L34:
ARM GAS  /tmp/ccL1Ca5Y.s 			page 4


 183              		.align	2
 184              	.L33:
 185 000c 00700040 		.word	1073770496
 187              		.section	.text.HAL_PWR_EnableWakeUpPin,"ax",%progbits
 188              		.align	1
 189              		.global	HAL_PWR_EnableWakeUpPin
 190              		.syntax unified
 191              		.thumb
 192              		.thumb_func
 193              		.fpu fpv4-sp-d16
 195              	HAL_PWR_EnableWakeUpPin:
 196              		@ args = 0, pretend = 0, frame = 0
 197              		@ frame_needed = 0, uses_anonymous_args = 0
 198              		@ link register save eliminated.
 199 0000 064A     		ldr	r2, .L36
 200 0002 D368     		ldr	r3, [r2, #12]
 201 0004 00F01F01 		and	r1, r0, #31
 202 0008 23EA0103 		bic	r3, r3, r1
 203 000c 43EA5010 		orr	r0, r3, r0, lsr #5
 204 0010 D060     		str	r0, [r2, #12]
 205 0012 9368     		ldr	r3, [r2, #8]
 206 0014 1943     		orrs	r1, r1, r3
 207 0016 9160     		str	r1, [r2, #8]
 208 0018 7047     		bx	lr
 209              	.L37:
 210 001a 00BF     		.align	2
 211              	.L36:
 212 001c 00700040 		.word	1073770496
 214              		.section	.text.HAL_PWR_DisableWakeUpPin,"ax",%progbits
 215              		.align	1
 216              		.global	HAL_PWR_DisableWakeUpPin
 217              		.syntax unified
 218              		.thumb
 219              		.thumb_func
 220              		.fpu fpv4-sp-d16
 222              	HAL_PWR_DisableWakeUpPin:
 223              		@ args = 0, pretend = 0, frame = 0
 224              		@ frame_needed = 0, uses_anonymous_args = 0
 225              		@ link register save eliminated.
 226 0000 034A     		ldr	r2, .L39
 227 0002 9368     		ldr	r3, [r2, #8]
 228 0004 00F01F00 		and	r0, r0, #31
 229 0008 23EA0003 		bic	r3, r3, r0
 230 000c 9360     		str	r3, [r2, #8]
 231 000e 7047     		bx	lr
 232              	.L40:
 233              		.align	2
 234              	.L39:
 235 0010 00700040 		.word	1073770496
 237              		.section	.text.HAL_PWR_EnterSLEEPMode,"ax",%progbits
 238              		.align	1
 239              		.global	HAL_PWR_EnterSLEEPMode
 240              		.syntax unified
 241              		.thumb
 242              		.thumb_func
 243              		.fpu fpv4-sp-d16
 245              	HAL_PWR_EnterSLEEPMode:
ARM GAS  /tmp/ccL1Ca5Y.s 			page 5


 246              		@ args = 0, pretend = 0, frame = 0
 247              		@ frame_needed = 0, uses_anonymous_args = 0
 248 0000 0D4B     		ldr	r3, .L48
 249 0002 10B5     		push	{r4, lr}
 250 0004 5B69     		ldr	r3, [r3, #20]
 251 0006 0C46     		mov	r4, r1
 252 0008 28B9     		cbnz	r0, .L42
 253 000a 9A05     		lsls	r2, r3, #22
 254 000c 07D5     		bpl	.L44
 255 000e FFF7FEFF 		bl	HAL_PWREx_DisableLowPowerRunMode
 256 0012 20B1     		cbz	r0, .L44
 257              	.L41:
 258 0014 10BD     		pop	{r4, pc}
 259              	.L42:
 260 0016 9B05     		lsls	r3, r3, #22
 261 0018 01D4     		bmi	.L44
 262 001a FFF7FEFF 		bl	HAL_PWREx_EnableLowPowerRunMode
 263              	.L44:
 264 001e 074A     		ldr	r2, .L48+4
 265 0020 1369     		ldr	r3, [r2, #16]
 266 0022 012C     		cmp	r4, #1
 267 0024 23F00403 		bic	r3, r3, #4
 268 0028 1361     		str	r3, [r2, #16]
 269 002a 01D1     		bne	.L47
 270              		.syntax unified
 271              	@ 481 "mcu_drivers/STM32L4xx_HAL_Driver/Src/stm32l4xx_hal_pwr.c" 1
 272 002c 30BF     		wfi
 273              	@ 0 "" 2
 274              		.thumb
 275              		.syntax unified
 276 002e F1E7     		b	.L41
 277              	.L47:
 278              		.syntax unified
 279              	@ 486 "mcu_drivers/STM32L4xx_HAL_Driver/Src/stm32l4xx_hal_pwr.c" 1
 280 0030 40BF     		sev
 281              	@ 0 "" 2
 282              	@ 487 "mcu_drivers/STM32L4xx_HAL_Driver/Src/stm32l4xx_hal_pwr.c" 1
 283 0032 20BF     		wfe
 284              	@ 0 "" 2
 285              	@ 488 "mcu_drivers/STM32L4xx_HAL_Driver/Src/stm32l4xx_hal_pwr.c" 1
 286 0034 20BF     		wfe
 287              	@ 0 "" 2
 288              		.thumb
 289              		.syntax unified
 290 0036 EDE7     		b	.L41
 291              	.L49:
 292              		.align	2
 293              	.L48:
 294 0038 00700040 		.word	1073770496
 295 003c 00ED00E0 		.word	-536810240
 297              		.section	.text.HAL_PWR_EnterSTOPMode,"ax",%progbits
 298              		.align	1
 299              		.global	HAL_PWR_EnterSTOPMode
 300              		.syntax unified
 301              		.thumb
 302              		.thumb_func
 303              		.fpu fpv4-sp-d16
ARM GAS  /tmp/ccL1Ca5Y.s 			page 6


 305              	HAL_PWR_EnterSTOPMode:
 306              		@ args = 0, pretend = 0, frame = 0
 307              		@ frame_needed = 0, uses_anonymous_args = 0
 308              		@ link register save eliminated.
 309 0000 0346     		mov	r3, r0
 310 0002 B3F5804F 		cmp	r3, #16384
 311 0006 0846     		mov	r0, r1
 312 0008 01D1     		bne	.L51
 313 000a FFF7FEBF 		b	HAL_PWREx_EnterSTOP1Mode
 314              	.L51:
 315 000e FFF7FEBF 		b	HAL_PWREx_EnterSTOP0Mode
 317              		.section	.text.HAL_PWR_EnterSTANDBYMode,"ax",%progbits
 318              		.align	1
 319              		.global	HAL_PWR_EnterSTANDBYMode
 320              		.syntax unified
 321              		.thumb
 322              		.thumb_func
 323              		.fpu fpv4-sp-d16
 325              	HAL_PWR_EnterSTANDBYMode:
 326              		@ args = 0, pretend = 0, frame = 0
 327              		@ frame_needed = 0, uses_anonymous_args = 0
 328              		@ link register save eliminated.
 329 0000 064A     		ldr	r2, .L53
 330 0002 1368     		ldr	r3, [r2]
 331 0004 23F00703 		bic	r3, r3, #7
 332 0008 43F00303 		orr	r3, r3, #3
 333 000c 1360     		str	r3, [r2]
 334 000e 044A     		ldr	r2, .L53+4
 335 0010 1369     		ldr	r3, [r2, #16]
 336 0012 43F00403 		orr	r3, r3, #4
 337 0016 1361     		str	r3, [r2, #16]
 338              		.syntax unified
 339              	@ 570 "mcu_drivers/STM32L4xx_HAL_Driver/Src/stm32l4xx_hal_pwr.c" 1
 340 0018 30BF     		wfi
 341              	@ 0 "" 2
 342              		.thumb
 343              		.syntax unified
 344 001a 7047     		bx	lr
 345              	.L54:
 346              		.align	2
 347              	.L53:
 348 001c 00700040 		.word	1073770496
 349 0020 00ED00E0 		.word	-536810240
 351              		.section	.text.HAL_PWR_EnableSleepOnExit,"ax",%progbits
 352              		.align	1
 353              		.global	HAL_PWR_EnableSleepOnExit
 354              		.syntax unified
 355              		.thumb
 356              		.thumb_func
 357              		.fpu fpv4-sp-d16
 359              	HAL_PWR_EnableSleepOnExit:
 360              		@ args = 0, pretend = 0, frame = 0
 361              		@ frame_needed = 0, uses_anonymous_args = 0
 362              		@ link register save eliminated.
 363 0000 024A     		ldr	r2, .L56
 364 0002 1369     		ldr	r3, [r2, #16]
 365 0004 43F00203 		orr	r3, r3, #2
ARM GAS  /tmp/ccL1Ca5Y.s 			page 7


 366 0008 1361     		str	r3, [r2, #16]
 367 000a 7047     		bx	lr
 368              	.L57:
 369              		.align	2
 370              	.L56:
 371 000c 00ED00E0 		.word	-536810240
 373              		.section	.text.HAL_PWR_DisableSleepOnExit,"ax",%progbits
 374              		.align	1
 375              		.global	HAL_PWR_DisableSleepOnExit
 376              		.syntax unified
 377              		.thumb
 378              		.thumb_func
 379              		.fpu fpv4-sp-d16
 381              	HAL_PWR_DisableSleepOnExit:
 382              		@ args = 0, pretend = 0, frame = 0
 383              		@ frame_needed = 0, uses_anonymous_args = 0
 384              		@ link register save eliminated.
 385 0000 024A     		ldr	r2, .L59
 386 0002 1369     		ldr	r3, [r2, #16]
 387 0004 23F00203 		bic	r3, r3, #2
 388 0008 1361     		str	r3, [r2, #16]
 389 000a 7047     		bx	lr
 390              	.L60:
 391              		.align	2
 392              	.L59:
 393 000c 00ED00E0 		.word	-536810240
 395              		.section	.text.HAL_PWR_EnableSEVOnPend,"ax",%progbits
 396              		.align	1
 397              		.global	HAL_PWR_EnableSEVOnPend
 398              		.syntax unified
 399              		.thumb
 400              		.thumb_func
 401              		.fpu fpv4-sp-d16
 403              	HAL_PWR_EnableSEVOnPend:
 404              		@ args = 0, pretend = 0, frame = 0
 405              		@ frame_needed = 0, uses_anonymous_args = 0
 406              		@ link register save eliminated.
 407 0000 024A     		ldr	r2, .L62
 408 0002 1369     		ldr	r3, [r2, #16]
 409 0004 43F01003 		orr	r3, r3, #16
 410 0008 1361     		str	r3, [r2, #16]
 411 000a 7047     		bx	lr
 412              	.L63:
 413              		.align	2
 414              	.L62:
 415 000c 00ED00E0 		.word	-536810240
 417              		.section	.text.HAL_PWR_DisableSEVOnPend,"ax",%progbits
 418              		.align	1
 419              		.global	HAL_PWR_DisableSEVOnPend
 420              		.syntax unified
 421              		.thumb
 422              		.thumb_func
 423              		.fpu fpv4-sp-d16
 425              	HAL_PWR_DisableSEVOnPend:
 426              		@ args = 0, pretend = 0, frame = 0
 427              		@ frame_needed = 0, uses_anonymous_args = 0
 428              		@ link register save eliminated.
ARM GAS  /tmp/ccL1Ca5Y.s 			page 8


 429 0000 024A     		ldr	r2, .L65
 430 0002 1369     		ldr	r3, [r2, #16]
 431 0004 23F01003 		bic	r3, r3, #16
 432 0008 1361     		str	r3, [r2, #16]
 433 000a 7047     		bx	lr
 434              	.L66:
 435              		.align	2
 436              	.L65:
 437 000c 00ED00E0 		.word	-536810240
 439              		.section	.text.HAL_PWR_PVDCallback,"ax",%progbits
 440              		.align	1
 441              		.weak	HAL_PWR_PVDCallback
 442              		.syntax unified
 443              		.thumb
 444              		.thumb_func
 445              		.fpu fpv4-sp-d16
 447              	HAL_PWR_PVDCallback:
 448              		@ args = 0, pretend = 0, frame = 0
 449              		@ frame_needed = 0, uses_anonymous_args = 0
 450              		@ link register save eliminated.
 451 0000 7047     		bx	lr
 453              		.ident	"GCC: (15:10.3-2021.07-4) 10.3.1 20210621 (release)"
ARM GAS  /tmp/ccL1Ca5Y.s 			page 9


DEFINED SYMBOLS
                            *ABS*:0000000000000000 stm32l4xx_hal_pwr.c
     /tmp/ccL1Ca5Y.s:14     .text.HAL_PWR_DeInit:0000000000000000 $t
     /tmp/ccL1Ca5Y.s:22     .text.HAL_PWR_DeInit:0000000000000000 HAL_PWR_DeInit
     /tmp/ccL1Ca5Y.s:37     .text.HAL_PWR_DeInit:0000000000000014 $d
     /tmp/ccL1Ca5Y.s:40     .text.HAL_PWR_EnableBkUpAccess:0000000000000000 $t
     /tmp/ccL1Ca5Y.s:47     .text.HAL_PWR_EnableBkUpAccess:0000000000000000 HAL_PWR_EnableBkUpAccess
     /tmp/ccL1Ca5Y.s:59     .text.HAL_PWR_EnableBkUpAccess:000000000000000c $d
     /tmp/ccL1Ca5Y.s:62     .text.HAL_PWR_DisableBkUpAccess:0000000000000000 $t
     /tmp/ccL1Ca5Y.s:69     .text.HAL_PWR_DisableBkUpAccess:0000000000000000 HAL_PWR_DisableBkUpAccess
     /tmp/ccL1Ca5Y.s:81     .text.HAL_PWR_DisableBkUpAccess:000000000000000c $d
     /tmp/ccL1Ca5Y.s:84     .text.HAL_PWR_ConfigPVD:0000000000000000 $t
     /tmp/ccL1Ca5Y.s:91     .text.HAL_PWR_ConfigPVD:0000000000000000 HAL_PWR_ConfigPVD
     /tmp/ccL1Ca5Y.s:140    .text.HAL_PWR_ConfigPVD:0000000000000068 $d
     /tmp/ccL1Ca5Y.s:144    .text.HAL_PWR_EnablePVD:0000000000000000 $t
     /tmp/ccL1Ca5Y.s:151    .text.HAL_PWR_EnablePVD:0000000000000000 HAL_PWR_EnablePVD
     /tmp/ccL1Ca5Y.s:163    .text.HAL_PWR_EnablePVD:000000000000000c $d
     /tmp/ccL1Ca5Y.s:166    .text.HAL_PWR_DisablePVD:0000000000000000 $t
     /tmp/ccL1Ca5Y.s:173    .text.HAL_PWR_DisablePVD:0000000000000000 HAL_PWR_DisablePVD
     /tmp/ccL1Ca5Y.s:185    .text.HAL_PWR_DisablePVD:000000000000000c $d
     /tmp/ccL1Ca5Y.s:188    .text.HAL_PWR_EnableWakeUpPin:0000000000000000 $t
     /tmp/ccL1Ca5Y.s:195    .text.HAL_PWR_EnableWakeUpPin:0000000000000000 HAL_PWR_EnableWakeUpPin
     /tmp/ccL1Ca5Y.s:212    .text.HAL_PWR_EnableWakeUpPin:000000000000001c $d
     /tmp/ccL1Ca5Y.s:215    .text.HAL_PWR_DisableWakeUpPin:0000000000000000 $t
     /tmp/ccL1Ca5Y.s:222    .text.HAL_PWR_DisableWakeUpPin:0000000000000000 HAL_PWR_DisableWakeUpPin
     /tmp/ccL1Ca5Y.s:235    .text.HAL_PWR_DisableWakeUpPin:0000000000000010 $d
     /tmp/ccL1Ca5Y.s:238    .text.HAL_PWR_EnterSLEEPMode:0000000000000000 $t
     /tmp/ccL1Ca5Y.s:245    .text.HAL_PWR_EnterSLEEPMode:0000000000000000 HAL_PWR_EnterSLEEPMode
     /tmp/ccL1Ca5Y.s:294    .text.HAL_PWR_EnterSLEEPMode:0000000000000038 $d
     /tmp/ccL1Ca5Y.s:298    .text.HAL_PWR_EnterSTOPMode:0000000000000000 $t
     /tmp/ccL1Ca5Y.s:305    .text.HAL_PWR_EnterSTOPMode:0000000000000000 HAL_PWR_EnterSTOPMode
     /tmp/ccL1Ca5Y.s:318    .text.HAL_PWR_EnterSTANDBYMode:0000000000000000 $t
     /tmp/ccL1Ca5Y.s:325    .text.HAL_PWR_EnterSTANDBYMode:0000000000000000 HAL_PWR_EnterSTANDBYMode
     /tmp/ccL1Ca5Y.s:348    .text.HAL_PWR_EnterSTANDBYMode:000000000000001c $d
     /tmp/ccL1Ca5Y.s:352    .text.HAL_PWR_EnableSleepOnExit:0000000000000000 $t
     /tmp/ccL1Ca5Y.s:359    .text.HAL_PWR_EnableSleepOnExit:0000000000000000 HAL_PWR_EnableSleepOnExit
     /tmp/ccL1Ca5Y.s:371    .text.HAL_PWR_EnableSleepOnExit:000000000000000c $d
     /tmp/ccL1Ca5Y.s:374    .text.HAL_PWR_DisableSleepOnExit:0000000000000000 $t
     /tmp/ccL1Ca5Y.s:381    .text.HAL_PWR_DisableSleepOnExit:0000000000000000 HAL_PWR_DisableSleepOnExit
     /tmp/ccL1Ca5Y.s:393    .text.HAL_PWR_DisableSleepOnExit:000000000000000c $d
     /tmp/ccL1Ca5Y.s:396    .text.HAL_PWR_EnableSEVOnPend:0000000000000000 $t
     /tmp/ccL1Ca5Y.s:403    .text.HAL_PWR_EnableSEVOnPend:0000000000000000 HAL_PWR_EnableSEVOnPend
     /tmp/ccL1Ca5Y.s:415    .text.HAL_PWR_EnableSEVOnPend:000000000000000c $d
     /tmp/ccL1Ca5Y.s:418    .text.HAL_PWR_DisableSEVOnPend:0000000000000000 $t
     /tmp/ccL1Ca5Y.s:425    .text.HAL_PWR_DisableSEVOnPend:0000000000000000 HAL_PWR_DisableSEVOnPend
     /tmp/ccL1Ca5Y.s:437    .text.HAL_PWR_DisableSEVOnPend:000000000000000c $d
     /tmp/ccL1Ca5Y.s:440    .text.HAL_PWR_PVDCallback:0000000000000000 $t
     /tmp/ccL1Ca5Y.s:447    .text.HAL_PWR_PVDCallback:0000000000000000 HAL_PWR_PVDCallback

UNDEFINED SYMBOLS
HAL_PWREx_DisableLowPowerRunMode
HAL_PWREx_EnableLowPowerRunMode
HAL_PWREx_EnterSTOP1Mode
HAL_PWREx_EnterSTOP0Mode
