ARM GAS  /tmp/ccpXRSTa.s 			page 1


   1              		.cpu cortex-m4
   2              		.eabi_attribute 27, 1
   3              		.eabi_attribute 28, 1
   4              		.eabi_attribute 23, 1
   5              		.eabi_attribute 24, 1
   6              		.eabi_attribute 25, 1
   7              		.eabi_attribute 26, 1
   8              		.eabi_attribute 30, 4
   9              		.eabi_attribute 34, 1
  10              		.eabi_attribute 18, 4
  11              		.file	"stm32l4xx_hal_iwdg.c"
  12              		.text
  13              		.section	.text.HAL_IWDG_Init,"ax",%progbits
  14              		.align	1
  15              		.global	HAL_IWDG_Init
  16              		.arch armv7e-m
  17              		.syntax unified
  18              		.thumb
  19              		.thumb_func
  20              		.fpu fpv4-sp-d16
  22              	HAL_IWDG_Init:
  23              		@ args = 0, pretend = 0, frame = 0
  24              		@ frame_needed = 0, uses_anonymous_args = 0
  25 0000 38B5     		push	{r3, r4, r5, lr}
  26 0002 0446     		mov	r4, r0
  27 0004 08B3     		cbz	r0, .L6
  28 0006 0368     		ldr	r3, [r0]
  29 0008 4CF6CC42 		movw	r2, #52428
  30 000c 1A60     		str	r2, [r3]
  31 000e 45F25552 		movw	r2, #21845
  32 0012 1A60     		str	r2, [r3]
  33 0014 4268     		ldr	r2, [r0, #4]
  34 0016 5A60     		str	r2, [r3, #4]
  35 0018 8268     		ldr	r2, [r0, #8]
  36 001a 9A60     		str	r2, [r3, #8]
  37 001c FFF7FEFF 		bl	HAL_GetTick
  38 0020 0546     		mov	r5, r0
  39              	.L3:
  40 0022 2268     		ldr	r2, [r4]
  41 0024 D368     		ldr	r3, [r2, #12]
  42 0026 4BB9     		cbnz	r3, .L4
  43 0028 1069     		ldr	r0, [r2, #16]
  44 002a E168     		ldr	r1, [r4, #12]
  45 002c 8842     		cmp	r0, r1
  46 002e 0ABF     		itet	eq
  47 0030 4AF6AA21 		movweq	r1, #43690
  48 0034 1161     		strne	r1, [r2, #16]
  49 0036 1160     		streq	r1, [r2]
  50 0038 1846     		mov	r0, r3
  51              	.L2:
  52 003a 38BD     		pop	{r3, r4, r5, pc}
  53              	.L4:
  54 003c FFF7FEFF 		bl	HAL_GetTick
  55 0040 401B     		subs	r0, r0, r5
  56 0042 3028     		cmp	r0, #48
  57 0044 EDD9     		bls	.L3
  58 0046 0320     		movs	r0, #3
ARM GAS  /tmp/ccpXRSTa.s 			page 2


  59 0048 F7E7     		b	.L2
  60              	.L6:
  61 004a 0120     		movs	r0, #1
  62 004c F5E7     		b	.L2
  64              		.section	.text.HAL_IWDG_Refresh,"ax",%progbits
  65              		.align	1
  66              		.global	HAL_IWDG_Refresh
  67              		.syntax unified
  68              		.thumb
  69              		.thumb_func
  70              		.fpu fpv4-sp-d16
  72              	HAL_IWDG_Refresh:
  73              		@ args = 0, pretend = 0, frame = 0
  74              		@ frame_needed = 0, uses_anonymous_args = 0
  75              		@ link register save eliminated.
  76 0000 0368     		ldr	r3, [r0]
  77 0002 4AF6AA22 		movw	r2, #43690
  78 0006 1A60     		str	r2, [r3]
  79 0008 0020     		movs	r0, #0
  80 000a 7047     		bx	lr
  82              		.ident	"GCC: (15:10.3-2021.07-4) 10.3.1 20210621 (release)"
ARM GAS  /tmp/ccpXRSTa.s 			page 3


DEFINED SYMBOLS
                            *ABS*:0000000000000000 stm32l4xx_hal_iwdg.c
     /tmp/ccpXRSTa.s:14     .text.HAL_IWDG_Init:0000000000000000 $t
     /tmp/ccpXRSTa.s:22     .text.HAL_IWDG_Init:0000000000000000 HAL_IWDG_Init
     /tmp/ccpXRSTa.s:65     .text.HAL_IWDG_Refresh:0000000000000000 $t
     /tmp/ccpXRSTa.s:72     .text.HAL_IWDG_Refresh:0000000000000000 HAL_IWDG_Refresh

UNDEFINED SYMBOLS
HAL_GetTick
